1623879901 4267673239 4279215395
1623879901 69079 3470 69079 3470
1623879601 71822 3518 71822 3518
1623879600 71827 3520 72673 3849
1623879300 72707 3847 77907 3849
1623879000 77884 3677 77907 3682
1623878700 71171 3681 71192 3682
1623878400 65125 3535 71378 3536
1623878100 71387 3516 72845 3788
1623877800 72842 3788 72845 3877
1623877500 72058 3880 101209 4790
1623877200 101104 4787 101209 4790
1623876900 70052 4032 87897 4235
1623876600 87834 4233 87897 4235
1623876300 69062 3683 73757 3758
1623876000 73745 3757 73757 3758
1623875700 70329 3713 73927 3835
1623875400 73885 3833 73927 3835
1623875100 67667 3648 70461 3794
1623874800 70463 3794 71199 3805
1623874500 71207 3805 73690 3814
1623874200 73675 3813 73690 3814
1623873900 69282 3662 73738 3922
1623873600 73731 3921 73738 3922
1623873300 71853 3851 73917 3852
1623873000 73916 3733 73917 3813
1623872700 73872 3815 90296 4482
1623872400 90229 4479 90296 4482
1623872100 70368 3706 82377 4088
1623871800 82294 4086 82377 4088
1623871500 70078 3812 71953 3813
1623871200 71962 3710 74951 3814
1623870900 74936 3813 74951 3814
1623870600 70706 3792 71482 3792
1623870300 71487 3792 73022 3852
1623870000 73024 3852 73643 3891
1623869700 73658 3890 76013 3891
1623869400 75981 3798 76013 3807
1623869100 71224 3806 72554 3807
1623868800 72582 3746 76767 3918
1623868500 76752 3917 76767 3918
1623868200 72277 3861 73942 3975
1623867900 73951 3975 76925 4043
1623867600 76900 4042 76925 4043
1623867300 69442 3836 71774 3844
1623867000 71786 3844 73661 3968
1623866700 73636 3966 73661 3968
1623866400 70002 3772 73029 3881
1623866100 73033 3881 74512 3902
1623865800 74523 3903 77853 4222
1623865500 77849 4221 77853 4222
1623865200 76841 4011 76850 4012
1623864900 74307 3936 88197 4492
1623864600 88171 4491 88197 4492
1623864300 80482 4195 80526 4197
1623864000 73939 3937 73954 3938
1623863700 71784 3838 75675 4152
1623863400 75693 4152 78398 4197
1623863100 78378 4194 78398 4197
1623862800 75483 3895 75486 4028
1623862500 74717 4029 80293 4182
1623862200 80334 4183 92819 4692
1623861900 92753 4689 92819 4692
1623861600 73133 4080 74360 4081
1623861300 74354 3898 74360 3952
1623861000 72831 3952 78738 4012
1623860700 78736 4012 78738 4088
1623860400 78240 4088 81007 4372
1623860100 80990 4370 81007 4372
1623859800 76003 3925 76004 4010
1623859500 75910 4010 78513 4083
1623859200 78499 4082 78513 4083
1623858900 74538 3885 74547 3983
1623858600 72097 3983 80203 4115
1623858300 80195 4114 80203 4115
1623858000 77809 4039 77845 4041
1623857700 72601 3774 79249 4482
1623857400 79247 4477 79249 4482
1623857100 78981 3852 79000 3896
1623856800 76163 3895 77511 3896
1623856500 77512 3796 77787 4045
1623856200 77790 4044 78263 4045
1623855900 78267 3912 79012 3998
1623855600 79001 3996 79012 3998
1623855300 77376 3827 78667 3882
1623855000 78648 3882 78667 3935
1623854700 75954 3985 78998 11485
1623854400 78983 11459 78998 11485
1623854100 74780 3730 80987 3985
1623853800 80957 3983 80987 3985
1623853500 76606 3764 76618 3765
1623853200 74879 3709 80349 3798
1623852900 80347 3798 80349 3827
1623852600 80133 3825 80146 3827
1623852300 78297 3635 78299 3636
1623852000 78081 3611 78087 3613
1623851700 77310 3442 77319 3444
1623851400 76048 3247 79799 3295
1623851100 79789 3294 79799 3295
1623850800 76950 3140 78764 3141
1623850500 78755 3119 78764 3120
1623850200 76206 3005 80032 3170
1623849900 80017 3169 80032 3170
1623849600 75736 3005 77432 3069
1623849300 77363 3067 77432 3069
1623849000 67151 2784 67232 2825
1623848700 67221 2824 67232 2825
1623848400 65641 2678 67012 2741
1623848100 66984 2740 67012 2741
1623847800 62959 2682 69735 2875
1623847500 69719 2874 69735 2875
1623847200 65175 2693 72384 2880
1623846900 72327 2878 72384 2880
1623846600 63905 2614 69332 2760
1623846300 69324 2759 69332 2760
1623846000 68142 2744 68152 2745
1623845700 66741 2646 66759 2647
1623845400 61533 2520 70892 2803
1623845100 70909 2803 76229 3005
1623844800 76211 3004 76229 3005
1623844500 70985 2761 70996 2785
1623844200 69366 2784 69370 2785
1623843900 68809 2737 68936 2763
1623843600 68918 2762 68936 2763
1623843300 66357 2651 69095 2724
1623843000 69097 2724 69429 2766
1623842700 69415 2765 69429 2766
1623842400 65345 2639 65349 2640
1623842100 64294 2555 68433 2727
1623841800 68405 2726 68433 2727
1623841500 64313 2606 70839 2817
1623841200 70828 2816 70839 2817
1623840900 67781 2684 69588 2761
1623840600 69592 2761 70837 2868
1623840300 70829 2867 70837 2868
1623840000 68521 2720 68529 2721
1623839700 66306 2618 66318 2619
1623839400 62745 2537 66516 2634
1623839100 66504 2633 66516 2634
1623838800 64820 2580 66320 2624
1623838500 66321 2624 66731 2665
1623838200 66739 2665 69265 2797
1623837900 69261 2796 69265 2797
1623837600 68189 2741 68193 2742
1623837300 67285 2650 68664 2768
1623837000 68661 2767 68664 2768
1623836700 67831 2659 67853 2660
1623836400 64555 2596 64736 2597
1623836100 64730 2594 64736 2595
1623835800 63091 2551 69281 2733
1623835500 69285 2733 70487 2814
1623835200 70478 2813 70487 2814
1623834900 67799 2697 69263 2792
1623834600 69258 2792 69263 2802
1623834300 68581 2800 68612 2802
1623834000 63992 2611 71108 2817
1623833700 71109 2817 71441 2831
1623833400 71449 2831 73951 2888
1623833100 73924 2887 73951 2888
1623832800 65848 2659 65853 2660
1623832500 65195 2612 68276 2770
1623832200 68294 2770 73727 2880
1623831900 73731 2880 75179 2921
1623831600 75227 2922 89757 3436
1623831300 89733 3435 89757 3436
1623831000 86145 3297 86183 3298
1623830700 80568 3164 80600 3166
1623830400 75857 2926 76132 2927
1623830100 76128 2909 76132 2926
1623829800 75190 2926 75847 2962
1623829500 75854 2962 76908 2973
1623829200 76920 2973 78820 3047
1623828900 78811 3046 78820 3047
1623828600 76310 2969 76320 2970
1623828300 73690 2893 84821 3248
1623828000 84750 3245 84821 3248
1623827700 74184 2907 74193 2908
1623827400 72894 2854 77423 3076
1623827100 77403 3075 77423 3076
1623826800 71535 2834 80685 3135
1623826500 80635 3133 80685 3135
1623826200 73304 2857 78730 3065
1623825900 78721 3064 78730 3065
1623825600 76058 2936 78871 3040
1623825300 78861 3039 78871 3040
1623825000 77363 2957 77379 2958
1623824700 75092 2915 77208 3007
1623824400 77196 3006 77208 3007
1623824100 73645 2904 73649 2917
1623823800 72745 2917 79559 3170
1623823500 79531 3168 79559 3170
1623823200 75431 2959 75461 2960
1623822900 71044 2840 75284 2953
1623822600 75280 2952 75284 2953
1623822300 74221 2933 75009 2975
1623822000 74987 2974 75009 2975
1623821700 68662 2765 73870 2933
1623821400 73869 2932 73870 2933
1623821100 73833 2901 73843 2902
1623820800 71160 2862 77444 3025
1623820500 77428 3024 77444 3025
1623820200 72711 2872 72740 2922
1623819900 68556 2921 71303 2922
1623819600 71364 2897 80473 3133
1623819300 80488 3133 82780 3175
1623819000 82739 3174 82780 3175
1623818700 70757 2876 72082 2877
1623818400 72118 2850 77496 3117
1623818100 77535 3118 83379 3294
1623817800 83362 3293 83379 3294
1623817500 80868 3200 80873 3201
1623817200 79420 3155 79423 3177
1623816900 78788 3176 78805 3177
1623816600 73951 2965 74711 3014
1623816300 74710 3013 74711 3014
1623816000 74727 2863 82739 3138
1623815700 82725 3137 82739 3138
1623815400 78719 3108 78727 3109
1623815100 76494 3094 80618 3179
1623814800 80589 3178 80618 3179
1623814500 72022 2938 75395 3021
1623814200 75409 3021 79822 3143
1623813900 79834 3143 83601 3324
1623813600 83583 3323 83601 3324
1623813300 78243 3127 78247 3128
1623813000 77050 3049 77057 3053
1623812700 75201 3053 79834 3164
1623812400 79825 3163 79834 3164
1623812100 77382 3094 77402 3095
1623811800 74238 3003 74413 3009
1623811500 47942 2177 48256 2187
1623811200 1212 813 1214 814
1623810900 920 679 922 680
1623810600 725 673 726 674
1623810300 613 667 614 673
1623810000 590 673 830 741
1623809700 828 740 830 741
1623809400 387 629 1183 914
1623809100 1181 913 1183 914
1623808800 718 721 976 768
1623808500 973 767 976 768
1623808200 682 671 1740 809
1623807900 1733 808 1740 809
1623807600 761 675 1826 803
1623807300 1817 802 1826 803
1623807000 613 692 843 726
1623806700 841 725 843 726
1623806400 499 615 1347 843
1623806100 1345 842 1347 843
1623805800 973 773 975 774
1623805500 675 750 959 756
1623805200 958 756 959 787
1623804900 904 787 1598 875
1623804600 1598 875 1663 962
1623804300 1661 961 1663 962
1623804000 1075 733 1287 811
1623803700 1286 811 1287 824
1623803400 1262 823 1265 824
1623803100 899 757 1392 835
1623802800 1389 834 1392 835
1623802500 615 717 805 762
1623802200 807 762 1527 940
1623801900 1529 939 1887 940
1623801600 1881 925 1887 926
1623801300 1102 837 1103 838
1623801000 1059 706 71957 2997
1623800700 71959 2997 72272 3042
1623800400 72380 3045 88603 3606
1623800100 88779 3610 115076 4351
1623799800 115098 4352 121872 4720
1623799500 121898 4720 129927 4811
1623799200 129799 4807 129927 4811
1623798900 110829 4315 114143 4330
1623798600 114154 4331 117647 4656
1623798300 117655 4656 120131 4944
1623798000 120122 4944 120131 4945
1623797700 118696 4941 118789 4945
1623797400 104980 4407 117326 4856
1623797100 117279 4854 117326 4856
1623796800 110396 4598 112498 4686
1623796500 112475 4685 112498 4686
1623796200 105718 4428 113150 4695
1623795900 113177 4696 117312 4930
1623795600 117312 4929 117346 4930
1623795300 117318 4914 117346 4915
1623795000 109140 4784 114557 5272
1623794700 114593 5269 119993 5272
1623794400 119952 4917 119993 4919
1623794100 107743 4565 117134 5055
1623793800 117197 5056 126655 5321
1623793500 126630 5320 126655 5321
1623793200 119447 5260 126145 5264
1623792900 126110 5262 126145 5264
1623792600 120917 5054 120943 5055
1623792300 117180 5002 149308 6101
1623792000 149280 6100 149308 6101
1623791700 145154 5954 145167 5955
1623791400 143232 5899 143251 5900
1623791100 137645 5703 142971 5986
1623790800 142928 5984 142971 5986
1623790500 136599 5795 143805 5955
1623790200 143799 5954 143805 5955
1623789900 142259 5884 142301 5886
1623789600 129901 5496 134968 5611
1623789300 135199 5617 169746 6642
1623789000 169709 6641 169746 6642
1623788700 158817 6346 162630 6513
1623788400 162547 6512 162630 6513
1623788100 150215 6369 150222 6370
1623787800 148319 6168 148344 6169
1623787500 140936 5989 140940 6201
1623787200 140393 6201 146152 6307
1623786900 146146 6306 146152 6307
1623786600 144448 6173 153766 6391
1623786300 153709 6389 153766 6391
1623786000 145252 6102 151323 6713
1623785700 151268 6709 151323 6713
1623785400 143133 6128 143177 6131
1623785100 136624 5748 140275 5899
1623784800 140284 5899 143073 5989
1623784500 143152 5992 154934 6520
1623784200 155003 6522 165351 6892
1623783900 165377 6892 173286 6943
1623783600 173228 6942 173286 6943
1623783300 164624 6840 164624 6840
1623783000 164624 6840 164624 6840
1623782700 164597 6839 164624 6840
1623782400 156436 6580 156567 6585
1623782100 136956 5954 137011 5957
1623781800 120584 5260 120729 5264
1623781500 77236 4139 77255 4142
1623781200 74501 3825 74525 3860
1623780900 71105 3861 79779 4137
1623780600 79760 4136 79779 4137
1623780300 74272 4007 74285 4143
1623780000 70295 4136 70455 4143
1623779700 23119 2266 92511 4254
1623779400 92518 4255 93622 4431
1623779100 93723 4434 124088 5383
1623778800 124060 5383 124088 5472
1623778500 115984 5471 120034 5472
1623778200 119955 5447 120034 5450
1623777900 96015 4598 96337 4609
1623777600 47753 3022 48063 3033
1623777300 1614 1451 2186 1552
1623777000 2186 1552 2261 1667
1623776700 2261 1674 2273 2737
1623776400 2276 2733 3349 2737
1623776100 3353 1675 3973 1800
1623775800 3969 1799 3973 1800
1623775500 3411 1780 3414 1781
1623775200 2587 1773 2588 1774
1623774900 2691 1654 39602 2658
1623774600 39993 2670 98391 4591
1623774300 98374 4589 98391 4591
1623774000 93428 4239 108820 4853
1623773700 108768 4849 108820 4853
1623773400 101003 4384 101072 4386
1623773100 80503 4000 91118 4257
1623772800 91026 4254 91118 4257
1623772500 63394 3482 63598 3488
1623772200 2418 1795 4104 1797
1623771900 4312 1506 66738 3449
1623771600 66694 3448 66738 3449
1623771300 59841 3337 60178 3348
1623771000 9621 1739 9649 1741
1623770700 2200 1386 101282 4439
1623770400 101323 4440 113600 4917
1623770100 113246 4906 113600 4917
1623769800 7656 1726 7695 1728
1623769500 1916 1497 2192 1498
1623769200 2191 1338 2192 1452
1623768900 2126 1451 2129 1452
1623768600 1469 1276 1471 1334
1623768300 1193 1333 1949 1334
1623768000 1949 1237 2169 1280
1623767700 2163 1278 2169 1280
1623767400 1408 1114 1409 1206
1623767100 1225 1205 1314 1206
1623766800 1314 1190 1340 1191
1623766500 1340 1185 1535 1186
1623766200 1531 1109 1535 1110
1623765900 1005 1089 1180 1090
1623765600 1179 988 1180 989
1623765300 1002 837 1004 838
1623765000 740 793 743 794
1623764700 741 778 743 779
1623764400 525 679 526 680
1623764100 508 620 700 653
1623763800 703 653 1161 704
1623763500 1160 703 1161 704
1623763200 1031 659 1033 660
1623762900 619 641 622 642
1623762600 298 523 325 568
1623762300 325 568 388 568
1623762000 390 568 1104 744
1623761700 1100 743 1104 744
1623761400 639 593 642 594
1623761100 296 744 1952 58472
1623760800 1949 58332 1952 58472
1623760500 1341 16407 1349 16514
1623760200 219 529 397 556
1623759900 396 555 397 556
1623759600 256 502 262 527
1623759300 261 526 262 527
1623759000 234 492 235 537
1623758700 203 536 215 537
1623758400 215 504 285 528
1623758100 284 527 285 528
1623757800 217 520 218 521
1623757500 201 508 202 513
1623757200 168 513 253 518
1623756900 252 517 253 518
1623756600 167 489 204 510
1623756300 203 509 204 510
1623756000 195 489 287 539
1623755700 286 538 287 539
1623755400 169 460 224 512
1623755100 223 511 224 512
1623754800 180 474 204 515
1623754500 203 514 204 515
1623754200 170 485 203 531
1623753900 203 530 209 531
1623753600 209 511 209 516
1623753300 208 515 209 516
1623753000 169 500 179 502
1623752700 178 501 179 502
1623752400 168 497 178 525
1623752100 178 524 221 525
1623751800 220 493 221 552
1623751500 187 551 188 552
1623751200 170 512 191 513
1623750900 190 498 191 502
1623750600 180 502 191 545
1623750300 190 544 191 545
1623750000 166 481 177 516
1623749700 177 515 185 516
1623749400 185 489 193 506
1623749100 192 505 193 506
1623748800 180 505 180 521
1623748500 180 520 185 521
1623748200 185 495 190 535
1623747900 189 534 190 535
1623747600 182 505 211 529
1623747300 210 528 211 529
1623747000 201 497 205 527
1623746700 204 526 205 527
1623746400 184 498 195 531
1623746100 194 530 195 531
1623745800 177 497 197 534
1623745500 197 533 201 534
1623745200 200 508 201 509
1623744900 192 507 234 507
1623744600 234 507 241 552
1623744300 240 551 241 552
1623744000 207 505 221 537
1623743700 221 536 233 537
1623743400 232 516 233 525
1623743100 224 524 230 525
1623742800 229 506 230 528
1623742500 224 527 225 528
1623742200 195 505 225 537
1623741900 224 536 225 537
1623741600 208 482 259 575
1623741300 258 574 259 575
1623741000 182 494 190 525
1623740700 189 524 190 525
1623740400 180 505 191 517
1623740100 190 516 191 517
1623739800 168 501 253 551
1623739500 252 550 253 551
1623739200 231 519 247 534
1623738900 246 533 247 534
1623738600 184 494 253 547
1623738300 253 546 269 547
1623738000 269 512 360 547
1623737700 359 546 360 547
1623737400 314 524 315 581
1623737100 218 580 274 581
1623736800 274 533 371 579
1623736500 370 578 371 579
1623736200 224 501 443 611
1623735900 442 610 443 611
1623735600 345 528 360 559
1623735300 360 558 408 559
1623735000 407 524 408 535
1623734700 289 534 290 535
1623734400 223 507 445 581
1623734100 444 580 445 581
1623733800 220 506 413 607
1623733500 412 606 413 607
1623733200 331 544 467 592
1623732900 467 592 614 606
1623732600 614 606 771 709
1623732300 769 708 771 709
1623732000 574 598 610 635
1623731700 609 634 610 635
1623731400 492 526 618 616
1623731100 619 616 773 626
1623730800 775 626 1106 682
1623730500 1105 681 1106 682
1623730200 891 644 892 693
1623729900 799 692 802 693
1623729600 471 570 592 621
1623729300 592 620 704 621
1623729000 703 600 704 602
1623728700 567 602 769 617
1623728400 770 617 1180 698
1623728100 1178 697 1180 698
1623727800 790 626 792 627
1623727500 201 521 245 522
1623727200 245 513 346 546
1623726900 346 546 511 567
1623726600 511 567 534 614
1623726300 535 614 800 625
1623726000 798 624 800 625
1623725700 408 598 759 629
1623725400 758 629 759 659
1623725100 671 659 845 660
1623724800 844 660 845 690
1623724500 817 689 1083 690
1623724200 1080 679 1083 680
1623723900 670 626 671 627
1623723600 632 603 1195 715
1623723300 1194 714 1195 715
1623723000 1148 698 1151 699
1623722700 764 697 765 698
1623722400 628 607 858 698
1623722100 857 697 858 698
1623721800 775 669 872 752
1623721500 874 752 1262 769
1623721200 1263 769 1579 782
1623720900 1576 781 1579 782
1623720600 842 701 23677 1384
1623720300 23530 1380 23677 1384
1623720000 1724 897 1727 898
1623719700 857 674 1289 790
1623719400 1289 789 1291 790
1623719100 1289 745 1291 746
1623718800 854 636 1050 720
1623718500 1051 720 1260 740
1623718200 1258 739 1260 740
1623717900 792 686 1116 702
1623717600 1117 702 1308 813
1623717300 1308 812 1379 813
1623717000 1380 751 1851 793
1623716700 1848 793 1851 863
1623716400 1458 862 1460 863
1623716100 1014 749 1015 750
1623715800 984 688 1529 919
1623715500 1526 917 1529 919
1623715200 1120 724 1121 729
1623714900 1099 729 1100 741
1623714600 961 741 962 765
1623714300 875 764 1054 765
1623714000 1055 729 1464 836
1623713700 1462 835 1464 836
1623713400 1269 801 8438 1402
1623713100 8415 1400 8438 1402
1623712800 1588 871 1881 888
1623712500 1878 887 1881 888
1623712200 1256 742 1257 890
1623711900 1257 891 1391 1051
1623711600 1392 1051 1764 1256
1623711300 1766 1255 2073 1256
1623711000 2071 1210 2073 1211
1623710700 1617 1209 1781 1210
1623710400 1780 1127 1781 1138
1623710100 1519 1138 1520 1183
1623709800 1473 1183 1903 1265
1623709500 1902 1264 1903 1265
1623709200 1871 1255 2015 1301
1623708900 2012 1300 2015 1301
1623708600 1405 1183 1767 1318
1623708300 1763 1316 1767 1318
1623708000 1298 1164 2238 1395
1623707700 2235 1394 2238 1395
1623707400 1886 1334 1909 1370
1623707100 1908 1369 1909 1370
1623706800 1678 1299 4900 1507
1623706500 4893 1507 4900 1573
1623706200 3082 1572 3088 1573
1623705900 1545 1392 1886 1393
1623705600 1887 1370 2207 1557
1623705300 2208 1559 2696 2170
1623705000 2714 2184 5413 4270
1623704700 5412 4270 5413 4340
1623704400 5264 4342 5266 4786
1623704100 4979 4787 5922 5376
1623703800 5924 5377 6527 5731
1623703500 6521 5729 6527 5731
1623703200 5740 5488 5742 5492
1623702900 5259 4394 5273 4413
1623702600 3206 1646 3214 1647
1623702300 2132 1535 2134 1536
1623702000 1731 1325 9269 2073
1623701700 9245 2071 9269 2073
1623701400 2230 1678 3753 61897
1623701100 3753 61496 3761 61897
1623700800 3759 1848 3761 1849
1623700500 3516 1615 12445 2364
1623700200 12410 2361 12445 2364
1623699900 2439 1704 3520 1946
1623699000 3138 1837 4740 2025
1623697200 6134 1883 14657 2527
1623695400 1948 6347 3613 63611
1623693600 2699 21221 3995 63611
1623691800 1805 1410 2080 1516
1623690000 840 1143 1609 1283
1623688200 2219 1434 3040 1738
1623686400 3040 1738 3040 1738
1623684600 3040 1738 3040 1738
1623682800 3040 1738 3040 1738
1623681000 3040 1738 3040 1738
1623679200 3040 1738 3040 1738
1623677400 3040 1738 3040 1738
1623675600 3040 1738 3040 1738
1623673800 3040 1738 3040 1738
1623672000 3040 1738 3040 1738
1623670200 3040 1738 3040 1738
1623668400 3040 1738 3040 1738
1623666600 3040 1738 3040 1738
1623664800 3040 1738 3040 1738
1623663000 3040 1738 3040 1738
1623661200 3040 1738 3040 1738
1623659400 3040 1738 3040 1738
1623657600 3040 1738 3040 1738
1623655800 3040 1738 3040 1738
1623654000 3040 1738 3040 1738
1623652200 3040 1738 3040 1738
1623650400 3040 1738 3040 1738
1623648600 3040 1738 3040 1738
1623646800 3040 1738 3040 1738
1623645000 3040 1738 3040 1738
1623643200 3040 1738 3040 1738
1623641400 3040 1738 3040 1738
1623639600 3040 1738 3040 1738
1623637800 3040 1738 3040 1738
1623636000 3040 1738 3040 1738
1623634200 3040 1738 3040 1738
1623632400 3040 1738 3040 1738
1623630600 3040 1738 3040 1738
1623628800 3040 1738 3040 1738
1623627000 3040 1738 3040 1738
1623625200 3040 1738 3040 1738
1623623400 3040 1738 3040 1738
1623621600 3040 1738 3040 1738
1623619800 3040 1738 3040 1738
1623618000 3040 1738 3040 1738
1623616200 3040 1738 3040 1738
1623614400 3040 1738 3040 1738
1623612600 3040 1738 3040 1738
1623610800 3040 1738 3040 1738
1623609000 3040 1738 3040 1738
1623607200 3040 1738 3040 1738
1623605400 3040 1738 3040 1738
1623603600 3040 1738 3040 1738
1623601800 3040 1738 3040 1738
1623600000 3040 1738 3040 1738
1623598200 3040 1738 3040 1738
1623596400 3040 1738 3040 1738
1623594600 3040 1738 3040 1738
1623592800 3040 1738 3040 1738
1623591000 3040 1738 3040 1738
1623589200 3040 1738 3040 1738
1623587400 3040 1738 3040 1738
1623585600 3040 1738 3040 1738
1623583800 3040 1738 3040 1738
1623582000 3040 1738 3040 1738
1623580200 3040 1738 3040 1738
1623578400 3040 1738 3040 1738
1623576600 3040 1738 3040 1738
1623574800 3040 1738 3040 1738
1623573000 3040 1738 3040 1738
1623571200 3040 1738 3040 1738
1623569400 3040 1738 3040 1738
1623567600 3040 1738 3040 1738
1623565800 3040 1738 3040 1738
1623564000 3040 1738 3040 1738
1623562200 3040 1738 3040 1738
1623560400 3040 1738 3040 1738
1623558600 3040 1738 3040 1738
1623556800 3040 1738 3040 1738
1623555000 3040 1738 3040 1738
1623553200 3040 1738 3040 1738
1623551400 3040 1738 3040 1738
1623549600 3040 1738 3040 1738
1623547800 3040 1738 3040 1738
1623546000 3040 1738 3040 1738
1623544200 3040 1738 3040 1738
1623542400 3040 1738 3040 1738
1623540600 3040 1738 3040 1738
1623538800 3040 1738 3040 1738
1623537000 3040 1738 3040 1738
1623535200 3040 1738 3040 1738
1623533400 3040 1738 3040 1738
1623531600 3040 1738 3040 1738
1623529800 3040 1738 3040 1738
1623528000 3040 1738 3040 1738
1623526200 3040 1738 3040 1738
1623524400 3040 1738 3040 1738
1623522600 3040 1738 3040 1738
1623520800 3040 1738 3040 1738
1623519000 3040 1738 3040 1738
1623517200 3040 1738 3040 1738
1623515400 3040 1738 3040 1738
1623513600 3040 1738 3040 1738
1623511800 3040 1738 3040 1738
1623510000 3040 1738 3040 1738
1623508200 3040 1738 3040 1738
1623506400 3040 1738 3040 1738
1623504600 3040 1738 3040 1738
1623502800 3040 1738 3040 1738
1623501000 3040 1738 3040 1738
1623499200 3040 1738 3040 1738
1623497400 3040 1738 3040 1738
1623495600 3040 1738 3040 1738
1623493800 3040 1738 3040 1738
1623492000 3040 1738 3040 1738
1623490200 3040 1738 3040 1738
1623488400 3040 1738 3040 1738
1623486600 3040 1738 3040 1738
1623484800 3040 1738 3040 1738
1623483000 3040 1738 3040 1738
1623481200 3040 1738 3040 1738
1623479400 3040 1738 3040 1738
1623477600 3040 1738 3040 1738
1623475800 3040 1738 3040 1738
1623474000 3040 1738 3040 1738
1623472200 3040 1738 3040 1738
1623470400 3040 1738 3040 1738
1623468600 3040 1738 3040 1738
1623466800 3040 1738 3040 1738
1623465000 3040 1738 3040 1738
1623463200 3040 1738 3040 1738
1623461400 3040 1738 3040 1738
1623459600 3040 1738 3040 1738
1623457800 3040 1738 3040 1738
1623456000 3040 1738 3040 1738
1623454200 3040 1738 3040 1738
1623452400 3040 1738 3040 1738
1623450600 3040 1738 3040 1738
1623448800 3040 1738 3040 1738
1623447000 3040 1738 3040 1738
1623445200 3040 1738 3040 1738
1623443400 3040 1738 3040 1738
1623441600 3040 1738 3040 1738
1623439800 3040 1738 3040 1738
1623438000 3040 1738 3040 1738
1623436200 3040 1738 3040 1738
1623434400 3040 1738 3040 1738
1623432600 3040 1738 3040 1738
1623430800 3040 1738 3040 1738
1623429000 3040 1738 3040 1738
1623427200 3040 1738 3040 1738
1623425400 3040 1738 3040 1738
1623423600 3040 1738 3040 1738
1623421800 3040 1738 3040 1738
1623420000 3040 1738 3040 1738
1623418200 3040 1738 3040 1738
1623416400 3040 1738 3040 1738
1623414600 3040 1738 3040 1738
1623412800 3040 1738 3040 1738
1623411000 3040 1738 3040 1738
1623409200 3040 1738 3040 1738
1623407400 3040 1738 3040 1738
1623405600 3040 1738 3040 1738
1623403800 3040 1738 3040 1738
1623402000 3040 1738 3040 1738
1623400200 3040 1738 3040 1738
1623398400 3040 1738 3040 1738
1623396600 3040 1738 3040 1738
1623394800 3040 1738 3040 1738
1623393000 3040 1738 3040 1738
1623391200 3040 1738 3040 1738
1623389400 3040 1738 3040 1738
1623387600 3040 1738 3040 1738
1623385800 3040 1738 3040 1738
1623384000 3040 1738 3040 1738
1623382200 3040 1738 3040 1738
1623380400 3040 1738 3040 1738
1623378600 3040 1738 3040 1738
1623376800 3040 1738 3040 1738
1623375000 3040 1738 3040 1738
1623373200 3040 1738 3040 1738
1623371400 3040 1738 3040 1738
1623369600 3040 1738 3040 1738
1623367800 3040 1738 3040 1738
1623366000 3040 1738 3040 1738
1623364200 3040 1738 3040 1738
1623362400 3040 1738 3040 1738
1623360600 3040 1738 3040 1738
1623358800 3040 1738 3040 1738
1623357000 3040 1738 3040 1738
1623355200 3040 1738 3040 1738
1623353400 3040 1738 3040 1738
1623351600 3040 1738 3040 1738
1623349800 3040 1738 3040 1738
1623348000 3040 1738 3040 1738
1623346200 2878 1703 3040 1738
1623344400 2693 1437 4812 1900
1623342600 8271 1951 13328 2231
1623340800 6695 1696 10862 1983
1623339000 20150 14309 73537 77743
1623337200 4580 1445 6232 1558
1623335400 4958 1459 8837 2032
1623333600 699 719 1030 953
1623331800 402 398 542 469
1623330000 178 350 282 368
1623328200 116 308 235 371
1623326400 127 293 205 332
1623324600 53 291 93 338
1623322800 35 294 49 331
1623321000 40 274 116 362
1623319200 58 295 107 308
1623317400 44 303 189 393
1623315600 92 320 229 355
1623313800 33 318 92 353
1623312000 31 295 51 331
1623310200 64 317 123 360
1623308400 36 326 60 346
1623306600 109 328 215 395
1623304800 187 315 588 435
1623303000 176 332 288 417
1623301200 288 344 402 392
1623299400 500 411 800 453
1623297600 453 364 800 453
1623295800 450 386 561 478
1623294000 509 418 1197 489
1623292200 554 420 813 512
1623290400 611 447 886 533
1623288600 633 438 1284 597
1623286800 806 489 1341 617
1623285000 809 489 1162 552
1623283200 628 454 1579 653
1623281400 2164 694 4441 1025
1623279600 1186 1133 1593 1225
1623277800 2066 1285 6089 1774
1623276000 1075 1238 1435 1365
1623274200 1205 1327 1523 1513
1623272400 1381 1428 4255 1550
1623270600 2788 1491 5550 1623
1623268800 2818 1727 4979 2027
1623267000 2375 1657 3813 1780
1623265200 2632 1674 4094 2011
1623263400 2341 1548 3217 1682
1623261600 2152 1603 2944 1708
1623259800 2444 1630 3035 1806
1623258000 2576 1684 3457 1883
1623256200 2597 1628 4373 1683
1623254400 1869 1528 2186 1601
1623252600 1972 13334 3652 72930
1623250800 2201 1418 6381 1610
1623249000 1181 1223 1396 1243
1623247200 604 656 1082 829
1623245400 375 432 511 469
1623243600 211 404 320 419
1623241800 75 371 115 411
1623240000 74 355 125 392
1623238200 54 348 128 429
1623236400 43 353 88 372
1623234600 34 355 91 433
1623232800 27 352 49 385
1623231000 39 355 93 416
1623229200 28 342 48 366
1623227400 59 347 118 414
1623225600 35 342 55 375
1623223800 62 376 145 438
1623222000 59 375 112 418
1623220200 206 386 555 456
1623218400 114 370 149 421
1623216600 307 423 601 563
1623214800 349 451 687 476
1623213000 453 448 733 503
1623211200 383 435 637 478
1623209400 454 463 637 556
1623207600 614 486 757 502
1623205800 517 509 739 639
1623204000 775 546 1079 611
1623202200 686 528 942 568
1623200400 745 527 956 614
1623198600 697 527 1307 700
1623196800 1196 659 1579 727
1623195000 1194 698 2665 1119
1623193200 1467 1029 2665 1119
1623191400 1027 966 1555 1105
1623189600 5079 2471 55561 6605
1623187800 10427 1509 55561 3477
1623186000 1545 1125 1783 1218
1623184200 1442 1111 2606 1504
1623182400 2149 1353 2606 1504
1623180600 2225 1411 3030 1654
1623178800 2574 1431 3120 1505
1623177000 2837 1481 3403 1625
1623175200 2987 1464 4526 1587
1623173400 3762 1519 9095 1994
1623171600 2511 1416 3658 1626
1623169800 2968 1463 6094 1863
1623168000 2297 14184 3918 78397
1623166200 2456 1351 6172 1815
1623164400 1582 1224 1874 1341
1623162600 1505 1168 1875 1284
1623160800 813 566 1190 707
1623159000 478 395 762 470
1623157200 315 342 762 402
1623155400 124 323 233 404
1623153600 202 331 329 388
1623151800 72 312 108 387
1623150000 26 288 62 320
1623148200 44 310 92 401
1623146400 46 302 123 331
1623144600 51 322 151 404
1623142800 61 305 220 363
1623141000 35 317 92 387
1623139200 49 301 118 349
1623137400 65 319 108 381
1623135600 58 307 133 347
1623133800 144 328 214 392
1623132000 257 356 720 426
1623130200 379 378 590 465
1623128400 451 407 866 524
1623126600 571 445 1000 557
1623124800 517 414 1130 579
1623123000 557 434 737 534
1623121200 559 434 791 522
1623119400 553 451 759 502
1623117600 547 449 1067 517
1623115800 947 522 1218 605
1623114000 796 5323 1477 29545
1623112200 850 519 1139 635
1623110400 1011 570 1691 668
1623108600 1113 674 8871 1259
1623106800 4067 1232 9949 1846
1623105000 2081 1223 3818 1614
1623103200 1566 1226 4376 73441
1623101400 2221 25961 4376 78083
1623099600 1642 1153 2075 1250
1623097800 1956 1291 2560 1585
1623096000 3255 1631 7413 1999
1623094200 4333 1797 8424 2180
1623092400 3574 1843 5078 2061
1623090600 2634 1660 4890 2145
1623088800 0 1042 0 1122
1623087000 15 992 7683 1863
1623085200 3556 1510 9029 2095
1623083400 2263 1473 3655 1566
1623081600 2081 1349 3276 1571
1623079800 2009 1288 2441 1392
1623078000 1587 1239 2232 19033
1623076200 1668 13325 2401 56286
1623074400 849 704 1157 958
1623072600 406 408 759 473
1623070800 274 367 521 400
1623069000 154 350 323 394
1623067200 79 335 92 351
1623065400 47 328 86 403
1623063600 32 322 61 399
1623061800 36 321 88 390
1623060000 25 314 37 345
1623058200 56 346 140 414
1623056400 59 328 130 351
1623054600 66 349 130 401
1623052800 42 332 80 364
1623051000 91 347 180 388
1623049200 68 338 132 357
1623047400 103 355 224 428
1623045600 195 369 440 431
1623043800 176 382 245 454
1623042000 246 390 518 445
1623040200 271 398 351 449
1623038400 446 409 923 513
1623036600 284 397 433 479
1623034800 403 416 736 493
1623033000 322 406 533 460
1623031200 404 424 566 478
1623029400 334 402 540 456
1623027600 331 394 476 466
1623025800 556 467 1150 609
1623024000 373 417 724 510
1623022200 431 435 621 495
1623020400 494 447 990 560
1623018600 391 420 571 467
1623016800 297 414 413 439
1623015000 435 431 751 474
1623013200 398 438 750 505
1623011400 374 434 557 496
1623009600 266 395 735 468
1623007800 380 440 640 497
1623006000 329 431 426 483
1623004200 292 411 388 449
1623002400 201 373 357 404
1623000600 232 405 440 509
1622998800 263 421 428 506
1622997000 245 413 378 434
1622995200 301 412 533 459
1622993400 355 428 716 496
1622991600 217 378 444 420
1622989800 240 398 609 577
1622988000 185 373 464 469
1622986200 100 348 253 402
1622984400 41 330 58 346
1622982600 63 341 99 386
1622980800 47 328 349 371
1622979000 87 344 349 400
1622977200 25 326 42 367
1622975400 35 336 86 378
1622973600 29 308 56 342
1622971800 32 313 88 376
1622970000 60 310 130 351
1622968200 40 312 107 358
1622966400 62 307 180 335
1622964600 76 328 122 372
1622962800 318 328 1434 437
1622961000 96 322 225 388
1622959200 53 308 127 327
1622957400 251 352 368 401
1622955600 118 329 226 385
1622953800 251 361 384 393
1622952000 143 335 283 379
1622950200 222 355 599 464
1622948400 270 356 513 412
1622946600 373 397 584 455
1622944800 301 386 436 427
1622943000 589 425 2390 669
1622941200 250 374 393 397
1622939400 960 430 2003 580
1622937600 576 431 1072 489
1622935800 310 395 548 476
1622934000 331 379 526 405
1622932200 343 393 548 485
1622930400 315 366 343 393
1622928600 265 396 494 492
1622926800 339 388 603 487
1622925000 347 392 515 424
1622923200 488 425 928 533
1622921400 939 489 1394 618
1622919600 1929 621 7777 1214
1622917800 665 491 980 556
1622916000 633 445 802 482
1622914200 580 458 743 567
1622912400 465 424 645 477
1622910600 675 468 1154 552
1622908800 392 414 619 481
1622907000 480 420 782 550
1622905200 513 416 1049 499
1622903400 291 376 400 426
1622901600 267 355 443 412
1622899800 170 345 264 411
1622898000 102 329 230 362
1622896200 80 316 186 392
1622894400 44 298 72 340
1622892600 57 306 100 370
1622890800 39 298 58 322
1622889000 44 310 100 392
1622887200 36 303 64 328
1622885400 40 314 100 387
1622883600 31 308 67 331
1622881800 41 323 100 407
1622880000 50 303 72 340
1622878200 86 325 139 410
1622876400 83 310 170 343
1622874600 165 325 530 425
1622872800 113 310 223 340
1622871000 127 331 260 428
1622869200 167 337 533 426
1622867400 595 437 1156 582
1622865600 237 350 318 395
1622863800 310 360 435 439
1622862000 300 359 396 397
1622860200 313 369 489 504
1622858400 789 457 1693 691
1622856600 418 406 636 508
1622854800 583 440 802 486
1622853000 561 447 1010 604
1622851200 736 463 912 555
1622849400 801 526 1136 639
1622847600 977 665 1292 726
1622845800 743 673 1123 864
1622844000 964 807 1485 883
1622842200 877 779 1119 879
1622840400 996 780 1317 873
1622838600 1335 921 1643 1140
1622836800 2133 1438 3309 1686
1622835000 2249 1475 2628 1554
1622833200 2118 1493 28059 2267
1622831400 10795 1960 28415 2552
1622829600 1927 1587 2386 1696
1622827800 1896 1575 5683 1836
1622826000 2615 1585 5683 1836
1622824200 1924 1503 2434 1658
1622822400 2274 1511 3885 1744
1622820600 1593 1341 1898 1469
1622818800 1268 1275 1886 1536
1622817000 1226 1237 1918 1373
1622815200 609 661 732 782
1622813400 296 484 377 555
1622811600 155 432 248 481
1622809800 112 419 288 475
1622808000 105 407 195 424
1622806200 55 380 105 401
1622804400 40 379 64 410
1622802600 56 360 105 406
1622800800 57 369 128 397
1622799000 25 395 45 408
1622797200 39 377 106 400
1622795400 91 376 205 412
1622793600 35 363 96 394
1622791800 57 385 155 414
1622790000 94 417 188 446
1622788200 167 399 402 487
1622786400 141 411 271 452
1622784600 158 429 320 478
1622782800 281 444 744 503
1622781000 530 503 924 603
1622779200 451 458 790 535
1622777400 532 489 790 535
1622775600 566 514 1020 619
1622773800 614 544 1219 645
1622772000 536 522 1650 579
1622770200 968 592 1650 786
1622768400 1479 724 2370 888
1622766600 768 568 1391 742
1622764800 1006 655 1391 742
1622763000 4723 2076 28101 6366
1622761200 5683 1386 28101 2627
1622759400 1307 1198 1472 1306
1622757600 1416 1188 2138 1318
1622755800 1682 1245 2384 1353
1622754000 1569 1202 2103 1308
1622752200 1565 1193 1918 1444
1622750400 1849 1448 2381 1535
1622748600 2137 1473 2960 1649
1622746800 26064 2231 88265 4049
1622745000 2590 1502 2809 1560
1622743200 2458 1500 16979 2021
1622741400 4695 1553 16979 2021
1622739600 4507 1550 14928 1779
1622737800 2332 1458 2947 1560
1622736000 1744 1308 2195 1487
1622734200 2250 1425 2907 31506
1622732400 1678 6289 2307 31506
1622730600 1223 1146 1745 1245
1622728800 726 810 974 939
1622727000 616 542 1094 602
1622725200 332 486 513 523
1622723400 134 431 253 460
1622721600 67 425 184 485
1622719800 50 413 85 444
1622718000 40 420 67 444
1622716200 42 412 59 429
1622714400 25 423 43 472
1622712600 38 396 95 414
1622710800 28 406 60 443
1622709000 72 414 366 487
1622707200 84 418 366 487
1622705400 78 397 173 425
1622703600 142 420 259 456
1622701800 177 423 405 456
1622700000 153 424 362 470
1622698200 359 500 522 527
1622696400 384 498 450 523
1622694600 548 540 819 604
1622692800 608 575 823 622
1622691000 669 556 1053 641
1622689200 914 618 1361 698
1622687400 857 605 1326 669
1622685600 1051 647 1315 710
1622683800 1099 675 1327 763
1622682000 1040 691 1212 755
1622680200 982 653 1596 737
1622678400 1436 748 1825 905
1622676600 1259 826 1568 1183
1622674800 1374 1315 2110 1443
1622673000 1453 1344 2076 1438
1622671200 3591 1399 14004 1576
1622669400 6163 1434 16789 1710
1622667600 2525 1443 6137 1628
1622665800 1462 1421 2063 1549
1622664000 2136 1584 8241 2190
1622662200 3458 1730 8241 2190
1622660400 3050 1729 4708 1993
1622658600 2700 1738 3611 1908
1622656800 3446 1848 4438 1943
1622655000 2701 1742 3232 1860
1622653200 2833 1781 3209 1891
1622651400 3666 1718 7887 1949
1622649600 2658 1621 5656 1949
1622647800 2171 1632 2670 1694
1622646000 1672 1467 2216 1638
1622644200 1283 10877 2104 36251
1622642400 976 771 1586 865
1622640600 515 561 853 602
1622638800 215 494 411 518
1622637000 129 465 201 495
1622635200 88 461 178 489
1622633400 46 454 77 478
1622631600 31 439 65 477
1622629800 36 449 45 475
1622628000 44 446 75 472
1622626200 102 461 464 530
1622624400 55 467 146 488
1622622600 28 445 45 486
1622620800 40 430 240 454
1622619000 80 446 240 494
1622613600 366 527 792 655
1622606400 791 631 1353 761
1622599200 1353 734 7558 1360
1622592000 1517 1079 2458 1472
1622584800 1848 1423 2862 1770
1622577600 2789 1745 4299 1933
1622570400 3191 1777 4299 2293
1622563200 3054 1509 9125 1842
1622556000 621 605 1635 1087
1622548800 92 427 279 500
1622541600 32 383 188 446
1622534400 81 397 250 479
1622527200 894 642 1754 900
1622520000 1109 683 1976 942
1622512800 1530 787 2424 1007
1622505600 1859 981 3451 1300
1622498400 1920 1355 2634 1641
1622491200 3045 1803 4332 2019
1622484000 3378 1804 5728 2198
1622476800 2249 2425 3533 24740
1622469600 526 471 1701 843
1622462400 72 309 395 417
1622455200 42 307 115 355
1622448000 73 300 188 356
1622440800 466 406 1012 563
1622433600 548 436 992 561
1622426400 673 480 1647 681
1622419200 567 443 1167 542
1622412000 572 459 936 645
1622404800 699 487 1190 580
1622397600 647 476 1197 649
1622390400 343 388 870 472
1622383200 216 348 776 513
1622376000 50 295 226 331
1622368800 26 289 43 358
1622361600 87 312 392 378
1622354400 233 353 607 424
1622347200 331 384 628 545
1622340000 393 1759 994 32856
1622332800 511 439 870 562
1622325600 549 445 1080 562
1622318400 863 523 1446 690
1622311200 926 557 1658 713
1622304000 551 449 943 587
1622296800 173 339 312 396
1622289600 57 303 333 373
1622282400 66 316 578 432
1622275200 97 311 282 387
1622268000 323 374 662 454
1622260800 544 443 1349 668
1622253600 842 542 1381 682
1622246400 2328 803 6075 1148
1622239200 10689 1684 47292 5359
1622232000 6819 1945 16173 2275
1622224800 5991 2001 17053 2582
1622217600 4520 5728 19494 62425
1622210400 600 621 1452 979
1622203200 61 444 225 496
1622196000 38 439 151 475
1622188800 110 463 602 533
1622181600 732 655 1478 947
1622174400 918 699 1539 845
1622167200 1535 815 9613 1339
1622160000 6647 1402 17155 2096
1622152800 8565 1866 26144 2766
1622145600 16694 2554 31887 3584
1622138400 11895 2350 22957 2896
1622131200 3069 5880 7581 56945
1622124000 448 625 1294 896
1622116800 48 509 111 577
1622109600 75 507 490 604
1622102400 96 506 344 564
1622095200 460 655 1030 821
1622088000 747 740 1464 965
1622080800 1779 970 7423 1628
1622073600 1473 1051 2515 1410
1622066400 3085 2594 6817 5609
1622059200 3238 1938 4917 2416
1622052000 3974 1967 21458 2658
1622044800 2388 6572 4952 119594
1622037600 511 691 1259 1419
1622030400 80 516 275 562
1622023200 58 503 217 568
1622016000 69 503 255 592
1622008800 607 711 1511 972
1622001600 1025 808 1602 986
1621994400 1475 930 2305 1195
1621987200 1645 1091 2233 1414
1621980000 2396 1368 5780 1909
1621972800 3311 1813 8600 2455
1621965600 3986 1648 22715 2248
1621958400 2666 1423 5118 1745
1621951200 681 3741 2874 76982
1621944000 67 452 199 486
1621936800 41 453 137 510
1621929600 83 446 244 521
1621922400 515 568 1396 800
1621915200 1004 743 1670 951
1621908000 1614 953 2294 1182
1621900800 2035 1196 2699 1480
1621893600 2279 1481 3144 1693
1621886400 4705 2051 12011 2680
1621879200 4355 2014 22638 2697
1621872000 2967 1641 4481 2001
1621864800 525 589 1518 1183
1621857600 39 403 150 434
1621850400 73 421 794 627
1621843200 80 426 359 508
1621836000 401 571 979 814
1621828800 741 661 1239 792
1621821600 681 669 1909 58722
1621814400 619 3027 1909 58722
1621807200 510 603 771 715
1621800000 703 672 1381 814
1621792800 619 634 1035 744
1621785600 281 528 487 603
1621778400 110 467 439 532
1621771200 40 447 133 501
1621764000 29 450 121 491
1621756800 68 466 156 504
1621749600 234 506 540 612
1621742400 356 542 824 665
1621735200 397 560 803 659
1621728000 426 579 1076 783
1621720800 642 653 1503 849
1621713600 973 734 1692 849
1621706400 952 730 1530 874
1621699200 607 628 1066 744
1621692000 195 496 407 556
1621684800 42 450 224 502
1621677600 43 459 258 547
1621670400 85 468 308 529
1621663200 321 543 862 713
1621656000 538 602 1720 803
1621648800 1069 707 5755 1103
1621641600 1533 944 6771 1318
1621634400 2017 1190 5196 1652
1621627200 3067 1871 5886 2239
1621620000 4491 1993 29580 3034
1621612800 2087 4624 4437 69382
1621605600 617 664 1890 1173
1621598400 104 492 403 555
1621591200 57 481 115 512
1621584000 114 484 417 516
1621576800 640 642 1690 957
1621569600 900 728 1855 925
1621562400 1474 914 1991 1061
1621555200 1814 1156 2471 1500
1621548000 2378 1525 3693 1954
1621540800 3323 1954 4827 2326
1621533600 4836 2157 19148 2934
1621526400 2944 5281 6152 48919
1621519200 784 848 2300 1288
1621512000 66 619 145 718
1621504800 50 627 150 732
1621497600 92 639 282 734
1621490400 712 815 3430 1286
1621483200 1000 921 2089 1173
1621476000 1080 936 1480 1031
1621468800 1450 1154 2286 1503
1621461600 1832 1494 3277 1852
1621454400 3570 1978 4957 2368
1621447200 5711 2044 26782 2943
1621440000 2710 3954 5081 45410
1621432800 687 708 1936 1292
1621425600 93 502 286 582
1621418400 43 480 150 521
1621411200 104 481 235 553
1621404000 563 647 1300 932
1621396800 1151 820 2074 1080
1621389600 1621 964 3770 1174
1621382400 2052 1209 2621 1486
1621375200 2398 1581 3906 1849
1621368000 3707 2164 12439 3207
1621360800 4869 22602 12439 268639
1621353600 3979 4630 21714 68963
1621346400 759 736 1817 1330
1621339200 97 496 419 570
1621332000 68 499 405 647
1621324800 123 497 320 553
1621317600 666 696 1745 1165
1621310400 1209 862 1979 1090
1621303200 22824 1742 91368 3963
1621296000 22436 1931 104276 4292
1621288800 2622 1681 3884 1953
1621281600 4434 2368 8249 2872
1621274400 5933 2570 22872 3381
1621267200 3358 7196 6100 113190
1621260000 744 645 2003 1303
1621252800 77 414 168 478
1621245600 67 408 249 488
1621238400 97 399 533 465
1621231200 493 543 959 735
1621224000 760 635 1191 836
1621216800 775 644 1146 720
1621209600 748 642 1167 744
1621202400 816 655 1402 855
1621195200 1006 731 1515 873
1621188000 813 675 1349 836
1621180800 444 548 757 636
1621173600 150 440 368 547
1621166400 47 396 221 487
1621159200 39 406 106 483
1621152000 163 429 428 521
1621144800 332 498 723 663
1621137600 478 549 728 624
1621130400 667 610 1483 757
1621123200 755 641 1521 805
1621116000 831 668 1295 832
1621108800 1196 803 2109 1114
1621101600 1291 829 2067 1090
1621094400 985 701 1593 923
1621087200 347 487 978 657
1621080000 60 400 117 471
1621072800 78 400 626 477
1621065600 112 417 483 516
1621058400 533 552 2202 889
1621051200 737 639 1405 822
1621044000 1292 804 3046 1081
1621036800 1717 1058 2498 1395
1621029600 2108 1333 3302 2155
1621022400 3442 2251 4385 2566
1621015200 4650 2361 23606 2986
1621008000 2604 3426 5322 38424
1621000800 722 768 1664 1239
1620993600 223 577 2087 702
1620986400 50 547 101 599
1620979200 119 563 330 653
1620972000 668 738 1708 933
1620964800 1021 857 1621 993
1620957600 2708 1116 19178 2727
1620950400 24269 1924 130096 4774
1620943200 2485 1603 3874 2254
1620936000 77719 4390 132808 5641
1620928800 20736 3966 88062 101563
1620921600 3208 6990 5306 101563
1620914400 788 802 2171 1332
1620907200 72 565 160 600
1620900000 50 560 208 645
1620892800 93 563 249 649
1620885600 1211 741 17009 1094
1620878400 2751 932 30064 1688
1620871200 25850 1798 105462 3988
1620864000 68951 10721 151046 147596
1620856800 28412 2509 127012 5212
1620849600 4081 2306 6029 2783
1620842400 5109 2536 13743 4666
1620835200 9419 4168 99455 51021
1620828000 7637 1045 131558 5599
1620820800 100 565 316 644
1620813600 74 570 607 701
1620806400 207 613 571 719
1620799200 628 733 1222 981
1620792000 1162 908 2028 1072
1620784800 1693 1072 2923 1326
1620777600 2361 1371 5017 1881
1620770400 15430 2278 77665 4595
1620763200 9053 2432 51775 3888
1620756000 4539 2378 5868 2786
1620748800 3981 6915 22309 120257
1620741600 700 673 1767 1240
1620734400 121 430 491 590
1620727200 51 414 124 489
1620720000 126 432 451 527
1620712800 3182 606 65700 2294
1620705600 3272 759 55095 2240
1620698400 1152 759 2277 1102
1620691200 1127 783 1696 997
1620684000 1595 926 9417 1984
1620676800 2655 5551 4197 52730
1620669600 2956 1656 22751 2339
1620662400 3087 1436 22751 2339
1620655200 407 518 1191 951
1620648000 82 391 419 527
1620640800 47 376 166 451
1620633600 128 401 480 490
1620626400 381 463 1085 610
1620619200 573 550 1213 651
1620612000 587 543 1092 660
1620604800 554 537 926 667
1620597600 459 496 1426 659
1620590400 716 591 1295 782
1620583200 723 585 1738 881
1620576000 374 464 744 595
1620568800 140 386 358 477
1620561600 69 487 242 2972
1620554400 24 348 138 392
1620547200 187 431 300 488
1620540000 296 448 610 564
1620532800 52596 2181 169452 5926
1620525600 163480 5760 179254 6297
1620518400 154230 5465 168696 5998
1620511200 157326 5608 176347 6174
1620504000 147279 5386 158799 5686
1620496800 138978 5122 150936 5550
1620489600 157184 5642 170492 6137
1620482400 172021 5973 183546 6377
1620475200 176054 6016 183771 6296
1620468000 159516 5239 166829 5471
1620460800 46733 1829 171150 5608
1620453600 159 420 538 583
1620446400 730 618 1006 698
1620439200 935 668 1384 787
1620432000 17588 1405 130940 4741
1620424800 7988 1437 117432 4457
1620417600 42635 3282 120302 5128
1620410400 75146 4559 106183 5670
1620403200 111046 9205 147153 59768
1620396000 152334 5405 168794 6236
1620388800 29116 1363 170788 5651
1620381600 50 470 277 524
1620374400 120 514 451 707
1620367200 798 704 7914 853
1620360000 3814 881 53439 2355
1620352800 50560 2763 133404 5888
1620345600 97942 4594 160333 6089
1620338400 80762 4481 121008 5788
1620331200 67162 4458 105684 5609
1620324000 25553 9523 103150 88652
1620316800 114635 9917 150223 106289
1620309600 175944 6648 200294 7249
1620302400 189059 6866 205987 7401
1620295200 177480 6675 209646 7534
1620288000 158038 6241 166720 6541
1620280800 146279 5955 163665 6466
1620273600 13935 1396 146665 6027
1620266400 17127 1609 106250 4063
1620259200 8799 1589 69496 3200
1620252000 2296 1911 6017 3258
1620244800 9218 2405 106180 6006
1620237600 4858 3509 17025 28174
1620230400 3326 5893 10668 64881
1620223200 614 772 1644 1577
1620216000 83 550 410 633
1620208800 58 547 217 606
1620201600 183 567 1579 682
1620194400 494 657 1195 835
1620187200 946 793 2481 1069
1620180000 1452 998 2174 1327
1620172800 2008 1281 3750 1776
1620165600 2485 1887 3579 2460
1620158400 3710 2469 5404 2859
1620151200 4711 2552 15285 3327
1620144000 2883 6045 5718 76413
1620136800 2209 42536 12090 305947
1620129600 85 609 286 677
1620122400 51 593 161 770
1620115200 116 601 300 675
1620108000 581 729 2011 1084
1620100800 1001 847 1594 1011
1620093600 1610 1067 2494 1283
1620086400 2583 1460 10430 1894
1620079200 1771 1558 3525 2138
1620072000 4085 2448 7679 2880
1620064800 4111 2556 11912 2908
1620057600 3815 4950 11912 70374
1620050400 692 837 2117 1565
1620043200 72 591 191 669
1620036000 59 592 147 670
1620028800 95 599 347 691
1620021600 385 683 918 837
1620014400 731 901 1319 1241
1620007200 1004 1103 2013 1315
1620000000 866 1083 1570 1237
1619992800 856 1115 1476 1306
1619985600 944 1154 1793 1351
1619978400 920 1151 1309 1341
1619971200 680 1041 1299 1260
1619964000 419 949 684 1013
1619956800 298 913 416 982
1619949600 297 921 363 1007
1619942400 338 913 509 1006
1619935200 516 982 1046 1192
1619928000 694 1036 1113 1139
1619920800 754 1026 1225 1200
1619913600 6580 1263 139052 6093
1619906400 769 1082 1224 1912
1619899200 28062 2185 238781 9676
1619892000 1256 1202 2053 1428
1619884800 875 1076 1326 1212
1619877600 439 930 805 1040
1619870400 289 875 377 962
1619863200 269 881 342 956
1619856000 319 894 469 974
1619848800 616 992 1158 1154
1619841600 818 1065 1410 1236
1619834400 1122 1152 2192 1450
1619827200 1465 3719 4148 58941
1619820000 46594 2983 88572 4459
1619812800 112689 5252 200250 7486
1619805600 88221 4661 118334 5812
1619798400 136855 9151 175503 86808
1619791200 167635 6093 204305 7013
1619784000 178323 6225 212841 7208
1619776800 183453 6481 211406 7245
1619769600 168250 6103 192447 6820
1619762400 173764 6363 194563 6931
1619755200 158693 5990 185219 6748
1619748000 132481 5041 157884 5731
1619740800 57353 6212 126647 63051
1619733600 116484 4816 128569 5258
1619726400 96575 4579 122482 5334
1619719200 14734 19240 104080 199294
1619712000 2701 4476 10144 74067
1619704800 517 736 1407 1038
1619697600 87 587 363 688
1619690400 48 566 130 646
1619683200 110 577 330 650
1619676000 486 676 1223 889
1619668800 20261 1413 164835 6034
1619661600 49468 2463 168406 6028
1619654400 4385 1279 51425 2841
1619647200 1991 1162 4693 1754
1619640000 2679 1605 4210 2007
1619632800 37362 2854 115641 5465
1619625600 11753 8516 187843 88475
1619618400 442 676 1242 906
1619611200 53 566 173 605
1619604000 45 570 200 621
1619596800 84 590 262 670
1619589600 396 662 1259 812
1619582400 733 742 1242 871
1619575200 1424 774 2594 1325
1619568000 1644 1006 3820 1258
1619560800 8263 1095 99924 4474
1619553600 3682 1804 10806 2689
1619546400 4082 1936 12412 3263
1619539200 2282 2206 5258 18671
1619532000 578 757 1500 915
1619524800 65 641 185 738
1619517600 49 638 226 703
1619510400 85 630 276 705
1619503200 383 734 972 910
1619496000 825 841 2064 1146
1619488800 1195 1017 2465 1815
1619481600 1441 1245 2312 2193
1619474400 2183 1198 8024 1837
1619467200 3263 1787 7333 2508
1619460000 3567 1919 7052 2632
1619452800 2690 1378 8358 1775
1619445600 637 724 1912 1023
1619438400 62 582 236 681
1619431200 55 586 360 641
1619424000 115 589 422 642
1619416800 399 650 3068 837
1619409600 460 687 763 792
1619402400 433 705 899 821
1619395200 466 727 761 840
1619388000 340 690 978 849
1619380800 78 618 125 662
1619373600 74 622 113 658
1619366400 47 591 95 670
1619359200 25 566 49 611
1619352000 12 572 30 593
1619344800 14 594 25 642
1619337600 17 582 30 634
1619330400 29 582 51 618
1619323200 51 593 73 663
1619316000 57 607 84 664
1619308800 69 1090 251 12156
1619301600 72 634 111 694
1619294400 93 653 873 838
1619287200 778 786 1657 962
1619280000 462 701 998 780
1619272800 205 618 597 745
1619265600 59 580 240 641
1619258400 65 592 549 695
1619251200 52 575 368 674
1619244000 93 605 478 747
1619236800 44 591 245 658
1619229600 821 1096 4032 3187
1619222400 1083 6064 3404 70468
1619215200 1334 945 2159 1270
1619208000 2168 1413 3516 1727
1619200800 7174 1698 60007 3883
1619193600 2002 4052 5288 69190
1619186400 415 744 1127 901
1619179200 60 643 179 693
1619172000 45 651 161 740
1619164800 75 672 216 804
1619157600 327 731 1012 861
1619150400 625 787 933 909
1619143200 794 848 1295 982
1619136000 1294 978 3165 1310
1619128800 2444 18678 9013 182242
1619121600 2372 1425 3226 1599
1619114400 3378 1531 17055 2074
1619107200 1809 1163 5361 1511
1619100000 540 1242 1357 13674
1619092800 50 605 166 712
1619085600 47 624 152 697
1619078400 80 617 357 683
1619071200 353 676 737 787
1619064000 681 744 1151 909
1619056800 964 851 2166 1210
1619049600 1204 909 2153 1227
1619042400 1777 1057 2317 1375
1619035200 2650 1618 4457 1960
1619028000 2803 1597 4079 1881
1619020800 2207 4092 10384 70535
1619013600 469 668 1106 777
1619006400 66 592 331 657
1618999200 68 599 676 744
1618992000 90 589 311 665
1618984800 493 662 3240 847
1618977600 595 709 1313 822
1618970400 912 790 1473 953
1618963200 1575 904 4529 1047
1618956000 1655 998 5069 1437
1618948800 2746 1348 5158 1588
1618941600 3212 1432 10641 1732
1618934400 8940 8430 109131 76984
1618927200 495 574 1581 757
1618920000 73 470 312 542
1618912800 46 461 208 521
1618905600 99 473 469 616
1618898400 383 537 1186 676
1618891200 633 616 1186 762
1618884000 1338 805 3983 1436
1618876800 2134 941 5670 1415
1618869600 2263 1010 10390 1744
1618862400 3051 1572 32288 3029
1618855200 6778 1674 52054 4039
1618848000 2023 5421 4765 103525
1618840800 411 602 1236 801
1618833600 51 518 107 620
1618826400 30 537 90 637
1618819200 96 524 323 641
1618812000 344 585 933 738
1618804800 497 627 1116 798
1618797600 443 621 1181 721
1618790400 695 672 1181 812
1618783200 571 655 1269 822
1618776000 485 637 843 805
1618768800 440 612 808 821
1618761600 283 566 749 692
1618754400 109 523 360 609
1618747200 42 510 183 607
1618740000 43 519 140 624
1618732800 135 530 533 608
1618725600 195 546 500 679
1618718400 289 566 672 670
1618711200 396 598 890 742
1618704000 348 598 725 697
1618696800 400 605 838 697
1618689600 615 665 1193 816
1618682400 687 694 1258 850
1618675200 483 619 1298 771
1618668000 138 531 638 660
1618660800 53 517 398 611
1618653600 34 530 102 638
1618646400 116 518 366 596
1618639200 262 557 1005 770
1618632000 428 610 1008 748
1618624800 649 654 1013 754
1618617600 861 705 1624 885
1618610400 1365 919 2031 1370
1618603200 2819 10143 7410 123538
1618596000 2710 6502 7293 123538
1618588800 2417 4061 13181 57099
1618581600 475 612 1862 824
1618574400 72 511 510 639
1618567200 49 503 153 562
1618560000 103 519 267 585
1618552800 394 586 861 685
1618545600 759 674 1371 806
1618538400 1832 20999 9897 240138
1618531200 8898 1096 19659 1560
1618524000 2287 956 16486 1383
1618516800 2657 1316 5225 1764
1618509600 3370 4974 7586 56659
1618502400 24103 2077 108820 5682
1618495200 517 626 2143 884
1618488000 49 539 153 643
1618480800 42 526 142 619
1618473600 145 545 434 666
1618466400 408 628 939 792
1618459200 815 697 1451 864
1618452000 1143 775 1975 999
1618444800 1934 942 8653 1816
1618437600 1893 1001 2949 1436
1618430400 3081 1572 5773 2306
1618423200 3103 2139 6437 15926
1618416000 2812 1278 12380 7446
1618408800 509 942 1288 7446
1618401600 79 578 442 748
1618394400 67 596 506 685
1618387200 113 607 295 719
1618380000 466 673 3228 856
1618372800 843 747 1394 870
1618365600 1219 816 1810 931
1618358400 1754 921 5476 1190
1618351200 2049 1114 5200 1592
1618344000 3596 7284 8334 98543
1618336800 4088 1783 15575 2239
1618329600 2911 2484 14731 28852
1618322400 565 760 1647 952
1618315200 73 647 158 698
1618308000 45 645 192 707
1618300800 98 644 326 723
1618293600 884 896 2048 1157
1618272000 2164 5161 29824 384711
1618185600 396 2564 4114 103620
1618099200 438 781 1580 1127
1618012800 5570 1256 245781 19418
1617926400 1513 1454 18993 63889
1617840000 2609 1819 192329 113996
1617753600 1924 6564 27045 496417
1617667200 1548 1012 30891 8028
1617580800 327 588 1572 2856
1617494400 368 703 4382 15669
1617408000 493 919 2051 61737
1617321600 1057 1145 5498 77656
1617235200 2030 1521 10391 46526
1617148800 2394 2296 27363 140224
1617062400 2116 2547 40316 83909
1616976000 652 1429 7900 116803
1616889600 639 819 4692 1536
1616803200 1818 1249 10268 2575
1616716800 2887 1538 161577 59012
1616630400 2566 1645 32322 55631
1616544000 2303 1469 23398 43211
1616457600 2365 1474 25747 49485
1616371200 569 1347 3826 110219
1616284800 732 836 4120 1420
1616198400 2080 1186 23165 3745
1616112000 2427 1498 25763 51902
1616025600 2164 1491 16568 61041
1615939200 1978 1445 15989 62090
1615852800 871 856 5566 8572
1615766400 514 769 5423 21013
1615680000 709 765 5361 1361
1615593600 1890 1223 23316 43239
1615507200 1857 1290 16213 43239
1615420800 2288 1939 16779 104557
1615334400 2280 2651 122041 194661
1615248000 1383 1800 11224 179262
1615161600 357 839 1514 30130
1615075200 600 799 9121 1873
1614988800 3636 4711 188875 263072
1614902400 2613 5535 90252 243204
1614816000 2005 9711 41663 503650
1614729600 2157 1706 113271 143553
1614643200 1435 1082 11654 7948
1614556800 402 866 1425 30158
1614470400 562 804 10626 1959
1614384000 1884 2640 123450 141916
1614297600 2054 3410 69984 244275
1614211200 2999 7478 121805 322319
1614124800 1636 1040 128079 14108
1614038400 1035 1087 8464 35636
1613952000 5130 945 232733 10537
1613865600 377 753 1780 999
1613779200 1075 1658 9763 174050
1613692800 1761 2726 126694 230953
1613606400 2667 1201 122220 34048
1613520000 2866 4091 143482 389981
1613433600 2230 1409 194358 126736
1613347200 271 695 2945 968
1613260800 421 722 1677 1052
1613174400 1132 2093 12374 107263
1613088000 2259 1505 88245 138870
1613001600 1860 1063 76685 28102
1612915200 1547 1392 17104 106541
1612828800 1611 1105 18900 37467
1612742400 392 939 2464 59158
1612656000 614 1340 4825 159902
1612569600 1562 1419 26514 60166
1612483200 1868 4697 25191 504867
1612396800 2129 1525 27814 83466
1612310400 2011 1941 8428 214018
1612224000 1413 971 4531 1856
1612137600 1123 867 6491 1479
1612051200 1541 1071 4945 1828
1611964800 3176 1637 29513 41224
1611878400 3029 1416 20624 12251
1611792000 3239 1613 33242 57345
1611705600 3212 1602 27539 37121
1611619200 3290 1528 29380 5086
1611532800 1092 801 3348 1481
1611446400 1676 999 11330 2173
1611360000 1861 1084 23016 6162
1611273600 4587 5579 29872 47417
1611187200 5017 6351 35423 39183
1611100800 4519 38627 47490 510393
1611014400 0 0 0 0
1610928000 0 0 0 0
1610841600 0 0 0 0
1610755200 0 0 0 0
1610668800 0 0 0 0
1610582400 0 0 0 0
1610496000 0 0 0 0
1610409600 0 0 0 0
1610323200 0 0 0 0
1610236800 0 0 0 0
1610150400 0 0 0 0
1610064000 0 0 0 0
1609977600 0 0 0 0
1609891200 0 0 0 0
1609804800 0 0 0 0
1609718400 0 0 0 0
1609632000 0 0 0 0
1609545600 0 0 0 0
1609459200 0 0 0 0
1609372800 0 0 0 0
1609286400 0 0 0 0
1609200000 0 0 0 0
1609113600 0 0 0 0
1609027200 0 0 0 0
1608940800 0 0 0 0
1608854400 0 0 0 0
1608768000 0 0 0 0
1608681600 0 0 0 0
1608595200 0 0 0 0
1608508800 0 0 0 0
1608422400 0 0 0 0
1608336000 0 0 0 0
1608249600 0 0 0 0
1608163200 0 0 0 0
1608076800 0 0 0 0
1607990400 0 0 0 0
1607904000 0 0 0 0
1607817600 0 0 0 0
1607731200 0 0 0 0
1607644800 0 0 0 0
1607558400 0 0 0 0
1607472000 0 0 0 0
1607385600 0 0 0 0
1607299200 0 0 0 0
1607212800 0 0 0 0
1607126400 0 0 0 0
1607040000 0 0 0 0
1606953600 0 0 0 0
1606867200 0 0 0 0
1606780800 0 0 0 0
1606694400 0 0 0 0
1606608000 0 0 0 0
1606521600 0 0 0 0
1606435200 0 0 0 0
1606348800 0 0 0 0
1606262400 0 0 0 0
1606176000 0 0 0 0
1606089600 0 0 0 0
1606003200 0 0 0 0
1605916800 0 0 0 0
1605830400 0 0 0 0
1605744000 0 0 0 0
1605657600 0 0 0 0
1605571200 0 0 0 0
1605484800 0 0 0 0
1605398400 0 0 0 0
1605312000 0 0 0 0
1605225600 0 0 0 0
1605139200 0 0 0 0
1605052800 0 0 0 0
1604966400 0 0 0 0
1604880000 0 0 0 0
1604793600 0 0 0 0
1604707200 0 0 0 0
1604620800 0 0 0 0
1604534400 0 0 0 0
1604448000 0 0 0 0
1604361600 0 0 0 0
1604275200 0 0 0 0
1604188800 0 0 0 0
1604102400 0 0 0 0
1604016000 0 0 0 0
1603929600 0 0 0 0
1603843200 0 0 0 0
1603756800 0 0 0 0
1603670400 0 0 0 0
1603584000 0 0 0 0
1603497600 0 0 0 0
1603411200 0 0 0 0
1603324800 0 0 0 0
1603238400 0 0 0 0
1603152000 0 0 0 0
1603065600 0 0 0 0
1602979200 0 0 0 0
1602892800 0 0 0 0
1602806400 0 0 0 0
1602720000 0 0 0 0
1602633600 0 0 0 0
1602547200 0 0 0 0
1602460800 0 0 0 0
1602374400 0 0 0 0
1602288000 0 0 0 0
1602201600 0 0 0 0
1602115200 0 0 0 0
1602028800 0 0 0 0
1601942400 0 0 0 0
1601856000 0 0 0 0
1601769600 0 0 0 0
1601683200 0 0 0 0
1601596800 0 0 0 0
1601510400 0 0 0 0
1601424000 0 0 0 0
1601337600 0 0 0 0
1601251200 0 0 0 0
1601164800 0 0 0 0
1601078400 0 0 0 0
1600992000 0 0 0 0
1600905600 0 0 0 0
1600819200 0 0 0 0
1600732800 0 0 0 0
1600646400 0 0 0 0
1600560000 0 0 0 0
1600473600 0 0 0 0
1600387200 0 0 0 0
1600300800 0 0 0 0
1600214400 0 0 0 0
1600128000 0 0 0 0
1600041600 0 0 0 0
1599955200 0 0 0 0
1599868800 0 0 0 0
1599782400 0 0 0 0
1599696000 0 0 0 0
1599609600 0 0 0 0
1599523200 0 0 0 0
1599436800 0 0 0 0
1599350400 0 0 0 0
1599264000 0 0 0 0
1599177600 0 0 0 0
1599091200 0 0 0 0
1599004800 0 0 0 0
1598918400 0 0 0 0
1598832000 0 0 0 0
1598745600 0 0 0 0
1598659200 0 0 0 0
1598572800 0 0 0 0
1598486400 0 0 0 0
1598400000 0 0 0 0
1598313600 0 0 0 0
1598227200 0 0 0 0
1598140800 0 0 0 0
1598054400 0 0 0 0
1597968000 0 0 0 0
1597881600 0 0 0 0
1597795200 0 0 0 0
1597708800 0 0 0 0
1597622400 0 0 0 0
1597536000 0 0 0 0
1597449600 0 0 0 0
1597363200 0 0 0 0
1597276800 0 0 0 0
1597190400 0 0 0 0
1597104000 0 0 0 0
1597017600 0 0 0 0
1596931200 0 0 0 0
1596844800 0 0 0 0
1596758400 0 0 0 0
1596672000 0 0 0 0
1596585600 0 0 0 0
1596499200 0 0 0 0
1596412800 0 0 0 0
1596326400 0 0 0 0
1596240000 0 0 0 0
1596153600 0 0 0 0
1596067200 0 0 0 0
1595980800 0 0 0 0
1595894400 0 0 0 0
1595808000 0 0 0 0
1595721600 0 0 0 0
1595635200 0 0 0 0
1595548800 0 0 0 0
1595462400 0 0 0 0
1595376000 0 0 0 0
1595289600 0 0 0 0
1595203200 0 0 0 0
1595116800 0 0 0 0
1595030400 0 0 0 0
1594944000 0 0 0 0
1594857600 0 0 0 0
1594771200 0 0 0 0
1594684800 0 0 0 0
1594598400 0 0 0 0
1594512000 0 0 0 0
1594425600 0 0 0 0
1594339200 0 0 0 0
1594252800 0 0 0 0
1594166400 0 0 0 0
1594080000 0 0 0 0
1593993600 0 0 0 0
1593907200 0 0 0 0
1593820800 0 0 0 0
1593734400 0 0 0 0
1593648000 0 0 0 0
1593561600 0 0 0 0
1593475200 0 0 0 0
1593388800 0 0 0 0
1593302400 0 0 0 0
1593216000 0 0 0 0
1593129600 0 0 0 0
1593043200 0 0 0 0
1592956800 0 0 0 0
1592870400 0 0 0 0
1592784000 0 0 0 0
1592697600 0 0 0 0
1592611200 0 0 0 0
1592524800 0 0 0 0
1592438400 0 0 0 0
1592352000 0 0 0 0
1592265600 0 0 0 0
1592179200 0 0 0 0
1592092800 0 0 0 0
1592006400 0 0 0 0
1591920000 0 0 0 0
1591833600 0 0 0 0
1591747200 0 0 0 0
1591660800 0 0 0 0
1591574400 0 0 0 0
1591488000 0 0 0 0
1591401600 0 0 0 0
1591315200 0 0 0 0
1591228800 0 0 0 0
1591142400 0 0 0 0
1591056000 0 0 0 0
1590969600 0 0 0 0
1590883200 0 0 0 0
1590796800 0 0 0 0
1590710400 0 0 0 0
1590624000 0 0 0 0
1590537600 0 0 0 0
1590451200 0 0 0 0
1590364800 0 0 0 0
1590278400 0 0 0 0
1590192000 0 0 0 0
1590105600 0 0 0 0
1590019200 0 0 0 0
1589932800 0 0 0 0
1589846400 0 0 0 0
1589760000 0 0 0 0
1589673600 0 0 0 0
1589587200 0 0 0 0
1589500800 0 0 0 0
1589414400 0 0 0 0
1589328000 0 0 0 0
1589241600 0 0 0 0
1589155200 0 0 0 0
1589068800 0 0 0 0
1588982400 0 0 0 0
1588896000 0 0 0 0
1588809600 0 0 0 0
1588723200 0 0 0 0
1588636800 0 0 0 0
1588550400 0 0 0 0
1588464000 0 0 0 0
1588377600 0 0 0 0
1588291200 0 0 0 0
1588204800 0 0 0 0
1588118400 0 0 0 0
1588032000 0 0 0 0
1587945600 0 0 0 0
1587859200 0 0 0 0
1587772800 0 0 0 0
1587686400 0 0 0 0
1587600000 0 0 0 0
1587513600 0 0 0 0
1587427200 0 0 0 0
1587340800 0 0 0 0
1587254400 0 0 0 0
1587168000 0 0 0 0
1587081600 0 0 0 0
1586995200 0 0 0 0
1586908800 0 0 0 0
1586822400 0 0 0 0
1586736000 0 0 0 0
1586649600 0 0 0 0
1586563200 0 0 0 0
1586476800 0 0 0 0
1586390400 0 0 0 0
1586304000 0 0 0 0
1586217600 0 0 0 0
1586131200 0 0 0 0
1586044800 0 0 0 0
1585958400 0 0 0 0
1585872000 0 0 0 0
1585785600 0 0 0 0
1585699200 0 0 0 0
1585612800 0 0 0 0
1585526400 0 0 0 0
1585440000 0 0 0 0
1585353600 0 0 0 0
1585267200 0 0 0 0
1585180800 0 0 0 0
1585094400 0 0 0 0
1585008000 0 0 0 0
1584921600 0 0 0 0
1584835200 0 0 0 0
1584748800 0 0 0 0
1584662400 0 0 0 0
1584576000 0 0 0 0
1584489600 0 0 0 0
1584403200 0 0 0 0
1584316800 0 0 0 0
1584230400 0 0 0 0
1584144000 0 0 0 0
1584057600 0 0 0 0
1583971200 0 0 0 0
1583884800 0 0 0 0
1583798400 0 0 0 0
1583712000 0 0 0 0
1583625600 0 0 0 0
1583539200 0 0 0 0
1583452800 0 0 0 0
1583366400 0 0 0 0
1583280000 0 0 0 0
1583193600 0 0 0 0
1583107200 0 0 0 0
1583020800 0 0 0 0
1582934400 0 0 0 0
1582848000 0 0 0 0
1582761600 0 0 0 0
1582675200 0 0 0 0
1582588800 0 0 0 0
1582502400 0 0 0 0
1582416000 0 0 0 0
1582329600 0 0 0 0
1582243200 0 0 0 0
1582156800 0 0 0 0
1582070400 0 0 0 0
1581984000 0 0 0 0
1581897600 0 0 0 0
1581811200 0 0 0 0
1581724800 0 0 0 0
1581638400 0 0 0 0
1581552000 0 0 0 0
1581465600 0 0 0 0
1581379200 0 0 0 0
1581292800 0 0 0 0
1581206400 0 0 0 0
1581120000 0 0 0 0
1581033600 0 0 0 0
1580947200 0 0 0 0
1580860800 0 0 0 0
1580774400 0 0 0 0
1580688000 0 0 0 0
1580601600 0 0 0 0
1580515200 0 0 0 0
1580428800 0 0 0 0
1580342400 0 0 0 0
1580256000 0 0 0 0
1580169600 0 0 0 0
1580083200 0 0 0 0
1579996800 0 0 0 0
1579910400 0 0 0 0
1579824000 0 0 0 0
1579737600 0 0 0 0
1579651200 0 0 0 0
1579564800 0 0 0 0
1579478400 0 0 0 0
1579392000 0 0 0 0
1579305600 0 0 0 0
1579219200 0 0 0 0
1579132800 0 0 0 0
1579046400 0 0 0 0
1578960000 0 0 0 0
1578873600 0 0 0 0
1578787200 0 0 0 0
1578700800 0 0 0 0
1578614400 0 0 0 0
1578528000 0 0 0 0
1578441600 0 0 0 0
1578355200 0 0 0 0
1578268800 0 0 0 0
1578182400 0 0 0 0
1578096000 0 0 0 0
1578009600 0 0 0 0
1577923200 0 0 0 0
1577836800 0 0 0 0
1577750400 0 0 0 0
1577664000 0 0 0 0
1577577600 0 0 0 0
1577491200 0 0 0 0
1577404800 0 0 0 0
1577318400 0 0 0 0
1577232000 0 0 0 0
1577145600 0 0 0 0
1577059200 0 0 0 0
1576972800 0 0 0 0
1576886400 0 0 0 0
1576800000 0 0 0 0
1576713600 0 0 0 0
1576627200 0 0 0 0
1576540800 0 0 0 0
1576454400 0 0 0 0
1576368000 0 0 0 0
1576281600 0 0 0 0
1576195200 0 0 0 0
1576108800 0 0 0 0
1576022400 0 0 0 0
1575936000 0 0 0 0
1575849600 0 0 0 0
1575763200 0 0 0 0
1575676800 0 0 0 0
1575590400 0 0 0 0
1575504000 0 0 0 0
1575417600 0 0 0 0
1575331200 0 0 0 0
1575244800 0 0 0 0
1575158400 0 0 0 0
1575072000 0 0 0 0
1574985600 0 0 0 0
1574899200 0 0 0 0
1574812800 0 0 0 0
1574726400 0 0 0 0
1574640000 0 0 0 0
1574553600 0 0 0 0
1574467200 0 0 0 0
1574380800 0 0 0 0
1574294400 0 0 0 0
1574208000 0 0 0 0
1574121600 0 0 0 0
1574035200 0 0 0 0
1573948800 0 0 0 0
1573862400 0 0 0 0
1573776000 0 0 0 0
1573689600 0 0 0 0
1573603200 0 0 0 0
1573516800 0 0 0 0
1573430400 0 0 0 0
1573344000 0 0 0 0
1573257600 0 0 0 0
1573171200 0 0 0 0
1573084800 0 0 0 0
1572998400 0 0 0 0
1572912000 0 0 0 0
1572825600 0 0 0 0
1572739200 0 0 0 0
1572652800 0 0 0 0
1572566400 0 0 0 0
1572480000 0 0 0 0
1572393600 0 0 0 0
1572307200 0 0 0 0
1572220800 0 0 0 0
1572134400 0 0 0 0
1572048000 0 0 0 0
1571961600 0 0 0 0
1571875200 0 0 0 0
1571788800 0 0 0 0
1571702400 0 0 0 0
1571616000 0 0 0 0
1571529600 0 0 0 0
1571443200 0 0 0 0
1571356800 0 0 0 0
1571270400 0 0 0 0
1571184000 0 0 0 0
1571097600 0 0 0 0
1571011200 0 0 0 0
1570924800 0 0 0 0
1570838400 0 0 0 0
1570752000 0 0 0 0
1570665600 0 0 0 0
1570579200 0 0 0 0
1570492800 0 0 0 0
1570406400 0 0 0 0
1570320000 0 0 0 0
1570233600 0 0 0 0
1570147200 0 0 0 0
1570060800 0 0 0 0
1569974400 0 0 0 0
1569888000 0 0 0 0
1569801600 0 0 0 0
1569715200 0 0 0 0
1569628800 0 0 0 0
1569542400 0 0 0 0
1569456000 0 0 0 0
1569369600 0 0 0 0
1569283200 0 0 0 0
1569196800 0 0 0 0
1569110400 0 0 0 0
1569024000 0 0 0 0
1568937600 0 0 0 0
1568851200 0 0 0 0
1568764800 0 0 0 0
1568678400 0 0 0 0
1568592000 0 0 0 0
1568505600 0 0 0 0
1568419200 0 0 0 0
1568332800 0 0 0 0
1568246400 0 0 0 0
1568160000 0 0 0 0
1568073600 0 0 0 0
1567987200 0 0 0 0
1567900800 0 0 0 0
1567814400 0 0 0 0
1567728000 0 0 0 0
1567641600 0 0 0 0
1567555200 0 0 0 0
1567468800 0 0 0 0
1567382400 0 0 0 0
1567296000 0 0 0 0
1567209600 0 0 0 0
1567123200 0 0 0 0
1567036800 0 0 0 0
1566950400 0 0 0 0
1566864000 0 0 0 0
1566777600 0 0 0 0
1566691200 0 0 0 0
1566604800 0 0 0 0
1566518400 0 0 0 0
1566432000 0 0 0 0
1566345600 0 0 0 0
1566259200 0 0 0 0
1566172800 0 0 0 0
1566086400 0 0 0 0
1566000000 0 0 0 0
1565913600 0 0 0 0
1565827200 0 0 0 0
1565740800 0 0 0 0
1565654400 0 0 0 0
1565568000 0 0 0 0
1565481600 0 0 0 0
1565395200 0 0 0 0
1565308800 0 0 0 0
1565222400 0 0 0 0
1565136000 0 0 0 0
1565049600 0 0 0 0
1564963200 0 0 0 0
1564876800 0 0 0 0
1564790400 0 0 0 0
1564704000 0 0 0 0
1564617600 0 0 0 0
1564531200 0 0 0 0
1564444800 0 0 0 0
1564358400 0 0 0 0
1564272000 0 0 0 0
1564185600 0 0 0 0
1564099200 0 0 0 0
1564012800 0 0 0 0
1563926400 0 0 0 0
1563840000 0 0 0 0
1563753600 0 0 0 0
1563667200 0 0 0 0
1563580800 0 0 0 0
1563494400 0 0 0 0
1563408000 0 0 0 0
1563321600 0 0 0 0
1563235200 0 0 0 0
1563148800 0 0 0 0
1563062400 0 0 0 0
1562976000 0 0 0 0
1562889600 0 0 0 0
1562803200 0 0 0 0
1562716800 0 0 0 0
1562630400 0 0 0 0
1562544000 0 0 0 0
1562457600 0 0 0 0
1562371200 0 0 0 0
1562284800 0 0 0 0
1562198400 0 0 0 0
1562112000 0 0 0 0
1562025600 0 0 0 0
1561939200 0 0 0 0
1561852800 0 0 0 0
1561766400 0 0 0 0
1561680000 0 0 0 0
1561593600 0 0 0 0
1561507200 0 0 0 0
1561420800 0 0 0 0
1561334400 0 0 0 0
1561248000 0 0 0 0
1561161600 0 0 0 0
1561075200 0 0 0 0
1560988800 0 0 0 0
1560902400 0 0 0 0
1560816000 0 0 0 0
1560729600 0 0 0 0
1560643200 0 0 0 0
1560556800 0 0 0 0
1560470400 0 0 0 0
1560384000 0 0 0 0
1560297600 0 0 0 0
1560211200 0 0 0 0
1560124800 0 0 0 0
1560038400 0 0 0 0
1559952000 0 0 0 0
1559865600 0 0 0 0
1559779200 0 0 0 0
1559692800 0 0 0 0
1559606400 0 0 0 0
1559520000 0 0 0 0
1559433600 0 0 0 0
1559347200 0 0 0 0
1559260800 0 0 0 0
1559174400 0 0 0 0
1559088000 0 0 0 0
1559001600 0 0 0 0
1558915200 0 0 0 0
1558828800 0 0 0 0
1558742400 0 0 0 0
1558656000 0 0 0 0
1558569600 0 0 0 0
1558483200 0 0 0 0
1558396800 0 0 0 0
1558310400 0 0 0 0
1558224000 0 0 0 0
1558137600 0 0 0 0
1558051200 0 0 0 0
1557964800 0 0 0 0
1557878400 0 0 0 0
1557792000 0 0 0 0
1557705600 0 0 0 0
1557619200 0 0 0 0
1557532800 0 0 0 0
1557446400 0 0 0 0
1557360000 0 0 0 0
1557273600 0 0 0 0
1557187200 0 0 0 0
1557100800 0 0 0 0
1557014400 0 0 0 0
1556928000 0 0 0 0
1556841600 0 0 0 0
1556755200 0 0 0 0
1556668800 0 0 0 0
1556582400 0 0 0 0
1556496000 0 0 0 0
1556409600 0 0 0 0
1556323200 0 0 0 0
1556236800 0 0 0 0
1556150400 0 0 0 0
1556064000 0 0 0 0
1555977600 0 0 0 0
1555891200 0 0 0 0
1555804800 0 0 0 0
1555718400 0 0 0 0
1555632000 0 0 0 0
1555545600 0 0 0 0
1555459200 0 0 0 0
1555372800 0 0 0 0
1555286400 0 0 0 0
1555200000 0 0 0 0
1555113600 0 0 0 0
