1658432111 1221789317 617322403
1658432111 63930 651289 63930 651289
1658431812 104313 2963005 104313 2963005
1658431800 103234 2961771 104313 2963005
1658431500 77159 2847918 77344 2932165
1658431200 72994 887662 79295 2367719
1658430900 79443 2298365 83010 2367719
1658430600 84693 647939 128911 1017335
1658430300 126480 1004421 128911 1017335
1658430000 66064 677027 156437 988905
1658429700 155129 993352 156437 1110200
1658429400 119274 1097335 120767 1110200
1658429100 80058 764701 80144 892859
1658428800 81860 893685 123054 913525
1658428500 122603 912945 123054 913525
1658428200 109960 903079 111787 1000053
1658427900 71637 1017127 203803 1426911
1658427600 199242 1429683 203803 1496222
1658427300 90509 1484163 109370 1496222
1658427000 109181 1170887 109370 1263953
1658426700 103413 1254090 104235 1263953
1658426400 81962 1002841 85344 1209748
1658426100 84823 1197533 85344 1209748
1658425800 72342 886710 103440 1151573
1658425500 102063 1137115 103440 1151573
1658425200 69070 790479 70286 798544
1658424900 71267 798335 97055 798544
1658424600 96907 803854 97055 1092709
1658424300 94460 1082978 131960 1092709
1658424000 130328 824598 131960 827345
1658423700 86951 753679 87458 783393
1658423400 74742 798946 74785 1172227
1658423100 74079 1172740 83459 1186218
1658422800 84231 1175526 104517 1186218
1658422500 105203 894002 123251 894637
1658422200 122423 873802 123251 877341
1658421900 102478 797946 102555 1015768
1658421600 100726 1008274 103184 1015768
1658421300 104292 815773 133423 930630
1658421000 131548 931395 133423 949773
1658420700 85574 941996 86562 949773
1658420400 66646 772756 181334 1190209
1658420100 178955 1179914 181334 1190209
1658419800 114546 907495 116473 909463
1658419500 70790 858111 250918 918830
1658419200 246621 920794 250918 972403
1658418900 131775 1042475 133740 2724224
1658418600 85150 2656950 97795 2724224
1658418300 96491 1039067 97795 1042383
1658418000 66006 962639 87164 1045323
1658417700 86151 1034013 87164 1045323
1658417400 58938 730037 59546 736871
1658417100 49016 592708 160793 1232836
1658416800 160793 1232836 160793 1232836
1658416500 160793 1232836 160793 1232836
1658416200 160793 1232836 160793 1232836
1658415900 160793 1232836 160793 1232836
1658415600 160793 1232836 160793 1232836
1658415300 160793 1232836 160793 1232836
1658415000 160793 1232836 160793 1232836
1658414700 160793 1232836 160793 1232836
1658414400 160793 1232836 160793 1232836
1658414100 160793 1232836 160793 1232836
1658413800 160793 1232836 160793 1232836
1658413500 160793 1232836 160793 1232836
1658413200 160793 1232836 160793 1232836
1658412900 160793 1232836 160793 1232836
1658412600 160793 1232836 160793 1232836
1658412300 160793 1232836 160793 1232836
1658412000 160793 1232836 160793 1232836
1658411700 160793 1232836 160793 1232836
1658411400 160793 1232836 160793 1232836
1658411100 160793 1232836 160793 1232836
1658410800 160793 1232836 160793 1232836
1658410500 160793 1232836 160793 1232836
1658410200 160793 1232836 160793 1232836
1658409900 160793 1232836 160793 1232836
1658409600 160793 1232836 160793 1232836
1658409300 160793 1232836 160793 1232836
1658409000 160793 1232836 160793 1232836
1658408700 160793 1232836 160793 1232836
1658408400 160793 1232836 160793 1232836
1658408100 160793 1232836 160793 1232836
1658407800 160793 1232836 160793 1232836
1658407500 160793 1232836 160793 1232836
1658407200 160793 1232836 160793 1232836
1658406900 160793 1232836 160793 1232836
1658406600 160793 1232836 160793 1232836
1658406300 160793 1232836 160793 1232836
1658406000 160793 1232836 160793 1232836
1658405700 160793 1232836 160793 1232836
1658405400 160793 1232836 160793 1232836
1658405100 160793 1232836 160793 1232836
1658404800 160793 1232836 160793 1232836
1658404500 160793 1232836 160793 1232836
1658404200 160793 1232836 160793 1232836
1658403900 160793 1232836 160793 1232836
1658403600 160793 1232836 160793 1232836
1658403300 160793 1232836 160793 1232836
1658403000 160793 1232836 160793 1232836
1658402700 160793 1232836 160793 1232836
1658402400 160793 1232836 160793 1232836
1658402100 160793 1232836 160793 1232836
1658401800 160793 1232836 160793 1232836
1658401500 160793 1232836 160793 1232836
1658401200 160793 1232836 160793 1232836
1658400900 160793 1232836 160793 1232836
1658400600 160793 1232836 160793 1232836
1658400300 160793 1232836 160793 1232836
1658400000 160793 1232836 160793 1232836
1658399700 160793 1232836 160793 1232836
1658399400 160793 1232836 160793 1232836
1658399100 160793 1232836 160793 1232836
1658398800 160793 1232836 160793 1232836
1658398500 160793 1232836 160793 1232836
1658398200 160793 1232836 160793 1232836
1658397900 160793 1232836 160793 1232836
1658397600 160793 1232836 160793 1232836
1658397300 160793 1232836 160793 1232836
1658397000 160793 1232836 160793 1232836
1658396700 160793 1232836 160793 1232836
1658396400 160793 1232836 160793 1232836
1658396100 160793 1232836 160793 1232836
1658395800 160793 1232836 160793 1232836
1658395500 160793 1232836 160793 1232836
1658395200 160793 1232836 160793 1232836
1658394900 160793 1232836 160793 1232836
1658394600 160793 1232836 160793 1232836
1658394300 160793 1232836 160793 1232836
1658394000 160793 1232836 160793 1232836
1658393700 160793 1232836 160793 1232836
1658393400 160793 1232836 160793 1232836
1658393100 160793 1232836 160793 1232836
1658392800 160793 1232836 160793 1232836
1658392500 160793 1232836 160793 1232836
1658392200 160793 1232836 160793 1232836
1658391900 160793 1232836 160793 1232836
1658391600 160793 1232836 160793 1232836
1658391300 160793 1232836 160793 1232836
1658391000 160793 1232836 160793 1232836
1658390700 160793 1232836 160793 1232836
1658390400 160793 1232836 160793 1232836
1658390100 160793 1232836 160793 1232836
1658389800 160793 1232836 160793 1232836
1658389500 160793 1232836 160793 1232836
1658389200 160793 1232836 160793 1232836
1658388900 160793 1232836 160793 1232836
1658388600 160793 1232836 160793 1232836
1658388300 160793 1232836 160793 1232836
1658388000 160793 1232836 160793 1232836
1658387700 160793 1232836 160793 1232836
1658387400 160793 1232836 160793 1232836
1658387100 160793 1232836 160793 1232836
1658386800 160793 1232836 160793 1232836
1658386500 160793 1232836 160793 1232836
1658386200 160793 1232836 160793 1232836
1658385900 160793 1232836 160793 1232836
1658385600 160793 1232836 160793 1232836
1658385300 160793 1232836 160793 1232836
1658385000 160793 1232836 160793 1232836
1658384700 160793 1232836 160793 1232836
1658384400 160793 1232836 160793 1232836
1658384100 160793 1232836 160793 1232836
1658383800 160793 1232836 160793 1232836
1658383500 160793 1232836 160793 1232836
1658383200 160793 1232836 160793 1232836
1658382900 160793 1232836 160793 1232836
1658382600 160793 1232836 160793 1232836
1658382300 160793 1232836 160793 1232836
1658382000 160793 1232836 160793 1232836
1658381700 160793 1232836 160793 1232836
1658381400 160793 1232836 160793 1232836
1658381100 160793 1232836 160793 1232836
1658380800 160793 1232836 160793 1232836
1658380500 160793 1232836 160793 1232836
1658380200 160793 1232836 160793 1232836
1658379900 160793 1232836 160793 1232836
1658379600 160793 1232836 160793 1232836
1658379300 160793 1232836 160793 1232836
1658379000 160793 1232836 160793 1232836
1658378700 160793 1232836 160793 1232836
1658378400 160793 1232836 160793 1232836
1658378100 160793 1232836 160793 1232836
1658377800 160793 1232836 160793 1232836
1658377500 160793 1232836 160793 1232836
1658377200 160793 1232836 160793 1232836
1658376900 160793 1232836 160793 1232836
1658376600 160793 1232836 160793 1232836
1658376300 160793 1232836 160793 1232836
1658376000 160793 1232836 160793 1232836
1658375700 160793 1232836 160793 1232836
1658375400 160793 1232836 160793 1232836
1658375100 160793 1232836 160793 1232836
1658374800 160793 1232836 160793 1232836
1658374500 160793 1232836 160793 1232836
1658374200 160793 1232836 160793 1232836
1658373900 160793 1232836 160793 1232836
1658373600 160793 1232836 160793 1232836
1658373300 160793 1232836 160793 1232836
1658373000 160793 1232836 160793 1232836
1658372700 160793 1232836 160793 1232836
1658372400 160793 1232836 160793 1232836
1658372100 160793 1232836 160793 1232836
1658371800 160793 1232836 160793 1232836
1658371500 160793 1232836 160793 1232836
1658371200 160793 1232836 160793 1232836
1658370900 160793 1232836 160793 1232836
1658370600 160793 1232836 160793 1232836
1658370300 160793 1232836 160793 1232836
1658370000 160793 1232836 160793 1232836
1658369700 160793 1232836 160793 1232836
1658369400 160793 1232836 160793 1232836
1658369100 160793 1232836 160793 1232836
1658368800 160793 1232836 160793 1232836
1658368500 160793 1232836 160793 1232836
1658368200 160793 1232836 160793 1232836
1658367900 160793 1232836 160793 1232836
1658367600 160793 1232836 160793 1232836
1658367300 160793 1232836 160793 1232836
1658367000 160793 1232836 160793 1232836
1658366700 160793 1232836 160793 1232836
1658366400 160793 1232836 160793 1232836
1658366100 160793 1232836 160793 1232836
1658365800 160793 1232836 160793 1232836
1658365500 160793 1232836 160793 1232836
1658365200 160793 1232836 160793 1232836
1658364900 160793 1232836 160793 1232836
1658364600 160793 1232836 160793 1232836
1658364300 160793 1232836 160793 1232836
1658364000 160793 1232836 160793 1232836
1658363700 160793 1232836 160793 1232836
1658363400 160793 1232836 160793 1232836
1658363100 160793 1232836 160793 1232836
1658362800 160793 1232836 160793 1232836
1658362500 160793 1232836 160793 1232836
1658362200 160793 1232836 160793 1232836
1658361900 160793 1232836 160793 1232836
1658361600 160793 1232836 160793 1232836
1658361300 160793 1232836 160793 1232836
1658361000 160793 1232836 160793 1232836
1658360700 160793 1232836 160793 1232836
1658360400 160793 1232836 160793 1232836
1658360100 160793 1232836 160793 1232836
1658359800 160793 1232836 160793 1232836
1658359500 160793 1232836 160793 1232836
1658359200 160793 1232836 160793 1232836
1658358900 160793 1232836 160793 1232836
1658358600 160793 1232836 160793 1232836
1658358300 160793 1232836 160793 1232836
1658358000 160793 1232836 160793 1232836
1658357700 160793 1232836 160793 1232836
1658357400 160793 1232836 160793 1232836
1658357100 160793 1232836 160793 1232836
1658356800 160793 1232836 160793 1232836
1658356500 160793 1232836 160793 1232836
1658356200 160793 1232836 160793 1232836
1658355900 160793 1232836 160793 1232836
1658355600 160793 1232836 160793 1232836
1658355300 160793 1232836 160793 1232836
1658355000 160793 1232836 160793 1232836
1658354700 160793 1232836 160793 1232836
1658354400 160793 1232836 160793 1232836
1658354100 160793 1232836 160793 1232836
1658353800 160793 1232836 160793 1232836
1658353500 160793 1232836 160793 1232836
1658353200 160793 1232836 160793 1232836
1658352900 160793 1232836 160793 1232836
1658352600 160793 1232836 160793 1232836
1658352300 160793 1232836 160793 1232836
1658352000 160793 1232836 160793 1232836
1658351700 160793 1232836 160793 1232836
1658351400 160793 1232836 160793 1232836
1658351100 160793 1232836 160793 1232836
1658350800 160793 1232836 160793 1232836
1658350500 160793 1232836 160793 1232836
1658350200 160793 1232836 160793 1232836
1658349900 160793 1232836 160793 1232836
1658349600 160793 1232836 160793 1232836
1658349300 160793 1232836 160793 1232836
1658349000 160793 1232836 160793 1232836
1658348700 160793 1232836 160793 1232836
1658348400 160793 1232836 160793 1232836
1658348100 160793 1232836 160793 1232836
1658347800 160793 1232836 160793 1232836
1658347500 160793 1232836 160793 1232836
1658347200 160793 1232836 160793 1232836
1658346900 160793 1232836 160793 1232836
1658346600 160793 1232836 160793 1232836
1658346300 160793 1232836 160793 1232836
1658346000 160793 1232836 160793 1232836
1658345700 160793 1232836 160793 1232836
1658345400 160793 1232836 160793 1232836
1658345100 160793 1232836 160793 1232836
1658344800 160793 1232836 160793 1232836
1658344500 160793 1232836 160793 1232836
1658344200 160793 1232836 160793 1232836
1658343900 160793 1232836 160793 1232836
1658343600 160793 1232836 160793 1232836
1658343300 160793 1232836 160793 1232836
1658343000 160793 1232836 160793 1232836
1658342700 160793 1232836 160793 1232836
1658342400 160793 1232836 160793 1232836
1658342100 160793 1232836 160793 1232836
1658341800 160793 1232836 160793 1232836
1658341500 160793 1232836 160793 1232836
1658341200 160793 1232836 160793 1232836
1658340900 160793 1232836 160793 1232836
1658340600 160793 1232836 160793 1232836
1658340300 160793 1232836 160793 1232836
1658340000 160793 1232836 160793 1232836
1658339700 160793 1232836 160793 1232836
1658339400 160793 1232836 160793 1232836
1658339100 160793 1232836 160793 1232836
1658338800 160793 1232836 160793 1232836
1658338500 160793 1232836 160793 1232836
1658338200 160793 1232836 160793 1232836
1658337900 160793 1232836 160793 1232836
1658337600 160793 1232836 160793 1232836
1658337300 160793 1232836 160793 1232836
1658337000 160793 1232836 160793 1232836
1658336700 160793 1232836 160793 1232836
1658336400 160793 1232836 160793 1232836
1658336100 160793 1232836 160793 1232836
1658335800 160793 1232836 160793 1232836
1658335500 160793 1232836 160793 1232836
1658335200 160793 1232836 160793 1232836
1658334900 160793 1232836 160793 1232836
1658334600 160793 1232836 160793 1232836
1658334300 160793 1232836 160793 1232836
1658334000 160793 1232836 160793 1232836
1658333700 160793 1232836 160793 1232836
1658333400 160793 1232836 160793 1232836
1658333100 160793 1232836 160793 1232836
1658332800 160793 1232836 160793 1232836
1658332500 160793 1232836 160793 1232836
1658332200 160793 1232836 160793 1232836
1658331900 160793 1232836 160793 1232836
1658331600 160793 1232836 160793 1232836
1658331300 160793 1232836 160793 1232836
1658331000 160793 1232836 160793 1232836
1658330700 160793 1232836 160793 1232836
1658330400 160793 1232836 160793 1232836
1658330100 160793 1232836 160793 1232836
1658329800 160793 1232836 160793 1232836
1658329500 160793 1232836 160793 1232836
1658329200 160793 1232836 160793 1232836
1658328900 160793 1232836 160793 1232836
1658328600 160793 1232836 160793 1232836
1658328300 160793 1232836 160793 1232836
1658328000 160793 1232836 160793 1232836
1658327700 160793 1232836 160793 1232836
1658327400 160793 1232836 160793 1232836
1658327100 160793 1232836 160793 1232836
1658326800 160793 1232836 160793 1232836
1658326500 160793 1232836 160793 1232836
1658326200 160793 1232836 160793 1232836
1658325900 160793 1232836 160793 1232836
1658325600 160793 1232836 160793 1232836
1658325300 160793 1232836 160793 1232836
1658325000 160793 1232836 160793 1232836
1658324700 160793 1232836 160793 1232836
1658324400 160793 1232836 160793 1232836
1658324100 160793 1232836 160793 1232836
1658323800 160793 1232836 160793 1232836
1658323500 160793 1232836 160793 1232836
1658323200 160793 1232836 160793 1232836
1658322900 160793 1232836 160793 1232836
1658322600 160793 1232836 160793 1232836
1658322300 160793 1232836 160793 1232836
1658322000 160793 1232836 160793 1232836
1658321700 160793 1232836 160793 1232836
1658321400 160793 1232836 160793 1232836
1658321100 160793 1232836 160793 1232836
1658320800 160793 1232836 160793 1232836
1658320500 160793 1232836 160793 1232836
1658320200 160793 1232836 160793 1232836
1658319900 160793 1232836 160793 1232836
1658319600 160793 1232836 160793 1232836
1658319300 160793 1232836 160793 1232836
1658319000 160793 1232836 160793 1232836
1658318700 160793 1232836 160793 1232836
1658318400 160793 1232836 160793 1232836
1658318100 160793 1232836 160793 1232836
1658317800 160793 1232836 160793 1232836
1658317500 160793 1232836 160793 1232836
1658317200 160793 1232836 160793 1232836
1658316900 160793 1232836 160793 1232836
1658316600 160793 1232836 160793 1232836
1658316300 160793 1232836 160793 1232836
1658316000 160793 1232836 160793 1232836
1658315700 160793 1232836 160793 1232836
1658315400 160793 1232836 160793 1232836
1658315100 160793 1232836 160793 1232836
1658314800 160793 1232836 160793 1232836
1658314500 160793 1232836 160793 1232836
1658314200 160793 1232836 160793 1232836
1658313900 160793 1232836 160793 1232836
1658313600 160793 1232836 160793 1232836
1658313300 160793 1232836 160793 1232836
1658313000 160793 1232836 160793 1232836
1658312700 160793 1232836 160793 1232836
1658312400 160793 1232836 160793 1232836
1658312100 160793 1232836 160793 1232836
1658311800 160793 1232836 160793 1232836
1658311500 160793 1232836 160793 1232836
1658311200 160793 1232836 160793 1232836
1658310900 160793 1232836 160793 1232836
1658310600 160793 1232836 160793 1232836
1658310300 160793 1232836 160793 1232836
1658310000 160793 1232836 160793 1232836
1658309700 160793 1232836 160793 1232836
1658309400 160793 1232836 160793 1232836
1658309100 160793 1232836 160793 1232836
1658308800 160793 1232836 160793 1232836
1658308500 160793 1232836 160793 1232836
1658308200 160793 1232836 160793 1232836
1658307900 160793 1232836 160793 1232836
1658307600 160793 1232836 160793 1232836
1658307300 160793 1232836 160793 1232836
1658307000 160793 1232836 160793 1232836
1658306700 160793 1232836 160793 1232836
1658306400 160793 1232836 160793 1232836
1658306100 160793 1232836 160793 1232836
1658305800 160793 1232836 160793 1232836
1658305500 160793 1232836 160793 1232836
1658305200 160793 1232836 160793 1232836
1658304900 160793 1232836 160793 1232836
1658304600 160793 1232836 160793 1232836
1658304300 160793 1232836 160793 1232836
1658304000 160793 1232836 160793 1232836
1658303700 160793 1232836 160793 1232836
1658303400 160793 1232836 160793 1232836
1658303100 160793 1232836 160793 1232836
1658302800 160793 1232836 160793 1232836
1658302500 160793 1232836 160793 1232836
1658302200 160793 1232836 160793 1232836
1658301900 160793 1232836 160793 1232836
1658301600 160793 1232836 160793 1232836
1658301300 160793 1232836 160793 1232836
1658301000 160793 1232836 160793 1232836
1658300700 160793 1232836 160793 1232836
1658300400 160793 1232836 160793 1232836
1658300100 160793 1232836 160793 1232836
1658299800 160793 1232836 160793 1232836
1658299500 160793 1232836 160793 1232836
1658299200 160793 1232836 160793 1232836
1658298900 160793 1232836 160793 1232836
1658298600 160793 1232836 160793 1232836
1658298300 160793 1232836 160793 1232836
1658298000 160793 1232836 160793 1232836
1658297700 160793 1232836 160793 1232836
1658297400 160793 1232836 160793 1232836
1658297100 160793 1232836 160793 1232836
1658296800 160793 1232836 160793 1232836
1658296500 160793 1232836 160793 1232836
1658296200 160793 1232836 160793 1232836
1658295900 160793 1232836 160793 1232836
1658295600 160793 1232836 160793 1232836
1658295300 160793 1232836 160793 1232836
1658295000 160793 1232836 160793 1232836
1658294700 160793 1232836 160793 1232836
1658294400 160793 1232836 160793 1232836
1658294100 160793 1232836 160793 1232836
1658293800 160793 1232836 160793 1232836
1658293500 160793 1232836 160793 1232836
1658293200 160793 1232836 160793 1232836
1658292900 160793 1232836 160793 1232836
1658292600 160793 1232836 160793 1232836
1658292300 160793 1232836 160793 1232836
1658292000 160793 1232836 160793 1232836
1658291700 160793 1232836 160793 1232836
1658291400 160793 1232836 160793 1232836
1658291100 160793 1232836 160793 1232836
1658290800 160793 1232836 160793 1232836
1658290500 160793 1232836 160793 1232836
1658290200 160793 1232836 160793 1232836
1658289900 160793 1232836 160793 1232836
1658289600 160793 1232836 160793 1232836
1658289300 160793 1232836 160793 1232836
1658289000 160793 1232836 160793 1232836
1658288700 160793 1232836 160793 1232836
1658288400 160793 1232836 160793 1232836
1658288100 160793 1232836 160793 1232836
1658287800 160793 1232836 160793 1232836
1658287500 160793 1232836 160793 1232836
1658287200 160793 1232836 160793 1232836
1658286900 160793 1232836 160793 1232836
1658286600 160793 1232836 160793 1232836
1658286300 160793 1232836 160793 1232836
1658286000 160793 1232836 160793 1232836
1658285700 160793 1232836 160793 1232836
1658285400 160793 1232836 160793 1232836
1658285100 160793 1232836 160793 1232836
1658284800 160793 1232836 160793 1232836
1658284500 160793 1232836 160793 1232836
1658284200 160793 1232836 160793 1232836
1658283900 160793 1232836 160793 1232836
1658283600 160793 1232836 160793 1232836
1658283300 160793 1232836 160793 1232836
1658283000 160793 1232836 160793 1232836
1658282700 160793 1232836 160793 1232836
1658282400 160793 1232836 160793 1232836
1658282100 160793 1232836 160793 1232836
1658281800 160793 1232836 160793 1232836
1658281500 160793 1232836 160793 1232836
1658281200 160793 1232836 160793 1232836
1658280900 160793 1232836 160793 1232836
1658280600 160793 1232836 160793 1232836
1658280300 160793 1232836 160793 1232836
1658280000 160793 1232836 160793 1232836
1658279700 160793 1232836 160793 1232836
1658279400 160793 1232836 160793 1232836
1658279100 160793 1232836 160793 1232836
1658278800 160793 1232836 160793 1232836
1658278500 160793 1232836 160793 1232836
1658278200 160793 1232836 160793 1232836
1658277900 160793 1232836 160793 1232836
1658277600 160793 1232836 160793 1232836
1658277300 160793 1232836 160793 1232836
1658277000 160793 1232836 160793 1232836
1658276700 160793 1232836 160793 1232836
1658276400 160793 1232836 160793 1232836
1658276100 160793 1232836 160793 1232836
1658275800 160793 1232836 160793 1232836
1658275500 160793 1232836 160793 1232836
1658275200 160793 1232836 160793 1232836
1658274900 160793 1232836 160793 1232836
1658274600 160793 1232836 160793 1232836
1658274300 160793 1232836 160793 1232836
1658274000 160793 1232836 160793 1232836
1658273700 160793 1232836 160793 1232836
1658273400 160793 1232836 160793 1232836
1658273100 160793 1232836 160793 1232836
1658272800 160793 1232836 160793 1232836
1658272500 160793 1232836 160793 1232836
1658272200 160793 1232836 160793 1232836
1658271900 160793 1232836 160793 1232836
1658271600 160793 1232836 160793 1232836
1658271300 160793 1232836 160793 1232836
1658271000 160793 1232836 160793 1232836
1658270700 160793 1232836 160793 1232836
1658270400 160793 1232836 160793 1232836
1658270100 160793 1232836 160793 1232836
1658269800 160793 1232836 160793 1232836
1658269500 160793 1232836 160793 1232836
1658269200 160793 1232836 160793 1232836
1658268900 160793 1232836 160793 1232836
1658268600 160793 1232836 160793 1232836
1658268300 160793 1232836 160793 1232836
1658268000 160793 1232836 160793 1232836
1658267700 160793 1232836 160793 1232836
1658267400 160793 1232836 160793 1232836
1658267100 160793 1232836 160793 1232836
1658266800 160793 1232836 160793 1232836
1658266500 160793 1232836 160793 1232836
1658266200 160793 1232836 160793 1232836
1658265900 160793 1232836 160793 1232836
1658265600 160793 1232836 160793 1232836
1658265300 160793 1232836 160793 1232836
1658265000 160793 1232836 160793 1232836
1658264700 160793 1232836 160793 1232836
1658264400 160793 1232836 160793 1232836
1658264100 160793 1232836 160793 1232836
1658263800 160793 1232836 160793 1232836
1658263500 160793 1232836 160793 1232836
1658263200 160793 1232836 160793 1232836
1658262900 160793 1232836 160793 1232836
1658262600 160793 1232836 160793 1232836
1658262300 160793 1232836 160793 1232836
1658262000 160793 1232836 160793 1232836
1658261700 160793 1232836 160793 1232836
1658261400 160793 1232836 160793 1232836
1658261100 160793 1232836 160793 1232836
1658260800 160793 1232836 160793 1232836
1658260500 160793 1232836 160793 1232836
1658260200 160793 1232836 160793 1232836
1658259900 160793 1232836 160793 1232836
1658259600 160793 1232836 160793 1232836
1658259300 160793 1232836 160793 1232836
1658259000 160793 1232836 160793 1232836
1658258700 160793 1232836 160793 1232836
1658258400 160793 1232836 160793 1232836
1658258100 160793 1232836 160793 1232836
1658257800 160793 1232836 160793 1232836
1658257500 160793 1232836 160793 1232836
1658257200 160793 1232836 160793 1232836
1658256900 160793 1232836 160793 1232836
1658256600 160793 1232836 160793 1232836
1658256300 160793 1232836 160793 1232836
1658256000 160793 1232836 160793 1232836
1658255700 160793 1232836 160793 1232836
1658255400 160793 1232836 160793 1232836
1658255100 160793 1232836 160793 1232836
1658254800 160793 1232836 160793 1232836
1658254500 160793 1232836 160793 1232836
1658254200 160793 1232836 160793 1232836
1658253900 160793 1232836 160793 1232836
1658253600 160793 1232836 160793 1232836
1658253300 160793 1232836 160793 1232836
1658253000 160793 1232836 160793 1232836
1658252700 160793 1232836 160793 1232836
1658252400 160793 1232836 160793 1232836
1658252100 160793 1232836 160793 1232836
1658251800 160793 1232836 160793 1232836
1658250000 160793 1232836 160793 1232836
1658248200 160793 1232836 160793 1232836
1658246400 160793 1232836 160793 1232836
1658244600 160793 1232836 160793 1232836
1658242800 160793 1232836 160793 1232836
1658241000 160793 1232836 160793 1232836
1658239200 160793 1232836 160793 1232836
1658237400 160793 1232836 160793 1232836
1658235600 160793 1232836 160793 1232836
1658233800 160793 1232836 160793 1232836
1658232000 160793 1232836 160793 1232836
1658230200 160793 1232836 160793 1232836
1658228400 160793 1232836 160793 1232836
1658226600 160793 1232836 160793 1232836
1658224800 160793 1232836 160793 1232836
1658223000 160793 1232836 160793 1232836
1658221200 160793 1232836 160793 1232836
1658219400 160793 1232836 160793 1232836
1658217600 160793 1232836 160793 1232836
1658215800 160793 1232836 160793 1232836
1658214000 160793 1232836 160793 1232836
1658212200 160793 1232836 160793 1232836
1658210400 160793 1232836 160793 1232836
1658208600 160793 1232836 160793 1232836
1658206800 160793 1232836 160793 1232836
1658205000 160793 1232836 160793 1232836
1658203200 160793 1232836 160793 1232836
1658201400 160793 1232836 160793 1232836
1658199600 160793 1232836 160793 1232836
1658197800 160793 1232836 160793 1232836
1658196000 160793 1232836 160793 1232836
1658194200 160793 1232836 160793 1232836
1658192400 160793 1232836 160793 1232836
1658190600 160793 1232836 160793 1232836
1658188800 160793 1232836 160793 1232836
1658187000 160793 1232836 160793 1232836
1658185200 160793 1232836 160793 1232836
1658183400 160793 1232836 160793 1232836
1658181600 160793 1232836 160793 1232836
1658179800 160793 1232836 160793 1232836
1658178000 160793 1232836 160793 1232836
1658176200 160793 1232836 160793 1232836
1658174400 160793 1232836 160793 1232836
1658172600 160793 1232836 160793 1232836
1658170800 160793 1232836 160793 1232836
1658169000 160793 1232836 160793 1232836
1658167200 160793 1232836 160793 1232836
1658165400 160793 1232836 160793 1232836
1658163600 160793 1232836 160793 1232836
1658161800 160793 1232836 160793 1232836
1658160000 160793 1232836 160793 1232836
1658158200 160793 1232836 160793 1232836
1658156400 160793 1232836 160793 1232836
1658154600 160793 1232836 160793 1232836
1658152800 160793 1232836 160793 1232836
1658151000 160793 1232836 160793 1232836
1658149200 160793 1232836 160793 1232836
1658147400 160793 1232836 160793 1232836
1658145600 160793 1232836 160793 1232836
1658143800 160793 1232836 160793 1232836
1658142000 160793 1232836 160793 1232836
1658140200 160793 1232836 160793 1232836
1658138400 160793 1232836 160793 1232836
1658136600 160793 1232836 160793 1232836
1658134800 160793 1232836 160793 1232836
1658133000 160793 1232836 160793 1232836
1658131200 160793 1232836 160793 1232836
1658129400 160793 1232836 160793 1232836
1658127600 160793 1232836 160793 1232836
1658125800 160793 1232836 160793 1232836
1658124000 160793 1232836 160793 1232836
1658122200 160793 1232836 160793 1232836
1658120400 160793 1232836 160793 1232836
1658118600 160793 1232836 160793 1232836
1658116800 160793 1232836 160793 1232836
1658115000 160793 1232836 160793 1232836
1658113200 160793 1232836 160793 1232836
1658111400 160793 1232836 160793 1232836
1658109600 160793 1232836 160793 1232836
1658107800 160793 1232836 160793 1232836
1658106000 160793 1232836 160793 1232836
1658104200 160793 1232836 160793 1232836
1658102400 160793 1232836 160793 1232836
1658100600 160793 1232836 160793 1232836
1658098800 160793 1232836 160793 1232836
1658097000 160793 1232836 160793 1232836
1658095200 160793 1232836 160793 1232836
1658093400 160793 1232836 160793 1232836
1658091600 160793 1232836 160793 1232836
1658089800 160793 1232836 160793 1232836
1658088000 160793 1232836 160793 1232836
1658086200 160793 1232836 160793 1232836
1658084400 160793 1232836 160793 1232836
1658082600 160793 1232836 160793 1232836
1658080800 160793 1232836 160793 1232836
1658079000 160793 1232836 160793 1232836
1658077200 160793 1232836 160793 1232836
1658075400 160793 1232836 160793 1232836
1658073600 160793 1232836 160793 1232836
1658071800 160793 1232836 160793 1232836
1658070000 160793 1232836 160793 1232836
1658068200 160793 1232836 160793 1232836
1658066400 160793 1232836 160793 1232836
1658064600 160793 1232836 160793 1232836
1658062800 160793 1232836 160793 1232836
1658061000 160793 1232836 160793 1232836
1658059200 160793 1232836 160793 1232836
1658057400 160793 1232836 160793 1232836
1658055600 160793 1232836 160793 1232836
1658053800 160793 1232836 160793 1232836
1658052000 160793 1232836 160793 1232836
1658050200 160793 1232836 160793 1232836
1658048400 160793 1232836 160793 1232836
1658046600 160793 1232836 160793 1232836
1658044800 160793 1232836 160793 1232836
1658043000 160793 1232836 160793 1232836
1658041200 160793 1232836 160793 1232836
1658039400 160793 1232836 160793 1232836
1658037600 160793 1232836 160793 1232836
1658035800 160793 1232836 160793 1232836
1658034000 160793 1232836 160793 1232836
1658032200 160793 1232836 160793 1232836
1658030400 160793 1232836 160793 1232836
1658028600 160793 1232836 160793 1232836
1658026800 160793 1232836 160793 1232836
1658025000 160793 1232836 160793 1232836
1658023200 160793 1232836 160793 1232836
1658021400 160793 1232836 160793 1232836
1658019600 160793 1232836 160793 1232836
1658017800 160793 1232836 160793 1232836
1658016000 160793 1232836 160793 1232836
1658014200 160793 1232836 160793 1232836
1658012400 160793 1232836 160793 1232836
1658010600 160793 1232836 160793 1232836
1658008800 160793 1232836 160793 1232836
1658007000 160793 1232836 160793 1232836
1658005200 160793 1232836 160793 1232836
1658003400 160793 1232836 160793 1232836
1658001600 160793 1232836 160793 1232836
1657999800 160793 1232836 160793 1232836
1657998000 160793 1232836 160793 1232836
1657996200 160793 1232836 160793 1232836
1657994400 160793 1232836 160793 1232836
1657992600 160793 1232836 160793 1232836
1657990800 160793 1232836 160793 1232836
1657989000 160793 1232836 160793 1232836
1657987200 160793 1232836 160793 1232836
1657985400 160793 1232836 160793 1232836
1657983600 160793 1232836 160793 1232836
1657981800 160793 1232836 160793 1232836
1657980000 160793 1232836 160793 1232836
1657978200 160793 1232836 160793 1232836
1657976400 160793 1232836 160793 1232836
1657974600 160793 1232836 160793 1232836
1657972800 160793 1232836 160793 1232836
1657971000 160793 1232836 160793 1232836
1657969200 160793 1232836 160793 1232836
1657967400 160793 1232836 160793 1232836
1657965600 160793 1232836 160793 1232836
1657963800 160793 1232836 160793 1232836
1657962000 160793 1232836 160793 1232836
1657960200 160793 1232836 160793 1232836
1657958400 160793 1232836 160793 1232836
1657956600 160793 1232836 160793 1232836
1657954800 160793 1232836 160793 1232836
1657953000 160793 1232836 160793 1232836
1657951200 160793 1232836 160793 1232836
1657949400 160793 1232836 160793 1232836
1657947600 160793 1232836 160793 1232836
1657945800 160793 1232836 160793 1232836
1657944000 160793 1232836 160793 1232836
1657942200 160793 1232836 160793 1232836
1657940400 160793 1232836 160793 1232836
1657938600 160793 1232836 160793 1232836
1657936800 160793 1232836 160793 1232836
1657935000 160793 1232836 160793 1232836
1657933200 160793 1232836 160793 1232836
1657931400 160793 1232836 160793 1232836
1657929600 160793 1232836 160793 1232836
1657927800 160793 1232836 160793 1232836
1657926000 160793 1232836 160793 1232836
1657924200 160793 1232836 160793 1232836
1657922400 160793 1232836 160793 1232836
1657920600 160793 1232836 160793 1232836
1657918800 160793 1232836 160793 1232836
1657917000 160793 1232836 160793 1232836
1657915200 160793 1232836 160793 1232836
1657913400 160793 1232836 160793 1232836
1657911600 160793 1232836 160793 1232836
1657909800 160793 1232836 160793 1232836
1657908000 160793 1232836 160793 1232836
1657906200 160793 1232836 160793 1232836
1657904400 160793 1232836 160793 1232836
1657902600 160793 1232836 160793 1232836
1657900800 160793 1232836 160793 1232836
1657899000 160793 1232836 160793 1232836
1657897200 160793 1232836 160793 1232836
1657895400 160793 1232836 160793 1232836
1657893600 160793 1232836 160793 1232836
1657891800 160793 1232836 160793 1232836
1657890000 160793 1232836 160793 1232836
1657888200 160793 1232836 160793 1232836
1657886400 160793 1232836 160793 1232836
1657884600 160793 1232836 160793 1232836
1657882800 160793 1232836 160793 1232836
1657881000 160793 1232836 160793 1232836
1657879200 160793 1232836 160793 1232836
1657877400 160793 1232836 160793 1232836
1657875600 160793 1232836 160793 1232836
1657873800 160793 1232836 160793 1232836
1657872000 160793 1232836 160793 1232836
1657870200 160793 1232836 160793 1232836
1657868400 160793 1232836 160793 1232836
1657866600 160793 1232836 160793 1232836
1657864800 160793 1232836 160793 1232836
1657863000 160793 1232836 160793 1232836
1657861200 160793 1232836 160793 1232836
1657859400 160793 1232836 160793 1232836
1657857600 160793 1232836 160793 1232836
1657855800 160793 1232836 160793 1232836
1657854000 160793 1232836 160793 1232836
1657852200 160793 1232836 160793 1232836
1657850400 160793 1232836 160793 1232836
1657848600 160793 1232836 160793 1232836
1657846800 160793 1232836 160793 1232836
1657845000 160793 1232836 160793 1232836
1657843200 160793 1232836 160793 1232836
1657841400 160793 1232836 160793 1232836
1657839600 160793 1232836 160793 1232836
1657837800 160793 1232836 160793 1232836
1657836000 160793 1232836 160793 1232836
1657834200 160793 1232836 160793 1232836
1657832400 160793 1232836 160793 1232836
1657830600 160793 1232836 160793 1232836
1657828800 160793 1232836 160793 1232836
1657827000 160793 1232836 160793 1232836
1657825200 160793 1232836 160793 1232836
1657823400 160793 1232836 160793 1232836
1657821600 160793 1232836 160793 1232836
1657819800 160793 1232836 160793 1232836
1657818000 160793 1232836 160793 1232836
1657816200 160793 1232836 160793 1232836
1657814400 160793 1232836 160793 1232836
1657812600 160793 1232836 160793 1232836
1657810800 160793 1232836 160793 1232836
1657809000 160793 1232836 160793 1232836
1657807200 160793 1232836 160793 1232836
1657805400 160793 1232836 160793 1232836
1657803600 160793 1232836 160793 1232836
1657801800 160793 1232836 160793 1232836
1657800000 160793 1232836 160793 1232836
1657798200 160793 1232836 160793 1232836
1657796400 160793 1232836 160793 1232836
1657794600 160793 1232836 160793 1232836
1657792800 160793 1232836 160793 1232836
1657791000 160793 1232836 160793 1232836
1657789200 160793 1232836 160793 1232836
1657787400 160793 1232836 160793 1232836
1657785600 160793 1232836 160793 1232836
1657783800 160793 1232836 160793 1232836
1657782000 160793 1232836 160793 1232836
1657780200 160793 1232836 160793 1232836
1657778400 160793 1232836 160793 1232836
1657776600 160793 1232836 160793 1232836
1657774800 160793 1232836 160793 1232836
1657773000 160793 1232836 160793 1232836
1657771200 160793 1232836 160793 1232836
1657769400 160793 1232836 160793 1232836
1657767600 160793 1232836 160793 1232836
1657765800 160793 1232836 160793 1232836
1657764000 160793 1232836 160793 1232836
1657762200 160793 1232836 160793 1232836
1657760400 160793 1232836 160793 1232836
1657758600 160793 1232836 160793 1232836
1657756800 160793 1232836 160793 1232836
1657755000 160793 1232836 160793 1232836
1657753200 160793 1232836 160793 1232836
1657751400 160793 1232836 160793 1232836
1657749600 160793 1232836 160793 1232836
1657747800 160793 1232836 160793 1232836
1657746000 160793 1232836 160793 1232836
1657744200 160793 1232836 160793 1232836
1657742400 160793 1232836 160793 1232836
1657740600 160793 1232836 160793 1232836
1657738800 160793 1232836 160793 1232836
1657737000 160793 1232836 160793 1232836
1657735200 160793 1232836 160793 1232836
1657733400 160793 1232836 160793 1232836
1657731600 160793 1232836 160793 1232836
1657729800 160793 1232836 160793 1232836
1657728000 160793 1232836 160793 1232836
1657726200 160793 1232836 160793 1232836
1657724400 160793 1232836 160793 1232836
1657722600 160793 1232836 160793 1232836
1657720800 160793 1232836 160793 1232836
1657719000 160793 1232836 160793 1232836
1657717200 160793 1232836 160793 1232836
1657715400 160793 1232836 160793 1232836
1657713600 160793 1232836 160793 1232836
1657711800 160793 1232836 160793 1232836
1657710000 160793 1232836 160793 1232836
1657708200 160793 1232836 160793 1232836
1657706400 160793 1232836 160793 1232836
1657704600 160793 1232836 160793 1232836
1657702800 160793 1232836 160793 1232836
1657701000 160793 1232836 160793 1232836
1657699200 160793 1232836 160793 1232836
1657697400 160793 1232836 160793 1232836
1657695600 160793 1232836 160793 1232836
1657693800 160793 1232836 160793 1232836
1657692000 160793 1232836 160793 1232836
1657690200 160793 1232836 160793 1232836
1657688400 160793 1232836 160793 1232836
1657686600 160793 1232836 160793 1232836
1657684800 160793 1232836 160793 1232836
1657683000 160793 1232836 160793 1232836
1657681200 160793 1232836 160793 1232836
1657679400 160793 1232836 160793 1232836
1657677600 160793 1232836 160793 1232836
1657675800 160793 1232836 160793 1232836
1657674000 160793 1232836 160793 1232836
1657672200 160793 1232836 160793 1232836
1657670400 160793 1232836 160793 1232836
1657668600 160793 1232836 160793 1232836
1657666800 160793 1232836 160793 1232836
1657665000 160793 1232836 160793 1232836
1657663200 160793 1232836 160793 1232836
1657661400 160793 1232836 160793 1232836
1657659600 160793 1232836 160793 1232836
1657657800 160793 1232836 160793 1232836
1657656000 160793 1232836 160793 1232836
1657654200 160793 1232836 160793 1232836
1657652400 160793 1232836 160793 1232836
1657650600 160793 1232836 160793 1232836
1657648800 160793 1232836 160793 1232836
1657647000 160793 1232836 160793 1232836
1657645200 160793 1232836 160793 1232836
1657643400 160793 1232836 160793 1232836
1657641600 160793 1232836 160793 1232836
1657639800 160793 1232836 160793 1232836
1657638000 160793 1232836 160793 1232836
1657636200 160793 1232836 160793 1232836
1657634400 160793 1232836 160793 1232836
1657632600 160793 1232836 160793 1232836
1657630800 160793 1232836 160793 1232836
1657629000 160793 1232836 160793 1232836
1657627200 160793 1232836 160793 1232836
1657625400 160793 1232836 160793 1232836
1657623600 160793 1232836 160793 1232836
1657621800 160793 1232836 160793 1232836
1657620000 160793 1232836 160793 1232836
1657618200 160793 1232836 160793 1232836
1657616400 160793 1232836 160793 1232836
1657614600 160793 1232836 160793 1232836
1657612800 160793 1232836 160793 1232836
1657611000 160793 1232836 160793 1232836
1657609200 160793 1232836 160793 1232836
1657607400 160793 1232836 160793 1232836
1657605600 160793 1232836 160793 1232836
1657603800 160793 1232836 160793 1232836
1657602000 160793 1232836 160793 1232836
1657600200 160793 1232836 160793 1232836
1657598400 160793 1232836 160793 1232836
1657596600 160793 1232836 160793 1232836
1657594800 160793 1232836 160793 1232836
1657593000 160793 1232836 160793 1232836
1657591200 160793 1232836 160793 1232836
1657589400 160793 1232836 160793 1232836
1657587600 160793 1232836 160793 1232836
1657585800 160793 1232836 160793 1232836
1657584000 160793 1232836 160793 1232836
1657582200 160793 1232836 160793 1232836
1657580400 160793 1232836 160793 1232836
1657578600 160793 1232836 160793 1232836
1657576800 160793 1232836 160793 1232836
1657575000 160793 1232836 160793 1232836
1657573200 160793 1232836 160793 1232836
1657571400 160793 1232836 160793 1232836
1657569600 160793 1232836 160793 1232836
1657567800 160793 1232836 160793 1232836
1657566000 160793 1232836 160793 1232836
1657564200 160793 1232836 160793 1232836
1657562400 160793 1232836 160793 1232836
1657560600 160793 1232836 160793 1232836
1657558800 160793 1232836 160793 1232836
1657557000 160793 1232836 160793 1232836
1657555200 160793 1232836 160793 1232836
1657553400 160793 1232836 160793 1232836
1657551600 160793 1232836 160793 1232836
1657549800 160793 1232836 160793 1232836
1657548000 160793 1232836 160793 1232836
1657546200 160793 1232836 160793 1232836
1657544400 160793 1232836 160793 1232836
1657542600 160793 1232836 160793 1232836
1657540800 160793 1232836 160793 1232836
1657539000 160793 1232836 160793 1232836
1657537200 160793 1232836 160793 1232836
1657535400 160793 1232836 160793 1232836
1657533600 160793 1232836 160793 1232836
1657531800 160793 1232836 160793 1232836
1657530000 160793 1232836 160793 1232836
1657528200 160793 1232836 160793 1232836
1657526400 160793 1232836 160793 1232836
1657524600 160793 1232836 160793 1232836
1657522800 160793 1232836 160793 1232836
1657521000 160793 1232836 160793 1232836
1657519200 160793 1232836 160793 1232836
1657517400 160793 1232836 160793 1232836
1657515600 160793 1232836 160793 1232836
1657513800 160793 1232836 160793 1232836
1657512000 160793 1232836 160793 1232836
1657510200 160793 1232836 160793 1232836
1657508400 160793 1232836 160793 1232836
1657506600 160793 1232836 160793 1232836
1657504800 160793 1232836 160793 1232836
1657503000 160793 1232836 160793 1232836
1657501200 160793 1232836 160793 1232836
1657499400 160793 1232836 160793 1232836
1657497600 160793 1232836 160793 1232836
1657495800 160793 1232836 160793 1232836
1657494000 160793 1232836 160793 1232836
1657492200 160793 1232836 160793 1232836
1657490400 160793 1232836 160793 1232836
1657488600 160793 1232836 160793 1232836
1657486800 160793 1232836 160793 1232836
1657485000 160793 1232836 160793 1232836
1657483200 160793 1232836 160793 1232836
1657481400 160793 1232836 160793 1232836
1657479600 160793 1232836 160793 1232836
1657477800 160793 1232836 160793 1232836
1657476000 160793 1232836 160793 1232836
1657474200 160793 1232836 160793 1232836
1657472400 160793 1232836 160793 1232836
1657470600 160793 1232836 160793 1232836
1657468800 160793 1232836 160793 1232836
1657467000 160793 1232836 160793 1232836
1657465200 160793 1232836 160793 1232836
1657463400 160793 1232836 160793 1232836
1657461600 160793 1232836 160793 1232836
1657459800 160793 1232836 160793 1232836
1657458000 160793 1232836 160793 1232836
1657456200 160793 1232836 160793 1232836
1657454400 160793 1232836 160793 1232836
1657452600 160793 1232836 160793 1232836
1657450800 160793 1232836 160793 1232836
1657449000 160793 1232836 160793 1232836
1657447200 160793 1232836 160793 1232836
1657445400 160793 1232836 160793 1232836
1657443600 160793 1232836 160793 1232836
1657441800 160793 1232836 160793 1232836
1657440000 160793 1232836 160793 1232836
1657438200 160793 1232836 160793 1232836
1657436400 160793 1232836 160793 1232836
1657434600 160793 1232836 160793 1232836
1657432800 160793 1232836 160793 1232836
1657431000 160793 1232836 160793 1232836
1657429200 160793 1232836 160793 1232836
1657427400 160793 1232836 160793 1232836
1657425600 160793 1232836 160793 1232836
1657423800 160793 1232836 160793 1232836
1657422000 160793 1232836 160793 1232836
1657420200 160793 1232836 160793 1232836
1657418400 160793 1232836 160793 1232836
1657416600 160793 1232836 160793 1232836
1657414800 160793 1232836 160793 1232836
1657413000 160793 1232836 160793 1232836
1657411200 160793 1232836 160793 1232836
1657409400 160793 1232836 160793 1232836
1657407600 160793 1232836 160793 1232836
1657405800 160793 1232836 160793 1232836
1657404000 160793 1232836 160793 1232836
1657402200 160793 1232836 160793 1232836
1657400400 160793 1232836 160793 1232836
1657398600 160793 1232836 160793 1232836
1657396800 160793 1232836 160793 1232836
1657395000 160793 1232836 160793 1232836
1657393200 160793 1232836 160793 1232836
1657391400 160793 1232836 160793 1232836
1657389600 160793 1232836 160793 1232836
1657387800 160793 1232836 160793 1232836
1657386000 160793 1232836 160793 1232836
1657384200 160793 1232836 160793 1232836
1657382400 160793 1232836 160793 1232836
1657380600 160793 1232836 160793 1232836
1657378800 160793 1232836 160793 1232836
1657377000 160793 1232836 160793 1232836
1657375200 160793 1232836 160793 1232836
1657373400 160793 1232836 160793 1232836
1657371600 160793 1232836 160793 1232836
1657369800 160793 1232836 160793 1232836
1657368000 160793 1232836 160793 1232836
1657366200 160793 1232836 160793 1232836
1657364400 160793 1232836 160793 1232836
1657362600 160793 1232836 160793 1232836
1657360800 160793 1232836 160793 1232836
1657359000 160793 1232836 160793 1232836
1657357200 160793 1232836 160793 1232836
1657355400 160793 1232836 160793 1232836
1657353600 160793 1232836 160793 1232836
1657351800 160793 1232836 160793 1232836
1657350000 160793 1232836 160793 1232836
1657348200 160793 1232836 160793 1232836
1657346400 160793 1232836 160793 1232836
1657344600 160793 1232836 160793 1232836
1657342800 160793 1232836 160793 1232836
1657341000 160793 1232836 160793 1232836
1657339200 160793 1232836 160793 1232836
1657337400 160793 1232836 160793 1232836
1657335600 160793 1232836 160793 1232836
1657333800 160793 1232836 160793 1232836
1657332000 160793 1232836 160793 1232836
1657330200 160793 1232836 160793 1232836
1657328400 160793 1232836 160793 1232836
1657326600 160793 1232836 160793 1232836
1657324800 160793 1232836 160793 1232836
1657323000 160793 1232836 160793 1232836
1657321200 160793 1232836 160793 1232836
1657319400 160793 1232836 160793 1232836
1657317600 160793 1232836 160793 1232836
1657315800 160793 1232836 160793 1232836
1657314000 160793 1232836 160793 1232836
1657312200 160793 1232836 160793 1232836
1657310400 160793 1232836 160793 1232836
1657308600 160793 1232836 160793 1232836
1657306800 160793 1232836 160793 1232836
1657305000 160793 1232836 160793 1232836
1657303200 160793 1232836 160793 1232836
1657301400 160793 1232836 160793 1232836
1657299600 160793 1232836 160793 1232836
1657297800 160793 1232836 160793 1232836
1657296000 160793 1232836 160793 1232836
1657294200 160793 1232836 160793 1232836
1657292400 160793 1232836 160793 1232836
1657290600 160793 1232836 160793 1232836
1657288800 160793 1232836 160793 1232836
1657287000 160793 1232836 160793 1232836
1657285200 160793 1232836 160793 1232836
1657283400 160793 1232836 160793 1232836
1657281600 160793 1232836 160793 1232836
1657279800 160793 1232836 160793 1232836
1657278000 160793 1232836 160793 1232836
1657276200 160793 1232836 160793 1232836
1657274400 160793 1232836 160793 1232836
1657272600 160793 1232836 160793 1232836
1657270800 160793 1232836 160793 1232836
1657269000 160793 1232836 160793 1232836
1657267200 160793 1232836 160793 1232836
1657265400 160793 1232836 160793 1232836
1657263600 160793 1232836 160793 1232836
1657261800 160793 1232836 160793 1232836
1657260000 160793 1232836 160793 1232836
1657258200 160793 1232836 160793 1232836
1657256400 160793 1232836 160793 1232836
1657254600 160793 1232836 160793 1232836
1657252800 160793 1232836 160793 1232836
1657251000 160793 1232836 160793 1232836
1657249200 160793 1232836 160793 1232836
1657247400 160793 1232836 160793 1232836
1657245600 160793 1232836 160793 1232836
1657243800 160793 1232836 160793 1232836
1657242000 160793 1232836 160793 1232836
1657240200 160793 1232836 160793 1232836
1657238400 160793 1232836 160793 1232836
1657236600 160793 1232836 160793 1232836
1657234800 160793 1232836 160793 1232836
1657233000 160793 1232836 160793 1232836
1657231200 160793 1232836 160793 1232836
1657229400 160793 1232836 160793 1232836
1657227600 160793 1232836 160793 1232836
1657225800 160793 1232836 160793 1232836
1657224000 160793 1232836 160793 1232836
1657222200 160793 1232836 160793 1232836
1657220400 160793 1232836 160793 1232836
1657218600 160793 1232836 160793 1232836
1657216800 160793 1232836 160793 1232836
1657215000 160793 1232836 160793 1232836
1657213200 160793 1232836 160793 1232836
1657211400 160793 1232836 160793 1232836
1657209600 160793 1232836 160793 1232836
1657207800 160793 1232836 160793 1232836
1657206000 160793 1232836 160793 1232836
1657204200 160793 1232836 160793 1232836
1657202400 160793 1232836 160793 1232836
1657200600 160793 1232836 160793 1232836
1657198800 160793 1232836 160793 1232836
1657197000 160793 1232836 160793 1232836
1657195200 160793 1232836 160793 1232836
1657193400 160793 1232836 160793 1232836
1657191600 160793 1232836 160793 1232836
1657189800 160793 1232836 160793 1232836
1657188000 160793 1232836 160793 1232836
1657186200 160793 1232836 160793 1232836
1657184400 160793 1232836 160793 1232836
1657182600 160793 1232836 160793 1232836
1657180800 160793 1232836 160793 1232836
1657179000 160793 1232836 160793 1232836
1657177200 160793 1232836 160793 1232836
1657175400 160793 1232836 160793 1232836
1657173600 160793 1232836 160793 1232836
1657171800 160793 1232836 160793 1232836
1657166400 160793 1232836 160793 1232836
1657159200 160793 1232836 160793 1232836
1657152000 160793 1232836 160793 1232836
1657144800 160793 1232836 160793 1232836
1657137600 160793 1232836 160793 1232836
1657130400 160793 1232836 160793 1232836
1657123200 160793 1232836 160793 1232836
1657116000 160793 1232836 160793 1232836
1657108800 160793 1232836 160793 1232836
1657101600 160793 1232836 160793 1232836
1657094400 160793 1232836 160793 1232836
1657087200 160793 1232836 160793 1232836
1657080000 160793 1232836 160793 1232836
1657072800 160793 1232836 160793 1232836
1657065600 160793 1232836 160793 1232836
1657058400 160793 1232836 160793 1232836
1657051200 160793 1232836 160793 1232836
1657044000 160793 1232836 160793 1232836
1657036800 160793 1232836 160793 1232836
1657029600 160793 1232836 160793 1232836
1657022400 160793 1232836 160793 1232836
1657015200 160793 1232836 160793 1232836
1657008000 160793 1232836 160793 1232836
1657000800 160793 1232836 160793 1232836
1656993600 160793 1232836 160793 1232836
1656986400 160793 1232836 160793 1232836
1656979200 160793 1232836 160793 1232836
1656972000 160793 1232836 160793 1232836
1656964800 160793 1232836 160793 1232836
1656957600 160793 1232836 160793 1232836
1656950400 160793 1232836 160793 1232836
1656943200 160793 1232836 160793 1232836
1656936000 160793 1232836 160793 1232836
1656928800 160793 1232836 160793 1232836
1656921600 160793 1232836 160793 1232836
1656914400 160793 1232836 160793 1232836
1656907200 160793 1232836 160793 1232836
1656900000 160793 1232836 160793 1232836
1656892800 160793 1232836 160793 1232836
1656885600 160793 1232836 160793 1232836
1656878400 160793 1232836 160793 1232836
1656871200 160793 1232836 160793 1232836
1656864000 160793 1232836 160793 1232836
1656856800 160793 1232836 160793 1232836
1656849600 160793 1232836 160793 1232836
1656842400 160793 1232836 160793 1232836
1656835200 160793 1232836 160793 1232836
1656828000 160793 1232836 160793 1232836
1656820800 160793 1232836 160793 1232836
1656813600 160793 1232836 160793 1232836
1656806400 160793 1232836 160793 1232836
1656799200 160793 1232836 160793 1232836
1656792000 160793 1232836 160793 1232836
1656784800 160793 1232836 160793 1232836
1656777600 160793 1232836 160793 1232836
1656770400 160793 1232836 160793 1232836
1656763200 160793 1232836 160793 1232836
1656756000 160793 1232836 160793 1232836
1656748800 160793 1232836 160793 1232836
1656741600 160793 1232836 160793 1232836
1656734400 160793 1232836 160793 1232836
1656727200 160793 1232836 160793 1232836
1656720000 160793 1232836 160793 1232836
1656712800 160793 1232836 160793 1232836
1656705600 160793 1232836 160793 1232836
1656698400 160793 1232836 160793 1232836
1656691200 160793 1232836 160793 1232836
1656684000 160793 1232836 160793 1232836
1656676800 160793 1232836 160793 1232836
1656669600 160793 1232836 160793 1232836
1656662400 160793 1232836 160793 1232836
1656655200 160793 1232836 160793 1232836
1656648000 160793 1232836 160793 1232836
1656640800 160793 1232836 160793 1232836
1656633600 160793 1232836 160793 1232836
1656626400 160793 1232836 160793 1232836
1656619200 160793 1232836 160793 1232836
1656612000 160793 1232836 160793 1232836
1656604800 160793 1232836 160793 1232836
1656597600 160793 1232836 160793 1232836
1656590400 160793 1232836 160793 1232836
1656583200 160793 1232836 160793 1232836
1656576000 160793 1232836 160793 1232836
1656568800 160793 1232836 160793 1232836
1656561600 160793 1232836 160793 1232836
1656554400 160793 1232836 160793 1232836
1656547200 160793 1232836 160793 1232836
1656540000 160793 1232836 160793 1232836
1656532800 160793 1232836 160793 1232836
1656525600 160793 1232836 160793 1232836
1656518400 160793 1232836 160793 1232836
1656511200 160793 1232836 160793 1232836
1656504000 160793 1232836 160793 1232836
1656496800 160793 1232836 160793 1232836
1656489600 160793 1232836 160793 1232836
1656482400 160793 1232836 160793 1232836
1656475200 160793 1232836 160793 1232836
1656468000 160793 1232836 160793 1232836
1656460800 160793 1232836 160793 1232836
1656453600 160793 1232836 160793 1232836
1656446400 160793 1232836 160793 1232836
1656439200 160793 1232836 160793 1232836
1656432000 160793 1232836 160793 1232836
1656424800 160793 1232836 160793 1232836
1656417600 160793 1232836 160793 1232836
1656410400 160793 1232836 160793 1232836
1656403200 160793 1232836 160793 1232836
1656396000 160793 1232836 160793 1232836
1656388800 160793 1232836 160793 1232836
1656381600 160793 1232836 160793 1232836
1656374400 160793 1232836 160793 1232836
1656367200 160793 1232836 160793 1232836
1656360000 160793 1232836 160793 1232836
1656352800 160793 1232836 160793 1232836
1656345600 160793 1232836 160793 1232836
1656338400 160793 1232836 160793 1232836
1656331200 160793 1232836 160793 1232836
1656324000 160793 1232836 160793 1232836
1656316800 160793 1232836 160793 1232836
1656309600 160793 1232836 160793 1232836
1656302400 160793 1232836 160793 1232836
1656295200 160793 1232836 160793 1232836
1656288000 160793 1232836 160793 1232836
1656280800 160793 1232836 160793 1232836
1656273600 160793 1232836 160793 1232836
1656266400 160793 1232836 160793 1232836
1656259200 160793 1232836 160793 1232836
1656252000 160793 1232836 160793 1232836
1656244800 160793 1232836 160793 1232836
1656237600 160793 1232836 160793 1232836
1656230400 160793 1232836 160793 1232836
1656223200 160793 1232836 160793 1232836
1656216000 160793 1232836 160793 1232836
1656208800 160793 1232836 160793 1232836
1656201600 160793 1232836 160793 1232836
1656194400 160793 1232836 160793 1232836
1656187200 160793 1232836 160793 1232836
1656180000 160793 1232836 160793 1232836
1656172800 160793 1232836 160793 1232836
1656165600 160793 1232836 160793 1232836
1656158400 160793 1232836 160793 1232836
1656151200 160793 1232836 160793 1232836
1656144000 160793 1232836 160793 1232836
1656136800 160793 1232836 160793 1232836
1656129600 160793 1232836 160793 1232836
1656122400 160793 1232836 160793 1232836
1656115200 160793 1232836 160793 1232836
1656108000 160793 1232836 160793 1232836
1656100800 160793 1232836 160793 1232836
1656093600 160793 1232836 160793 1232836
1656086400 160793 1232836 160793 1232836
1656079200 160793 1232836 160793 1232836
1656072000 160793 1232836 160793 1232836
1656064800 160793 1232836 160793 1232836
1656057600 160793 1232836 160793 1232836
1656050400 160793 1232836 160793 1232836
1656043200 160793 1232836 160793 1232836
1656036000 160793 1232836 160793 1232836
1656028800 160793 1232836 160793 1232836
1656021600 160793 1232836 160793 1232836
1656014400 160793 1232836 160793 1232836
1656007200 160793 1232836 160793 1232836
1656000000 160793 1232836 160793 1232836
1655992800 160793 1232836 160793 1232836
1655985600 160793 1232836 160793 1232836
1655978400 160793 1232836 160793 1232836
1655971200 160793 1232836 160793 1232836
1655964000 160793 1232836 160793 1232836
1655956800 160793 1232836 160793 1232836
1655949600 160793 1232836 160793 1232836
1655942400 160793 1232836 160793 1232836
1655935200 160793 1232836 160793 1232836
1655928000 160793 1232836 160793 1232836
1655920800 160793 1232836 160793 1232836
1655913600 160793 1232836 160793 1232836
1655906400 160793 1232836 160793 1232836
1655899200 160793 1232836 160793 1232836
1655892000 160793 1232836 160793 1232836
1655884800 160793 1232836 160793 1232836
1655877600 160793 1232836 160793 1232836
1655870400 160793 1232836 160793 1232836
1655863200 160793 1232836 160793 1232836
1655856000 160793 1232836 160793 1232836
1655848800 160793 1232836 160793 1232836
1655841600 160793 1232836 160793 1232836
1655834400 160793 1232836 160793 1232836
1655827200 160793 1232836 160793 1232836
1655820000 160793 1232836 160793 1232836
1655812800 160793 1232836 160793 1232836
1655805600 160793 1232836 160793 1232836
1655798400 160793 1232836 160793 1232836
1655791200 160793 1232836 160793 1232836
1655784000 160793 1232836 160793 1232836
1655776800 160793 1232836 160793 1232836
1655769600 160793 1232836 160793 1232836
1655762400 160793 1232836 160793 1232836
1655755200 160793 1232836 160793 1232836
1655748000 160793 1232836 160793 1232836
1655740800 160793 1232836 160793 1232836
1655733600 160793 1232836 160793 1232836
1655726400 160793 1232836 160793 1232836
1655719200 160793 1232836 160793 1232836
1655712000 160793 1232836 160793 1232836
1655704800 160793 1232836 160793 1232836
1655697600 160793 1232836 160793 1232836
1655690400 160793 1232836 160793 1232836
1655683200 160793 1232836 160793 1232836
1655676000 160793 1232836 160793 1232836
1655668800 160793 1232836 160793 1232836
1655661600 160793 1232836 160793 1232836
1655654400 160793 1232836 160793 1232836
1655647200 160793 1232836 160793 1232836
1655640000 160793 1232836 160793 1232836
1655632800 160793 1232836 160793 1232836
1655625600 160793 1232836 160793 1232836
1655618400 160793 1232836 160793 1232836
1655611200 160793 1232836 160793 1232836
1655604000 160793 1232836 160793 1232836
1655596800 160793 1232836 160793 1232836
1655589600 160793 1232836 160793 1232836
1655582400 160793 1232836 160793 1232836
1655575200 160793 1232836 160793 1232836
1655568000 160793 1232836 160793 1232836
1655560800 160793 1232836 160793 1232836
1655553600 160793 1232836 160793 1232836
1655546400 160793 1232836 160793 1232836
1655539200 160793 1232836 160793 1232836
1655532000 160793 1232836 160793 1232836
1655524800 160793 1232836 160793 1232836
1655517600 160793 1232836 160793 1232836
1655510400 160793 1232836 160793 1232836
1655503200 160793 1232836 160793 1232836
1655496000 160793 1232836 160793 1232836
1655488800 160793 1232836 160793 1232836
1655481600 160793 1232836 160793 1232836
1655474400 160793 1232836 160793 1232836
1655467200 160793 1232836 160793 1232836
1655460000 160793 1232836 160793 1232836
1655452800 160793 1232836 160793 1232836
1655445600 160793 1232836 160793 1232836
1655438400 160793 1232836 160793 1232836
1655431200 160793 1232836 160793 1232836
1655424000 160793 1232836 160793 1232836
1655416800 160793 1232836 160793 1232836
1655409600 160793 1232836 160793 1232836
1655402400 160793 1232836 160793 1232836
1655395200 160793 1232836 160793 1232836
1655388000 160793 1232836 160793 1232836
1655380800 160793 1232836 160793 1232836
1655373600 160793 1232836 160793 1232836
1655366400 160793 1232836 160793 1232836
1655359200 160793 1232836 160793 1232836
1655352000 160793 1232836 160793 1232836
1655344800 160793 1232836 160793 1232836
1655337600 160793 1232836 160793 1232836
1655330400 160793 1232836 160793 1232836
1655323200 160793 1232836 160793 1232836
1655316000 160793 1232836 160793 1232836
1655308800 160793 1232836 160793 1232836
1655301600 160793 1232836 160793 1232836
1655294400 160793 1232836 160793 1232836
1655287200 160793 1232836 160793 1232836
1655280000 160793 1232836 160793 1232836
1655272800 160793 1232836 160793 1232836
1655265600 160793 1232836 160793 1232836
1655258400 160793 1232836 160793 1232836
1655251200 160793 1232836 160793 1232836
1655244000 160793 1232836 160793 1232836
1655236800 160793 1232836 160793 1232836
1655229600 160793 1232836 160793 1232836
1655222400 160793 1232836 160793 1232836
1655215200 160793 1232836 160793 1232836
1655208000 160793 1232836 160793 1232836
1655200800 160793 1232836 160793 1232836
1655193600 160793 1232836 160793 1232836
1655186400 160793 1232836 160793 1232836
1655179200 160793 1232836 160793 1232836
1655172000 160793 1232836 160793 1232836
1655164800 160793 1232836 160793 1232836
1655157600 160793 1232836 160793 1232836
1655150400 160793 1232836 160793 1232836
1655143200 160793 1232836 160793 1232836
1655136000 160793 1232836 160793 1232836
1655128800 160793 1232836 160793 1232836
1655121600 160793 1232836 160793 1232836
1655114400 160793 1232836 160793 1232836
1655107200 160793 1232836 160793 1232836
1655100000 160793 1232836 160793 1232836
1655092800 160793 1232836 160793 1232836
1655085600 160793 1232836 160793 1232836
1655078400 160793 1232836 160793 1232836
1655071200 160793 1232836 160793 1232836
1655064000 160793 1232836 160793 1232836
1655056800 160793 1232836 160793 1232836
1655049600 160793 1232836 160793 1232836
1655042400 160793 1232836 160793 1232836
1655035200 160793 1232836 160793 1232836
1655028000 160793 1232836 160793 1232836
1655020800 160793 1232836 160793 1232836
1655013600 160793 1232836 160793 1232836
1655006400 160793 1232836 160793 1232836
1654999200 160793 1232836 160793 1232836
1654992000 160793 1232836 160793 1232836
1654984800 160793 1232836 160793 1232836
1654977600 160793 1232836 160793 1232836
1654970400 160793 1232836 160793 1232836
1654963200 160793 1232836 160793 1232836
1654956000 160793 1232836 160793 1232836
1654948800 160793 1232836 160793 1232836
1654941600 160793 1232836 160793 1232836
1654934400 160793 1232836 160793 1232836
1654927200 160793 1232836 160793 1232836
1654920000 160793 1232836 160793 1232836
1654912800 160793 1232836 160793 1232836
1654905600 160793 1232836 160793 1232836
1654898400 160793 1232836 160793 1232836
1654891200 160793 1232836 160793 1232836
1654884000 160793 1232836 160793 1232836
1654876800 160793 1232836 160793 1232836
1654869600 160793 1232836 160793 1232836
1654862400 160793 1232836 160793 1232836
1654855200 160793 1232836 160793 1232836
1654848000 160793 1232836 160793 1232836
1654840800 160793 1232836 160793 1232836
1654833600 160793 1232836 160793 1232836
1654826400 160793 1232836 160793 1232836
1654819200 160793 1232836 160793 1232836
1654812000 160793 1232836 160793 1232836
1654804800 160793 1232836 160793 1232836
1654797600 160793 1232836 160793 1232836
1654790400 160793 1232836 160793 1232836
1654783200 160793 1232836 160793 1232836
1654776000 160793 1232836 160793 1232836
1654768800 160793 1232836 160793 1232836
1654761600 160793 1232836 160793 1232836
1654754400 160793 1232836 160793 1232836
1654747200 160793 1232836 160793 1232836
1654740000 160793 1232836 160793 1232836
1654732800 160793 1232836 160793 1232836
1654725600 160793 1232836 160793 1232836
1654718400 160793 1232836 160793 1232836
1654711200 160793 1232836 160793 1232836
1654704000 160793 1232836 160793 1232836
1654696800 160793 1232836 160793 1232836
1654689600 160793 1232836 160793 1232836
1654682400 160793 1232836 160793 1232836
1654675200 160793 1232836 160793 1232836
1654668000 160793 1232836 160793 1232836
1654660800 160793 1232836 160793 1232836
1654653600 160793 1232836 160793 1232836
1654646400 160793 1232836 160793 1232836
1654639200 160793 1232836 160793 1232836
1654632000 160793 1232836 160793 1232836
1654624800 160793 1232836 160793 1232836
1654617600 160793 1232836 160793 1232836
1654610400 160793 1232836 160793 1232836
1654603200 160793 1232836 160793 1232836
1654596000 160793 1232836 160793 1232836
1654588800 160793 1232836 160793 1232836
1654581600 160793 1232836 160793 1232836
1654574400 160793 1232836 160793 1232836
1654567200 160793 1232836 160793 1232836
1654560000 160793 1232836 160793 1232836
1654552800 160793 1232836 160793 1232836
1654545600 160793 1232836 160793 1232836
1654538400 160793 1232836 160793 1232836
1654531200 160793 1232836 160793 1232836
1654524000 160793 1232836 160793 1232836
1654516800 160793 1232836 160793 1232836
1654509600 160793 1232836 160793 1232836
1654502400 160793 1232836 160793 1232836
1654495200 160793 1232836 160793 1232836
1654488000 160793 1232836 160793 1232836
1654480800 160793 1232836 160793 1232836
1654473600 160793 1232836 160793 1232836
1654466400 160793 1232836 160793 1232836
1654459200 160793 1232836 160793 1232836
1654452000 160793 1232836 160793 1232836
1654444800 160793 1232836 160793 1232836
1654437600 160793 1232836 160793 1232836
1654430400 160793 1232836 160793 1232836
1654423200 160793 1232836 160793 1232836
1654416000 160793 1232836 160793 1232836
1654408800 160793 1232836 160793 1232836
1654401600 160793 1232836 160793 1232836
1654394400 160793 1232836 160793 1232836
1654387200 160793 1232836 160793 1232836
1654380000 160793 1232836 160793 1232836
1654372800 160793 1232836 160793 1232836
1654365600 160793 1232836 160793 1232836
1654358400 160793 1232836 160793 1232836
1654351200 160793 1232836 160793 1232836
1654344000 160793 1232836 160793 1232836
1654336800 160793 1232836 160793 1232836
1654329600 160793 1232836 160793 1232836
1654322400 160793 1232836 160793 1232836
1654315200 160793 1232836 160793 1232836
1654308000 160793 1232836 160793 1232836
1654300800 160793 1232836 160793 1232836
1654293600 160793 1232836 160793 1232836
1654286400 160793 1232836 160793 1232836
1654279200 160793 1232836 160793 1232836
1654272000 160793 1232836 160793 1232836
1654264800 160793 1232836 160793 1232836
1654257600 160793 1232836 160793 1232836
1654250400 160793 1232836 160793 1232836
1654243200 160793 1232836 160793 1232836
1654236000 160793 1232836 160793 1232836
1654228800 160793 1232836 160793 1232836
1654221600 160793 1232836 160793 1232836
1654214400 160793 1232836 160793 1232836
1654207200 160793 1232836 160793 1232836
1654200000 160793 1232836 160793 1232836
1654192800 160793 1232836 160793 1232836
1654185600 160793 1232836 160793 1232836
1654178400 160793 1232836 160793 1232836
1654171200 160793 1232836 160793 1232836
1654164000 160793 1232836 160793 1232836
1654156800 160793 1232836 160793 1232836
1654149600 160793 1232836 160793 1232836
1654142400 160793 1232836 160793 1232836
1654135200 160793 1232836 160793 1232836
1654128000 160793 1232836 160793 1232836
1654120800 160793 1232836 160793 1232836
1654113600 160793 1232836 160793 1232836
1654106400 160793 1232836 160793 1232836
1654099200 160793 1232836 160793 1232836
1654092000 160793 1232836 160793 1232836
1654084800 160793 1232836 160793 1232836
1654077600 160793 1232836 160793 1232836
1654070400 160793 1232836 160793 1232836
1654063200 160793 1232836 160793 1232836
1654056000 160793 1232836 160793 1232836
1654048800 160793 1232836 160793 1232836
1654041600 160793 1232836 160793 1232836
1654034400 160793 1232836 160793 1232836
1654027200 160793 1232836 160793 1232836
1654020000 160793 1232836 160793 1232836
1654012800 160793 1232836 160793 1232836
1654005600 160793 1232836 160793 1232836
1653998400 160793 1232836 160793 1232836
1653991200 160793 1232836 160793 1232836
1653984000 160793 1232836 160793 1232836
1653976800 160793 1232836 160793 1232836
1653969600 160793 1232836 160793 1232836
1653962400 160793 1232836 160793 1232836
1653955200 160793 1232836 160793 1232836
1653948000 160793 1232836 160793 1232836
1653940800 160793 1232836 160793 1232836
1653933600 160793 1232836 160793 1232836
1653926400 160793 1232836 160793 1232836
1653919200 160793 1232836 160793 1232836
1653912000 160793 1232836 160793 1232836
1653904800 160793 1232836 160793 1232836
1653897600 160793 1232836 160793 1232836
1653890400 160793 1232836 160793 1232836
1653883200 160793 1232836 160793 1232836
1653876000 160793 1232836 160793 1232836
1653868800 160793 1232836 160793 1232836
1653861600 160793 1232836 160793 1232836
1653854400 160793 1232836 160793 1232836
1653847200 160793 1232836 160793 1232836
1653840000 160793 1232836 160793 1232836
1653832800 160793 1232836 160793 1232836
1653825600 160793 1232836 160793 1232836
1653818400 160793 1232836 160793 1232836
1653811200 160793 1232836 160793 1232836
1653804000 160793 1232836 160793 1232836
1653796800 160793 1232836 160793 1232836
1653789600 160793 1232836 160793 1232836
1653782400 160793 1232836 160793 1232836
1653775200 160793 1232836 160793 1232836
1653768000 160793 1232836 160793 1232836
1653760800 160793 1232836 160793 1232836
1653753600 160793 1232836 160793 1232836
1653746400 160793 1232836 160793 1232836
1653739200 160793 1232836 160793 1232836
1653732000 160793 1232836 160793 1232836
1653724800 160793 1232836 160793 1232836
1653717600 160793 1232836 160793 1232836
1653710400 160793 1232836 160793 1232836
1653703200 160793 1232836 160793 1232836
1653696000 160793 1232836 160793 1232836
1653688800 160793 1232836 160793 1232836
1653681600 160793 1232836 160793 1232836
1653674400 160793 1232836 160793 1232836
1653667200 160793 1232836 160793 1232836
1653660000 160793 1232836 160793 1232836
1653652800 160793 1232836 160793 1232836
1653645600 160793 1232836 160793 1232836
1653638400 160793 1232836 160793 1232836
1653631200 160793 1232836 160793 1232836
1653624000 160793 1232836 160793 1232836
1653616800 160793 1232836 160793 1232836
1653609600 160793 1232836 160793 1232836
1653602400 160793 1232836 160793 1232836
1653595200 160793 1232836 160793 1232836
1653588000 160793 1232836 160793 1232836
1653580800 160793 1232836 160793 1232836
1653573600 160793 1232836 160793 1232836
1653566400 160793 1232836 160793 1232836
1653559200 160793 1232836 160793 1232836
1653552000 160793 1232836 160793 1232836
1653544800 160793 1232836 160793 1232836
1653537600 160793 1232836 160793 1232836
1653530400 160793 1232836 160793 1232836
1653523200 160793 1232836 160793 1232836
1653516000 160793 1232836 160793 1232836
1653508800 160793 1232836 160793 1232836
1653501600 160793 1232836 160793 1232836
1653494400 160793 1232836 160793 1232836
1653487200 160793 1232836 160793 1232836
1653480000 160793 1232836 160793 1232836
1653472800 160793 1232836 160793 1232836
1653465600 160793 1232836 160793 1232836
1653458400 160793 1232836 160793 1232836
1653451200 160793 1232836 160793 1232836
1653444000 160793 1232836 160793 1232836
1653436800 160793 1232836 160793 1232836
1653429600 160793 1232836 160793 1232836
1653422400 160793 1232836 160793 1232836
1653415200 160793 1232836 160793 1232836
1653408000 160793 1232836 160793 1232836
1653400800 160793 1232836 160793 1232836
1653393600 160793 1232836 160793 1232836
1653386400 160793 1232836 160793 1232836
1653379200 160793 1232836 160793 1232836
1653372000 160793 1232836 160793 1232836
1653364800 160793 1232836 160793 1232836
1653357600 160793 1232836 160793 1232836
1653350400 160793 1232836 160793 1232836
1653343200 160793 1232836 160793 1232836
1653336000 160793 1232836 160793 1232836
1653328800 160793 1232836 160793 1232836
1653321600 160793 1232836 160793 1232836
1653314400 160793 1232836 160793 1232836
1653307200 160793 1232836 160793 1232836
1653300000 160793 1232836 160793 1232836
1653292800 160793 1232836 160793 1232836
1653285600 160793 1232836 160793 1232836
1653278400 160793 1232836 160793 1232836
1653271200 160793 1232836 160793 1232836
1653264000 160793 1232836 160793 1232836
1653256800 160793 1232836 160793 1232836
1653249600 160793 1232836 160793 1232836
1653242400 160793 1232836 160793 1232836
1653235200 160793 1232836 160793 1232836
1653228000 160793 1232836 160793 1232836
1653220800 160793 1232836 160793 1232836
1653213600 160793 1232836 160793 1232836
1653206400 160793 1232836 160793 1232836
1653199200 160793 1232836 160793 1232836
1653192000 160793 1232836 160793 1232836
1653184800 160793 1232836 160793 1232836
1653177600 160793 1232836 160793 1232836
1653170400 160793 1232836 160793 1232836
1653163200 160793 1232836 160793 1232836
1653156000 160793 1232836 160793 1232836
1653148800 160793 1232836 160793 1232836
1653141600 160793 1232836 160793 1232836
1653134400 160793 1232836 160793 1232836
1653127200 160793 1232836 160793 1232836
1653120000 160793 1232836 160793 1232836
1653112800 160793 1232836 160793 1232836
1653105600 160793 1232836 160793 1232836
1653098400 160793 1232836 160793 1232836
1653091200 160793 1232836 160793 1232836
1653084000 160793 1232836 160793 1232836
1653076800 160793 1232836 160793 1232836
1653069600 160793 1232836 160793 1232836
1653062400 160793 1232836 160793 1232836
1653055200 160793 1232836 160793 1232836
1653048000 160793 1232836 160793 1232836
1653040800 160793 1232836 160793 1232836
1653033600 160793 1232836 160793 1232836
1653026400 160793 1232836 160793 1232836
1653019200 160793 1232836 160793 1232836
1653012000 160793 1232836 160793 1232836
1653004800 160793 1232836 160793 1232836
1652997600 160793 1232836 160793 1232836
1652990400 160793 1232836 160793 1232836
1652983200 160793 1232836 160793 1232836
1652976000 160793 1232836 160793 1232836
1652968800 160793 1232836 160793 1232836
1652961600 160793 1232836 160793 1232836
1652954400 160793 1232836 160793 1232836
1652947200 160793 1232836 160793 1232836
1652940000 160793 1232836 160793 1232836
1652932800 160793 1232836 160793 1232836
1652925600 160793 1232836 160793 1232836
1652918400 160793 1232836 160793 1232836
1652911200 160793 1232836 160793 1232836
1652904000 160793 1232836 160793 1232836
1652896800 160793 1232836 160793 1232836
1652889600 160793 1232836 160793 1232836
1652882400 160793 1232836 160793 1232836
1652875200 160793 1232836 160793 1232836
1652868000 160793 1232836 160793 1232836
1652860800 160793 1232836 160793 1232836
1652853600 160793 1232836 160793 1232836
1652846400 160793 1232836 160793 1232836
1652832000 160793 1232836 160793 1232836
1652745600 160793 1232836 160793 1232836
1652659200 160793 1232836 160793 1232836
1652572800 160793 1232836 160793 1232836
1652486400 160793 1232836 160793 1232836
1652400000 160793 1232836 160793 1232836
1652313600 160793 1232836 160793 1232836
1652227200 160793 1232836 160793 1232836
1652140800 160793 1232836 160793 1232836
1652054400 160793 1232836 160793 1232836
1651968000 160793 1232836 160793 1232836
1651881600 160793 1232836 160793 1232836
1651795200 160793 1232836 160793 1232836
1651708800 160793 1232836 160793 1232836
1651622400 160793 1232836 160793 1232836
1651536000 160793 1232836 160793 1232836
1651449600 160793 1232836 160793 1232836
1651363200 160793 1232836 160793 1232836
1651276800 160793 1232836 160793 1232836
1651190400 160793 1232836 160793 1232836
1651104000 160793 1232836 160793 1232836
1651017600 160793 1232836 160793 1232836
1650931200 160793 1232836 160793 1232836
1650844800 160793 1232836 160793 1232836
1650758400 160793 1232836 160793 1232836
1650672000 160793 1232836 160793 1232836
1650585600 160793 1232836 160793 1232836
1650499200 160793 1232836 160793 1232836
1650412800 160793 1232836 160793 1232836
1650326400 160793 1232836 160793 1232836
1650240000 160793 1232836 160793 1232836
1650153600 160793 1232836 160793 1232836
1650067200 160793 1232836 160793 1232836
1649980800 160793 1232836 160793 1232836
1649894400 160793 1232836 160793 1232836
1649808000 160793 1232836 160793 1232836
1649721600 160793 1232836 160793 1232836
1649635200 160793 1232836 160793 1232836
1649548800 160793 1232836 160793 1232836
1649462400 160793 1232836 160793 1232836
1649376000 160793 1232836 160793 1232836
1649289600 160793 1232836 160793 1232836
1649203200 160793 1232836 160793 1232836
1649116800 160793 1232836 160793 1232836
1649030400 160793 1232836 160793 1232836
1648944000 160793 1232836 160793 1232836
1648857600 160793 1232836 160793 1232836
1648771200 160793 1232836 160793 1232836
1648684800 160793 1232836 160793 1232836
1648598400 160793 1232836 160793 1232836
1648512000 160793 1232836 160793 1232836
1648425600 160793 1232836 160793 1232836
1648339200 160793 1232836 160793 1232836
1648252800 160793 1232836 160793 1232836
1648166400 160793 1232836 160793 1232836
1648080000 160793 1232836 160793 1232836
1647993600 160793 1232836 160793 1232836
1647907200 160793 1232836 160793 1232836
1647820800 160793 1232836 160793 1232836
1647734400 160793 1232836 160793 1232836
1647648000 160793 1232836 160793 1232836
1647561600 160793 1232836 160793 1232836
1647475200 160793 1232836 160793 1232836
1647388800 160793 1232836 160793 1232836
1647302400 160793 1232836 160793 1232836
1647216000 160793 1232836 160793 1232836
1647129600 160793 1232836 160793 1232836
1647043200 160793 1232836 160793 1232836
1646956800 160793 1232836 160793 1232836
1646870400 160793 1232836 160793 1232836
1646784000 160793 1232836 160793 1232836
1646697600 160793 1232836 160793 1232836
1646611200 160793 1232836 160793 1232836
1646524800 160793 1232836 160793 1232836
1646438400 160793 1232836 160793 1232836
1646352000 160793 1232836 160793 1232836
1646265600 160793 1232836 160793 1232836
1646179200 160793 1232836 160793 1232836
1646092800 160793 1232836 160793 1232836
1646006400 160793 1232836 160793 1232836
1645920000 160793 1232836 160793 1232836
1645833600 160793 1232836 160793 1232836
1645747200 160793 1232836 160793 1232836
1645660800 104881 631488 590797 2082825
1645574400 79739 487932 163967 1399468
1645488000 78159 466820 78159 466820
1645401600 78159 466820 78159 466820
1645315200 78159 466820 78159 466820
1645228800 78159 466820 78159 466820
1645142400 132207 749809 1527652 3885206
1645056000 112031 766789 402658 2720632
1644969600 101347 656585 576061 2517507
1644883200 99287 608440 1018976 3147605
1644796800 23946 171025 94306 1983961
1644710400 31624 231782 231275 1603205
1644624000 107950 652541 1785626 2800942
1644537600 119110 688481 534358 3638262
1644451200 99454 624709 417456 3921147
1644364800 103116 584249 4061495 3349600
1644278400 30113 250721 184227 1751896
1644192000 25418 161268 392061 972280
1644105600 30425 251267 152009 1365684
1644019200 87261 525855 789102 2375137
1643932800 89123 616919 684130 3499657
1643846400 89505 581503 549135 2639480
1643760000 111685 718582 1194000 2043391
1643673600 77602 630692 355080 3101926
1643587200 26171 203760 137747 2009524
1643500800 52380 261985 444492 1576677
1643414400 123786 575642 560590 2230525
1643328000 111629 648842 894200 3017327
1643241600 102941 646671 894200 3389869
1643155200 104322 677990 481743 2715658
1643068800 94341 685531 513730 4138507
1642982400 26379 195264 201785 1472973
1642896000 37574 267773 277649 1227446
1642809600 107975 592973 1202693 2283659
1642723200 100832 644813 1916214 2278011
1642636800 105950 741770 492850 3787898
1642550400 110029 659936 1410172 2287335
1642464000 101845 659007 593512 3368691
1642377600 26772 208206 116383 1032641
1642291200 40709 284208 237732 1123846
1642204800 95133 558840 433962 1898167
1642118400 87042 574302 485087 5165800
1642032000 94830 620234 481798 5165800
1641945600 102849 629137 1781267 1955970
1641859200 85182 663686 401612 3382649
1641772800 31998 197127 1135329 876927
1641686400 39046 291039 405005 1146485
1641600000 93432 564047 728117 2089435
1641513600 84028 554045 1100376 1853075
1641427200 527108 1856813 535175 1875441
1641340800 535175 1875441 535175 1875441
1641254400 535175 1875441 535175 1875441
1641168000 535175 1875441 535175 1875441
1641081600 535175 1875441 535175 1875441
1640995200 535175 1875441 535175 1875441
1640908800 535175 1875441 535175 1875441
1640822400 535175 1875441 535175 1875441
1640736000 535175 1875441 535175 1875441
1640649600 535175 1875441 535175 1875441
1640563200 535175 1875441 535175 1875441
1640476800 535175 1875441 535175 1875441
1640390400 535175 1875441 535175 1875441
1640304000 535175 1875441 535175 1875441
1640217600 535175 1875441 535175 1875441
1640131200 535175 1875441 535175 1875441
1640044800 535175 1875441 535175 1875441
1639958400 535175 1875441 535175 1875441
1639872000 535175 1875441 535175 1875441
1639785600 535175 1875441 535175 1875441
1639699200 535175 1875441 535175 1875441
1639612800 535175 1875441 535175 1875441
1639526400 535175 1875441 535175 1875441
1639440000 535175 1875441 535175 1875441
1639353600 535175 1875441 535175 1875441
1639267200 535175 1875441 535175 1875441
1639180800 535175 1875441 535175 1875441
1639094400 535175 1875441 535175 1875441
1639008000 535175 1875441 535175 1875441
1638921600 535175 1875441 535175 1875441
1638835200 535175 1875441 535175 1875441
1638748800 535175 1875441 535175 1875441
1638662400 535175 1875441 535175 1875441
1638576000 535175 1875441 535175 1875441
1638489600 535175 1875441 535175 1875441
1638403200 535175 1875441 535175 1875441
1638316800 329355 1188897 775041 2463299
1638230400 396377 1326901 1211624 4779348
1638144000 148272 466335 753550 979668
1638057600 206898 692537 543842 1955249
1637971200 350723 1163611 1268307 4423005
1637884800 550838 1365369 2345160 5681207
1637798400 441061 1449534 1363267 6705595
1637712000 1146686 1628122 6014673 10753704
1637625600 513853 1413164 5169917 5296255
1637539200 151141 502931 361043 1105173
1637452800 218881 715133 507008 3092695
1637366400 385803 1320710 1109421 4392310
1637280000 463131 1442241 2591899 4682349
1637193600 556197 1604341 1604311 4648201
1637107200 502245 1465085 1774828 5225782
1637020800 213712 710908 670549 1737084
1636934400 126684 436784 307143 1036723
1636848000 202606 699805 595211 1701762
1636761600 406095 1310125 5073766 6206849
1636675200 474985 1829054 1252805 10890253
1636588800 464049 1515716 1359819 4850823
1636502400 490560 1542139 1912812 5703513
1636416000 406290 1352357 1278751 4554632
1636329600 130266 484489 302628 2593600
1636243200 204018 673314 600826 1615399
1636156800 398043 1223794 1606201 2983597
1636070400 401511 1279802 1651340 3853933
1635984000 373347 1224963 1324675 4293264
1635897600 221480 744604 695673 1839159
1635811200 281043 1311004 905501 9881269
1635724800 98139 414543 281934 4288989
1635638400 168931 620660 722857 1410811
1635552000 301780 1094853 897105 3561295
1635465600 357562 1273472 998897 3447170
1635379200 380971 1335725 1049241 3103145
1635292800 390510 1424107 1036316 3762621
1635206400 360223 1317470 1103105 3549356
1635120000 122173 472218 318313 1043270
1635033600 181862 762192 497134 5716701
1634947200 332180 1249856 913735 5809777
1634860800 380074 1382498 1446387 5418269
1634774400 392839 1326041 1316786 4107853
1634688000 418642 1700691 1450743 8370996
1634601600 401028 1462663 1233382 4976335
1634515200 119140 449399 270526 1560239
1634428800 192924 1538996 475003 8119566
1634342400 365580 1339080 1052225 6610676
1634256000 421690 1428390 1117573 4753125
1634169600 431270 1408254 1088797 3473791
1634083200 437930 1501167 1188181 4851872
1633996800 437269 1516311 1891712 6494279
1633910400 121601 495732 330164 1336847
1633824000 176257 711419 546202 2279945
1633737600 363311 1324160 1414072 5100979
1633651200 426968 1452049 1522161 5308974
1633564800 443808 1539378 1504697 6529803
1633478400 446493 1621355 1716701 6468067
1633392000 495261 1604904 6060289 6548651
1633305600 159097 627131 5446640 1477858
1633219200 173320 692029 466640 3621800
1633132800 378503 1398004 948948 7754410
1633046400 423827 1317635 1237636 4245120
1632960000 480636 1579974 1538679 6718082
1632873600 414310 1389580 1917429 3528814
1632787200 380728 1436922 1123687 4527534
1632700800 115044 460280 308904 1192819
1632614400 183241 704428 492048 1660912
1632528000 341355 1278030 1004819 4371236
1632441600 388424 1420237 1063224 5212207
1632355200 418393 1377562 5205925 3611968
1632268800 406987 1416017 1170120 5347668
1632182400 408116 1437593 1315486 5596215
1632096000 124633 491314 346485 1367748
1632009600 186941 720568 513707 1900699
1631923200 372472 1311058 1345415 4694349
1631836800 136095 555976 344830 1717065
1631750400 363735 1135375 1622943 4812677
1631664000 493637 1399942 1792159 4235027
1631577600 414333 1382233 1378543 6131308
1631491200 131877 501773 947015 1732684
1631404800 175976 653756 805964 1624601
1631318400 364211 1158923 1003159 3249649
1631232000 389767 1349568 1033893 5287429
1631145600 367393 1285173 1359210 4870899
1631059200 392271 1388246 1377162 3772287
1630972800 390364 1404981 1388357 3680610
1630886400 126680 507435 418478 1302238
1630800000 177711 739472 484699 2230577
1630713600 346420 1221233 948771 3869576
1630627200 408197 1376933 1153775 4614542
1630540800 447829 1796334 1497671 8364110
1630454400 522100 1486402 4017516 3737735
1630368000 357507 1390115 1157258 5038636
1630281600 154866 510208 565522 2104300
1630195200 193802 674565 2857057 1571287
1630108800 338913 1194292 1139954 4068215
1630022400 394953 1400783 1388417 7083144
1629936000 375294 1395363 1224015 4013030
1629849600 401243 1499317 2812380 5484220
1629763200 341491 1326285 1139139 5619410
1629676800 144862 476691 725058 1399253
1629590400 177948 687314 618359 3092772
1629504000 360656 1236738 1019647 3269067
1629417600 377933 1410427 1045637 6163425
1629331200 405923 1404824 1292492 4757730
1629244800 509379 2374248 1383961 6299365
1629158400 426961 1365597 1284642 3745568
1629072000 144243 504872 553219 1043869
1628985600 181896 726225 736725 1860545
1628899200 349235 1233941 1014663 3469422
1628812800 420434 1459896 1330310 4996589
1628726400 521821 1700940 1625759 7201727
1628640000 452230 1677150 1316462 7729046
1628553600 429266 1570352 1513734 5131735
1628467200 133292 546821 395800 1253397
1628380800 178115 781858 524970 1877155
1628294400 380461 1258289 1098106 3056370
1628208000 488724 1889524 1235355 8236198
1628121600 737854 3013152 1978698 10179817
1628035200 698916 3015567 2323611 10366863
1627948800 689389 3046525 2182262 10844024
1627862400 173911 616906 1017278 5221288
1627776000 196606 786949 1460094 10051473
1627689600 333876 1222126 1119162 5339160
1627603200 385640 1341256 1059548 4986636
1627516800 411967 1338762 1210733 3744552
1627430400 397808 1367007 1437790 3626674
1627344000 356898 1306780 1103121 3636256
1627257600 146995 534782 414616 3277139
1627171200 178379 659856 521008 1508028
1627084800 380343 1212244 1008530 3462990
1626998400 480164 1366748 1274681 3690529
1626912000 584634 1459011 5319930 5345896
1626825600 521551 1485479 1496790 3757871
1626739200 478084 1437921 1558035 4592331
1626652800 173407 496995 633579 1161818
1626566400 203191 669648 662443 2128214
1626480000 392736 1271374 1194389 3585301
1626393600 427962 1441007 1397291 4083564
1626307200 440020 1426389 2028549 6145164
1626220800 433425 1425359 1329835 4039474
1626134400 430853 1470319 1506331 7477313
1626048000 124148 472541 439152 1154959
1625961600 170885 641065 551053 2380820
1625875200 362443 1168073 1060945 5674810
1625788800 581297 2743617 1842173 7774332
1625702400 418120 1380197 1276633 3364494
1625616000 443084 1455072 1292299 5045462
1625529600 435473 1338262 1683909 4009740
1625443200 117278 469112 332690 1123827
1625356800 384879 1456042 1082950 11452432
1625270400 385662 1453173 2638559 6912089
1625184000 474341 1682394 1382694 10020618
1625097600 550431 1620543 1644821 7689820
1625011200 487830 2153309 1352944 10158352
1624924800 402270 1838885 1214189 9719890
1624838400 133789 501009 406815 1279413
1624752000 187430 722454 627634 8847925
1624665600 349166 1105878 990779 7266619
1624579200 396218 1397618 1278794 4638568
1624492800 406808 1412795 1371548 6195637
1624406400 394733 1474042 1243044 4607440
1624320000 355891 1257630 1080536 4153679
1624233600 98376 401207 321356 2118508
1624147200 166401 614012 496196 6859996
1624060800 397264 1984299 1432860 9106868
1623974400 401777 1908602 1963021 12245871
1623888000 89931 352360 2178862 8447034
1623801600 0 0 0 0
1623715200 0 0 0 0
1623628800 0 0 0 0
1623542400 0 0 0 0
1623456000 0 0 0 0
1623369600 0 0 0 0
1623283200 0 0 0 0
1623196800 0 0 0 0
1623110400 0 0 0 0
1623024000 0 0 0 0
1622937600 0 0 0 0
1622851200 0 0 0 0
1622764800 0 0 0 0
1622678400 0 0 0 0
1622592000 0 0 0 0
1622505600 0 0 0 0
1622419200 0 0 0 0
1622332800 0 0 0 0
1622246400 0 0 0 0
1622160000 0 0 0 0
1622073600 0 0 0 0
1621987200 0 0 0 0
1621900800 0 0 0 0
1621814400 0 0 0 0
1621728000 0 0 0 0
1621641600 0 0 0 0
1621555200 0 0 0 0
1621468800 0 0 0 0
1621382400 0 0 0 0
1621296000 0 0 0 0
1621209600 0 0 0 0
1621123200 0 0 0 0
1621036800 0 0 0 0
1620950400 0 0 0 0
1620864000 0 0 0 0
1620777600 0 0 0 0
1620691200 0 0 0 0
1620604800 0 0 0 0
1620518400 0 0 0 0
1620432000 0 0 0 0
1620345600 0 0 0 0
1620259200 0 0 0 0
1620172800 0 0 0 0
1620086400 0 0 0 0
1620000000 0 0 0 0
1619913600 0 0 0 0
1619827200 0 0 0 0
1619740800 0 0 0 0
1619654400 0 0 0 0
1619568000 0 0 0 0
1619481600 0 0 0 0
1619395200 0 0 0 0
1619308800 0 0 0 0
1619222400 0 0 0 0
1619136000 0 0 0 0
1619049600 0 0 0 0
1618963200 0 0 0 0
1618876800 0 0 0 0
1618790400 0 0 0 0
1618704000 0 0 0 0
1618617600 0 0 0 0
1618531200 0 0 0 0
1618444800 0 0 0 0
1618358400 0 0 0 0
1618272000 0 0 0 0
1618185600 0 0 0 0
1618099200 0 0 0 0
1618012800 0 0 0 0
1617926400 0 0 0 0
1617840000 0 0 0 0
1617753600 0 0 0 0
1617667200 0 0 0 0
1617580800 0 0 0 0
1617494400 0 0 0 0
1617408000 0 0 0 0
1617321600 0 0 0 0
1617235200 0 0 0 0
1617148800 0 0 0 0
1617062400 0 0 0 0
1616976000 0 0 0 0
1616889600 0 0 0 0
1616803200 0 0 0 0
1616716800 0 0 0 0
1616630400 0 0 0 0
1616544000 0 0 0 0
1616457600 0 0 0 0
1616371200 0 0 0 0
1616284800 0 0 0 0
1616198400 0 0 0 0
1616112000 0 0 0 0
1616025600 0 0 0 0
1615939200 0 0 0 0
1615852800 0 0 0 0
1615766400 0 0 0 0
1615680000 0 0 0 0
1615593600 0 0 0 0
1615507200 0 0 0 0
1615420800 0 0 0 0
1615334400 0 0 0 0
1615248000 0 0 0 0
1615161600 0 0 0 0
1615075200 0 0 0 0
1614988800 0 0 0 0
1614902400 0 0 0 0
1614816000 0 0 0 0
1614729600 0 0 0 0
1614643200 0 0 0 0
1614556800 0 0 0 0
1614470400 0 0 0 0
1614384000 0 0 0 0
1614297600 0 0 0 0
1614211200 0 0 0 0
1614124800 0 0 0 0
1614038400 0 0 0 0
1613952000 0 0 0 0
1613865600 0 0 0 0
1613779200 0 0 0 0
1613692800 0 0 0 0
1613606400 0 0 0 0
1613520000 0 0 0 0
1613433600 0 0 0 0
1613347200 0 0 0 0
1613260800 0 0 0 0
1613174400 0 0 0 0
1613088000 0 0 0 0
1613001600 0 0 0 0
1612915200 0 0 0 0
1612828800 0 0 0 0
1612742400 0 0 0 0
1612656000 0 0 0 0
1612569600 0 0 0 0
1612483200 0 0 0 0
1612396800 0 0 0 0
1612310400 0 0 0 0
1612224000 0 0 0 0
1612137600 0 0 0 0
1612051200 0 0 0 0
1611964800 0 0 0 0
1611878400 0 0 0 0
1611792000 0 0 0 0
1611705600 0 0 0 0
1611619200 0 0 0 0
1611532800 0 0 0 0
1611446400 0 0 0 0
1611360000 0 0 0 0
1611273600 0 0 0 0
1611187200 0 0 0 0
1611100800 0 0 0 0
1611014400 0 0 0 0
1610928000 0 0 0 0
1610841600 0 0 0 0
1610755200 0 0 0 0
1610668800 0 0 0 0
1610582400 0 0 0 0
1610496000 0 0 0 0
1610409600 0 0 0 0
1610323200 0 0 0 0
1610236800 0 0 0 0
1610150400 0 0 0 0
1610064000 0 0 0 0
1609977600 0 0 0 0
1609891200 0 0 0 0
1609804800 0 0 0 0
1609718400 0 0 0 0
1609632000 0 0 0 0
1609545600 0 0 0 0
1609459200 0 0 0 0
1609372800 0 0 0 0
1609286400 0 0 0 0
1609200000 0 0 0 0
1609113600 0 0 0 0
1609027200 0 0 0 0
1608940800 0 0 0 0
1608854400 0 0 0 0
1608768000 0 0 0 0
1608681600 0 0 0 0
1608595200 0 0 0 0
1608508800 0 0 0 0
1608422400 0 0 0 0
1608336000 0 0 0 0
1608249600 0 0 0 0
1608163200 0 0 0 0
1608076800 0 0 0 0
1607990400 0 0 0 0
1607904000 0 0 0 0
1607817600 0 0 0 0
1607731200 0 0 0 0
1607644800 0 0 0 0
1607558400 0 0 0 0
1607472000 0 0 0 0
1607385600 0 0 0 0
1607299200 0 0 0 0
1607212800 0 0 0 0
1607126400 0 0 0 0
1607040000 0 0 0 0
1606953600 0 0 0 0
1606867200 0 0 0 0
1606780800 0 0 0 0
1606694400 0 0 0 0
1606608000 0 0 0 0
1606521600 0 0 0 0
1606435200 0 0 0 0
1606348800 0 0 0 0
1606262400 0 0 0 0
1606176000 0 0 0 0
1606089600 0 0 0 0
1606003200 0 0 0 0
1605916800 0 0 0 0
1605830400 0 0 0 0
1605744000 0 0 0 0
1605657600 0 0 0 0
1605571200 0 0 0 0
1605484800 0 0 0 0
1605398400 0 0 0 0
1605312000 0 0 0 0
1605225600 0 0 0 0
1605139200 0 0 0 0
1605052800 0 0 0 0
1604966400 0 0 0 0
1604880000 0 0 0 0
1604793600 0 0 0 0
1604707200 0 0 0 0
1604620800 0 0 0 0
1604534400 0 0 0 0
1604448000 0 0 0 0
1604361600 0 0 0 0
1604275200 0 0 0 0
1604188800 0 0 0 0
1604102400 0 0 0 0
1604016000 0 0 0 0
1603929600 0 0 0 0
1603843200 0 0 0 0
1603756800 0 0 0 0
1603670400 0 0 0 0
1603584000 0 0 0 0
1603497600 0 0 0 0
1603411200 0 0 0 0
1603324800 0 0 0 0
1603238400 0 0 0 0
1603152000 0 0 0 0
1603065600 0 0 0 0
1602979200 0 0 0 0
1602892800 0 0 0 0
1602806400 0 0 0 0
1602720000 0 0 0 0
1602633600 0 0 0 0
1602547200 0 0 0 0
1602460800 0 0 0 0
1602374400 0 0 0 0
1602288000 0 0 0 0
1602201600 0 0 0 0
1602115200 0 0 0 0
1602028800 0 0 0 0
1601942400 0 0 0 0
1601856000 0 0 0 0
1601769600 0 0 0 0
1601683200 0 0 0 0
1601596800 0 0 0 0
1601510400 0 0 0 0
1601424000 0 0 0 0
1601337600 0 0 0 0
1601251200 0 0 0 0
1601164800 0 0 0 0
1601078400 0 0 0 0
1600992000 0 0 0 0
1600905600 0 0 0 0
1600819200 0 0 0 0
1600732800 0 0 0 0
1600646400 0 0 0 0
1600560000 0 0 0 0
1600473600 0 0 0 0
1600387200 0 0 0 0
1600300800 0 0 0 0
1600214400 0 0 0 0
1600128000 0 0 0 0
1600041600 0 0 0 0
1599955200 0 0 0 0
1599868800 0 0 0 0
1599782400 0 0 0 0
1599696000 0 0 0 0
1599609600 0 0 0 0
1599523200 0 0 0 0
1599436800 0 0 0 0
1599350400 0 0 0 0
1599264000 0 0 0 0
1599177600 0 0 0 0
1599091200 0 0 0 0
1599004800 0 0 0 0
1598918400 0 0 0 0
1598832000 0 0 0 0
1598745600 0 0 0 0
1598659200 0 0 0 0
1598572800 0 0 0 0
1598486400 0 0 0 0
1598400000 0 0 0 0
1598313600 0 0 0 0
1598227200 0 0 0 0
1598140800 0 0 0 0
1598054400 0 0 0 0
1597968000 0 0 0 0
1597881600 0 0 0 0
1597795200 0 0 0 0
1597708800 0 0 0 0
1597622400 0 0 0 0
1597536000 0 0 0 0
1597449600 0 0 0 0
1597363200 0 0 0 0
1597276800 0 0 0 0
1597190400 0 0 0 0
1597104000 0 0 0 0
1597017600 0 0 0 0
1596931200 0 0 0 0
1596844800 0 0 0 0
1596758400 0 0 0 0
1596672000 0 0 0 0
1596585600 0 0 0 0
1596499200 0 0 0 0
1596412800 0 0 0 0
1596326400 0 0 0 0
1596240000 0 0 0 0
1596153600 0 0 0 0
1596067200 0 0 0 0
1595980800 0 0 0 0
1595894400 0 0 0 0
1595808000 0 0 0 0
1595721600 0 0 0 0
1595635200 0 0 0 0
1595548800 0 0 0 0
1595462400 0 0 0 0
1595376000 0 0 0 0
1595289600 0 0 0 0
1595203200 0 0 0 0
1595116800 0 0 0 0
1595030400 0 0 0 0
1594944000 0 0 0 0
1594857600 0 0 0 0
1594771200 0 0 0 0
1594684800 0 0 0 0
1594598400 0 0 0 0
1594512000 0 0 0 0
1594425600 0 0 0 0
1594339200 0 0 0 0
1594252800 0 0 0 0
1594166400 0 0 0 0
1594080000 0 0 0 0
1593993600 0 0 0 0
1593907200 0 0 0 0
1593820800 0 0 0 0
1593734400 0 0 0 0
1593648000 0 0 0 0
1593561600 0 0 0 0
1593475200 0 0 0 0
1593388800 0 0 0 0
1593302400 0 0 0 0
1593216000 0 0 0 0
1593129600 0 0 0 0
1593043200 0 0 0 0
1592956800 0 0 0 0
1592870400 0 0 0 0
1592784000 0 0 0 0
1592697600 0 0 0 0
1592611200 0 0 0 0
1592524800 0 0 0 0
1592438400 0 0 0 0
1592352000 0 0 0 0
1592265600 0 0 0 0
1592179200 0 0 0 0
1592092800 0 0 0 0
1592006400 0 0 0 0
1591920000 0 0 0 0
1591833600 0 0 0 0
1591747200 0 0 0 0
1591660800 0 0 0 0
1591574400 0 0 0 0
1591488000 0 0 0 0
1591401600 0 0 0 0
1591315200 0 0 0 0
1591228800 0 0 0 0
1591142400 0 0 0 0
1591056000 0 0 0 0
1590969600 0 0 0 0
1590883200 0 0 0 0
1590796800 0 0 0 0
1590710400 0 0 0 0
1590624000 0 0 0 0
1590537600 0 0 0 0
1590451200 0 0 0 0
1590364800 0 0 0 0
1590278400 0 0 0 0
1590192000 0 0 0 0
1590105600 0 0 0 0
1590019200 0 0 0 0
1589932800 0 0 0 0
1589846400 0 0 0 0
1589760000 0 0 0 0
1589673600 0 0 0 0
