1658432111 3678816594 3504084543
1658432111 9930080 10247322 9930080 10247322
1658431812 10103771 10442054 10103771 10442054
1658431800 10153106 10494105 11337147 11743330
1658431500 11354248 11759084 11764685 12137181
1658431200 11735663 12106255 11764685 12137181
1658430900 10995570 11319539 11039138 11364048
1658430600 9949475 10251895 9949939 10266389
1658430300 10020762 10352591 12213801 12617358
1658430000 12237032 12641260 12847391 13269231
1658429700 12871100 13292607 13494014 13906763
1658429400 13489406 13902094 13494014 13906763
1658429100 13237990 13644805 13368360 13779439
1658428800 10097659 10402188 10109121 10413607
1658428500 9868642 10174947 10974274 11298406
1658428200 10977305 11301826 11050064 11383911
1658427900 11033942 11367583 11050064 11383911
1658427600 10675768 11004278 11365612 11689895
1658427300 11396709 11722777 12213733 12586700
1658427000 12173027 12544080 12213733 12586700
1658426700 11138174 11459994 12047088 12396408
1658426400 11608230 11960943 12047088 12396408
1658426100 531436 972298 12437716 12852375
1658425800 12425571 12838929 12437716 12852375
1658425500 12043867 12421274 12106500 12485693
1658425200 10550468 10885250 10785480 11125969
1658424900 10529591 10877681 10785480 11125969
1658424600 3835968 4383309 4604590 5140674
1658424300 4579291 5116176 4604590 5140674
1658424000 3843880 4399504 3914630 4472558
1658423700 2378278 2868063 11814562 12176927
1658423400 11750150 12110190 11814562 12176927
1658423100 10294649 10600809 12668981 13025748
1658422800 12659631 13017518 12668981 13025748
1658422500 12361739 12747435 12414001 12801319
1658422200 10945967 11287215 10988674 11331772
1658421900 9597013 9920580 9921006 10217861
1658421600 2233183 3195531 13057408 13959292
1658421300 12641688 13545126 13057408 13959292
1658421000 1742940 2670048 2303085 2818522
1658420700 2595804 3102643 9621071 9921550
1658420400 9661539 9962995 10632788 10957698
1658420100 10246699 10577220 10632788 10957698
1658419800 517557 991330 11406279 11770701
1658419500 11171792 11546115 11406279 11770701
1658419200 4849803 5512425 5011181 5645630
1658418900 641503 2046017 1398022 2843728
1658418600 1395120 2838911 1398022 2843728
1658418300 1836801 2626434 14108382 2723318
1658418000 14003813 716299 14108382 11621231
1658417700 11224886 11588793 11256516 11621231
1658417400 10393698 10736890 10393891 10744737
1658417100 10192020 10541808 10389073 10744737
1658416800 5462767 5671518 5462767 5671518
1658416500 5462767 5671518 5462767 5671518
1658416200 5462767 5671518 5462767 5671518
1658415900 5462767 5671518 5462767 5671518
1658415600 5462767 5671518 5462767 5671518
1658415300 5462767 5671518 5462767 5671518
1658415000 5462767 5671518 5462767 5671518
1658414700 5462767 5671518 5462767 5671518
1658414400 5462767 5671518 5462767 5671518
1658414100 5462767 5671518 5462767 5671518
1658413800 5462767 5671518 5462767 5671518
1658413500 5462767 5671518 5462767 5671518
1658413200 5462767 5671518 5462767 5671518
1658412900 5462767 5671518 5462767 5671518
1658412600 5462767 5671518 5462767 5671518
1658412300 5462767 5671518 5462767 5671518
1658412000 5462767 5671518 5462767 5671518
1658411700 5462767 5671518 5462767 5671518
1658411400 5462767 5671518 5462767 5671518
1658411100 5462767 5671518 5462767 5671518
1658410800 5462767 5671518 5462767 5671518
1658410500 5462767 5671518 5462767 5671518
1658410200 5462767 5671518 5462767 5671518
1658409900 5462767 5671518 5462767 5671518
1658409600 5462767 5671518 5462767 5671518
1658409300 5462767 5671518 5462767 5671518
1658409000 5462767 5671518 5462767 5671518
1658408700 5462767 5671518 5462767 5671518
1658408400 5462767 5671518 5462767 5671518
1658408100 5462767 5671518 5462767 5671518
1658407800 5462767 5671518 5462767 5671518
1658407500 5462767 5671518 5462767 5671518
1658407200 5462767 5671518 5462767 5671518
1658406900 5462767 5671518 5462767 5671518
1658406600 5462767 5671518 5462767 5671518
1658406300 5462767 5671518 5462767 5671518
1658406000 5462767 5671518 5462767 5671518
1658405700 5462767 5671518 5462767 5671518
1658405400 5462767 5671518 5462767 5671518
1658405100 5462767 5671518 5462767 5671518
1658404800 5462767 5671518 5462767 5671518
1658404500 5462767 5671518 5462767 5671518
1658404200 5462767 5671518 5462767 5671518
1658403900 5462767 5671518 5462767 5671518
1658403600 5462767 5671518 5462767 5671518
1658403300 5462767 5671518 5462767 5671518
1658403000 5462767 5671518 5462767 5671518
1658402700 5462767 5671518 5462767 5671518
1658402400 5462767 5671518 5462767 5671518
1658402100 5462767 5671518 5462767 5671518
1658401800 5462767 5671518 5462767 5671518
1658401500 5462767 5671518 5462767 5671518
1658401200 5462767 5671518 5462767 5671518
1658400900 5462767 5671518 5462767 5671518
1658400600 5462767 5671518 5462767 5671518
1658400300 5462767 5671518 5462767 5671518
1658400000 5462767 5671518 5462767 5671518
1658399700 5462767 5671518 5462767 5671518
1658399400 5462767 5671518 5462767 5671518
1658399100 5462767 5671518 5462767 5671518
1658398800 5462767 5671518 5462767 5671518
1658398500 5462767 5671518 5462767 5671518
1658398200 5462767 5671518 5462767 5671518
1658397900 5462767 5671518 5462767 5671518
1658397600 5462767 5671518 5462767 5671518
1658397300 5462767 5671518 5462767 5671518
1658397000 5462767 5671518 5462767 5671518
1658396700 5462767 5671518 5462767 5671518
1658396400 5462767 5671518 5462767 5671518
1658396100 5462767 5671518 5462767 5671518
1658395800 5462767 5671518 5462767 5671518
1658395500 5462767 5671518 5462767 5671518
1658395200 5462767 5671518 5462767 5671518
1658394900 5462767 5671518 5462767 5671518
1658394600 5462767 5671518 5462767 5671518
1658394300 5462767 5671518 5462767 5671518
1658394000 5462767 5671518 5462767 5671518
1658393700 5462767 5671518 5462767 5671518
1658393400 5462767 5671518 5462767 5671518
1658393100 5462767 5671518 5462767 5671518
1658392800 5462767 5671518 5462767 5671518
1658392500 5462767 5671518 5462767 5671518
1658392200 5462767 5671518 5462767 5671518
1658391900 5462767 5671518 5462767 5671518
1658391600 5462767 5671518 5462767 5671518
1658391300 5462767 5671518 5462767 5671518
1658391000 5462767 5671518 5462767 5671518
1658390700 5462767 5671518 5462767 5671518
1658390400 5462767 5671518 5462767 5671518
1658390100 5462767 5671518 5462767 5671518
1658389800 5462767 5671518 5462767 5671518
1658389500 5462767 5671518 5462767 5671518
1658389200 5462767 5671518 5462767 5671518
1658388900 5462767 5671518 5462767 5671518
1658388600 5462767 5671518 5462767 5671518
1658388300 5462767 5671518 5462767 5671518
1658388000 5462767 5671518 5462767 5671518
1658387700 5462767 5671518 5462767 5671518
1658387400 5462767 5671518 5462767 5671518
1658387100 5462767 5671518 5462767 5671518
1658386800 5462767 5671518 5462767 5671518
1658386500 5462767 5671518 5462767 5671518
1658386200 5462767 5671518 5462767 5671518
1658385900 5462767 5671518 5462767 5671518
1658385600 5462767 5671518 5462767 5671518
1658385300 5462767 5671518 5462767 5671518
1658385000 5462767 5671518 5462767 5671518
1658384700 5462767 5671518 5462767 5671518
1658384400 5462767 5671518 5462767 5671518
1658384100 5462767 5671518 5462767 5671518
1658383800 5462767 5671518 5462767 5671518
1658383500 5462767 5671518 5462767 5671518
1658383200 5462767 5671518 5462767 5671518
1658382900 5462767 5671518 5462767 5671518
1658382600 5462767 5671518 5462767 5671518
1658382300 5462767 5671518 5462767 5671518
1658382000 5462767 5671518 5462767 5671518
1658381700 5462767 5671518 5462767 5671518
1658381400 5462767 5671518 5462767 5671518
1658381100 5462767 5671518 5462767 5671518
1658380800 5462767 5671518 5462767 5671518
1658380500 5462767 5671518 5462767 5671518
1658380200 5462767 5671518 5462767 5671518
1658379900 5462767 5671518 5462767 5671518
1658379600 5462767 5671518 5462767 5671518
1658379300 5462767 5671518 5462767 5671518
1658379000 5462767 5671518 5462767 5671518
1658378700 5462767 5671518 5462767 5671518
1658378400 5462767 5671518 5462767 5671518
1658378100 5462767 5671518 5462767 5671518
1658377800 5462767 5671518 5462767 5671518
1658377500 5462767 5671518 5462767 5671518
1658377200 5462767 5671518 5462767 5671518
1658376900 5462767 5671518 5462767 5671518
1658376600 5462767 5671518 5462767 5671518
1658376300 5462767 5671518 5462767 5671518
1658376000 5462767 5671518 5462767 5671518
1658375700 5462767 5671518 5462767 5671518
1658375400 5462767 5671518 5462767 5671518
1658375100 5462767 5671518 5462767 5671518
1658374800 5462767 5671518 5462767 5671518
1658374500 5462767 5671518 5462767 5671518
1658374200 5462767 5671518 5462767 5671518
1658373900 5462767 5671518 5462767 5671518
1658373600 5462767 5671518 5462767 5671518
1658373300 5462767 5671518 5462767 5671518
1658373000 5462767 5671518 5462767 5671518
1658372700 5462767 5671518 5462767 5671518
1658372400 5462767 5671518 5462767 5671518
1658372100 5462767 5671518 5462767 5671518
1658371800 5462767 5671518 5462767 5671518
1658371500 5462767 5671518 5462767 5671518
1658371200 5462767 5671518 5462767 5671518
1658370900 5462767 5671518 5462767 5671518
1658370600 5462767 5671518 5462767 5671518
1658370300 5462767 5671518 5462767 5671518
1658370000 5462767 5671518 5462767 5671518
1658369700 5462767 5671518 5462767 5671518
1658369400 5462767 5671518 5462767 5671518
1658369100 5462767 5671518 5462767 5671518
1658368800 5462767 5671518 5462767 5671518
1658368500 5462767 5671518 5462767 5671518
1658368200 5462767 5671518 5462767 5671518
1658367900 5462767 5671518 5462767 5671518
1658367600 5462767 5671518 5462767 5671518
1658367300 5462767 5671518 5462767 5671518
1658367000 5462767 5671518 5462767 5671518
1658366700 5462767 5671518 5462767 5671518
1658366400 5462767 5671518 5462767 5671518
1658366100 5462767 5671518 5462767 5671518
1658365800 5462767 5671518 5462767 5671518
1658365500 5462767 5671518 5462767 5671518
1658365200 5462767 5671518 5462767 5671518
1658364900 5462767 5671518 5462767 5671518
1658364600 5462767 5671518 5462767 5671518
1658364300 5462767 5671518 5462767 5671518
1658364000 5462767 5671518 5462767 5671518
1658363700 5462767 5671518 5462767 5671518
1658363400 5462767 5671518 5462767 5671518
1658363100 5462767 5671518 5462767 5671518
1658362800 5462767 5671518 5462767 5671518
1658362500 5462767 5671518 5462767 5671518
1658362200 5462767 5671518 5462767 5671518
1658361900 5462767 5671518 5462767 5671518
1658361600 5462767 5671518 5462767 5671518
1658361300 5462767 5671518 5462767 5671518
1658361000 5462767 5671518 5462767 5671518
1658360700 5462767 5671518 5462767 5671518
1658360400 5462767 5671518 5462767 5671518
1658360100 5462767 5671518 5462767 5671518
1658359800 5462767 5671518 5462767 5671518
1658359500 5462767 5671518 5462767 5671518
1658359200 5462767 5671518 5462767 5671518
1658358900 5462767 5671518 5462767 5671518
1658358600 5462767 5671518 5462767 5671518
1658358300 5462767 5671518 5462767 5671518
1658358000 5462767 5671518 5462767 5671518
1658357700 5462767 5671518 5462767 5671518
1658357400 5462767 5671518 5462767 5671518
1658357100 5462767 5671518 5462767 5671518
1658356800 5462767 5671518 5462767 5671518
1658356500 5462767 5671518 5462767 5671518
1658356200 5462767 5671518 5462767 5671518
1658355900 5462767 5671518 5462767 5671518
1658355600 5462767 5671518 5462767 5671518
1658355300 5462767 5671518 5462767 5671518
1658355000 5462767 5671518 5462767 5671518
1658354700 5462767 5671518 5462767 5671518
1658354400 5462767 5671518 5462767 5671518
1658354100 5462767 5671518 5462767 5671518
1658353800 5462767 5671518 5462767 5671518
1658353500 5462767 5671518 5462767 5671518
1658353200 5462767 5671518 5462767 5671518
1658352900 5462767 5671518 5462767 5671518
1658352600 5462767 5671518 5462767 5671518
1658352300 5462767 5671518 5462767 5671518
1658352000 5462767 5671518 5462767 5671518
1658351700 5462767 5671518 5462767 5671518
1658351400 5462767 5671518 5462767 5671518
1658351100 5462767 5671518 5462767 5671518
1658350800 5462767 5671518 5462767 5671518
1658350500 5462767 5671518 5462767 5671518
1658350200 5462767 5671518 5462767 5671518
1658349900 5462767 5671518 5462767 5671518
1658349600 5462767 5671518 5462767 5671518
1658349300 5462767 5671518 5462767 5671518
1658349000 5462767 5671518 5462767 5671518
1658348700 5462767 5671518 5462767 5671518
1658348400 5462767 5671518 5462767 5671518
1658348100 5462767 5671518 5462767 5671518
1658347800 5462767 5671518 5462767 5671518
1658347500 5462767 5671518 5462767 5671518
1658347200 5462767 5671518 5462767 5671518
1658346900 5462767 5671518 5462767 5671518
1658346600 5462767 5671518 5462767 5671518
1658346300 5462767 5671518 5462767 5671518
1658346000 5462767 5671518 5462767 5671518
1658345700 5462767 5671518 5462767 5671518
1658345400 5462767 5671518 5462767 5671518
1658345100 5462767 5671518 5462767 5671518
1658344800 5462767 5671518 5462767 5671518
1658344500 5462767 5671518 5462767 5671518
1658344200 5462767 5671518 5462767 5671518
1658343900 5462767 5671518 5462767 5671518
1658343600 5462767 5671518 5462767 5671518
1658343300 5462767 5671518 5462767 5671518
1658343000 5462767 5671518 5462767 5671518
1658342700 5462767 5671518 5462767 5671518
1658342400 5462767 5671518 5462767 5671518
1658342100 5462767 5671518 5462767 5671518
1658341800 5462767 5671518 5462767 5671518
1658341500 5462767 5671518 5462767 5671518
1658341200 5462767 5671518 5462767 5671518
1658340900 5462767 5671518 5462767 5671518
1658340600 5462767 5671518 5462767 5671518
1658340300 5462767 5671518 5462767 5671518
1658340000 5462767 5671518 5462767 5671518
1658339700 5462767 5671518 5462767 5671518
1658339400 5462767 5671518 5462767 5671518
1658339100 5462767 5671518 5462767 5671518
1658338800 5462767 5671518 5462767 5671518
1658338500 5462767 5671518 5462767 5671518
1658338200 5462767 5671518 5462767 5671518
1658337900 5462767 5671518 5462767 5671518
1658337600 5462767 5671518 5462767 5671518
1658337300 5462767 5671518 5462767 5671518
1658337000 5462767 5671518 5462767 5671518
1658336700 5462767 5671518 5462767 5671518
1658336400 5462767 5671518 5462767 5671518
1658336100 5462767 5671518 5462767 5671518
1658335800 5462767 5671518 5462767 5671518
1658335500 5462767 5671518 5462767 5671518
1658335200 5462767 5671518 5462767 5671518
1658334900 5462767 5671518 5462767 5671518
1658334600 5462767 5671518 5462767 5671518
1658334300 5462767 5671518 5462767 5671518
1658334000 5462767 5671518 5462767 5671518
1658333700 5462767 5671518 5462767 5671518
1658333400 5462767 5671518 5462767 5671518
1658333100 5462767 5671518 5462767 5671518
1658332800 5462767 5671518 5462767 5671518
1658332500 5462767 5671518 5462767 5671518
1658332200 5462767 5671518 5462767 5671518
1658331900 5462767 5671518 5462767 5671518
1658331600 5462767 5671518 5462767 5671518
1658331300 5462767 5671518 5462767 5671518
1658331000 5462767 5671518 5462767 5671518
1658330700 5462767 5671518 5462767 5671518
1658330400 5462767 5671518 5462767 5671518
1658330100 5462767 5671518 5462767 5671518
1658329800 5462767 5671518 5462767 5671518
1658329500 5462767 5671518 5462767 5671518
1658329200 5462767 5671518 5462767 5671518
1658328900 5462767 5671518 5462767 5671518
1658328600 5462767 5671518 5462767 5671518
1658328300 5462767 5671518 5462767 5671518
1658328000 5462767 5671518 5462767 5671518
1658327700 5462767 5671518 5462767 5671518
1658327400 5462767 5671518 5462767 5671518
1658327100 5462767 5671518 5462767 5671518
1658326800 5462767 5671518 5462767 5671518
1658326500 5462767 5671518 5462767 5671518
1658326200 5462767 5671518 5462767 5671518
1658325900 5462767 5671518 5462767 5671518
1658325600 5462767 5671518 5462767 5671518
1658325300 5462767 5671518 5462767 5671518
1658325000 5462767 5671518 5462767 5671518
1658324700 5462767 5671518 5462767 5671518
1658324400 5462767 5671518 5462767 5671518
1658324100 5462767 5671518 5462767 5671518
1658323800 5462767 5671518 5462767 5671518
1658323500 5462767 5671518 5462767 5671518
1658323200 5462767 5671518 5462767 5671518
1658322900 5462767 5671518 5462767 5671518
1658322600 5462767 5671518 5462767 5671518
1658322300 5462767 5671518 5462767 5671518
1658322000 5462767 5671518 5462767 5671518
1658321700 5462767 5671518 5462767 5671518
1658321400 5462767 5671518 5462767 5671518
1658321100 5462767 5671518 5462767 5671518
1658320800 5462767 5671518 5462767 5671518
1658320500 5462767 5671518 5462767 5671518
1658320200 5462767 5671518 5462767 5671518
1658319900 5462767 5671518 5462767 5671518
1658319600 5462767 5671518 5462767 5671518
1658319300 5462767 5671518 5462767 5671518
1658319000 5462767 5671518 5462767 5671518
1658318700 5462767 5671518 5462767 5671518
1658318400 5462767 5671518 5462767 5671518
1658318100 5462767 5671518 5462767 5671518
1658317800 5462767 5671518 5462767 5671518
1658317500 5462767 5671518 5462767 5671518
1658317200 5462767 5671518 5462767 5671518
1658316900 5462767 5671518 5462767 5671518
1658316600 5462767 5671518 5462767 5671518
1658316300 5462767 5671518 5462767 5671518
1658316000 5462767 5671518 5462767 5671518
1658315700 5462767 5671518 5462767 5671518
1658315400 5462767 5671518 5462767 5671518
1658315100 5462767 5671518 5462767 5671518
1658314800 5462767 5671518 5462767 5671518
1658314500 5462767 5671518 5462767 5671518
1658314200 5462767 5671518 5462767 5671518
1658313900 5462767 5671518 5462767 5671518
1658313600 5462767 5671518 5462767 5671518
1658313300 5462767 5671518 5462767 5671518
1658313000 5462767 5671518 5462767 5671518
1658312700 5462767 5671518 5462767 5671518
1658312400 5462767 5671518 5462767 5671518
1658312100 5462767 5671518 5462767 5671518
1658311800 5462767 5671518 5462767 5671518
1658311500 5462767 5671518 5462767 5671518
1658311200 5462767 5671518 5462767 5671518
1658310900 5462767 5671518 5462767 5671518
1658310600 5462767 5671518 5462767 5671518
1658310300 5462767 5671518 5462767 5671518
1658310000 5462767 5671518 5462767 5671518
1658309700 5462767 5671518 5462767 5671518
1658309400 5462767 5671518 5462767 5671518
1658309100 5462767 5671518 5462767 5671518
1658308800 5462767 5671518 5462767 5671518
1658308500 5462767 5671518 5462767 5671518
1658308200 5462767 5671518 5462767 5671518
1658307900 5462767 5671518 5462767 5671518
1658307600 5462767 5671518 5462767 5671518
1658307300 5462767 5671518 5462767 5671518
1658307000 5462767 5671518 5462767 5671518
1658306700 5462767 5671518 5462767 5671518
1658306400 5462767 5671518 5462767 5671518
1658306100 5462767 5671518 5462767 5671518
1658305800 5462767 5671518 5462767 5671518
1658305500 5462767 5671518 5462767 5671518
1658305200 5462767 5671518 5462767 5671518
1658304900 5462767 5671518 5462767 5671518
1658304600 5462767 5671518 5462767 5671518
1658304300 5462767 5671518 5462767 5671518
1658304000 5462767 5671518 5462767 5671518
1658303700 5462767 5671518 5462767 5671518
1658303400 5462767 5671518 5462767 5671518
1658303100 5462767 5671518 5462767 5671518
1658302800 5462767 5671518 5462767 5671518
1658302500 5462767 5671518 5462767 5671518
1658302200 5462767 5671518 5462767 5671518
1658301900 5462767 5671518 5462767 5671518
1658301600 5462767 5671518 5462767 5671518
1658301300 5462767 5671518 5462767 5671518
1658301000 5462767 5671518 5462767 5671518
1658300700 5462767 5671518 5462767 5671518
1658300400 5462767 5671518 5462767 5671518
1658300100 5462767 5671518 5462767 5671518
1658299800 5462767 5671518 5462767 5671518
1658299500 5462767 5671518 5462767 5671518
1658299200 5462767 5671518 5462767 5671518
1658298900 5462767 5671518 5462767 5671518
1658298600 5462767 5671518 5462767 5671518
1658298300 5462767 5671518 5462767 5671518
1658298000 5462767 5671518 5462767 5671518
1658297700 5462767 5671518 5462767 5671518
1658297400 5462767 5671518 5462767 5671518
1658297100 5462767 5671518 5462767 5671518
1658296800 5462767 5671518 5462767 5671518
1658296500 5462767 5671518 5462767 5671518
1658296200 5462767 5671518 5462767 5671518
1658295900 5462767 5671518 5462767 5671518
1658295600 5462767 5671518 5462767 5671518
1658295300 5462767 5671518 5462767 5671518
1658295000 5462767 5671518 5462767 5671518
1658294700 5462767 5671518 5462767 5671518
1658294400 5462767 5671518 5462767 5671518
1658294100 5462767 5671518 5462767 5671518
1658293800 5462767 5671518 5462767 5671518
1658293500 5462767 5671518 5462767 5671518
1658293200 5462767 5671518 5462767 5671518
1658292900 5462767 5671518 5462767 5671518
1658292600 5462767 5671518 5462767 5671518
1658292300 5462767 5671518 5462767 5671518
1658292000 5462767 5671518 5462767 5671518
1658291700 5462767 5671518 5462767 5671518
1658291400 5462767 5671518 5462767 5671518
1658291100 5462767 5671518 5462767 5671518
1658290800 5462767 5671518 5462767 5671518
1658290500 5462767 5671518 5462767 5671518
1658290200 5462767 5671518 5462767 5671518
1658289900 5462767 5671518 5462767 5671518
1658289600 5462767 5671518 5462767 5671518
1658289300 5462767 5671518 5462767 5671518
1658289000 5462767 5671518 5462767 5671518
1658288700 5462767 5671518 5462767 5671518
1658288400 5462767 5671518 5462767 5671518
1658288100 5462767 5671518 5462767 5671518
1658287800 5462767 5671518 5462767 5671518
1658287500 5462767 5671518 5462767 5671518
1658287200 5462767 5671518 5462767 5671518
1658286900 5462767 5671518 5462767 5671518
1658286600 5462767 5671518 5462767 5671518
1658286300 5462767 5671518 5462767 5671518
1658286000 5462767 5671518 5462767 5671518
1658285700 5462767 5671518 5462767 5671518
1658285400 5462767 5671518 5462767 5671518
1658285100 5462767 5671518 5462767 5671518
1658284800 5462767 5671518 5462767 5671518
1658284500 5462767 5671518 5462767 5671518
1658284200 5462767 5671518 5462767 5671518
1658283900 5462767 5671518 5462767 5671518
1658283600 5462767 5671518 5462767 5671518
1658283300 5462767 5671518 5462767 5671518
1658283000 5462767 5671518 5462767 5671518
1658282700 5462767 5671518 5462767 5671518
1658282400 5462767 5671518 5462767 5671518
1658282100 5462767 5671518 5462767 5671518
1658281800 5462767 5671518 5462767 5671518
1658281500 5462767 5671518 5462767 5671518
1658281200 5462767 5671518 5462767 5671518
1658280900 5462767 5671518 5462767 5671518
1658280600 5462767 5671518 5462767 5671518
1658280300 5462767 5671518 5462767 5671518
1658280000 5462767 5671518 5462767 5671518
1658279700 5462767 5671518 5462767 5671518
1658279400 5462767 5671518 5462767 5671518
1658279100 5462767 5671518 5462767 5671518
1658278800 5462767 5671518 5462767 5671518
1658278500 5462767 5671518 5462767 5671518
1658278200 5462767 5671518 5462767 5671518
1658277900 5462767 5671518 5462767 5671518
1658277600 5462767 5671518 5462767 5671518
1658277300 5462767 5671518 5462767 5671518
1658277000 5462767 5671518 5462767 5671518
1658276700 5462767 5671518 5462767 5671518
1658276400 5462767 5671518 5462767 5671518
1658276100 5462767 5671518 5462767 5671518
1658275800 5462767 5671518 5462767 5671518
1658275500 5462767 5671518 5462767 5671518
1658275200 5462767 5671518 5462767 5671518
1658274900 5462767 5671518 5462767 5671518
1658274600 5462767 5671518 5462767 5671518
1658274300 5462767 5671518 5462767 5671518
1658274000 5462767 5671518 5462767 5671518
1658273700 5462767 5671518 5462767 5671518
1658273400 5462767 5671518 5462767 5671518
1658273100 5462767 5671518 5462767 5671518
1658272800 5462767 5671518 5462767 5671518
1658272500 5462767 5671518 5462767 5671518
1658272200 5462767 5671518 5462767 5671518
1658271900 5462767 5671518 5462767 5671518
1658271600 5462767 5671518 5462767 5671518
1658271300 5462767 5671518 5462767 5671518
1658271000 5462767 5671518 5462767 5671518
1658270700 5462767 5671518 5462767 5671518
1658270400 5462767 5671518 5462767 5671518
1658270100 5462767 5671518 5462767 5671518
1658269800 5462767 5671518 5462767 5671518
1658269500 5462767 5671518 5462767 5671518
1658269200 5462767 5671518 5462767 5671518
1658268900 5462767 5671518 5462767 5671518
1658268600 5462767 5671518 5462767 5671518
1658268300 5462767 5671518 5462767 5671518
1658268000 5462767 5671518 5462767 5671518
1658267700 5462767 5671518 5462767 5671518
1658267400 5462767 5671518 5462767 5671518
1658267100 5462767 5671518 5462767 5671518
1658266800 5462767 5671518 5462767 5671518
1658266500 5462767 5671518 5462767 5671518
1658266200 5462767 5671518 5462767 5671518
1658265900 5462767 5671518 5462767 5671518
1658265600 5462767 5671518 5462767 5671518
1658265300 5462767 5671518 5462767 5671518
1658265000 5462767 5671518 5462767 5671518
1658264700 5462767 5671518 5462767 5671518
1658264400 5462767 5671518 5462767 5671518
1658264100 5462767 5671518 5462767 5671518
1658263800 5462767 5671518 5462767 5671518
1658263500 5462767 5671518 5462767 5671518
1658263200 5462767 5671518 5462767 5671518
1658262900 5462767 5671518 5462767 5671518
1658262600 5462767 5671518 5462767 5671518
1658262300 5462767 5671518 5462767 5671518
1658262000 5462767 5671518 5462767 5671518
1658261700 5462767 5671518 5462767 5671518
1658261400 5462767 5671518 5462767 5671518
1658261100 5462767 5671518 5462767 5671518
1658260800 5462767 5671518 5462767 5671518
1658260500 5462767 5671518 5462767 5671518
1658260200 5462767 5671518 5462767 5671518
1658259900 5462767 5671518 5462767 5671518
1658259600 5462767 5671518 5462767 5671518
1658259300 5462767 5671518 5462767 5671518
1658259000 5462767 5671518 5462767 5671518
1658258700 5462767 5671518 5462767 5671518
1658258400 5462767 5671518 5462767 5671518
1658258100 5462767 5671518 5462767 5671518
1658257800 5462767 5671518 5462767 5671518
1658257500 5462767 5671518 5462767 5671518
1658257200 5462767 5671518 5462767 5671518
1658256900 5462767 5671518 5462767 5671518
1658256600 5462767 5671518 5462767 5671518
1658256300 5462767 5671518 5462767 5671518
1658256000 5462767 5671518 5462767 5671518
1658255700 5462767 5671518 5462767 5671518
1658255400 5462767 5671518 5462767 5671518
1658255100 5462767 5671518 5462767 5671518
1658254800 5462767 5671518 5462767 5671518
1658254500 5462767 5671518 5462767 5671518
1658254200 5462767 5671518 5462767 5671518
1658253900 5462767 5671518 5462767 5671518
1658253600 5462767 5671518 5462767 5671518
1658253300 5462767 5671518 5462767 5671518
1658253000 5462767 5671518 5462767 5671518
1658252700 5462767 5671518 5462767 5671518
1658252400 5462767 5671518 5462767 5671518
1658252100 5462767 5671518 5462767 5671518
1658251800 5462767 5671518 5462767 5671518
1658250000 5462767 5671518 5462767 5671518
1658248200 5462767 5671518 5462767 5671518
1658246400 5462767 5671518 5462767 5671518
1658244600 5462767 5671518 5462767 5671518
1658242800 5462767 5671518 5462767 5671518
1658241000 5462767 5671518 5462767 5671518
1658239200 5462767 5671518 5462767 5671518
1658237400 5462767 5671518 5462767 5671518
1658235600 5462767 5671518 5462767 5671518
1658233800 5462767 5671518 5462767 5671518
1658232000 5462767 5671518 5462767 5671518
1658230200 5462767 5671518 5462767 5671518
1658228400 5462767 5671518 5462767 5671518
1658226600 5462767 5671518 5462767 5671518
1658224800 5462767 5671518 5462767 5671518
1658223000 5462767 5671518 5462767 5671518
1658221200 5462767 5671518 5462767 5671518
1658219400 5462767 5671518 5462767 5671518
1658217600 5462767 5671518 5462767 5671518
1658215800 5462767 5671518 5462767 5671518
1658214000 5462767 5671518 5462767 5671518
1658212200 5462767 5671518 5462767 5671518
1658210400 5462767 5671518 5462767 5671518
1658208600 5462767 5671518 5462767 5671518
1658206800 5462767 5671518 5462767 5671518
1658205000 5462767 5671518 5462767 5671518
1658203200 5462767 5671518 5462767 5671518
1658201400 5462767 5671518 5462767 5671518
1658199600 5462767 5671518 5462767 5671518
1658197800 5462767 5671518 5462767 5671518
1658196000 5462767 5671518 5462767 5671518
1658194200 5462767 5671518 5462767 5671518
1658192400 5462767 5671518 5462767 5671518
1658190600 5462767 5671518 5462767 5671518
1658188800 5462767 5671518 5462767 5671518
1658187000 5462767 5671518 5462767 5671518
1658185200 5462767 5671518 5462767 5671518
1658183400 5462767 5671518 5462767 5671518
1658181600 5462767 5671518 5462767 5671518
1658179800 5462767 5671518 5462767 5671518
1658178000 5462767 5671518 5462767 5671518
1658176200 5462767 5671518 5462767 5671518
1658174400 5462767 5671518 5462767 5671518
1658172600 5462767 5671518 5462767 5671518
1658170800 5462767 5671518 5462767 5671518
1658169000 5462767 5671518 5462767 5671518
1658167200 5462767 5671518 5462767 5671518
1658165400 5462767 5671518 5462767 5671518
1658163600 5462767 5671518 5462767 5671518
1658161800 5462767 5671518 5462767 5671518
1658160000 5462767 5671518 5462767 5671518
1658158200 5462767 5671518 5462767 5671518
1658156400 5462767 5671518 5462767 5671518
1658154600 5462767 5671518 5462767 5671518
1658152800 5462767 5671518 5462767 5671518
1658151000 5462767 5671518 5462767 5671518
1658149200 5462767 5671518 5462767 5671518
1658147400 5462767 5671518 5462767 5671518
1658145600 5462767 5671518 5462767 5671518
1658143800 5462767 5671518 5462767 5671518
1658142000 5462767 5671518 5462767 5671518
1658140200 5462767 5671518 5462767 5671518
1658138400 5462767 5671518 5462767 5671518
1658136600 5462767 5671518 5462767 5671518
1658134800 5462767 5671518 5462767 5671518
1658133000 5462767 5671518 5462767 5671518
1658131200 5462767 5671518 5462767 5671518
1658129400 5462767 5671518 5462767 5671518
1658127600 5462767 5671518 5462767 5671518
1658125800 5462767 5671518 5462767 5671518
1658124000 5462767 5671518 5462767 5671518
1658122200 5462767 5671518 5462767 5671518
1658120400 5462767 5671518 5462767 5671518
1658118600 5462767 5671518 5462767 5671518
1658116800 5462767 5671518 5462767 5671518
1658115000 5462767 5671518 5462767 5671518
1658113200 5462767 5671518 5462767 5671518
1658111400 5462767 5671518 5462767 5671518
1658109600 5462767 5671518 5462767 5671518
1658107800 5462767 5671518 5462767 5671518
1658106000 5462767 5671518 5462767 5671518
1658104200 5462767 5671518 5462767 5671518
1658102400 5462767 5671518 5462767 5671518
1658100600 5462767 5671518 5462767 5671518
1658098800 5462767 5671518 5462767 5671518
1658097000 5462767 5671518 5462767 5671518
1658095200 5462767 5671518 5462767 5671518
1658093400 5462767 5671518 5462767 5671518
1658091600 5462767 5671518 5462767 5671518
1658089800 5462767 5671518 5462767 5671518
1658088000 5462767 5671518 5462767 5671518
1658086200 5462767 5671518 5462767 5671518
1658084400 5462767 5671518 5462767 5671518
1658082600 5462767 5671518 5462767 5671518
1658080800 5462767 5671518 5462767 5671518
1658079000 5462767 5671518 5462767 5671518
1658077200 5462767 5671518 5462767 5671518
1658075400 5462767 5671518 5462767 5671518
1658073600 5462767 5671518 5462767 5671518
1658071800 5462767 5671518 5462767 5671518
1658070000 5462767 5671518 5462767 5671518
1658068200 5462767 5671518 5462767 5671518
1658066400 5462767 5671518 5462767 5671518
1658064600 5462767 5671518 5462767 5671518
1658062800 5462767 5671518 5462767 5671518
1658061000 5462767 5671518 5462767 5671518
1658059200 5462767 5671518 5462767 5671518
1658057400 5462767 5671518 5462767 5671518
1658055600 5462767 5671518 5462767 5671518
1658053800 5462767 5671518 5462767 5671518
1658052000 5462767 5671518 5462767 5671518
1658050200 5462767 5671518 5462767 5671518
1658048400 5462767 5671518 5462767 5671518
1658046600 5462767 5671518 5462767 5671518
1658044800 5462767 5671518 5462767 5671518
1658043000 5462767 5671518 5462767 5671518
1658041200 5462767 5671518 5462767 5671518
1658039400 5462767 5671518 5462767 5671518
1658037600 5462767 5671518 5462767 5671518
1658035800 5462767 5671518 5462767 5671518
1658034000 5462767 5671518 5462767 5671518
1658032200 5462767 5671518 5462767 5671518
1658030400 5462767 5671518 5462767 5671518
1658028600 5462767 5671518 5462767 5671518
1658026800 5462767 5671518 5462767 5671518
1658025000 5462767 5671518 5462767 5671518
1658023200 5462767 5671518 5462767 5671518
1658021400 5462767 5671518 5462767 5671518
1658019600 5462767 5671518 5462767 5671518
1658017800 5462767 5671518 5462767 5671518
1658016000 5462767 5671518 5462767 5671518
1658014200 5462767 5671518 5462767 5671518
1658012400 5462767 5671518 5462767 5671518
1658010600 5462767 5671518 5462767 5671518
1658008800 5462767 5671518 5462767 5671518
1658007000 5462767 5671518 5462767 5671518
1658005200 5462767 5671518 5462767 5671518
1658003400 5462767 5671518 5462767 5671518
1658001600 5462767 5671518 5462767 5671518
1657999800 5462767 5671518 5462767 5671518
1657998000 5462767 5671518 5462767 5671518
1657996200 5462767 5671518 5462767 5671518
1657994400 5462767 5671518 5462767 5671518
1657992600 5462767 5671518 5462767 5671518
1657990800 5462767 5671518 5462767 5671518
1657989000 5462767 5671518 5462767 5671518
1657987200 5462767 5671518 5462767 5671518
1657985400 5462767 5671518 5462767 5671518
1657983600 5462767 5671518 5462767 5671518
1657981800 5462767 5671518 5462767 5671518
1657980000 5462767 5671518 5462767 5671518
1657978200 5462767 5671518 5462767 5671518
1657976400 5462767 5671518 5462767 5671518
1657974600 5462767 5671518 5462767 5671518
1657972800 5462767 5671518 5462767 5671518
1657971000 5462767 5671518 5462767 5671518
1657969200 5462767 5671518 5462767 5671518
1657967400 5462767 5671518 5462767 5671518
1657965600 5462767 5671518 5462767 5671518
1657963800 5462767 5671518 5462767 5671518
1657962000 5462767 5671518 5462767 5671518
1657960200 5462767 5671518 5462767 5671518
1657958400 5462767 5671518 5462767 5671518
1657956600 5462767 5671518 5462767 5671518
1657954800 5462767 5671518 5462767 5671518
1657953000 5462767 5671518 5462767 5671518
1657951200 5462767 5671518 5462767 5671518
1657949400 5462767 5671518 5462767 5671518
1657947600 5462767 5671518 5462767 5671518
1657945800 5462767 5671518 5462767 5671518
1657944000 5462767 5671518 5462767 5671518
1657942200 5462767 5671518 5462767 5671518
1657940400 5462767 5671518 5462767 5671518
1657938600 5462767 5671518 5462767 5671518
1657936800 5462767 5671518 5462767 5671518
1657935000 5462767 5671518 5462767 5671518
1657933200 5462767 5671518 5462767 5671518
1657931400 5462767 5671518 5462767 5671518
1657929600 5462767 5671518 5462767 5671518
1657927800 5462767 5671518 5462767 5671518
1657926000 5462767 5671518 5462767 5671518
1657924200 5462767 5671518 5462767 5671518
1657922400 5462767 5671518 5462767 5671518
1657920600 5462767 5671518 5462767 5671518
1657918800 5462767 5671518 5462767 5671518
1657917000 5462767 5671518 5462767 5671518
1657915200 5462767 5671518 5462767 5671518
1657913400 5462767 5671518 5462767 5671518
1657911600 5462767 5671518 5462767 5671518
1657909800 5462767 5671518 5462767 5671518
1657908000 5462767 5671518 5462767 5671518
1657906200 5462767 5671518 5462767 5671518
1657904400 5462767 5671518 5462767 5671518
1657902600 5462767 5671518 5462767 5671518
1657900800 5462767 5671518 5462767 5671518
1657899000 5462767 5671518 5462767 5671518
1657897200 5462767 5671518 5462767 5671518
1657895400 5462767 5671518 5462767 5671518
1657893600 5462767 5671518 5462767 5671518
1657891800 5462767 5671518 5462767 5671518
1657890000 5462767 5671518 5462767 5671518
1657888200 5462767 5671518 5462767 5671518
1657886400 5462767 5671518 5462767 5671518
1657884600 5462767 5671518 5462767 5671518
1657882800 5462767 5671518 5462767 5671518
1657881000 5462767 5671518 5462767 5671518
1657879200 5462767 5671518 5462767 5671518
1657877400 5462767 5671518 5462767 5671518
1657875600 5462767 5671518 5462767 5671518
1657873800 5462767 5671518 5462767 5671518
1657872000 5462767 5671518 5462767 5671518
1657870200 5462767 5671518 5462767 5671518
1657868400 5462767 5671518 5462767 5671518
1657866600 5462767 5671518 5462767 5671518
1657864800 5462767 5671518 5462767 5671518
1657863000 5462767 5671518 5462767 5671518
1657861200 5462767 5671518 5462767 5671518
1657859400 5462767 5671518 5462767 5671518
1657857600 5462767 5671518 5462767 5671518
1657855800 5462767 5671518 5462767 5671518
1657854000 5462767 5671518 5462767 5671518
1657852200 5462767 5671518 5462767 5671518
1657850400 5462767 5671518 5462767 5671518
1657848600 5462767 5671518 5462767 5671518
1657846800 5462767 5671518 5462767 5671518
1657845000 5462767 5671518 5462767 5671518
1657843200 5462767 5671518 5462767 5671518
1657841400 5462767 5671518 5462767 5671518
1657839600 5462767 5671518 5462767 5671518
1657837800 5462767 5671518 5462767 5671518
1657836000 5462767 5671518 5462767 5671518
1657834200 5462767 5671518 5462767 5671518
1657832400 5462767 5671518 5462767 5671518
1657830600 5462767 5671518 5462767 5671518
1657828800 5462767 5671518 5462767 5671518
1657827000 5462767 5671518 5462767 5671518
1657825200 5462767 5671518 5462767 5671518
1657823400 5462767 5671518 5462767 5671518
1657821600 5462767 5671518 5462767 5671518
1657819800 5462767 5671518 5462767 5671518
1657818000 5462767 5671518 5462767 5671518
1657816200 5462767 5671518 5462767 5671518
1657814400 5462767 5671518 5462767 5671518
1657812600 5462767 5671518 5462767 5671518
1657810800 5462767 5671518 5462767 5671518
1657809000 5462767 5671518 5462767 5671518
1657807200 5462767 5671518 5462767 5671518
1657805400 5462767 5671518 5462767 5671518
1657803600 5462767 5671518 5462767 5671518
1657801800 5462767 5671518 5462767 5671518
1657800000 5462767 5671518 5462767 5671518
1657798200 5462767 5671518 5462767 5671518
1657796400 5462767 5671518 5462767 5671518
1657794600 5462767 5671518 5462767 5671518
1657792800 5462767 5671518 5462767 5671518
1657791000 5462767 5671518 5462767 5671518
1657789200 5462767 5671518 5462767 5671518
1657787400 5462767 5671518 5462767 5671518
1657785600 5462767 5671518 5462767 5671518
1657783800 5462767 5671518 5462767 5671518
1657782000 5462767 5671518 5462767 5671518
1657780200 5462767 5671518 5462767 5671518
1657778400 5462767 5671518 5462767 5671518
1657776600 5462767 5671518 5462767 5671518
1657774800 5462767 5671518 5462767 5671518
1657773000 5462767 5671518 5462767 5671518
1657771200 5462767 5671518 5462767 5671518
1657769400 5462767 5671518 5462767 5671518
1657767600 5462767 5671518 5462767 5671518
1657765800 5462767 5671518 5462767 5671518
1657764000 5462767 5671518 5462767 5671518
1657762200 5462767 5671518 5462767 5671518
1657760400 5462767 5671518 5462767 5671518
1657758600 5462767 5671518 5462767 5671518
1657756800 5462767 5671518 5462767 5671518
1657755000 5462767 5671518 5462767 5671518
1657753200 5462767 5671518 5462767 5671518
1657751400 5462767 5671518 5462767 5671518
1657749600 5462767 5671518 5462767 5671518
1657747800 5462767 5671518 5462767 5671518
1657746000 5462767 5671518 5462767 5671518
1657744200 5462767 5671518 5462767 5671518
1657742400 5462767 5671518 5462767 5671518
1657740600 5462767 5671518 5462767 5671518
1657738800 5462767 5671518 5462767 5671518
1657737000 5462767 5671518 5462767 5671518
1657735200 5462767 5671518 5462767 5671518
1657733400 5462767 5671518 5462767 5671518
1657731600 5462767 5671518 5462767 5671518
1657729800 5462767 5671518 5462767 5671518
1657728000 5462767 5671518 5462767 5671518
1657726200 5462767 5671518 5462767 5671518
1657724400 5462767 5671518 5462767 5671518
1657722600 5462767 5671518 5462767 5671518
1657720800 5462767 5671518 5462767 5671518
1657719000 5462767 5671518 5462767 5671518
1657717200 5462767 5671518 5462767 5671518
1657715400 5462767 5671518 5462767 5671518
1657713600 5462767 5671518 5462767 5671518
1657711800 5462767 5671518 5462767 5671518
1657710000 5462767 5671518 5462767 5671518
1657708200 5462767 5671518 5462767 5671518
1657706400 5462767 5671518 5462767 5671518
1657704600 5462767 5671518 5462767 5671518
1657702800 5462767 5671518 5462767 5671518
1657701000 5462767 5671518 5462767 5671518
1657699200 5462767 5671518 5462767 5671518
1657697400 5462767 5671518 5462767 5671518
1657695600 5462767 5671518 5462767 5671518
1657693800 5462767 5671518 5462767 5671518
1657692000 5462767 5671518 5462767 5671518
1657690200 5462767 5671518 5462767 5671518
1657688400 5462767 5671518 5462767 5671518
1657686600 5462767 5671518 5462767 5671518
1657684800 5462767 5671518 5462767 5671518
1657683000 5462767 5671518 5462767 5671518
1657681200 5462767 5671518 5462767 5671518
1657679400 5462767 5671518 5462767 5671518
1657677600 5462767 5671518 5462767 5671518
1657675800 5462767 5671518 5462767 5671518
1657674000 5462767 5671518 5462767 5671518
1657672200 5462767 5671518 5462767 5671518
1657670400 5462767 5671518 5462767 5671518
1657668600 5462767 5671518 5462767 5671518
1657666800 5462767 5671518 5462767 5671518
1657665000 5462767 5671518 5462767 5671518
1657663200 5462767 5671518 5462767 5671518
1657661400 5462767 5671518 5462767 5671518
1657659600 5462767 5671518 5462767 5671518
1657657800 5462767 5671518 5462767 5671518
1657656000 5462767 5671518 5462767 5671518
1657654200 5462767 5671518 5462767 5671518
1657652400 5462767 5671518 5462767 5671518
1657650600 5462767 5671518 5462767 5671518
1657648800 5462767 5671518 5462767 5671518
1657647000 5462767 5671518 5462767 5671518
1657645200 5462767 5671518 5462767 5671518
1657643400 5462767 5671518 5462767 5671518
1657641600 5462767 5671518 5462767 5671518
1657639800 5462767 5671518 5462767 5671518
1657638000 5462767 5671518 5462767 5671518
1657636200 5462767 5671518 5462767 5671518
1657634400 5462767 5671518 5462767 5671518
1657632600 5462767 5671518 5462767 5671518
1657630800 5462767 5671518 5462767 5671518
1657629000 5462767 5671518 5462767 5671518
1657627200 5462767 5671518 5462767 5671518
1657625400 5462767 5671518 5462767 5671518
1657623600 5462767 5671518 5462767 5671518
1657621800 5462767 5671518 5462767 5671518
1657620000 5462767 5671518 5462767 5671518
1657618200 5462767 5671518 5462767 5671518
1657616400 5462767 5671518 5462767 5671518
1657614600 5462767 5671518 5462767 5671518
1657612800 5462767 5671518 5462767 5671518
1657611000 5462767 5671518 5462767 5671518
1657609200 5462767 5671518 5462767 5671518
1657607400 5462767 5671518 5462767 5671518
1657605600 5462767 5671518 5462767 5671518
1657603800 5462767 5671518 5462767 5671518
1657602000 5462767 5671518 5462767 5671518
1657600200 5462767 5671518 5462767 5671518
1657598400 5462767 5671518 5462767 5671518
1657596600 5462767 5671518 5462767 5671518
1657594800 5462767 5671518 5462767 5671518
1657593000 5462767 5671518 5462767 5671518
1657591200 5462767 5671518 5462767 5671518
1657589400 5462767 5671518 5462767 5671518
1657587600 5462767 5671518 5462767 5671518
1657585800 5462767 5671518 5462767 5671518
1657584000 5462767 5671518 5462767 5671518
1657582200 5462767 5671518 5462767 5671518
1657580400 5462767 5671518 5462767 5671518
1657578600 5462767 5671518 5462767 5671518
1657576800 5462767 5671518 5462767 5671518
1657575000 5462767 5671518 5462767 5671518
1657573200 5462767 5671518 5462767 5671518
1657571400 5462767 5671518 5462767 5671518
1657569600 5462767 5671518 5462767 5671518
1657567800 5462767 5671518 5462767 5671518
1657566000 5462767 5671518 5462767 5671518
1657564200 5462767 5671518 5462767 5671518
1657562400 5462767 5671518 5462767 5671518
1657560600 5462767 5671518 5462767 5671518
1657558800 5462767 5671518 5462767 5671518
1657557000 5462767 5671518 5462767 5671518
1657555200 5462767 5671518 5462767 5671518
1657553400 5462767 5671518 5462767 5671518
1657551600 5462767 5671518 5462767 5671518
1657549800 5462767 5671518 5462767 5671518
1657548000 5462767 5671518 5462767 5671518
1657546200 5462767 5671518 5462767 5671518
1657544400 5462767 5671518 5462767 5671518
1657542600 5462767 5671518 5462767 5671518
1657540800 5462767 5671518 5462767 5671518
1657539000 5462767 5671518 5462767 5671518
1657537200 5462767 5671518 5462767 5671518
1657535400 5462767 5671518 5462767 5671518
1657533600 5462767 5671518 5462767 5671518
1657531800 5462767 5671518 5462767 5671518
1657530000 5462767 5671518 5462767 5671518
1657528200 5462767 5671518 5462767 5671518
1657526400 5462767 5671518 5462767 5671518
1657524600 5462767 5671518 5462767 5671518
1657522800 5462767 5671518 5462767 5671518
1657521000 5462767 5671518 5462767 5671518
1657519200 5462767 5671518 5462767 5671518
1657517400 5462767 5671518 5462767 5671518
1657515600 5462767 5671518 5462767 5671518
1657513800 5462767 5671518 5462767 5671518
1657512000 5462767 5671518 5462767 5671518
1657510200 5462767 5671518 5462767 5671518
1657508400 5462767 5671518 5462767 5671518
1657506600 5462767 5671518 5462767 5671518
1657504800 5462767 5671518 5462767 5671518
1657503000 5462767 5671518 5462767 5671518
1657501200 5462767 5671518 5462767 5671518
1657499400 5462767 5671518 5462767 5671518
1657497600 5462767 5671518 5462767 5671518
1657495800 5462767 5671518 5462767 5671518
1657494000 5462767 5671518 5462767 5671518
1657492200 5462767 5671518 5462767 5671518
1657490400 5462767 5671518 5462767 5671518
1657488600 5462767 5671518 5462767 5671518
1657486800 5462767 5671518 5462767 5671518
1657485000 5462767 5671518 5462767 5671518
1657483200 5462767 5671518 5462767 5671518
1657481400 5462767 5671518 5462767 5671518
1657479600 5462767 5671518 5462767 5671518
1657477800 5462767 5671518 5462767 5671518
1657476000 5462767 5671518 5462767 5671518
1657474200 5462767 5671518 5462767 5671518
1657472400 5462767 5671518 5462767 5671518
1657470600 5462767 5671518 5462767 5671518
1657468800 5462767 5671518 5462767 5671518
1657467000 5462767 5671518 5462767 5671518
1657465200 5462767 5671518 5462767 5671518
1657463400 5462767 5671518 5462767 5671518
1657461600 5462767 5671518 5462767 5671518
1657459800 5462767 5671518 5462767 5671518
1657458000 5462767 5671518 5462767 5671518
1657456200 5462767 5671518 5462767 5671518
1657454400 5462767 5671518 5462767 5671518
1657452600 5462767 5671518 5462767 5671518
1657450800 5462767 5671518 5462767 5671518
1657449000 5462767 5671518 5462767 5671518
1657447200 5462767 5671518 5462767 5671518
1657445400 5462767 5671518 5462767 5671518
1657443600 5462767 5671518 5462767 5671518
1657441800 5462767 5671518 5462767 5671518
1657440000 5462767 5671518 5462767 5671518
1657438200 5462767 5671518 5462767 5671518
1657436400 5462767 5671518 5462767 5671518
1657434600 5462767 5671518 5462767 5671518
1657432800 5462767 5671518 5462767 5671518
1657431000 5462767 5671518 5462767 5671518
1657429200 5462767 5671518 5462767 5671518
1657427400 5462767 5671518 5462767 5671518
1657425600 5462767 5671518 5462767 5671518
1657423800 5462767 5671518 5462767 5671518
1657422000 5462767 5671518 5462767 5671518
1657420200 5462767 5671518 5462767 5671518
1657418400 5462767 5671518 5462767 5671518
1657416600 5462767 5671518 5462767 5671518
1657414800 5462767 5671518 5462767 5671518
1657413000 5462767 5671518 5462767 5671518
1657411200 5462767 5671518 5462767 5671518
1657409400 5462767 5671518 5462767 5671518
1657407600 5462767 5671518 5462767 5671518
1657405800 5462767 5671518 5462767 5671518
1657404000 5462767 5671518 5462767 5671518
1657402200 5462767 5671518 5462767 5671518
1657400400 5462767 5671518 5462767 5671518
1657398600 5462767 5671518 5462767 5671518
1657396800 5462767 5671518 5462767 5671518
1657395000 5462767 5671518 5462767 5671518
1657393200 5462767 5671518 5462767 5671518
1657391400 5462767 5671518 5462767 5671518
1657389600 5462767 5671518 5462767 5671518
1657387800 5462767 5671518 5462767 5671518
1657386000 5462767 5671518 5462767 5671518
1657384200 5462767 5671518 5462767 5671518
1657382400 5462767 5671518 5462767 5671518
1657380600 5462767 5671518 5462767 5671518
1657378800 5462767 5671518 5462767 5671518
1657377000 5462767 5671518 5462767 5671518
1657375200 5462767 5671518 5462767 5671518
1657373400 5462767 5671518 5462767 5671518
1657371600 5462767 5671518 5462767 5671518
1657369800 5462767 5671518 5462767 5671518
1657368000 5462767 5671518 5462767 5671518
1657366200 5462767 5671518 5462767 5671518
1657364400 5462767 5671518 5462767 5671518
1657362600 5462767 5671518 5462767 5671518
1657360800 5462767 5671518 5462767 5671518
1657359000 5462767 5671518 5462767 5671518
1657357200 5462767 5671518 5462767 5671518
1657355400 5462767 5671518 5462767 5671518
1657353600 5462767 5671518 5462767 5671518
1657351800 5462767 5671518 5462767 5671518
1657350000 5462767 5671518 5462767 5671518
1657348200 5462767 5671518 5462767 5671518
1657346400 5462767 5671518 5462767 5671518
1657344600 5462767 5671518 5462767 5671518
1657342800 5462767 5671518 5462767 5671518
1657341000 5462767 5671518 5462767 5671518
1657339200 5462767 5671518 5462767 5671518
1657337400 5462767 5671518 5462767 5671518
1657335600 5462767 5671518 5462767 5671518
1657333800 5462767 5671518 5462767 5671518
1657332000 5462767 5671518 5462767 5671518
1657330200 5462767 5671518 5462767 5671518
1657328400 5462767 5671518 5462767 5671518
1657326600 5462767 5671518 5462767 5671518
1657324800 5462767 5671518 5462767 5671518
1657323000 5462767 5671518 5462767 5671518
1657321200 5462767 5671518 5462767 5671518
1657319400 5462767 5671518 5462767 5671518
1657317600 5462767 5671518 5462767 5671518
1657315800 5462767 5671518 5462767 5671518
1657314000 5462767 5671518 5462767 5671518
1657312200 5462767 5671518 5462767 5671518
1657310400 5462767 5671518 5462767 5671518
1657308600 5462767 5671518 5462767 5671518
1657306800 5462767 5671518 5462767 5671518
1657305000 5462767 5671518 5462767 5671518
1657303200 5462767 5671518 5462767 5671518
1657301400 5462767 5671518 5462767 5671518
1657299600 5462767 5671518 5462767 5671518
1657297800 5462767 5671518 5462767 5671518
1657296000 5462767 5671518 5462767 5671518
1657294200 5462767 5671518 5462767 5671518
1657292400 5462767 5671518 5462767 5671518
1657290600 5462767 5671518 5462767 5671518
1657288800 5462767 5671518 5462767 5671518
1657287000 5462767 5671518 5462767 5671518
1657285200 5462767 5671518 5462767 5671518
1657283400 5462767 5671518 5462767 5671518
1657281600 5462767 5671518 5462767 5671518
1657279800 5462767 5671518 5462767 5671518
1657278000 5462767 5671518 5462767 5671518
1657276200 5462767 5671518 5462767 5671518
1657274400 5462767 5671518 5462767 5671518
1657272600 5462767 5671518 5462767 5671518
1657270800 5462767 5671518 5462767 5671518
1657269000 5462767 5671518 5462767 5671518
1657267200 5462767 5671518 5462767 5671518
1657265400 5462767 5671518 5462767 5671518
1657263600 5462767 5671518 5462767 5671518
1657261800 5462767 5671518 5462767 5671518
1657260000 5462767 5671518 5462767 5671518
1657258200 5462767 5671518 5462767 5671518
1657256400 5462767 5671518 5462767 5671518
1657254600 5462767 5671518 5462767 5671518
1657252800 5462767 5671518 5462767 5671518
1657251000 5462767 5671518 5462767 5671518
1657249200 5462767 5671518 5462767 5671518
1657247400 5462767 5671518 5462767 5671518
1657245600 5462767 5671518 5462767 5671518
1657243800 5462767 5671518 5462767 5671518
1657242000 5462767 5671518 5462767 5671518
1657240200 5462767 5671518 5462767 5671518
1657238400 5462767 5671518 5462767 5671518
1657236600 5462767 5671518 5462767 5671518
1657234800 5462767 5671518 5462767 5671518
1657233000 5462767 5671518 5462767 5671518
1657231200 5462767 5671518 5462767 5671518
1657229400 5462767 5671518 5462767 5671518
1657227600 5462767 5671518 5462767 5671518
1657225800 5462767 5671518 5462767 5671518
1657224000 5462767 5671518 5462767 5671518
1657222200 5462767 5671518 5462767 5671518
1657220400 5462767 5671518 5462767 5671518
1657218600 5462767 5671518 5462767 5671518
1657216800 5462767 5671518 5462767 5671518
1657215000 5462767 5671518 5462767 5671518
1657213200 5462767 5671518 5462767 5671518
1657211400 5462767 5671518 5462767 5671518
1657209600 5462767 5671518 5462767 5671518
1657207800 5462767 5671518 5462767 5671518
1657206000 5462767 5671518 5462767 5671518
1657204200 5462767 5671518 5462767 5671518
1657202400 5462767 5671518 5462767 5671518
1657200600 5462767 5671518 5462767 5671518
1657198800 5462767 5671518 5462767 5671518
1657197000 5462767 5671518 5462767 5671518
1657195200 5462767 5671518 5462767 5671518
1657193400 5462767 5671518 5462767 5671518
1657191600 5462767 5671518 5462767 5671518
1657189800 5462767 5671518 5462767 5671518
1657188000 5462767 5671518 5462767 5671518
1657186200 5462767 5671518 5462767 5671518
1657184400 5462767 5671518 5462767 5671518
1657182600 5462767 5671518 5462767 5671518
1657180800 5462767 5671518 5462767 5671518
1657179000 5462767 5671518 5462767 5671518
1657177200 5462767 5671518 5462767 5671518
1657175400 5462767 5671518 5462767 5671518
1657173600 5462767 5671518 5462767 5671518
1657171800 5462767 5671518 5462767 5671518
1657166400 5462767 5671518 5462767 5671518
1657159200 5462767 5671518 5462767 5671518
1657152000 5462767 5671518 5462767 5671518
1657144800 5462767 5671518 5462767 5671518
1657137600 5462767 5671518 5462767 5671518
1657130400 5462767 5671518 5462767 5671518
1657123200 5462767 5671518 5462767 5671518
1657116000 5462767 5671518 5462767 5671518
1657108800 5462767 5671518 5462767 5671518
1657101600 5462767 5671518 5462767 5671518
1657094400 5462767 5671518 5462767 5671518
1657087200 5462767 5671518 5462767 5671518
1657080000 5462767 5671518 5462767 5671518
1657072800 5462767 5671518 5462767 5671518
1657065600 5462767 5671518 5462767 5671518
1657058400 5462767 5671518 5462767 5671518
1657051200 5462767 5671518 5462767 5671518
1657044000 5462767 5671518 5462767 5671518
1657036800 5462767 5671518 5462767 5671518
1657029600 5462767 5671518 5462767 5671518
1657022400 5462767 5671518 5462767 5671518
1657015200 5462767 5671518 5462767 5671518
1657008000 5462767 5671518 5462767 5671518
1657000800 5462767 5671518 5462767 5671518
1656993600 5462767 5671518 5462767 5671518
1656986400 5462767 5671518 5462767 5671518
1656979200 5462767 5671518 5462767 5671518
1656972000 5462767 5671518 5462767 5671518
1656964800 5462767 5671518 5462767 5671518
1656957600 5462767 5671518 5462767 5671518
1656950400 5462767 5671518 5462767 5671518
1656943200 5462767 5671518 5462767 5671518
1656936000 5462767 5671518 5462767 5671518
1656928800 5462767 5671518 5462767 5671518
1656921600 5462767 5671518 5462767 5671518
1656914400 5462767 5671518 5462767 5671518
1656907200 5462767 5671518 5462767 5671518
1656900000 5462767 5671518 5462767 5671518
1656892800 5462767 5671518 5462767 5671518
1656885600 5462767 5671518 5462767 5671518
1656878400 5462767 5671518 5462767 5671518
1656871200 5462767 5671518 5462767 5671518
1656864000 5462767 5671518 5462767 5671518
1656856800 5462767 5671518 5462767 5671518
1656849600 5462767 5671518 5462767 5671518
1656842400 5462767 5671518 5462767 5671518
1656835200 5462767 5671518 5462767 5671518
1656828000 5462767 5671518 5462767 5671518
1656820800 5462767 5671518 5462767 5671518
1656813600 5462767 5671518 5462767 5671518
1656806400 5462767 5671518 5462767 5671518
1656799200 5462767 5671518 5462767 5671518
1656792000 5462767 5671518 5462767 5671518
1656784800 5462767 5671518 5462767 5671518
1656777600 5462767 5671518 5462767 5671518
1656770400 5462767 5671518 5462767 5671518
1656763200 5462767 5671518 5462767 5671518
1656756000 5462767 5671518 5462767 5671518
1656748800 5462767 5671518 5462767 5671518
1656741600 5462767 5671518 5462767 5671518
1656734400 5462767 5671518 5462767 5671518
1656727200 5462767 5671518 5462767 5671518
1656720000 5462767 5671518 5462767 5671518
1656712800 5462767 5671518 5462767 5671518
1656705600 5462767 5671518 5462767 5671518
1656698400 5462767 5671518 5462767 5671518
1656691200 5462767 5671518 5462767 5671518
1656684000 5462767 5671518 5462767 5671518
1656676800 5462767 5671518 5462767 5671518
1656669600 5462767 5671518 5462767 5671518
1656662400 5462767 5671518 5462767 5671518
1656655200 5462767 5671518 5462767 5671518
1656648000 5462767 5671518 5462767 5671518
1656640800 5462767 5671518 5462767 5671518
1656633600 5462767 5671518 5462767 5671518
1656626400 5462767 5671518 5462767 5671518
1656619200 5462767 5671518 5462767 5671518
1656612000 5462767 5671518 5462767 5671518
1656604800 5462767 5671518 5462767 5671518
1656597600 5462767 5671518 5462767 5671518
1656590400 5462767 5671518 5462767 5671518
1656583200 5462767 5671518 5462767 5671518
1656576000 5462767 5671518 5462767 5671518
1656568800 5462767 5671518 5462767 5671518
1656561600 5462767 5671518 5462767 5671518
1656554400 5462767 5671518 5462767 5671518
1656547200 5462767 5671518 5462767 5671518
1656540000 5462767 5671518 5462767 5671518
1656532800 5462767 5671518 5462767 5671518
1656525600 5462767 5671518 5462767 5671518
1656518400 5462767 5671518 5462767 5671518
1656511200 5462767 5671518 5462767 5671518
1656504000 5462767 5671518 5462767 5671518
1656496800 5462767 5671518 5462767 5671518
1656489600 5462767 5671518 5462767 5671518
1656482400 5462767 5671518 5462767 5671518
1656475200 5462767 5671518 5462767 5671518
1656468000 5462767 5671518 5462767 5671518
1656460800 5462767 5671518 5462767 5671518
1656453600 5462767 5671518 5462767 5671518
1656446400 5462767 5671518 5462767 5671518
1656439200 5462767 5671518 5462767 5671518
1656432000 5462767 5671518 5462767 5671518
1656424800 5462767 5671518 5462767 5671518
1656417600 5462767 5671518 5462767 5671518
1656410400 5462767 5671518 5462767 5671518
1656403200 5462767 5671518 5462767 5671518
1656396000 5462767 5671518 5462767 5671518
1656388800 5462767 5671518 5462767 5671518
1656381600 5462767 5671518 5462767 5671518
1656374400 5462767 5671518 5462767 5671518
1656367200 5462767 5671518 5462767 5671518
1656360000 5462767 5671518 5462767 5671518
1656352800 5462767 5671518 5462767 5671518
1656345600 5462767 5671518 5462767 5671518
1656338400 5462767 5671518 5462767 5671518
1656331200 5462767 5671518 5462767 5671518
1656324000 5462767 5671518 5462767 5671518
1656316800 5462767 5671518 5462767 5671518
1656309600 5462767 5671518 5462767 5671518
1656302400 5462767 5671518 5462767 5671518
1656295200 5462767 5671518 5462767 5671518
1656288000 5462767 5671518 5462767 5671518
1656280800 5462767 5671518 5462767 5671518
1656273600 5462767 5671518 5462767 5671518
1656266400 5462767 5671518 5462767 5671518
1656259200 5462767 5671518 5462767 5671518
1656252000 5462767 5671518 5462767 5671518
1656244800 5462767 5671518 5462767 5671518
1656237600 5462767 5671518 5462767 5671518
1656230400 5462767 5671518 5462767 5671518
1656223200 5462767 5671518 5462767 5671518
1656216000 5462767 5671518 5462767 5671518
1656208800 5462767 5671518 5462767 5671518
1656201600 5462767 5671518 5462767 5671518
1656194400 5462767 5671518 5462767 5671518
1656187200 5462767 5671518 5462767 5671518
1656180000 5462767 5671518 5462767 5671518
1656172800 5462767 5671518 5462767 5671518
1656165600 5462767 5671518 5462767 5671518
1656158400 5462767 5671518 5462767 5671518
1656151200 5462767 5671518 5462767 5671518
1656144000 5462767 5671518 5462767 5671518
1656136800 5462767 5671518 5462767 5671518
1656129600 5462767 5671518 5462767 5671518
1656122400 5462767 5671518 5462767 5671518
1656115200 5462767 5671518 5462767 5671518
1656108000 5462767 5671518 5462767 5671518
1656100800 5462767 5671518 5462767 5671518
1656093600 5462767 5671518 5462767 5671518
1656086400 5462767 5671518 5462767 5671518
1656079200 5462767 5671518 5462767 5671518
1656072000 5462767 5671518 5462767 5671518
1656064800 5462767 5671518 5462767 5671518
1656057600 5462767 5671518 5462767 5671518
1656050400 5462767 5671518 5462767 5671518
1656043200 5462767 5671518 5462767 5671518
1656036000 5462767 5671518 5462767 5671518
1656028800 5462767 5671518 5462767 5671518
1656021600 5462767 5671518 5462767 5671518
1656014400 5462767 5671518 5462767 5671518
1656007200 5462767 5671518 5462767 5671518
1656000000 5462767 5671518 5462767 5671518
1655992800 5462767 5671518 5462767 5671518
1655985600 5462767 5671518 5462767 5671518
1655978400 5462767 5671518 5462767 5671518
1655971200 5462767 5671518 5462767 5671518
1655964000 5462767 5671518 5462767 5671518
1655956800 5462767 5671518 5462767 5671518
1655949600 5462767 5671518 5462767 5671518
1655942400 5462767 5671518 5462767 5671518
1655935200 5462767 5671518 5462767 5671518
1655928000 5462767 5671518 5462767 5671518
1655920800 5462767 5671518 5462767 5671518
1655913600 5462767 5671518 5462767 5671518
1655906400 5462767 5671518 5462767 5671518
1655899200 5462767 5671518 5462767 5671518
1655892000 5462767 5671518 5462767 5671518
1655884800 5462767 5671518 5462767 5671518
1655877600 5462767 5671518 5462767 5671518
1655870400 5462767 5671518 5462767 5671518
1655863200 5462767 5671518 5462767 5671518
1655856000 5462767 5671518 5462767 5671518
1655848800 5462767 5671518 5462767 5671518
1655841600 5462767 5671518 5462767 5671518
1655834400 5462767 5671518 5462767 5671518
1655827200 5462767 5671518 5462767 5671518
1655820000 5462767 5671518 5462767 5671518
1655812800 5462767 5671518 5462767 5671518
1655805600 5462767 5671518 5462767 5671518
1655798400 5462767 5671518 5462767 5671518
1655791200 5462767 5671518 5462767 5671518
1655784000 5462767 5671518 5462767 5671518
1655776800 5462767 5671518 5462767 5671518
1655769600 5462767 5671518 5462767 5671518
1655762400 5462767 5671518 5462767 5671518
1655755200 5462767 5671518 5462767 5671518
1655748000 5462767 5671518 5462767 5671518
1655740800 5462767 5671518 5462767 5671518
1655733600 5462767 5671518 5462767 5671518
1655726400 5462767 5671518 5462767 5671518
1655719200 5462767 5671518 5462767 5671518
1655712000 5462767 5671518 5462767 5671518
1655704800 5462767 5671518 5462767 5671518
1655697600 5462767 5671518 5462767 5671518
1655690400 5462767 5671518 5462767 5671518
1655683200 5462767 5671518 5462767 5671518
1655676000 5462767 5671518 5462767 5671518
1655668800 5462767 5671518 5462767 5671518
1655661600 5462767 5671518 5462767 5671518
1655654400 5462767 5671518 5462767 5671518
1655647200 5462767 5671518 5462767 5671518
1655640000 5462767 5671518 5462767 5671518
1655632800 5462767 5671518 5462767 5671518
1655625600 5462767 5671518 5462767 5671518
1655618400 5462767 5671518 5462767 5671518
1655611200 5462767 5671518 5462767 5671518
1655604000 5462767 5671518 5462767 5671518
1655596800 5462767 5671518 5462767 5671518
1655589600 5462767 5671518 5462767 5671518
1655582400 5462767 5671518 5462767 5671518
1655575200 5462767 5671518 5462767 5671518
1655568000 5462767 5671518 5462767 5671518
1655560800 5462767 5671518 5462767 5671518
1655553600 5462767 5671518 5462767 5671518
1655546400 5462767 5671518 5462767 5671518
1655539200 5462767 5671518 5462767 5671518
1655532000 5462767 5671518 5462767 5671518
1655524800 5462767 5671518 5462767 5671518
1655517600 5462767 5671518 5462767 5671518
1655510400 5462767 5671518 5462767 5671518
1655503200 5462767 5671518 5462767 5671518
1655496000 5462767 5671518 5462767 5671518
1655488800 5462767 5671518 5462767 5671518
1655481600 5462767 5671518 5462767 5671518
1655474400 5462767 5671518 5462767 5671518
1655467200 5462767 5671518 5462767 5671518
1655460000 5462767 5671518 5462767 5671518
1655452800 5462767 5671518 5462767 5671518
1655445600 5462767 5671518 5462767 5671518
1655438400 5462767 5671518 5462767 5671518
1655431200 5462767 5671518 5462767 5671518
1655424000 5462767 5671518 5462767 5671518
1655416800 5462767 5671518 5462767 5671518
1655409600 5462767 5671518 5462767 5671518
1655402400 5462767 5671518 5462767 5671518
1655395200 5462767 5671518 5462767 5671518
1655388000 5462767 5671518 5462767 5671518
1655380800 5462767 5671518 5462767 5671518
1655373600 5462767 5671518 5462767 5671518
1655366400 5462767 5671518 5462767 5671518
1655359200 5462767 5671518 5462767 5671518
1655352000 5462767 5671518 5462767 5671518
1655344800 5462767 5671518 5462767 5671518
1655337600 5462767 5671518 5462767 5671518
1655330400 5462767 5671518 5462767 5671518
1655323200 5462767 5671518 5462767 5671518
1655316000 5462767 5671518 5462767 5671518
1655308800 5462767 5671518 5462767 5671518
1655301600 5462767 5671518 5462767 5671518
1655294400 5462767 5671518 5462767 5671518
1655287200 5462767 5671518 5462767 5671518
1655280000 5462767 5671518 5462767 5671518
1655272800 5462767 5671518 5462767 5671518
1655265600 5462767 5671518 5462767 5671518
1655258400 5462767 5671518 5462767 5671518
1655251200 5462767 5671518 5462767 5671518
1655244000 5462767 5671518 5462767 5671518
1655236800 5462767 5671518 5462767 5671518
1655229600 5462767 5671518 5462767 5671518
1655222400 5462767 5671518 5462767 5671518
1655215200 5462767 5671518 5462767 5671518
1655208000 5462767 5671518 5462767 5671518
1655200800 5462767 5671518 5462767 5671518
1655193600 5462767 5671518 5462767 5671518
1655186400 5462767 5671518 5462767 5671518
1655179200 5462767 5671518 5462767 5671518
1655172000 5462767 5671518 5462767 5671518
1655164800 5462767 5671518 5462767 5671518
1655157600 5462767 5671518 5462767 5671518
1655150400 5462767 5671518 5462767 5671518
1655143200 5462767 5671518 5462767 5671518
1655136000 5462767 5671518 5462767 5671518
1655128800 5462767 5671518 5462767 5671518
1655121600 5462767 5671518 5462767 5671518
1655114400 5462767 5671518 5462767 5671518
1655107200 5462767 5671518 5462767 5671518
1655100000 5462767 5671518 5462767 5671518
1655092800 5462767 5671518 5462767 5671518
1655085600 5462767 5671518 5462767 5671518
1655078400 5462767 5671518 5462767 5671518
1655071200 5462767 5671518 5462767 5671518
1655064000 5462767 5671518 5462767 5671518
1655056800 5462767 5671518 5462767 5671518
1655049600 5462767 5671518 5462767 5671518
1655042400 5462767 5671518 5462767 5671518
1655035200 5462767 5671518 5462767 5671518
1655028000 5462767 5671518 5462767 5671518
1655020800 5462767 5671518 5462767 5671518
1655013600 5462767 5671518 5462767 5671518
1655006400 5462767 5671518 5462767 5671518
1654999200 5462767 5671518 5462767 5671518
1654992000 5462767 5671518 5462767 5671518
1654984800 5462767 5671518 5462767 5671518
1654977600 5462767 5671518 5462767 5671518
1654970400 5462767 5671518 5462767 5671518
1654963200 5462767 5671518 5462767 5671518
1654956000 5462767 5671518 5462767 5671518
1654948800 5462767 5671518 5462767 5671518
1654941600 5462767 5671518 5462767 5671518
1654934400 5462767 5671518 5462767 5671518
1654927200 5462767 5671518 5462767 5671518
1654920000 5462767 5671518 5462767 5671518
1654912800 5462767 5671518 5462767 5671518
1654905600 5462767 5671518 5462767 5671518
1654898400 5462767 5671518 5462767 5671518
1654891200 5462767 5671518 5462767 5671518
1654884000 5462767 5671518 5462767 5671518
1654876800 5462767 5671518 5462767 5671518
1654869600 5462767 5671518 5462767 5671518
1654862400 5462767 5671518 5462767 5671518
1654855200 5462767 5671518 5462767 5671518
1654848000 5462767 5671518 5462767 5671518
1654840800 5462767 5671518 5462767 5671518
1654833600 5462767 5671518 5462767 5671518
1654826400 5462767 5671518 5462767 5671518
1654819200 5462767 5671518 5462767 5671518
1654812000 5462767 5671518 5462767 5671518
1654804800 5462767 5671518 5462767 5671518
1654797600 5462767 5671518 5462767 5671518
1654790400 5462767 5671518 5462767 5671518
1654783200 5462767 5671518 5462767 5671518
1654776000 5462767 5671518 5462767 5671518
1654768800 5462767 5671518 5462767 5671518
1654761600 5462767 5671518 5462767 5671518
1654754400 5462767 5671518 5462767 5671518
1654747200 5462767 5671518 5462767 5671518
1654740000 5462767 5671518 5462767 5671518
1654732800 5462767 5671518 5462767 5671518
1654725600 5462767 5671518 5462767 5671518
1654718400 5462767 5671518 5462767 5671518
1654711200 5462767 5671518 5462767 5671518
1654704000 5462767 5671518 5462767 5671518
1654696800 5462767 5671518 5462767 5671518
1654689600 5462767 5671518 5462767 5671518
1654682400 5462767 5671518 5462767 5671518
1654675200 5462767 5671518 5462767 5671518
1654668000 5462767 5671518 5462767 5671518
1654660800 5462767 5671518 5462767 5671518
1654653600 5462767 5671518 5462767 5671518
1654646400 5462767 5671518 5462767 5671518
1654639200 5462767 5671518 5462767 5671518
1654632000 5462767 5671518 5462767 5671518
1654624800 5462767 5671518 5462767 5671518
1654617600 5462767 5671518 5462767 5671518
1654610400 5462767 5671518 5462767 5671518
1654603200 5462767 5671518 5462767 5671518
1654596000 5462767 5671518 5462767 5671518
1654588800 5462767 5671518 5462767 5671518
1654581600 5462767 5671518 5462767 5671518
1654574400 5462767 5671518 5462767 5671518
1654567200 5462767 5671518 5462767 5671518
1654560000 5462767 5671518 5462767 5671518
1654552800 5462767 5671518 5462767 5671518
1654545600 5462767 5671518 5462767 5671518
1654538400 5462767 5671518 5462767 5671518
1654531200 5462767 5671518 5462767 5671518
1654524000 5462767 5671518 5462767 5671518
1654516800 5462767 5671518 5462767 5671518
1654509600 5462767 5671518 5462767 5671518
1654502400 5462767 5671518 5462767 5671518
1654495200 5462767 5671518 5462767 5671518
1654488000 5462767 5671518 5462767 5671518
1654480800 5462767 5671518 5462767 5671518
1654473600 5462767 5671518 5462767 5671518
1654466400 5462767 5671518 5462767 5671518
1654459200 5462767 5671518 5462767 5671518
1654452000 5462767 5671518 5462767 5671518
1654444800 5462767 5671518 5462767 5671518
1654437600 5462767 5671518 5462767 5671518
1654430400 5462767 5671518 5462767 5671518
1654423200 5462767 5671518 5462767 5671518
1654416000 5462767 5671518 5462767 5671518
1654408800 5462767 5671518 5462767 5671518
1654401600 5462767 5671518 5462767 5671518
1654394400 5462767 5671518 5462767 5671518
1654387200 5462767 5671518 5462767 5671518
1654380000 5462767 5671518 5462767 5671518
1654372800 5462767 5671518 5462767 5671518
1654365600 5462767 5671518 5462767 5671518
1654358400 5462767 5671518 5462767 5671518
1654351200 5462767 5671518 5462767 5671518
1654344000 5462767 5671518 5462767 5671518
1654336800 5462767 5671518 5462767 5671518
1654329600 5462767 5671518 5462767 5671518
1654322400 5462767 5671518 5462767 5671518
1654315200 5462767 5671518 5462767 5671518
1654308000 5462767 5671518 5462767 5671518
1654300800 5462767 5671518 5462767 5671518
1654293600 5462767 5671518 5462767 5671518
1654286400 5462767 5671518 5462767 5671518
1654279200 5462767 5671518 5462767 5671518
1654272000 5462767 5671518 5462767 5671518
1654264800 5462767 5671518 5462767 5671518
1654257600 5462767 5671518 5462767 5671518
1654250400 5462767 5671518 5462767 5671518
1654243200 5462767 5671518 5462767 5671518
1654236000 5462767 5671518 5462767 5671518
1654228800 5462767 5671518 5462767 5671518
1654221600 5462767 5671518 5462767 5671518
1654214400 5462767 5671518 5462767 5671518
1654207200 5462767 5671518 5462767 5671518
1654200000 5462767 5671518 5462767 5671518
1654192800 5462767 5671518 5462767 5671518
1654185600 5462767 5671518 5462767 5671518
1654178400 5462767 5671518 5462767 5671518
1654171200 5462767 5671518 5462767 5671518
1654164000 5462767 5671518 5462767 5671518
1654156800 5462767 5671518 5462767 5671518
1654149600 5462767 5671518 5462767 5671518
1654142400 5462767 5671518 5462767 5671518
1654135200 5462767 5671518 5462767 5671518
1654128000 5462767 5671518 5462767 5671518
1654120800 5462767 5671518 5462767 5671518
1654113600 5462767 5671518 5462767 5671518
1654106400 5462767 5671518 5462767 5671518
1654099200 5462767 5671518 5462767 5671518
1654092000 5462767 5671518 5462767 5671518
1654084800 5462767 5671518 5462767 5671518
1654077600 5462767 5671518 5462767 5671518
1654070400 5462767 5671518 5462767 5671518
1654063200 5462767 5671518 5462767 5671518
1654056000 5462767 5671518 5462767 5671518
1654048800 5462767 5671518 5462767 5671518
1654041600 5462767 5671518 5462767 5671518
1654034400 5462767 5671518 5462767 5671518
1654027200 5462767 5671518 5462767 5671518
1654020000 5462767 5671518 5462767 5671518
1654012800 5462767 5671518 5462767 5671518
1654005600 5462767 5671518 5462767 5671518
1653998400 5462767 5671518 5462767 5671518
1653991200 5462767 5671518 5462767 5671518
1653984000 5462767 5671518 5462767 5671518
1653976800 5462767 5671518 5462767 5671518
1653969600 5462767 5671518 5462767 5671518
1653962400 5462767 5671518 5462767 5671518
1653955200 5462767 5671518 5462767 5671518
1653948000 5462767 5671518 5462767 5671518
1653940800 5462767 5671518 5462767 5671518
1653933600 5462767 5671518 5462767 5671518
1653926400 5462767 5671518 5462767 5671518
1653919200 5462767 5671518 5462767 5671518
1653912000 5462767 5671518 5462767 5671518
1653904800 5462767 5671518 5462767 5671518
1653897600 5462767 5671518 5462767 5671518
1653890400 5462767 5671518 5462767 5671518
1653883200 5462767 5671518 5462767 5671518
1653876000 5462767 5671518 5462767 5671518
1653868800 5462767 5671518 5462767 5671518
1653861600 5462767 5671518 5462767 5671518
1653854400 5462767 5671518 5462767 5671518
1653847200 5462767 5671518 5462767 5671518
1653840000 5462767 5671518 5462767 5671518
1653832800 5462767 5671518 5462767 5671518
1653825600 5462767 5671518 5462767 5671518
1653818400 5462767 5671518 5462767 5671518
1653811200 5462767 5671518 5462767 5671518
1653804000 5462767 5671518 5462767 5671518
1653796800 5462767 5671518 5462767 5671518
1653789600 5462767 5671518 5462767 5671518
1653782400 5462767 5671518 5462767 5671518
1653775200 5462767 5671518 5462767 5671518
1653768000 5462767 5671518 5462767 5671518
1653760800 5462767 5671518 5462767 5671518
1653753600 5462767 5671518 5462767 5671518
1653746400 5462767 5671518 5462767 5671518
1653739200 5462767 5671518 5462767 5671518
1653732000 5462767 5671518 5462767 5671518
1653724800 5462767 5671518 5462767 5671518
1653717600 5462767 5671518 5462767 5671518
1653710400 5462767 5671518 5462767 5671518
1653703200 5462767 5671518 5462767 5671518
1653696000 5462767 5671518 5462767 5671518
1653688800 5462767 5671518 5462767 5671518
1653681600 5462767 5671518 5462767 5671518
1653674400 5462767 5671518 5462767 5671518
1653667200 5462767 5671518 5462767 5671518
1653660000 5462767 5671518 5462767 5671518
1653652800 5462767 5671518 5462767 5671518
1653645600 5462767 5671518 5462767 5671518
1653638400 5462767 5671518 5462767 5671518
1653631200 5462767 5671518 5462767 5671518
1653624000 5462767 5671518 5462767 5671518
1653616800 5462767 5671518 5462767 5671518
1653609600 5462767 5671518 5462767 5671518
1653602400 5462767 5671518 5462767 5671518
1653595200 5462767 5671518 5462767 5671518
1653588000 5462767 5671518 5462767 5671518
1653580800 5462767 5671518 5462767 5671518
1653573600 5462767 5671518 5462767 5671518
1653566400 5462767 5671518 5462767 5671518
1653559200 5462767 5671518 5462767 5671518
1653552000 5462767 5671518 5462767 5671518
1653544800 5462767 5671518 5462767 5671518
1653537600 5462767 5671518 5462767 5671518
1653530400 5462767 5671518 5462767 5671518
1653523200 5462767 5671518 5462767 5671518
1653516000 5462767 5671518 5462767 5671518
1653508800 5462767 5671518 5462767 5671518
1653501600 5462767 5671518 5462767 5671518
1653494400 5462767 5671518 5462767 5671518
1653487200 5462767 5671518 5462767 5671518
1653480000 5462767 5671518 5462767 5671518
1653472800 5462767 5671518 5462767 5671518
1653465600 5462767 5671518 5462767 5671518
1653458400 5462767 5671518 5462767 5671518
1653451200 5462767 5671518 5462767 5671518
1653444000 5462767 5671518 5462767 5671518
1653436800 5462767 5671518 5462767 5671518
1653429600 5462767 5671518 5462767 5671518
1653422400 5462767 5671518 5462767 5671518
1653415200 5462767 5671518 5462767 5671518
1653408000 5462767 5671518 5462767 5671518
1653400800 5462767 5671518 5462767 5671518
1653393600 5462767 5671518 5462767 5671518
1653386400 5462767 5671518 5462767 5671518
1653379200 5462767 5671518 5462767 5671518
1653372000 5462767 5671518 5462767 5671518
1653364800 5462767 5671518 5462767 5671518
1653357600 5462767 5671518 5462767 5671518
1653350400 5462767 5671518 5462767 5671518
1653343200 5462767 5671518 5462767 5671518
1653336000 5462767 5671518 5462767 5671518
1653328800 5462767 5671518 5462767 5671518
1653321600 5462767 5671518 5462767 5671518
1653314400 5462767 5671518 5462767 5671518
1653307200 5462767 5671518 5462767 5671518
1653300000 5462767 5671518 5462767 5671518
1653292800 5462767 5671518 5462767 5671518
1653285600 5462767 5671518 5462767 5671518
1653278400 5462767 5671518 5462767 5671518
1653271200 5462767 5671518 5462767 5671518
1653264000 5462767 5671518 5462767 5671518
1653256800 5462767 5671518 5462767 5671518
1653249600 5462767 5671518 5462767 5671518
1653242400 5462767 5671518 5462767 5671518
1653235200 5462767 5671518 5462767 5671518
1653228000 5462767 5671518 5462767 5671518
1653220800 5462767 5671518 5462767 5671518
1653213600 5462767 5671518 5462767 5671518
1653206400 5462767 5671518 5462767 5671518
1653199200 5462767 5671518 5462767 5671518
1653192000 5462767 5671518 5462767 5671518
1653184800 5462767 5671518 5462767 5671518
1653177600 5462767 5671518 5462767 5671518
1653170400 5462767 5671518 5462767 5671518
1653163200 5462767 5671518 5462767 5671518
1653156000 5462767 5671518 5462767 5671518
1653148800 5462767 5671518 5462767 5671518
1653141600 5462767 5671518 5462767 5671518
1653134400 5462767 5671518 5462767 5671518
1653127200 5462767 5671518 5462767 5671518
1653120000 5462767 5671518 5462767 5671518
1653112800 5462767 5671518 5462767 5671518
1653105600 5462767 5671518 5462767 5671518
1653098400 5462767 5671518 5462767 5671518
1653091200 5462767 5671518 5462767 5671518
1653084000 5462767 5671518 5462767 5671518
1653076800 5462767 5671518 5462767 5671518
1653069600 5462767 5671518 5462767 5671518
1653062400 5462767 5671518 5462767 5671518
1653055200 5462767 5671518 5462767 5671518
1653048000 5462767 5671518 5462767 5671518
1653040800 5462767 5671518 5462767 5671518
1653033600 5462767 5671518 5462767 5671518
1653026400 5462767 5671518 5462767 5671518
1653019200 5462767 5671518 5462767 5671518
1653012000 5462767 5671518 5462767 5671518
1653004800 5462767 5671518 5462767 5671518
1652997600 5462767 5671518 5462767 5671518
1652990400 5462767 5671518 5462767 5671518
1652983200 5462767 5671518 5462767 5671518
1652976000 5462767 5671518 5462767 5671518
1652968800 5462767 5671518 5462767 5671518
1652961600 5462767 5671518 5462767 5671518
1652954400 5462767 5671518 5462767 5671518
1652947200 5462767 5671518 5462767 5671518
1652940000 5462767 5671518 5462767 5671518
1652932800 5462767 5671518 5462767 5671518
1652925600 5462767 5671518 5462767 5671518
1652918400 5462767 5671518 5462767 5671518
1652911200 5462767 5671518 5462767 5671518
1652904000 5462767 5671518 5462767 5671518
1652896800 5462767 5671518 5462767 5671518
1652889600 5462767 5671518 5462767 5671518
1652882400 5462767 5671518 5462767 5671518
1652875200 5462767 5671518 5462767 5671518
1652868000 5462767 5671518 5462767 5671518
1652860800 5462767 5671518 5462767 5671518
1652853600 5462767 5671518 5462767 5671518
1652846400 5462767 5671518 5462767 5671518
1652832000 5462767 5671518 5462767 5671518
1652745600 5462767 5671518 5462767 5671518
1652659200 5462767 5671518 5462767 5671518
1652572800 5462767 5671518 5462767 5671518
1652486400 5462767 5671518 5462767 5671518
1652400000 5462767 5671518 5462767 5671518
1652313600 5462767 5671518 5462767 5671518
1652227200 5462767 5671518 5462767 5671518
1652140800 5462767 5671518 5462767 5671518
1652054400 5462767 5671518 5462767 5671518
1651968000 5462767 5671518 5462767 5671518
1651881600 5462767 5671518 5462767 5671518
1651795200 5462767 5671518 5462767 5671518
1651708800 5462767 5671518 5462767 5671518
1651622400 5462767 5671518 5462767 5671518
1651536000 5462767 5671518 5462767 5671518
1651449600 5462767 5671518 5462767 5671518
1651363200 5462767 5671518 5462767 5671518
1651276800 5462767 5671518 5462767 5671518
1651190400 5462767 5671518 5462767 5671518
1651104000 5462767 5671518 5462767 5671518
1651017600 5462767 5671518 5462767 5671518
1650931200 5462767 5671518 5462767 5671518
1650844800 5462767 5671518 5462767 5671518
1650758400 5462767 5671518 5462767 5671518
1650672000 5462767 5671518 5462767 5671518
1650585600 5462767 5671518 5462767 5671518
1650499200 5462767 5671518 5462767 5671518
1650412800 5462767 5671518 5462767 5671518
1650326400 5462767 5671518 5462767 5671518
1650240000 5462767 5671518 5462767 5671518
1650153600 5462767 5671518 5462767 5671518
1650067200 5462767 5671518 5462767 5671518
1649980800 5462767 5671518 5462767 5671518
1649894400 5462767 5671518 5462767 5671518
1649808000 5462767 5671518 5462767 5671518
1649721600 5462767 5671518 5462767 5671518
1649635200 5462767 5671518 5462767 5671518
1649548800 5462767 5671518 5462767 5671518
1649462400 5462767 5671518 5462767 5671518
1649376000 5462767 5671518 5462767 5671518
1649289600 5462767 5671518 5462767 5671518
1649203200 5462767 5671518 5462767 5671518
1649116800 5462767 5671518 5462767 5671518
1649030400 5462767 5671518 5462767 5671518
1648944000 5462767 5671518 5462767 5671518
1648857600 5462767 5671518 5462767 5671518
1648771200 5462767 5671518 5462767 5671518
1648684800 5462767 5671518 5462767 5671518
1648598400 5462767 5671518 5462767 5671518
1648512000 5462767 5671518 5462767 5671518
1648425600 5462767 5671518 5462767 5671518
1648339200 5462767 5671518 5462767 5671518
1648252800 5462767 5671518 5462767 5671518
1648166400 5462767 5671518 5462767 5671518
1648080000 5462767 5671518 5462767 5671518
1647993600 5462767 5671518 5462767 5671518
1647907200 5462767 5671518 5462767 5671518
1647820800 5462767 5671518 5462767 5671518
1647734400 5462767 5671518 5462767 5671518
1647648000 5462767 5671518 5462767 5671518
1647561600 5462767 5671518 5462767 5671518
1647475200 5462767 5671518 5462767 5671518
1647388800 5462767 5671518 5462767 5671518
1647302400 5462767 5671518 5462767 5671518
1647216000 5462767 5671518 5462767 5671518
1647129600 5462767 5671518 5462767 5671518
1647043200 5462767 5671518 5462767 5671518
1646956800 5462767 5671518 5462767 5671518
1646870400 5462767 5671518 5462767 5671518
1646784000 5462767 5671518 5462767 5671518
1646697600 5462767 5671518 5462767 5671518
1646611200 5462767 5671518 5462767 5671518
1646524800 5462767 5671518 5462767 5671518
1646438400 5462767 5671518 5462767 5671518
1646352000 5462767 5671518 5462767 5671518
1646265600 5462767 5671518 5462767 5671518
1646179200 5462767 5671518 5462767 5671518
1646092800 5462767 5671518 5462767 5671518
1646006400 5462767 5671518 5462767 5671518
1645920000 5462767 5671518 5462767 5671518
1645833600 5462767 5671518 5462767 5671518
1645747200 5462767 5671518 5462767 5671518
1645660800 2100985 2155152 12520025 7043517
1645574400 1949393 2028223 4122225 4275642
1645488000 1899200 1975899 1899200 1975899
1645401600 1899200 1975899 1899200 1975899
1645315200 1899200 1975899 1899200 1975899
1645228800 1899200 1975899 1899200 1975899
1645142400 1782019 1858704 12994538 13396613
1645056000 1721627 1821337 9186003 12396853
1644969600 1738295 1780670 9999545 7525457
1644883200 1691794 1766169 10435485 10754759
1644796800 15504 21124 291968 295902
1644710400 118763 130088 1919575 1995183
1644624000 1441406 1507573 13410166 12994021
1644537600 1928966 2029031 12263519 12698324
1644451200 1885604 1967502 13395133 13779496
1644364800 1546482 1604307 13765651 11127939
1644278400 10963 15813 10963 15813
1644192000 14538 20435 253734 265154
1644105600 119696 131364 1976039 2055402
1644019200 1259719 1318171 6279450 6502919
1643932800 1441718 1520581 6843689 7075983
1643846400 1632043 1704713 13152393 13496345
1643760000 1794802 1824827 13987692 11668543
1643673600 1387680 1453420 13407330 13886111
1643587200 15105 20435 258401 268939
1643500800 160820 171940 6270343 6381411
1643414400 1535850 1596381 9437652 9770555
1643328000 1464804 1525637 9531314 9872524
1643241600 1546771 1624456 11895935 12178966
1643155200 1430379 1496696 12054514 12520632
1643068800 1297390 1352215 6238210 6487957
1642982400 18430 24236 200639 211613
1642896000 70067 80045 2177781 2253966
1642809600 1363997 1427758 11168681 11461221
1642723200 1421102 1480329 8368253 8553258
1642636800 1139312 1183138 5468017 5652342
1642550400 1301786 1357933 9591198 9893799
1642464000 1437969 1498698 7861062 8115420
1642377600 24822 31563 435282 453458
1642291200 67968 77368 2177526 2238903
1642204800 1283679 1340577 7316182 7580475
1642118400 1436055 1498796 8461049 8680620
1642032000 1801805 1889179 13418356 14140560
1641945600 1918047 2031579 9766517 10607893
1641859200 1674385 1745339 10361086 10682461
1641772800 26012 35145 739447 764261
1641686400 84301 94957 14354247 760176
1641600000 1443028 1457323 14354247 10523803
1641513600 1362281 1427322 6111841 6337486
1641427200 1821619 1951468 2768502 2873190
1641340800 1808404 1938942 1808404 1938942
1641254400 1808404 1938942 1808404 1938942
1641168000 1808404 1938942 1808404 1938942
1641081600 1808404 1938942 1808404 1938942
1640995200 1808404 1938942 1808404 1938942
1640908800 1808404 1938942 1808404 1938942
1640822400 1808404 1938942 1808404 1938942
1640736000 1808404 1938942 1808404 1938942
1640649600 1808404 1938942 1808404 1938942
1640563200 1808404 1938942 1808404 1938942
1640476800 1808404 1938942 1808404 1938942
1640390400 1808404 1938942 1808404 1938942
1640304000 1808404 1938942 1808404 1938942
1640217600 1808404 1938942 1808404 1938942
1640131200 1808404 1938942 1808404 1938942
1640044800 1808404 1938942 1808404 1938942
1639958400 1808404 1938942 1808404 1938942
1639872000 1808404 1938942 1808404 1938942
1639785600 1808404 1938942 1808404 1938942
1639699200 1808404 1938942 1808404 1938942
1639612800 1808404 1938942 1808404 1938942
1639526400 1808404 1938942 1808404 1938942
1639440000 1808404 1938942 1808404 1938942
1639353600 1808404 1938942 1808404 1938942
1639267200 1808404 1938942 1808404 1938942
1639180800 1808404 1938942 1808404 1938942
1639094400 1808404 1938942 1808404 1938942
1639008000 1808404 1938942 1808404 1938942
1638921600 1808404 1938942 1808404 1938942
1638835200 1808404 1938942 1808404 1938942
1638748800 1808404 1938942 1808404 1938942
1638662400 1808404 1938942 1808404 1938942
1638576000 1808404 1938942 1808404 1938942
1638489600 1808404 1938942 1808404 1938942
1638403200 1808404 1938942 1808404 1938942
1638316800 978635 1044276 5619230 5804285
1638230400 1748547 1827513 9729811 9998057
1638144000 17216 22672 234312 242454
1638057600 145895 158330 2510706 2606360
1637971200 1652361 1733865 6457542 6699634
1637884800 2015936 2103810 8850267 9165148
1637798400 1941785 2027997 13055487 13472635
1637712000 1706951 1796230 6972424 7210150
1637625600 1632767 1714508 11253537 11668058
1637539200 34505 42045 1235501 1269368
1637452800 42522 52553 1577606 1641289
1637366400 1598455 1679381 10564373 11081944
1637280000 1562821 1646079 11990015 12649777
1637193600 1835983 1918283 13587272 13993750
1637107200 1577936 1679610 13501691 14158896
1637020800 30303 35124 696895 723055
1636934400 16591 21017 132454 139820
1636848000 94875 103765 1533432 1596285
1636761600 1634964 1709961 9176189 9454978
1636675200 1459066 1529558 12273146 12614944
1636588800 1780445 1864068 8752679 9178768
1636502400 1357174 1429213 9101055 9386102
1636416000 1349188 1371029 13332110 8107434
1636329600 22897 28133 348794 363030
1636243200 126664 138569 3915032 4094162
1636156800 1414681 1483672 6240297 6482266
1636070400 1689624 1765165 7046221 7299734
1635984000 1584747 1656975 9530248 9823320
1635897600 235796 250539 1391618 1454321
1635811200 759021 794389 12236137 12697513
1635724800 17588 21054 112903 122197
1635638400 46750 53191 1405214 1452922
1635552000 1279014 1337739 10087057 10326917
1635465600 1641070 1715804 12433596 12849971
1635379200 1827043 1906847 8059294 8329802
1635292800 1473930 1542481 5951763 6150814
1635206400 1594708 1664711 6549114 6787642
1635120000 21945 27220 307498 320939
1635033600 40152 47081 449203 467347
1634947200 1189288 1246051 12194499 12506844
1634860800 1298983 1360442 6680407 6872381
1634774400 1890151 1919597 13956650 12462362
1634688000 1448959 1410694 13851921 12397196
1634601600 1457816 1513135 10344609 10669469
1634515200 14960 18450 332405 342612
1634428800 52514 58029 2220778 2273178
1634342400 1129836 1177418 7376274 7648056
1634256000 1297545 1351402 11005618 11389226
1634169600 1286848 1341063 7403137 7642662
1634083200 1296900 1356681 8230445 8577993
1633996800 1362601 1421426 13897441 14242809
1633910400 14746 18633 269278 276975
1633824000 106659 114436 1836712 1899139
1633737600 1321425 1372424 5427200 5605932
1633651200 1776608 1840202 13393123 13699824
1633564800 1885005 1905925 14232338 14083314
1633478400 1278733 1333114 5052944 5280942
1633392000 1181218 1233669 5971624 6206717
1633305600 20848 25211 366472 383221
1633219200 124254 134494 3412915 3562065
1633132800 1064898 1124549 12576267 12971348
1633046400 1241095 1290455 8943446 9174580
1632960000 1512246 1568553 13372835 13714153
1632873600 1576533 1629117 6140508 6321153
1632787200 1233521 1292669 5665407 7548142
1632700800 20569 24219 367514 381725
1632614400 98714 105033 3870860 3986288
1632528000 1045425 1087034 6180918 6386758
1632441600 989211 1030832 7285836 7522838
1632355200 996596 1039993 5071705 4654378
1632268800 1134384 1182349 5946161 6114473
1632182400 1159333 1210280 5290935 5486488
1632096000 43148 49533 1135546 1171272
1632009600 66987 73974 652007 672571
1631923200 928807 967056 6313907 6477094
1631836800 17542 22841 358967 376442
1631750400 739776 770957 5049163 5194856
1631664000 3754794 1145413 12409275 5328386
1631577600 1803529 769582 13666976 14243464
1631491200 13976 17900 213518 222196
1631404800 49131 53808 1141388 1166812
1631318400 851507 886632 5987828 6231416
1631232000 1007820 1032425 7403290 5672572
1631145600 981924 1022204 5202352 5384515
1631059200 852908 886067 5103053 5250275
1630972800 1030604 1048860 9532703 6261172
1630886400 12644 15927 133713 140362
1630800000 48463 52960 382615 395900
1630713600 651097 679655 4069313 4195885
1630627200 1112135 1155772 10148080 10505078
1630540800 1110884 1153160 7670550 7884099
1630454400 1090095 1131105 8900231 9263662
1630368000 1053216 1094351 10388726 10710546
1630281600 10636 13978 135297 142213
1630195200 26928 30650 825951 845317
1630108800 602065 626415 7945213 8208664
1630022400 939090 976196 5107921 5272424
1629936000 913793 947264 11485698 11835248
1629849600 898489 934643 4944874 5115020
1629763200 917048 977312 6564498 12986535
1629676800 29219 33639 2237795 2311263
1629590400 31583 35771 664160 673966
1629504000 603647 635459 3431782 3861364
1629417600 823512 873477 4813896 4986963
1629331200 995190 1054384 12179025 12587914
1629244800 995445 1035942 4824464 4967032
1629158400 887255 931820 6780497 9442043
1629072000 29607 33794 2988877 3079366
1628985600 83484 88239 3844811 3959264
1628899200 816596 846858 4395141 4513006
1628812800 707675 736405 6735758 6921213
1628726400 969958 1006599 8309828 8600725
1628640000 865879 900125 5501477 5653119
1628553600 914632 901292 13872047 7877054
1628467200 14719 17808 170574 178353
1628380800 57814 61779 3846166 3959373
1628294400 686078 714332 5954563 6144815
1628208000 975649 974426 13536652 5064767
1628121600 1017775 1075714 6071026 6632393
1628035200 896055 941932 7341800 10313843
1627948800 931948 934864 12140270 8408472
1627862400 10930 13128 403613 416816
1627776000 33008 35851 389957 396987
1627689600 725902 721143 12542999 12578096
1627603200 883974 934932 8123342 13036783
1627516800 906419 902273 12384164 7108287
1627430400 788151 825942 4125434 4262551
1627344000 1151592 1135507 14158244 11461938
1627257600 13769 16050 169491 176524
1627171200 139489 146126 4092573 4211588
1627084800 1584999 1635053 10114662 10411634
1626998400 1253410 1308736 8707502 11052394
1626912000 1224916 1275249 5600050 5808160
1626825600 1286037 1344360 8997501 9271319
1626739200 1501025 1551269 13120063 13445766
1626652800 33093 35285 1093570 1119908
1626566400 53238 56195 430919 444972
1626480000 870880 910446 6468262 6620864
1626393600 1029412 1075961 13539562 13875059
1626307200 1208131 1232041 7534461 6054807
1626220800 1378616 1400825 11529289 9888655
1626134400 1195665 1239141 7520360 7776594
1626048000 32969 35935 2847614 2934954
1625961600 70427 74264 2175631 2236656
1625875200 1191616 1243536 12866352 13188987
1625788800 1015741 1057844 4717906 4853803
1625702400 1013521 1050616 12403805 12673254
1625616000 935425 973741 6992523 7243192
1625529600 1109807 1153137 12303946 12709918
1625443200 32869 36010 2141812 2211014
1625356800 60918 64738 561614 583269
1625270400 959270 993509 8733327 8967332
1625184000 1307269 1261662 14158310 11814781
1625097600 1336969 1386586 9374330 9683901
1625011200 1257432 1305963 11894773 12227814
1624924800 898553 940874 6601320 6868938
1624838400 51660 57171 862163 884624
1624752000 34541 40583 560350 582518
1624665600 780832 814707 5053014 5167621
1624579200 1374208 1423216 9902022 10105237
1624492800 1105610 1154779 13397257 14132335
1624406400 1233541 1284260 13917349 14331466
1624320000 964762 1001752 12429795 12839028
1624233600 234242 243821 11860404 12210558
1624147200 573776 590827 11848510 11775628
1624060800 563648 582126 563648 582126
1623974400 201880 209640 656132 676005
1623888000 13220 13730 366073 378351
1623801600 0 0 0 0
1623715200 0 0 0 0
1623628800 0 0 0 0
1623542400 0 0 0 0
1623456000 0 0 0 0
1623369600 0 0 0 0
1623283200 0 0 0 0
1623196800 0 0 0 0
1623110400 0 0 0 0
1623024000 0 0 0 0
1622937600 0 0 0 0
1622851200 0 0 0 0
1622764800 0 0 0 0
1622678400 0 0 0 0
1622592000 0 0 0 0
1622505600 0 0 0 0
1622419200 0 0 0 0
1622332800 0 0 0 0
1622246400 0 0 0 0
1622160000 0 0 0 0
1622073600 0 0 0 0
1621987200 0 0 0 0
1621900800 0 0 0 0
1621814400 0 0 0 0
1621728000 0 0 0 0
1621641600 0 0 0 0
1621555200 0 0 0 0
1621468800 0 0 0 0
1621382400 0 0 0 0
1621296000 0 0 0 0
1621209600 0 0 0 0
1621123200 0 0 0 0
1621036800 0 0 0 0
1620950400 0 0 0 0
1620864000 0 0 0 0
1620777600 0 0 0 0
1620691200 0 0 0 0
1620604800 0 0 0 0
1620518400 0 0 0 0
1620432000 0 0 0 0
1620345600 0 0 0 0
1620259200 0 0 0 0
1620172800 0 0 0 0
1620086400 0 0 0 0
1620000000 0 0 0 0
1619913600 0 0 0 0
1619827200 0 0 0 0
1619740800 0 0 0 0
1619654400 0 0 0 0
1619568000 0 0 0 0
1619481600 0 0 0 0
1619395200 0 0 0 0
1619308800 0 0 0 0
1619222400 0 0 0 0
1619136000 0 0 0 0
1619049600 0 0 0 0
1618963200 0 0 0 0
1618876800 0 0 0 0
1618790400 0 0 0 0
1618704000 0 0 0 0
1618617600 0 0 0 0
1618531200 0 0 0 0
1618444800 0 0 0 0
1618358400 0 0 0 0
1618272000 0 0 0 0
1618185600 0 0 0 0
1618099200 0 0 0 0
1618012800 0 0 0 0
1617926400 0 0 0 0
1617840000 0 0 0 0
1617753600 0 0 0 0
1617667200 0 0 0 0
1617580800 0 0 0 0
1617494400 0 0 0 0
1617408000 0 0 0 0
1617321600 0 0 0 0
1617235200 0 0 0 0
1617148800 0 0 0 0
1617062400 0 0 0 0
1616976000 0 0 0 0
1616889600 0 0 0 0
1616803200 0 0 0 0
1616716800 0 0 0 0
1616630400 0 0 0 0
1616544000 0 0 0 0
1616457600 0 0 0 0
1616371200 0 0 0 0
1616284800 0 0 0 0
1616198400 0 0 0 0
1616112000 0 0 0 0
1616025600 0 0 0 0
1615939200 0 0 0 0
1615852800 0 0 0 0
1615766400 0 0 0 0
1615680000 0 0 0 0
1615593600 0 0 0 0
1615507200 0 0 0 0
1615420800 0 0 0 0
1615334400 0 0 0 0
1615248000 0 0 0 0
1615161600 0 0 0 0
1615075200 0 0 0 0
1614988800 0 0 0 0
1614902400 0 0 0 0
1614816000 0 0 0 0
1614729600 0 0 0 0
1614643200 0 0 0 0
1614556800 0 0 0 0
1614470400 0 0 0 0
1614384000 0 0 0 0
1614297600 0 0 0 0
1614211200 0 0 0 0
1614124800 0 0 0 0
1614038400 0 0 0 0
1613952000 0 0 0 0
1613865600 0 0 0 0
1613779200 0 0 0 0
1613692800 0 0 0 0
1613606400 0 0 0 0
1613520000 0 0 0 0
1613433600 0 0 0 0
1613347200 0 0 0 0
1613260800 0 0 0 0
1613174400 0 0 0 0
1613088000 0 0 0 0
1613001600 0 0 0 0
1612915200 0 0 0 0
1612828800 0 0 0 0
1612742400 0 0 0 0
1612656000 0 0 0 0
1612569600 0 0 0 0
1612483200 0 0 0 0
1612396800 0 0 0 0
1612310400 0 0 0 0
1612224000 0 0 0 0
1612137600 0 0 0 0
1612051200 0 0 0 0
1611964800 0 0 0 0
1611878400 0 0 0 0
1611792000 0 0 0 0
1611705600 0 0 0 0
1611619200 0 0 0 0
1611532800 0 0 0 0
1611446400 0 0 0 0
1611360000 0 0 0 0
1611273600 0 0 0 0
1611187200 0 0 0 0
1611100800 0 0 0 0
1611014400 0 0 0 0
1610928000 0 0 0 0
1610841600 0 0 0 0
1610755200 0 0 0 0
1610668800 0 0 0 0
1610582400 0 0 0 0
1610496000 0 0 0 0
1610409600 0 0 0 0
1610323200 0 0 0 0
1610236800 0 0 0 0
1610150400 0 0 0 0
1610064000 0 0 0 0
1609977600 0 0 0 0
1609891200 0 0 0 0
1609804800 0 0 0 0
1609718400 0 0 0 0
1609632000 0 0 0 0
1609545600 0 0 0 0
1609459200 0 0 0 0
1609372800 0 0 0 0
1609286400 0 0 0 0
1609200000 0 0 0 0
1609113600 0 0 0 0
1609027200 0 0 0 0
1608940800 0 0 0 0
1608854400 0 0 0 0
1608768000 0 0 0 0
1608681600 0 0 0 0
1608595200 0 0 0 0
1608508800 0 0 0 0
1608422400 0 0 0 0
1608336000 0 0 0 0
1608249600 0 0 0 0
1608163200 0 0 0 0
1608076800 0 0 0 0
1607990400 0 0 0 0
1607904000 0 0 0 0
1607817600 0 0 0 0
1607731200 0 0 0 0
1607644800 0 0 0 0
1607558400 0 0 0 0
1607472000 0 0 0 0
1607385600 0 0 0 0
1607299200 0 0 0 0
1607212800 0 0 0 0
1607126400 0 0 0 0
1607040000 0 0 0 0
1606953600 0 0 0 0
1606867200 0 0 0 0
1606780800 0 0 0 0
1606694400 0 0 0 0
1606608000 0 0 0 0
1606521600 0 0 0 0
1606435200 0 0 0 0
1606348800 0 0 0 0
1606262400 0 0 0 0
1606176000 0 0 0 0
1606089600 0 0 0 0
1606003200 0 0 0 0
1605916800 0 0 0 0
1605830400 0 0 0 0
1605744000 0 0 0 0
1605657600 0 0 0 0
1605571200 0 0 0 0
1605484800 0 0 0 0
1605398400 0 0 0 0
1605312000 0 0 0 0
1605225600 0 0 0 0
1605139200 0 0 0 0
1605052800 0 0 0 0
1604966400 0 0 0 0
1604880000 0 0 0 0
1604793600 0 0 0 0
1604707200 0 0 0 0
1604620800 0 0 0 0
1604534400 0 0 0 0
1604448000 0 0 0 0
1604361600 0 0 0 0
1604275200 0 0 0 0
1604188800 0 0 0 0
1604102400 0 0 0 0
1604016000 0 0 0 0
1603929600 0 0 0 0
1603843200 0 0 0 0
1603756800 0 0 0 0
1603670400 0 0 0 0
1603584000 0 0 0 0
1603497600 0 0 0 0
1603411200 0 0 0 0
1603324800 0 0 0 0
1603238400 0 0 0 0
1603152000 0 0 0 0
1603065600 0 0 0 0
1602979200 0 0 0 0
1602892800 0 0 0 0
1602806400 0 0 0 0
1602720000 0 0 0 0
1602633600 0 0 0 0
1602547200 0 0 0 0
1602460800 0 0 0 0
1602374400 0 0 0 0
1602288000 0 0 0 0
1602201600 0 0 0 0
1602115200 0 0 0 0
1602028800 0 0 0 0
1601942400 0 0 0 0
1601856000 0 0 0 0
1601769600 0 0 0 0
1601683200 0 0 0 0
1601596800 0 0 0 0
1601510400 0 0 0 0
1601424000 0 0 0 0
1601337600 0 0 0 0
1601251200 0 0 0 0
1601164800 0 0 0 0
1601078400 0 0 0 0
1600992000 0 0 0 0
1600905600 0 0 0 0
1600819200 0 0 0 0
1600732800 0 0 0 0
1600646400 0 0 0 0
1600560000 0 0 0 0
1600473600 0 0 0 0
1600387200 0 0 0 0
1600300800 0 0 0 0
1600214400 0 0 0 0
1600128000 0 0 0 0
1600041600 0 0 0 0
1599955200 0 0 0 0
1599868800 0 0 0 0
1599782400 0 0 0 0
1599696000 0 0 0 0
1599609600 0 0 0 0
1599523200 0 0 0 0
1599436800 0 0 0 0
1599350400 0 0 0 0
1599264000 0 0 0 0
1599177600 0 0 0 0
1599091200 0 0 0 0
1599004800 0 0 0 0
1598918400 0 0 0 0
1598832000 0 0 0 0
1598745600 0 0 0 0
1598659200 0 0 0 0
1598572800 0 0 0 0
1598486400 0 0 0 0
1598400000 0 0 0 0
1598313600 0 0 0 0
1598227200 0 0 0 0
1598140800 0 0 0 0
1598054400 0 0 0 0
1597968000 0 0 0 0
1597881600 0 0 0 0
1597795200 0 0 0 0
1597708800 0 0 0 0
1597622400 0 0 0 0
1597536000 0 0 0 0
1597449600 0 0 0 0
1597363200 0 0 0 0
1597276800 0 0 0 0
1597190400 0 0 0 0
1597104000 0 0 0 0
1597017600 0 0 0 0
1596931200 0 0 0 0
1596844800 0 0 0 0
1596758400 0 0 0 0
1596672000 0 0 0 0
1596585600 0 0 0 0
1596499200 0 0 0 0
1596412800 0 0 0 0
1596326400 0 0 0 0
1596240000 0 0 0 0
1596153600 0 0 0 0
1596067200 0 0 0 0
1595980800 0 0 0 0
1595894400 0 0 0 0
1595808000 0 0 0 0
1595721600 0 0 0 0
1595635200 0 0 0 0
1595548800 0 0 0 0
1595462400 0 0 0 0
1595376000 0 0 0 0
1595289600 0 0 0 0
1595203200 0 0 0 0
1595116800 0 0 0 0
1595030400 0 0 0 0
1594944000 0 0 0 0
1594857600 0 0 0 0
1594771200 0 0 0 0
1594684800 0 0 0 0
1594598400 0 0 0 0
1594512000 0 0 0 0
1594425600 0 0 0 0
1594339200 0 0 0 0
1594252800 0 0 0 0
1594166400 0 0 0 0
1594080000 0 0 0 0
1593993600 0 0 0 0
1593907200 0 0 0 0
1593820800 0 0 0 0
1593734400 0 0 0 0
1593648000 0 0 0 0
1593561600 0 0 0 0
1593475200 0 0 0 0
1593388800 0 0 0 0
1593302400 0 0 0 0
1593216000 0 0 0 0
1593129600 0 0 0 0
1593043200 0 0 0 0
1592956800 0 0 0 0
1592870400 0 0 0 0
1592784000 0 0 0 0
1592697600 0 0 0 0
1592611200 0 0 0 0
1592524800 0 0 0 0
1592438400 0 0 0 0
1592352000 0 0 0 0
1592265600 0 0 0 0
1592179200 0 0 0 0
1592092800 0 0 0 0
1592006400 0 0 0 0
1591920000 0 0 0 0
1591833600 0 0 0 0
1591747200 0 0 0 0
1591660800 0 0 0 0
1591574400 0 0 0 0
1591488000 0 0 0 0
1591401600 0 0 0 0
1591315200 0 0 0 0
1591228800 0 0 0 0
1591142400 0 0 0 0
1591056000 0 0 0 0
1590969600 0 0 0 0
1590883200 0 0 0 0
1590796800 0 0 0 0
1590710400 0 0 0 0
1590624000 0 0 0 0
1590537600 0 0 0 0
1590451200 0 0 0 0
1590364800 0 0 0 0
1590278400 0 0 0 0
1590192000 0 0 0 0
1590105600 0 0 0 0
1590019200 0 0 0 0
1589932800 0 0 0 0
1589846400 0 0 0 0
1589760000 0 0 0 0
1589673600 0 0 0 0
