1623879901 3378766253 2964171950
1623879901 6632394 3175522 6632394 3175522
1623879601 3988275 4566586 3988275 4566586
1623879600 4045753 4560393 12610122 4566586
1623879300 12578967 3631076 12610122 3637661
1623879000 7941648 2651371 9325317 3061283
1623878700 9321188 3057175 9325317 3061283
1623878400 8120180 1839962 13092700 3458329
1623878100 13083030 3464694 13092700 4413087
1623877800 11639841 4402008 11642293 4413087
1623877500 10909101 1090761 11626629 1428087
1623877200 11633210 1429463 13601032 1841112
1623876900 13589798 1842481 13601032 2251973
1623876600 10244079 2250120 14166079 2251973
1623876300 14161602 1696799 14166079 1900754
1623876000 12781358 1910530 12823222 4833690
1623875700 318354 4820951 8395494 4833690
1623875400 8400771 2920960 9187091 2922871
1623875100 9192839 2635316 10911498 2636291
1623874800 10882052 2345115 10911498 2727289
1623874500 2077062 2727612 2077935 2824306
1623874200 1857673 2825261 14273049 3111043
1623873900 14267035 3110799 14273049 3111043
1623873600 12471985 3034813 13402770 3037975
1623873300 13404372 2090397 13883636 2343385
1623873000 13884229 2344980 14061592 2821921
1623872700 14015840 2819377 14061592 2821921
1623872400 349353 2057704 4315632 2058820
1623872100 4311913 1739542 4315632 4021405
1623871800 3735962 4019922 3757797 4021405
1623871500 493213 3790055 2061099 3799075
1623871200 2089295 2444289 10520000 2446152
1623870900 10525575 1891971 12192580 3259398
1623870600 12188468 3255895 12192580 3259398
1623870300 10929378 2210598 10959199 2764265
1623870000 2008241 2763969 2012906 2764265
1623869700 638941 2678287 4400544 3067773
1623869400 4386905 3066655 4400544 3067773
1623869100 2368988 2899180 4497598 2900081
1623868800 4506337 2772255 5808586 3853372
1623868500 5812786 3850544 7068629 3853372
1623868200 7054584 3006666 7068629 3471604
1623867900 2870912 3470784 7573785 3471604
1623867600 7552029 3224403 7573785 3225691
1623867300 1066307 2838612 3944337 2839364
1623867000 4007365 2730999 13398680 3391404
1623866700 13318627 3396628 13398680 4175132
1623866400 1438596 4168632 8550418 4175132
1623866100 8561032 3199890 11734800 3200135
1623865800 11709577 3129479 11734800 3969980
1623865500 4169690 3966775 4617897 3969980
1623865200 4613898 3010581 4617897 3553178
1623864900 3428804 3554428 6570969 3928314
1623864600 6555883 3929151 6570969 4179433
1623864300 2053541 4176689 4545710 4179433
1623864000 4601483 3349900 12911709 3356326
1623863700 12920258 2391103 14194080 2392573
1623863400 14148684 2170258 14194080 2172212
1623863100 592960 1585132 5874542 1586134
1623862800 5870312 1289360 5874542 2406164
1623862500 4614689 2404755 7291093 2406164
1623862200 7271408 1986468 7291093 2801999
1623861900 1382857 2799832 1385638 2801999
1623861600 590874 2155286 12326497 3114169
1623861300 12287787 3114998 12326497 3362917
1623861000 746086 3364610 10421092 3870825
1623860700 10433800 3872534 14233681 4383768
1623860400 14215836 4375922 14233681 4383768
1623860100 8890991 2039437 12108717 4830481
1623859800 12101940 4823052 12108717 4830481
1623859500 10054045 2600971 10075696 2601865
1623859200 3608786 2332722 12086095 2333887
1623858900 12056751 1983694 12086095 1984394
1623858600 3285708 1775986 3681855 1983185
1623858300 3687769 1982524 5456087 1983185
1623858000 5437766 1783753 5456087 1785016
1623857700 2712743 1594909 4108101 1595639
1623857400 4117650 1379187 5540566 1741931
1623857100 5540304 1748633 5540566 2747252
1623856800 5556317 2747897 13738851 2844063
1623856500 13657874 2832994 13738851 2844063
1623856200 1669564 1183228 13160980 1183815
1623855900 13074828 1096918 13160980 1266913
1623855600 300742 1268654 9617644 1528122
1623855300 9621811 1524523 10242804 1528122
1623855000 10229294 986326 10242804 988359
1623854700 8212426 684139 8216338 864712
1623854400 7044784 864715 7644597 865664
1623854100 7645100 864966 7795541 865664
1623853800 7786394 655922 7795541 656412
1623853500 5064325 511747 6962972 851621
1623853200 6970773 854396 8133234 1267934
1623852900 8145711 1267607 10004863 1267934
1623852600 10001476 1218667 10004863 1218942
1623852300 9506115 1172852 10875763 1177821
1623852000 10847529 431710 10875763 432551
1623851700 6657384 307423 9142058 444444
1623851400 9136547 444172 9142058 444444
1623851100 7498922 363115 10521370 407295
1623850800 10509153 406912 10521370 407295
1623850500 6863911 292966 9079039 401854
1623850200 9074989 402627 9079039 633832
1623849900 7865435 632795 8251925 633832
1623849600 8255660 322691 9372700 322869
1623849300 9370150 269716 9372700 287982
1623849000 8593179 293776 8607916 1157088
1623848700 6400939 1155243 6913664 1157088
1623848400 6915035 882741 7119416 1220845
1623848100 7121402 1214143 7417411 1220845
1623847800 7418462 217288 7732980 695079
1623847500 7730113 693587 7732980 695079
1623847200 6877116 247624 8095056 251252
1623846900 8087780 251572 8095056 347484
1623846600 5929694 347122 8513049 347484
1623846300 8518631 293192 9350387 293321
1623846000 9365335 273842 11592693 274062
1623845700 11594093 241213 12012746 252690
1623845400 12008310 252945 12012746 329213
1623845100 10693940 329049 14203197 329213
1623844800 14195321 279980 14203197 280062
1623844500 11833821 255553 11840626 255570
1623844200 9815981 251286 12309371 339542
1623843900 12302911 339279 12309371 339542
1623843600 11350518 300118 12844967 300127
1623843300 12835229 298549 12844967 298823
1623843000 11358500 257883 11384334 266517
1623842700 7510392 266253 7839752 266517
1623842400 7839427 187679 7839752 213868
1623842100 7735857 213726 7742340 213868
1623841800 6776367 193120 7727109 264750
1623841500 7729174 265047 8346630 353928
1623841200 8332890 353931 8346630 354990
1623840900 4224764 354791 4242094 354990
1623840600 4242930 295529 4493164 295538
1623840300 4491690 292645 4493164 292972
1623840000 4051301 195037 4151036 203048
1623839700 4155296 203100 5429283 218894
1623839400 5416822 218926 5429283 228675
1623839100 1683865 227997 1691271 228675
1623838800 578258 127082 580479 127093
1623838500 248309 125533 540168 128401
1623838200 541053 128729 805911 227055
1623837900 804194 226797 805911 227055
1623837600 293085 149722 901881 149774
1623837300 902538 134467 1099013 143856
1623837000 1098967 144098 1099013 216691
1623836700 1104690 216599 3997282 216691
1623836400 4005507 202788 5231162 202968
1623836100 5228687 176026 5231162 176055
1623835800 4493022 167731 5788131 252787
1623835500 5791168 252577 6699294 252787
1623835200 6697602 189993 6699294 199653
1623834900 6195180 199598 6676580 199653
1623834600 6671551 191886 6676580 263619
1623834300 5895445 262895 5922256 263619
1623834000 1903717 155184 2816103 179244
1623833700 2830172 179287 7037021 192174
1623833400 7020858 192313 7037021 234054
1623833100 2187461 233796 2188309 234054
1623832800 1946480 156940 3817384 167104
1623832500 3831424 166995 5923407 167104
1623832200 5927278 151075 7084865 240016
1623831900 7085418 239699 7250997 240016
1623831600 7231533 145106 7250997 145118
1623831300 1407697 141924 1411868 170343
1623831000 787275 170621 931254 212053
1623830700 950846 211672 3870083 212053
1623830400 3877265 154980 6024900 169193
1623830100 6026591 169325 6532256 209028
1623829800 6531448 209301 6532256 290962
1623829500 6289410 290483 6289985 290962
1623829200 6207375 219263 6729509 224770
1623828900 6725609 224621 6729509 224770
1623828600 5562539 180372 6430660 256062
1623828300 6432355 255482 6685047 256062
1623828000 6693827 170906 8002072 445490
1623827700 8005659 444185 8540196 445490
1623827400 8532723 249962 8540196 306832
1623827100 6301222 306635 7136074 306832
1623826800 7138171 247932 7765314 250349
1623826500 7747039 250784 7765314 315713
1623826200 5023999 315954 5024101 388267
1623825900 4993300 388051 4993522 388267
1623825600 4930492 323808 5936395 424694
1623825300 5923990 424098 5936395 424694
1623825000 4077729 336275 4368264 470871
1623824700 4371112 470827 5222793 470871
1623824400 5209217 457196 5222793 457953
1623824100 1147392 231070 1150150 231099
1623823800 323249 224120 401596 704407
1623823500 401343 701974 401596 704407
1623823200 367125 339121 867227 339541
1623822900 865618 276629 867227 283458
1623822600 384669 283636 422453 336946
1623822300 422856 337858 543414 610773
1623822000 543763 610633 648127 610773
1623821700 671897 569350 4213631 615666
1623821400 4223531 634570 5698773 3451387
1623821100 5700180 3460955 6120925 6321966
1623820800 6124529 6326516 7202145 7687047
1623820500 7182420 7687874 7202145 7935258
1623820200 1293749 7912612 2631877 7935258
1623819900 2649370 4538639 5255849 4560571
1623819600 5263860 4579836 6457515 7450340
1623819300 6461042 7450572 6986604 7485167
1623819000 6981529 7463382 6986604 7485167
1623818700 5479829 950674 10165319 1237747
1623818400 10186875 1260966 13398749 4720631
1623818100 13331017 4696664 13398749 4720631
1623817800 3245689 1125948 4238885 1171061
1623817500 4239032 1170963 4283197 1171061
1623817200 4310925 1139544 12601708 1141754
1623816900 12578380 478605 12601708 478803
1623816600 5606583 422645 6554389 1316361
1623816300 6551576 1315432 6554389 1316361
1623816000 5709485 1038784 5710687 1288012
1623815700 5340353 1284593 5350235 1288012
1623815400 2379049 262543 2385704 270928
1623815100 390065 270970 624579 283743
1623814800 623807 283941 624579 343403
1623814500 393979 343318 652087 343403
1623814200 654146 317887 1269929 317945
1623813900 1267921 301020 1269929 442195
1623813600 668212 441581 794631 442195
1623813300 793749 258157 794631 290430
1623813000 548195 290977 5917657 454793
1623812700 5915863 454848 5917657 471308
1623812400 5379549 470580 5404014 471308
1623812100 5415725 253706 7160763 348973
1623811800 7159237 348574 7160763 348973
1623811500 6935280 290152 7426049 430935
1623811200 7417277 430963 7426049 435152
1623810900 6115171 436166 6838114 587331
1623810600 6837756 586196 6838114 587331
1623810300 6781225 417028 6784558 417093
1623810000 5789828 397648 7251204 397788
1623809700 7243641 355973 7251204 362699
1623809400 5017216 365664 10182840 807578
1623809100 10186551 807338 11296186 807578
1623808800 11296758 736007 11467900 836869
1623808500 11455201 835401 11467900 836869
1623808200 9580447 617857 12161664 782295
1623807900 12160297 781735 12161664 782295
1623807600 11949923 698447 11956634 706105
1623807300 9926596 705659 9943545 706105
1623807000 4871291 572935 6682106 623509
1623806700 6698404 623638 11571661 662216
1623806400 11567199 662810 11571661 751458
1623806100 10900249 750925 10902381 751458
1623805800 10253526 595293 10262983 1657846
1623805500 7427217 1656799 7620374 1657846
1623805200 7622076 1500893 8131087 1512224
1623804900 8105864 1506918 8131087 1512224
1623804600 4328528 719676 4347740 1218203
1623804300 1485366 1216995 7284302 1218203
1623804000 7294260 854981 8778095 856019
1623803700 8781981 700660 9361138 746598
1623803400 9358208 746512 9361138 746598
1623803100 8919713 734671 8921704 984144
1623802800 8323606 983450 8324586 984144
1623802500 8041998 776124 11402224 791387
1623802200 11377342 791141 11402224 791387
1623801900 3947141 717619 5356030 717834
1623801600 5358134 686631 5671738 820831
1623801300 5665759 821024 5671738 878764
1623801000 3886796 880347 6438488 1353846
1623800700 6445258 1353056 8469696 1353846
1623800400 8495935 1115368 12405661 1116981
1623800100 12408941 876604 12897715 1091156
1623799800 12899074 1091699 13305446 1254257
1623799500 13286519 1254421 13305446 1303702
1623799200 7657902 1306630 12209964 1742955
1623798900 12182960 1739433 12209964 1742955
1623798600 8151367 1214920 8159486 1284202
1623798300 5725049 1283771 6053403 1284202
1623798000 6074787 1154383 12468761 1155009
1623797700 12398639 969513 12468761 1305847
1623797400 1941384 1306289 1950586 1372205
1623797100 633367 1370810 10013754 1372205
1623796800 10009150 1163220 10013754 1242521
1623796500 8618829 1241524 8632651 1242521
1623796200 4485211 944159 4486106 1140355
1623795900 4231728 1141061 6310980 1246267
1623795600 6303831 1246864 6310980 1335938
1623795300 5258814 1350508 11255020 5707215
1623795000 11255232 5697639 11318626 5707215
1623794700 11243168 2815707 11318626 2834605
1623794400 28 11 28 11
1623794100 28 11 28 11
1623793800 28 11 28 11
1623793500 28 11 28 11
1623793200 28 11 28 11
1623792900 28 11 28 11
1623792600 28 11 28 11
1623792300 28 11 28 11
1623792000 28 11 28 11
1623791700 28 11 28 11
1623791400 28 11 28 11
1623791100 28 11 28 11
1623790800 28 11 28 11
1623790500 28 11 28 11
1623790200 28 11 28 11
1623789900 28 11 28 11
1623789600 28 11 28 11
1623789300 28 11 28 11
1623789000 28 11 28 11
1623788700 28 11 28 11
1623788400 28 11 28 11
1623788100 28 11 28 11
1623787800 28 11 28 11
1623787500 28 11 28 11
1623787200 28 11 28 11
1623786900 28 11 28 11
1623786600 28 11 28 11
1623786300 28 11 28 11
1623786000 28 11 28 11
1623785700 28 11 28 11
1623785400 28 11 28 11
1623785100 28 11 28 11
1623784800 28 11 28 11
1623784500 28 11 28 11
1623784200 28 11 28 11
1623783900 28 11 28 11
1623783600 28 11 28 11
1623783300 28 11 28 11
1623783000 28 11 28 11
1623782700 28 11 28 11
1623782400 28 11 28 11
1623782100 28 11 28 11
1623781800 28 11 28 11
1623781500 28 11 28 11
1623781200 28 11 28 11
1623780900 28 11 28 11
1623780600 28 11 28 11
1623780300 28 11 28 11
1623780000 28 11 28 11
1623779700 28 11 28 11
1623779400 28 11 28 11
1623779100 28 11 28 11
1623778800 28 11 28 11
1623778500 28 11 28 11
1623778200 28 11 28 11
1623777900 28 11 28 11
1623777600 28 11 28 11
1623777300 28 11 28 11
1623777000 28 11 28 11
1623776700 28 11 28 11
1623776400 28 11 28 11
1623776100 28 11 28 11
1623775800 28 11 28 11
1623775500 28 11 28 11
1623775200 28 11 28 11
1623774900 28 11 28 11
1623774600 28 11 28 11
1623774300 28 11 28 11
1623774000 28 11 28 11
1623773700 28 11 28 11
1623773400 28 11 28 11
1623773100 28 11 28 11
1623772800 28 11 28 11
1623772500 28 11 28 11
1623772200 28 11 28 11
1623771900 28 11 28 11
1623771600 28 11 28 11
1623771300 28 11 28 11
1623771000 28 11 28 11
1623770700 28 11 28 11
1623770400 28 11 28 11
1623770100 28 11 28 11
1623769800 28 11 28 11
1623769500 28 11 28 11
1623769200 28 11 28 11
1623768900 28 11 28 11
1623768600 28 11 28 11
1623768300 28 11 28 11
1623768000 28 11 28 11
1623767700 28 11 28 11
1623767400 28 11 28 11
1623767100 28 11 28 11
1623766800 28 11 28 11
1623766500 28 11 28 11
1623766200 28 11 28 11
1623765900 28 11 28 11
1623765600 28 11 28 11
1623765300 28 11 28 11
1623765000 28 11 28 11
1623764700 28 11 28 11
1623764400 28 11 28 11
1623764100 28 11 28 11
1623763800 28 11 28 11
1623763500 28 11 28 11
1623763200 28 11 28 11
1623762900 28 11 28 11
1623762600 28 11 28 11
1623762300 28 11 28 11
1623762000 28 11 28 11
1623761700 28 11 28 11
1623761400 28 11 28 11
1623761100 28 11 28 11
1623760800 28 11 28 11
1623760500 28 11 28 11
1623760200 28 11 28 11
1623759900 28 11 28 11
1623759600 28 11 28 11
1623759300 28 11 28 11
1623759000 28 11 28 11
1623758700 28 11 28 11
1623758400 28 11 28 11
1623758100 28 11 28 11
1623757800 28 11 28 11
1623757500 28 11 28 11
1623757200 28 11 28 11
1623756900 28 11 28 11
1623756600 28 11 28 11
1623756300 28 11 28 11
1623756000 28 11 28 11
1623755700 28 11 28 11
1623755400 28 11 28 11
1623755100 28 11 28 11
1623754800 28 11 28 11
1623754500 28 11 28 11
1623754200 28 11 28 11
1623753900 28 11 28 11
1623753600 28 11 28 11
1623753300 28 11 28 11
1623753000 28 11 28 11
1623752700 28 11 28 11
1623752400 28 11 28 11
1623752100 28 11 28 11
1623751800 28 11 28 11
1623751500 28 11 28 11
1623751200 28 11 28 11
1623750900 28 11 28 11
1623750600 28 11 28 11
1623750300 28 11 28 11
1623750000 28 11 28 11
1623749700 28 11 28 11
1623749400 28 11 28 11
1623749100 28 11 28 11
1623748800 28 11 28 11
1623748500 28 11 28 11
1623748200 28 11 28 11
1623747900 28 11 28 11
1623747600 28 11 28 11
1623747300 28 11 28 11
1623747000 28 11 28 11
1623746700 28 11 28 11
1623746400 28 11 28 11
1623746100 28 11 28 11
1623745800 28 11 28 11
1623745500 28 11 28 11
1623745200 28 11 28 11
1623744900 28 11 28 11
1623744600 28 11 28 11
1623744300 28 11 28 11
1623744000 28 11 28 11
1623743700 28 11 28 11
1623743400 28 11 28 11
1623743100 28 11 28 11
1623742800 28 11 28 11
1623742500 28 11 28 11
1623742200 28 11 28 11
1623741900 28 11 28 11
1623741600 28 11 28 11
1623741300 28 11 28 11
1623741000 28 11 28 11
1623740700 28 11 28 11
1623740400 28 11 28 11
1623740100 28 11 28 11
1623739800 28 11 28 11
1623739500 28 11 28 11
1623739200 28 11 28 11
1623738900 28 11 28 11
1623738600 28 11 28 11
1623738300 28 11 28 11
1623738000 28 11 28 11
1623737700 28 11 28 11
1623737400 28 11 28 11
1623737100 28 11 28 11
1623736800 28 11 28 11
1623736500 28 11 28 11
1623736200 28 11 28 11
1623735900 28 11 28 11
1623735600 28 11 28 11
1623735300 28 11 28 11
1623735000 28 11 28 11
1623734700 28 11 28 11
1623734400 28 11 28 11
1623734100 28 11 28 11
1623733800 28 11 28 11
1623733500 28 11 28 11
1623733200 28 11 28 11
1623732900 28 11 28 11
1623732600 28 11 28 11
1623732300 28 11 28 11
1623732000 28 11 28 11
1623731700 28 11 28 11
1623731400 28 11 28 11
1623731100 28 11 28 11
1623730800 28 11 28 11
1623730500 28 11 28 11
1623730200 28 11 28 11
1623729900 28 11 28 11
1623729600 28 11 28 11
1623729300 28 11 28 11
1623729000 28 11 28 11
1623728700 28 11 28 11
1623728400 28 11 28 11
1623728100 28 11 28 11
1623727800 28 11 28 11
1623727500 28 11 28 11
1623727200 28 11 28 11
1623726900 28 11 28 11
1623726600 28 11 28 11
1623726300 28 11 28 11
1623726000 28 11 28 11
1623725700 28 11 28 11
1623725400 28 11 28 11
1623725100 28 11 28 11
1623724800 28 11 28 11
1623724500 28 11 28 11
1623724200 28 11 28 11
1623723900 28 11 28 11
1623723600 28 11 28 11
1623723300 28 11 28 11
1623723000 28 11 28 11
1623722700 28 11 28 11
1623722400 28 11 28 11
1623722100 28 11 28 11
1623721800 28 11 28 11
1623721500 28 11 28 11
1623721200 28 11 28 11
1623720900 28 11 28 11
1623720600 28 11 28 11
1623720300 28 11 28 11
1623720000 28 11 28 11
1623719700 28 11 28 11
1623719400 28 11 28 11
1623719100 28 11 28 11
1623718800 28 11 28 11
1623718500 28 11 28 11
1623718200 28 11 28 11
1623717900 28 11 28 11
1623717600 28 11 28 11
1623717300 28 11 28 11
1623717000 28 11 28 11
1623716700 28 11 28 11
1623716400 28 11 28 11
1623716100 28 11 28 11
1623715800 28 11 28 11
1623715500 28 11 28 11
1623715200 28 11 28 11
1623714900 28 11 28 11
1623714600 28 11 28 11
1623714300 28 11 28 11
1623714000 28 11 28 11
1623713700 28 11 28 11
1623713400 28 11 28 11
1623713100 28 11 28 11
1623712800 28 11 28 11
1623712500 28 11 28 11
1623712200 28 11 28 11
1623711900 28 11 28 11
1623711600 28 11 28 11
1623711300 28 11 28 11
1623711000 28 11 28 11
1623710700 28 11 28 11
1623710400 28 11 28 11
1623710100 28 11 28 11
1623709800 28 11 28 11
1623709500 28 11 28 11
1623709200 28 11 28 11
1623708900 28 11 28 11
1623708600 28 11 28 11
1623708300 28 11 28 11
1623708000 28 11 28 11
1623707700 28 11 28 11
1623707400 28 11 28 11
1623707100 28 11 28 11
1623706800 28 11 28 11
1623706500 28 11 28 11
1623706200 28 11 28 11
1623705900 28 11 28 11
1623705600 28 11 28 11
1623705300 28 11 28 11
1623705000 28 11 28 11
1623704700 28 11 28 11
1623704400 28 11 28 11
1623704100 28 11 28 11
1623703800 28 11 28 11
1623703500 28 11 28 11
1623703200 28 11 28 11
1623702900 28 11 28 11
1623702600 28 11 28 11
1623702300 28 11 28 11
1623702000 28 11 28 11
1623701700 28 11 28 11
1623701400 28 11 28 11
1623701100 28 11 28 11
1623700800 28 11 28 11
1623700500 28 11 28 11
1623700200 28 11 28 11
1623699900 28 11 28 11
1623699000 28 11 28 11
1623697200 28 11 28 11
1623695400 28 11 28 11
1623693600 28 11 28 11
1623691800 28 11 28 11
1623690000 28 11 28 11
1623688200 28 11 28 11
1623686400 28 11 28 11
1623684600 28 11 28 11
1623682800 28 11 28 11
1623681000 28 11 28 11
1623679200 28 11 28 11
1623677400 28 11 28 11
1623675600 28 11 28 11
1623673800 28 11 28 11
1623672000 28 11 28 11
1623670200 28 11 28 11
1623668400 28 11 28 11
1623666600 28 11 28 11
1623664800 28 11 28 11
1623663000 28 11 28 11
1623661200 28 11 28 11
1623659400 28 11 28 11
1623657600 28 11 28 11
1623655800 28 11 28 11
1623654000 28 11 28 11
1623652200 28 11 28 11
1623650400 28 11 28 11
1623648600 28 11 28 11
1623646800 28 11 28 11
1623645000 28 11 28 11
1623643200 28 11 28 11
1623641400 28 11 28 11
1623639600 28 11 28 11
1623637800 28 11 28 11
1623636000 28 11 28 11
1623634200 28 11 28 11
1623632400 28 11 28 11
1623630600 28 11 28 11
1623628800 28 11 28 11
1623627000 28 11 28 11
1623625200 28 11 28 11
1623623400 28 11 28 11
1623621600 28 11 28 11
1623619800 28 11 28 11
1623618000 28 11 28 11
1623616200 28 11 28 11
1623614400 28 11 28 11
1623612600 28 11 28 11
1623610800 28 11 28 11
1623609000 28 11 28 11
1623607200 28 11 28 11
1623605400 28 11 28 11
1623603600 28 11 28 11
1623601800 28 11 28 11
1623600000 28 11 28 11
1623598200 28 11 28 11
1623596400 28 11 28 11
1623594600 28 11 28 11
1623592800 28 11 28 11
1623591000 28 11 28 11
1623589200 28 11 28 11
1623587400 28 11 28 11
1623585600 28 11 28 11
1623583800 28 11 28 11
1623582000 28 11 28 11
1623580200 28 11 28 11
1623578400 28 11 28 11
1623576600 28 11 28 11
1623574800 28 11 28 11
1623573000 28 11 28 11
1623571200 28 11 28 11
1623569400 28 11 28 11
1623567600 28 11 28 11
1623565800 28 11 28 11
1623564000 28 11 28 11
1623562200 28 11 28 11
1623560400 28 11 28 11
1623558600 28 11 28 11
1623556800 28 11 28 11
1623555000 28 11 28 11
1623553200 28 11 28 11
1623551400 28 11 28 11
1623549600 28 11 28 11
1623547800 28 11 28 11
1623546000 28 11 28 11
1623544200 28 11 28 11
1623542400 28 11 28 11
1623540600 28 11 28 11
1623538800 28 11 28 11
1623537000 28 11 28 11
1623535200 28 11 28 11
1623533400 28 11 28 11
1623531600 28 11 28 11
1623529800 28 11 28 11
1623528000 28 11 28 11
1623526200 28 11 28 11
1623524400 28 11 28 11
1623522600 28 11 28 11
1623520800 28 11 28 11
1623519000 28 11 28 11
1623517200 28 11 28 11
1623515400 28 11 28 11
1623513600 28 11 28 11
1623511800 28 11 28 11
1623510000 28 11 28 11
1623508200 28 11 28 11
1623506400 28 11 28 11
1623504600 28 11 28 11
1623502800 28 11 28 11
1623501000 28 11 28 11
1623499200 28 11 28 11
1623497400 28 11 28 11
1623495600 28 11 28 11
1623493800 28 11 28 11
1623492000 28 11 28 11
1623490200 28 11 28 11
1623488400 28 11 28 11
1623486600 28 11 28 11
1623484800 28 11 28 11
1623483000 28 11 28 11
1623481200 28 11 28 11
1623479400 28 11 28 11
1623477600 28 11 28 11
1623475800 28 11 28 11
1623474000 28 11 28 11
1623472200 28 11 28 11
1623470400 28 11 28 11
1623468600 28 11 28 11
1623466800 28 11 28 11
1623465000 28 11 28 11
1623463200 28 11 28 11
1623461400 28 11 28 11
1623459600 28 11 28 11
1623457800 28 11 28 11
1623456000 28 11 28 11
1623454200 28 11 28 11
1623452400 28 11 28 11
1623450600 28 11 28 11
1623448800 28 11 28 11
1623447000 28 11 28 11
1623445200 28 11 28 11
1623443400 28 11 28 11
1623441600 28 11 28 11
1623439800 28 11 28 11
1623438000 28 11 28 11
1623436200 28 11 28 11
1623434400 28 11 28 11
1623432600 28 11 28 11
1623430800 28 11 28 11
1623429000 28 11 28 11
1623427200 28 11 28 11
1623425400 28 11 28 11
1623423600 28 11 28 11
1623421800 28 11 28 11
1623420000 28 11 28 11
1623418200 28 11 28 11
1623416400 28 11 28 11
1623414600 28 11 28 11
1623412800 28 11 28 11
1623411000 28 11 28 11
1623409200 28 11 28 11
1623407400 28 11 28 11
1623405600 28 11 28 11
1623403800 28 11 28 11
1623402000 28 11 28 11
1623400200 28 11 28 11
1623398400 28 11 28 11
1623396600 28 11 28 11
1623394800 28 11 28 11
1623393000 28 11 28 11
1623391200 28 11 28 11
1623389400 28 11 28 11
1623387600 28 11 28 11
1623385800 28 11 28 11
1623384000 28 11 28 11
1623382200 28 11 28 11
1623380400 28 11 28 11
1623378600 28 11 28 11
1623376800 28 11 28 11
1623375000 28 11 28 11
1623373200 28 11 28 11
1623371400 28 11 28 11
1623369600 28 11 28 11
1623367800 28 11 28 11
1623366000 28 11 28 11
1623364200 28 11 28 11
1623362400 28 11 28 11
1623360600 28 11 28 11
1623358800 28 11 28 11
1623357000 28 11 28 11
1623355200 28 11 28 11
1623353400 28 11 28 11
1623351600 28 11 28 11
1623349800 28 11 28 11
1623348000 28 11 28 11
1623346200 28 11 28 11
1623344400 28 11 28 11
1623342600 28 11 28 11
1623340800 28 11 28 11
1623339000 28 11 28 11
1623337200 28 11 28 11
1623335400 28 11 28 11
1623333600 28 11 28 11
1623331800 28 11 28 11
1623330000 28 11 28 11
1623328200 28 11 28 11
1623326400 28 11 28 11
1623324600 28 11 28 11
1623322800 28 11 28 11
1623321000 28 11 28 11
1623319200 28 11 28 11
1623317400 28 11 28 11
1623315600 28 11 28 11
1623313800 28 11 28 11
1623312000 28 11 28 11
1623310200 28 11 28 11
1623308400 28 11 28 11
1623306600 28 11 28 11
1623304800 28 11 28 11
1623303000 28 11 28 11
1623301200 28 11 28 11
1623299400 28 11 28 11
1623297600 28 11 28 11
1623295800 28 11 28 11
1623294000 28 11 28 11
1623292200 28 11 28 11
1623290400 28 11 28 11
1623288600 28 11 28 11
1623286800 28 11 28 11
1623285000 28 11 28 11
1623283200 28 11 28 11
1623281400 28 11 28 11
1623279600 28 11 28 11
1623277800 28 11 28 11
1623276000 28 11 28 11
1623274200 28 11 28 11
1623272400 28 11 28 11
1623270600 28 11 28 11
1623268800 28 11 28 11
1623267000 28 11 28 11
1623265200 28 11 28 11
1623263400 28 11 28 11
1623261600 28 11 28 11
1623259800 28 11 28 11
1623258000 28 11 28 11
1623256200 28 11 28 11
1623254400 28 11 28 11
1623252600 28 11 28 11
1623250800 28 11 28 11
1623249000 28 11 28 11
1623247200 28 11 28 11
1623245400 28 11 28 11
1623243600 28 11 28 11
1623241800 28 11 28 11
1623240000 28 11 28 11
1623238200 28 11 28 11
1623236400 28 11 28 11
1623234600 28 11 28 11
1623232800 28 11 28 11
1623231000 28 11 28 11
1623229200 28 11 28 11
1623227400 28 11 28 11
1623225600 28 11 28 11
1623223800 28 11 28 11
1623222000 28 11 28 11
1623220200 28 11 28 11
1623218400 28 11 28 11
1623216600 28 11 28 11
1623214800 28 11 28 11
1623213000 28 11 28 11
1623211200 28 11 28 11
1623209400 28 11 28 11
1623207600 28 11 28 11
1623205800 28 11 28 11
1623204000 28 11 28 11
1623202200 28 11 28 11
1623200400 28 11 28 11
1623198600 28 11 28 11
1623196800 28 11 28 11
1623195000 28 11 28 11
1623193200 28 11 28 11
1623191400 28 11 28 11
1623189600 28 11 28 11
1623187800 28 11 28 11
1623186000 28 11 28 11
1623184200 28 11 28 11
1623182400 28 11 28 11
1623180600 28 11 28 11
1623178800 28 11 28 11
1623177000 28 11 28 11
1623175200 28 11 28 11
1623173400 28 11 28 11
1623171600 28 11 28 11
1623169800 28 11 28 11
1623168000 28 11 28 11
1623166200 28 11 28 11
1623164400 28 11 28 11
1623162600 28 11 28 11
1623160800 28 11 28 11
1623159000 28 11 28 11
1623157200 28 11 28 11
1623155400 28 11 28 11
1623153600 28 11 28 11
1623151800 28 11 28 11
1623150000 28 11 28 11
1623148200 28 11 28 11
1623146400 28 11 28 11
1623144600 28 11 28 11
1623142800 28 11 28 11
1623141000 28 11 28 11
1623139200 28 11 28 11
1623137400 28 11 28 11
1623135600 28 11 28 11
1623133800 28 11 28 11
1623132000 28 11 28 11
1623130200 28 11 28 11
1623128400 28 11 28 11
1623126600 28 11 28 11
1623124800 28 11 28 11
1623123000 28 11 28 11
1623121200 28 11 28 11
1623119400 28 11 28 11
1623117600 28 11 28 11
1623115800 28 11 28 11
1623114000 28 11 28 11
1623112200 28 11 28 11
1623110400 28 11 28 11
1623108600 28 11 28 11
1623106800 28 11 28 11
1623105000 28 11 28 11
1623103200 28 11 28 11
1623101400 28 11 28 11
1623099600 28 11 28 11
1623097800 28 11 28 11
1623096000 28 11 28 11
1623094200 28 11 28 11
1623092400 28 11 28 11
1623090600 28 11 28 11
1623088800 28 11 28 11
1623087000 28 11 28 11
1623085200 28 11 28 11
1623083400 28 11 28 11
1623081600 28 11 28 11
1623079800 28 11 28 11
1623078000 28 11 28 11
1623076200 28 11 28 11
1623074400 28 11 28 11
1623072600 28 11 28 11
1623070800 28 11 28 11
1623069000 28 11 28 11
1623067200 28 11 28 11
1623065400 28 11 28 11
1623063600 28 11 28 11
1623061800 28 11 28 11
1623060000 28 11 28 11
1623058200 28 11 28 11
1623056400 28 11 28 11
1623054600 28 11 28 11
1623052800 28 11 28 11
1623051000 28 11 28 11
1623049200 28 11 28 11
1623047400 28 11 28 11
1623045600 28 11 28 11
1623043800 28 11 28 11
1623042000 28 11 28 11
1623040200 28 11 28 11
1623038400 28 11 28 11
1623036600 28 11 28 11
1623034800 28 11 28 11
1623033000 28 11 28 11
1623031200 28 11 28 11
1623029400 28 11 28 11
1623027600 28 11 28 11
1623025800 28 11 28 11
1623024000 28 11 28 11
1623022200 28 11 28 11
1623020400 28 11 28 11
1623018600 28 11 28 11
1623016800 28 11 28 11
1623015000 28 11 28 11
1623013200 28 11 28 11
1623011400 28 11 28 11
1623009600 28 11 28 11
1623007800 28 11 28 11
1623006000 28 11 28 11
1623004200 28 11 28 11
1623002400 28 11 28 11
1623000600 28 11 28 11
1622998800 28 11 28 11
1622997000 28 11 28 11
1622995200 28 11 28 11
1622993400 28 11 28 11
1622991600 28 11 28 11
1622989800 28 11 28 11
1622988000 28 11 28 11
1622986200 28 11 28 11
1622984400 28 11 28 11
1622982600 28 11 28 11
1622980800 28 11 28 11
1622979000 28 11 28 11
1622977200 28 11 28 11
1622975400 28 11 28 11
1622973600 28 11 28 11
1622971800 28 11 28 11
1622970000 28 11 28 11
1622968200 28 11 28 11
1622966400 28 11 28 11
1622964600 28 11 28 11
1622962800 28 11 28 11
1622961000 28 11 28 11
1622959200 28 11 28 11
1622957400 28 11 28 11
1622955600 28 11 28 11
1622953800 28 11 28 11
1622952000 28 11 28 11
1622950200 28 11 28 11
1622948400 28 11 28 11
1622946600 28 11 28 11
1622944800 28 11 28 11
1622943000 28 11 28 11
1622941200 28 11 28 11
1622939400 28 11 28 11
1622937600 28 11 28 11
1622935800 28 11 28 11
1622934000 28 11 28 11
1622932200 28 11 28 11
1622930400 28 11 28 11
1622928600 28 11 28 11
1622926800 28 11 28 11
1622925000 28 11 28 11
1622923200 28 11 28 11
1622921400 28 11 28 11
1622919600 28 11 28 11
1622917800 28 11 28 11
1622916000 28 11 28 11
1622914200 28 11 28 11
1622912400 28 11 28 11
1622910600 28 11 28 11
1622908800 28 11 28 11
1622907000 28 11 28 11
1622905200 28 11 28 11
1622903400 28 11 28 11
1622901600 28 11 28 11
1622899800 28 11 28 11
1622898000 28 11 28 11
1622896200 28 11 28 11
1622894400 28 11 28 11
1622892600 28 11 28 11
1622890800 28 11 28 11
1622889000 28 11 28 11
1622887200 28 11 28 11
1622885400 28 11 28 11
1622883600 28 11 28 11
1622881800 28 11 28 11
1622880000 28 11 28 11
1622878200 28 11 28 11
1622876400 28 11 28 11
1622874600 28 11 28 11
1622872800 28 11 28 11
1622871000 28 11 28 11
1622869200 28 11 28 11
1622867400 28 11 28 11
1622865600 28 11 28 11
1622863800 28 11 28 11
1622862000 28 11 28 11
1622860200 28 11 28 11
1622858400 28 11 28 11
1622856600 28 11 28 11
1622854800 28 11 28 11
1622853000 28 11 28 11
1622851200 28 11 28 11
1622849400 28 11 28 11
1622847600 28 11 28 11
1622845800 28 11 28 11
1622844000 28 11 28 11
1622842200 28 11 28 11
1622840400 28 11 28 11
1622838600 28 11 28 11
1622836800 28 11 28 11
1622835000 28 11 28 11
1622833200 28 11 28 11
1622831400 28 11 28 11
1622829600 28 11 28 11
1622827800 28 11 28 11
1622826000 28 11 28 11
1622824200 28 11 28 11
1622822400 28 11 28 11
1622820600 28 11 28 11
1622818800 28 11 28 11
1622817000 28 11 28 11
1622815200 28 11 28 11
1622813400 28 11 28 11
1622811600 28 11 28 11
1622809800 28 11 28 11
1622808000 28 11 28 11
1622806200 28 11 28 11
1622804400 28 11 28 11
1622802600 28 11 28 11
1622800800 28 11 28 11
1622799000 28 11 28 11
1622797200 28 11 28 11
1622795400 28 11 28 11
1622793600 28 11 28 11
1622791800 28 11 28 11
1622790000 28 11 28 11
1622788200 28 11 28 11
1622786400 28 11 28 11
1622784600 28 11 28 11
1622782800 28 11 28 11
1622781000 28 11 28 11
1622779200 28 11 28 11
1622777400 28 11 28 11
1622775600 28 11 28 11
1622773800 28 11 28 11
1622772000 28 11 28 11
1622770200 28 11 28 11
1622768400 28 11 28 11
1622766600 28 11 28 11
1622764800 28 11 28 11
1622763000 28 11 28 11
1622761200 28 11 28 11
1622759400 28 11 28 11
1622757600 28 11 28 11
1622755800 28 11 28 11
1622754000 28 11 28 11
1622752200 28 11 28 11
1622750400 28 11 28 11
1622748600 28 11 28 11
1622746800 28 11 28 11
1622745000 28 11 28 11
1622743200 28 11 28 11
1622741400 28 11 28 11
1622739600 28 11 28 11
1622737800 28 11 28 11
1622736000 28 11 28 11
1622734200 28 11 28 11
1622732400 28 11 28 11
1622730600 28 11 28 11
1622728800 28 11 28 11
1622727000 28 11 28 11
1622725200 28 11 28 11
1622723400 28 11 28 11
1622721600 28 11 28 11
1622719800 28 11 28 11
1622718000 28 11 28 11
1622716200 28 11 28 11
1622714400 28 11 28 11
1622712600 28 11 28 11
1622710800 28 11 28 11
1622709000 28 11 28 11
1622707200 28 11 28 11
1622705400 28 11 28 11
1622703600 28 11 28 11
1622701800 28 11 28 11
1622700000 28 11 28 11
1622698200 28 11 28 11
1622696400 28 11 28 11
1622694600 28 11 28 11
1622692800 28 11 28 11
1622691000 28 11 28 11
1622689200 28 11 28 11
1622687400 28 11 28 11
1622685600 28 11 28 11
1622683800 28 11 28 11
1622682000 28 11 28 11
1622680200 28 11 28 11
1622678400 28 11 28 11
1622676600 28 11 28 11
1622674800 28 11 28 11
1622673000 28 11 28 11
1622671200 28 11 28 11
1622669400 28 11 28 11
1622667600 28 11 28 11
1622665800 28 11 28 11
1622664000 28 11 28 11
1622662200 28 11 28 11
1622660400 28 11 28 11
1622658600 28 11 28 11
1622656800 28 11 28 11
1622655000 28 11 28 11
1622653200 28 11 28 11
1622651400 28 11 28 11
1622649600 28 11 28 11
1622647800 28 11 28 11
1622646000 28 11 28 11
1622644200 28 11 28 11
1622642400 28 11 28 11
1622640600 28 11 28 11
1622638800 28 11 28 11
1622637000 28 11 28 11
1622635200 28 11 28 11
1622633400 28 11 28 11
1622631600 28 11 28 11
1622629800 28 11 28 11
1622628000 28 11 28 11
1622626200 28 11 28 11
1622624400 28 11 28 11
1622622600 28 11 28 11
1622620800 28 11 28 11
1622619000 28 11 28 11
1622613600 28 11 28 11
1622606400 28 11 28 11
1622599200 28 11 28 11
1622592000 28 11 28 11
1622584800 28 11 28 11
1622577600 28 11 28 11
1622570400 28 11 28 11
1622563200 28 11 28 11
1622556000 28 11 28 11
1622548800 28 11 28 11
1622541600 28 11 28 11
1622534400 28 11 28 11
1622527200 28 11 28 11
1622520000 28 11 28 11
1622512800 28 11 28 11
1622505600 28 11 28 11
1622498400 28 11 28 11
1622491200 28 11 28 11
1622484000 28 11 28 11
1622476800 28 11 28 11
1622469600 28 11 28 11
1622462400 28 11 28 11
1622455200 28 11 28 11
1622448000 28 11 28 11
1622440800 28 11 28 11
1622433600 28 11 28 11
1622426400 28 11 28 11
1622419200 28 11 28 11
1622412000 28 11 28 11
1622404800 28 11 28 11
1622397600 28 11 28 11
1622390400 28 11 28 11
1622383200 28 11 28 11
1622376000 28 11 28 11
1622368800 28 11 28 11
1622361600 28 11 28 11
1622354400 28 11 28 11
1622347200 28 11 28 11
1622340000 28 11 28 11
1622332800 28 11 28 11
1622325600 28 11 28 11
1622318400 28 11 28 11
1622311200 28 11 28 11
1622304000 28 11 28 11
1622296800 28 11 28 11
1622289600 28 11 28 11
1622282400 28 11 28 11
1622275200 28 11 28 11
1622268000 28 11 28 11
1622260800 28 11 28 11
1622253600 28 11 28 11
1622246400 28 11 28 11
1622239200 28 11 28 11
1622232000 28 11 28 11
1622224800 28 11 28 11
1622217600 28 11 28 11
1622210400 28 11 28 11
1622203200 28 11 28 11
1622196000 28 11 28 11
1622188800 28 11 28 11
1622181600 28 11 28 11
1622174400 28 11 28 11
1622167200 28 11 28 11
1622160000 28 11 28 11
1622152800 28 11 28 11
1622145600 28 11 28 11
1622138400 28 11 28 11
1622131200 28 11 28 11
1622124000 28 11 28 11
1622116800 28 11 28 11
1622109600 28 11 28 11
1622102400 28 11 28 11
1622095200 28 11 28 11
1622088000 28 11 28 11
1622080800 28 11 28 11
1622073600 28 11 28 11
1622066400 28 11 28 11
1622059200 28 11 28 11
1622052000 28 11 28 11
1622044800 28 11 28 11
1622037600 28 11 28 11
1622030400 28 11 28 11
1622023200 28 11 28 11
1622016000 28 11 28 11
1622008800 28 11 28 11
1622001600 28 11 28 11
1621994400 28 11 28 11
1621987200 28 11 28 11
1621980000 28 11 28 11
1621972800 28 11 28 11
1621965600 28 11 28 11
1621958400 28 11 28 11
1621951200 28 11 28 11
1621944000 28 11 28 11
1621936800 28 11 28 11
1621929600 28 11 28 11
1621922400 28 11 28 11
1621915200 28 11 28 11
1621908000 28 11 28 11
1621900800 28 11 28 11
1621893600 28 11 28 11
1621886400 28 11 28 11
1621879200 28 11 28 11
1621872000 28 11 28 11
1621864800 28 11 28 11
1621857600 28 11 28 11
1621850400 28 11 28 11
1621843200 28 11 28 11
1621836000 28 11 28 11
1621828800 28 11 28 11
1621821600 28 11 28 11
1621814400 28 11 28 11
1621807200 28 11 28 11
1621800000 28 11 28 11
1621792800 28 11 28 11
1621785600 28 11 28 11
1621778400 28 11 28 11
1621771200 28 11 28 11
1621764000 28 11 28 11
1621756800 28 11 28 11
1621749600 28 11 28 11
1621742400 28 11 28 11
1621735200 28 11 28 11
1621728000 28 11 28 11
1621720800 28 11 28 11
1621713600 28 11 28 11
1621706400 28 11 28 11
1621699200 28 11 28 11
1621692000 28 11 28 11
1621684800 28 11 28 11
1621677600 28 11 28 11
1621670400 28 11 28 11
1621663200 28 11 28 11
1621656000 28 11 28 11
1621648800 28 11 28 11
1621641600 28 11 28 11
1621634400 28 11 28 11
1621627200 28 11 28 11
1621620000 28 11 28 11
1621612800 28 11 28 11
1621605600 28 11 28 11
1621598400 28 11 28 11
1621591200 28 11 28 11
1621584000 28 11 28 11
1621576800 28 11 28 11
1621569600 28 11 28 11
1621562400 28 11 28 11
1621555200 28 11 28 11
1621548000 28 11 28 11
1621540800 28 11 28 11
1621533600 28 11 28 11
1621526400 28 11 28 11
1621519200 28 11 28 11
1621512000 28 11 28 11
1621504800 28 11 28 11
1621497600 28 11 28 11
1621490400 28 11 28 11
1621483200 28 11 28 11
1621476000 28 11 28 11
1621468800 28 11 28 11
1621461600 28 11 28 11
1621454400 28 11 28 11
1621447200 28 11 28 11
1621440000 28 11 28 11
1621432800 28 11 28 11
1621425600 28 11 28 11
1621418400 28 11 28 11
1621411200 28 11 28 11
1621404000 28 11 28 11
1621396800 28 11 28 11
1621389600 28 11 28 11
1621382400 28 11 28 11
1621375200 28 11 28 11
1621368000 28 11 28 11
1621360800 28 11 28 11
1621353600 28 11 28 11
1621346400 28 11 28 11
1621339200 28 11 28 11
1621332000 28 11 28 11
1621324800 28 11 28 11
1621317600 28 11 28 11
1621310400 28 11 28 11
1621303200 28 11 28 11
1621296000 28 11 28 11
1621288800 28 11 28 11
1621281600 28 11 28 11
1621274400 28 11 28 11
1621267200 28 11 28 11
1621260000 28 11 28 11
1621252800 28 11 28 11
1621245600 28 11 28 11
1621238400 28 11 28 11
1621231200 28 11 28 11
1621224000 28 11 28 11
1621216800 28 11 28 11
1621209600 28 11 28 11
1621202400 28 11 28 11
1621195200 28 11 28 11
1621188000 28 11 28 11
1621180800 28 11 28 11
1621173600 28 11 28 11
1621166400 28 11 28 11
1621159200 28 11 28 11
1621152000 28 11 28 11
1621144800 28 11 28 11
1621137600 28 11 28 11
1621130400 28 11 28 11
1621123200 28 11 28 11
1621116000 28 11 28 11
1621108800 28 11 28 11
1621101600 28 11 28 11
1621094400 28 11 28 11
1621087200 28 11 28 11
1621080000 28 11 28 11
1621072800 28 11 28 11
1621065600 28 11 28 11
1621058400 28 11 28 11
1621051200 28 11 28 11
1621044000 28 11 28 11
1621036800 28 11 28 11
1621029600 28 11 28 11
1621022400 28 11 28 11
1621015200 28 11 28 11
1621008000 28 11 28 11
1621000800 28 11 28 11
1620993600 28 11 28 11
1620986400 28 11 28 11
1620979200 28 11 28 11
1620972000 28 11 28 11
1620964800 28 11 28 11
1620957600 28 11 28 11
1620950400 28 11 28 11
1620943200 28 11 28 11
1620936000 28 11 28 11
1620928800 28 11 28 11
1620921600 28 11 28 11
1620914400 28 11 28 11
1620907200 28 11 28 11
1620900000 28 11 28 11
1620892800 28 11 28 11
1620885600 28 11 28 11
1620878400 28 11 28 11
1620871200 28 11 28 11
1620864000 28 11 28 11
1620856800 28 11 28 11
1620849600 28 11 28 11
1620842400 28 11 28 11
1620835200 28 11 28 11
1620828000 28 11 28 11
1620820800 28 11 28 11
1620813600 28 11 28 11
1620806400 28 11 28 11
1620799200 28 11 28 11
1620792000 28 11 28 11
1620784800 28 11 28 11
1620777600 28 11 28 11
1620770400 28 11 28 11
1620763200 28 11 28 11
1620756000 28 11 28 11
1620748800 28 11 28 11
1620741600 28 11 28 11
1620734400 28 11 28 11
1620727200 28 11 28 11
1620720000 28 11 28 11
1620712800 28 11 28 11
1620705600 28 11 28 11
1620698400 28 11 28 11
1620691200 28 11 28 11
1620684000 28 11 28 11
1620676800 28 11 28 11
1620669600 28 11 28 11
1620662400 28 11 28 11
1620655200 28 11 28 11
1620648000 28 11 28 11
1620640800 28 11 28 11
1620633600 28 11 28 11
1620626400 28 11 28 11
1620619200 28 11 28 11
1620612000 28 11 28 11
1620604800 28 11 28 11
1620597600 28 11 28 11
1620590400 28 11 28 11
1620583200 28 11 28 11
1620576000 28 11 28 11
1620568800 28 11 28 11
1620561600 28 11 28 11
1620554400 28 11 28 11
1620547200 28 11 28 11
1620540000 28 11 28 11
1620532800 28 11 28 11
1620525600 28 11 28 11
1620518400 28 11 28 11
1620511200 28 11 28 11
1620504000 28 11 28 11
1620496800 28 11 28 11
1620489600 28 11 28 11
1620482400 28 11 28 11
1620475200 28 11 28 11
1620468000 28 11 28 11
1620460800 28 11 28 11
1620453600 28 11 28 11
1620446400 28 11 28 11
1620439200 28 11 28 11
1620432000 28 11 28 11
1620424800 28 11 28 11
1620417600 28 11 28 11
1620410400 28 11 28 11
1620403200 28 11 28 11
1620396000 28 11 28 11
1620388800 28 11 28 11
1620381600 28 11 28 11
1620374400 28 11 28 11
1620367200 28 11 28 11
1620360000 28 11 28 11
1620352800 28 11 28 11
1620345600 28 11 28 11
1620338400 28 11 28 11
1620331200 28 11 28 11
1620324000 28 11 28 11
1620316800 28 11 28 11
1620309600 28 11 28 11
1620302400 28 11 28 11
1620295200 28 11 28 11
1620288000 28 11 28 11
1620280800 28 11 28 11
1620273600 28 11 28 11
1620266400 28 11 28 11
1620259200 28 11 28 11
1620252000 28 11 28 11
1620244800 28 11 28 11
1620237600 28 11 28 11
1620230400 28 11 28 11
1620223200 28 11 28 11
1620216000 28 11 28 11
1620208800 28 11 28 11
1620201600 28 11 28 11
1620194400 28 11 28 11
1620187200 28 11 28 11
1620180000 28 11 28 11
1620172800 28 11 28 11
1620165600 28 11 28 11
1620158400 28 11 28 11
1620151200 28 11 28 11
1620144000 28 11 28 11
1620136800 28 11 28 11
1620129600 28 11 28 11
1620122400 28 11 28 11
1620115200 28 11 28 11
1620108000 28 11 28 11
1620100800 28 11 28 11
1620093600 28 11 28 11
1620086400 28 11 28 11
1620079200 28 11 28 11
1620072000 28 11 28 11
1620064800 28 11 28 11
1620057600 28 11 28 11
1620050400 28 11 28 11
1620043200 28 11 28 11
1620036000 28 11 28 11
1620028800 28 11 28 11
1620021600 28 11 28 11
1620014400 28 11 28 11
1620007200 28 11 28 11
1620000000 28 11 28 11
1619992800 28 11 28 11
1619985600 28 11 28 11
1619978400 28 11 28 11
1619971200 28 11 28 11
1619964000 28 11 28 11
1619956800 28 11 28 11
1619949600 28 11 28 11
1619942400 28 11 28 11
1619935200 28 11 28 11
1619928000 28 11 28 11
1619920800 28 11 28 11
1619913600 28 11 28 11
1619906400 28 11 28 11
1619899200 28 11 28 11
1619892000 28 11 28 11
1619884800 28 11 28 11
1619877600 28 11 28 11
1619870400 28 11 28 11
1619863200 28 11 28 11
1619856000 28 11 28 11
1619848800 28 11 28 11
1619841600 28 11 28 11
1619834400 28 11 28 11
1619827200 28 11 28 11
1619820000 28 11 28 11
1619812800 28 11 28 11
1619805600 28 11 28 11
1619798400 28 11 28 11
1619791200 28 11 28 11
1619784000 28 11 28 11
1619776800 28 11 28 11
1619769600 28 11 28 11
1619762400 28 11 28 11
1619755200 28 11 28 11
1619748000 28 11 28 11
1619740800 28 11 28 11
1619733600 28 11 28 11
1619726400 28 11 28 11
1619719200 28 11 28 11
1619712000 28 11 28 11
1619704800 28 11 28 11
1619697600 28 11 28 11
1619690400 28 11 28 11
1619683200 28 11 28 11
1619676000 28 11 28 11
1619668800 28 11 28 11
1619661600 28 11 28 11
1619654400 28 11 28 11
1619647200 28 11 28 11
1619640000 28 11 28 11
1619632800 28 11 28 11
1619625600 28 11 28 11
1619618400 28 11 28 11
1619611200 28 11 28 11
1619604000 28 11 28 11
1619596800 28 11 28 11
1619589600 28 11 28 11
1619582400 28 11 28 11
1619575200 28 11 28 11
1619568000 28 11 28 11
1619560800 28 11 28 11
1619553600 28 11 28 11
1619546400 28 11 28 11
1619539200 28 11 28 11
1619532000 28 11 28 11
1619524800 28 11 28 11
1619517600 28 11 28 11
1619510400 28 11 28 11
1619503200 28 11 28 11
1619496000 28 11 28 11
1619488800 28 11 28 11
1619481600 28 11 28 11
1619474400 28 11 28 11
1619467200 28 11 28 11
1619460000 28 11 28 11
1619452800 28 11 28 11
1619445600 28 11 28 11
1619438400 28 11 28 11
1619431200 28 11 28 11
1619424000 28 11 28 11
1619416800 28 11 28 11
1619409600 28 11 28 11
1619402400 28 11 28 11
1619395200 28 11 28 11
1619388000 28 11 28 11
1619380800 28 11 28 11
1619373600 28 11 28 11
1619366400 28 11 28 11
1619359200 28 11 28 11
1619352000 28 11 28 11
1619344800 28 11 28 11
1619337600 28 11 28 11
1619330400 28 11 28 11
1619323200 28 11 28 11
1619316000 28 11 28 11
1619308800 28 11 28 11
1619301600 28 11 28 11
1619294400 28 11 28 11
1619287200 28 11 28 11
1619280000 28 11 28 11
1619272800 28 11 28 11
1619265600 28 11 28 11
1619258400 28 11 28 11
1619251200 28 11 28 11
1619244000 28 11 28 11
1619236800 28 11 28 11
1619229600 28 11 28 11
1619222400 28 11 28 11
1619215200 28 11 28 11
1619208000 28 11 28 11
1619200800 28 11 28 11
1619193600 28 11 28 11
1619186400 28 11 28 11
1619179200 28 11 28 11
1619172000 28 11 28 11
1619164800 28 11 28 11
1619157600 28 11 28 11
1619150400 28 11 28 11
1619143200 28 11 28 11
1619136000 28 11 28 11
1619128800 28 11 28 11
1619121600 28 11 28 11
1619114400 28 11 28 11
1619107200 28 11 28 11
1619100000 28 11 28 11
1619092800 28 11 28 11
1619085600 28 11 28 11
1619078400 28 11 28 11
1619071200 28 11 28 11
1619064000 28 11 28 11
1619056800 28 11 28 11
1619049600 28 11 28 11
1619042400 28 11 28 11
1619035200 28 11 28 11
1619028000 28 11 28 11
1619020800 28 11 28 11
1619013600 28 11 28 11
1619006400 28 11 28 11
1618999200 28 11 28 11
1618992000 28 11 28 11
1618984800 28 11 28 11
1618977600 28 11 28 11
1618970400 28 11 28 11
1618963200 28 11 28 11
1618956000 28 11 28 11
1618948800 28 11 28 11
1618941600 28 11 28 11
1618934400 28 11 28 11
1618927200 28 11 28 11
1618920000 28 11 28 11
1618912800 28 11 28 11
1618905600 28 11 28 11
1618898400 28 11 28 11
1618891200 28 11 28 11
1618884000 28 11 28 11
1618876800 28 11 28 11
1618869600 28 11 28 11
1618862400 28 11 28 11
1618855200 28 11 28 11
1618848000 28 11 28 11
1618840800 28 11 28 11
1618833600 28 11 28 11
1618826400 28 11 28 11
1618819200 28 11 28 11
1618812000 28 11 28 11
1618804800 28 11 28 11
1618797600 28 11 28 11
1618790400 28 11 28 11
1618783200 28 11 28 11
1618776000 28 11 28 11
1618768800 28 11 28 11
1618761600 28 11 28 11
1618754400 28 11 28 11
1618747200 28 11 28 11
1618740000 28 11 28 11
1618732800 28 11 28 11
1618725600 28 11 28 11
1618718400 28 11 28 11
1618711200 28 11 28 11
1618704000 28 11 28 11
1618696800 28 11 28 11
1618689600 28 11 28 11
1618682400 28 11 28 11
1618675200 28 11 28 11
1618668000 28 11 28 11
1618660800 28 11 28 11
1618653600 28 11 28 11
1618646400 28 11 28 11
1618639200 28 11 28 11
1618632000 28 11 28 11
1618624800 28 11 28 11
1618617600 28 11 28 11
1618610400 28 11 28 11
1618603200 28 11 28 11
1618596000 28 11 28 11
1618588800 28 11 28 11
1618581600 28 11 28 11
1618574400 28 11 28 11
1618567200 28 11 28 11
1618560000 28 11 28 11
1618552800 28 11 28 11
1618545600 28 11 28 11
1618538400 28 11 28 11
1618531200 28 11 28 11
1618524000 28 11 28 11
1618516800 28 11 28 11
1618509600 28 11 28 11
1618502400 28 11 28 11
1618495200 28 11 28 11
1618488000 28 11 28 11
1618480800 28 11 28 11
1618473600 28 11 28 11
1618466400 28 11 28 11
1618459200 28 11 28 11
1618452000 28 11 28 11
1618444800 28 11 28 11
1618437600 28 11 28 11
1618430400 28 11 28 11
1618423200 28 11 28 11
1618416000 28 11 28 11
1618408800 28 11 28 11
1618401600 28 11 28 11
1618394400 28 11 28 11
1618387200 28 11 28 11
1618380000 28 11 28 11
1618372800 28 11 28 11
1618365600 28 11 28 11
1618358400 28 11 28 11
1618351200 28 11 28 11
1618344000 28 11 28 11
1618336800 28 11 28 11
1618329600 28 11 28 11
1618322400 28 11 28 11
1618315200 28 11 28 11
1618308000 28 11 28 11
1618300800 28 11 28 11
1618293600 28 11 28 11
1618272000 28 11 28 11
1618185600 28 11 28 11
1618099200 28 11 28 11
1618012800 28 11 28 11
1617926400 28 11 28 11
1617840000 28 11 28 11
1617753600 28 11 28 11
1617667200 28 11 28 11
1617580800 28 11 28 11
1617494400 28 11 28 11
1617408000 28 11 28 11
1617321600 28 11 28 11
1617235200 28 11 28 11
1617148800 28 11 28 11
1617062400 28 11 28 11
1616976000 28 11 28 11
1616889600 28 11 28 11
1616803200 28 11 28 11
1616716800 28 11 28 11
1616630400 28 11 28 11
1616544000 28 11 28 11
1616457600 28 11 28 11
1616371200 28 11 28 11
1616284800 28 11 28 11
1616198400 28 11 28 11
1616112000 28 11 28 11
1616025600 28 11 28 11
1615939200 28 11 28 11
1615852800 28 11 28 11
1615766400 28 11 28 11
1615680000 28 11 28 11
1615593600 28 11 28 11
1615507200 28 11 28 11
1615420800 28 11 28 11
1615334400 28 11 28 11
1615248000 28 11 28 11
1615161600 28 11 28 11
1615075200 28 11 28 11
1614988800 28 11 28 11
1614902400 28 11 28 11
1614816000 28 11 28 11
1614729600 28 11 28 11
1614643200 28 11 28 11
1614556800 28 11 28 11
1614470400 28 11 28 11
1614384000 28 11 28 11
1614297600 28 11 28 11
1614211200 28 11 28 11
1614124800 28 11 28 11
1614038400 28 11 28 11
1613952000 28 11 28 11
1613865600 28 11 28 11
1613779200 28 11 28 11
1613692800 28 11 28 11
1613606400 28 11 28 11
1613520000 28 11 28 11
1613433600 28 11 28 11
1613347200 28 11 28 11
1613260800 28 11 28 11
1613174400 28 11 28 11
1613088000 28 11 28 11
1613001600 28 11 28 11
1612915200 28 11 28 11
1612828800 28 11 28 11
1612742400 28 11 28 11
1612656000 28 11 28 11
1612569600 28 11 28 11
1612483200 28 11 28 11
1612396800 28 11 28 11
1612310400 28 11 28 11
1612224000 28 11 28 11
1612137600 28 11 28 11
1612051200 28 11 28 11
1611964800 28 11 28 11
1611878400 28 11 28 11
1611792000 28 11 28 11
1611705600 28 11 28 11
1611619200 28 11 28 11
1611532800 28 11 28 11
1611446400 28 11 28 11
1611360000 28 11 28 11
1611273600 28 11 28 11
1611187200 28 11 28 11
1611100800 28 11 28 11
1611014400 28 11 28 11
1610928000 28 11 28 11
1610841600 28 11 28 11
1610755200 28 11 28 11
1610668800 28 11 28 11
1610582400 28 11 28 11
1610496000 28 11 28 11
1610409600 28 11 28 11
1610323200 24 9 29 11
1610236800 0 0 0 0
1610150400 0 0 0 0
1610064000 0 0 0 0
1609977600 0 0 0 0
1609891200 0 0 0 0
1609804800 0 0 0 0
1609718400 0 0 0 0
1609632000 0 0 0 0
1609545600 0 0 0 0
1609459200 0 0 0 0
1609372800 0 0 0 0
1609286400 0 0 0 0
1609200000 0 0 0 0
1609113600 0 0 0 0
1609027200 0 0 0 0
1608940800 0 0 0 0
1608854400 0 0 0 0
1608768000 0 0 0 0
1608681600 0 0 0 0
1608595200 0 0 0 0
1608508800 0 0 0 0
1608422400 0 0 0 0
1608336000 0 0 0 0
1608249600 0 0 0 0
1608163200 0 0 0 0
1608076800 0 0 0 0
1607990400 0 0 0 0
1607904000 0 0 0 0
1607817600 0 0 0 0
1607731200 0 0 0 0
1607644800 0 0 0 0
1607558400 0 0 0 0
1607472000 0 0 0 0
1607385600 0 0 0 0
1607299200 0 0 0 0
1607212800 0 0 0 0
1607126400 0 0 0 0
1607040000 0 0 0 0
1606953600 0 0 0 0
1606867200 0 0 0 0
1606780800 0 0 0 0
1606694400 0 0 0 0
1606608000 0 0 0 0
1606521600 0 0 0 0
1606435200 0 0 0 0
1606348800 0 0 0 0
1606262400 0 0 0 0
1606176000 0 0 0 0
1606089600 0 0 0 0
1606003200 0 0 0 0
1605916800 0 0 0 0
1605830400 0 0 0 0
1605744000 0 0 0 0
1605657600 0 0 0 0
1605571200 0 0 0 0
1605484800 0 0 0 0
1605398400 0 0 0 0
1605312000 0 0 0 0
1605225600 0 0 0 0
1605139200 0 0 0 0
1605052800 0 0 0 0
1604966400 0 0 0 0
1604880000 0 0 0 0
1604793600 0 0 0 0
1604707200 0 0 0 0
1604620800 0 0 0 0
1604534400 0 0 0 0
1604448000 0 0 0 0
1604361600 0 0 0 0
1604275200 0 0 0 0
1604188800 0 0 0 0
1604102400 0 0 0 0
1604016000 0 0 0 0
1603929600 0 0 0 0
1603843200 0 0 0 0
1603756800 0 0 0 0
1603670400 0 0 0 0
1603584000 0 0 0 0
1603497600 0 0 0 0
1603411200 0 0 0 0
1603324800 0 0 0 0
1603238400 0 0 0 0
1603152000 0 0 0 0
1603065600 0 0 0 0
1602979200 0 0 0 0
1602892800 0 0 0 0
1602806400 0 0 0 0
1602720000 0 0 0 0
1602633600 0 0 0 0
1602547200 0 0 0 0
1602460800 0 0 0 0
1602374400 0 0 0 0
1602288000 0 0 0 0
1602201600 0 0 0 0
1602115200 0 0 0 0
1602028800 0 0 0 0
1601942400 0 0 0 0
1601856000 0 0 0 0
1601769600 0 0 0 0
1601683200 0 0 0 0
1601596800 0 0 0 0
1601510400 0 0 0 0
1601424000 0 0 0 0
1601337600 0 0 0 0
1601251200 0 0 0 0
1601164800 0 0 0 0
1601078400 0 0 0 0
1600992000 0 0 0 0
1600905600 0 0 0 0
1600819200 0 0 0 0
1600732800 0 0 0 0
1600646400 0 0 0 0
1600560000 0 0 0 0
1600473600 0 0 0 0
1600387200 0 0 0 0
1600300800 0 0 0 0
1600214400 0 0 0 0
1600128000 0 0 0 0
1600041600 0 0 0 0
1599955200 0 0 0 0
1599868800 0 0 0 0
1599782400 0 0 0 0
1599696000 0 0 0 0
1599609600 0 0 0 0
1599523200 0 0 0 0
1599436800 0 0 0 0
1599350400 0 0 0 0
1599264000 0 0 0 0
1599177600 0 0 0 0
1599091200 0 0 0 0
1599004800 0 0 0 0
1598918400 0 0 0 0
1598832000 0 0 0 0
1598745600 0 0 0 0
1598659200 0 0 0 0
1598572800 0 0 0 0
1598486400 0 0 0 0
1598400000 0 0 0 0
1598313600 0 0 0 0
1598227200 0 0 0 0
1598140800 0 0 0 0
1598054400 0 0 0 0
1597968000 0 0 0 0
1597881600 0 0 0 0
1597795200 0 0 0 0
1597708800 0 0 0 0
1597622400 0 0 0 0
1597536000 0 0 0 0
1597449600 0 0 0 0
1597363200 0 0 0 0
1597276800 0 0 0 0
1597190400 0 0 0 0
1597104000 0 0 0 0
1597017600 0 0 0 0
1596931200 0 0 0 0
1596844800 0 0 0 0
1596758400 0 0 0 0
1596672000 0 0 0 0
1596585600 0 0 0 0
1596499200 0 0 0 0
1596412800 0 0 0 0
1596326400 0 0 0 0
1596240000 0 0 0 0
1596153600 0 0 0 0
1596067200 0 0 0 0
1595980800 0 0 0 0
1595894400 0 0 0 0
1595808000 0 0 0 0
1595721600 0 0 0 0
1595635200 0 0 0 0
1595548800 0 0 0 0
1595462400 0 0 0 0
1595376000 0 0 0 0
1595289600 0 0 0 0
1595203200 0 0 0 0
1595116800 0 0 0 0
1595030400 0 0 0 0
1594944000 0 0 0 0
1594857600 0 0 0 0
1594771200 0 0 0 0
1594684800 0 0 0 0
1594598400 0 0 0 0
1594512000 0 0 0 0
1594425600 0 0 0 0
1594339200 0 0 0 0
1594252800 0 0 0 0
1594166400 0 0 0 0
1594080000 0 0 0 0
1593993600 0 0 0 0
1593907200 0 0 0 0
1593820800 0 0 0 0
1593734400 0 0 0 0
1593648000 0 0 0 0
1593561600 0 0 0 0
1593475200 0 0 0 0
1593388800 0 0 0 0
1593302400 0 0 0 0
1593216000 0 0 0 0
1593129600 0 0 0 0
1593043200 0 0 0 0
1592956800 0 0 0 0
1592870400 0 0 0 0
1592784000 0 0 0 0
1592697600 0 0 0 0
1592611200 0 0 0 0
1592524800 0 0 0 0
1592438400 0 0 0 0
1592352000 0 0 0 0
1592265600 0 0 0 0
1592179200 0 0 0 0
1592092800 0 0 0 0
1592006400 0 0 0 0
1591920000 0 0 0 0
1591833600 0 0 0 0
1591747200 0 0 0 0
1591660800 0 0 0 0
1591574400 0 0 0 0
1591488000 0 0 0 0
1591401600 0 0 0 0
1591315200 0 0 0 0
1591228800 0 0 0 0
1591142400 0 0 0 0
1591056000 0 0 0 0
1590969600 0 0 0 0
1590883200 0 0 0 0
1590796800 0 0 0 0
1590710400 0 0 0 0
1590624000 0 0 0 0
1590537600 0 0 0 0
1590451200 0 0 0 0
1590364800 0 0 0 0
1590278400 0 0 0 0
1590192000 0 0 0 0
1590105600 0 0 0 0
1590019200 0 0 0 0
1589932800 0 0 0 0
1589846400 0 0 0 0
1589760000 0 0 0 0
1589673600 0 0 0 0
1589587200 0 0 0 0
1589500800 0 0 0 0
1589414400 0 0 0 0
1589328000 0 0 0 0
1589241600 0 0 0 0
1589155200 0 0 0 0
1589068800 0 0 0 0
1588982400 0 0 0 0
1588896000 0 0 0 0
1588809600 0 0 0 0
1588723200 0 0 0 0
1588636800 0 0 0 0
1588550400 0 0 0 0
1588464000 0 0 0 0
1588377600 0 0 0 0
1588291200 0 0 0 0
1588204800 0 0 0 0
1588118400 0 0 0 0
1588032000 0 0 0 0
1587945600 0 0 0 0
1587859200 0 0 0 0
1587772800 0 0 0 0
1587686400 0 0 0 0
1587600000 0 0 0 0
1587513600 0 0 0 0
1587427200 0 0 0 0
1587340800 0 0 0 0
1587254400 0 0 0 0
1587168000 0 0 0 0
1587081600 0 0 0 0
1586995200 0 0 0 0
1586908800 0 0 0 0
1586822400 0 0 0 0
1586736000 0 0 0 0
1586649600 0 0 0 0
1586563200 0 0 0 0
1586476800 0 0 0 0
1586390400 0 0 0 0
1586304000 0 0 0 0
1586217600 0 0 0 0
1586131200 0 0 0 0
1586044800 0 0 0 0
1585958400 0 0 0 0
1585872000 0 0 0 0
1585785600 0 0 0 0
1585699200 0 0 0 0
1585612800 0 0 0 0
1585526400 0 0 0 0
1585440000 0 0 0 0
1585353600 0 0 0 0
1585267200 0 0 0 0
1585180800 0 0 0 0
1585094400 0 0 0 0
1585008000 0 0 0 0
1584921600 0 0 0 0
1584835200 0 0 0 0
1584748800 0 0 0 0
1584662400 0 0 0 0
1584576000 0 0 0 0
1584489600 0 0 0 0
1584403200 0 0 0 0
1584316800 0 0 0 0
1584230400 0 0 0 0
1584144000 0 0 0 0
1584057600 0 0 0 0
1583971200 0 0 0 0
1583884800 0 0 0 0
1583798400 0 0 0 0
1583712000 0 0 0 0
1583625600 0 0 0 0
1583539200 0 0 0 0
1583452800 0 0 0 0
1583366400 0 0 0 0
1583280000 0 0 0 0
1583193600 0 0 0 0
1583107200 0 0 0 0
1583020800 0 0 0 0
1582934400 0 0 0 0
1582848000 0 0 0 0
1582761600 0 0 0 0
1582675200 0 0 0 0
1582588800 0 0 0 0
1582502400 0 0 0 0
1582416000 0 0 0 0
1582329600 0 0 0 0
1582243200 0 0 0 0
1582156800 0 0 0 0
1582070400 0 0 0 0
1581984000 0 0 0 0
1581897600 0 0 0 0
1581811200 0 0 0 0
1581724800 0 0 0 0
1581638400 0 0 0 0
1581552000 0 0 0 0
1581465600 0 0 0 0
1581379200 0 0 0 0
1581292800 0 0 0 0
1581206400 0 0 0 0
1581120000 0 0 0 0
1581033600 0 0 0 0
1580947200 0 0 0 0
1580860800 0 0 0 0
1580774400 0 0 0 0
1580688000 0 0 0 0
1580601600 0 0 0 0
1580515200 0 0 0 0
1580428800 0 0 0 0
1580342400 0 0 0 0
1580256000 0 0 0 0
1580169600 0 0 0 0
1580083200 0 0 0 0
1579996800 0 0 0 0
1579910400 0 0 0 0
1579824000 0 0 0 0
1579737600 0 0 0 0
1579651200 0 0 0 0
1579564800 0 0 0 0
1579478400 0 0 0 0
1579392000 0 0 0 0
1579305600 0 0 0 0
1579219200 0 0 0 0
1579132800 0 0 0 0
1579046400 0 0 0 0
1578960000 0 0 0 0
1578873600 0 0 0 0
1578787200 0 0 0 0
1578700800 0 0 0 0
1578614400 0 0 0 0
1578528000 0 0 0 0
1578441600 0 0 0 0
1578355200 0 0 0 0
1578268800 0 0 0 0
1578182400 0 0 0 0
1578096000 0 0 0 0
1578009600 0 0 0 0
1577923200 0 0 0 0
1577836800 0 0 0 0
1577750400 0 0 0 0
1577664000 0 0 0 0
1577577600 0 0 0 0
1577491200 0 0 0 0
1577404800 0 0 0 0
1577318400 0 0 0 0
1577232000 0 0 0 0
1577145600 0 0 0 0
1577059200 0 0 0 0
1576972800 0 0 0 0
1576886400 0 0 0 0
1576800000 0 0 0 0
1576713600 0 0 0 0
1576627200 0 0 0 0
1576540800 0 0 0 0
1576454400 0 0 0 0
1576368000 0 0 0 0
1576281600 0 0 0 0
1576195200 0 0 0 0
1576108800 0 0 0 0
1576022400 0 0 0 0
1575936000 0 0 0 0
1575849600 0 0 0 0
1575763200 0 0 0 0
1575676800 0 0 0 0
1575590400 0 0 0 0
1575504000 0 0 0 0
1575417600 0 0 0 0
1575331200 0 0 0 0
1575244800 0 0 0 0
1575158400 0 0 0 0
1575072000 0 0 0 0
1574985600 0 0 0 0
1574899200 0 0 0 0
1574812800 0 0 0 0
1574726400 0 0 0 0
1574640000 0 0 0 0
1574553600 0 0 0 0
1574467200 0 0 0 0
1574380800 0 0 0 0
1574294400 0 0 0 0
1574208000 0 0 0 0
1574121600 0 0 0 0
1574035200 0 0 0 0
1573948800 0 0 0 0
1573862400 0 0 0 0
1573776000 0 0 0 0
1573689600 0 0 0 0
1573603200 0 0 0 0
1573516800 0 0 0 0
1573430400 0 0 0 0
1573344000 0 0 0 0
1573257600 0 0 0 0
1573171200 0 0 0 0
1573084800 0 0 0 0
1572998400 0 0 0 0
1572912000 0 0 0 0
1572825600 0 0 0 0
1572739200 0 0 0 0
1572652800 0 0 0 0
1572566400 0 0 0 0
1572480000 0 0 0 0
1572393600 0 0 0 0
1572307200 0 0 0 0
1572220800 0 0 0 0
1572134400 0 0 0 0
1572048000 0 0 0 0
1571961600 0 0 0 0
1571875200 0 0 0 0
1571788800 0 0 0 0
1571702400 0 0 0 0
1571616000 0 0 0 0
1571529600 0 0 0 0
1571443200 0 0 0 0
1571356800 0 0 0 0
1571270400 0 0 0 0
1571184000 0 0 0 0
1571097600 0 0 0 0
1571011200 0 0 0 0
1570924800 0 0 0 0
1570838400 0 0 0 0
1570752000 0 0 0 0
1570665600 0 0 0 0
1570579200 0 0 0 0
1570492800 0 0 0 0
1570406400 0 0 0 0
1570320000 0 0 0 0
1570233600 0 0 0 0
1570147200 0 0 0 0
1570060800 0 0 0 0
1569974400 0 0 0 0
1569888000 0 0 0 0
1569801600 0 0 0 0
1569715200 0 0 0 0
1569628800 0 0 0 0
1569542400 0 0 0 0
1569456000 0 0 0 0
1569369600 0 0 0 0
1569283200 0 0 0 0
1569196800 0 0 0 0
1569110400 0 0 0 0
1569024000 0 0 0 0
1568937600 0 0 0 0
1568851200 0 0 0 0
1568764800 0 0 0 0
1568678400 0 0 0 0
1568592000 0 0 0 0
1568505600 0 0 0 0
1568419200 0 0 0 0
1568332800 0 0 0 0
1568246400 0 0 0 0
1568160000 0 0 0 0
1568073600 0 0 0 0
1567987200 0 0 0 0
1567900800 0 0 0 0
1567814400 0 0 0 0
1567728000 0 0 0 0
1567641600 0 0 0 0
1567555200 0 0 0 0
1567468800 0 0 0 0
1567382400 0 0 0 0
1567296000 0 0 0 0
1567209600 0 0 0 0
1567123200 0 0 0 0
1567036800 0 0 0 0
1566950400 0 0 0 0
1566864000 0 0 0 0
1566777600 0 0 0 0
1566691200 0 0 0 0
1566604800 0 0 0 0
1566518400 0 0 0 0
1566432000 0 0 0 0
1566345600 0 0 0 0
1566259200 0 0 0 0
1566172800 0 0 0 0
1566086400 0 0 0 0
1566000000 0 0 0 0
1565913600 0 0 0 0
1565827200 0 0 0 0
1565740800 0 0 0 0
1565654400 0 0 0 0
1565568000 0 0 0 0
1565481600 0 0 0 0
1565395200 0 0 0 0
1565308800 0 0 0 0
1565222400 0 0 0 0
1565136000 0 0 0 0
1565049600 0 0 0 0
1564963200 0 0 0 0
1564876800 0 0 0 0
1564790400 0 0 0 0
1564704000 0 0 0 0
1564617600 0 0 0 0
1564531200 0 0 0 0
1564444800 0 0 0 0
1564358400 0 0 0 0
1564272000 0 0 0 0
1564185600 0 0 0 0
1564099200 0 0 0 0
1564012800 0 0 0 0
1563926400 0 0 0 0
1563840000 0 0 0 0
1563753600 0 0 0 0
1563667200 0 0 0 0
1563580800 0 0 0 0
1563494400 0 0 0 0
1563408000 0 0 0 0
1563321600 0 0 0 0
1563235200 0 0 0 0
1563148800 0 0 0 0
1563062400 0 0 0 0
1562976000 0 0 0 0
1562889600 0 0 0 0
1562803200 0 0 0 0
1562716800 0 0 0 0
1562630400 0 0 0 0
1562544000 0 0 0 0
1562457600 0 0 0 0
1562371200 0 0 0 0
1562284800 0 0 0 0
1562198400 0 0 0 0
1562112000 0 0 0 0
1562025600 0 0 0 0
1561939200 0 0 0 0
1561852800 0 0 0 0
1561766400 0 0 0 0
1561680000 0 0 0 0
1561593600 0 0 0 0
1561507200 0 0 0 0
1561420800 0 0 0 0
1561334400 0 0 0 0
1561248000 0 0 0 0
1561161600 0 0 0 0
1561075200 0 0 0 0
1560988800 0 0 0 0
1560902400 0 0 0 0
1560816000 0 0 0 0
1560729600 0 0 0 0
1560643200 0 0 0 0
1560556800 0 0 0 0
1560470400 0 0 0 0
1560384000 0 0 0 0
1560297600 0 0 0 0
1560211200 0 0 0 0
1560124800 0 0 0 0
1560038400 0 0 0 0
1559952000 0 0 0 0
1559865600 0 0 0 0
1559779200 0 0 0 0
1559692800 0 0 0 0
1559606400 0 0 0 0
1559520000 0 0 0 0
1559433600 0 0 0 0
1559347200 0 0 0 0
1559260800 0 0 0 0
1559174400 0 0 0 0
1559088000 0 0 0 0
1559001600 0 0 0 0
1558915200 0 0 0 0
1558828800 0 0 0 0
1558742400 0 0 0 0
1558656000 0 0 0 0
1558569600 0 0 0 0
1558483200 0 0 0 0
1558396800 0 0 0 0
1558310400 0 0 0 0
1558224000 0 0 0 0
1558137600 0 0 0 0
1558051200 0 0 0 0
1557964800 0 0 0 0
1557878400 0 0 0 0
1557792000 0 0 0 0
1557705600 0 0 0 0
1557619200 0 0 0 0
1557532800 0 0 0 0
1557446400 0 0 0 0
1557360000 0 0 0 0
1557273600 0 0 0 0
1557187200 0 0 0 0
1557100800 0 0 0 0
1557014400 0 0 0 0
1556928000 0 0 0 0
1556841600 0 0 0 0
1556755200 0 0 0 0
1556668800 0 0 0 0
1556582400 0 0 0 0
1556496000 0 0 0 0
1556409600 0 0 0 0
1556323200 0 0 0 0
1556236800 0 0 0 0
1556150400 0 0 0 0
1556064000 0 0 0 0
1555977600 0 0 0 0
1555891200 0 0 0 0
1555804800 0 0 0 0
1555718400 0 0 0 0
1555632000 0 0 0 0
1555545600 0 0 0 0
1555459200 0 0 0 0
1555372800 0 0 0 0
1555286400 0 0 0 0
1555200000 0 0 0 0
1555113600 0 0 0 0
