1623879901 3633795877 1930965031
1623879901 102 93 102 93
1623879601 93 92 93 92
1623879600 93 91 109 92
1623879300 109 88 139 127
1623879000 138 126 139 127
1623878700 113 106 240 190
1623878400 238 189 240 190
1623878100 62 79 72 84
1623877800 71 83 72 84
1623877500 54 76 113 108
1623877200 113 108 117 117
1623876900 116 116 117 117
1623876600 61 70 101 107
1623876300 100 106 101 107
1623876000 84 94 85 95
1623875700 57 75 79 79
1623875400 79 79 95 96
1623875100 94 95 95 96
1623874800 83 79 191 144
1623874500 190 143 191 144
1623874200 96 83 288 239
1623873900 287 238 288 239
1623873600 87 94 573 118
1623873300 580 118 2906 230
1623873000 2904 229 2906 230
1623872700 2461 199 2467 200
1623872400 706 98 1878 162
1623872100 1883 162 2718 220
1623871800 2715 219 2718 220
1623871500 2298 203 2303 204
1623871200 1607 152 1610 153
1623870900 915 105 1097 145
1623870600 1100 145 2283 216
1623870300 2275 215 2283 216
1623870000 116 90 117 91
1623869700 58 73 59 74
1623869400 32 51 33 52
1623869100 20 49 28 51
1623868800 27 50 28 51
1623868500 20 49 20 50
1623868200 20 47 29 54
1623867900 28 53 29 54
1623867600 21 46 22 49
1623867300 21 49 30 51
1623867000 29 50 30 51
1623866700 19 48 76 82
1623866400 75 82 76 123
1623866100 68 140 237 5496
1623865800 236 5482 237 5496
1623865500 67 1329 221 4830
1623865200 221 4837 331 7147
1623864900 330 7139 331 7147
1623864600 310 4780 312 4804
1623864300 108 1308 339 2620
1623864000 338 2604 339 2620
1623863700 228 409 520 10205
1623863400 520 10227 615 13633
1623863100 611 13543 615 13633
1623862800 114 182 326 318
1623862500 325 317 326 318
1623862200 179 175 180 176
1623861900 96 109 97 110
1623861600 94 92 153 146
1623861300 153 146 206 169
1623861000 204 168 206 169
1623860700 34 61 35 62
1623860400 31 52 62 77
1623860100 61 76 62 77
1623859800 27 50 32 54
1623859500 32 54 48 67
1623859200 48 67 69 85
1623858900 69 84 70 85
1623858600 69 81 70 82
1623858300 38 57 39 58
1623858000 21 49 21 50
1623857700 21 50 71 67
1623857400 71 67 130 103
1623857100 130 103 169 118
1623856800 168 117 169 118
1623856500 112 106 294 178
1623856200 292 177 294 178
1623855900 51 74 52 75
1623855600 24 49 42 69
1623855300 41 68 42 69
1623855000 31 54 32 55
1623854700 24 49 25 50
1623854400 20 45 29 53
1623854100 28 52 29 53
1623853800 20 48 22 49
1623853500 22 46 29 51
1623853200 28 51 29 57
1623852900 27 56 28 57
1623852600 20 46 20 47
1623852300 20 47 30 51
1623852000 29 51 30 56
1623851700 26 55 27 56
1623851400 19 46 61 72
1623851100 61 72 68 76
1623850800 68 76 98 78
1623850500 98 78 163 108
1623850200 162 107 163 108
1623849900 81 104 99 113
1623849600 98 112 99 113
1623849300 54 74 55 78
1623849000 53 77 57 78
1623848700 56 76 57 77
1623848400 49 65 50 72
1623848100 47 71 48 72
1623847800 47 63 163 177
1623847500 162 176 163 177
1623847200 78 102 84 102
1623846900 209 107 18892 888
1623846600 18766 882 18892 888
1623846300 87 93 88 94
1623846000 29 54 36 61
1623845700 35 60 36 61
1623845400 20 46 28 52
1623845100 28 51 28 52
1623844800 27 51 28 57
1623844500 27 56 30 57
1623844200 29 50 30 53
1623843900 28 52 29 53
1623843600 20 48 28 51
1623843300 28 51 76 95
1623843000 75 94 76 95
1623842700 66 80 98 93
1623842400 97 92 98 93
1623842100 50 58 103 119
1623841800 103 119 169 151
1623841500 168 151 169 159
1623841200 147 158 148 159
1623840900 56 72 137 143
1623840600 136 142 137 143
1623840300 26 50 32 54
1623840000 32 54 50 67
1623839700 49 66 50 67
1623839400 30 52 41 61
1623839100 41 61 117 78
1623838800 117 78 177 130
1623838500 176 129 177 130
1623838200 193 117 18973 887
1623837900 18910 884 18973 887
1623837600 204 124 205 125
1623837300 120 66 121 67
1623837000 177 61 19038 891
1623836700 18911 885 19038 891
1623836400 43 65 44 66
1623836100 28 50 29 51
1623835800 27 50 28 51
1623835500 20 46 28 50
1623835200 28 50 36 61
1623834900 35 60 36 61
1623834600 20 46 29 52
1623834300 29 52 93 72
1623834000 92 71 93 72
1623833700 87 57 88 68
1623833400 61 67 62 68
1623833100 33 54 34 55
1623832800 19 47 52 70
1623832500 53 70 270 172
1623832200 269 171 270 172
1623831900 20 46 21 47
1623831600 21 46 36 61
1623831300 35 60 36 61
1623831000 19 45 19 48
1623830700 19 48 28 50
1623830400 27 49 28 50
1623830100 20 48 26 54
1623829800 26 53 28 54
1623829500 27 49 28 51
1623829200 19 50 20 51
1623828900 20 46 42 59
1623828600 42 59 62 73
1623828300 62 73 101 94
1623828000 100 93 101 94
1623827700 77 91 78 92
1623827400 26 53 27 54
1623827100 19 46 29 52
1623826800 29 52 76 75
1623826500 76 75 190 159
1623826200 189 158 190 159
1623825900 131 102 274 232
1623825600 273 231 274 232
1623825300 46 62 99 105
1623825000 99 105 186 175
1623824700 185 174 186 175
1623824400 44 66 45 67
1623824100 44 66 101 80
1623823800 391 92 43647 1960
1623823500 43404 1949 43647 1960
1623823200 7289 436 7300 482
1623822900 7299 482 7300 523
1623822600 7244 521 7261 523
1623822300 2273 186 2281 187
1623822000 28 52 29 52
1623821700 28 52 29 53
1623821400 27 52 28 53
1623821100 21 47 50 60
1623820800 84 62 10295 801
1623820500 10289 799 10295 801
1623820200 8670 408 8729 411
1623819900 19 46 30 52
1623819600 29 52 30 52
1623819300 28 51 29 52
1623819000 20 47 21 49
1623818700 20 49 60 74
1623818400 59 73 60 74
1623818100 19 46 19 47
1623817800 19 46 28 52
1623817500 27 51 28 52
1623817200 19 46 20 48
1623816900 20 48 35 55
1623816600 34 55 35 57
1623816300 28 56 29 57
1623816000 19 45 20 48
1623815700 19 47 20 48
1623815400 19 44 19 47
1623815100 19 46 19 47
1623814800 19 45 19 47
1623814500 19 46 19 47
1623814200 19 44 43 51
1623813900 43 51 60 75
1623813600 59 74 60 75
1623813300 32 55 33 56
1623813000 19 47 20 48
1623812700 20 48 28 49
1623812400 27 48 28 49
1623812100 20 47 20 48
1623811800 20 48 28 49
1623811500 27 48 28 49
1623811200 19 46 21 47
1623810900 21 47 28 52
1623810600 27 51 28 52
1623810300 19 46 20 47
1623810000 20 47 45 55
1623809700 44 55 45 55
1623809400 34 55 70 73
1623809100 70 72 99 73
1623808800 98 68 99 69
1623808500 168 64 18728 836
1623808200 18603 830 18728 836
1623807900 20 47 20 48
1623807600 19 47 20 48
1623807300 19 45 19 48
1623807000 19 47 20 48
1623806700 19 46 20 49
1623806400 19 48 21 49
1623806100 20 46 21 47
1623805800 19 46 19 47
1623805500 18 46 19 48
1623805200 18 47 19 48
1623804900 19 46 20 48
1623804600 19 47 20 48
1623804300 19 45 20 48
1623804000 20 47 20 48
1623803700 20 46 20 47
1623803400 20 45 20 49
1623803100 20 48 20 49
1623802800 20 45 20 48
1623802500 19 48 20 48
1623802200 19 47 19 48
1623801900 19 45 19 47
1623801600 19 46 20 47
1623801300 20 45 20 48
1623801000 20 47 20 48
1623800700 20 45 20 45
1623800400 20 45 20 48
1623800100 20 48 22 48
1623799800 21 47 22 48
1623799500 19 47 37 47
1623799200 37 47 43 52
1623798900 43 52 54 72
1623798600 53 71 54 72
1623798300 20 47 21 49
1623798000 21 49 31 52
1623797700 30 51 31 52
1623797400 21 46 21 48
1623797100 21 48 63 72
1623796800 63 71 84 72
1623796500 83 69 84 89
1623796200 80 88 80 89
1623795900 80 71 95 101
1623795600 94 100 95 101
1623795300 77 87 142 117
1623795000 141 117 142 169
1623794700 137 168 138 169
1623794400 107 98 152 129
1623794100 151 129 152 136
1623793800 147 135 148 136
1623793500 137 94 138 95
1623793200 68 72 70 80
1623792900 70 80 163 152
1623792600 162 151 163 152
1623792300 76 60 77 75
1623792000 65 75 89 95
1623791700 88 94 89 95
1623791400 39 54 80 87
1623791100 80 87 174 144
1623790800 173 143 174 144
1623790500 150 138 151 139
1623790200 68 82 69 83
1623789900 63 75 174 149
1623789600 173 148 174 149
1623789300 83 75 162 97
1623789000 162 97 173 156
1623788700 173 156 203 176
1623788400 207 176 896 218
1623788100 911 218 5406 329
1623787800 5407 329 5908 366
1623787500 5906 366 5908 438
1623787200 5689 435 5727 438
1623786900 123 92 4851 350
1623786600 4835 349 4851 350
1623786300 2545 227 2561 228
1623786000 214 216 215 217
1623785700 116 131 117 132
1623785400 113 109 3107 475
1623785100 3154 478 17335 1645
1623784800 17277 1639 17335 1645
1623784500 116 90 117 104
1623784200 93 103 94 104
1623783900 48 61 49 62
1623783600 20 46 21 46
1623783300 18 46 21 48
1623783000 20 47 21 48
1623782700 20 47 21 48
1623782400 20 47 21 48
1623782100 19 46 21 48
1623781800 20 47 21 48
1623781500 19 46 20 48
1623781200 19 47 19 48
1623780900 19 46 20 47
1623780600 20 47 20 49
1623780300 19 48 20 49
1623780000 19 46 20 49
1623779700 20 48 20 49
1623779400 19 46 20 47
1623779100 19 47 19 47
1623778800 19 46 20 47
1623778500 20 46 21 47
1623778200 20 47 21 48
1623777900 20 47 20 48
1623777600 19 46 20 47
1623777300 19 46 20 47
1623777000 20 46 21 47
1623776700 21 47 21 48
1623776400 21 47 21 48
1623776100 21 46 29 50
1623775800 28 49 29 50
1623775500 20 47 21 47
1623775200 20 46 21 47
1623774900 21 46 21 46
1623774600 21 46 21 49
1623774300 21 48 21 49
1623774000 21 47 21 48
1623773700 21 45 21 48
1623773400 21 48 35 84
1623773100 35 84 118 233
1623772800 117 232 118 233
1623772500 21 49 31 50
1623772200 30 48 31 57
1623771900 29 56 30 57
1623771600 21 48 21 48
1623771300 21 48 26 55
1623771000 25 54 26 55
1623770700 21 49 22 50
1623770400 22 48 24 55
1623770100 23 54 24 55
1623769800 20 48 20 49
1623769500 20 48 21 55
1623769200 21 55 47 90
1623768900 46 89 47 90
1623768600 20 47 21 47
1623768300 20 46 20 47
1623768000 20 46 20 48
1623767700 20 47 20 48
1623767400 20 46 20 46
1623767100 19 46 20 46
1623766800 19 46 21 47
1623766500 20 47 21 47
1623766200 19 46 20 47
1623765900 19 46 20 47
1623765600 19 47 19 47
1623765300 19 47 85 71
1623765000 84 70 85 71
1623764700 19 47 20 48
1623764400 19 48 28 49
1623764100 27 48 28 49
1623763800 20 47 20 48
1623763500 20 45 28 52
1623763200 27 51 28 52
1623762900 20 47 21 48
1623762600 21 48 34 58
1623762300 33 57 34 58
1623762000 23 48 24 48
1623761700 19 48 34 57
1623761400 34 57 121 106
1623761100 120 105 121 106
1623760800 109 94 110 95
1623760500 35 58 36 59
1623760200 26 48 61 79
1623759900 60 78 61 79
1623759600 19 46 19 46
1623759300 19 46 20 46
1623759000 19 46 20 47
1623758700 19 46 20 47
1623758400 19 45 20 47
1623758100 19 47 27 54
1623757800 26 53 27 54
1623757500 21 47 71 79
1623757200 71 78 75 79
1623756900 74 77 75 78
1623756600 69 65 70 66
1623756300 20 48 21 48
1623756000 20 48 29 51
1623755700 28 50 29 51
1623755400 20 45 21 46
1623755100 21 46 29 51
1623754800 28 50 29 51
1623754500 19 47 27 55
1623754200 27 54 30 55
1623753900 29 50 30 56
1623753600 25 55 26 56
1623753300 19 46 119 114
1623753000 118 113 119 114
1623752700 42 53 43 57
1623752400 38 56 39 57
1623752100 19 45 30 51
1623751800 29 50 30 51
1623751500 19 45 20 47
1623751200 19 47 26 50
1623750900 26 50 30 56
1623750600 29 55 30 56
1623750300 20 47 27 57
1623750000 27 56 29 57
1623749700 28 51 29 52
1623749400 20 45 20 48
1623749100 20 48 111 89
1623748800 110 88 111 89
1623748500 27 53 40 54
1623748200 40 51 58 61
1623747900 57 61 58 69
1623747600 50 68 50 69
1623747300 49 66 50 67
1623747000 39 61 40 62
1623746700 21 48 25 55
1623746400 25 54 31 55
1623746100 30 49 31 50
1623745800 18 46 21 47
1623745500 21 46 28 51
1623745200 27 50 28 51
1623744900 20 46 21 46
1623744600 18 46 32 52
1623744300 31 51 32 52
1623744000 18 47 50 61
1623743700 50 61 169 118
1623743400 169 118 375 228
1623743100 373 227 375 228
1623742800 27 56 32 57
1623742500 32 52 38 57
1623742200 37 56 38 57
1623741900 22 46 28 53
1623741600 28 53 40 56
1623741300 39 55 40 56
1623741000 19 48 31 51
1623740700 31 51 38 57
1623740400 37 56 38 57
1623740100 23 47 79 91
1623739800 79 91 99 103
1623739500 99 103 171 132
1623739200 170 131 171 132
1623738900 74 79 87 80
1623738600 86 77 87 78
1623738300 28 51 104 80
1623738000 104 80 121 89
1623737700 120 88 121 89
1623737400 106 73 107 74
1623737100 87 62 10651 580
1623736800 10615 578 10651 580
1623736500 63 65 64 66
1623736200 26 56 30 57
1623735900 60 53 4667 359
1623735600 4651 357 4667 359
1623735300 36 55 105 104
1623735000 104 103 105 104
1623734700 41 56 51 60
1623734400 51 60 84 88
1623734100 83 87 84 88
1623733800 29 52 50 71
1623733500 49 70 50 71
1623733200 29 51 30 52
1623732900 20 46 36 60
1623732600 35 59 36 60
1623732300 29 50 30 51
1623732000 19 47 36 59
1623731700 36 59 52 59
1623731400 52 59 142 112
1623731100 141 111 142 112
1623730800 44 49 2267 176
1623730500 2263 175 2267 176
1623730200 1217 117 2234 184
1623729900 2235 184 2478 323
1623729600 2470 321 2478 323
1623729300 1400 147 1408 148
1623729000 306 84 1034 106
1623728700 1040 106 1956 146
1623728400 1969 146 5876 367
1623728100 5857 365 5876 367
1623727800 298 66 733 98
1623727500 728 97 733 98
1623727200 32 54 32 55
1623726900 31 52 32 53
1623726600 21 46 30 52
1623726300 30 52 37 55
1623726000 37 55 60 67
1623725700 59 66 60 67
1623725400 36 58 37 59
1623725100 23 55 104 706
1623724800 103 703 104 706
1623724500 37 60 38 61
1623724200 29 185 815 20456
1623723900 811 20320 815 20456
1623723600 239 103 240 159
1623723300 79 158 80 159
1623723000 42 73 43 74
1623722700 20 49 26 56
1623722400 26 56 111 109
1623722100 110 108 111 109
1623721800 36 61 54 78
1623721500 54 98 163 3198
1623721200 162 3187 163 3198
1623720900 85 99 86 100
1623720600 59 70 80 95
1623720300 86 95 1106 124
1623720000 1102 123 1106 124
1623719700 46 71 47 72
1623719400 30 66 31 67
1623719100 29 52 30 52
1623718800 29 52 30 58
1623718500 25 57 27 58
1623718200 27 56 142 117
1623717900 142 127 143 3186
1623717600 213 3168 10769 3186
1623717300 10760 536 10769 537
1623717000 8045 420 8072 422
1623716700 48 65 1100 118
1623716400 1096 117 1100 118
1623716100 21 50 229 175
1623715800 228 175 229 201
1623715500 139 200 140 201
1623715200 27 94 28 95
1623714900 28 87 67 143
1623714600 71 272 765 19531
1623714300 763 19477 765 19531
1623714000 290 3495 291 3504
1623713700 194 845 195 849
1623713400 164 293 165 294
1623713100 65 154 1159 156
1623712800 1151 155 1159 156
1623712500 20 47 21 48
1623712200 21 47 213 188
1623711900 214 188 376 304
1623711600 378 306 1089 983
1623711300 1092 986 1594 1444
1623711000 1594 1444 1624 1464
1623710700 1624 1474 1709 4588
1623710400 1708 4577 1709 4588
1623710100 1607 1465 1608 1466
1623709800 1590 1439 1592 1440
1623709500 1338 1403 1339 1408
1623709200 1106 121 1114 122
1623708900 33 67 313 496
1623708600 313 496 397 553
1623708300 396 552 397 553
1623708000 338 521 339 522
1623707700 320 500 322 503
1623707400 94 161 95 162
1623707100 32 62 166 3539
1623706800 165 3515 166 3539
1623706500 21 46 39 65
1623706200 38 64 39 65
1623705900 27 47 1160 117
1623705600 1156 116 1160 117
1623705300 20 46 29 53
1623705000 28 52 29 53
1623704700 20 46 21 49
1623704400 21 49 130 114
1623704100 129 113 130 114
1623703800 69 57 12282 606
1623703500 12245 624 12282 3383
1623703200 6728 3371 6751 3383
1623702900 34 58 35 58
1623702600 28 57 29 58
1623702300 22 50 1102 118
1623702000 1094 117 1102 118
1623701700 20 49 20 50
1623701400 20 48 31 51
1623701100 31 50 56 51
1623700800 55 49 56 58
1623700500 38 58 57 76
1623700200 57 75 62 76
1623699900 114 1122 205 3200
1623699000 206 63 1118 120
1623697200 60 934 239 5354
1623695400 372 109 2787 317
1623693600 526 1216 2787 6812
1623691800 646 5153 2288 22011
1623690000 281 5690 731 18094
1623688200 388 82 2222 205
1623686400 20 49 20 49
1623684600 20 49 20 49
1623682800 20 49 20 49
1623681000 20 49 20 49
1623679200 20 49 20 49
1623677400 20 49 20 49
1623675600 20 49 20 49
1623673800 20 49 20 49
1623672000 20 49 20 49
1623670200 20 49 20 49
1623668400 20 49 20 49
1623666600 20 49 20 49
1623664800 20 49 20 49
1623663000 20 49 20 49
1623661200 20 49 20 49
1623659400 20 49 20 49
1623657600 20 49 20 49
1623655800 20 49 20 49
1623654000 20 49 20 49
1623652200 20 49 20 49
1623650400 20 49 20 49
1623648600 20 49 20 49
1623646800 20 49 20 49
1623645000 20 49 20 49
1623643200 20 49 20 49
1623641400 20 49 20 49
1623639600 20 49 20 49
1623637800 20 49 20 49
1623636000 20 49 20 49
1623634200 20 49 20 49
1623632400 20 49 20 49
1623630600 20 49 20 49
1623628800 20 49 20 49
1623627000 20 49 20 49
1623625200 20 49 20 49
1623623400 20 49 20 49
1623621600 20 49 20 49
1623619800 20 49 20 49
1623618000 20 49 20 49
1623616200 20 49 20 49
1623614400 20 49 20 49
1623612600 20 49 20 49
1623610800 20 49 20 49
1623609000 20 49 20 49
1623607200 20 49 20 49
1623605400 20 49 20 49
1623603600 20 49 20 49
1623601800 20 49 20 49
1623600000 20 49 20 49
1623598200 20 49 20 49
1623596400 20 49 20 49
1623594600 20 49 20 49
1623592800 20 49 20 49
1623591000 20 49 20 49
1623589200 20 49 20 49
1623587400 20 49 20 49
1623585600 20 49 20 49
1623583800 20 49 20 49
1623582000 20 49 20 49
1623580200 20 49 20 49
1623578400 20 49 20 49
1623576600 20 49 20 49
1623574800 20 49 20 49
1623573000 20 49 20 49
1623571200 20 49 20 49
1623569400 20 49 20 49
1623567600 20 49 20 49
1623565800 20 49 20 49
1623564000 20 49 20 49
1623562200 20 49 20 49
1623560400 20 49 20 49
1623558600 20 49 20 49
1623556800 20 49 20 49
1623555000 20 49 20 49
1623553200 20 49 20 49
1623551400 20 49 20 49
1623549600 20 49 20 49
1623547800 20 49 20 49
1623546000 20 49 20 49
1623544200 20 49 20 49
1623542400 20 49 20 49
1623540600 20 49 20 49
1623538800 20 49 20 49
1623537000 20 49 20 49
1623535200 20 49 20 49
1623533400 20 49 20 49
1623531600 20 49 20 49
1623529800 20 49 20 49
1623528000 20 49 20 49
1623526200 20 49 20 49
1623524400 20 49 20 49
1623522600 20 49 20 49
1623520800 20 49 20 49
1623519000 20 49 20 49
1623517200 20 49 20 49
1623515400 20 49 20 49
1623513600 20 49 20 49
1623511800 20 49 20 49
1623510000 20 49 20 49
1623508200 20 49 20 49
1623506400 20 49 20 49
1623504600 20 49 20 49
1623502800 20 49 20 49
1623501000 20 49 20 49
1623499200 20 49 20 49
1623497400 20 49 20 49
1623495600 20 49 20 49
1623493800 20 49 20 49
1623492000 20 49 20 49
1623490200 20 49 20 49
1623488400 20 49 20 49
1623486600 20 49 20 49
1623484800 20 49 20 49
1623483000 20 49 20 49
1623481200 20 49 20 49
1623479400 20 49 20 49
1623477600 20 49 20 49
1623475800 20 49 20 49
1623474000 20 49 20 49
1623472200 20 49 20 49
1623470400 20 49 20 49
1623468600 20 49 20 49
1623466800 20 49 20 49
1623465000 20 49 20 49
1623463200 20 49 20 49
1623461400 20 49 20 49
1623459600 20 49 20 49
1623457800 20 49 20 49
1623456000 20 49 20 49
1623454200 20 49 20 49
1623452400 20 49 20 49
1623450600 20 49 20 49
1623448800 20 49 20 49
1623447000 20 49 20 49
1623445200 20 49 20 49
1623443400 20 49 20 49
1623441600 20 49 20 49
1623439800 20 49 20 49
1623438000 20 49 20 49
1623436200 20 49 20 49
1623434400 20 49 20 49
1623432600 20 49 20 49
1623430800 20 49 20 49
1623429000 20 49 20 49
1623427200 20 49 20 49
1623425400 20 49 20 49
1623423600 20 49 20 49
1623421800 20 49 20 49
1623420000 20 49 20 49
1623418200 20 49 20 49
1623416400 20 49 20 49
1623414600 20 49 20 49
1623412800 20 49 20 49
1623411000 20 49 20 49
1623409200 20 49 20 49
1623407400 20 49 20 49
1623405600 20 49 20 49
1623403800 20 49 20 49
1623402000 20 49 20 49
1623400200 20 49 20 49
1623398400 20 49 20 49
1623396600 20 49 20 49
1623394800 20 49 20 49
1623393000 20 49 20 49
1623391200 20 49 20 49
1623389400 20 49 20 49
1623387600 20 49 20 49
1623385800 20 49 20 49
1623384000 20 49 20 49
1623382200 20 49 20 49
1623380400 20 49 20 49
1623378600 20 49 20 49
1623376800 20 49 20 49
1623375000 20 49 20 49
1623373200 20 49 20 49
1623371400 20 49 20 49
1623369600 20 49 20 49
1623367800 20 49 20 49
1623366000 20 49 20 49
1623364200 20 49 20 49
1623362400 20 49 20 49
1623360600 20 49 20 49
1623358800 20 49 20 49
1623357000 20 49 20 49
1623355200 20 49 20 49
1623353400 20 49 20 49
1623351600 20 49 20 49
1623349800 20 49 20 49
1623348000 20 49 20 49
1623346200 19 48 20 49
1623344400 327 8555 1725 47565
1623342600 2671 182 15974 862
1623340800 341 8820 1003 27296
1623339000 2681 179 15987 845
1623337200 285 8049 1618 48066
1623335400 2678 179 15969 842
1623333600 268 7865 1513 46966
1623331800 2672 177 15981 826
1623330000 263 7863 1480 46949
1623328200 2703 199 14589 753
1623326400 249 7656 1398 45701
1623324600 2672 174 15886 811
1623322800 241 7674 1352 45814
1623321000 2677 173 15970 806
1623319200 261 7781 1477 46456
1623317400 2694 176 16021 823
1623315600 235 7590 1319 45315
1623313800 2670 175 15879 821
1623312000 250 7707 1411 46015
1623310200 2693 173 16063 811
1623308400 255 7688 1439 45905
1623306600 2695 175 16069 805
1623304800 301 8164 1712 48761
1623303000 2685 174 15057 761
1623301200 254 7732 1430 46163
1623299400 2687 176 14207 729
1623297600 254 7755 1428 46305
1623295800 2735 204 16142 875
1623294000 340 8438 1812 50365
1623292200 2700 182 16041 828
1623290400 313 8268 1760 49359
1623288600 2687 181 16014 848
1623286800 395 9172 1205 30742
1623285000 2668 181 15949 843
1623283200 291 7944 1550 47376
1623281400 2706 195 16012 858
1623279600 302 8018 1613 47820
1623277800 2720 189 16205 863
1623276000 361 8322 1788 49539
1623274200 2694 183 16052 857
1623272400 278 7873 1510 46974
1623270600 2697 184 16062 856
1623268800 541 8070 2371 47934
1623267000 3359 222 16068 850
1623265200 248 6178 792 20530
1623263400 4546 290 8054 464
1623261600 23 50 32 56
1623259800 364 8873 1871 50968
1623258000 5160 3683 17204 18529
1623256200 400 9145 651 17919
1623254400 81 90 115 128
1623252600 35 57 88 68
1623250800 93 87 243 188
1623249000 28 53 67 84
1623247200 19 45 21 50
1623245400 20 47 25 52
1623243600 19 46 23 49
1623241800 19 46 21 49
1623240000 19 45 21 49
1623238200 35 75 103 185
1623236400 20 49 26 59
1623234600 58 493 221 2601
1623232800 200 3441 748 19136
1623231000 126 415 193 867
1623229200 18 45 21 47
1623227400 2563 167 15284 777
1623225600 265 7860 1500 46935
1623223800 2672 169 15943 784
1623222000 279 8017 1582 47877
1623220200 2685 168 12598 618
1623218400 245 7668 1380 45781
1623216600 2667 171 13951 696
1623214800 239 7666 1346 45772
1623213000 2675 172 12680 629
1623211200 246 7651 1391 45835
1623209400 2669 169 11477 563
1623207600 308 8222 1724 49083
1623205800 2660 171 13673 679
1623204000 262 7882 1476 47068
1623202200 2663 175 15884 818
1623200400 279 8015 1580 47859
1623198600 2675 192 15893 838
1623196800 1377 9066 2520 35366
1623195000 4912 339 17105 927
1623193200 1453 8107 2473 47860
1623191400 2713 221 15847 821
1623189600 415 8827 1794 44656
1623187800 2752 220 15925 975
1623186000 3640 8313 10800 47612
1623184200 2676 184 14836 785
1623182400 293 8124 1652 48502
1623180600 2681 185 15520 826
1623178800 339 8323 1842 49656
1623177000 2699 202 15855 860
1623175200 348 8906 1662 48005
1623173400 3327 14660 16655 25313
1623171600 425 8172 1739 48231
1623169800 2743 236 15923 865
1623168000 607 7963 6892 47049
1623166200 5576 326 20671 1059
1623164400 371 8412 1848 50105
1623162600 2682 200 15796 876
1623160800 469 12033 1748 47034
1623159000 2884 5221 15872 22173
1623157200 412 10298 15907 49114
1623155400 2654 182 15907 843
1623153600 289 8063 1637 48307
1623151800 2680 193 15855 835
1623150000 251 7607 1366 45404
1623148200 2672 173 13827 684
1623146400 311 7966 1606 47488
1623144600 2691 175 16013 788
1623142800 240 7650 1322 45663
1623141000 2721 202 15897 792
1623139200 268 7866 1472 46791
1623137400 2683 179 15921 794
1623135600 258 7685 1430 46021
1623133800 2664 185 14803 721
1623132000 238 7536 1303 45113
1623130200 2663 176 12920 640
1623128400 3466 7928 6199 46123
1623126600 2695 181 9821 485
1623124800 275 7850 1487 46684
1623123000 2675 189 15819 809
1623121200 274 7823 1482 46677
1623119400 2659 181 15772 800
1623117600 307 8207 1701 48987
1623115800 2659 184 15766 802
1623114000 474 12889 1854 55658
1623112200 2874 5493 15800 31904
1623110400 361 8779 1676 43776
1623108600 2694 189 14287 727
1623106800 310 8049 1649 48137
1623105000 2912 5973 15993 9226
1623103200 433 8806 960 19798
1623101400 186 3805 1052 27892
1623099600 3342 4893 22168 27892
1623097800 4231 338 22168 1573
1623096000 310 8202 1695 48931
1623094200 2667 188 15171 784
1623092400 349 8550 1883 49388
1623090600 2665 181 15454 791
1623088800 802 21273 2459 69322
1623087000 2840 4752 16025 19293
1623085200 672 16348 1578 40331
1623083400 2850 4060 15896 21708
1623081600 286 8043 1577 47998
1623079800 2647 182 15699 824
1623078000 285 7989 1612 47701
1623076200 2671 177 14671 749
1623074400 340 8325 1783 49637
1623072600 2661 175 15860 804
1623070800 270 7832 1522 46755
1623069000 2640 165 15744 768
1623067200 289 8026 1645 47930
1623065400 2647 164 14407 683
1623063600 276 7952 1565 47479
1623061800 2647 165 15779 751
1623060000 230 7547 1290 45057
1623058200 2651 166 15809 766
1623056400 231 7612 1302 45589
1623054600 2649 168 15805 779
1623052800 268 7823 1515 46709
1623051000 2645 164 9868 480
1623049200 255 7715 1430 45911
1623047400 2672 166 15979 764
1623045600 235 7627 1313 45533
1623043800 2651 164 10861 536
1623042000 127 3820 668 22617
1623040200 1412 106 8016 408
1623038400 154 4006 829 23810
1623036600 1329 103 7877 391
1623034800 253 7747 1422 46253
1623033000 2731 172 11084 558
1623031200 253 7691 1307 45727
1623029400 2751 172 9906 495
1623027600 272 7965 1533 47464
1623025800 3164 9721 10236 38543
1623024000 284 8085 1608 48283
1623022200 2761 172 16415 788
1623020400 253 7764 1422 46352
1623018600 2759 175 16457 823
1623016800 253 7783 1422 46470
1623015000 2769 176 14547 717
1623013200 252 7857 1410 46757
1623011400 2773 175 13206 654
1623009600 277 8058 1568 48121
1623007800 2757 171 16438 786
1623006000 265 7868 1490 46822
1623004200 2767 172 10627 524
1623002400 20 46 27 53
1623000600 19 46 27 53
1622998800 19 46 26 54
1622997000 19 45 26 53
1622995200 19 46 27 55
1622993400 33 51 68 67
1622991600 21 46 31 55
1622989800 66 91 862 19109
1622988000 3306 3346 18816 19109
1622986200 434 9822 785 19245
1622984400 216 3676 821 16902
1622982600 63 163 714 17084
1622980800 313 6713 836 19552
1622979000 197 3389 778 19552
1622977200 213 3408 816 19827
1622975400 307 6584 816 19827
1622973600 59 144 155 270
1622971800 207 3685 527 13033
1622970000 213 3316 810 18887
1622968200 215 3399 887 19538
1622966400 453 10681 1418 44223
1622964600 6244 7421 35284 19330
1622962800 3298 11490 17287 67328
1622961000 4628 15078 24559 69442
1622959200 3834 25728 21692 62222
1622957400 6893 11866 21692 49597
1622955600 426 10312 1926 54952
1622953800 251 3414 810 19391
1622952000 6552 543 16666 1264
1622950200 3076 300 17472 1013
1622948400 3208 8922 17313 52404
1622946600 343 8575 1739 51137
1622944800 22 48 36 58
1622943000 23 48 83 104
1622941200 68 78 111 104
1622939400 3193 207 15283 733
1622937600 3975 277 14523 731
1622935800 2396 3427 13101 19417
1622934000 1210 141 6887 475
1622932200 314 6324 1182 37436
1622930400 34 54 64 66
1622928600 35 58 77 95
1622926800 87 94 13039 713
1622925000 2205 175 13039 713
1622923200 4243 4465 21258 26025
1622921400 4276 259 13202 667
1622919600 26 50 45 65
1622917800 49 90 625 18279
1622916000 3327 4358 14978 18279
1622914200 3283 276 16921 992
1622912400 102 98 150 138
1622910600 34 56 49 68
1622908800 29 50 69 70
1622907000 83 73 119 95
1622905200 37 52 129 124
1622903400 54 72 129 204
1622901600 64 125 122 209
1622899800 314 6525 609 15601
1622898000 172 3256 814 19224
1622896200 34 56 72 74
1622894400 68 69 257 151
1622892600 60 111 114 192
1622890800 25 50 129 169
1622889000 60 101 134 241
1622887200 3407 341 12924 1131
1622885400 197 3320 810 19261
1622883600 218 3308 766 19041
1622881800 3228 297 18908 963
1622880000 185 3491 825 20235
1622878200 337 6767 1560 38060
1622876400 78 163 143 242
1622874600 191 3352 777 19304
1622872800 275 3568 947 20460
1622871000 222 3344 766 19124
1622869200 515 9754 2313 44925
1622867400 117 189 165 285
1622865600 233 3545 1486 38368
1622863800 1866 9775 8683 38368
1622862000 6137 8144 15659 34950
1622860200 1096 9087 4488 20520
1622858400 2026 13256 8880 35010
1622856600 2378 4591 8107 25840
1622854800 153 238 222 329
1622853000 232 3391 790 19270
1622851200 4929 13920 13590 48880
1622849400 2357 165 9904 490
1622847600 847 87 4985 287
1622845800 191 3515 808 20580
1622844000 1172 151 6728 476
1622842200 3935 3618 8874 10163
1622840400 646 156 3420 329
1622838600 102 128 122 147
1622836800 95 122 104 127
1622835000 124 165 193 252
1622833200 179 1454 464 8060
1622831400 534 178 2541 375
1622829600 98 123 113 133
1622827800 126 137 4440 401
1622826000 5567 404 10667 623
1622824200 970 199 4516 331
1622822400 2047 237 8900 543
1622820600 5626 450 10999 744
1622818800 187 185 223 217
1622817000 163 168 264 230
1622815200 168 168 264 224
1622813400 109 132 143 161
1622811600 94 120 98 123
1622809800 105 124 160 144
1622808000 95 121 104 128
1622806200 99 124 128 145
1622804400 138 149 175 167
1622802600 93 121 98 124
1622800800 3247 269 15141 792
1622799000 174 178 240 241
1622797200 121 142 192 206
1622795400 92 119 96 124
1622793600 92 119 95 123
1622791800 91 120 96 124
1622790000 94 120 97 125
1622788200 94 120 97 124
1622786400 94 121 97 123
1622784600 94 120 97 124
1622782800 93 120 96 125
1622781000 92 120 96 123
1622779200 3286 290 13605 727
1622777400 605 1318 2475 6822
1622775600 106 128 122 142
1622773800 98 124 127 146
1622772000 96 122 207 165
1622770200 146 145 207 165
1622768400 96 121 106 128
1622766600 98 123 116 139
1622764800 96 122 107 127
1622763000 3275 288 6878 454
1622761200 184 180 221 206
1622759400 124 144 204 213
1622757600 1145 30860 4858 136224
1622755800 3021 30835 10393 136224
1622754000 1811 207 10393 614
1622752200 96 123 103 131
1622750400 93 121 104 132
1622748600 77 119 147 256
1622746800 15 65 33 85
1622745000 17 65 33 85
1622743200 13 60 15 63
1622741400 13 60 15 64
1622739600 13 61 15 63
1622737800 13 60 15 63
1622736000 13 60 15 63
1622734200 13 46 15 55
1622732400 13 45 15 47
1622730600 13 45 15 47
1622728800 13 45 15 46
1622727000 13 45 15 47
1622725200 13 44 15 47
1622723400 13 45 15 47
1622721600 13 44 15 47
1622719800 13 45 15 47
1622718000 13 44 15 47
1622716200 13 44 15 47
1622714400 13 44 15 47
1622712600 13 44 15 47
1622710800 13 45 15 47
1622709000 13 44 15 47
1622707200 14 44 15 47
1622705400 13 44 15 47
1622703600 13 44 15 46
1622701800 13 44 15 47
1622700000 13 44 15 47
1622698200 13 45 15 47
1622696400 13 44 15 47
1622694600 13 44 15 47
1622692800 13 44 15 47
1622691000 14 44 15 47
1622689200 13 45 15 47
1622687400 13 44 15 47
1622685600 13 45 15 47
1622683800 13 45 15 47
1622682000 13 45 15 47
1622680200 13 45 15 49
1622678400 13 45 15 48
1622676600 13 46 15 49
1622674800 13 46 15 49
1622673000 13 46 15 50
1622671200 13 46 15 48
1622669400 13 44 15 48
1622667600 13 45 15 48
1622665800 13 45 15 49
1622664000 13 45 15 49
1622662200 13 46 15 49
1622660400 14 47 15 52
1622658600 13 45 15 49
1622656800 13 46 15 48
1622655000 13 46 15 48
1622653200 13 46 15 48
1622651400 13 46 15 48
1622649600 13 46 15 48
1622647800 13 45 15 47
1622646000 13 45 15 48
1622644200 13 44 15 48
1622642400 13 44 15 48
1622640600 13 45 15 47
1622638800 13 44 15 47
1622637000 13 45 15 46
1622635200 13 45 15 47
1622633400 13 45 15 47
1622631600 13 44 15 47
1622629800 13 45 15 47
1622628000 13 45 15 48
1622626200 13 45 15 47
1622624400 13 45 15 46
1622622600 13 44 15 47
1622620800 13 44 15 47
1622619000 13 44 15 47
1622613600 13 43 15 47
1622606400 13 43 15 46
1622599200 13 43 15 48
1622592000 13 44 15 48
1622584800 13 44 15 47
1622577600 13 44 15 47
1622570400 29 62 413 515
1622563200 13 43 15 48
1622556000 13 43 15 46
1622548800 13 43 15 46
1622541600 13 43 15 46
1622534400 13 43 15 45
1622527200 13 43 15 46
1622520000 13 43 15 47
1622512800 13 43 15 47
1622505600 13 44 15 48
1622498400 13 43 15 47
1622491200 13 44 15 48
1622484000 13 44 15 48
1622476800 13 43 15 46
1622469600 13 43 15 46
1622462400 13 43 15 46
1622455200 13 43 15 46
1622448000 13 43 15 46
1622440800 13 43 15 46
1622433600 13 43 15 46
1622426400 13 43 15 46
1622419200 13 43 15 47
1622412000 13 43 15 46
1622404800 13 43 15 46
1622397600 13 43 15 47
1622390400 13 43 15 46
1622383200 13 43 15 46
1622376000 13 43 15 46
1622368800 13 43 15 46
1622361600 13 43 15 46
1622354400 13 43 15 46
1622347200 13 43 15 46
1622340000 13 43 15 46
1622332800 13 43 15 46
1622325600 13 43 15 46
1622318400 13 43 15 46
1622311200 13 43 15 46
1622304000 13 43 15 46
1622296800 13 43 15 47
1622289600 13 43 15 47
1622282400 13 43 15 46
1622275200 13 43 15 46
1622268000 13 43 15 46
1622260800 13 43 15 46
1622253600 13 43 15 46
1622246400 13 44 15 47
1622239200 13 44 15 48
1622232000 13 44 15 48
1622224800 13 44 15 48
1622217600 13 43 15 47
1622210400 13 43 15 46
1622203200 13 44 15 47
1622196000 13 43 15 46
1622188800 13 43 15 46
1622181600 13 43 15 47
1622174400 13 43 15 46
1622167200 17 49 127 168
1622160000 13 44 15 47
1622152800 13 44 15 47
1622145600 13 44 15 47
1622138400 13 44 15 47
1622131200 13 43 15 47
1622124000 13 43 15 46
1622116800 13 43 15 46
1622109600 13 43 15 46
1622102400 13 43 15 46
1622095200 13 43 15 47
1622088000 13 43 15 46
1622080800 13 44 15 47
1622073600 13 59 15 415
1622066400 13 44 15 48
1622059200 13 44 15 47
1622052000 13 44 15 47
1622044800 13 43 15 47
1622037600 13 43 15 47
1622030400 13 43 15 46
1622023200 13 43 15 46
1622016000 13 43 15 47
1622008800 13 43 15 46
1622001600 13 43 15 46
1621994400 13 44 15 47
1621987200 13 44 15 47
1621980000 21 67 223 312
1621972800 13 60 15 79
1621965600 14 44 26 56
1621958400 17 44 30 56
1621951200 17 45 36 59
1621944000 16 44 25 54
1621936800 16 43 25 54
1621929600 16 44 24 54
1621922400 16 44 25 54
1621915200 843 96 18846 810
1621908000 17 45 29 55
1621900800 16 44 26 56
1621893600 16 45 26 55
1621886400 17 44 26 55
1621879200 23 44 97 55
1621872000 17 44 25 54
1621864800 18 45 30 56
1621857600 16 43 25 54
1621850400 16 43 25 55
1621843200 16 44 24 54
1621836000 16 43 24 54
1621828800 17 45 61 74
1621821600 44 59 253 119
1621814400 33 53 175 132
1621807200 1698 144 18892 792
1621800000 19 46 44 66
1621792800 16 43 31 63
1621785600 17 44 31 62
1621778400 18 44 30 55
1621771200 17 44 26 54
1621764000 17 44 25 54
1621756800 16 44 26 55
1621749600 16 44 25 54
1621742400 16 44 25 55
1621735200 16 44 25 54
1621728000 16 43 26 54
1621720800 17 44 24 53
1621713600 16 44 26 55
1621706400 16 44 25 57
1621699200 16 43 25 54
1621692000 18 45 30 56
1621684800 17 43 25 54
1621677600 16 44 25 53
1621670400 16 44 25 54
1621663200 211 51 4692 206
1621656000 16 44 25 54
1621648800 17 45 25 55
1621641600 20 47 62 77
1621634400 47 59 180 112
1621627200 51 63 197 171
1621620000 844 105 18847 816
1621612800 19 46 46 63
1621605600 18 44 34 58
1621598400 17 44 28 53
1621591200 17 44 26 54
1621584000 17 44 26 54
1621576800 95 47 1910 122
1621569600 17 44 25 54
1621562400 17 45 26 55
1621555200 17 45 26 55
1621548000 17 45 26 55
1621540800 17 45 29 55
1621533600 17 45 27 55
1621526400 17 45 27 56
1621519200 18 45 29 55
1621512000 16 44 28 56
1621504800 17 44 26 55
1621497600 17 44 25 54
1621490400 99 48 1992 148
1621483200 17 44 31 55
1621476000 25 46 43 61
1621468800 63 57 617 132
1621461600 53 64 195 137
1621454400 63 71 211 175
1621447200 90 87 257 207
1621440000 24 46 33 57
1621432800 20 47 32 57
1621425600 39 58 160 120
1621418400 36 56 296 162
1621411200 27 52 142 135
1621404000 836 86 18797 786
1621396800 1643 136 18917 824
1621389600 18 46 35 66
1621382400 19 48 34 66
1621375200 19 47 35 66
1621368000 59 101 315 461
1621360800 39 73 314 456
1621353600 19 46 29 57
1621346400 21 46 34 58
1621339200 19 46 30 56
1621332000 19 46 28 56
1621324800 38 48 475 88
1621317600 18 45 28 56
1621310400 19 46 29 56
1621303200 406 13495 3938 145351
1621296000 375 13328 3724 139201
1621288800 19 47 30 59
1621281600 20 47 33 62
1621274400 20 47 45 126
1621267200 23 57 52 200
1621260000 20 46 33 57
1621252800 24 49 62 78
1621245600 826 88 18865 782
1621238400 35 54 213 117
1621231200 28 52 73 83
1621224000 827 572 18957 11547
1621216800 19 45 28 56
1621209600 19 45 28 56
1621202400 19 46 29 56
1621195200 19 49 39 113
1621188000 19 45 29 56
1621180800 19 45 28 56
1621173600 19 45 36 59
1621166400 18 45 29 56
1621159200 18 45 29 56
1621152000 18 45 28 56
1621144800 18 45 28 54
1621137600 18 45 28 54
1621130400 17 46 25 71
1621123200 18 45 27 56
1621116000 19 45 28 56
1621108800 18 45 27 56
1621101600 18 45 26 56
1621094400 19 45 31 55
1621087200 19 45 39 61
1621080000 19 45 26 54
1621072800 18 45 25 56
1621065600 18 46 26 54
1621058400 18 45 26 56
1621051200 18 45 27 57
1621044000 18 46 28 57
1621036800 19 46 30 57
1621029600 20 47 43 68
1621022400 23 50 33 63
1621015200 46 104 475 1272
1621008000 217 537 4294 11572
1621000800 26 52 43 64
1620993600 24 51 33 62
1620986400 24 51 34 62
1620979200 24 51 34 62
1620972000 217 538 4340 11569
1620964800 216 536 4316 11573
1620957600 27 53 82 92
1620950400 25 52 36 63
1620943200 26 52 36 64
1620936000 28 57 54 215
1620928800 206 67 4319 223
1620921600 24 51 30 55
1620914400 25 51 37 59
1620907200 24 51 30 54
1620900000 24 51 29 54
1620892800 23 51 28 54
1620885600 24 51 28 54
1620878400 395 999 8282 22490
1620871200 25 54 35 112
1620864000 409 1035 8554 23286
1620856800 359 909 3781 20301
1620849600 25 52 31 55
1620842400 361 917 7528 20612
1620835200 25 51 34 55
1620828000 361 915 7477 20466
1620820800 24 50 28 55
1620813600 23 51 27 54
1620806400 360 915 7473 20552
1620799200 46 780 6443 17492
1620792000 307 666 6443 14540
1620784800 248 60 5400 261
1620777600 25 52 32 56
1620770400 219 549 4289 11805
1620763200 205 505 4037 10750
1620756000 25 52 29 56
1620748800 210 518 4120 11067
1620741600 225 4000 3359 73003
1620734400 24 51 29 55
1620727200 24 51 29 54
1620720000 24 51 27 54
1620712800 24 51 28 55
1620705600 222 547 4436 11775
1620698400 23 50 27 54
1620691200 234 556 2263 11860
1620684000 132 308 2231 6022
1620676800 124 302 2472 6107
1620669600 24 52 30 56
1620662400 174 3239 1825 33821
1620655200 25 51 41 62
1620648000 48 113 573 1539
1620640800 84 204 1501 3737
1620633600 29 200 1353 3627
1620626400 79 54 1353 134
1620619200 85 203 1355 3645
1620612000 23 51 27 54
1620604800 22 51 30 55
1620597600 24 51 28 54
1620590400 24 51 28 54
1620583200 56 129 816 1964
1620576000 22 50 31 54
1620568800 25 51 38 58
1620561600 34 61 299 327
1620554400 22 49 27 54
1620547200 23 49 47 54
1620540000 96 291 754 1994
1620532800 83 127 781 1850
1620525600 25 51 42 67
1620518400 24 51 35 61
1620511200 24 51 34 63
1620504000 38 58 167 140
1620496800 25 51 34 61
1620489600 24 51 34 62
1620482400 62 138 789 2072
1620475200 24 50 32 61
1620468000 24 51 33 62
1620460800 92 211 536 1302
1620453600 24 51 34 60
1620446400 29 49 42 71
1620439200 30 49 52 62
1620432000 25 51 33 60
1620424800 25 52 35 62
1620417600 26 52 39 63
1620410400 26 51 33 60
1620403200 25 51 36 64
1620396000 25 51 44 66
1620388800 24 51 34 60
1620381600 24 51 32 62
1620374400 23 51 35 63
1620367200 26 53 35 64
1620360000 26 53 35 63
1620352800 34 68 169 382
1620345600 67 153 931 2434
1620338400 943 298 19312 2438
1620331200 27 53 48 65
1620324000 26 52 34 62
1620316800 25 52 34 62
1620309600 24 51 37 62
1620302400 25 52 35 62
1620295200 73 161 1177 2701
1620288000 66 154 926 2473
1620280800 56 128 706 1840
1620273600 140 1639 1335 19086
1620266400 22 49 34 62
1620259200 21 50 33 62
1620252000 42 79 251 378
1620244800 97 222 941 2461
1620237600 66 75 923 496
1620230400 24 51 35 61
1620223200 25 52 36 64
1620216000 24 51 35 63
1620208800 23 51 34 62
1620201600 23 51 34 63
1620194400 32 65 89 167
1620187200 28 57 65 100
1620180000 32 63 68 161
1620172800 28 55 110 116
1620165600 1677 143 19950 869
1620158400 27 52 103 85
1620151200 24 51 28 55
1620144000 24 51 30 55
1620136800 25 51 41 60
1620129600 24 51 28 54
1620122400 24 51 27 56
1620115200 27 54 58 82
1620108000 24 51 29 54
1620100800 23 50 29 54
1620093600 22 51 28 55
1620086400 18 45 21 49
1620079200 19 45 24 50
1620072000 19 47 40 61
1620064800 18 46 23 51
1620057600 18 45 24 51
1620050400 18 45 27 52
1620043200 17 45 23 48
1620036000 17 45 20 48
1620028800 17 45 20 48
1620021600 18 45 20 48
1620014400 17 45 20 49
1620007200 18 45 20 48
1620000000 17 45 22 48
1619992800 18 45 20 48
1619985600 17 45 20 49
1619978400 17 45 25 54
1619971200 18 45 27 56
1619964000 19 46 36 55
1619956800 18 46 27 56
1619949600 18 45 26 56
1619942400 18 45 27 56
1619935200 18 45 27 56
1619928000 18 45 26 54
1619920800 18 47 27 67
1619913600 17 45 27 56
1619906400 18 45 30 57
1619899200 18 45 27 57
1619892000 18 45 28 56
1619884800 18 45 27 56
1619877600 19 46 34 56
1619870400 17 45 26 56
1619863200 17 45 26 54
1619856000 17 45 28 56
1619848800 20 48 77 101
1619841600 17 45 27 57
1619834400 18 46 27 57
1619827200 18 46 27 55
1619820000 16 45 26 56
1619812800 17 45 25 57
1619805600 19 46 28 57
1619798400 19 46 28 56
1619791200 19 46 31 55
1619784000 18 45 30 56
1619776800 17 45 28 55
1619769600 18 45 27 56
1619762400 18 45 27 56
1619755200 17 45 27 56
1619748000 30 57 71 104
1619740800 22 50 59 91
1619733600 19 47 29 57
1619726400 31 66 99 241
1619719200 18 45 23 51
1619712000 18 45 23 49
1619704800 19 46 28 51
1619697600 19 45 63 76
1619690400 18 46 54 72
1619683200 17 45 21 48
1619676000 17 45 21 48
1619668800 18 45 23 48
1619661600 18 45 23 49
1619654400 18 46 22 49
1619647200 18 45 22 49
1619640000 19 46 24 50
1619632800 17 44 24 50
1619625600 16 43 20 48
1619618400 18 43 35 55
1619611200 217 3984 2701 56661
1619604000 15 43 25 46
1619596800 16 43 19 46
1619589600 16 43 20 46
1619582400 16 43 23 47
1619575200 17 44 24 49
1619568000 18 45 22 51
1619560800 19 45 34 53
1619553600 18 45 25 50
1619546400 18 45 25 52
1619539200 18 45 25 51
1619532000 19 45 35 57
1619524800 18 45 23 48
1619517600 17 45 21 49
1619510400 35 89 401 963
1619503200 18 45 21 49
1619496000 18 46 21 48
1619488800 19 45 22 50
1619481600 18 46 23 49
1619474400 19 45 24 50
1619467200 18 45 23 49
1619460000 19 46 24 50
1619452800 18 45 23 49
1619445600 19 45 34 55
1619438400 18 45 23 49
1619431200 18 45 21 49
1619424000 18 45 24 48
1619416800 18 45 21 49
1619409600 18 45 21 48
1619402400 18 45 22 48
1619395200 18 45 20 48
1619388000 18 45 22 48
1619380800 18 45 21 48
1619373600 18 45 21 48
1619366400 18 45 22 48
1619359200 19 45 36 57
1619352000 18 45 23 49
1619344800 18 45 21 49
1619337600 18 45 22 48
1619330400 18 45 22 49
1619323200 26 63 3490 76402
1619316000 161 3205 3490 76402
1619308800 18 45 21 48
1619301600 18 45 21 50
1619294400 18 45 22 48
1619287200 18 45 22 50
1619280000 18 45 23 49
1619272800 18 45 34 54
1619265600 17 45 23 49
1619258400 17 45 20 48
1619251200 18 45 21 48
1619244000 18 45 21 48
1619236800 17 45 22 49
1619229600 18 45 21 50
1619222400 18 46 22 49
1619215200 18 45 22 49
1619208000 19 46 23 50
1619200800 19 45 23 50
1619193600 18 46 24 49
1619186400 19 45 34 56
1619179200 17 45 24 49
1619172000 18 45 21 48
1619164800 18 45 21 49
1619157600 17 45 21 50
1619150400 18 46 21 49
1619143200 18 45 27 56
1619136000 16 44 22 48
1619128800 16 44 19 47
1619121600 16 44 21 48
1619114400 18 44 25 47
1619107200 19 45 29 51
1619100000 19 45 33 56
1619092800 17 45 24 49
1619085600 28 49 160 122
1619078400 18 45 21 48
1619071200 17 45 20 48
1619064000 19 45 27 48
1619056800 25 46 32 53
1619049600 25 46 33 55
1619042400 25 45 31 51
1619035200 26 45 31 51
1619028000 25 45 30 50
1619020800 24 45 34 55
1619013600 25 46 43 54
1619006400 23 45 29 50
1618999200 26 45 62 61
1618992000 24 45 35 53
1618984800 25 45 42 58
1618977600 27 46 65 81
1618970400 24 45 40 54
1618963200 25 46 31 50
1618956000 25 46 30 52
1618948800 24 47 30 52
1618941600 25 46 31 53
1618934400 24 46 32 52
1618927200 25 45 38 56
1618920000 24 45 29 51
1618912800 24 45 27 51
1618905600 24 45 29 49
1618898400 23 45 28 49
1618891200 125 260 1143 3016
1618884000 54 169 584 2936
1618876800 24 46 30 50
1618869600 25 45 41 60
1618862400 25 47 30 55
1618855200 25 46 30 55
1618848000 25 45 36 52
1618840800 25 46 38 55
1618833600 812 76 18921 768
1618826400 26 46 52 61
1618819200 24 45 27 49
1618812000 23 45 28 49
1618804800 27 47 85 78
1618797600 27 47 65 72
1618790400 24 45 29 50
1618783200 27 46 47 57
1618776000 29 47 75 67
1618768800 27 47 46 65
1618761600 28 46 76 57
1618754400 25 45 39 55
1618747200 24 45 30 49
1618740000 23 45 26 48
1618732800 16 42 29 48
1618725600 24 45 29 48
1618718400 24 45 32 52
1618711200 24 45 27 49
1618704000 24 45 30 53
1618696800 34 65 249 502
1618689600 24 45 31 50
1618682400 24 45 28 51
1618675200 24 45 32 52
1618668000 26 46 38 54
1618660800 24 45 29 48
1618653600 23 45 27 48
1618646400 23 45 27 49
1618639200 24 45 32 57
1618632000 49 89 406 448
1618624800 25 47 33 57
1618617600 33 84 225 405
1618610400 58 995 530 22125
1618603200 650 637 6048 5935
1618596000 684 690 6079 5963
1618588800 24 45 31 53
1618581600 25 45 37 52
1618574400 23 45 29 49
1618567200 24 45 26 49
1618560000 24 45 47 50
1618552800 24 45 47 50
1618545600 23 45 32 55
1618538400 24 45 28 49
1618531200 25 46 31 53
1618524000 22 46 30 53
1618516800 19 46 23 49
1618509600 19 46 27 50
1618502400 19 45 23 49
1618495200 18 45 31 52
1618488000 18 45 23 49
1618480800 17 45 20 48
1618473600 17 45 21 48
1618466400 17 45 21 48
1618459200 20 45 32 55
1618452000 24 45 28 51
1618444800 24 46 31 50
1618437600 22 45 29 52
1618430400 20 44 26 49
1618423200 20 44 23 47
1618416000 19 44 29 49
1618408800 20 44 31 51
1618401600 19 43 24 47
1618394400 19 43 23 48
1618387200 19 43 24 48
1618380000 19 43 23 47
1618372800 19 43 23 46
1618365600 17 44 21 49
1618358400 18 45 22 49
1618351200 19 46 23 49
1618344000 19 46 23 49
1618336800 19 46 23 49
1618329600 19 45 27 49
1618322400 23 45 35 50
1618315200 24 45 29 50
1618308000 24 45 31 53
1618300800 24 45 31 51
1618293600 24 45 61 87
1618272000 23 44 39 60
1618185600 24 45 36 51
1618099200 23 45 37 52
1618012800 24 45 36 58
1617926400 24 45 35 54
1617840000 24 45 37 55
1617753600 24 46 34 551
1617667200 24 48 34 396
1617580800 24 45 35 53
1617494400 24 45 35 53
1617408000 24 45 39 55
1617321600 23 48 40 1610
1617235200 23 76 45 2948
1617148800 18 45 39 59
1617062400 17 45 32 59
1616976000 17 45 28 50
1616889600 18 45 32 52
1616803200 18 45 31 52
1616716800 19 45 88 113
1616630400 21 45 52 53
1616544000 24 45 38 54
1616457600 18 43 37 54
1616371200 18 43 32 49
1616284800 18 43 29 49
1616198400 16 43 31 52
1616112000 16 43 29 50
1616025600 16 43 30 50
1615939200 18 45 35 56
1615852800 17 45 27 50
1615766400 17 45 29 51
1615680000 18 45 28 51
1615593600 18 45 27 50
1615507200 16 43 27 55
1615420800 16 43 35 50
1615334400 18 45 27 50
1615248000 18 45 28 50
1615161600 18 45 172 50
1615075200 18 45 86 110
1614988800 17 43 77 51
1614902400 20 45 34 53
1614816000 17 45 56 51
1614729600 16 43 26 58
1614643200 17 43 27 51
1614556800 17 45 27 51
1614470400 18 45 28 51
1614384000 17 44 28 51
1614297600 18 45 28 51
1614211200 17 45 27 51
1614124800 18 45 27 51
1614038400 17 45 28 52
1613952000 17 45 28 52
1613865600 17 45 27 50
1613779200 16 43 26 50
1613692800 16 43 88 115
1613606400 17 44 84 55
1613520000 18 45 28 51
1613433600 16 43 25 49
1613347200 16 43 27 51
1613260800 17 44 29 53
1613174400 19 43 31 51
1613088000 22 43 158 51
1613001600 22 43 32 52
1612915200 22 43 32 51
1612828800 23 44 33 54
1612742400 24 45 34 54
1612656000 25 46 37 56
1612569600 22 43 36 51
1612483200 22 43 32 52
1612396800 22 43 33 53
1612310400 22 43 32 52
1612224000 22 43 31 51
1612137600 22 43 31 52
1612051200 22 43 32 50
1611964800 22 43 33 51
1611878400 22 43 31 52
1611792000 24 43 320 50
1611705600 22 43 34 52
1611619200 22 43 34 52
1611532800 23 43 35 52
1611446400 24 46 34 53
1611360000 26 47 104 56
1611273600 23 43 39 53
1611187200 19 44 19 44
1611100800 19 44 19 44
1611014400 19 44 19 44
1610928000 19 44 19 44
1610841600 19 44 19 44
1610755200 19 44 19 44
1610668800 19 44 19 44
1610582400 19 44 19 44
1610496000 19 44 19 44
1610409600 19 44 19 44
1610323200 13 35 27 48
1610236800 0 0 0 0
1610150400 0 0 0 0
1610064000 0 0 0 0
1609977600 0 0 0 0
1609891200 0 0 0 0
1609804800 0 0 0 0
1609718400 0 0 0 0
1609632000 0 0 0 0
1609545600 0 0 0 0
1609459200 0 0 0 0
1609372800 0 0 0 0
1609286400 0 0 0 0
1609200000 0 0 0 0
1609113600 0 0 0 0
1609027200 0 0 0 0
1608940800 0 0 0 0
1608854400 0 0 0 0
1608768000 0 0 0 0
1608681600 0 0 0 0
1608595200 0 0 0 0
1608508800 0 0 0 0
1608422400 0 0 0 0
1608336000 0 0 0 0
1608249600 0 0 0 0
1608163200 0 0 0 0
1608076800 0 0 0 0
1607990400 0 0 0 0
1607904000 0 0 0 0
1607817600 0 0 0 0
1607731200 0 0 0 0
1607644800 0 0 0 0
1607558400 0 0 0 0
1607472000 0 0 0 0
1607385600 0 0 0 0
1607299200 0 0 0 0
1607212800 0 0 0 0
1607126400 0 0 0 0
1607040000 0 0 0 0
1606953600 0 0 0 0
1606867200 0 0 0 0
1606780800 0 0 0 0
1606694400 0 0 0 0
1606608000 0 0 0 0
1606521600 0 0 0 0
1606435200 0 0 0 0
1606348800 0 0 0 0
1606262400 0 0 0 0
1606176000 0 0 0 0
1606089600 0 0 0 0
1606003200 0 0 0 0
1605916800 0 0 0 0
1605830400 0 0 0 0
1605744000 0 0 0 0
1605657600 0 0 0 0
1605571200 0 0 0 0
1605484800 0 0 0 0
1605398400 0 0 0 0
1605312000 0 0 0 0
1605225600 0 0 0 0
1605139200 0 0 0 0
1605052800 0 0 0 0
1604966400 0 0 0 0
1604880000 0 0 0 0
1604793600 0 0 0 0
1604707200 0 0 0 0
1604620800 0 0 0 0
1604534400 0 0 0 0
1604448000 0 0 0 0
1604361600 0 0 0 0
1604275200 0 0 0 0
1604188800 0 0 0 0
1604102400 0 0 0 0
1604016000 0 0 0 0
1603929600 0 0 0 0
1603843200 0 0 0 0
1603756800 0 0 0 0
1603670400 0 0 0 0
1603584000 0 0 0 0
1603497600 0 0 0 0
1603411200 0 0 0 0
1603324800 0 0 0 0
1603238400 0 0 0 0
1603152000 0 0 0 0
1603065600 0 0 0 0
1602979200 0 0 0 0
1602892800 0 0 0 0
1602806400 0 0 0 0
1602720000 0 0 0 0
1602633600 0 0 0 0
1602547200 0 0 0 0
1602460800 0 0 0 0
1602374400 0 0 0 0
1602288000 0 0 0 0
1602201600 0 0 0 0
1602115200 0 0 0 0
1602028800 0 0 0 0
1601942400 0 0 0 0
1601856000 0 0 0 0
1601769600 0 0 0 0
1601683200 0 0 0 0
1601596800 0 0 0 0
1601510400 0 0 0 0
1601424000 0 0 0 0
1601337600 0 0 0 0
1601251200 0 0 0 0
1601164800 0 0 0 0
1601078400 0 0 0 0
1600992000 0 0 0 0
1600905600 0 0 0 0
1600819200 0 0 0 0
1600732800 0 0 0 0
1600646400 0 0 0 0
1600560000 0 0 0 0
1600473600 0 0 0 0
1600387200 0 0 0 0
1600300800 0 0 0 0
1600214400 0 0 0 0
1600128000 0 0 0 0
1600041600 0 0 0 0
1599955200 0 0 0 0
1599868800 0 0 0 0
1599782400 0 0 0 0
1599696000 0 0 0 0
1599609600 0 0 0 0
1599523200 0 0 0 0
1599436800 0 0 0 0
1599350400 0 0 0 0
1599264000 0 0 0 0
1599177600 0 0 0 0
1599091200 0 0 0 0
1599004800 0 0 0 0
1598918400 0 0 0 0
1598832000 0 0 0 0
1598745600 0 0 0 0
1598659200 0 0 0 0
1598572800 0 0 0 0
1598486400 0 0 0 0
1598400000 0 0 0 0
1598313600 0 0 0 0
1598227200 0 0 0 0
1598140800 0 0 0 0
1598054400 0 0 0 0
1597968000 0 0 0 0
1597881600 0 0 0 0
1597795200 0 0 0 0
1597708800 0 0 0 0
1597622400 0 0 0 0
1597536000 0 0 0 0
1597449600 0 0 0 0
1597363200 0 0 0 0
1597276800 0 0 0 0
1597190400 0 0 0 0
1597104000 0 0 0 0
1597017600 0 0 0 0
1596931200 0 0 0 0
1596844800 0 0 0 0
1596758400 0 0 0 0
1596672000 0 0 0 0
1596585600 0 0 0 0
1596499200 0 0 0 0
1596412800 0 0 0 0
1596326400 0 0 0 0
1596240000 0 0 0 0
1596153600 0 0 0 0
1596067200 0 0 0 0
1595980800 0 0 0 0
1595894400 0 0 0 0
1595808000 0 0 0 0
1595721600 0 0 0 0
1595635200 0 0 0 0
1595548800 0 0 0 0
1595462400 0 0 0 0
1595376000 0 0 0 0
1595289600 0 0 0 0
1595203200 0 0 0 0
1595116800 0 0 0 0
1595030400 0 0 0 0
1594944000 0 0 0 0
1594857600 0 0 0 0
1594771200 0 0 0 0
1594684800 0 0 0 0
1594598400 0 0 0 0
1594512000 0 0 0 0
1594425600 0 0 0 0
1594339200 0 0 0 0
1594252800 0 0 0 0
1594166400 0 0 0 0
1594080000 0 0 0 0
1593993600 0 0 0 0
1593907200 0 0 0 0
1593820800 0 0 0 0
1593734400 0 0 0 0
1593648000 0 0 0 0
1593561600 0 0 0 0
1593475200 0 0 0 0
1593388800 0 0 0 0
1593302400 0 0 0 0
1593216000 0 0 0 0
1593129600 0 0 0 0
1593043200 0 0 0 0
1592956800 0 0 0 0
1592870400 0 0 0 0
1592784000 0 0 0 0
1592697600 0 0 0 0
1592611200 0 0 0 0
1592524800 0 0 0 0
1592438400 0 0 0 0
1592352000 0 0 0 0
1592265600 0 0 0 0
1592179200 0 0 0 0
1592092800 0 0 0 0
1592006400 0 0 0 0
1591920000 0 0 0 0
1591833600 0 0 0 0
1591747200 0 0 0 0
1591660800 0 0 0 0
1591574400 0 0 0 0
1591488000 0 0 0 0
1591401600 0 0 0 0
1591315200 0 0 0 0
1591228800 0 0 0 0
1591142400 0 0 0 0
1591056000 0 0 0 0
1590969600 0 0 0 0
1590883200 0 0 0 0
1590796800 0 0 0 0
1590710400 0 0 0 0
1590624000 0 0 0 0
1590537600 0 0 0 0
1590451200 0 0 0 0
1590364800 0 0 0 0
1590278400 0 0 0 0
1590192000 0 0 0 0
1590105600 0 0 0 0
1590019200 0 0 0 0
1589932800 0 0 0 0
1589846400 0 0 0 0
1589760000 0 0 0 0
1589673600 0 0 0 0
1589587200 0 0 0 0
1589500800 0 0 0 0
1589414400 0 0 0 0
1589328000 0 0 0 0
1589241600 0 0 0 0
1589155200 0 0 0 0
1589068800 0 0 0 0
1588982400 0 0 0 0
1588896000 0 0 0 0
1588809600 0 0 0 0
1588723200 0 0 0 0
1588636800 0 0 0 0
1588550400 0 0 0 0
1588464000 0 0 0 0
1588377600 0 0 0 0
1588291200 0 0 0 0
1588204800 0 0 0 0
1588118400 0 0 0 0
1588032000 0 0 0 0
1587945600 0 0 0 0
1587859200 0 0 0 0
1587772800 0 0 0 0
1587686400 0 0 0 0
1587600000 0 0 0 0
1587513600 0 0 0 0
1587427200 0 0 0 0
1587340800 0 0 0 0
1587254400 0 0 0 0
1587168000 0 0 0 0
1587081600 0 0 0 0
1586995200 0 0 0 0
1586908800 0 0 0 0
1586822400 0 0 0 0
1586736000 0 0 0 0
1586649600 0 0 0 0
1586563200 0 0 0 0
1586476800 0 0 0 0
1586390400 0 0 0 0
1586304000 0 0 0 0
1586217600 0 0 0 0
1586131200 0 0 0 0
1586044800 0 0 0 0
1585958400 0 0 0 0
1585872000 0 0 0 0
1585785600 0 0 0 0
1585699200 0 0 0 0
1585612800 0 0 0 0
1585526400 0 0 0 0
1585440000 0 0 0 0
1585353600 0 0 0 0
1585267200 0 0 0 0
1585180800 0 0 0 0
1585094400 0 0 0 0
1585008000 0 0 0 0
1584921600 0 0 0 0
1584835200 0 0 0 0
1584748800 0 0 0 0
1584662400 0 0 0 0
1584576000 0 0 0 0
1584489600 0 0 0 0
1584403200 0 0 0 0
1584316800 0 0 0 0
1584230400 0 0 0 0
1584144000 0 0 0 0
1584057600 0 0 0 0
1583971200 0 0 0 0
1583884800 0 0 0 0
1583798400 0 0 0 0
1583712000 0 0 0 0
1583625600 0 0 0 0
1583539200 0 0 0 0
1583452800 0 0 0 0
1583366400 0 0 0 0
1583280000 0 0 0 0
1583193600 0 0 0 0
1583107200 0 0 0 0
1583020800 0 0 0 0
1582934400 0 0 0 0
1582848000 0 0 0 0
1582761600 0 0 0 0
1582675200 0 0 0 0
1582588800 0 0 0 0
1582502400 0 0 0 0
1582416000 0 0 0 0
1582329600 0 0 0 0
1582243200 0 0 0 0
1582156800 0 0 0 0
1582070400 0 0 0 0
1581984000 0 0 0 0
1581897600 0 0 0 0
1581811200 0 0 0 0
1581724800 0 0 0 0
1581638400 0 0 0 0
1581552000 0 0 0 0
1581465600 0 0 0 0
1581379200 0 0 0 0
1581292800 0 0 0 0
1581206400 0 0 0 0
1581120000 0 0 0 0
1581033600 0 0 0 0
1580947200 0 0 0 0
1580860800 0 0 0 0
1580774400 0 0 0 0
1580688000 0 0 0 0
1580601600 0 0 0 0
1580515200 0 0 0 0
1580428800 0 0 0 0
1580342400 0 0 0 0
1580256000 0 0 0 0
1580169600 0 0 0 0
1580083200 0 0 0 0
1579996800 0 0 0 0
1579910400 0 0 0 0
1579824000 0 0 0 0
1579737600 0 0 0 0
1579651200 0 0 0 0
1579564800 0 0 0 0
1579478400 0 0 0 0
1579392000 0 0 0 0
1579305600 0 0 0 0
1579219200 0 0 0 0
1579132800 0 0 0 0
1579046400 0 0 0 0
1578960000 0 0 0 0
1578873600 0 0 0 0
1578787200 0 0 0 0
1578700800 0 0 0 0
1578614400 0 0 0 0
1578528000 0 0 0 0
1578441600 0 0 0 0
1578355200 0 0 0 0
1578268800 0 0 0 0
1578182400 0 0 0 0
1578096000 0 0 0 0
1578009600 0 0 0 0
1577923200 0 0 0 0
1577836800 0 0 0 0
1577750400 0 0 0 0
1577664000 0 0 0 0
1577577600 0 0 0 0
1577491200 0 0 0 0
1577404800 0 0 0 0
1577318400 0 0 0 0
1577232000 0 0 0 0
1577145600 0 0 0 0
1577059200 0 0 0 0
1576972800 0 0 0 0
1576886400 0 0 0 0
1576800000 0 0 0 0
1576713600 0 0 0 0
1576627200 0 0 0 0
1576540800 0 0 0 0
1576454400 0 0 0 0
1576368000 0 0 0 0
1576281600 0 0 0 0
1576195200 0 0 0 0
1576108800 0 0 0 0
1576022400 0 0 0 0
1575936000 0 0 0 0
1575849600 0 0 0 0
1575763200 0 0 0 0
1575676800 0 0 0 0
1575590400 0 0 0 0
1575504000 0 0 0 0
1575417600 0 0 0 0
1575331200 0 0 0 0
1575244800 0 0 0 0
1575158400 0 0 0 0
1575072000 0 0 0 0
1574985600 0 0 0 0
1574899200 0 0 0 0
1574812800 0 0 0 0
1574726400 0 0 0 0
1574640000 0 0 0 0
1574553600 0 0 0 0
1574467200 0 0 0 0
1574380800 0 0 0 0
1574294400 0 0 0 0
1574208000 0 0 0 0
1574121600 0 0 0 0
1574035200 0 0 0 0
1573948800 0 0 0 0
1573862400 0 0 0 0
1573776000 0 0 0 0
1573689600 0 0 0 0
1573603200 0 0 0 0
1573516800 0 0 0 0
1573430400 0 0 0 0
1573344000 0 0 0 0
1573257600 0 0 0 0
1573171200 0 0 0 0
1573084800 0 0 0 0
1572998400 0 0 0 0
1572912000 0 0 0 0
1572825600 0 0 0 0
1572739200 0 0 0 0
1572652800 0 0 0 0
1572566400 0 0 0 0
1572480000 0 0 0 0
1572393600 0 0 0 0
1572307200 0 0 0 0
1572220800 0 0 0 0
1572134400 0 0 0 0
1572048000 0 0 0 0
1571961600 0 0 0 0
1571875200 0 0 0 0
1571788800 0 0 0 0
1571702400 0 0 0 0
1571616000 0 0 0 0
1571529600 0 0 0 0
1571443200 0 0 0 0
1571356800 0 0 0 0
1571270400 0 0 0 0
1571184000 0 0 0 0
1571097600 0 0 0 0
1571011200 0 0 0 0
1570924800 0 0 0 0
1570838400 0 0 0 0
1570752000 0 0 0 0
1570665600 0 0 0 0
1570579200 0 0 0 0
1570492800 0 0 0 0
1570406400 0 0 0 0
1570320000 0 0 0 0
1570233600 0 0 0 0
1570147200 0 0 0 0
1570060800 0 0 0 0
1569974400 0 0 0 0
1569888000 0 0 0 0
1569801600 0 0 0 0
1569715200 0 0 0 0
1569628800 0 0 0 0
1569542400 0 0 0 0
1569456000 0 0 0 0
1569369600 0 0 0 0
1569283200 0 0 0 0
1569196800 0 0 0 0
1569110400 0 0 0 0
1569024000 0 0 0 0
1568937600 0 0 0 0
1568851200 0 0 0 0
1568764800 0 0 0 0
1568678400 0 0 0 0
1568592000 0 0 0 0
1568505600 0 0 0 0
1568419200 0 0 0 0
1568332800 0 0 0 0
1568246400 0 0 0 0
1568160000 0 0 0 0
1568073600 0 0 0 0
1567987200 0 0 0 0
1567900800 0 0 0 0
1567814400 0 0 0 0
1567728000 0 0 0 0
1567641600 0 0 0 0
1567555200 0 0 0 0
1567468800 0 0 0 0
1567382400 0 0 0 0
1567296000 0 0 0 0
1567209600 0 0 0 0
1567123200 0 0 0 0
1567036800 0 0 0 0
1566950400 0 0 0 0
1566864000 0 0 0 0
1566777600 0 0 0 0
1566691200 0 0 0 0
1566604800 0 0 0 0
1566518400 0 0 0 0
1566432000 0 0 0 0
1566345600 0 0 0 0
1566259200 0 0 0 0
1566172800 0 0 0 0
1566086400 0 0 0 0
1566000000 0 0 0 0
1565913600 0 0 0 0
1565827200 0 0 0 0
1565740800 0 0 0 0
1565654400 0 0 0 0
1565568000 0 0 0 0
1565481600 0 0 0 0
1565395200 0 0 0 0
1565308800 0 0 0 0
1565222400 0 0 0 0
1565136000 0 0 0 0
1565049600 0 0 0 0
1564963200 0 0 0 0
1564876800 0 0 0 0
1564790400 0 0 0 0
1564704000 0 0 0 0
1564617600 0 0 0 0
1564531200 0 0 0 0
1564444800 0 0 0 0
1564358400 0 0 0 0
1564272000 0 0 0 0
1564185600 0 0 0 0
1564099200 0 0 0 0
1564012800 0 0 0 0
1563926400 0 0 0 0
1563840000 0 0 0 0
1563753600 0 0 0 0
1563667200 0 0 0 0
1563580800 0 0 0 0
1563494400 0 0 0 0
1563408000 0 0 0 0
1563321600 0 0 0 0
1563235200 0 0 0 0
1563148800 0 0 0 0
1563062400 0 0 0 0
1562976000 0 0 0 0
1562889600 0 0 0 0
1562803200 0 0 0 0
1562716800 0 0 0 0
1562630400 0 0 0 0
1562544000 0 0 0 0
1562457600 0 0 0 0
1562371200 0 0 0 0
1562284800 0 0 0 0
1562198400 0 0 0 0
1562112000 0 0 0 0
1562025600 0 0 0 0
1561939200 0 0 0 0
1561852800 0 0 0 0
1561766400 0 0 0 0
1561680000 0 0 0 0
1561593600 0 0 0 0
1561507200 0 0 0 0
1561420800 0 0 0 0
1561334400 0 0 0 0
1561248000 0 0 0 0
1561161600 0 0 0 0
1561075200 0 0 0 0
1560988800 0 0 0 0
1560902400 0 0 0 0
1560816000 0 0 0 0
1560729600 0 0 0 0
1560643200 0 0 0 0
1560556800 0 0 0 0
1560470400 0 0 0 0
1560384000 0 0 0 0
1560297600 0 0 0 0
1560211200 0 0 0 0
1560124800 0 0 0 0
1560038400 0 0 0 0
1559952000 0 0 0 0
1559865600 0 0 0 0
1559779200 0 0 0 0
1559692800 0 0 0 0
1559606400 0 0 0 0
1559520000 0 0 0 0
1559433600 0 0 0 0
1559347200 0 0 0 0
1559260800 0 0 0 0
1559174400 0 0 0 0
1559088000 0 0 0 0
1559001600 0 0 0 0
1558915200 0 0 0 0
1558828800 0 0 0 0
1558742400 0 0 0 0
1558656000 0 0 0 0
1558569600 0 0 0 0
1558483200 0 0 0 0
1558396800 0 0 0 0
1558310400 0 0 0 0
1558224000 0 0 0 0
1558137600 0 0 0 0
1558051200 0 0 0 0
1557964800 0 0 0 0
1557878400 0 0 0 0
1557792000 0 0 0 0
1557705600 0 0 0 0
1557619200 0 0 0 0
1557532800 0 0 0 0
1557446400 0 0 0 0
1557360000 0 0 0 0
1557273600 0 0 0 0
1557187200 0 0 0 0
1557100800 0 0 0 0
1557014400 0 0 0 0
1556928000 0 0 0 0
1556841600 0 0 0 0
1556755200 0 0 0 0
1556668800 0 0 0 0
1556582400 0 0 0 0
1556496000 0 0 0 0
1556409600 0 0 0 0
1556323200 0 0 0 0
1556236800 0 0 0 0
1556150400 0 0 0 0
1556064000 0 0 0 0
1555977600 0 0 0 0
1555891200 0 0 0 0
1555804800 0 0 0 0
1555718400 0 0 0 0
1555632000 0 0 0 0
1555545600 0 0 0 0
1555459200 0 0 0 0
1555372800 0 0 0 0
1555286400 0 0 0 0
1555200000 0 0 0 0
1555113600 0 0 0 0
