1623793801 1673395989 196722962
1623793801 0 0 0 0
1623793502 0 0 0 0
1623793500 0 0 0 0
1623793200 0 0 0 0
1623792900 0 0 0 0
1623792600 0 0 0 0
1623792300 0 0 0 0
1623792000 0 0 0 0
1623791700 0 0 0 0
1623791400 0 0 0 0
1623791100 0 0 0 0
1623790800 0 0 0 0
1623790500 0 0 0 0
1623790200 0 0 0 0
1623789900 0 0 0 0
1623789600 0 0 0 0
1623789300 0 0 0 0
1623789000 0 0 0 0
1623788700 0 0 0 0
1623788400 0 0 0 0
1623788100 0 0 0 0
1623787800 0 0 0 0
1623787500 0 0 0 0
1623787200 0 0 0 0
1623786900 0 0 0 0
1623786600 0 0 0 0
1623786300 0 0 0 0
1623786000 0 0 0 0
1623785700 0 0 0 0
1623785400 0 0 0 0
1623785100 0 0 0 0
1623784800 0 0 0 0
1623784500 0 0 0 0
1623784200 0 0 0 0
1623783900 0 0 0 0
1623783600 0 0 0 0
1623783300 0 0 0 0
1623783000 0 0 0 0
1623782700 0 0 0 0
1623782400 0 0 0 0
1623782100 0 0 0 0
1623781800 0 0 0 0
1623781500 0 0 0 0
1623781200 0 0 0 0
1623780900 0 0 0 0
1623780600 0 0 0 0
1623780300 0 0 0 0
1623780000 0 0 0 0
1623779700 0 0 0 0
1623779400 0 0 0 0
1623779100 0 0 0 0
1623778800 0 0 0 0
1623778500 0 0 0 0
1623778200 0 0 0 0
1623777900 0 0 0 0
1623777600 0 0 0 0
1623777300 0 0 0 0
1623777000 0 0 0 0
1623776700 0 0 0 0
1623776400 0 0 0 0
1623776100 0 0 0 0
1623775800 0 0 0 0
1623775500 0 0 0 0
1623775200 0 0 0 0
1623774900 0 0 0 0
1623774600 0 0 0 0
1623774300 0 0 0 0
1623774000 0 0 0 0
1623773700 0 0 0 0
1623773400 0 0 0 0
1623773100 0 0 0 0
1623772800 0 0 0 0
1623772500 0 0 0 0
1623772200 0 0 0 0
1623771900 0 0 0 0
1623771600 0 0 0 0
1623771300 0 0 0 0
1623771000 0 0 0 0
1623770700 0 0 0 0
1623770400 0 0 0 0
1623770100 0 0 0 0
1623769800 0 0 0 0
1623769500 0 0 0 0
1623769200 0 0 0 0
1623768900 0 0 0 0
1623768600 0 0 0 0
1623768300 0 0 0 0
1623768000 0 0 0 0
1623767700 0 0 0 0
1623767400 0 0 0 0
1623767100 0 0 0 0
1623766800 0 0 0 0
1623766500 0 0 0 0
1623766200 0 0 0 0
1623765900 0 0 0 0
1623765600 0 0 0 0
1623765300 0 0 0 0
1623765000 0 0 0 0
1623764700 0 0 0 0
1623764400 0 0 0 0
1623764100 0 0 0 0
1623763800 0 0 0 0
1623763500 0 0 0 0
1623763200 0 0 0 0
1623762900 0 0 0 0
1623762600 0 0 0 0
1623762300 0 0 0 0
1623762000 0 0 0 0
1623761700 0 0 0 0
1623761400 0 0 0 0
1623761100 0 0 0 0
1623760800 0 0 0 0
1623760500 0 0 0 0
1623760200 0 0 0 0
1623759900 0 0 0 0
1623759600 0 0 0 0
1623759300 0 0 0 0
1623759000 0 0 0 0
1623758700 0 0 0 0
1623758400 0 0 0 0
1623758100 0 0 0 0
1623757800 0 0 0 0
1623757500 0 0 0 0
1623757200 0 0 0 0
1623756900 0 0 0 0
1623756600 0 0 0 0
1623756300 0 0 0 0
1623756000 0 0 0 0
1623755700 0 0 0 0
1623755400 0 0 0 0
1623755100 0 0 0 0
1623754800 0 0 0 0
1623754500 0 0 0 0
1623754200 0 0 0 0
1623753900 0 0 0 0
1623753600 0 0 0 0
1623753300 0 0 0 0
1623753000 0 0 0 0
1623752700 0 0 0 0
1623752400 0 0 0 0
1623752100 0 0 0 0
1623751800 0 0 0 0
1623751500 0 0 0 0
1623751200 0 0 0 0
1623750900 0 0 0 0
1623750600 0 0 0 0
1623750300 0 0 0 0
1623750000 0 0 0 0
1623749700 0 0 0 0
1623749400 0 0 0 0
1623749100 0 0 0 0
1623748800 0 0 0 0
1623748500 0 0 0 0
1623748200 0 0 0 0
1623747900 0 0 0 0
1623747600 0 0 0 0
1623747300 0 0 0 0
1623747000 0 0 0 0
1623746700 0 0 0 0
1623746400 0 0 0 0
1623746100 0 0 0 0
1623745800 0 0 0 0
1623745500 0 0 0 0
1623745200 0 0 0 0
1623744900 0 0 0 0
1623744600 0 0 0 0
1623744300 0 0 0 0
1623744000 0 0 0 0
1623743700 0 0 0 0
1623743400 0 0 0 0
1623743100 0 0 0 0
1623742800 0 0 0 0
1623742500 0 0 0 0
1623742200 0 0 0 0
1623741900 0 0 0 0
1623741600 0 0 0 0
1623741300 0 0 0 0
1623741000 0 0 0 0
1623740700 0 0 0 0
1623740400 0 0 0 0
1623740100 0 0 0 0
1623739800 0 0 0 0
1623739500 0 0 0 0
1623739200 0 0 0 0
1623738900 0 0 0 0
1623738600 0 0 0 0
1623738300 0 0 0 0
1623738000 0 0 0 0
1623737700 0 0 0 0
1623737400 0 0 0 0
1623737100 0 0 0 0
1623736800 0 0 0 0
1623736500 0 0 0 0
1623736200 0 0 0 0
1623735900 0 0 0 0
1623735600 0 0 0 0
1623735300 0 0 0 0
1623735000 0 0 0 0
1623734700 0 0 0 0
1623734400 0 0 0 0
1623734100 0 0 0 0
1623733800 0 0 0 0
1623733500 0 0 0 0
1623733200 0 0 0 0
1623732900 0 0 0 0
1623732600 0 0 0 0
1623732300 0 0 0 0
1623732000 0 0 0 0
1623731700 0 0 0 0
1623731400 0 0 0 0
1623731100 0 0 0 0
1623730800 0 0 0 0
1623730500 0 0 0 0
1623730200 0 0 0 0
1623729900 0 0 0 0
1623729600 0 0 0 0
1623729300 0 0 0 0
1623729000 0 0 0 0
1623728700 0 0 0 0
1623728400 0 0 0 0
1623728100 0 0 0 0
1623727800 0 0 0 0
1623727500 0 0 0 0
1623727200 0 0 0 0
1623726900 0 0 0 0
1623726600 0 0 0 0
1623726300 0 0 0 0
1623726000 0 0 0 0
1623725700 0 0 0 0
1623725400 0 0 0 0
1623725100 0 0 0 0
1623724800 0 0 0 0
1623724500 0 0 0 0
1623724200 0 0 0 0
1623723900 0 0 0 0
1623723600 0 0 0 0
1623723300 0 0 0 0
1623723000 0 0 0 0
1623722700 0 0 0 0
1623722400 0 0 0 0
1623722100 0 0 0 0
1623721800 0 0 0 0
1623721500 0 0 0 0
1623721200 0 0 0 0
1623720900 0 0 0 0
1623720600 0 0 0 0
1623720300 0 0 0 0
1623720000 0 0 0 0
1623719700 0 0 0 0
1623719400 0 0 0 0
1623719100 0 0 0 0
1623718800 0 0 0 0
1623718500 0 0 0 0
1623718200 0 0 0 0
1623717900 0 0 0 0
1623717600 0 0 0 0
1623717300 0 0 0 0
1623717000 0 0 0 0
1623716700 0 0 0 0
1623716400 0 0 0 0
1623716100 0 0 0 0
1623715800 0 0 0 0
1623715500 0 0 0 0
1623715200 0 0 0 0
1623714900 0 0 0 0
1623714600 0 0 0 0
1623714300 0 0 0 0
1623714000 0 0 0 0
1623713700 0 0 0 0
1623713400 0 0 0 0
1623713100 0 0 0 0
1623712800 0 0 0 0
1623712500 0 0 0 0
1623712200 0 0 0 0
1623711900 0 0 0 0
1623711600 0 0 0 0
1623711300 0 0 0 0
1623711000 0 0 0 0
1623710700 0 0 0 0
1623710400 0 0 0 0
1623710100 0 0 0 0
1623709800 0 0 0 0
1623709500 0 0 0 0
1623709200 0 0 0 0
1623708900 0 0 0 0
1623708600 0 0 0 0
1623708300 0 0 0 0
1623708000 0 0 0 0
1623707700 0 0 0 0
1623707400 0 0 0 0
1623707100 0 0 0 0
1623706800 0 0 0 0
1623706500 0 0 0 0
1623706200 0 0 0 0
1623705900 0 0 0 0
1623705600 0 0 0 0
1623705300 0 0 0 0
1623705000 0 0 0 0
1623704700 0 0 0 0
1623704400 0 0 0 0
1623704100 0 0 0 0
1623703800 0 0 0 0
1623703500 0 0 0 0
1623703200 0 0 0 0
1623702900 0 0 0 0
1623702600 0 0 0 0
1623702300 0 0 0 0
1623702000 0 0 0 0
1623701700 0 0 0 0
1623701400 0 0 0 0
1623701100 0 0 0 0
1623700800 0 0 0 0
1623700500 0 0 0 0
1623700200 0 0 0 0
1623699900 0 0 0 0
1623699600 0 0 0 0
1623699300 0 0 0 0
1623699000 0 0 0 0
1623698700 0 0 0 0
1623698400 0 0 0 0
1623698100 0 0 0 0
1623697800 0 0 0 0
1623697500 0 0 0 0
1623697200 0 0 0 0
1623696900 0 0 0 0
1623696600 0 0 0 0
1623696300 0 0 0 0
1623696000 0 0 0 0
1623695700 0 0 0 0
1623695400 0 0 0 0
1623695100 0 0 0 0
1623694800 0 0 0 0
1623694500 0 0 0 0
1623694200 0 0 0 0
1623693900 0 0 0 0
1623693600 0 0 0 0
1623693300 0 0 0 0
1623693000 0 0 0 0
1623692700 0 0 0 0
1623692400 0 0 0 0
1623692100 0 0 0 0
1623691800 0 0 0 0
1623691500 0 0 0 0
1623691200 0 0 0 0
1623690900 0 0 0 0
1623690600 0 0 0 0
1623690300 0 0 0 0
1623690000 0 0 0 0
1623689700 0 0 0 0
1623689400 0 0 0 0
1623689100 0 0 0 0
1623688800 0 0 0 0
1623688500 0 0 0 0
1623688200 0 0 0 0
1623687900 0 0 0 0
1623687600 0 0 0 0
1623687300 0 0 0 0
1623687000 0 0 0 0
1623686700 0 0 0 0
1623686400 0 0 0 0
1623686100 0 0 0 0
1623685800 0 0 0 0
1623685500 0 0 0 0
1623685200 0 0 0 0
1623684900 0 0 0 0
1623684600 0 0 0 0
1623684300 0 0 0 0
1623684000 0 0 0 0
1623683700 0 0 0 0
1623683400 0 0 0 0
1623683100 0 0 0 0
1623682800 0 0 0 0
1623682500 0 0 0 0
1623682200 0 0 0 0
1623681900 0 0 0 0
1623681600 0 0 0 0
1623681300 0 0 0 0
1623681000 0 0 0 0
1623680700 0 0 0 0
1623680400 0 0 0 0
1623680100 0 0 0 0
1623679800 0 0 0 0
1623679500 0 0 0 0
1623679200 0 0 0 0
1623678900 0 0 0 0
1623678600 0 0 0 0
1623678300 0 0 0 0
1623678000 0 0 0 0
1623677700 0 0 0 0
1623677400 0 0 0 0
1623677100 0 0 0 0
1623676800 0 0 0 0
1623676500 0 0 0 0
1623676200 0 0 0 0
1623675900 0 0 0 0
1623675600 0 0 0 0
1623675300 0 0 0 0
1623675000 0 0 0 0
1623674700 0 0 0 0
1623674400 0 0 0 0
1623674100 0 0 0 0
1623673800 0 0 0 0
1623673500 0 0 0 0
1623673200 0 0 0 0
1623672900 0 0 0 0
1623672600 0 0 0 0
1623672300 0 0 0 0
1623672000 0 0 0 0
1623671700 0 0 0 0
1623671400 0 0 0 0
1623671100 0 0 0 0
1623670800 0 0 0 0
1623670500 0 0 0 0
1623670200 0 0 0 0
1623669900 0 0 0 0
1623669600 0 0 0 0
1623669300 0 0 0 0
1623669000 0 0 0 0
1623668700 0 0 0 0
1623668400 0 0 0 0
1623668100 0 0 0 0
1623667800 0 0 0 0
1623667500 0 0 0 0
1623667200 0 0 0 0
1623666900 0 0 0 0
1623666600 0 0 0 0
1623666300 0 0 0 0
1623666000 0 0 0 0
1623665700 0 0 0 0
1623665400 0 0 0 0
1623665100 0 0 0 0
1623664800 0 0 0 0
1623664500 0 0 0 0
1623664200 0 0 0 0
1623663900 0 0 0 0
1623663600 0 0 0 0
1623663300 0 0 0 0
1623663000 0 0 0 0
1623662700 0 0 0 0
1623662400 0 0 0 0
1623662100 0 0 0 0
1623661800 0 0 0 0
1623661500 0 0 0 0
1623661200 0 0 0 0
1623660900 0 0 0 0
1623660600 0 0 0 0
1623660300 0 0 0 0
1623660000 0 0 0 0
1623659700 0 0 0 0
1623659400 0 0 0 0
1623659100 0 0 0 0
1623658800 0 0 0 0
1623658500 0 0 0 0
1623658200 0 0 0 0
1623657900 0 0 0 0
1623657600 0 0 0 0
1623657300 0 0 0 0
1623657000 0 0 0 0
1623656700 0 0 0 0
1623656400 0 0 0 0
1623656100 0 0 0 0
1623655800 0 0 0 0
1623655500 0 0 0 0
1623655200 0 0 0 0
1623654900 0 0 0 0
1623654600 0 0 0 0
1623654300 0 0 0 0
1623654000 0 0 0 0
1623653700 0 0 0 0
1623653400 0 0 0 0
1623653100 0 0 0 0
1623652800 0 0 0 0
1623652500 0 0 0 0
1623652200 0 0 0 0
1623651900 0 0 0 0
1623651600 0 0 0 0
1623651300 0 0 0 0
1623651000 0 0 0 0
1623650700 0 0 0 0
1623650400 0 0 0 0
1623650100 0 0 0 0
1623649800 0 0 0 0
1623649500 0 0 0 0
1623649200 0 0 0 0
1623648900 0 0 0 0
1623648600 0 0 0 0
1623648300 0 0 0 0
1623648000 0 0 0 0
1623647700 0 0 0 0
1623647400 0 0 0 0
1623647100 0 0 0 0
1623646800 0 0 0 0
1623646500 0 0 0 0
1623646200 0 0 0 0
1623645900 0 0 0 0
1623645600 0 0 0 0
1623645300 0 0 0 0
1623645000 0 0 0 0
1623644700 0 0 0 0
1623644400 0 0 0 0
1623644100 0 0 0 0
1623643800 0 0 0 0
1623643500 0 0 0 0
1623643200 0 0 0 0
1623642900 0 0 0 0
1623642600 0 0 0 0
1623642300 0 0 0 0
1623642000 0 0 0 0
1623641700 0 0 0 0
1623641400 0 0 0 0
1623641100 0 0 0 0
1623640800 0 0 0 0
1623640500 0 0 0 0
1623640200 0 0 0 0
1623639900 0 0 0 0
1623639600 0 0 0 0
1623639300 0 0 0 0
1623639000 0 0 0 0
1623638700 0 0 0 0
1623638400 0 0 0 0
1623638100 0 0 0 0
1623637800 0 0 0 0
1623637500 0 0 0 0
1623637200 0 0 0 0
1623636900 0 0 0 0
1623636600 0 0 0 0
1623636300 0 0 0 0
1623636000 0 0 0 0
1623635700 0 0 0 0
1623635400 0 0 0 0
1623635100 0 0 0 0
1623634800 0 0 0 0
1623634500 0 0 0 0
1623634200 0 0 0 0
1623633900 0 0 0 0
1623633600 0 0 0 0
1623633300 0 0 0 0
1623633000 0 0 0 0
1623632700 0 0 0 0
1623632400 0 0 0 0
1623632100 0 0 0 0
1623631800 0 0 0 0
1623631500 0 0 0 0
1623631200 0 0 0 0
1623630900 0 0 0 0
1623630600 0 0 0 0
1623630300 0 0 0 0
1623630000 0 0 0 0
1623629700 0 0 0 0
1623629400 0 0 0 0
1623629100 0 0 0 0
1623628800 0 0 0 0
1623628500 0 0 0 0
1623628200 0 0 0 0
1623627900 0 0 0 0
1623627600 0 0 0 0
1623627300 0 0 0 0
1623627000 0 0 0 0
1623626700 0 0 0 0
1623626400 0 0 0 0
1623626100 0 0 0 0
1623625800 0 0 0 0
1623625500 0 0 0 0
1623625200 0 0 0 0
1623624900 0 0 0 0
1623624600 0 0 0 0
1623624300 0 0 0 0
1623624000 0 0 0 0
1623623700 0 0 0 0
1623623400 0 0 0 0
1623623100 0 0 0 0
1623622800 0 0 0 0
1623622500 0 0 0 0
1623622200 0 0 0 0
1623621900 0 0 0 0
1623621600 0 0 0 0
1623621300 0 0 0 0
1623621000 0 0 0 0
1623620700 0 0 0 0
1623620400 0 0 0 0
1623620100 0 0 0 0
1623619800 0 0 0 0
1623619500 0 0 0 0
1623619200 0 0 0 0
1623618900 0 0 0 0
1623618600 0 0 0 0
1623618300 0 0 0 0
1623618000 0 0 0 0
1623617700 0 0 0 0
1623617400 0 0 0 0
1623617100 0 0 0 0
1623616800 0 0 0 0
1623616500 0 0 0 0
1623616200 0 0 0 0
1623615900 0 0 0 0
1623615600 0 0 0 0
1623615300 0 0 0 0
1623615000 0 0 0 0
1623614700 0 0 0 0
1623614400 0 0 0 0
1623614100 0 0 0 0
1623613800 0 0 0 0
1623612600 0 0 0 0
1623610800 0 0 0 0
1623609000 0 0 0 0
1623607200 0 0 0 0
1623605400 0 0 0 0
1623603600 0 0 0 0
1623601800 0 0 0 0
1623600000 0 0 0 0
1623598200 0 0 0 0
1623596400 0 0 0 0
1623594600 0 0 0 0
1623592800 0 0 0 0
1623591000 0 0 0 0
1623589200 0 0 0 0
1623587400 0 0 0 0
1623585600 0 0 0 0
1623583800 0 0 0 0
1623582000 0 0 0 0
1623580200 0 0 0 0
1623578400 0 0 0 0
1623576600 0 0 0 0
1623574800 0 0 0 0
1623573000 0 0 0 0
1623571200 0 0 0 0
1623569400 0 0 0 0
1623567600 0 0 0 0
1623565800 0 0 0 0
1623564000 0 0 0 0
1623562200 0 0 0 0
1623560400 0 0 0 0
1623558600 0 0 0 0
1623556800 0 0 0 0
1623555000 0 0 0 0
1623553200 0 0 0 0
1623551400 0 0 0 0
1623549600 0 0 0 0
1623547800 0 0 0 0
1623546000 0 0 0 0
1623544200 0 0 0 0
1623542400 0 0 0 0
1623540600 0 0 0 0
1623538800 0 0 0 0
1623537000 0 0 0 0
1623535200 0 0 0 0
1623533400 0 0 0 0
1623531600 0 0 0 0
1623529800 0 0 0 0
1623528000 0 0 0 0
1623526200 0 0 0 0
1623524400 0 0 0 0
1623522600 0 0 0 0
1623520800 0 0 0 0
1623519000 0 0 0 0
1623517200 0 0 0 0
1623515400 0 0 0 0
1623513600 0 0 0 0
1623511800 0 0 0 0
1623510000 0 0 0 0
1623508200 0 0 0 0
1623506400 0 0 0 0
1623504600 0 0 0 0
1623502800 0 0 0 0
1623501000 0 0 0 0
1623499200 0 0 0 0
1623497400 0 0 0 0
1623495600 0 0 0 0
1623493800 0 0 0 0
1623492000 0 0 0 0
1623490200 0 0 0 0
1623488400 0 0 0 0
1623486600 0 0 0 0
1623484800 0 0 0 0
1623483000 0 0 0 0
1623481200 0 0 0 0
1623479400 0 0 0 0
1623477600 0 0 0 0
1623475800 0 0 0 0
1623474000 0 0 0 0
1623472200 0 0 0 0
1623470400 0 0 0 0
1623468600 0 0 0 0
1623466800 0 0 0 0
1623465000 0 0 0 0
1623463200 0 0 0 0
1623461400 0 0 0 0
1623459600 0 0 0 0
1623457800 0 0 0 0
1623456000 0 0 0 0
1623454200 0 0 0 0
1623452400 0 0 0 0
1623450600 0 0 0 0
1623448800 0 0 0 0
1623447000 0 0 0 0
1623445200 0 0 0 0
1623443400 0 0 0 0
1623441600 0 0 0 0
1623439800 0 0 0 0
1623438000 0 0 0 0
1623436200 0 0 0 0
1623434400 0 0 0 0
1623432600 0 0 0 0
1623430800 0 0 0 0
1623429000 0 0 0 0
1623427200 0 0 0 0
1623425400 0 0 0 0
1623423600 0 0 0 0
1623421800 0 0 0 0
1623420000 0 0 0 0
1623418200 0 0 0 0
1623416400 0 0 0 0
1623414600 0 0 0 0
1623412800 0 0 0 0
1623411000 0 0 0 0
1623409200 0 0 0 0
1623407400 0 0 0 0
1623405600 0 0 0 0
1623403800 0 0 0 0
1623402000 0 0 0 0
1623400200 0 0 0 0
1623398400 0 0 0 0
1623396600 0 0 0 0
1623394800 0 0 0 0
1623393000 0 0 0 0
1623391200 0 0 0 0
1623389400 0 0 0 0
1623387600 0 0 0 0
1623385800 0 0 0 0
1623384000 0 0 0 0
1623382200 0 0 0 0
1623380400 0 0 0 0
1623378600 0 0 0 0
1623376800 0 0 0 0
1623375000 0 0 0 0
1623373200 0 0 0 0
1623371400 0 0 0 0
1623369600 0 0 0 0
1623367800 0 0 0 0
1623366000 0 0 0 0
1623364200 0 0 0 0
1623362400 0 0 0 0
1623360600 0 0 0 0
1623358800 0 0 0 0
1623357000 0 0 0 0
1623355200 0 0 0 0
1623353400 0 0 0 0
1623351600 0 0 0 0
1623349800 0 0 0 0
1623348000 0 0 0 0
1623346200 0 0 0 0
1623344400 0 0 0 0
1623342600 0 0 0 0
1623340800 0 0 0 0
1623339000 0 0 0 0
1623337200 0 0 0 0
1623335400 0 0 0 0
1623333600 0 0 0 0
1623331800 0 0 0 0
1623330000 0 0 0 0
1623328200 0 0 0 0
1623326400 0 0 0 0
1623324600 0 0 0 0
1623322800 0 0 0 0
1623321000 0 0 0 0
1623319200 0 0 0 0
1623317400 0 0 0 0
1623315600 0 0 0 0
1623313800 0 0 0 0
1623312000 0 0 0 0
1623310200 0 0 0 0
1623308400 0 0 0 0
1623306600 0 0 0 0
1623304800 0 0 0 0
1623303000 0 0 0 0
1623301200 0 0 0 0
1623299400 0 0 0 0
1623297600 0 0 0 0
1623295800 0 0 0 0
1623294000 0 0 0 0
1623292200 0 0 0 0
1623290400 0 0 0 0
1623288600 0 0 0 0
1623286800 0 0 0 0
1623285000 0 0 0 0
1623283200 0 0 0 0
1623281400 0 0 0 0
1623279600 0 0 0 0
1623277800 0 0 0 0
1623276000 0 0 0 0
1623274200 0 0 0 0
1623272400 0 0 0 0
1623270600 0 0 0 0
1623268800 0 0 0 0
1623267000 0 0 0 0
1623265200 0 0 0 0
1623263400 0 0 0 0
1623261600 0 0 0 0
1623259800 0 0 0 0
1623258000 0 0 0 0
1623256200 0 0 0 0
1623254400 0 0 0 0
1623252600 0 0 0 0
1623250800 0 0 0 0
1623249000 0 0 0 0
1623247200 0 0 0 0
1623245400 0 0 0 0
1623243600 0 0 0 0
1623241800 0 0 0 0
1623240000 0 0 0 0
1623238200 0 0 0 0
1623236400 0 0 0 0
1623234600 0 0 0 0
1623232800 0 0 0 0
1623231000 0 0 0 0
1623229200 0 0 0 0
1623227400 0 0 0 0
1623225600 0 0 0 0
1623223800 0 0 0 0
1623222000 0 0 0 0
1623220200 0 0 0 0
1623218400 0 0 0 0
1623216600 0 0 0 0
1623214800 0 0 0 0
1623213000 0 0 0 0
1623211200 0 0 0 0
1623209400 0 0 0 0
1623207600 0 0 0 0
1623205800 0 0 0 0
1623204000 0 0 0 0
1623202200 0 0 0 0
1623200400 0 0 0 0
1623198600 0 0 0 0
1623196800 0 0 0 0
1623195000 0 0 0 0
1623193200 0 0 0 0
1623191400 0 0 0 0
1623189600 0 0 0 0
1623187800 0 0 0 0
1623186000 0 0 0 0
1623184200 0 0 0 0
1623182400 0 0 0 0
1623180600 0 0 0 0
1623178800 0 0 0 0
1623177000 0 0 0 0
1623175200 0 0 0 0
1623173400 0 0 0 0
1623171600 0 0 0 0
1623169800 0 0 0 0
1623168000 0 0 0 0
1623166200 0 0 0 0
1623164400 0 0 0 0
1623162600 0 0 0 0
1623160800 0 0 0 0
1623159000 0 0 0 0
1623157200 0 0 0 0
1623155400 0 0 0 0
1623153600 0 0 0 0
1623151800 0 0 0 0
1623150000 0 0 0 0
1623148200 0 0 0 0
1623146400 0 0 0 0
1623144600 0 0 0 0
1623142800 0 0 0 0
1623141000 0 0 0 0
1623139200 0 0 0 0
1623137400 0 0 0 0
1623135600 0 0 0 0
1623133800 0 0 0 0
1623132000 0 0 0 0
1623130200 0 0 0 0
1623128400 0 0 0 0
1623126600 0 0 0 0
1623124800 0 0 0 0
1623123000 0 0 0 0
1623121200 0 0 0 0
1623119400 0 0 0 0
1623117600 0 0 0 0
1623115800 0 0 0 0
1623114000 0 0 0 0
1623112200 0 0 0 0
1623110400 0 0 0 0
1623108600 0 0 0 0
1623106800 0 0 0 0
1623105000 0 0 0 0
1623103200 0 0 0 0
1623101400 0 0 0 0
1623099600 0 0 0 0
1623097800 0 0 0 0
1623096000 0 0 0 0
1623094200 0 0 0 0
1623092400 0 0 0 0
1623090600 0 0 0 0
1623088800 0 0 0 0
1623087000 0 0 0 0
1623085200 0 0 0 0
1623083400 0 0 0 0
1623081600 0 0 0 0
1623079800 0 0 0 0
1623078000 0 0 0 0
1623076200 0 0 0 0
1623074400 0 0 0 0
1623072600 0 0 0 0
1623070800 0 0 0 0
1623069000 0 0 0 0
1623067200 0 0 0 0
1623065400 0 0 0 0
1623063600 0 0 0 0
1623061800 0 0 0 0
1623060000 0 0 0 0
1623058200 0 0 0 0
1623056400 0 0 0 0
1623054600 0 0 0 0
1623052800 0 0 0 0
1623051000 0 0 0 0
1623049200 0 0 0 0
1623047400 0 0 0 0
1623045600 0 0 0 0
1623043800 0 0 0 0
1623042000 0 0 0 0
1623040200 0 0 0 0
1623038400 0 0 0 0
1623036600 0 0 0 0
1623034800 0 0 0 0
1623033000 0 0 0 0
1623031200 0 0 0 0
1623029400 0 0 0 0
1623027600 0 0 0 0
1623025800 0 0 0 0
1623024000 0 0 0 0
1623022200 0 0 0 0
1623020400 0 0 0 0
1623018600 0 0 0 0
1623016800 0 0 0 0
1623015000 0 0 0 0
1623013200 0 0 0 0
1623011400 0 0 0 0
1623009600 0 0 0 0
1623007800 0 0 0 0
1623006000 0 0 0 0
1623004200 0 0 0 0
1623002400 0 0 0 0
1623000600 0 0 0 0
1622998800 0 0 0 0
1622997000 0 0 0 0
1622995200 0 0 0 0
1622993400 0 0 0 0
1622991600 0 0 0 0
1622989800 0 0 0 0
1622988000 0 0 0 0
1622986200 0 0 0 0
1622984400 0 0 0 0
1622982600 0 0 0 0
1622980800 0 0 0 0
1622979000 0 0 0 0
1622977200 0 0 0 0
1622975400 0 0 0 0
1622973600 0 0 0 0
1622971800 0 0 0 0
1622970000 0 0 0 0
1622968200 0 0 0 0
1622966400 0 0 0 0
1622964600 0 0 0 0
1622962800 0 0 0 0
1622961000 0 0 0 0
1622959200 0 0 0 0
1622957400 0 0 0 0
1622955600 0 0 0 0
1622953800 0 0 0 0
1622952000 0 0 0 0
1622950200 0 0 0 0
1622948400 0 0 0 0
1622946600 0 0 0 0
1622944800 0 0 0 0
1622943000 0 0 0 0
1622941200 0 0 0 0
1622939400 0 0 0 0
1622937600 0 0 0 0
1622935800 0 0 0 0
1622934000 0 0 0 0
1622932200 0 0 0 0
1622930400 0 0 0 0
1622928600 0 0 0 0
1622926800 0 0 0 0
1622925000 0 0 0 0
1622923200 0 0 0 0
1622921400 0 0 0 0
1622919600 0 0 0 0
1622917800 0 0 0 0
1622916000 0 0 0 0
1622914200 0 0 0 0
1622912400 0 0 0 0
1622910600 0 0 0 0
1622908800 0 0 0 0
1622907000 0 0 0 0
1622905200 0 0 0 0
1622903400 0 0 0 0
1622901600 0 0 0 0
1622899800 0 0 0 0
1622898000 0 0 0 0
1622896200 0 0 0 0
1622894400 0 0 0 0
1622892600 0 0 0 0
1622890800 0 0 0 0
1622889000 0 0 0 0
1622887200 0 0 0 0
1622885400 0 0 0 0
1622883600 0 0 0 0
1622881800 0 0 0 0
1622880000 0 0 0 0
1622878200 0 0 0 0
1622876400 0 0 0 0
1622874600 0 0 0 0
1622872800 0 0 0 0
1622871000 0 0 0 0
1622869200 0 0 0 0
1622867400 0 0 0 0
1622865600 0 0 0 0
1622863800 0 0 0 0
1622862000 0 0 0 0
1622860200 0 0 0 0
1622858400 0 0 0 0
1622856600 0 0 0 0
1622854800 0 0 0 0
1622853000 0 0 0 0
1622851200 0 0 0 0
1622849400 0 0 0 0
1622847600 0 0 0 0
1622845800 0 0 0 0
1622844000 0 0 0 0
1622842200 0 0 0 0
1622840400 0 0 0 0
1622838600 0 0 0 0
1622836800 0 0 0 0
1622835000 0 0 0 0
1622833200 0 0 0 0
1622831400 0 0 0 0
1622829600 0 0 0 0
1622827800 0 0 0 0
1622826000 0 0 0 0
1622824200 0 0 0 0
1622822400 0 0 0 0
1622820600 0 0 0 0
1622818800 0 0 0 0
1622817000 0 0 0 0
1622815200 0 0 0 0
1622813400 0 0 0 0
1622811600 0 0 0 0
1622809800 0 0 0 0
1622808000 0 0 0 0
1622806200 0 0 0 0
1622804400 0 0 0 0
1622802600 0 0 0 0
1622800800 0 0 0 0
1622799000 0 0 0 0
1622797200 0 0 0 0
1622795400 0 0 0 0
1622793600 0 0 0 0
1622791800 0 0 0 0
1622790000 0 0 0 0
1622788200 0 0 0 0
1622786400 0 0 0 0
1622784600 0 0 0 0
1622782800 0 0 0 0
1622781000 0 0 0 0
1622779200 0 0 0 0
1622777400 0 0 0 0
1622775600 0 0 0 0
1622773800 0 0 0 0
1622772000 0 0 0 0
1622770200 0 0 0 0
1622768400 0 0 0 0
1622766600 0 0 0 0
1622764800 0 0 0 0
1622763000 0 0 0 0
1622761200 0 0 0 0
1622759400 0 0 0 0
1622757600 0 0 0 0
1622755800 0 0 0 0
1622754000 0 0 0 0
1622752200 0 0 0 0
1622750400 0 0 0 0
1622748600 0 0 0 0
1622746800 0 0 0 0
1622745000 0 0 0 0
1622743200 0 0 0 0
1622741400 0 0 0 0
1622739600 0 0 0 0
1622737800 0 0 0 0
1622736000 0 0 0 0
1622734200 0 0 0 0
1622732400 0 0 0 0
1622730600 0 0 0 0
1622728800 0 0 0 0
1622727000 0 0 0 0
1622725200 0 0 0 0
1622723400 0 0 0 0
1622721600 0 0 0 0
1622719800 0 0 0 0
1622718000 0 0 0 0
1622716200 0 0 0 0
1622714400 0 0 0 0
1622712600 0 0 0 0
1622710800 0 0 0 0
1622709000 0 0 0 0
1622707200 0 0 0 0
1622705400 0 0 0 0
1622703600 0 0 0 0
1622701800 0 0 0 0
1622700000 0 0 0 0
1622698200 0 0 0 0
1622696400 0 0 0 0
1622694600 0 0 0 0
1622692800 0 0 0 0
1622691000 0 0 0 0
1622689200 0 0 0 0
1622687400 0 0 0 0
1622685600 0 0 0 0
1622683800 0 0 0 0
1622682000 0 0 0 0
1622680200 0 0 0 0
1622678400 0 0 0 0
1622676600 0 0 0 0
1622674800 0 0 0 0
1622673000 0 0 0 0
1622671200 0 0 0 0
1622669400 0 0 0 0
1622667600 0 0 0 0
1622665800 0 0 0 0
1622664000 0 0 0 0
1622662200 0 0 0 0
1622660400 0 0 0 0
1622658600 0 0 0 0
1622656800 0 0 0 0
1622655000 0 0 0 0
1622653200 0 0 0 0
1622651400 0 0 0 0
1622649600 0 0 0 0
1622647800 0 0 0 0
1622646000 0 0 0 0
1622644200 0 0 0 0
1622642400 0 0 0 0
1622640600 0 0 0 0
1622638800 0 0 0 0
1622637000 0 0 0 0
1622635200 0 0 0 0
1622633400 0 0 0 0
1622631600 0 0 0 0
1622629800 0 0 0 0
1622628000 0 0 0 0
1622626200 0 0 0 0
1622624400 0 0 0 0
1622622600 0 0 0 0
1622620800 0 0 0 0
1622619000 0 0 0 0
1622617200 0 0 0 0
1622615400 0 0 0 0
1622613600 0 0 0 0
1622611800 0 0 0 0
1622610000 0 0 0 0
1622608200 0 0 0 0
1622606400 0 0 0 0
1622604600 0 0 0 0
1622602800 0 0 0 0
1622601000 0 0 0 0
1622599200 0 0 0 0
1622597400 0 0 0 0
1622595600 0 0 0 0
1622593800 0 0 0 0
1622592000 0 0 0 0
1622590200 0 0 0 0
1622588400 0 0 0 0
1622586600 0 0 0 0
1622584800 0 0 0 0
1622583000 0 0 0 0
1622581200 0 0 0 0
1622579400 0 0 0 0
1622577600 0 0 0 0
1622575800 0 0 0 0
1622574000 0 0 0 0
1622572200 0 0 0 0
1622570400 0 0 0 0
1622568600 0 0 0 0
1622566800 0 0 0 0
1622565000 0 0 0 0
1622563200 0 0 0 0
1622561400 0 0 0 0
1622559600 0 0 0 0
1622557800 0 0 0 0
1622556000 0 0 0 0
1622554200 0 0 0 0
1622552400 0 0 0 0
1622550600 0 0 0 0
1622548800 0 0 0 0
1622547000 0 0 0 0
1622545200 0 0 0 0
1622543400 0 0 0 0
1622541600 0 0 0 0
1622539800 0 0 0 0
1622538000 0 0 0 0
1622536200 0 0 0 0
1622534400 0 0 0 0
1622532600 0 0 0 0
1622527200 0 0 0 0
1622520000 0 0 0 0
1622512800 0 0 0 0
1622505600 0 0 0 0
1622498400 0 0 0 0
1622491200 0 0 0 0
1622484000 0 0 0 0
1622476800 0 0 0 0
1622469600 0 0 0 0
1622462400 0 0 0 0
1622455200 0 0 0 0
1622448000 0 0 0 0
1622440800 0 0 0 0
1622433600 0 0 0 0
1622426400 0 0 0 0
1622419200 0 0 0 0
1622412000 0 0 0 0
1622404800 0 0 0 0
1622397600 0 0 0 0
1622390400 0 0 0 0
1622383200 0 0 0 0
1622376000 0 0 0 0
1622368800 0 0 0 0
1622361600 0 0 0 0
1622354400 0 0 0 0
1622347200 0 0 0 0
1622340000 0 0 0 0
1622332800 0 0 0 0
1622325600 0 0 0 0
1622318400 0 0 0 0
1622311200 0 0 0 0
1622304000 0 0 0 0
1622296800 0 0 0 0
1622289600 0 0 0 0
1622282400 0 0 0 0
1622275200 0 0 0 0
1622268000 0 0 0 0
1622260800 0 0 0 0
1622253600 0 0 0 0
1622246400 0 0 0 0
1622239200 0 0 0 0
1622232000 0 0 0 0
1622224800 0 0 0 0
1622217600 0 0 0 0
1622210400 0 0 0 0
1622203200 0 0 0 0
1622196000 0 0 0 0
1622188800 0 0 0 0
1622181600 0 0 0 0
1622174400 0 0 0 0
1622167200 0 0 0 0
1622160000 0 0 0 0
1622152800 0 0 0 0
1622145600 0 0 0 0
1622138400 0 0 0 0
1622131200 0 0 0 0
1622124000 0 0 0 0
1622116800 0 0 0 0
1622109600 0 0 0 0
1622102400 0 0 0 0
1622095200 0 0 0 0
1622088000 0 0 0 0
1622080800 0 0 0 0
1622073600 0 0 0 0
1622066400 0 0 0 0
1622059200 0 0 0 0
1622052000 0 0 0 0
1622044800 0 0 0 0
1622037600 0 0 0 0
1622030400 0 0 0 0
1622023200 0 0 0 0
1622016000 0 0 0 0
1622008800 0 0 0 0
1622001600 0 0 0 0
1621994400 0 0 0 0
1621987200 0 0 0 0
1621980000 0 0 0 0
1621972800 0 0 0 0
1621965600 0 0 0 0
1621958400 0 0 0 0
1621951200 0 0 0 0
1621944000 0 0 0 0
1621936800 0 0 0 0
1621929600 0 0 0 0
1621922400 0 0 0 0
1621915200 0 0 0 0
1621908000 0 0 0 0
1621900800 0 0 0 0
1621893600 0 0 0 0
1621886400 0 0 0 0
1621879200 0 0 0 0
1621872000 0 0 0 0
1621864800 0 0 0 0
1621857600 0 0 0 0
1621850400 0 0 0 0
1621843200 0 0 0 0
1621836000 0 0 0 0
1621828800 0 0 0 0
1621821600 0 0 0 0
1621814400 0 0 0 0
1621807200 0 0 0 0
1621800000 0 0 0 0
1621792800 0 0 0 0
1621785600 0 0 0 0
1621778400 0 0 0 0
1621771200 0 0 0 0
1621764000 0 0 0 0
1621756800 0 0 0 0
1621749600 0 0 0 0
1621742400 0 0 0 0
1621735200 0 0 0 0
1621728000 0 0 0 0
1621720800 0 0 0 0
1621713600 0 0 0 0
1621706400 0 0 0 0
1621699200 0 0 0 0
1621692000 0 0 0 0
1621684800 0 0 0 0
1621677600 0 0 0 0
1621670400 0 0 0 0
1621663200 0 0 0 0
1621656000 0 0 0 0
1621648800 0 0 0 0
1621641600 0 0 0 0
1621634400 0 0 0 0
1621627200 0 0 0 0
1621620000 0 0 0 0
1621612800 0 0 0 0
1621605600 0 0 0 0
1621598400 0 0 0 0
1621591200 0 0 0 0
1621584000 0 0 0 0
1621576800 0 0 0 0
1621569600 0 0 0 0
1621562400 0 0 0 0
1621555200 0 0 0 0
1621548000 0 0 0 0
1621540800 0 0 0 0
1621533600 0 0 0 0
1621526400 0 0 0 0
1621519200 0 0 0 0
1621512000 0 0 0 0
1621504800 0 0 0 0
1621497600 0 0 0 0
1621490400 0 0 0 0
1621483200 0 0 0 0
1621476000 0 0 0 0
1621468800 0 0 0 0
1621461600 0 0 0 0
1621454400 0 0 0 0
1621447200 0 0 0 0
1621440000 0 0 0 0
1621432800 0 0 0 0
1621425600 0 0 0 0
1621418400 0 0 0 0
1621411200 0 0 0 0
1621404000 0 0 0 0
1621396800 0 0 0 0
1621389600 0 0 0 0
1621382400 0 0 0 0
1621375200 0 0 0 0
1621368000 0 0 0 0
1621360800 0 0 0 0
1621353600 0 0 0 0
1621346400 0 0 0 0
1621339200 0 0 0 0
1621332000 0 0 0 0
1621324800 0 0 0 0
1621317600 0 0 0 0
1621310400 0 0 0 0
1621303200 0 0 0 0
1621296000 0 0 0 0
1621288800 0 0 0 0
1621281600 0 0 0 0
1621274400 0 0 0 0
1621267200 0 0 0 0
1621260000 0 0 0 0
1621252800 0 0 0 0
1621245600 0 0 0 0
1621238400 0 0 0 0
1621231200 0 0 0 0
1621224000 0 0 0 0
1621216800 0 0 0 0
1621209600 0 0 0 0
1621202400 0 0 0 0
1621195200 0 0 0 0
1621188000 0 0 0 0
1621180800 0 0 0 0
1621173600 0 0 0 0
1621166400 0 0 0 0
1621159200 0 0 0 0
1621152000 0 0 0 0
1621144800 0 0 0 0
1621137600 0 0 0 0
1621130400 0 0 0 0
1621123200 0 0 0 0
1621116000 0 0 0 0
1621108800 0 0 0 0
1621101600 0 0 0 0
1621094400 0 0 0 0
1621087200 0 0 0 0
1621080000 0 0 0 0
1621072800 0 0 0 0
1621065600 0 0 0 0
1621058400 0 0 0 0
1621051200 0 0 0 0
1621044000 0 0 0 0
1621036800 0 0 0 0
1621029600 0 0 0 0
1621022400 0 0 0 0
1621015200 0 0 0 0
1621008000 0 0 0 0
1621000800 0 0 0 0
1620993600 0 0 0 0
1620986400 0 0 0 0
1620979200 0 0 0 0
1620972000 0 0 0 0
1620964800 0 0 0 0
1620957600 0 0 0 0
1620950400 0 0 0 0
1620943200 0 0 0 0
1620936000 0 0 0 0
1620928800 0 0 0 0
1620921600 0 0 0 0
1620914400 0 0 0 0
1620907200 0 0 0 0
1620900000 0 0 0 0
1620892800 0 0 0 0
1620885600 0 0 0 0
1620878400 0 0 0 0
1620871200 0 0 0 0
1620864000 0 0 0 0
1620856800 0 0 0 0
1620849600 0 0 0 0
1620842400 0 0 0 0
1620835200 0 0 0 0
1620828000 0 0 0 0
1620820800 0 0 0 0
1620813600 0 0 0 0
1620806400 0 0 0 0
1620799200 0 0 0 0
1620792000 0 0 0 0
1620784800 0 0 0 0
1620777600 0 0 0 0
1620770400 0 0 0 0
1620763200 0 0 0 0
1620756000 0 0 0 0
1620748800 0 0 0 0
1620741600 0 0 0 0
1620734400 0 0 0 0
1620727200 0 0 0 0
1620720000 0 0 0 0
1620712800 0 0 0 0
1620705600 0 0 0 0
1620698400 0 0 0 0
1620691200 0 0 0 0
1620684000 0 0 0 0
1620676800 0 0 0 0
1620669600 0 0 0 0
1620662400 0 0 0 0
1620655200 0 0 0 0
1620648000 0 0 0 0
1620640800 0 0 0 0
1620633600 0 0 0 0
1620626400 0 0 0 0
1620619200 0 0 0 0
1620612000 0 0 0 0
1620604800 0 0 0 0
1620597600 0 0 0 0
1620590400 0 0 0 0
1620583200 0 0 0 0
1620576000 0 0 0 0
1620568800 0 0 0 0
1620561600 0 0 0 0
1620554400 0 0 0 0
1620547200 0 0 0 0
1620540000 0 0 0 0
1620532800 0 0 0 0
1620525600 0 0 0 0
1620518400 0 0 0 0
1620511200 0 0 0 0
1620504000 0 0 0 0
1620496800 0 0 0 0
1620489600 0 0 0 0
1620482400 0 0 0 0
1620475200 0 0 0 0
1620468000 0 0 0 0
1620460800 0 0 0 0
1620453600 0 0 0 0
1620446400 0 0 0 0
1620439200 1370468 291414 6631063 6370901
1620432000 5727757 1759774 13327941 6370901
1620424800 6835606 1397698 13111637 3174526
1620417600 7624852 1785144 14104964 2396524
1620410400 8571634 1956270 12400548 5648597
1620403200 8871178 961794 12400548 1825678
1620396000 2143639 422647 3818436 1336094
1620388800 2625136 201522 6105120 370686
1620381600 1794725 178592 4534442 568405
1620374400 3649837 280961 4793639 503417
1620367200 1921056 481078 4393581 1508702
1620360000 2382537 582121 4893392 1478485
1620352800 2840048 1024609 5486261 1739092
1620345600 4602692 1220697 8581250 2716408
1620338400 8493051 1760288 13494609 4328386
1620331200 9789854 2997574 13895159 8690929
1620324000 7633406 2550716 12793580 6671649
1620316800 7128251 1328705 12031781 4148166
1620309600 2815335 583265 8139452 1064778
1620302400 3873234 231040 7930666 413659
1620295200 1975622 173511 6825092 293452
1620288000 952906 307431 4867115 489813
1620280800 2107864 421737 6032868 1084526
1620273600 831352 608441 1682104 1193651
1620266400 2052986 815499 6296101 1638367
1620259200 4404590 1141895 7140734 1558184
1620252000 5470146 1053734 12976826 1877569
1620244800 8255420 2247632 13957033 12076353
1620237600 9080138 1513420 13935611 2171571
1620230400 5874668 1266775 10629312 6493094
1620223200 2465475 607507 6393224 2014642
1620216000 4730984 248153 9075005 504906
1620208800 2046619 199053 5313932 553055
1620201600 933708 504145 4466423 1315587
1620194400 1866938 1119377 5099808 2412458
1620187200 711403 1003331 1311857 2045130
1620180000 1293756 1099735 2358734 1821759
1620172800 4028212 1526109 12239264 2857845
1620165600 7648564 1889966 12239264 3418173
1620158400 7145878 4111102 14221366 11256932
1620151200 8473000 3647655 12840237 8459704
1620144000 8746481 1277280 11523957 3035846
1620136800 868317 501039 2058070 1058702
1620129600 3955503 329612 8549434 2484861
1620122400 722091 255069 5049370 670977
1620115200 1485223 247167 7723631 578795
1620108000 2502691 385842 11788118 1293741
1620100800 2089159 438606 5460234 995320
1620093600 3035872 914668 7504425 1427626
1620086400 4460026 1488645 10109501 2898043
1620079200 8073911 2701165 12810362 4087184
1620072000 6938988 2494830 10646117 4846201
1620064800 7757252 2066242 11789941 4864206
1620057600 7647200 1899838 12043743 10892669
1620050400 1100914 468186 2726493 1681382
1620043200 2662187 191933 6446808 302297
1620036000 2440203 177241 7759970 282024
1620028800 303169 148635 697441 234190
1620021600 1823345 523767 6443244 1554851
1620014400 467437 537028 4087250 1463936
1620007200 1233915 711074 2483660 1738907
1620000000 2050700 917359 6487865 1736270
1619992800 2705399 505204 5994717 1548184
1619985600 1521253 376902 4969444 1079935
1619978400 1534618 380357 7541495 1026785
1619971200 2468834 446568 5352333 1048076
1619964000 1070409 409248 8764194 977903
1619956800 2502330 161293 6122385 265199
1619949600 3697022 175117 6611518 275532
1619942400 873703 215291 4350411 817680
1619935200 1677063 803295 5082576 1477607
1619928000 2063817 483454 6053710 1433026
1619920800 2389036 418486 6585508 1177763
1619913600 502261 460692 3177922 3086885
1619906400 2505709 383408 8605363 1130603
1619899200 1025152 599228 4706305 3223538
1619892000 2379765 931769 9158887 5786385
1619884800 1057990 345565 5097543 1192598
1619877600 2470991 411101 7357111 1068261
1619870400 3615183 212492 9064356 487817
1619863200 2530192 222916 5861254 326404
1619856000 2649062 363106 8435152 719541
1619848800 3247810 617789 7755512 1164440
1619841600 2556189 437385 6411232 1325003
1619834400 4514900 1697959 10785946 11979185
1619827200 5665828 1770694 11199377 11979185
1619820000 6793717 1445811 10112288 3780899
1619812800 6031937 2130747 13716326 4312344
1619805600 9033554 2241248 12884428 6192773
1619798400 7320773 1149166 12610543 2489797
1619791200 3752676 708445 6841873 1377133
1619784000 3694680 343771 5511790 564625
1619776800 2455089 157845 6357012 215641
1619769600 4236218 671418 13443140 1027401
1619762400 4633957 747950 8503126 1497619
1619755200 1889230 1224890 5472874 8868761
1619748000 3469467 1067881 7801121 1793734
1619740800 5363783 1487122 9789475 3782264
1619733600 5881242 1548937 11330168 2669936
1619726400 8122553 2138031 13351942 3306581
1619719200 8681616 1648553 14145449 2768486
1619712000 5921580 1045966 14181559 1935338
1619704800 2855533 267005 12953630 500100
1619697600 4643655 227387 12953630 458190
1619690400 2593493 148387 7447058 246355
1619683200 4981712 314300 10589160 501702
1619676000 2731599 411190 7058257 822935
1619668800 982715 531657 5337692 1191455
1619661600 3900013 846391 8746217 1824063
1619654400 4693036 2099711 11220825 5749601
1619647200 6301616 1913686 9876574 4199193
1619640000 8761329 2770789 14066717 9842170
1619632800 8135091 2201052 13521808 3721967
1619625600 6905132 1993048 13836764 3475895
1619618400 2130247 338417 7551343 1027884
1619611200 2543340 189702 7551343 308723
1619604000 2587381 168577 6006035 244363
1619596800 2560483 252446 5867974 512453
1619589600 4413307 455259 11244479 1301467
1619582400 2638078 418045 5864156 1152287
1619575200 4597387 630783 12268901 1599299
1619568000 6967554 2129363 13530771 11193827
1619560800 7365218 1214487 14083556 2853220
1619553600 9377117 2628686 14179190 10196573
1619546400 6844377 3502932 14093579 9700843
1619539200 8226771 2048051 13140615 7006859
1619532000 2144593 356855 6361139 1395308
1619524800 5264649 260282 9030508 409106
1619517600 605712 139102 1522219 166407
1619510400 656481 216683 2445090 793443
1619503200 3177163 561645 8631729 4203834
1619496000 2132096 355306 4866397 978485
1619488800 1850578 705678 4417000 1582881
1619481600 5421033 893746 8853903 2313594
1619474400 6676864 2064934 13861628 12800973
1619467200 9311049 7413717 13861628 13178843
1619460000 10272213 3907749 14282913 10762950
1619452800 8329149 1180104 12212161 2599757
1619445600 2923672 311930 7094755 975862
1619438400 3784471 202819 7240982 318018
1619431200 935645 117993 3774391 176272
1619424000 3198510 163663 5951692 234802
1619416800 3980306 487973 9740021 1202218
1619409600 949670 535435 2418835 1190054
1619402400 481981 696858 1520609 1988971
1619395200 2187129 438158 6524072 1104974
1619388000 2591478 882067 6208347 1606206
1619380800 1070621 509388 1749106 1225816
1619373600 3117919 232216 8099527 758538
1619366400 807825 217360 2384890 903895
1619359200 1794817 441466 5864233 1035170
1619352000 3356792 298097 7418977 580763
1619344800 2079909 326643 5637955 423630
1619337600 1831354 487078 5936968 573931
1619330400 4886784 362546 11385239 721110
1619323200 1192869 759873 3756960 2798298
1619316000 3854801 862182 13964724 2254627
1619308800 2037557 482839 10709030 1144126
1619301600 3115359 716428 7949418 2520766
1619294400 1217444 513627 5305836 1176632
1619287200 2171477 294855 6273886 1091436
1619280000 1250008 320726 8311174 1150096
1619272800 830555 591620 7274928 3677576
1619265600 4714273 242125 8572223 935819
1619258400 1214365 166042 5954373 519887
1619251200 510726 354807 1517374 1120822
1619244000 4116105 272725 10805095 871293
1619236800 1398219 402377 4624837 904870
1619229600 2239841 748182 6034590 1161830
1619222400 4471649 997386 12587396 1789968
1619215200 5514325 1267969 11112938 3328282
1619208000 6132747 2096158 9467068 3240562
1619200800 8723512 1895207 12392253 4801424
1619193600 6502256 1168036 13256582 2093163
1619186400 4081272 334509 13736641 1166990
1619179200 1290144 133652 6310395 231113
1619172000 2209428 145225 5578150 220397
1619164800 5916172 279714 10117242 692088
1619157600 3724036 443705 7451057 1251501
1619150400 2088245 594264 4936480 1259660
1619143200 3091607 995111 7621511 1837714
1619136000 4947646 6750449 8180533 11071483
1619128800 8000819 10698470 11381959 12902723
1619121600 8155710 5209398 13689997 9211456
1619114400 8463011 1983134 13679259 2723241
1619107200 5722901 1753504 9808381 9054833
1619100000 3078891 444640 10877820 1487303
1619092800 4086188 268354 10466718 362487
1619085600 2169556 212684 6304615 408091
1619078400 4167802 361979 12073055 2214935
1619071200 2720359 395996 6775516 1046300
1619064000 679551 349354 1556486 1628226
1619056800 2355565 692653 4432186 1841885
1619049600 5624471 1767188 9865977 6343088
1619042400 7471899 1552076 12633664 4611160
1619035200 8977875 6036746 13519559 13984580
1619028000 10006296 2163806 13086053 4636484
1619020800 8363049 1103801 12218832 2049054
1619013600 4728508 364856 8905670 1908099
1619006400 3452964 214339 8458150 344469
1618999200 3075563 174817 6603408 292648
1618992000 4363216 298583 10835828 501352
1618984800 6303356 378547 13951063 528923
1618977600 3951513 612199 8330645 3271265
1618970400 3256485 803286 8173451 2001013
1618963200 3229425 1158133 7137602 3072023
1618956000 5966280 1710288 12549897 3217856
1618948800 6273545 1823757 13032186 2677500
1618941600 8714528 1850597 13156009 5502359
1618934400 7759925 938618 14227296 2360235
1618927200 1550489 188587 6180096 416797
1618920000 3304735 312387 7557811 441461
1618912800 815552 175250 6624911 280846
1618905600 5041872 374377 11543353 610828
1618898400 4071877 404303 6301943 936392
1618891200 3215639 619111 6174618 1652763
1618884000 2926158 1477282 11586397 10301838
1618876800 3493781 1174252 8636694 2996461
1618869600 5226926 1311681 11428386 3846787
1618862400 9700471 2393446 14063514 5474712
1618855200 8715371 1620344 14188739 3488498
1618848000 7788451 1054884 13336998 2922816
1618840800 2649007 404638 4015846 1891877
1618833600 3175240 207891 6339465 407610
1618826400 710954 320345 3851825 373346
1618819200 1636868 306888 4221778 418945
1618812000 614613 380281 1910273 1085159
1618804800 881422 439557 4844585 1795434
1618797600 3039705 457774 6734350 2145495
1618790400 1920715 671488 4942992 810836
1618783200 1021197 1158123 1926497 2408201
1618776000 1139376 567183 4567091 1961978
1618768800 2991208 780391 4867754 1958055
1618761600 1613334 323439 4220654 1098930
1618754400 2645271 629273 6739402 2338213
1618747200 4044654 196239 10174589 359343
1618740000 2159837 198916 7270132 671630
1618732800 1947167 323485 4792289 406054
1618725600 2410436 403503 6279152 654505
1618718400 444077 327636 1038289 2345496
1618711200 1165141 441690 4950552 2158660
1618704000 2088880 1193861 6912708 3881770
1618696800 1623223 851437 8446864 2640896
1618689600 2910545 313788 6548940 1458940
1618682400 2809901 239233 6181463 585883
1618675200 930399 342589 4365489 2609426
1618668000 774610 216784 3591250 2347476
1618660800 1916712 144161 6753527 295910
1618653600 2132960 130823 6097743 224663
1618646400 2274612 158177 5329553 256710
1618639200 1800971 157694 5259903 418724
1618632000 1076234 333831 3635821 2349641
1618624800 2928560 546993 5966296 2326283
1618617600 3702775 655568 7457122 1601758
1618610400 7249886 1125140 12625941 2989365
1618603200 8076386 1895744 14274675 2766411
1618596000 7228430 1387926 12604564 2357669
1618588800 7900667 1248250 14071808 3242703
1618581600 3739061 293092 14002196 1654454
1618574400 1381128 143646 4936634 370949
1618567200 884279 120537 5371172 159776
1618560000 5610817 327814 12428158 752215
1618552800 4169856 442275 9121920 892081
1618545600 462682 508049 814294 2476744
1618538400 3420328 670119 13765955 2511969
1618531200 3534309 1050388 13203658 2848092
1618524000 6901958 2009715 13948193 6812956
1618516800 8472453 1850081 12534330 4085321
1618509600 7657492 2837744 10805884 6560428
1618502400 7284716 1076450 14020933 3816089
1618495200 955775 281663 2120254 2266594
1618488000 3088424 187297 7298017 363653
1618480800 833774 120252 5162271 150459
1618473600 2285050 176662 5490853 261062
1618466400 4288594 300298 9460175 585532
1618459200 1643594 334239 4692283 2375400
1618452000 3390487 636017 7149027 1718909
1618444800 2626874 836048 5616589 1996084
1618437600 5982515 1583426 11599196 7720371
1618430400 6952996 1556291 11352389 3120201
1618423200 7822781 1474065 12688032 2220561
1618416000 7027953 1036791 10106697 3671543
1618408800 1332287 279758 4447701 2151579
1618401600 2788238 173497 5677993 361864
1618394400 2295705 171982 5933594 254784
1618387200 688813 146411 3707592 227735
1618380000 3747952 340735 10006896 1223772
1618372800 813878 462879 2660300 1885966
1618365600 3490175 656635 6740460 2580014
1618358400 3182062 775609 13538876 1274315
1618351200 5553850 1249123 10086554 2588400
1618344000 6741571 1908921 10721894 5782815
1618336800 6973047 1582700 10865634 3730694
1618329600 6172322 1052465 11269947 3271298
1618322400 2789664 298937 10261220 2315697
1618315200 3722308 197697 8762733 472401
1618308000 2203597 204367 6054934 676136
1618300800 4302309 286779 10947217 426732
1618293600 4202835 273460 10182055 502272
1618286400 1142113 411634 2549277 2247630
1618279200 3176659 621007 6293357 2149209
1618272000 4928885 947269 11239646 1455927
1618264800 5126069 1662723 8034428 12521854
1618257600 5644160 1545175 12047073 3472921
1618250400 7097568 2104737 9109871 4201231
1618243200 5810783 1089086 10080464 4105703
1618236000 2701830 305741 6730735 2192063
1618228800 4022374 210164 10477160 374102
1618221600 2000434 146336 7451625 220777
1618214400 4504767 254664 9872755 786654
1618207200 1324926 270736 6609411 2272001
1618185600 1588053 393030 8834007 6525067
1618099200 2248377 311925 12522737 2277532
1618012800 4171125 803092 14244836 5125385
1617926400 4076515 763421 14044935 4563778
1617840000 4183752 749403 13894866 3944724
1617753600 4823783 882740 12783656 4940910
1617667200 4611725 960410 14099356 13120719
1617580800 3455968 360421 10595269 2183088
1617494400 4582688 439026 13339653 2976930
1617408000 5443596 484314 12821666 3245890
1617321600 5971734 834163 14256245 12752975
1617235200 5195552 1848330 13990507 14251372
1617148800 5622376 847343 13362935 3157480
1617062400 5830805 825783 14290608 6341893
1616976000 3531367 355005 9680926 2260285
1616889600 4269208 462333 10603660 2898968
1616803200 4942077 1102145 12052461 9645338
1616716800 5134256 904493 14039978 4332871
1616630400 5268162 920781 14282055 7555780
1616544000 5705752 970899 14186248 8952617
1616457600 5736901 1069205 14284783 10600750
1616371200 3873607 331418 10615436 3780080
1616284800 4919407 478554 12980193 4485432
1616198400 5492994 940343 14006022 4485988
1616112000 5337908 970594 14308231 4167357
1616025600 5327532 1481676 14174303 13701686
1615939200 6484140 845253 13687852 8825888
1615852800 5530842 451817 12454020 3893665
1615766400 5279193 331022 13850909 2375065
1615680000 5057603 438660 12331645 2785953
1615593600 5597170 796298 14208122 12012736
1615507200 4698241 777545 14128250 6326985
1615420800 6097709 867464 13825443 6052679
1615334400 4731926 914679 14233424 7719170
1615248000 4146835 689085 14111044 5974926
1615161600 3405112 426017 13021184 4812302
1615075200 6454202 3085613 14224355 7902458
1614988800 7962626 5066624 14063205 11540801
1614902400 5773166 811229 14184723 5795662
1614816000 4583960 795886 14272053 7323578
1614729600 4700029 1244548 13730434 13838650
1614643200 4770125 2178090 13824505 14331623
1614556800 2902208 354041 7391369 2674702
1614470400 3002509 509822 13697258 5314250
1614384000 4335053 1138965 14121924 7028536
1614297600 4608622 852877 14302078 4376901
1614211200 4697610 755113 13621257 4693003
1614124800 4379978 758814 9773047 3160976
1614038400 3812466 683486 13536258 11575122
1613952000 1380370 332413 6372147 2911688
1613865600 1923789 307465 6502535 2165320
1613779200 4503843 732132 13347994 5571157
1613692800 4447222 1000736 14279362 13522110
1613606400 4821154 1011996 13264221 9939030
1613520000 3880742 765316 13564886 13274537
1613433600 4049007 684032 14135590 3442563
1613347200 2169942 241322 6687409 2273091
1613260800 3653778 395535 13725126 2616508
1613174400 4551268 686692 11585655 3919930
1613088000 4770517 1973229 13023575 13781406
1613001600 4839228 2749059 14207471 14194717
1612915200 4019906 712356 13935059 8677144
1612828800 4224690 788190 14070076 7396992
1612742400 3300391 289474 13486677 2109316
1612656000 3876069 400675 14230105 2444812
1612569600 4680401 782462 13789249 11732769
1612483200 4744609 1094646 14306301 14281351
1612396800 4238977 1101460 13874342 10229014
1612310400 2386646 730996 11994660 9468719
1612224000 847830 280513 4442320 2190078
1612137600 739817 231899 3672894 2255747
1612051200 854323 288631 6399788 2186615
1611964800 2207244 558697 12289901 2390771
1611878400 2238886 641605 11260633 4521480
1611792000 1707897 762384 6756152 4728632
1611705600 5422347 782513 13778587 8398239
1611619200 2495138 674522 8421494 3953493
1611532800 1264101 292850 4844670 2708902
1611446400 1527729 355412 4065642 2702571
1611360000 2952835 670129 12291429 4397826
1611273600 3549563 689492 10152204 2980164
1611187200 4249995 1248811 12470349 8591360
1611100800 5036463 744440 14348902 3319909
1611014400 4250011 1148748 12974543 5845240
1610928000 2826863 406526 5802295 11200129
1610841600 4007788 994650 11485081 13754905
1610755200 4651502 654935 14357413 3346265
1610668800 3672260 1584633 12629626 11685214
1610582400 4097654 652274 14204616 3696471
1610496000 3375518 1729152 13583945 9921870
1610409600 2170210 550710 8764304 4172452
1610323200 1158614 295188 5026952 2657067
1610236800 0 0 0 0
1610150400 0 0 0 0
1610064000 0 0 0 0
1609977600 0 0 0 0
1609891200 0 0 0 0
1609804800 0 0 0 0
1609718400 0 0 0 0
1609632000 0 0 0 0
1609545600 0 0 0 0
1609459200 0 0 0 0
1609372800 0 0 0 0
1609286400 0 0 0 0
1609200000 0 0 0 0
1609113600 0 0 0 0
1609027200 0 0 0 0
1608940800 0 0 0 0
1608854400 0 0 0 0
1608768000 0 0 0 0
1608681600 0 0 0 0
1608595200 0 0 0 0
1608508800 0 0 0 0
1608422400 0 0 0 0
1608336000 0 0 0 0
1608249600 0 0 0 0
1608163200 0 0 0 0
1608076800 0 0 0 0
1607990400 0 0 0 0
1607904000 0 0 0 0
1607817600 0 0 0 0
1607731200 0 0 0 0
1607644800 0 0 0 0
1607558400 0 0 0 0
1607472000 0 0 0 0
1607385600 0 0 0 0
1607299200 0 0 0 0
1607212800 0 0 0 0
1607126400 0 0 0 0
1607040000 0 0 0 0
1606953600 0 0 0 0
1606867200 0 0 0 0
1606780800 0 0 0 0
1606694400 0 0 0 0
1606608000 0 0 0 0
1606521600 0 0 0 0
1606435200 0 0 0 0
1606348800 0 0 0 0
1606262400 0 0 0 0
1606176000 0 0 0 0
1606089600 0 0 0 0
1606003200 0 0 0 0
1605916800 0 0 0 0
1605830400 0 0 0 0
1605744000 0 0 0 0
1605657600 0 0 0 0
1605571200 0 0 0 0
1605484800 0 0 0 0
1605398400 0 0 0 0
1605312000 0 0 0 0
1605225600 0 0 0 0
1605139200 0 0 0 0
1605052800 0 0 0 0
1604966400 0 0 0 0
1604880000 0 0 0 0
1604793600 0 0 0 0
1604707200 0 0 0 0
1604620800 0 0 0 0
1604534400 0 0 0 0
1604448000 0 0 0 0
1604361600 0 0 0 0
1604275200 0 0 0 0
1604188800 0 0 0 0
1604102400 0 0 0 0
1604016000 0 0 0 0
1603929600 0 0 0 0
1603843200 0 0 0 0
1603756800 0 0 0 0
1603670400 0 0 0 0
1603584000 0 0 0 0
1603497600 0 0 0 0
1603411200 0 0 0 0
1603324800 0 0 0 0
1603238400 0 0 0 0
1603152000 0 0 0 0
1603065600 0 0 0 0
1602979200 0 0 0 0
1602892800 0 0 0 0
1602806400 0 0 0 0
1602720000 0 0 0 0
1602633600 0 0 0 0
1602547200 0 0 0 0
1602460800 0 0 0 0
1602374400 0 0 0 0
1602288000 0 0 0 0
1602201600 0 0 0 0
1602115200 0 0 0 0
1602028800 0 0 0 0
1601942400 0 0 0 0
1601856000 0 0 0 0
1601769600 0 0 0 0
1601683200 0 0 0 0
1601596800 0 0 0 0
1601510400 0 0 0 0
1601424000 0 0 0 0
1601337600 0 0 0 0
1601251200 0 0 0 0
1601164800 0 0 0 0
1601078400 0 0 0 0
1600992000 0 0 0 0
1600905600 0 0 0 0
1600819200 0 0 0 0
1600732800 0 0 0 0
1600646400 0 0 0 0
1600560000 0 0 0 0
1600473600 0 0 0 0
1600387200 0 0 0 0
1600300800 0 0 0 0
1600214400 0 0 0 0
1600128000 0 0 0 0
1600041600 0 0 0 0
1599955200 0 0 0 0
1599868800 0 0 0 0
1599782400 0 0 0 0
1599696000 0 0 0 0
1599609600 0 0 0 0
1599523200 0 0 0 0
1599436800 0 0 0 0
1599350400 0 0 0 0
1599264000 0 0 0 0
1599177600 0 0 0 0
1599091200 0 0 0 0
1599004800 0 0 0 0
1598918400 0 0 0 0
1598832000 0 0 0 0
1598745600 0 0 0 0
1598659200 0 0 0 0
1598572800 0 0 0 0
1598486400 0 0 0 0
1598400000 0 0 0 0
1598313600 0 0 0 0
1598227200 0 0 0 0
1598140800 0 0 0 0
1598054400 0 0 0 0
1597968000 0 0 0 0
1597881600 0 0 0 0
1597795200 0 0 0 0
1597708800 0 0 0 0
1597622400 0 0 0 0
1597536000 0 0 0 0
1597449600 0 0 0 0
1597363200 0 0 0 0
1597276800 0 0 0 0
1597190400 0 0 0 0
1597104000 0 0 0 0
1597017600 0 0 0 0
1596931200 0 0 0 0
1596844800 0 0 0 0
1596758400 0 0 0 0
1596672000 0 0 0 0
1596585600 0 0 0 0
1596499200 0 0 0 0
1596412800 0 0 0 0
1596326400 0 0 0 0
1596240000 0 0 0 0
1596153600 0 0 0 0
1596067200 0 0 0 0
1595980800 0 0 0 0
1595894400 0 0 0 0
1595808000 0 0 0 0
1595721600 0 0 0 0
1595635200 0 0 0 0
1595548800 0 0 0 0
1595462400 0 0 0 0
1595376000 0 0 0 0
1595289600 0 0 0 0
1595203200 0 0 0 0
1595116800 0 0 0 0
1595030400 0 0 0 0
1594944000 0 0 0 0
1594857600 0 0 0 0
1594771200 0 0 0 0
1594684800 0 0 0 0
1594598400 0 0 0 0
1594512000 0 0 0 0
1594425600 0 0 0 0
1594339200 0 0 0 0
1594252800 0 0 0 0
1594166400 0 0 0 0
1594080000 0 0 0 0
1593993600 0 0 0 0
1593907200 0 0 0 0
1593820800 0 0 0 0
1593734400 0 0 0 0
1593648000 0 0 0 0
1593561600 0 0 0 0
1593475200 0 0 0 0
1593388800 0 0 0 0
1593302400 0 0 0 0
1593216000 0 0 0 0
1593129600 0 0 0 0
1593043200 0 0 0 0
1592956800 0 0 0 0
1592870400 0 0 0 0
1592784000 0 0 0 0
1592697600 0 0 0 0
1592611200 0 0 0 0
1592524800 0 0 0 0
1592438400 0 0 0 0
1592352000 0 0 0 0
1592265600 0 0 0 0
1592179200 0 0 0 0
1592092800 0 0 0 0
1592006400 0 0 0 0
1591920000 0 0 0 0
1591833600 0 0 0 0
1591747200 0 0 0 0
1591660800 0 0 0 0
1591574400 0 0 0 0
1591488000 0 0 0 0
1591401600 0 0 0 0
1591315200 0 0 0 0
1591228800 0 0 0 0
1591142400 0 0 0 0
1591056000 0 0 0 0
1590969600 0 0 0 0
1590883200 0 0 0 0
1590796800 0 0 0 0
1590710400 0 0 0 0
1590624000 0 0 0 0
1590537600 0 0 0 0
1590451200 0 0 0 0
1590364800 0 0 0 0
1590278400 0 0 0 0
1590192000 0 0 0 0
1590105600 0 0 0 0
1590019200 0 0 0 0
1589932800 0 0 0 0
1589846400 0 0 0 0
1589760000 0 0 0 0
1589673600 0 0 0 0
1589587200 0 0 0 0
1589500800 0 0 0 0
1589414400 0 0 0 0
1589328000 0 0 0 0
1589241600 0 0 0 0
1589155200 0 0 0 0
1589068800 0 0 0 0
1588982400 0 0 0 0
1588896000 0 0 0 0
1588809600 0 0 0 0
1588723200 0 0 0 0
1588636800 0 0 0 0
1588550400 0 0 0 0
1588464000 0 0 0 0
1588377600 0 0 0 0
1588291200 0 0 0 0
1588204800 0 0 0 0
1588118400 0 0 0 0
1588032000 0 0 0 0
1587945600 0 0 0 0
1587859200 0 0 0 0
1587772800 0 0 0 0
1587686400 0 0 0 0
1587600000 0 0 0 0
1587513600 0 0 0 0
1587427200 0 0 0 0
1587340800 0 0 0 0
1587254400 0 0 0 0
1587168000 0 0 0 0
1587081600 0 0 0 0
1586995200 0 0 0 0
1586908800 0 0 0 0
1586822400 0 0 0 0
1586736000 0 0 0 0
1586649600 0 0 0 0
1586563200 0 0 0 0
1586476800 0 0 0 0
1586390400 0 0 0 0
1586304000 0 0 0 0
1586217600 0 0 0 0
1586131200 0 0 0 0
1586044800 0 0 0 0
1585958400 0 0 0 0
1585872000 0 0 0 0
1585785600 0 0 0 0
1585699200 0 0 0 0
1585612800 0 0 0 0
1585526400 0 0 0 0
1585440000 0 0 0 0
1585353600 0 0 0 0
1585267200 0 0 0 0
1585180800 0 0 0 0
1585094400 0 0 0 0
1585008000 0 0 0 0
1584921600 0 0 0 0
1584835200 0 0 0 0
1584748800 0 0 0 0
1584662400 0 0 0 0
1584576000 0 0 0 0
1584489600 0 0 0 0
1584403200 0 0 0 0
1584316800 0 0 0 0
1584230400 0 0 0 0
1584144000 0 0 0 0
1584057600 0 0 0 0
1583971200 0 0 0 0
1583884800 0 0 0 0
1583798400 0 0 0 0
1583712000 0 0 0 0
1583625600 0 0 0 0
1583539200 0 0 0 0
1583452800 0 0 0 0
1583366400 0 0 0 0
1583280000 0 0 0 0
1583193600 0 0 0 0
1583107200 0 0 0 0
1583020800 0 0 0 0
1582934400 0 0 0 0
1582848000 0 0 0 0
1582761600 0 0 0 0
1582675200 0 0 0 0
1582588800 0 0 0 0
1582502400 0 0 0 0
1582416000 0 0 0 0
1582329600 0 0 0 0
1582243200 0 0 0 0
1582156800 0 0 0 0
1582070400 0 0 0 0
1581984000 0 0 0 0
1581897600 0 0 0 0
1581811200 0 0 0 0
1581724800 0 0 0 0
1581638400 0 0 0 0
1581552000 0 0 0 0
1581465600 0 0 0 0
1581379200 0 0 0 0
1581292800 0 0 0 0
1581206400 0 0 0 0
1581120000 0 0 0 0
1581033600 0 0 0 0
1580947200 0 0 0 0
1580860800 0 0 0 0
1580774400 0 0 0 0
1580688000 0 0 0 0
1580601600 0 0 0 0
1580515200 0 0 0 0
1580428800 0 0 0 0
1580342400 0 0 0 0
1580256000 0 0 0 0
1580169600 0 0 0 0
1580083200 0 0 0 0
1579996800 0 0 0 0
1579910400 0 0 0 0
1579824000 0 0 0 0
1579737600 0 0 0 0
1579651200 0 0 0 0
1579564800 0 0 0 0
1579478400 0 0 0 0
1579392000 0 0 0 0
1579305600 0 0 0 0
1579219200 0 0 0 0
1579132800 0 0 0 0
1579046400 0 0 0 0
1578960000 0 0 0 0
1578873600 0 0 0 0
1578787200 0 0 0 0
1578700800 0 0 0 0
1578614400 0 0 0 0
1578528000 0 0 0 0
1578441600 0 0 0 0
1578355200 0 0 0 0
1578268800 0 0 0 0
1578182400 0 0 0 0
1578096000 0 0 0 0
1578009600 0 0 0 0
1577923200 0 0 0 0
1577836800 0 0 0 0
1577750400 0 0 0 0
1577664000 0 0 0 0
1577577600 0 0 0 0
1577491200 0 0 0 0
1577404800 0 0 0 0
1577318400 0 0 0 0
1577232000 0 0 0 0
1577145600 0 0 0 0
1577059200 0 0 0 0
1576972800 0 0 0 0
1576886400 0 0 0 0
1576800000 0 0 0 0
1576713600 0 0 0 0
1576627200 0 0 0 0
1576540800 0 0 0 0
1576454400 0 0 0 0
1576368000 0 0 0 0
1576281600 0 0 0 0
1576195200 0 0 0 0
1576108800 0 0 0 0
1576022400 0 0 0 0
1575936000 0 0 0 0
1575849600 0 0 0 0
1575763200 0 0 0 0
1575676800 0 0 0 0
1575590400 0 0 0 0
1575504000 0 0 0 0
1575417600 0 0 0 0
1575331200 0 0 0 0
1575244800 0 0 0 0
1575158400 0 0 0 0
1575072000 0 0 0 0
1574985600 0 0 0 0
1574899200 0 0 0 0
1574812800 0 0 0 0
1574726400 0 0 0 0
1574640000 0 0 0 0
1574553600 0 0 0 0
1574467200 0 0 0 0
1574380800 0 0 0 0
1574294400 0 0 0 0
1574208000 0 0 0 0
1574121600 0 0 0 0
1574035200 0 0 0 0
1573948800 0 0 0 0
1573862400 0 0 0 0
1573776000 0 0 0 0
1573689600 0 0 0 0
1573603200 0 0 0 0
1573516800 0 0 0 0
1573430400 0 0 0 0
1573344000 0 0 0 0
1573257600 0 0 0 0
1573171200 0 0 0 0
1573084800 0 0 0 0
1572998400 0 0 0 0
1572912000 0 0 0 0
1572825600 0 0 0 0
1572739200 0 0 0 0
1572652800 0 0 0 0
1572566400 0 0 0 0
1572480000 0 0 0 0
1572393600 0 0 0 0
1572307200 0 0 0 0
1572220800 0 0 0 0
1572134400 0 0 0 0
1572048000 0 0 0 0
1571961600 0 0 0 0
1571875200 0 0 0 0
1571788800 0 0 0 0
1571702400 0 0 0 0
1571616000 0 0 0 0
1571529600 0 0 0 0
1571443200 0 0 0 0
1571356800 0 0 0 0
1571270400 0 0 0 0
1571184000 0 0 0 0
1571097600 0 0 0 0
1571011200 0 0 0 0
1570924800 0 0 0 0
1570838400 0 0 0 0
1570752000 0 0 0 0
1570665600 0 0 0 0
1570579200 0 0 0 0
1570492800 0 0 0 0
1570406400 0 0 0 0
1570320000 0 0 0 0
1570233600 0 0 0 0
1570147200 0 0 0 0
1570060800 0 0 0 0
1569974400 0 0 0 0
1569888000 0 0 0 0
1569801600 0 0 0 0
1569715200 0 0 0 0
1569628800 0 0 0 0
1569542400 0 0 0 0
1569456000 0 0 0 0
1569369600 0 0 0 0
1569283200 0 0 0 0
1569196800 0 0 0 0
1569110400 0 0 0 0
1569024000 0 0 0 0
1568937600 0 0 0 0
1568851200 0 0 0 0
1568764800 0 0 0 0
1568678400 0 0 0 0
1568592000 0 0 0 0
1568505600 0 0 0 0
1568419200 0 0 0 0
1568332800 0 0 0 0
1568246400 0 0 0 0
1568160000 0 0 0 0
1568073600 0 0 0 0
1567987200 0 0 0 0
1567900800 0 0 0 0
1567814400 0 0 0 0
1567728000 0 0 0 0
1567641600 0 0 0 0
1567555200 0 0 0 0
1567468800 0 0 0 0
1567382400 0 0 0 0
1567296000 0 0 0 0
1567209600 0 0 0 0
1567123200 0 0 0 0
1567036800 0 0 0 0
1566950400 0 0 0 0
1566864000 0 0 0 0
1566777600 0 0 0 0
1566691200 0 0 0 0
1566604800 0 0 0 0
1566518400 0 0 0 0
1566432000 0 0 0 0
1566345600 0 0 0 0
1566259200 0 0 0 0
1566172800 0 0 0 0
1566086400 0 0 0 0
1566000000 0 0 0 0
1565913600 0 0 0 0
1565827200 0 0 0 0
1565740800 0 0 0 0
1565654400 0 0 0 0
1565568000 0 0 0 0
1565481600 0 0 0 0
1565395200 0 0 0 0
1565308800 0 0 0 0
1565222400 0 0 0 0
1565136000 0 0 0 0
1565049600 0 0 0 0
1564963200 0 0 0 0
1564876800 0 0 0 0
1564790400 0 0 0 0
1564704000 0 0 0 0
1564617600 0 0 0 0
1564531200 0 0 0 0
1564444800 0 0 0 0
1564358400 0 0 0 0
1564272000 0 0 0 0
1564185600 0 0 0 0
1564099200 0 0 0 0
1564012800 0 0 0 0
1563926400 0 0 0 0
1563840000 0 0 0 0
1563753600 0 0 0 0
1563667200 0 0 0 0
1563580800 0 0 0 0
1563494400 0 0 0 0
1563408000 0 0 0 0
1563321600 0 0 0 0
1563235200 0 0 0 0
1563148800 0 0 0 0
1563062400 0 0 0 0
1562976000 0 0 0 0
1562889600 0 0 0 0
1562803200 0 0 0 0
1562716800 0 0 0 0
1562630400 0 0 0 0
1562544000 0 0 0 0
1562457600 0 0 0 0
1562371200 0 0 0 0
1562284800 0 0 0 0
1562198400 0 0 0 0
1562112000 0 0 0 0
1562025600 0 0 0 0
1561939200 0 0 0 0
1561852800 0 0 0 0
1561766400 0 0 0 0
1561680000 0 0 0 0
1561593600 0 0 0 0
1561507200 0 0 0 0
1561420800 0 0 0 0
1561334400 0 0 0 0
1561248000 0 0 0 0
1561161600 0 0 0 0
1561075200 0 0 0 0
1560988800 0 0 0 0
1560902400 0 0 0 0
1560816000 0 0 0 0
1560729600 0 0 0 0
1560643200 0 0 0 0
1560556800 0 0 0 0
1560470400 0 0 0 0
1560384000 0 0 0 0
1560297600 0 0 0 0
1560211200 0 0 0 0
1560124800 0 0 0 0
1560038400 0 0 0 0
1559952000 0 0 0 0
1559865600 0 0 0 0
1559779200 0 0 0 0
1559692800 0 0 0 0
1559606400 0 0 0 0
1559520000 0 0 0 0
1559433600 0 0 0 0
1559347200 0 0 0 0
1559260800 0 0 0 0
1559174400 0 0 0 0
1559088000 0 0 0 0
1559001600 0 0 0 0
1558915200 0 0 0 0
1558828800 0 0 0 0
1558742400 0 0 0 0
1558656000 0 0 0 0
1558569600 0 0 0 0
1558483200 0 0 0 0
1558396800 0 0 0 0
1558310400 0 0 0 0
1558224000 0 0 0 0
1558137600 0 0 0 0
1558051200 0 0 0 0
1557964800 0 0 0 0
1557878400 0 0 0 0
1557792000 0 0 0 0
1557705600 0 0 0 0
1557619200 0 0 0 0
1557532800 0 0 0 0
1557446400 0 0 0 0
1557360000 0 0 0 0
1557273600 0 0 0 0
1557187200 0 0 0 0
1557100800 0 0 0 0
1557014400 0 0 0 0
1556928000 0 0 0 0
1556841600 0 0 0 0
1556755200 0 0 0 0
1556668800 0 0 0 0
1556582400 0 0 0 0
1556496000 0 0 0 0
1556409600 0 0 0 0
1556323200 0 0 0 0
1556236800 0 0 0 0
1556150400 0 0 0 0
1556064000 0 0 0 0
1555977600 0 0 0 0
1555891200 0 0 0 0
1555804800 0 0 0 0
1555718400 0 0 0 0
1555632000 0 0 0 0
1555545600 0 0 0 0
1555459200 0 0 0 0
1555372800 0 0 0 0
1555286400 0 0 0 0
1555200000 0 0 0 0
1555113600 0 0 0 0
1555027200 0 0 0 0
