1623879901 3874346341 3223637479
1623879901 437 432 437 432
1623879601 1491 512 1491 512
1623879600 1488 518 1491 1430
1623879300 1078 1439 2527 2901
1623879000 2520 2898 2527 2901
1623878700 697 2235 1244 2238
1623878400 1256 1568 3116 2900
1623878100 3118 3127 3429 36965
1623877800 3419 36845 3429 36965
1623877500 685 1094 2022 1096
1623877200 2019 544 2022 545
1623876900 1359 493 1875 494
1623876600 1882 464 4063 4364
1623876300 4062 4399 4063 15046
1623876000 3929 15217 7281 66416
1623875700 7314 66261 12316 66416
1623875400 12307 43217 12316 50563
1623875100 11001 50578 15969 55191
1623874800 15989 55653 22125 193950
1623874500 22150 194145 29718 252556
1623874200 29693 252357 29718 252556
1623873900 22328 192910 25984 192988
1623873600 25971 169622 25984 169837
1623873300 22285 105991 22733 245272
1623873000 22730 244784 22733 245272
1623872700 21857 99414 21863 173212
1623872400 20231 173113 23435 173212
1623872100 23432 143506 23435 143674
1623871800 23029 118813 26239 163333
1623871500 26244 163770 27115 228898
1623871200 27113 228774 27115 228898
1623870900 26701 192004 29872 234028
1623870600 29853 233620 29872 234028
1623870300 24191 112154 27464 216269
1623870000 27455 216208 27464 216269
1623869700 24888 198246 30016 198255
1623869400 29994 196887 30016 197025
1623869100 26796 176276 30023 176356
1623868800 30011 164240 30023 164488
1623868500 28368 127530 30705 199329
1623868200 30716 199608 34009 283303
1623867900 34013 283117 35371 283303
1623867600 35353 227412 35371 227568
1623867300 30174 181747 31592 316294
1623867000 31551 315602 31592 316294
1623866700 25476 212455 28774 212593
1623866400 28752 191621 28774 192016
1623866100 25576 132999 25578 179415
1623865800 25118 179378 25121 179415
1623865500 24500 168294 24503 168412
1623865200 23745 133647 26840 245680
1623864900 26836 245449 26840 245680
1623864600 25848 176623 25855 176673
1623864300 23957 161416 25332 161695
1623864000 25361 120973 29729 269163
1623863700 29721 268868 29729 269163
1623863400 28530 224375 28567 224943
1623863100 23164 140226 27748 191314
1623862800 27762 191250 31950 191314
1623862500 31929 172550 31950 220143
1623862200 28873 220109 28878 220143
1623861900 27471 210215 29091 264762
1623861600 29099 264463 31669 264762
1623861300 31655 175329 31669 249173
1623861000 27479 248857 27492 249173
1623860700 23656 154525 23891 154534
1623860400 23898 152156 26011 214537
1623860100 26022 214428 29424 214537
1623859800 29408 181861 29424 181884
1623859500 24643 175146 24646 190611
1623859200 23873 190385 24766 190611
1623858900 24767 123189 25329 158897
1623858600 25347 158762 28129 158897
1623858300 28122 139023 28129 222465
1623858000 26054 222393 28113 222465
1623857700 28118 211577 29656 211785
1623857400 29633 149438 29656 149604
1623857100 26309 150460 30788 278114
1623856800 30792 277858 31488 278114
1623856500 31455 239606 31488 239742
1623856200 26669 219535 26676 226915
1623855900 25694 226209 25704 226915
1623855600 24353 121170 24805 144199
1623855300 24807 144249 25227 151811
1623855000 25260 151990 30268 178698
1623854700 30244 178803 30268 194507
1623854400 26728 194539 26731 204240
1623854100 25866 204134 25875 204240
1623853800 23310 172615 24615 182122
1623853500 24583 181856 24615 182122
1623853200 19796 142089 19840 142238
1623852900 13293 119815 13308 119962
1623852600 11098 97361 11130 97999
1623852300 6459 2373 6478 2384
1623852000 3686 827 3706 829
1623851700 848 537 850 539
1623851400 692 359 740 477
1623851100 739 476 740 477
1623850800 544 308 545 309
1623850500 410 295 522 296
1623850200 521 273 522 395
1623849900 279 395 280 512
1623849600 220 513 331 855
1623849300 332 912 559 9435
1623849000 556 9373 559 9435
1623848700 235 233 237 235
1623848400 70 61 71 62
1623848100 32 32 33 33
1623847800 24 22 35 38
1623847500 34 37 35 38
1623847200 32 35 59 61
1623846900 58 60 59 61
1623846600 43 48 44 49
1623846300 38 38 39 39
1623846000 26 23 38 39
1623845700 39 69 381 9235
1623845400 379 9204 381 9235
1623845100 48 49 49 50
1623844800 31 26 40 40
1623844500 39 40 40 51
1623844200 35 51 64 179
1623843900 63 178 64 179
1623843600 31 49 49 50
1623843300 48 49 49 50
1623843000 21 20 33 33
1623842700 32 32 33 33
1623842400 24 21 34 35
1623842100 37 135 593 15099
1623841800 589 14998 593 15099
1623841500 46 47 47 48
1623841200 21 21 34 34
1623840900 33 33 34 34
1623840600 26 25 37 38
1623840300 36 37 37 38
1623840000 21 20 54 68
1623839700 54 68 101 87
1623839400 103 89 741 742
1623839100 741 742 755 749
1623838800 755 749 765 758
1623838500 766 788 1104 9961
1623838200 1102 9930 1104 9961
1623837900 785 780 786 781
1623837600 686 681 765 759
1623837300 764 758 765 759
1623837000 714 710 784 771
1623836700 783 770 784 771
1623836400 703 721 708 726
1623836100 42 44 43 45
1623835800 21 20 33 33
1623835500 32 32 33 33
1623835200 23 23 34 34
1623834900 36 96 382 9408
1623834600 379 9345 382 9408
1623834300 45 44 46 45
1623834000 23 23 33 33
1623833700 32 32 33 33
1623833400 24 23 41 42
1623833100 40 41 41 42
1623832800 21 21 49 50
1623832500 48 49 49 50
1623832200 21 19 35 36
1623831900 34 35 35 36
1623831600 19 21 40 40
1623831300 42 100 367 9173
1623831000 364 9112 367 9173
1623830700 52 46 798 112
1623830400 795 111 798 112
1623830100 170 58 171 59
1623829800 26 26 33 33
1623829500 32 32 33 33
1623829200 20 19 47 48
1623828900 46 47 47 48
1623828600 22 20 40 39
1623828300 40 39 153 42
1623828000 153 42 235 94
1623827700 238 221 744 19285
1623827400 741 19220 744 19285
1623827100 55 57 56 58
1623826800 32 28 39 40
1623826500 38 39 39 40
1623826200 26 29 40 40
1623825900 39 39 40 40
1623825600 27 28 51 52
1623825300 50 52 51 84
1623825000 42 84 60 108
1623824700 59 107 60 108
1623824400 29 44 51 84
1623824100 52 114 370 9182
1623823800 368 9151 370 9182
1623823500 57 58 58 59
1623823200 28 49 43 50
1623822900 43 43 50 54
1623822600 50 54 67 74
1623822300 66 73 67 74
1623822000 47 50 71 77
1623821700 71 77 101 111
1623821400 100 110 101 111
1623821100 94 99 95 100
1623820800 86 96 232 232
1623820500 232 262 465 9350
1623820200 463 9289 465 9350
1623819900 215 220 216 221
1623819600 79 76 83 82
1623819300 83 82 101 176
1623819000 101 176 111 266
1623818700 110 265 111 266
1623818400 71 189 109 223
1623818100 108 222 109 223
1623817800 44 89 55 90
1623817500 55 59 55 82
1623817200 55 81 74 82
1623816900 75 111 397 9193
1623816600 395 9162 397 9193
1623816300 74 75 75 76
1623816000 39 37 62 66
1623815700 62 66 65 193
1623815400 65 192 71 193
1623815100 70 136 71 137
1623814800 43 44 92 94
1623814500 91 93 92 94
1623814200 54 56 63 66
1623813900 63 66 68 97
1623813600 67 96 68 97
1623813300 70 155 1040 25687
1623813000 1036 25601 1040 25687
1623812700 122 122 123 123
1623812400 68 72 84 95
1623812100 85 96 309 356
1623811800 312 359 805 941
1623811500 804 939 805 941
1623811200 739 745 740 746
1623810900 734 738 735 739
1623810600 684 692 798 869
1623810300 797 868 798 869
1623810000 756 799 801 800
1623809700 809 1028 3482 73355
1623809400 3464 72871 3482 73355
1623809100 854 822 855 823
1623808800 815 786 818 788
1623808500 186 212 187 464
1623808200 116 463 165 464
1623807900 164 438 165 441
1623807600 82 77 204 446
1623807300 203 444 204 446
1623807000 165 289 166 290
1623806700 134 276 199 301
1623806400 198 300 199 301
1623806100 180 312 1137 28169
1623805800 1134 28077 1137 28169
1623805500 246 809 248 814
1623805200 95 80 95 97
1623804900 95 100 219 566
1623804600 220 570 425 1293
1623804300 424 1292 425 1293
1623804000 309 1062 311 1068
1623803700 134 199 153 341
1623803400 153 341 187 458
1623803100 186 457 187 458
1623802800 125 254 180 363
1623802500 186 552 2183 57292
1623802200 2176 57101 2183 57292
1623801900 122 141 201 814
1623801600 201 812 238 814
1623801300 237 566 238 747
1623801000 233 744 234 747
1623800700 138 138 220 521
1623800400 219 519 220 521
1623800100 167 270 179 433
1623799800 178 432 179 433
1623799500 133 148 186 282
1623799200 197 597 1846 47594
1623798900 1857 47881 3642 90666
1623798600 3630 90364 3642 90666
1623798300 300 310 301 311
1623798000 156 168 157 169
1623797700 133 149 180 310
1623797400 180 309 223 310
1623797100 223 307 305 608
1623796800 305 608 354 883
1623796500 353 881 354 883
1623796200 325 558 326 560
1623795900 302 380 380 820
1623795600 386 957 1282 21453
1623795300 1285 21568 2355 56232
1623795000 2352 56047 2355 56232
1623794700 1625 832 1629 833
1623794400 1064 785 1065 786
1623794100 922 746 924 748
1623793800 346 402 499 919
1623793500 499 918 635 919
1623793200 634 855 635 857
1623792900 487 488 489 836
1623792600 489 844 607 2160
1623792300 607 2158 700 2160
1623792000 702 1703 1070 14592
1623791700 1085 15001 3459 76088
1623791400 3449 75838 3459 76088
1623791100 703 1124 2860 1574
1623790800 2879 1569 5730 1574
1623790500 5701 927 5730 930
1623790200 1497 606 1499 1022
1623789900 992 1020 994 1022
1623789600 518 551 579 860
1623789300 590 864 2350 1477
1623789000 2348 1547 2350 22569
1623788700 1841 22446 6276 22569
1623788400 6295 4428 9255 43387
1623788100 9295 43699 21462 137229
1623787800 21448 137057 21462 137229
1623787500 17369 86395 18365 157556
1623787200 18358 157230 18365 157556
1623786900 17412 108815 18746 139759
1623786600 18723 139375 18746 139759
1623786300 15476 82541 20355 131636
1623786000 20374 131676 26143 143834
1623785700 26151 144631 27471 263390
1623785400 27409 262381 27471 263390
1623785100 18303 112130 22088 138462
1623784800 22091 138883 23208 265002
1623784500 23188 264612 23208 265002
1623784200 20344 206808 24818 231473
1623783900 24804 231032 24818 231473
1623783600 21547 99691 139771 145130
1623783300 139771 145130 139771 145130
1623783000 139771 145130 139771 145130
1623782700 139471 145253 139771 182065
1623782400 49728 182244 49892 209062
1623782100 25453 208924 30288 209062
1623781800 30295 168048 32586 252452
1623781500 32548 252124 32586 252452
1623781200 27025 203245 30335 203309
1623780900 30327 194205 30335 249176
1623780600 29208 249116 40321 249176
1623780300 40266 231115 40321 231332
1623780000 23888 166320 29654 179261
1623779700 29608 179308 29654 186429
1623779400 22782 186378 23943 186429
1623779100 23935 178906 23943 186067
1623778800 21636 185925 27316 186067
1623778500 27325 143614 30171 180203
1623778200 30159 180099 30171 180203
1623777900 26708 149997 32325 276489
1623777600 32348 276773 35886 319213
1623777300 35848 319029 35886 319213
1623777000 24576 264134 27100 264227
1623776700 27100 235574 27187 236330
1623776400 27194 123420 29382 234223
1623776100 29372 234147 29382 234223
1623775800 26460 211217 33076 211637
1623775500 33081 149428 34654 361005
1623775200 34619 360293 34654 361005
1623774900 24307 147759 32231 209442
1623774600 32198 209802 32231 263572
1623774300 27321 263157 27881 263572
1623774000 27883 139471 28739 217638
1623773700 28760 218159 31901 295859
1623773400 31885 295319 31901 295859
1623773100 27333 134622 29824 230004
1623772800 29823 229928 29824 230004
1623772500 29680 207553 29681 222853
1623772200 29538 222613 29553 222853
1623771900 27305 187099 27447 220636
1623771600 27436 220630 27447 220636
1623771300 25807 219508 25820 219778
1623771000 23903 179209 23917 179309
1623770700 20022 149428 25288 165956
1623770400 25282 165899 25288 165956
1623770100 23673 149111 24744 184888
1623769800 24731 184833 24744 184888
1623769500 22946 176716 24154 176758
1623769200 24138 164418 24154 180472
1623768900 21844 180392 21861 180472
1623768600 16822 156288 21047 156512
1623768300 21050 122992 21986 141349
1623768000 21962 141188 21986 141349
1623767700 15051 93831 22485 179396
1623767400 22488 179427 23651 188806
1623767100 23608 188469 23651 188806
1623766800 17190 138025 17209 138261
1623766500 11549 67588 11562 74395
1623766200 7898 73910 7930 74395
1623765900 3192 1688 5011 1742
1623765600 4998 1737 5011 1742
1623765300 1128 515 1131 516
1623765000 740 426 741 427
1623764700 630 304 633 967
1623764400 254 968 442 1313
1623764100 441 1311 442 1313
1623763800 371 985 372 991
1623763500 244 202 259 278
1623763200 259 278 385 385
1623762900 386 445 600 9420
1623762600 597 9358 600 9420
1623762300 234 238 235 239
1623762000 39 40 57 75
1623761700 56 74 57 75
1623761400 37 39 50 51
1623761100 49 50 50 51
1623760800 31 32 49 54
1623760500 48 53 49 54
1623760200 30 29 49 49
1623759900 48 48 49 49
1623759600 33 35 51 57
1623759300 53 117 381 9181
1623759000 379 9150 381 9181
1623758700 55 58 56 59
1623758400 22 21 41 42
1623758100 40 41 41 42
1623757800 28 29 34 35
1623757500 33 34 34 35
1623757200 20 20 50 49
1623756900 49 48 50 49
1623756600 21 21 39 40
1623756300 38 39 39 40
1623756000 23 22 40 42
1623755700 41 73 380 9450
1623755400 378 9387 380 9450
1623755100 82 91 83 92
1623754800 29 26 38 38
1623754500 37 37 38 38
1623754200 22 21 36 36
1623753900 35 35 36 36
1623753600 22 21 47 49
1623753300 47 50 336 361
1623753000 338 363 746 728
1623752700 746 728 767 742
1623752400 766 741 767 742
1623752100 741 765 1108 10182
1623751800 1105 10118 1108 10182
1623751500 756 722 757 756
1623751200 734 756 783 776
1623750900 782 775 783 776
1623750600 780 753 801 792
1623750300 798 789 801 792
1623750000 383 386 385 388
1623749700 43 46 44 47
1623749400 24 23 44 45
1623749100 43 44 44 45
1623748800 21 21 37 37
1623748500 39 98 364 9226
1623748200 362 9195 364 9226
1623747900 46 47 47 48
1623747600 22 21 40 40
1623747300 39 39 40 40
1623747000 21 21 35 35
1623746700 34 34 35 35
1623746400 24 23 47 48
1623746100 46 47 47 48
1623745800 21 21 42 43
1623745500 42 43 43 58
1623745200 42 57 43 58
1623744900 41 108 382 9423
1623744600 380 9391 382 9423
1623744300 58 86 59 87
1623744000 26 39 37 44
1623743700 36 43 37 44
1623743400 28 35 39 39
1623743100 38 38 39 39
1623742800 22 21 47 48
1623742500 46 47 47 48
1623742200 24 23 44 46
1623741900 43 45 44 46
1623741600 21 21 35 38
1623741300 37 98 366 9166
1623741000 364 9135 366 9166
1623740700 53 80 54 129
1623740400 47 128 48 129
1623740100 36 36 37 37
1623739800 27 27 37 37
1623739500 36 36 37 37
1623739200 26 33 63 73
1623738900 62 72 63 73
1623738600 35 44 36 45
1623738300 34 36 35 37
1623738000 29 37 44 45
1623737700 46 106 407 9337
1623737400 404 9275 407 9337
1623737100 45 47 46 48
1623736800 38 43 47 49
1623736500 46 48 47 49
1623736200 44 47 99 95
1623735900 98 94 99 95
1623735600 59 62 93 102
1623735300 92 101 93 102
1623735000 53 60 110 117
1623734700 110 117 130 132
1623734400 130 132 199 216
1623734100 199 246 472 9355
1623733800 470 9294 472 9355
1623733500 258 267 260 269
1623733200 45 49 74 134
1623732900 73 133 74 134
1623732600 57 54 71 73
1623732300 70 72 71 73
1623732000 41 40 67 72
1623731700 66 71 67 72
1623731400 33 32 50 55
1623731100 49 54 50 55
1623730800 38 37 76 126
1623730500 77 157 432 9531
1623730200 430 9499 432 9531
1623729900 102 130 103 131
1623729600 71 112 79 134
1623729300 78 133 79 134
1623729000 70 120 71 121
1623728700 58 62 63 82
1623728400 63 82 107 116
1623728100 106 115 107 116
1623727800 50 48 70 70
1623727500 70 70 74 70
1623727200 74 70 118 192
1623726900 120 273 952 24644
1623726600 949 24562 952 24644
1623726300 117 185 118 186
1623726000 57 94 94 117
1623725700 96 119 752 804
1623725400 751 803 752 804
1623725100 747 743 748 783
1623724800 746 783 851 963
1623724500 850 962 851 963
1623724200 793 933 874 1167
1623723900 873 1164 874 1167
1623723600 742 747 846 891
1623723300 847 931 1224 12980
1623723000 1221 12899 1224 12980
1623722700 810 840 813 842
1623722400 492 580 493 807
1623722100 259 812 577 2521
1623721800 574 2508 577 2521
1623721500 226 573 227 577
1623721200 80 109 109 160
1623720900 109 160 131 258
1623720600 131 257 140 258
1623720300 140 214 179 215
1623720000 180 210 719 18880
1623719700 729 19141 3883 97258
1623719400 3858 96610 3883 97258
1623719100 136 187 137 188
1623718800 120 146 151 318
1623718500 151 318 159 345
1623718200 158 344 159 345
1623717900 110 237 111 238
1623717600 86 175 129 176
1623717300 129 129 310 1314
1623717000 328 1809 5793 149868
1623716700 5763 149095 5793 149868
1623716400 1318 33952 1576 37938
1623716100 1571 37823 1576 37938
1623715800 283 3651 284 3663
1623715500 150 146 188 507
1623715200 187 505 188 507
1623714900 125 132 309 870
1623714600 307 865 309 870
1623714300 155 149 170 363
1623714000 170 362 172 363
1623713700 172 168 282 254
1623713400 281 253 282 254
1623713100 206 204 248 385
1623712800 276 1204 4552 123347
1623712500 4539 122967 4552 123347
1623712200 687 9521 689 9553
1623711900 191 185 192 186
1623711600 181 188 365 1101
1623711300 364 1096 365 1101
1623711000 236 359 237 360
1623710700 209 134 449 407
1623710400 449 406 651 407
1623710100 650 361 651 411
1623709800 451 410 452 411
1623709500 433 276 434 320
1623709200 434 576 2086 38805
1623708900 2085 38828 2086 45734
1623708600 1970 45583 1975 45734
1623708300 602 477 746 547
1623708000 745 546 746 547
1623707700 509 424 650 562
1623707400 649 561 650 562
1623707100 530 423 856 818
1623706800 859 831 1323 2897
1623706500 1321 2896 1323 2897
1623706200 874 2649 1118 3068
1623705900 1116 3067 1118 3068
1623705600 940 2986 941 2991
1623705300 743 1865 2479 43317
1623705000 2469 43037 2479 43317
1623704700 1075 1437 1076 1586
1623704400 790 1580 791 1586
1623704100 649 756 1489 850
1623703800 1485 849 1489 850
1623703500 532 786 533 789
1623703200 518 420 1291 576
1623702900 1291 576 1349 612
1623702600 1366 632 4037 3655
1623702300 4040 3770 5134 38322
1623702000 5215 39027 17370 144147
1623701700 17373 144102 18470 144147
1623701400 18461 130937 18470 130938
1623701100 15941 130466 20213 130683
1623700800 20226 98411 24350 149183
1623700500 24325 149102 24350 149183
1623700200 20705 137216 23618 148434
1623699900 20800 128160 23618 148434
1623699000 17023 131228 23733 180029
1623697200 21883 142192 25404 192065
1623695400 20221 140767 23587 210677
1623693600 21853 147952 23651 220401
1623691800 22977 162748 28441 270523
1623690000 22267 142445 26191 177704
1623688200 21422 158307 26527 188213
1623686400 26527 188213 26527 188213
1623684600 26527 188213 26527 188213
1623682800 26527 188213 26527 188213
1623681000 26527 188213 26527 188213
1623679200 26527 188213 26527 188213
1623677400 26527 188213 26527 188213
1623675600 26527 188213 26527 188213
1623673800 26527 188213 26527 188213
1623672000 26527 188213 26527 188213
1623670200 26527 188213 26527 188213
1623668400 26527 188213 26527 188213
1623666600 26527 188213 26527 188213
1623664800 26527 188213 26527 188213
1623663000 26527 188213 26527 188213
1623661200 26527 188213 26527 188213
1623659400 26527 188213 26527 188213
1623657600 26527 188213 26527 188213
1623655800 26527 188213 26527 188213
1623654000 26527 188213 26527 188213
1623652200 26527 188213 26527 188213
1623650400 26527 188213 26527 188213
1623648600 26527 188213 26527 188213
1623646800 26527 188213 26527 188213
1623645000 26527 188213 26527 188213
1623643200 26527 188213 26527 188213
1623641400 26527 188213 26527 188213
1623639600 26527 188213 26527 188213
1623637800 26527 188213 26527 188213
1623636000 26527 188213 26527 188213
1623634200 26527 188213 26527 188213
1623632400 26527 188213 26527 188213
1623630600 26527 188213 26527 188213
1623628800 26527 188213 26527 188213
1623627000 26527 188213 26527 188213
1623625200 26527 188213 26527 188213
1623623400 26527 188213 26527 188213
1623621600 26527 188213 26527 188213
1623619800 26527 188213 26527 188213
1623618000 26527 188213 26527 188213
1623616200 26527 188213 26527 188213
1623614400 26527 188213 26527 188213
1623612600 26527 188213 26527 188213
1623610800 26527 188213 26527 188213
1623609000 26527 188213 26527 188213
1623607200 26527 188213 26527 188213
1623605400 26527 188213 26527 188213
1623603600 26527 188213 26527 188213
1623601800 26527 188213 26527 188213
1623600000 26527 188213 26527 188213
1623598200 26527 188213 26527 188213
1623596400 26527 188213 26527 188213
1623594600 26527 188213 26527 188213
1623592800 26527 188213 26527 188213
1623591000 26527 188213 26527 188213
1623589200 26527 188213 26527 188213
1623587400 26527 188213 26527 188213
1623585600 26527 188213 26527 188213
1623583800 26527 188213 26527 188213
1623582000 26527 188213 26527 188213
1623580200 26527 188213 26527 188213
1623578400 26527 188213 26527 188213
1623576600 26527 188213 26527 188213
1623574800 26527 188213 26527 188213
1623573000 26527 188213 26527 188213
1623571200 26527 188213 26527 188213
1623569400 26527 188213 26527 188213
1623567600 26527 188213 26527 188213
1623565800 26527 188213 26527 188213
1623564000 26527 188213 26527 188213
1623562200 26527 188213 26527 188213
1623560400 26527 188213 26527 188213
1623558600 26527 188213 26527 188213
1623556800 26527 188213 26527 188213
1623555000 26527 188213 26527 188213
1623553200 26527 188213 26527 188213
1623551400 26527 188213 26527 188213
1623549600 26527 188213 26527 188213
1623547800 26527 188213 26527 188213
1623546000 26527 188213 26527 188213
1623544200 26527 188213 26527 188213
1623542400 26527 188213 26527 188213
1623540600 26527 188213 26527 188213
1623538800 26527 188213 26527 188213
1623537000 26527 188213 26527 188213
1623535200 26527 188213 26527 188213
1623533400 26527 188213 26527 188213
1623531600 26527 188213 26527 188213
1623529800 26527 188213 26527 188213
1623528000 26527 188213 26527 188213
1623526200 26527 188213 26527 188213
1623524400 26527 188213 26527 188213
1623522600 26527 188213 26527 188213
1623520800 26527 188213 26527 188213
1623519000 26527 188213 26527 188213
1623517200 26527 188213 26527 188213
1623515400 26527 188213 26527 188213
1623513600 26527 188213 26527 188213
1623511800 26527 188213 26527 188213
1623510000 26527 188213 26527 188213
1623508200 26527 188213 26527 188213
1623506400 26527 188213 26527 188213
1623504600 26527 188213 26527 188213
1623502800 26527 188213 26527 188213
1623501000 26527 188213 26527 188213
1623499200 26527 188213 26527 188213
1623497400 26527 188213 26527 188213
1623495600 26527 188213 26527 188213
1623493800 26527 188213 26527 188213
1623492000 26527 188213 26527 188213
1623490200 26527 188213 26527 188213
1623488400 26527 188213 26527 188213
1623486600 26527 188213 26527 188213
1623484800 26527 188213 26527 188213
1623483000 26527 188213 26527 188213
1623481200 26527 188213 26527 188213
1623479400 26527 188213 26527 188213
1623477600 26527 188213 26527 188213
1623475800 26527 188213 26527 188213
1623474000 26527 188213 26527 188213
1623472200 26527 188213 26527 188213
1623470400 26527 188213 26527 188213
1623468600 26527 188213 26527 188213
1623466800 26527 188213 26527 188213
1623465000 26527 188213 26527 188213
1623463200 26527 188213 26527 188213
1623461400 26527 188213 26527 188213
1623459600 26527 188213 26527 188213
1623457800 26527 188213 26527 188213
1623456000 26527 188213 26527 188213
1623454200 26527 188213 26527 188213
1623452400 26527 188213 26527 188213
1623450600 26527 188213 26527 188213
1623448800 26527 188213 26527 188213
1623447000 26527 188213 26527 188213
1623445200 26527 188213 26527 188213
1623443400 26527 188213 26527 188213
1623441600 26527 188213 26527 188213
1623439800 26527 188213 26527 188213
1623438000 26527 188213 26527 188213
1623436200 26527 188213 26527 188213
1623434400 26527 188213 26527 188213
1623432600 26527 188213 26527 188213
1623430800 26527 188213 26527 188213
1623429000 26527 188213 26527 188213
1623427200 26527 188213 26527 188213
1623425400 26527 188213 26527 188213
1623423600 26527 188213 26527 188213
1623421800 26527 188213 26527 188213
1623420000 26527 188213 26527 188213
1623418200 26527 188213 26527 188213
1623416400 26527 188213 26527 188213
1623414600 26527 188213 26527 188213
1623412800 26527 188213 26527 188213
1623411000 26527 188213 26527 188213
1623409200 26527 188213 26527 188213
1623407400 26527 188213 26527 188213
1623405600 26527 188213 26527 188213
1623403800 26527 188213 26527 188213
1623402000 26527 188213 26527 188213
1623400200 26527 188213 26527 188213
1623398400 26527 188213 26527 188213
1623396600 26527 188213 26527 188213
1623394800 26527 188213 26527 188213
1623393000 26527 188213 26527 188213
1623391200 26527 188213 26527 188213
1623389400 26527 188213 26527 188213
1623387600 26527 188213 26527 188213
1623385800 26527 188213 26527 188213
1623384000 26527 188213 26527 188213
1623382200 26527 188213 26527 188213
1623380400 26527 188213 26527 188213
1623378600 26527 188213 26527 188213
1623376800 26527 188213 26527 188213
1623375000 26527 188213 26527 188213
1623373200 26527 188213 26527 188213
1623371400 26527 188213 26527 188213
1623369600 26527 188213 26527 188213
1623367800 26527 188213 26527 188213
1623366000 26527 188213 26527 188213
1623364200 26527 188213 26527 188213
1623362400 26527 188213 26527 188213
1623360600 26527 188213 26527 188213
1623358800 26527 188213 26527 188213
1623357000 26527 188213 26527 188213
1623355200 26527 188213 26527 188213
1623353400 26527 188213 26527 188213
1623351600 26527 188213 26527 188213
1623349800 26527 188213 26527 188213
1623348000 26527 188213 26527 188213
1623346200 26314 181569 26527 188213
1623344400 28028 187049 32983 241543
1623342600 30866 227628 35581 263440
1623340800 25660 187201 29671 214785
1623339000 23454 162897 29726 194332
1623337200 25657 168196 29726 193908
1623335400 16719 118503 25560 184726
1623333600 1377 677 2492 2151
1623331800 389 1109 800 4679
1623330000 39 38 53 50
1623328200 66 822 199 4728
1623326400 30 30 52 55
1623324600 59 796 190 4613
1623322800 154 155 761 755
1623321000 772 1524 866 5445
1623319200 387 386 797 796
1623317400 60 794 191 4590
1623315600 29 29 44 47
1623313800 56 792 185 4603
1623312000 30 31 45 46
1623310200 62 794 206 4614
1623308400 31 31 47 49
1623306600 67 802 196 3289
1623304800 45 46 63 67
1623303000 155 907 301 4718
1623301200 54 57 77 83
1623299400 89 830 209 4627
1623297600 57 62 70 75
1623295800 88 809 177 4489
1623294000 510 526 717 736
1623292200 1073 10153 2303 52675
1623290400 182 224 582 595
1623288600 459 8959 2077 53008
1623286800 178 442 298 917
1623285000 334 5441 1310 31852
1623283200 144 224 225 456
1623281400 388 6085 1169 34587
1623279600 155 321 215 748
1623277800 789 13509 2135 54895
1623276000 578 1542 1810 27976
1623274200 1648 13459 2672 36035
1623272400 1199 1418 4126 19641
1623270600 13081 93845 29704 240205
1623268800 25534 172101 29704 258557
1623267000 22306 168931 26022 206105
1623265200 24918 175546 27053 191393
1623263400 31803 223642 34830 312912
1623261600 30266 218029 34216 275955
1623259800 31223 236664 34652 331162
1623258000 26559 193384 31134 234531
1623256200 25621 187283 29522 229141
1623254400 29268 195163 34274 234691
1623252600 31710 218605 37868 274072
1623250800 31761 220138 40269 293434
1623249000 16829 136127 29105 268776
1623247200 801 542 1263 1106
1623245400 267 830 465 1295
1623243600 36 38 50 51
1623241800 36 35 50 47
1623240000 32 32 48 49
1623238200 30 29 41 42
1623236400 30 30 41 42
1623234600 434 429 776 774
1623232800 755 750 814 780
1623231000 92 90 389 379
1623229200 30 31 41 42
1623227400 32 31 48 48
1623225600 32 33 47 48
1623223800 33 33 57 58
1623222000 37 38 61 63
1623220200 59 484 135 2675
1623218400 44 49 75 82
1623216600 127 137 251 258
1623214800 67 74 87 95
1623213000 63 77 106 168
1623211200 78 84 99 159
1623209400 72 88 110 159
1623207600 473 485 815 838
1623205800 1470 19073 2961 66137
1623204000 221 252 782 776
1623202200 124 160 178 336
1623200400 189 266 264 613
1623198600 656 14157 2616 64772
1623196800 162 283 246 702
1623195000 947 20033 2606 65938
1623193200 252 531 307 911
1623191400 540 6514 1619 34231
1623189600 732 1331 1529 2774
1623187800 1878 33941 8097 198427
1623186000 939 1002 3639 3952
1623184200 11621 70271 23031 135015
1623182400 20761 139923 23032 210531
1623180600 22688 168763 25641 221966
1623178800 25850 167509 29360 248217
1623177000 26844 196134 33841 251325
1623175200 28961 181945 30352 228038
1623173400 28867 223796 32822 288356
1623171600 29595 215477 31718 273892
1623169800 27514 193611 31008 226358
1623168000 24718 178121 30344 226128
1623166200 27945 215278 33987 271959
1623164400 25735 158767 28446 206616
1623162600 13499 109044 23750 197352
1623160800 919 785 1717 1716
1623159000 347 649 567 1307
1623157200 47 48 101 91
1623155400 33 33 47 48
1623153600 30 30 52 52
1623151800 28 28 42 40
1623150000 32 31 47 48
1623148200 472 471 766 764
1623146400 766 756 788 785
1623144600 32 33 45 47
1623142800 30 29 44 45
1623141000 29 29 49 50
1623139200 34 37 58 61
1623137400 32 31 45 46
1623135600 34 35 53 57
1623133800 32 33 53 52
1623132000 48 59 88 97
1623130200 142 380 246 1592
1623128400 51 54 75 81
1623126600 84 883 231 5019
1623124800 86 89 97 101
1623123000 80 89 111 106
1623121200 442 450 819 800
1623119400 895 3055 1280 14256
1623117600 170 183 571 577
1623115800 286 4935 1206 29112
1623114000 142 157 203 199
1623112200 1015 23843 4643 121709
1623110400 154 163 174 200
1623108600 708 15102 1957 45248
1623106800 257 358 325 478
1623105000 1762 40023 7977 203664
1623103200 523 669 690 2125
1623101400 910 8207 1660 33331
1623099600 600 944 1135 4089
1623097800 12556 95690 25442 283716
1623096000 19850 144114 25167 183593
1623094200 23205 170629 26579 291057
1623092400 20065 136151 23049 188028
1623090600 26564 187209 31840 273300
1623088800 25224 187659 31840 250233
1623087000 24329 181174 32401 288571
1623085200 20295 142593 25340 191981
1623083400 24997 174107 26638 208230
1623081600 25090 183964 27354 210350
1623079800 26299 178540 30470 234424
1623078000 26526 187125 30867 202462
1623076200 13461 98292 20557 180089
1623074400 721 614 1852 1907
1623072600 193 282 278 641
1623070800 39 37 57 52
1623069000 32 32 48 49
1623067200 37 39 51 63
1623065400 29 29 50 51
1623063600 32 31 46 41
1623061800 248 246 780 782
1623060000 756 753 789 778
1623058200 257 255 723 741
1623056400 29 30 41 38
1623054600 30 30 47 48
1623052800 30 30 42 42
1623051000 29 29 47 48
1623049200 35 36 43 44
1623047400 34 35 51 52
1623045600 42 49 64 72
1623043800 92 99 208 217
1623042000 44 46 57 61
1623040200 46 49 67 71
1623038400 54 57 77 83
1623036600 44 50 63 67
1623034800 50 58 71 108
1623033000 280 278 787 798
1623031200 770 766 832 820
1623029400 284 281 832 767
1623027600 48 52 60 62
1623025800 51 52 77 74
1623024000 51 62 82 113
1623022200 52 54 92 91
1623020400 45 54 62 77
1623018600 41 47 68 67
1623016800 45 54 62 72
1623015000 87 85 204 197
1623013200 56 52 122 99
1623011400 4566 21135 15752 77874
1623009600 14766 103924 17925 144226
1623007800 13502 90833 19826 142596
1623006000 14911 97034 18607 117679
1623004200 17520 124586 20078 166315
1623002400 19837 138460 24980 207921
1623000600 18073 124174 22454 176187
1622998800 19950 134925 22524 176942
1622997000 21709 145001 27335 241363
1622995200 19028 141270 25400 241363
1622993400 18124 126304 20142 164568
1622991600 17886 124856 24616 216173
1622989800 11982 89000 18941 143334
1622988000 560 162 1586 231
1622986200 76 50 248 86
1622984400 32 32 50 53
1622982600 29 28 41 43
1622980800 30 30 47 50
1622979000 35 40 57 86
1622977200 28 29 44 45
1622975400 290 292 749 777
1622973600 740 734 808 785
1622971800 234 233 698 701
1622970000 29 29 48 50
1622968200 30 29 50 49
1622966400 30 29 47 51
1622964600 30 30 42 46
1622962800 31 31 48 48
1622961000 30 30 48 49
1622959200 35 35 53 57
1622957400 64 64 174 180
1622955600 37 39 60 62
1622953800 39 38 106 60
1622952000 46 36 106 51
1622950200 51 50 97 102
1622948400 46 44 521 512
1622946600 740 735 820 827
1622944800 526 527 788 784
1622943000 48 67 69 104
1622941200 70 92 224 331
1622939400 44 46 68 66
1622937600 50 51 78 83
1622935800 134 67 545 1939
1622934000 121 657 283 1939
1622932200 89 1068 263 6139
1622930400 44 44 65 62
1622928600 151 1623 375 9301
1622926800 70 52 184 76
1622925000 6789 47081 19467 137335
1622923200 22732 154072 26496 211028
1622921400 22278 141238 28760 215486
1622919600 24693 153669 28760 285138
1622917800 28791 196479 32804 285138
1622916000 30310 215359 34462 300231
1622914200 33141 239686 35852 331602
1622912400 31054 236009 34489 331602
1622910600 30845 205632 33170 302961
1622908800 29377 203252 32149 263892
1622907000 32408 238863 35515 263892
1622905200 28421 201738 30977 237289
1622903400 15030 111668 27131 170065
1622901600 745 329 1365 450
1622899800 212 171 294 222
1622898000 32 32 52 53
1622896200 31 31 60 56
1622894400 31 31 48 47
1622892600 31 31 51 51
1622890800 31 34 48 49
1622889000 30 29 48 49
1622887200 306 303 693 693
1622885400 172 172 681 677
1622883600 31 30 46 44
1622881800 30 30 44 46
1622880000 31 32 50 51
1622878200 29 29 43 45
1622876400 33 34 47 50
1622874600 34 33 60 57
1622872800 38 38 54 55
1622871000 80 82 193 203
1622869200 46 45 59 58
1622867400 46 49 76 84
1622865600 47 55 68 93
1622863800 50 56 87 111
1622862000 502 496 825 815
1622860200 1103 9038 2607 47792
1622858400 104 89 304 178
1622856600 143 1342 392 7561
1622854800 103 190 168 465
1622853000 369 7053 1643 38960
1622851200 282 2194 404 3526
1622849400 743 15322 3149 79448
1622847600 21143 48786 33725 75051
1622845800 26400 73505 30487 142488
1622844000 9095 21874 27907 64690
1622842200 1451 20517 4466 104629
1622840400 801 912 2341 15920
1622838600 15016 99585 34219 245125
1622836800 25352 169434 34219 245125
1622835000 22830 177851 26021 231263
1622833200 27908 191832 30715 245956
1622831400 31697 250558 34400 392384
1622829600 30981 217521 35169 269591
1622827800 32735 232993 35733 297596
1622826000 31226 225818 35536 268965
1622824200 32033 225207 35423 281069
1622822400 31130 234441 34211 280093
1622820600 31046 207036 35157 311889
1622818800 30317 201876 37249 249406
1622817000 20050 155874 29673 249406
1622815200 3655 1477 17826 4313
1622813400 393 2441 509 3691
1622811600 567 148 1381 221
1622809800 35 36 48 47
1622808000 34 36 64 68
1622806200 29 29 46 47
1622804400 147 146 752 745
1622802600 752 745 815 787
1622800800 359 358 780 774
1622799000 29 28 46 48
1622797200 28 28 48 49
1622795400 31 31 57 58
1622793600 37 40 53 55
1622791800 86 1461 348 8539
1622790000 34 35 51 56
1622788200 32 33 52 54
1622786400 52 54 71 78
1622784600 132 142 205 219
1622782800 65 85 82 182
1622781000 50 52 73 157
1622779200 97 189 144 259
1622777400 416 8933 1978 48673
1622775600 252 275 804 777
1622773800 796 1458 974 4779
1622772000 415 485 862 882
1622770200 1372 34560 7759 207266
1622768400 238 357 332 655
1622766600 841 17335 3189 78191
1622764800 281 1625 369 3069
1622763000 585 9838 1794 39523
1622761200 285 871 345 1680
1622759400 1023 20009 4623 115586
1622757600 609 1990 810 4405
1622755800 1561 23733 5593 129682
1622754000 690 1043 1519 2386
1622752200 13139 87971 22189 208329
1622750400 22977 171751 25757 198865
1622748600 24500 174377 27775 293687
1622746800 27730 178570 33299 260078
1622745000 31460 263461 35278 336911
1622743200 27591 188312 31508 259170
1622741400 32659 260466 37840 374963
1622739600 26567 187281 32895 232227
1622737800 31200 225273 36243 313603
1622736000 27567 187475 31352 229931
1622734200 30687 208653 40307 225683
1622732400 27450 197650 30668 250181
1622730600 13526 100667 20776 213049
1622728800 997 816 1567 1886
1622727000 648 11203 2637 64263
1622725200 69 62 157 127
1622723400 84 1133 291 6618
1622721600 29 28 45 45
1622719800 72 1100 274 6441
1622718000 34 30 50 50
1622716200 447 1493 932 7262
1622714400 753 750 794 778
1622712600 146 1185 459 6532
1622710800 33 37 47 57
1622709000 71 1109 272 6493
1622707200 34 29 65 47
1622705400 81 1106 273 6496
1622703600 37 39 56 64
1622701800 86 1140 316 6614
1622700000 49 52 80 176
1622698200 335 2693 777 15332
1622696400 78 153 139 333
1622694600 105 1144 294 6475
1622692800 67 73 75 98
1622691000 120 1165 320 6424
1622689200 671 667 820 827
1622687400 805 4401 1605 23303
1622685600 107 169 156 352
1622683800 594 9689 2313 53209
1622682000 213 613 394 1691
1622680200 501 8373 2090 48349
1622678400 181 290 291 767
1622676600 633 9289 2062 47774
1622674800 546 2606 793 3346
1622673000 1552 32001 2914 70350
1622671200 455 570 677 1179
1622669400 3492 79792 9037 235472
1622667600 821 617 4918 2674
1622665800 17646 104496 31523 204410
1622664000 26187 193652 31402 262300
1622662200 24775 174273 29419 254834
1622660400 27781 202612 29797 236996
1622658600 30122 217844 33870 346980
1622656800 30392 217779 32881 271497
1622655000 27798 198800 31329 259029
1622653200 30572 206319 33876 284355
1622651400 27748 214109 33030 278633
1622649600 26141 182584 29630 227909
1622647800 30860 217732 36610 318868
1622646000 31675 225345 35532 318868
1622644200 16045 124579 32830 222913
1622642400 817 766 1347 1781
1622640600 440 1403 867 6784
1622638800 46 45 76 64
1622637000 73 1107 278 6482
1622635200 39 47 61 110
1622633400 71 1098 283 6468
1622631600 30 29 52 52
1622629800 530 1578 975 7272
1622628000 721 713 757 752
1622626200 92 1124 261 6425
1622624400 31 30 53 54
1622622600 71 1105 262 6472
1622620800 31 31 48 50
1622619000 68 941 413 10010
1622613600 102 632 450 6664
1622606400 439 2584 2386 45408
1622599200 322 4128 1973 43680
1622592000 391 4423 2913 72913
1622584800 3630 22379 24189 214545
1622577600 25160 173650 31445 234593
1622570400 28919 201403 34912 335633
1622563200 24759 172489 30755 273662
1622556000 350 750 2592 6573
1622548800 148 669 850 7168
1622541600 237 758 761 6618
1622534400 51 564 267 6440
1622527200 97 637 454 6886
1622520000 511 4814 4437 100453
1622512800 587 11894 4330 118912
1622505600 612 9798 4177 98323
1622498400 3592 26699 19955 171620
1622491200 21930 153321 30539 277158
1622484000 24372 173556 31286 301203
1622476800 21605 146054 30990 238947
1622469600 319 721 1238 6517
1622462400 335 859 787 6877
1622455200 46 561 262 6460
1622448000 51 566 262 6436
1622440800 75 595 337 6597
1622433600 353 876 1012 7220
1622426400 129 2149 1595 43894
1622419200 74 595 298 6658
1622412000 1614 7491 17221 140479
1622404800 17366 118614 22329 189755
1622397600 26320 184408 32586 234176
1622390400 23947 172148 31845 253332
1622383200 177 621 1169 6637
1622376000 93 732 786 9435
1622368800 292 805 785 6432
1622361600 51 574 291 6617
1622354400 63 602 351 6809
1622347200 121 648 995 7380
1622340000 362 2688 1992 51759
1622332800 78 806 481 11725
1622325600 3418 13319 23423 149568
1622318400 29099 183211 76556 307040
1622311200 31844 225779 39261 309520
1622304000 29347 209509 37046 307177
1622296800 224 636 1392 6699
1622289600 124 637 963 7119
1622282400 258 783 772 6684
1622275200 60 859 522 13521
1622268000 89 779 445 10752
1622260800 292 1347 1146 14817
1622253600 254 1833 795 19114
1622246400 567 9301 5929 155318
1622239200 7460 117528 28393 554397
1622232000 34247 216011 111111 358675
1622224800 31498 235574 36979 333383
1622217600 26500 199101 34835 375144
1622210400 329 822 1537 6635
1622203200 122 637 925 7012
1622196000 264 780 789 6567
1622188800 51 566 272 6488
1622181600 133 1497 844 17805
1622174400 492 5606 4675 114162
1622167200 601 7328 4288 113284
1622160000 654 8350 3674 91417
1622152800 3860 26273 27666 266867
1622145600 28532 205731 36937 358745
1622138400 31471 216553 37353 316293
1622131200 27547 202157 37680 283455
1622124000 387 933 1686 7110
1622116800 141 655 979 7152
1622109600 244 764 807 6629
1622102400 82 1000 656 16527
1622095200 299 816 973 6996
1622088000 230 923 777 10474
1622080800 441 8503 3869 100886
1622073600 566 7542 3263 76556
1622066400 4438 29306 29778 192475
1622059200 25726 177599 29598 288179
1622052000 31296 229830 35604 332356
1622044800 27822 201551 37372 397221
1622037600 319 775 1638 6799
1622030400 173 700 944 7173
1622023200 205 726 793 6631
1622016000 70 1062 703 18280
1622008800 125 1418 1006 25680
1622001600 433 2015 1742 28404
1621994400 501 8263 3937 103683
1621987200 616 7003 2606 64470
1621980000 5194 33066 27356 217966
1621972800 29492 206444 37039 352270
1621965600 26880 190299 31524 261912
1621958400 26745 193575 34531 288309
1621951200 330 1092 1578 10568
1621944000 150 671 938 7291
1621936800 225 731 758 6411
1621929600 91 1678 995 25124
1621922400 110 1117 765 18826
1621915200 519 4918 3570 75842
1621908000 428 7491 3679 86575
1621900800 782 14085 9132 215884
1621893600 3453 26489 19315 250909
1621886400 24132 165595 31958 254558
1621879200 26117 188300 35503 283431
1621872000 24771 171269 32800 254287
1621864800 455 900 1353 6928
1621857600 204 726 910 6687
1621850400 472 985 962 6611
1621843200 200 713 427 6562
1621836000 220 754 443 6770
1621828800 235 1016 889 12689
1621821600 504 1123 958 9197
1621814400 213 743 442 6983
1621807200 1798 9323 17473 83405
1621800000 19909 132530 27100 206189
1621792800 27112 185373 34270 289807
1621785600 23344 154764 31510 238157
1621778400 337 773 1246 6908
1621771200 200 723 901 6762
1621764000 465 997 950 6961
1621756800 196 716 405 6687
1621749600 210 731 438 6741
1621742400 274 820 1141 7532
1621735200 430 947 961 6597
1621728000 226 986 640 12393
1621720800 3692 21813 27728 276189
1621713600 27219 179890 34568 286884
1621706400 30303 207656 36507 275713
1621699200 23482 159181 30309 254965
1621692000 367 800 1348 6914
1621684800 192 714 427 6765
1621677600 196 710 411 6622
1621670400 198 712 413 6592
1621663200 227 742 515 6695
1621656000 431 1286 1382 14893
1621648800 658 7810 3812 94028
1621641600 669 9384 4072 109785
1621634400 4472 26495 29244 280966
1621627200 26365 185858 32515 295695
1621620000 32456 223569 40300 327873
1621612800 25872 185363 33424 279559
1621605600 476 879 1667 6620
1621598400 272 787 1176 7423
1621591200 407 922 947 6621
1621584000 205 901 573 11092
1621576800 333 1226 1982 17362
1621569600 558 3045 2628 44567
1621562400 636 8906 6740 170291
1621555200 746 9246 4118 97056
1621548000 5186 30695 27718 230398
1621540800 25871 177233 32559 326034
1621533600 29618 205350 34399 317595
1621526400 26087 183610 33272 290172
1621519200 456 1031 1486 6807
1621512000 318 834 1097 7186
1621504800 362 881 983 6749
1621497600 211 905 576 10999
1621490400 328 2991 2200 53624
1621483200 526 1670 1536 14756
1621476000 495 4260 2019 47024
1621468800 760 8377 3784 86984
1621461600 4991 34610 29067 281268
1621454400 25947 175835 32349 266741
1621447200 26969 191125 34381 312390
1621440000 25055 181052 34737 284907
1621432800 479 1560 1617 6660
1621425600 318 1222 995 16299
1621418400 370 895 918 6800
1621411200 200 724 431 6748
1621404000 253 768 610 6663
1621396800 583 2428 1656 39160
1621389600 533 6183 2329 56740
1621382400 753 9613 4679 118827
1621375200 5290 40735 25940 165187
1621368000 27878 192293 33411 300212
1621360800 28640 213601 34933 368197
1621353600 28260 208981 41485 349992
1621346400 546 941 2701 6860
1621339200 274 956 1166 10523
1621332000 400 925 948 6895
1621324800 198 720 421 6778
1621317600 257 796 525 6723
1621310400 481 1218 1434 11799
1621303200 546 4647 3460 83895
1621296000 1407 27941 9167 230248
1621288800 3954 21324 25667 175871
1621281600 22249 150185 29206 234944
1621274400 26204 175743 33270 238846
1621267200 24320 160189 31210 224855
1621260000 2245 2106 3077 7836
1621252800 2038 1949 2299 8132
1621245600 2287 2181 2972 8244
1621238400 2034 1936 2246 7796
1621231200 1724 1822 2184 7627
1621224000 1368 1519 2074 7445
1621216800 2432 3130 3278 18915
1621209600 2096 1998 2333 8015
1621202400 3975 11169 24276 119320
1621195200 19714 122672 26409 186305
1621188000 21728 140560 28195 221479
1621180800 22079 134808 28600 202962
1621173600 3982 2056 39806 7930
1621166400 2059 1959 2351 8088
1621159200 2323 2211 2921 8438
1621152000 2055 1949 2253 7803
1621144800 1771 1764 2302 7754
1621137600 1430 1539 2736 7470
1621130400 2350 2227 2928 7922
1621123200 2098 2034 2307 8036
1621116000 4758 13689 24541 211351
1621108800 28009 181789 39439 253418
1621101600 32807 216548 68021 279769
1621094400 31644 182138 90126 257697
1621087200 2248 2026 3549 7958
1621080000 2052 1956 2803 8006
1621072800 2265 2187 2928 7927
1621065600 2046 1937 2285 7917
1621058400 1655 1711 2161 7402
1621051200 1512 1678 2824 8120
1621044000 2207 5360 3072 60983
1621036800 1695 11984 7064 141533
1621029600 7165 33089 34394 270949
1621022400 29236 198241 34807 299746
1621015200 28431 205225 36958 348726
1621008000 27481 197126 32979 310838
1621000800 477 972 2010 6924
1620993600 304 826 1101 7415
1620986400 362 887 943 6821
1620979200 194 704 394 6494
1620972000 250 1096 773 12340
1620964800 400 1367 1327 12283
1620957600 705 8331 3441 77660
1620950400 852 15013 4790 131269
1620943200 4219 23599 27102 212331
1620936000 25039 165935 31362 253625
1620928800 31205 195443 66469 321224
1620921600 25050 173384 34509 314559
1620914400 598 1766 3890 13518
1620907200 220 854 892 9479
1620900000 451 970 958 6822
1620892800 201 718 407 6641
1620885600 1081 1917 1930 15655
1620878400 1514 1668 2768 8102
1620871200 2362 5973 4652 73591
1620864000 2669 11635 8264 151777
1620856800 5092 22485 25678 170652
1620849600 25090 172122 30499 335732
1620842400 29102 194622 37172 291046
1620835200 28461 195544 54450 383342
1620828000 526 1023 1952 7074
1620820800 196 715 426 6605
1620813600 468 987 971 6683
1620806400 219 1311 852 18797
1620799200 245 765 617 6801
1620792000 374 1425 1297 19082
1620784800 548 4894 2111 54080
1620777600 836 6453 2699 60301
1620770400 4499 34710 23309 210501
1620763200 23391 145483 60976 215206
1620756000 22381 158821 29850 218400
1620748800 25028 183735 35313 277841
1620741600 492 931 2008 6769
1620734400 199 721 428 6785
1620727200 467 980 937 6672
1620720000 201 716 427 6628
1620712800 265 1549 1139 25746
1620705600 344 2264 1800 38520
1620698400 551 2788 1547 41873
1620691200 478 2521 1536 30868
1620684000 2932 18980 20555 155677
1620676800 19446 126846 26587 224629
1620669600 21203 134771 34874 202591
1620662400 22854 151245 34874 231468
1620655200 2080 2231 2949 13475
1620648000 1860 1833 2218 7856
1620640800 2135 2083 2776 8481
1620633600 1901 1849 2102 7680
1620626400 1685 1715 2152 7810
1620619200 1379 1507 1919 7499
1620612000 2189 3259 3545 28218
1620604800 1993 4946 4084 66428
1620597600 2681 7617 12229 51632
1620590400 16103 96973 24211 182051
1620583200 22056 145634 29008 217659
1620576000 24658 163031 34830 275899
1620568800 2015 1869 3291 7732
1620561600 1809 1519 1969 7523
1620554400 1851 1524 1889 7756
1620547200 1814 1571 2076 7690
1620540000 1647 1693 2064 7679
1620532800 1314 1484 1803 7601
1620525600 2107 2104 2797 8537
1620518400 1854 1828 2117 7697
1620511200 4608 17316 26597 158662
1620504000 25870 162772 34116 243887
1620496800 31109 214648 39331 306137
1620489600 28565 192469 34792 290580
1620482400 2096 1895 4412 7922
1620475200 1759 1808 1987 7676
1620468000 1979 2057 2563 8086
1620460800 1775 2343 2407 19862
1620453600 1648 2661 2393 20901
1620446400 1620 1863 2179 16567
1620439200 2075 5539 4147 69952
1620432000 1839 13193 4283 82537
1620424800 7505 46799 45641 271825
1620417600 30690 196813 65949 328983
1620410400 30850 216585 37766 291357
1620403200 26424 182683 37567 346471
1620396000 831 3407 2015 35433
1620388800 419 938 866 7027
1620381600 683 1192 1182 6795
1620374400 458 1976 1372 27053
1620367200 465 1097 830 8176
1620360000 593 2431 1972 25498
1620352800 965 7932 3743 88511
1620345600 1531 18702 6587 166425
1620338400 4961 32083 24086 163376
1620331200 25067 166960 31860 314071
1620324000 29519 202381 37449 246958
1620316800 25112 171960 31784 332125
1620309600 2234 2423 3182 9226
1620302400 2169 2278 3067 9849
1620295200 2154 2250 2857 9254
1620288000 2037 2660 2653 21992
1620280800 1802 2377 2320 17381
1620273600 1705 5067 2946 27077
1620266400 2160 5877 4171 58064
1620259200 756 6750 2361 54975
1620252000 3848 25693 22617 196544
1620244800 25696 181596 32891 258846
1620237600 30449 229777 35224 332785
1620230400 28425 201430 37048 311092
1620223200 985 2586 3310 35539
1620216000 490 1108 733 8177
1620208800 769 1393 1226 8318
1620201600 507 1301 934 12316
1620194400 555 1378 940 13098
1620187200 777 3682 2683 40692
1620180000 1475 7584 3955 73793
1620172800 2022 16699 5530 121083
1620165600 5758 33518 27840 249833
1620158400 31816 337599 45604 566449
1620151200 48597 496248 157126 575481
1620144000 33264 204979 145985 353101
1620136800 791 2342 1711 19388
1620129600 593 2303 1816 24289
1620122400 751 2260 1233 19358
1620115200 536 2046 1159 19374
1620108000 588 2101 1367 19420
1620100800 969 4380 2577 34662
1620093600 1735 5316 3909 36886
1620086400 491 611 3509 4147
1620079200 84 177 225 865
1620072000 58 137 465 2341
1620064800 56 126 181 854
1620057600 32 94 95 616
1620050400 15 13 19 16
1620043200 14 12 19 16
1620036000 14 13 19 16
1620028800 14 13 18 16
1620021600 13 12 19 16
1620014400 14 12 18 16
1620007200 14 13 19 16
1620000000 14 13 19 16
1619992800 14 13 19 16
1619985600 14 13 18 16
1619978400 14 12 18 16
1619971200 13 12 21 19
1619964000 14 13 18 16
1619956800 14 13 19 16
1619949600 14 13 19 16
1619942400 14 13 18 16
1619935200 14 13 18 16
1619928000 14 12 19 16
1619920800 13 12 18 16
1619913600 13 13 19 16
1619906400 14 13 19 17
1619899200 14 12 18 16
1619892000 14 13 18 16
1619884800 13 13 19 16
1619877600 14 12 18 16
1619870400 13 12 19 16
1619863200 14 13 18 16
1619856000 14 12 18 16
1619848800 15 13 17 16
1619841600 14 12 18 16
1619834400 34 79 359 1050
1619827200 46 172 282 1413
1619820000 48 216 391 1991
1619812800 43 311 234 2626
1619805600 14 16 143 702
1619798400 19 40 143 702
1619791200 13 13 19 16
1619784000 14 12 19 16
1619776800 14 13 18 16
1619769600 14 13 19 16
1619762400 14 12 19 16
1619755200 13 12 17 16
1619748000 15 24 59 235
1619740800 20 44 88 327
1619733600 14 17 36 92
1619726400 19 41 56 197
1619719200 28 72 186 682
1619712000 14 13 19 16
1619704800 14 13 20 16
1619697600 13 12 18 16
1619690400 13 12 19 16
1619683200 14 13 20 19
1619676000 13 12 18 16
1619668800 14 13 20 16
1619661600 39 127 318 1339
1619654400 49 187 318 1339
1619647200 15 21 59 198
1619640000 23 61 105 487
1619632800 47 181 335 1747
1619625600 26 70 183 712
1619618400 13 11 16 15
1619611200 12 11 17 15
1619604000 13 12 17 15
1619596800 13 11 17 15
1619589600 13 12 17 15
1619582400 13 12 128 631
1619575200 17 37 128 631
1619568000 15 22 73 256
1619560800 36 109 149 537
1619553600 17 27 89 322
1619546400 27 77 124 610
1619539200 14 12 19 16
1619532000 14 13 18 16
1619524800 14 12 19 16
1619517600 14 13 19 16
1619510400 13 12 18 16
1619503200 14 13 18 16
1619496000 14 13 19 16
1619488800 14 13 19 18
1619481600 36 115 167 701
1619474400 14 13 18 16
1619467200 21 43 128 533
1619460000 35 124 178 831
1619452800 14 13 19 16
1619445600 14 12 19 16
1619438400 14 12 19 16
1619431200 14 13 19 16
1619424000 14 13 19 16
1619416800 14 12 18 16
1619409600 14 13 19 16
1619402400 15 13 19 16
1619395200 14 12 19 16
1619388000 14 13 19 16
1619380800 13 12 18 16
1619373600 13 12 19 16
1619366400 14 12 19 16
1619359200 14 13 19 16
1619352000 13 13 19 16
1619344800 14 12 19 16
1619337600 14 13 19 16
1619330400 14 12 19 16
1619323200 13 12 19 16
1619316000 14 13 19 16
1619308800 15 13 19 16
1619301600 15 13 18 16
1619294400 15 13 18 16
1619287200 14 13 20 17
1619280000 13 12 19 16
1619272800 14 13 19 16
1619265600 15 13 19 16
1619258400 14 13 19 16
1619251200 13 13 19 16
1619244000 14 13 19 16
1619236800 14 13 19 16
1619229600 51 164 340 1516
1619222400 39 135 176 1120
1619215200 20 42 100 373
1619208000 35 92 157 340
1619200800 34 136 218 1166
1619193600 14 12 18 16
1619186400 13 12 18 16
1619179200 14 13 19 16
1619172000 13 12 19 16
1619164800 14 13 19 16
1619157600 13 12 19 16
1619150400 14 13 19 16
1619143200 35 178 129 1848
1619136000 37 141 109 459
1619128800 20 51 71 271
1619121600 27 88 245 1281
1619114400 41 164 214 1468
1619107200 13 12 17 16
1619100000 14 12 18 16
1619092800 14 13 20 16
1619085600 14 13 20 16
1619078400 13 13 19 16
1619071200 13 12 20 16
1619064000 20 34 169 511
1619056800 17 30 56 172
1619049600 16 31 65 423
1619042400 15 19 52 156
1619035200 48 197 375 1916
1619028000 13 12 19 16
1619020800 14 12 19 17
1619013600 14 12 19 16
1619006400 13 12 20 16
1618999200 14 12 21 16
1618992000 14 13 19 16
1618984800 14 12 19 16
1618977600 14 12 19 17
1618970400 43 134 286 752
1618963200 40 110 263 631
1618956000 38 132 199 1039
1618948800 20 44 132 489
1618941600 18 31 132 489
1618934400 14 12 19 17
1618927200 14 12 19 16
1618920000 14 13 18 17
1618912800 14 12 20 16
1618905600 14 13 20 16
1618898400 13 12 19 16
1618891200 14 12 21 17
1618884000 14 12 21 16
1618876800 14 13 21 16
1618869600 14 15 65 218
1618862400 29 80 172 596
1618855200 29 91 162 909
1618848000 17 24 56 166
1618840800 14 12 20 16
1618833600 13 13 19 16
1618826400 14 12 19 16
1618819200 14 12 18 17
1618812000 13 12 19 16
1618804800 14 12 19 17
1618797600 14 13 19 17
1618790400 14 13 20 16
1618783200 14 12 19 16
1618776000 13 13 18 16
1618768800 13 12 18 17
1618761600 13 13 19 16
1618754400 13 12 19 16
1618747200 14 13 19 17
1618740000 14 13 19 16
1618732800 13 12 19 16
1618725600 14 13 19 17
1618718400 14 13 20 16
1618711200 13 12 19 16
1618704000 14 12 19 16
1618696800 14 13 19 16
1618689600 13 12 21 16
1618682400 14 12 20 17
1618675200 13 12 19 17
1618668000 13 12 19 17
1618660800 14 13 19 16
1618653600 14 12 19 17
1618646400 14 12 20 16
1618639200 14 12 20 16
1618632000 17 35 244 1016
1618624800 40 143 244 1016
1618617600 29 64 217 698
1618610400 16 24 41 126
1618603200 15 26 39 127
1618596000 22 53 66 234
1618588800 14 12 19 16
1618581600 14 13 20 16
1618574400 14 12 19 17
1618567200 14 12 20 16
1618560000 14 13 19 16
1618552800 13 12 20 16
1618545600 14 12 20 16
1618538400 17 37 82 527
1618531200 18 31 59 200
1618524000 58 287 508 3665
1618516800 19 30 113 450
1618509600 22 52 110 522
1618502400 14 13 19 16
1618495200 13 12 21 17
1618488000 14 13 18 16
1618480800 14 12 20 16
1618473600 14 13 21 17
1618466400 13 12 21 16
1618459200 13 12 18 16
1618452000 28 92 142 588
1618444800 16 22 67 249
1618437600 25 86 185 1020
1618430400 26 77 170 596
1618423200 13 12 16 15
1618416000 13 11 17 15
1618408800 12 11 17 15
1618401600 13 12 17 15
1618394400 13 11 17 15
1618387200 13 12 17 15
1618380000 13 11 17 15
1618372800 13 11 17 15
1618365600 17 29 85 344
1618358400 15 23 45 175
1618351200 17 30 89 355
1618344000 14 16 34 96
1618336800 17 32 107 432
1618329600 14 13 19 16
1618322400 14 12 19 16
1618315200 14 13 19 16
1618308000 13 12 19 17
1618300800 14 13 19 16
1618293600 15 22 54 205
1618272000 17 37 356 1977
1618185600 13 12 19 17
1618099200 17 24 409 1281
1618012800 15 20 184 946
1617926400 17 32 177 792
1617840000 21 50 461 1503
1617753600 25 80 333 1501
1617667200 18 41 201 1179
1617580800 13 12 19 16
1617494400 13 12 19 16
1617408000 13 12 19 16
1617321600 19 46 311 1619
1617235200 24 72 402 1487
1617148800 21 61 290 1537
1617062400 14 27 147 757
1616976000 13 12 19 16
1616889600 13 13 120 581
1616803200 19 56 339 2293
1616716800 18 41 170 885
1616630400 15 27 313 1439
1616544000 183 203 398 2116
1616457600 161 162 336 743
1616371200 140 644 3144 78787
1616284800 7729 58502 39949 331533
1616198400 8115 61604 40320 452643
1616112000 7736 58928 40771 355674
1616025600 7696 56807 49095 407157
1615939200 6627 49251 31373 317492
1615852800 5765 38677 112676 260005
1615766400 6139 44304 30719 288476
1615680000 7596 56068 37698 378885
1615593600 7926 58165 39042 342623
1615507200 7736 53836 58479 345138
1615420800 6965 47554 33097 285145
1615334400 7423 47094 104358 308059
1615248000 6239 42032 28711 283201
1615161600 5725 37728 33688 245318
1615075200 7390 49912 55138 279714
1614988800 7559 71449 39259 675640
1614902400 7578 49481 92544 275478
1614816000 7034 48278 49313 338189
1614729600 6630 45853 31503 283902
1614643200 5697 37129 27251 230411
1614556800 5063 33229 28139 217512
1614470400 6398 44088 30855 281451
1614384000 6464 45151 29797 276607
1614297600 6719 47049 50909 320400
1614211200 6976 44183 108164 330957
1614124800 6356 44283 31723 269540
1614038400 5935 40129 32402 286520
1613952000 5224 32920 49831 238936
1613865600 7114 47587 55215 254679
1613779200 7494 51738 35143 283954
1613692800 7880 48224 46076 293216
1613606400 7684 46740 32751 268529
1613520000 6557 46099 31240 255520
1613433600 5385 34721 63361 249173
1613347200 4433 28213 26017 203892
1613260800 6834 46445 52812 273378
1613174400 6921 49348 31875 317054
1613088000 6681 42857 81391 314995
1613001600 6480 46325 36385 303985
1612915200 6132 44630 30237 334220
1612828800 5647 37397 31209 256219
1612742400 6606 30461 246144 233146
1612656000 6668 47104 32546 286364
1612569600 7409 49797 151012 332558
1612483200 19450 49289 259992 293809
1612396800 5978 41311 30294 327120
1612310400 4969 32529 25531 199765
1612224000 4696 30908 27399 205566
1612137600 5189 34457 27327 262941
1612051200 6608 47175 33125 282673
1611964800 6533 44385 34061 300541
1611878400 6419 48332 30506 388799
1611792000 6029 43984 30539 293540
1611705600 5996 40005 35061 226555
1611619200 4969 32937 23860 249379
1611532800 5394 34836 25381 235847
1611446400 7188 47387 62688 277161
1611360000 7077 47305 30878 294137
1611273600 7338 48322 160273 305653
1611187200 18637 48664 259220 320179
1611100800 6276 43881 27630 328081
1611014400 4142 32005 25195 298385
1610928000 4357 27166 140988 203563
1610841600 6653 48532 30434 303452
1610755200 6346 38641 124156 234137
1610668800 6174 42472 28945 256129
1610582400 6593 38107 28592 263382
1610496000 7421 43439 29497 299474
1610409600 6057 35837 46558 283400
1610323200 4650 28942 25085 224000
1610236800 0 0 0 0
1610150400 0 0 0 0
1610064000 0 0 0 0
1609977600 0 0 0 0
1609891200 0 0 0 0
1609804800 0 0 0 0
1609718400 0 0 0 0
1609632000 0 0 0 0
1609545600 0 0 0 0
1609459200 0 0 0 0
1609372800 0 0 0 0
1609286400 0 0 0 0
1609200000 0 0 0 0
1609113600 0 0 0 0
1609027200 0 0 0 0
1608940800 0 0 0 0
1608854400 0 0 0 0
1608768000 0 0 0 0
1608681600 0 0 0 0
1608595200 0 0 0 0
1608508800 0 0 0 0
1608422400 0 0 0 0
1608336000 0 0 0 0
1608249600 0 0 0 0
1608163200 0 0 0 0
1608076800 0 0 0 0
1607990400 0 0 0 0
1607904000 0 0 0 0
1607817600 0 0 0 0
1607731200 0 0 0 0
1607644800 0 0 0 0
1607558400 0 0 0 0
1607472000 0 0 0 0
1607385600 0 0 0 0
1607299200 0 0 0 0
1607212800 0 0 0 0
1607126400 0 0 0 0
1607040000 0 0 0 0
1606953600 0 0 0 0
1606867200 0 0 0 0
1606780800 0 0 0 0
1606694400 0 0 0 0
1606608000 0 0 0 0
1606521600 0 0 0 0
1606435200 0 0 0 0
1606348800 0 0 0 0
1606262400 0 0 0 0
1606176000 0 0 0 0
1606089600 0 0 0 0
1606003200 0 0 0 0
1605916800 0 0 0 0
1605830400 0 0 0 0
1605744000 0 0 0 0
1605657600 0 0 0 0
1605571200 0 0 0 0
1605484800 0 0 0 0
1605398400 0 0 0 0
1605312000 0 0 0 0
1605225600 0 0 0 0
1605139200 0 0 0 0
1605052800 0 0 0 0
1604966400 0 0 0 0
1604880000 0 0 0 0
1604793600 0 0 0 0
1604707200 0 0 0 0
1604620800 0 0 0 0
1604534400 0 0 0 0
1604448000 0 0 0 0
1604361600 0 0 0 0
1604275200 0 0 0 0
1604188800 0 0 0 0
1604102400 0 0 0 0
1604016000 0 0 0 0
1603929600 0 0 0 0
1603843200 0 0 0 0
1603756800 0 0 0 0
1603670400 0 0 0 0
1603584000 0 0 0 0
1603497600 0 0 0 0
1603411200 0 0 0 0
1603324800 0 0 0 0
1603238400 0 0 0 0
1603152000 0 0 0 0
1603065600 0 0 0 0
1602979200 0 0 0 0
1602892800 0 0 0 0
1602806400 0 0 0 0
1602720000 0 0 0 0
1602633600 0 0 0 0
1602547200 0 0 0 0
1602460800 0 0 0 0
1602374400 0 0 0 0
1602288000 0 0 0 0
1602201600 0 0 0 0
1602115200 0 0 0 0
1602028800 0 0 0 0
1601942400 0 0 0 0
1601856000 0 0 0 0
1601769600 0 0 0 0
1601683200 0 0 0 0
1601596800 0 0 0 0
1601510400 0 0 0 0
1601424000 0 0 0 0
1601337600 0 0 0 0
1601251200 0 0 0 0
1601164800 0 0 0 0
1601078400 0 0 0 0
1600992000 0 0 0 0
1600905600 0 0 0 0
1600819200 0 0 0 0
1600732800 0 0 0 0
1600646400 0 0 0 0
1600560000 0 0 0 0
1600473600 0 0 0 0
1600387200 0 0 0 0
1600300800 0 0 0 0
1600214400 0 0 0 0
1600128000 0 0 0 0
1600041600 0 0 0 0
1599955200 0 0 0 0
1599868800 0 0 0 0
1599782400 0 0 0 0
1599696000 0 0 0 0
1599609600 0 0 0 0
1599523200 0 0 0 0
1599436800 0 0 0 0
1599350400 0 0 0 0
1599264000 0 0 0 0
1599177600 0 0 0 0
1599091200 0 0 0 0
1599004800 0 0 0 0
1598918400 0 0 0 0
1598832000 0 0 0 0
1598745600 0 0 0 0
1598659200 0 0 0 0
1598572800 0 0 0 0
1598486400 0 0 0 0
1598400000 0 0 0 0
1598313600 0 0 0 0
1598227200 0 0 0 0
1598140800 0 0 0 0
1598054400 0 0 0 0
1597968000 0 0 0 0
1597881600 0 0 0 0
1597795200 0 0 0 0
1597708800 0 0 0 0
1597622400 0 0 0 0
1597536000 0 0 0 0
1597449600 0 0 0 0
1597363200 0 0 0 0
1597276800 0 0 0 0
1597190400 0 0 0 0
1597104000 0 0 0 0
1597017600 0 0 0 0
1596931200 0 0 0 0
1596844800 0 0 0 0
1596758400 0 0 0 0
1596672000 0 0 0 0
1596585600 0 0 0 0
1596499200 0 0 0 0
1596412800 0 0 0 0
1596326400 0 0 0 0
1596240000 0 0 0 0
1596153600 0 0 0 0
1596067200 0 0 0 0
1595980800 0 0 0 0
1595894400 0 0 0 0
1595808000 0 0 0 0
1595721600 0 0 0 0
1595635200 0 0 0 0
1595548800 0 0 0 0
1595462400 0 0 0 0
1595376000 0 0 0 0
1595289600 0 0 0 0
1595203200 0 0 0 0
1595116800 0 0 0 0
1595030400 0 0 0 0
1594944000 0 0 0 0
1594857600 0 0 0 0
1594771200 0 0 0 0
1594684800 0 0 0 0
1594598400 0 0 0 0
1594512000 0 0 0 0
1594425600 0 0 0 0
1594339200 0 0 0 0
1594252800 0 0 0 0
1594166400 0 0 0 0
1594080000 0 0 0 0
1593993600 0 0 0 0
1593907200 0 0 0 0
1593820800 0 0 0 0
1593734400 0 0 0 0
1593648000 0 0 0 0
1593561600 0 0 0 0
1593475200 0 0 0 0
1593388800 0 0 0 0
1593302400 0 0 0 0
1593216000 0 0 0 0
1593129600 0 0 0 0
1593043200 0 0 0 0
1592956800 0 0 0 0
1592870400 0 0 0 0
1592784000 0 0 0 0
1592697600 0 0 0 0
1592611200 0 0 0 0
1592524800 0 0 0 0
1592438400 0 0 0 0
1592352000 0 0 0 0
1592265600 0 0 0 0
1592179200 0 0 0 0
1592092800 0 0 0 0
1592006400 0 0 0 0
1591920000 0 0 0 0
1591833600 0 0 0 0
1591747200 0 0 0 0
1591660800 0 0 0 0
1591574400 0 0 0 0
1591488000 0 0 0 0
1591401600 0 0 0 0
1591315200 0 0 0 0
1591228800 0 0 0 0
1591142400 0 0 0 0
1591056000 0 0 0 0
1590969600 0 0 0 0
1590883200 0 0 0 0
1590796800 0 0 0 0
1590710400 0 0 0 0
1590624000 0 0 0 0
1590537600 0 0 0 0
1590451200 0 0 0 0
1590364800 0 0 0 0
1590278400 0 0 0 0
1590192000 0 0 0 0
1590105600 0 0 0 0
1590019200 0 0 0 0
1589932800 0 0 0 0
1589846400 0 0 0 0
1589760000 0 0 0 0
1589673600 0 0 0 0
1589587200 0 0 0 0
1589500800 0 0 0 0
1589414400 0 0 0 0
1589328000 0 0 0 0
1589241600 0 0 0 0
1589155200 0 0 0 0
1589068800 0 0 0 0
1588982400 0 0 0 0
1588896000 0 0 0 0
1588809600 0 0 0 0
1588723200 0 0 0 0
1588636800 0 0 0 0
1588550400 0 0 0 0
1588464000 0 0 0 0
1588377600 0 0 0 0
1588291200 0 0 0 0
1588204800 0 0 0 0
1588118400 0 0 0 0
1588032000 0 0 0 0
1587945600 0 0 0 0
1587859200 0 0 0 0
1587772800 0 0 0 0
1587686400 0 0 0 0
1587600000 0 0 0 0
1587513600 0 0 0 0
1587427200 0 0 0 0
1587340800 0 0 0 0
1587254400 0 0 0 0
1587168000 0 0 0 0
1587081600 0 0 0 0
1586995200 0 0 0 0
1586908800 0 0 0 0
1586822400 0 0 0 0
1586736000 0 0 0 0
1586649600 0 0 0 0
1586563200 0 0 0 0
1586476800 0 0 0 0
1586390400 0 0 0 0
1586304000 0 0 0 0
1586217600 0 0 0 0
1586131200 0 0 0 0
1586044800 0 0 0 0
1585958400 0 0 0 0
1585872000 0 0 0 0
1585785600 0 0 0 0
1585699200 0 0 0 0
1585612800 0 0 0 0
1585526400 0 0 0 0
1585440000 0 0 0 0
1585353600 0 0 0 0
1585267200 0 0 0 0
1585180800 0 0 0 0
1585094400 0 0 0 0
1585008000 0 0 0 0
1584921600 0 0 0 0
1584835200 0 0 0 0
1584748800 0 0 0 0
1584662400 0 0 0 0
1584576000 0 0 0 0
1584489600 0 0 0 0
1584403200 0 0 0 0
1584316800 0 0 0 0
1584230400 0 0 0 0
1584144000 0 0 0 0
1584057600 0 0 0 0
1583971200 0 0 0 0
1583884800 0 0 0 0
1583798400 0 0 0 0
1583712000 0 0 0 0
1583625600 0 0 0 0
1583539200 0 0 0 0
1583452800 0 0 0 0
1583366400 0 0 0 0
1583280000 0 0 0 0
1583193600 0 0 0 0
1583107200 0 0 0 0
1583020800 0 0 0 0
1582934400 0 0 0 0
1582848000 0 0 0 0
1582761600 0 0 0 0
1582675200 0 0 0 0
1582588800 0 0 0 0
1582502400 0 0 0 0
1582416000 0 0 0 0
1582329600 0 0 0 0
1582243200 0 0 0 0
1582156800 0 0 0 0
1582070400 0 0 0 0
1581984000 0 0 0 0
1581897600 0 0 0 0
1581811200 0 0 0 0
1581724800 0 0 0 0
1581638400 0 0 0 0
1581552000 0 0 0 0
1581465600 0 0 0 0
1581379200 0 0 0 0
1581292800 0 0 0 0
1581206400 0 0 0 0
1581120000 0 0 0 0
1581033600 0 0 0 0
1580947200 0 0 0 0
1580860800 0 0 0 0
1580774400 0 0 0 0
1580688000 0 0 0 0
1580601600 0 0 0 0
1580515200 0 0 0 0
1580428800 0 0 0 0
1580342400 0 0 0 0
1580256000 0 0 0 0
1580169600 0 0 0 0
1580083200 0 0 0 0
1579996800 0 0 0 0
1579910400 0 0 0 0
1579824000 0 0 0 0
1579737600 0 0 0 0
1579651200 0 0 0 0
1579564800 0 0 0 0
1579478400 0 0 0 0
1579392000 0 0 0 0
1579305600 0 0 0 0
1579219200 0 0 0 0
1579132800 0 0 0 0
1579046400 0 0 0 0
1578960000 0 0 0 0
1578873600 0 0 0 0
1578787200 0 0 0 0
1578700800 0 0 0 0
1578614400 0 0 0 0
1578528000 0 0 0 0
1578441600 0 0 0 0
1578355200 0 0 0 0
1578268800 0 0 0 0
1578182400 0 0 0 0
1578096000 0 0 0 0
1578009600 0 0 0 0
1577923200 0 0 0 0
1577836800 0 0 0 0
1577750400 0 0 0 0
1577664000 0 0 0 0
1577577600 0 0 0 0
1577491200 0 0 0 0
1577404800 0 0 0 0
1577318400 0 0 0 0
1577232000 0 0 0 0
1577145600 0 0 0 0
1577059200 0 0 0 0
1576972800 0 0 0 0
1576886400 0 0 0 0
1576800000 0 0 0 0
1576713600 0 0 0 0
1576627200 0 0 0 0
1576540800 0 0 0 0
1576454400 0 0 0 0
1576368000 0 0 0 0
1576281600 0 0 0 0
1576195200 0 0 0 0
1576108800 0 0 0 0
1576022400 0 0 0 0
1575936000 0 0 0 0
1575849600 0 0 0 0
1575763200 0 0 0 0
1575676800 0 0 0 0
1575590400 0 0 0 0
1575504000 0 0 0 0
1575417600 0 0 0 0
1575331200 0 0 0 0
1575244800 0 0 0 0
1575158400 0 0 0 0
1575072000 0 0 0 0
1574985600 0 0 0 0
1574899200 0 0 0 0
1574812800 0 0 0 0
1574726400 0 0 0 0
1574640000 0 0 0 0
1574553600 0 0 0 0
1574467200 0 0 0 0
1574380800 0 0 0 0
1574294400 0 0 0 0
1574208000 0 0 0 0
1574121600 0 0 0 0
1574035200 0 0 0 0
1573948800 0 0 0 0
1573862400 0 0 0 0
1573776000 0 0 0 0
1573689600 0 0 0 0
1573603200 0 0 0 0
1573516800 0 0 0 0
1573430400 0 0 0 0
1573344000 0 0 0 0
1573257600 0 0 0 0
1573171200 0 0 0 0
1573084800 0 0 0 0
1572998400 0 0 0 0
1572912000 0 0 0 0
1572825600 0 0 0 0
1572739200 0 0 0 0
1572652800 0 0 0 0
1572566400 0 0 0 0
1572480000 0 0 0 0
1572393600 0 0 0 0
1572307200 0 0 0 0
1572220800 0 0 0 0
1572134400 0 0 0 0
1572048000 0 0 0 0
1571961600 0 0 0 0
1571875200 0 0 0 0
1571788800 0 0 0 0
1571702400 0 0 0 0
1571616000 0 0 0 0
1571529600 0 0 0 0
1571443200 0 0 0 0
1571356800 0 0 0 0
1571270400 0 0 0 0
1571184000 0 0 0 0
1571097600 0 0 0 0
1571011200 0 0 0 0
1570924800 0 0 0 0
1570838400 0 0 0 0
1570752000 0 0 0 0
1570665600 0 0 0 0
1570579200 0 0 0 0
1570492800 0 0 0 0
1570406400 0 0 0 0
1570320000 0 0 0 0
1570233600 0 0 0 0
1570147200 0 0 0 0
1570060800 0 0 0 0
1569974400 0 0 0 0
1569888000 0 0 0 0
1569801600 0 0 0 0
1569715200 0 0 0 0
1569628800 0 0 0 0
1569542400 0 0 0 0
1569456000 0 0 0 0
1569369600 0 0 0 0
1569283200 0 0 0 0
1569196800 0 0 0 0
1569110400 0 0 0 0
1569024000 0 0 0 0
1568937600 0 0 0 0
1568851200 0 0 0 0
1568764800 0 0 0 0
1568678400 0 0 0 0
1568592000 0 0 0 0
1568505600 0 0 0 0
1568419200 0 0 0 0
1568332800 0 0 0 0
1568246400 0 0 0 0
1568160000 0 0 0 0
1568073600 0 0 0 0
1567987200 0 0 0 0
1567900800 0 0 0 0
1567814400 0 0 0 0
1567728000 0 0 0 0
1567641600 0 0 0 0
1567555200 0 0 0 0
1567468800 0 0 0 0
1567382400 0 0 0 0
1567296000 0 0 0 0
1567209600 0 0 0 0
1567123200 0 0 0 0
1567036800 0 0 0 0
1566950400 0 0 0 0
1566864000 0 0 0 0
1566777600 0 0 0 0
1566691200 0 0 0 0
1566604800 0 0 0 0
1566518400 0 0 0 0
1566432000 0 0 0 0
1566345600 0 0 0 0
1566259200 0 0 0 0
1566172800 0 0 0 0
1566086400 0 0 0 0
1566000000 0 0 0 0
1565913600 0 0 0 0
1565827200 0 0 0 0
1565740800 0 0 0 0
1565654400 0 0 0 0
1565568000 0 0 0 0
1565481600 0 0 0 0
1565395200 0 0 0 0
1565308800 0 0 0 0
1565222400 0 0 0 0
1565136000 0 0 0 0
1565049600 0 0 0 0
1564963200 0 0 0 0
1564876800 0 0 0 0
1564790400 0 0 0 0
1564704000 0 0 0 0
1564617600 0 0 0 0
1564531200 0 0 0 0
1564444800 0 0 0 0
1564358400 0 0 0 0
1564272000 0 0 0 0
1564185600 0 0 0 0
1564099200 0 0 0 0
1564012800 0 0 0 0
1563926400 0 0 0 0
1563840000 0 0 0 0
1563753600 0 0 0 0
1563667200 0 0 0 0
1563580800 0 0 0 0
1563494400 0 0 0 0
1563408000 0 0 0 0
1563321600 0 0 0 0
1563235200 0 0 0 0
1563148800 0 0 0 0
1563062400 0 0 0 0
1562976000 0 0 0 0
1562889600 0 0 0 0
1562803200 0 0 0 0
1562716800 0 0 0 0
1562630400 0 0 0 0
1562544000 0 0 0 0
1562457600 0 0 0 0
1562371200 0 0 0 0
1562284800 0 0 0 0
1562198400 0 0 0 0
1562112000 0 0 0 0
1562025600 0 0 0 0
1561939200 0 0 0 0
1561852800 0 0 0 0
1561766400 0 0 0 0
1561680000 0 0 0 0
1561593600 0 0 0 0
1561507200 0 0 0 0
1561420800 0 0 0 0
1561334400 0 0 0 0
1561248000 0 0 0 0
1561161600 0 0 0 0
1561075200 0 0 0 0
1560988800 0 0 0 0
1560902400 0 0 0 0
1560816000 0 0 0 0
1560729600 0 0 0 0
1560643200 0 0 0 0
1560556800 0 0 0 0
1560470400 0 0 0 0
1560384000 0 0 0 0
1560297600 0 0 0 0
1560211200 0 0 0 0
1560124800 0 0 0 0
1560038400 0 0 0 0
1559952000 0 0 0 0
1559865600 0 0 0 0
1559779200 0 0 0 0
1559692800 0 0 0 0
1559606400 0 0 0 0
1559520000 0 0 0 0
1559433600 0 0 0 0
1559347200 0 0 0 0
1559260800 0 0 0 0
1559174400 0 0 0 0
1559088000 0 0 0 0
1559001600 0 0 0 0
1558915200 0 0 0 0
1558828800 0 0 0 0
1558742400 0 0 0 0
1558656000 0 0 0 0
1558569600 0 0 0 0
1558483200 0 0 0 0
1558396800 0 0 0 0
1558310400 0 0 0 0
1558224000 0 0 0 0
1558137600 0 0 0 0
1558051200 0 0 0 0
1557964800 0 0 0 0
1557878400 0 0 0 0
1557792000 0 0 0 0
1557705600 0 0 0 0
1557619200 0 0 0 0
1557532800 0 0 0 0
1557446400 0 0 0 0
1557360000 0 0 0 0
1557273600 0 0 0 0
1557187200 0 0 0 0
1557100800 0 0 0 0
1557014400 0 0 0 0
1556928000 0 0 0 0
1556841600 0 0 0 0
1556755200 0 0 0 0
1556668800 0 0 0 0
1556582400 0 0 0 0
1556496000 0 0 0 0
1556409600 0 0 0 0
1556323200 0 0 0 0
1556236800 0 0 0 0
1556150400 0 0 0 0
1556064000 0 0 0 0
1555977600 0 0 0 0
1555891200 0 0 0 0
1555804800 0 0 0 0
1555718400 0 0 0 0
1555632000 0 0 0 0
1555545600 0 0 0 0
1555459200 0 0 0 0
1555372800 0 0 0 0
1555286400 0 0 0 0
1555200000 0 0 0 0
1555113600 0 0 0 0
