1622492102 127247783 1701335547
1622492102 2654 2012 2654 2012
1622491801 2212 1670 2212 1670
1622491800 2212 1669 2212 1670
1622491500 2209 1545 2212 1640
1622491200 1885 1639 2752 1640
1622490900 2750 1583 2752 1642
1622490600 2199 1641 2547 1642
1622490300 2544 1563 2547 1564
1622490000 2106 1476 2221 1555
1622489700 2223 1555 2953 1731
1622489400 2951 1730 2953 1731
1622489100 2447 1544 2724 1545
1622488800 2723 1533 2724 1736
1622488500 2694 1736 2909 1759
1622488200 2903 1756 2909 1759
1622487900 1301 864 1302 865
1622487600 1089 821 2073 941
1622487300 2067 940 2073 941
1622487000 1180 887 1197 888
1622486700 1195 865 1197 866
1622486400 689 651 845 708
1622486100 855 709 2372 992
1622485800 2361 990 2372 992
1622485500 727 732 1107 967
1622485200 1108 967 1579 1103
1622484900 1576 1102 1579 1103
1622484600 1166 991 1544 992
1622484300 1542 878 1544 879
1622484000 1111 808 1158 809
1622483700 1162 780 2493 943
1622483400 2489 942 2493 943
1622483100 1420 863 1422 864
1622482800 1127 718 1316 776
1622482500 1319 776 2487 945
1622482200 2481 944 2487 945
1622481900 781 740 898 787
1622481600 917 790 3851 1320
1622481300 3843 1318 3851 1320
1622481000 1489 954 1987 955
1622480700 1991 884 2635 1076
1622480400 2632 1075 2635 1076
1622480100 1829 1017 2764 1350
1622479800 2759 1348 2764 1350
1622479500 2163 1113 2813 1224
1622479200 2815 1223 3422 1224
1622478900 3449 1053 11574 9739
1622478600 11574 9739 11574 9739
1622478300 11574 9739 11574 9739
1622478000 11574 9739 11574 9739
1622477700 11574 9739 11574 9739
1622477400 11574 9739 11574 9739
1622477100 11574 9739 11574 9739
1622476800 11574 9739 11574 9739
1622476500 11574 9739 11574 9739
1622476200 11574 9739 11574 9739
1622475900 11574 9739 11574 9739
1622475600 11574 9739 11574 9739
1622475300 11574 9739 11574 9739
1622475000 11574 9739 11574 9739
1622474700 11574 9739 11574 9739
1622474400 11574 9739 11574 9739
1622474100 11574 9739 11574 9739
1622473800 11574 9739 11574 9739
1622473500 11574 9739 11574 9739
1622473200 11574 9739 11574 9739
1622472900 11574 9739 11574 9739
1622472600 11574 9739 11574 9739
1622472300 11574 9739 11574 9739
1622472000 11574 9739 11574 9739
1622471700 11574 9739 11574 9739
1622471400 11574 9739 11574 9739
1622471100 11574 9739 11574 9739
1622470800 11574 9739 11574 9739
1622470500 11574 9739 11574 9739
1622470200 11574 9739 11574 9739
1622469900 11574 9739 11574 9739
1622469600 11574 9739 11574 9739
1622469300 11574 9739 11574 9739
1622469000 11574 9739 11574 9739
1622468700 11574 9739 11574 9739
1622468400 11574 9739 11574 9739
1622468100 11574 9739 11574 9739
1622467800 11574 9739 11574 9739
1622467500 11574 9739 11574 9739
1622467200 11574 9739 11574 9739
1622466900 11574 9739 11574 9739
1622466600 11574 9739 11574 9739
1622466300 11574 9739 11574 9739
1622466000 11574 9739 11574 9739
1622465700 11574 9739 11574 9739
1622465400 11574 9739 11574 9739
1622465100 11574 9739 11574 9739
1622464800 11574 9739 11574 9739
1622464500 11574 9739 11574 9739
1622464200 11574 9739 11574 9739
1622463900 11574 9739 11574 9739
1622463600 11574 9739 11574 9739
1622463300 11574 9739 11574 9739
1622463000 11574 9739 11574 9739
1622462700 11574 9739 11574 9739
1622462400 11574 9739 11574 9739
1622462100 11574 9739 11574 9739
1622461800 11574 9739 11574 9739
1622461500 11574 9739 11574 9739
1622461200 11574 9739 11574 9739
1622460900 11574 9739 11574 9739
1622460600 11574 9739 11574 9739
1622460300 11574 9739 11574 9739
1622460000 11574 9739 11574 9739
1622459700 11574 9739 11574 9739
1622459400 11574 9739 11574 9739
1622459100 11574 9739 11574 9739
1622458800 11574 9739 11574 9739
1622458500 11574 9739 11574 9739
1622458200 11574 9739 11574 9739
1622457900 11574 9739 11574 9739
1622457600 11574 9739 11574 9739
1622457300 11574 9739 11574 9739
1622457000 11574 9739 11574 9739
1622456700 11574 9739 11574 9739
1622456400 11574 9739 11574 9739
1622456100 11574 9739 11574 9739
1622455800 11574 9739 11574 9739
1622455500 11574 9739 11574 9739
1622455200 11574 9739 11574 9739
1622454900 11574 9739 11574 9739
1622454600 11574 9739 11574 9739
1622454300 11574 9739 11574 9739
1622454000 11574 9739 11574 9739
1622453700 11574 9739 11574 9739
1622453400 11574 9739 11574 9739
1622453100 11574 9739 11574 9739
1622452800 11574 9739 11574 9739
1622452500 11574 9739 11574 9739
1622452200 11574 9739 11574 9739
1622451900 11574 9739 11574 9739
1622451600 11574 9739 11574 9739
1622451300 11574 9739 11574 9739
1622451000 11574 9739 11574 9739
1622450700 11574 9739 11574 9739
1622450400 11574 9739 11574 9739
1622450100 11574 9739 11574 9739
1622449800 11574 9739 11574 9739
1622449500 11574 9739 11574 9739
1622449200 11574 9739 11574 9739
1622448900 11574 9739 11574 9739
1622448600 11574 9739 11574 9739
1622448300 11574 9739 11574 9739
1622448000 11574 9739 11574 9739
1622447700 11574 9739 11574 9739
1622447400 11574 9739 11574 9739
1622447100 11574 9739 11574 9739
1622446800 11574 9739 11574 9739
1622446500 11574 9739 11574 9739
1622446200 11574 9739 11574 9739
1622445900 11574 9739 11574 9739
1622445600 11574 9739 11574 9739
1622445300 11574 9739 11574 9739
1622445000 11574 9739 11574 9739
1622444700 11574 9739 11574 9739
1622444400 11574 9739 11574 9739
1622444100 11574 9739 11574 9739
1622443800 11574 9739 11574 9739
1622443500 11574 9739 11574 9739
1622443200 11574 9739 11574 9739
1622442900 11574 9739 11574 9739
1622442600 11574 9739 11574 9739
1622442300 11574 9739 11574 9739
1622442000 11574 9739 11574 9739
1622441700 11574 9739 11574 9739
1622441400 11574 9739 11574 9739
1622441100 11574 9739 11574 9739
1622440800 11574 9739 11574 9739
1622440500 11574 9739 11574 9739
1622440200 11574 9739 11574 9739
1622439900 11574 9739 11574 9739
1622439600 11574 9739 11574 9739
1622439300 11574 9739 11574 9739
1622439000 11574 9739 11574 9739
1622438700 11574 9739 11574 9739
1622438400 11574 9739 11574 9739
1622438100 11574 9739 11574 9739
1622437800 11574 9739 11574 9739
1622437500 11574 9739 11574 9739
1622437200 11574 9739 11574 9739
1622436900 11574 9739 11574 9739
1622436600 11574 9739 11574 9739
1622436300 11574 9739 11574 9739
1622436000 11574 9739 11574 9739
1622435700 11574 9739 11574 9739
1622435400 11574 9739 11574 9739
1622435100 11574 9739 11574 9739
1622434800 11574 9739 11574 9739
1622434500 11574 9739 11574 9739
1622434200 11574 9739 11574 9739
1622433900 11574 9739 11574 9739
1622433600 11574 9739 11574 9739
1622433300 11574 9739 11574 9739
1622433000 11574 9739 11574 9739
1622432700 11574 9739 11574 9739
1622432400 11574 9739 11574 9739
1622432100 11574 9739 11574 9739
1622431800 11574 9739 11574 9739
1622431500 11574 9739 11574 9739
1622431200 11574 9739 11574 9739
1622430900 11574 9739 11574 9739
1622430600 11574 9739 11574 9739
1622430300 11574 9739 11574 9739
1622430000 11574 9739 11574 9739
1622429700 11574 9739 11574 9739
1622429400 11574 9739 11574 9739
1622429100 11574 9739 11574 9739
1622428800 11574 9739 11574 9739
1622428500 11574 9739 11574 9739
1622428200 11574 9739 11574 9739
1622427900 11574 9739 11574 9739
1622427600 11574 9739 11574 9739
1622427300 11574 9739 11574 9739
1622427000 11574 9739 11574 9739
1622426700 11574 9739 11574 9739
1622426400 11574 9739 11574 9739
1622426100 11574 9739 11574 9739
1622425800 11574 9739 11574 9739
1622425500 11574 9739 11574 9739
1622425200 11574 9739 11574 9739
1622424900 11574 9739 11574 9739
1622424600 11574 9739 11574 9739
1622424300 11574 9739 11574 9739
1622424000 11574 9739 11574 9739
1622423700 11574 9739 11574 9739
1622423400 11574 9739 11574 9739
1622423100 11574 9739 11574 9739
1622422800 11574 9739 11574 9739
1622422500 11574 9739 11574 9739
1622422200 11574 9739 11574 9739
1622421900 11574 9739 11574 9739
1622421600 11574 9739 11574 9739
1622421300 11574 9739 11574 9739
1622421000 11574 9739 11574 9739
1622420700 11574 9739 11574 9739
1622420400 11574 9739 11574 9739
1622420100 11574 9739 11574 9739
1622419800 11574 9739 11574 9739
1622419500 11574 9739 11574 9739
1622419200 11574 9739 11574 9739
1622418900 11574 9739 11574 9739
1622418600 11574 9739 11574 9739
1622418300 11574 9739 11574 9739
1622418000 11574 9739 11574 9739
1622417700 11574 9739 11574 9739
1622417400 11574 9739 11574 9739
1622417100 11574 9739 11574 9739
1622416800 11574 9739 11574 9739
1622416500 11574 9739 11574 9739
1622416200 11574 9739 11574 9739
1622415900 11574 9739 11574 9739
1622415600 11574 9739 11574 9739
1622415300 11574 9739 11574 9739
1622415000 11574 9739 11574 9739
1622414700 11574 9739 11574 9739
1622414400 11574 9739 11574 9739
1622414100 11574 9739 11574 9739
1622413800 11574 9739 11574 9739
1622413500 11574 9739 11574 9739
1622413200 11574 9739 11574 9739
1622412900 11574 9739 11574 9739
1622412600 11574 9739 11574 9739
1622412300 11574 9739 11574 9739
1622412000 11574 9739 11574 9739
1622411700 11574 9739 11574 9739
1622411400 11574 9739 11574 9739
1622411100 11574 9739 11574 9739
1622410800 11574 9739 11574 9739
1622410500 11574 9739 11574 9739
1622410200 11574 9739 11574 9739
1622409900 11574 9739 11574 9739
1622409600 11574 9739 11574 9739
1622409300 11574 9739 11574 9739
1622409000 11574 9739 11574 9739
1622408700 11574 9739 11574 9739
1622408400 11574 9739 11574 9739
1622408100 11574 9739 11574 9739
1622407800 11574 9739 11574 9739
1622407500 11574 9739 11574 9739
1622407200 11574 9739 11574 9739
1622406900 11574 9739 11574 9739
1622406600 11574 9739 11574 9739
1622406300 11574 9739 11574 9739
1622406000 11574 9739 11574 9739
1622405700 11574 9739 11574 9739
1622405400 11574 9739 11574 9739
1622405100 11574 9739 11574 9739
1622404800 11574 9739 11574 9739
1622404500 11574 9739 11574 9739
1622404200 11574 9739 11574 9739
1622403900 11574 9739 11574 9739
1622403600 11574 9739 11574 9739
1622403300 11574 9739 11574 9739
1622403000 11574 9739 11574 9739
1622402700 11574 9739 11574 9739
1622402400 11574 9739 11574 9739
1622402100 11574 9739 11574 9739
1622401800 11574 9739 11574 9739
1622401500 11574 9739 11574 9739
1622401200 11574 9739 11574 9739
1622400900 11574 9739 11574 9739
1622400600 11574 9739 11574 9739
1622400300 11574 9739 11574 9739
1622400000 11574 9739 11574 9739
1622399700 11574 9739 11574 9739
1622399400 11574 9739 11574 9739
1622399100 11574 9739 11574 9739
1622398800 11574 9739 11574 9739
1622398500 11574 9739 11574 9739
1622398200 11574 9739 11574 9739
1622397900 11574 9739 11574 9739
1622397600 11574 9739 11574 9739
1622397300 11574 9739 11574 9739
1622397000 11574 9739 11574 9739
1622396700 11574 9739 11574 9739
1622396400 11574 9739 11574 9739
1622396100 11574 9739 11574 9739
1622395800 11574 9739 11574 9739
1622395500 11574 9739 11574 9739
1622395200 11574 9739 11574 9739
1622394900 11574 9739 11574 9739
1622394600 11574 9739 11574 9739
1622394300 11574 9739 11574 9739
1622394000 11574 9739 11574 9739
1622393700 11574 9739 11574 9739
1622393400 11574 9739 11574 9739
1622393100 11574 9739 11574 9739
1622392800 11574 9739 11574 9739
1622392500 11574 9739 11574 9739
1622392200 11574 9739 11574 9739
1622391900 11574 9739 11574 9739
1622391600 11574 9739 11574 9739
1622391300 11574 9739 11574 9739
1622391000 11574 9739 11574 9739
1622390700 11574 9739 11574 9739
1622390400 11574 9739 11574 9739
1622390100 11574 9739 11574 9739
1622389800 11574 9739 11574 9739
1622389500 11574 9739 11574 9739
1622389200 11574 9739 11574 9739
1622388900 11574 9739 11574 9739
1622388600 11574 9739 11574 9739
1622388300 11574 9739 11574 9739
1622388000 11574 9739 11574 9739
1622387700 11574 9739 11574 9739
1622387400 11574 9739 11574 9739
1622387100 11574 9739 11574 9739
1622386800 11574 9739 11574 9739
1622386500 11574 9739 11574 9739
1622386200 11574 9739 11574 9739
1622385900 11574 9739 11574 9739
1622385600 11574 9739 11574 9739
1622385300 11574 9739 11574 9739
1622385000 11574 9739 11574 9739
1622384700 11574 9739 11574 9739
1622384400 11574 9739 11574 9739
1622384100 11574 9739 11574 9739
1622383800 11574 9739 11574 9739
1622383500 11574 9739 11574 9739
1622383200 11574 9739 11574 9739
1622382900 11574 9739 11574 9739
1622382600 11574 9739 11574 9739
1622382300 11574 9739 11574 9739
1622382000 11574 9739 11574 9739
1622381700 11574 9739 11574 9739
1622381400 11574 9739 11574 9739
1622381100 11574 9739 11574 9739
1622380800 11574 9739 11574 9739
1622380500 11574 9739 11574 9739
1622380200 11574 9739 11574 9739
1622379900 11574 9739 11574 9739
1622379600 11574 9739 11574 9739
1622379300 11574 9739 11574 9739
1622379000 11574 9739 11574 9739
1622378700 11574 9739 11574 9739
1622378400 11574 9739 11574 9739
1622378100 11574 9739 11574 9739
1622377800 11574 9739 11574 9739
1622377500 11574 9739 11574 9739
1622377200 11574 9739 11574 9739
1622376900 11574 9739 11574 9739
1622376600 11574 9739 11574 9739
1622376300 11574 9739 11574 9739
1622376000 11574 9739 11574 9739
1622375700 11574 9739 11574 9739
1622375400 11574 9739 11574 9739
1622375100 11574 9739 11574 9739
1622374800 11574 9739 11574 9739
1622374500 11574 9739 11574 9739
1622374200 11574 9739 11574 9739
1622373900 11574 9739 11574 9739
1622373600 11574 9739 11574 9739
1622373300 11574 9739 11574 9739
1622373000 11574 9739 11574 9739
1622372700 11574 9739 11574 9739
1622372400 11574 9739 11574 9739
1622372100 11574 9739 11574 9739
1622371800 11574 9739 11574 9739
1622371500 11574 9739 11574 9739
1622371200 11574 9739 11574 9739
1622370900 11574 9739 11574 9739
1622370600 11574 9739 11574 9739
1622370300 11574 9739 11574 9739
1622370000 11574 9739 11574 9739
1622369700 11574 9739 11574 9739
1622369400 11574 9739 11574 9739
1622369100 11574 9739 11574 9739
1622368800 11574 9739 11574 9739
1622368500 11574 9739 11574 9739
1622368200 11574 9739 11574 9739
1622367900 11574 9739 11574 9739
1622367600 11574 9739 11574 9739
1622367300 11574 9739 11574 9739
1622367000 11574 9739 11574 9739
1622366700 11574 9739 11574 9739
1622366400 11574 9739 11574 9739
1622366100 11574 9739 11574 9739
1622365800 11574 9739 11574 9739
1622365500 11574 9739 11574 9739
1622365200 11574 9739 11574 9739
1622364900 11574 9739 11574 9739
1622364600 11574 9739 11574 9739
1622364300 11574 9739 11574 9739
1622364000 11574 9739 11574 9739
1622363700 11574 9739 11574 9739
1622363400 11574 9739 11574 9739
1622363100 11574 9739 11574 9739
1622362800 11574 9739 11574 9739
1622362500 11574 9739 11574 9739
1622362200 11574 9739 11574 9739
1622361900 11574 9739 11574 9739
1622361600 11574 9739 11574 9739
1622361300 11574 9739 11574 9739
1622361000 11574 9739 11574 9739
1622360700 11574 9739 11574 9739
1622360400 11574 9739 11574 9739
1622360100 11574 9739 11574 9739
1622359800 11574 9739 11574 9739
1622359500 11574 9739 11574 9739
1622359200 11574 9739 11574 9739
1622358900 11574 9739 11574 9739
1622358600 11574 9739 11574 9739
1622358300 11574 9739 11574 9739
1622358000 11574 9739 11574 9739
1622357700 11574 9739 11574 9739
1622357400 11574 9739 11574 9739
1622357100 11574 9739 11574 9739
1622356800 11574 9739 11574 9739
1622356500 11574 9739 11574 9739
1622356200 11574 9739 11574 9739
1622355900 11574 9739 11574 9739
1622355600 11574 9739 11574 9739
1622355300 11574 9739 11574 9739
1622355000 11574 9739 11574 9739
1622354700 11574 9739 11574 9739
1622354400 11574 9739 11574 9739
1622354100 11574 9739 11574 9739
1622353800 11574 9739 11574 9739
1622353500 11574 9739 11574 9739
1622353200 11574 9739 11574 9739
1622352900 11574 9739 11574 9739
1622352600 11574 9739 11574 9739
1622352300 11574 9739 11574 9739
1622352000 11574 9739 11574 9739
1622351700 11574 9739 11574 9739
1622351400 11574 9739 11574 9739
1622351100 11574 9739 11574 9739
1622350800 11574 9739 11574 9739
1622350500 11574 9739 11574 9739
1622350200 11574 9739 11574 9739
1622349900 11574 9739 11574 9739
1622349600 11574 9739 11574 9739
1622349300 11574 9739 11574 9739
1622349000 11574 9739 11574 9739
1622348700 11574 9739 11574 9739
1622348400 11574 9739 11574 9739
1622348100 11574 9739 11574 9739
1622347800 11574 9739 11574 9739
1622347500 11574 9739 11574 9739
1622347200 11574 9739 11574 9739
1622346900 11574 9739 11574 9739
1622346600 11574 9739 11574 9739
1622346300 11574 9739 11574 9739
1622346000 11574 9739 11574 9739
1622345700 11574 9739 11574 9739
1622345400 11574 9739 11574 9739
1622345100 11574 9739 11574 9739
1622344800 11574 9739 11574 9739
1622344500 11574 9739 11574 9739
1622344200 11574 9739 11574 9739
1622343900 11574 9739 11574 9739
1622343600 11574 9739 11574 9739
1622343300 11574 9739 11574 9739
1622343000 11574 9739 11574 9739
1622342700 11574 9739 11574 9739
1622342400 11574 9739 11574 9739
1622342100 11574 9739 11574 9739
1622341800 11574 9739 11574 9739
1622341500 11574 9739 11574 9739
1622341200 11574 9739 11574 9739
1622340900 11574 9739 11574 9739
1622340600 11574 9739 11574 9739
1622340300 11574 9739 11574 9739
1622340000 11574 9739 11574 9739
1622339700 11574 9739 11574 9739
1622339400 11574 9739 11574 9739
1622339100 11574 9739 11574 9739
1622338800 11574 9739 11574 9739
1622338500 11574 9739 11574 9739
1622338200 11574 9739 11574 9739
1622337900 11574 9739 11574 9739
1622337600 11574 9739 11574 9739
1622337300 11574 9739 11574 9739
1622337000 11574 9739 11574 9739
1622336700 11574 9739 11574 9739
1622336400 11574 9739 11574 9739
1622336100 11574 9739 11574 9739
1622335800 11574 9739 11574 9739
1622335500 11574 9739 11574 9739
1622335200 11574 9739 11574 9739
1622334900 11574 9739 11574 9739
1622334600 11574 9739 11574 9739
1622334300 11574 9739 11574 9739
1622334000 11574 9739 11574 9739
1622333700 11574 9739 11574 9739
1622333400 11574 9739 11574 9739
1622333100 11574 9739 11574 9739
1622332800 11574 9739 11574 9739
1622332500 11574 9739 11574 9739
1622332200 11574 9739 11574 9739
1622331900 11574 9739 11574 9739
1622331600 11574 9739 11574 9739
1622331300 11574 9739 11574 9739
1622331000 11574 9739 11574 9739
1622330700 11574 9739 11574 9739
1622330400 11574 9739 11574 9739
1622330100 11574 9739 11574 9739
1622329800 11574 9739 11574 9739
1622329500 11574 9739 11574 9739
1622329200 11574 9739 11574 9739
1622328900 11574 9739 11574 9739
1622328600 11574 9739 11574 9739
1622328300 11574 9739 11574 9739
1622328000 11574 9739 11574 9739
1622327700 11574 9739 11574 9739
1622327400 11574 9739 11574 9739
1622327100 11574 9739 11574 9739
1622326800 11574 9739 11574 9739
1622326500 11574 9739 11574 9739
1622326200 11574 9739 11574 9739
1622325900 11574 9739 11574 9739
1622325600 11574 9739 11574 9739
1622325300 11574 9739 11574 9739
1622325000 11574 9739 11574 9739
1622324700 11574 9739 11574 9739
1622324400 11574 9739 11574 9739
1622324100 11574 9739 11574 9739
1622323800 11574 9739 11574 9739
1622323500 11574 9739 11574 9739
1622323200 11574 9739 11574 9739
1622322900 11574 9739 11574 9739
1622322600 11574 9739 11574 9739
1622322300 11574 9739 11574 9739
1622322000 11574 9739 11574 9739
1622321700 11574 9739 11574 9739
1622321400 11574 9739 11574 9739
1622321100 11574 9739 11574 9739
1622320800 11574 9739 11574 9739
1622320500 11574 9739 11574 9739
1622320200 11574 9739 11574 9739
1622319900 11574 9739 11574 9739
1622319600 11574 9739 11574 9739
1622319300 11574 9739 11574 9739
1622319000 11574 9739 11574 9739
1622318700 11574 9739 11574 9739
1622318400 11574 9739 11574 9739
1622318100 11574 9739 11574 9739
1622317800 11574 9739 11574 9739
1622317500 11574 9739 11574 9739
1622317200 11574 9739 11574 9739
1622316900 11574 9739 11574 9739
1622316600 11574 9739 11574 9739
1622316300 11574 9739 11574 9739
1622316000 11574 9739 11574 9739
1622315700 11574 9739 11574 9739
1622315400 11574 9739 11574 9739
1622315100 11574 9739 11574 9739
1622314800 11574 9739 11574 9739
1622314500 11574 9739 11574 9739
1622314200 11574 9739 11574 9739
1622313900 11574 9739 11574 9739
1622313600 11574 9739 11574 9739
1622313300 11574 9739 11574 9739
1622313000 11574 9739 11574 9739
1622312700 11574 9739 11574 9739
1622312400 11574 9739 11574 9739
1622312100 11574 9739 11574 9739
1622311200 11574 9739 11574 9739
1622309400 11574 9739 11574 9739
1622307600 11574 9739 11574 9739
1622305800 11574 9739 11574 9739
1622304000 11574 9739 11574 9739
1622302200 11574 9739 11574 9739
1622300400 11574 9739 11574 9739
1622298600 11574 9739 11574 9739
1622296800 11574 9739 11574 9739
1622295000 11574 9739 11574 9739
1622293200 11574 9739 11574 9739
1622291400 11574 9739 11574 9739
1622289600 11574 9739 11574 9739
1622287800 11574 9739 11574 9739
1622286000 11574 9739 11574 9739
1622284200 11574 9739 11574 9739
1622282400 11574 9739 11574 9739
1622280600 11574 9739 11574 9739
1622278800 11574 9739 11574 9739
1622277000 11574 9739 11574 9739
1622275200 11574 9739 11574 9739
1622273400 11574 9739 11574 9739
1622271600 11574 9739 11574 9739
1622269800 11574 9739 11574 9739
1622268000 11574 9739 11574 9739
1622266200 11574 9739 11574 9739
1622264400 11574 9739 11574 9739
1622262600 11574 9739 11574 9739
1622260800 11574 9739 11574 9739
1622259000 11574 9739 11574 9739
1622257200 11574 9739 11574 9739
1622255400 11574 9739 11574 9739
1622253600 11574 9739 11574 9739
1622251800 11574 9739 11574 9739
1622250000 11574 9739 11574 9739
1622248200 11574 9739 11574 9739
1622246400 11574 9739 11574 9739
1622244600 11574 9739 11574 9739
1622242800 11574 9739 11574 9739
1622241000 11574 9739 11574 9739
1622239200 11574 9739 11574 9739
1622237400 11574 9739 11574 9739
1622235600 11574 9739 11574 9739
1622233800 11574 9739 11574 9739
1622232000 11574 9739 11574 9739
1622230200 11574 9739 11574 9739
1622228400 11574 9739 11574 9739
1622226600 11574 9739 11574 9739
1622224800 11574 9739 11574 9739
1622223000 11574 9739 11574 9739
1622221200 11574 9739 11574 9739
1622219400 11574 9739 11574 9739
1622217600 11574 9739 11574 9739
1622215800 11574 9739 11574 9739
1622214000 11574 9739 11574 9739
1622212200 11574 9739 11574 9739
1622210400 11574 9739 11574 9739
1622208600 11574 9739 11574 9739
1622206800 11574 9739 11574 9739
1622205000 11574 9739 11574 9739
1622203200 11574 9739 11574 9739
1622201400 11574 9739 11574 9739
1622199600 11574 9739 11574 9739
1622197800 11574 9739 11574 9739
1622196000 11574 9739 11574 9739
1622194200 11574 9739 11574 9739
1622192400 11574 9739 11574 9739
1622190600 11574 9739 11574 9739
1622188800 11574 9739 11574 9739
1622187000 11574 9739 11574 9739
1622185200 11574 9739 11574 9739
1622183400 11574 9739 11574 9739
1622181600 11574 9739 11574 9739
1622179800 11574 9739 11574 9739
1622178000 11574 9739 11574 9739
1622176200 11574 9739 11574 9739
1622174400 11574 9739 11574 9739
1622172600 11574 9739 11574 9739
1622170800 11574 9739 11574 9739
1622169000 11574 9739 11574 9739
1622167200 11574 9739 11574 9739
1622165400 11574 9739 11574 9739
1622163600 11574 9739 11574 9739
1622161800 11574 9739 11574 9739
1622160000 11574 9739 11574 9739
1622158200 11574 9739 11574 9739
1622156400 11574 9739 11574 9739
1622154600 11574 9739 11574 9739
1622152800 11574 9739 11574 9739
1622151000 11574 9739 11574 9739
1622149200 11574 9739 11574 9739
1622147400 11574 9739 11574 9739
1622145600 11574 9739 11574 9739
1622143800 11574 9739 11574 9739
1622142000 11574 9739 11574 9739
1622140200 11574 9739 11574 9739
1622138400 11574 9739 11574 9739
1622136600 11574 9739 11574 9739
1622134800 11574 9739 11574 9739
1622133000 11574 9739 11574 9739
1622131200 11574 9739 11574 9739
1622129400 11574 9739 11574 9739
1622127600 11574 9739 11574 9739
1622125800 11574 9739 11574 9739
1622124000 11574 9739 11574 9739
1622122200 11574 9739 11574 9739
1622120400 11574 9739 11574 9739
1622118600 11574 9739 11574 9739
1622116800 11574 9739 11574 9739
1622115000 11574 9739 11574 9739
1622113200 11574 9739 11574 9739
1622111400 11574 9739 11574 9739
1622109600 11574 9739 11574 9739
1622107800 11574 9739 11574 9739
1622106000 11574 9739 11574 9739
1622104200 11574 9739 11574 9739
1622102400 11574 9739 11574 9739
1622100600 11574 9739 11574 9739
1622098800 11574 9739 11574 9739
1622097000 11574 9739 11574 9739
1622095200 11574 9739 11574 9739
1622093400 11574 9739 11574 9739
1622091600 11574 9739 11574 9739
1622089800 11574 9739 11574 9739
1622088000 11574 9739 11574 9739
1622086200 11574 9739 11574 9739
1622084400 11574 9739 11574 9739
1622082600 11574 9739 11574 9739
1622080800 11574 9739 11574 9739
1622079000 11574 9739 11574 9739
1622077200 11574 9739 11574 9739
1622075400 11574 9739 11574 9739
1622073600 11574 9739 11574 9739
1622071800 11574 9739 11574 9739
1622070000 11574 9739 11574 9739
1622068200 11574 9739 11574 9739
1622066400 11574 9739 11574 9739
1622064600 11574 9739 11574 9739
1622062800 11574 9739 11574 9739
1622061000 11574 9739 11574 9739
1622059200 11574 9739 11574 9739
1622057400 11574 9739 11574 9739
1622055600 11574 9739 11574 9739
1622053800 11574 9739 11574 9739
1622052000 11574 9739 11574 9739
1622050200 11574 9739 11574 9739
1622048400 11574 9739 11574 9739
1622046600 11574 9739 11574 9739
1622044800 11574 9739 11574 9739
1622043000 11574 9739 11574 9739
1622041200 11574 9739 11574 9739
1622039400 11574 9739 11574 9739
1622037600 11574 9739 11574 9739
1622035800 11574 9739 11574 9739
1622034000 11574 9739 11574 9739
1622032200 11574 9739 11574 9739
1622030400 11574 9739 11574 9739
1622028600 11574 9739 11574 9739
1622026800 11574 9739 11574 9739
1622025000 11574 9739 11574 9739
1622023200 11574 9739 11574 9739
1622021400 11574 9739 11574 9739
1622019600 11574 9739 11574 9739
1622017800 11574 9739 11574 9739
1622016000 11574 9739 11574 9739
1622014200 11574 9739 11574 9739
1622012400 11574 9739 11574 9739
1622010600 11574 9739 11574 9739
1622008800 11574 9739 11574 9739
1622007000 11574 9739 11574 9739
1622005200 11574 9739 11574 9739
1622003400 11574 9739 11574 9739
1622001600 11574 9739 11574 9739
1621999800 11574 9739 11574 9739
1621998000 11574 9739 11574 9739
1621996200 11574 9739 11574 9739
1621994400 11574 9739 11574 9739
1621992600 11574 9739 11574 9739
1621990800 11574 9739 11574 9739
1621989000 11574 9739 11574 9739
1621987200 11574 9739 11574 9739
1621985400 11574 9739 11574 9739
1621983600 11574 9739 11574 9739
1621981800 11574 9739 11574 9739
1621980000 11574 9739 11574 9739
1621978200 11574 9739 11574 9739
1621976400 11574 9739 11574 9739
1621974600 11574 9739 11574 9739
1621972800 11574 9739 11574 9739
1621971000 11574 9739 11574 9739
1621969200 11574 9739 11574 9739
1621967400 11574 9739 11574 9739
1621965600 11574 9739 11574 9739
1621963800 11574 9739 11574 9739
1621962000 11574 9739 11574 9739
1621960200 11574 9739 11574 9739
1621958400 11574 9739 11574 9739
1621956600 11574 9739 11574 9739
1621954800 11574 9739 11574 9739
1621953000 11574 9739 11574 9739
1621951200 11574 9739 11574 9739
1621949400 11574 9739 11574 9739
1621947600 11574 9739 11574 9739
1621945800 11574 9739 11574 9739
1621944000 11574 9739 11574 9739
1621942200 11574 9739 11574 9739
1621940400 11574 9739 11574 9739
1621938600 11574 9739 11574 9739
1621936800 11574 9739 11574 9739
1621935000 11574 9739 11574 9739
1621933200 11574 9739 11574 9739
1621931400 11574 9739 11574 9739
1621929600 11574 9739 11574 9739
1621927800 11574 9739 11574 9739
1621926000 11574 9739 11574 9739
1621924200 11574 9739 11574 9739
1621922400 11574 9739 11574 9739
1621920600 11574 9739 11574 9739
1621918800 11574 9739 11574 9739
1621917000 11574 9739 11574 9739
1621915200 11574 9739 11574 9739
1621913400 11574 9739 11574 9739
1621911600 11574 9739 11574 9739
1621909800 11574 9739 11574 9739
1621908000 11574 9739 11574 9739
1621906200 11574 9739 11574 9739
1621904400 11574 9739 11574 9739
1621902600 11574 9739 11574 9739
1621900800 11574 9739 11574 9739
1621899000 11574 9739 11574 9739
1621897200 11574 9739 11574 9739
1621895400 11574 9739 11574 9739
1621893600 11574 9739 11574 9739
1621891800 11574 9739 11574 9739
1621890000 11574 9739 11574 9739
1621888200 11574 9739 11574 9739
1621886400 11574 9739 11574 9739
1621884600 11574 9739 11574 9739
1621882800 11574 9739 11574 9739
1621881000 11574 9739 11574 9739
1621879200 11574 9739 11574 9739
1621877400 11574 9739 11574 9739
1621875600 11574 9739 11574 9739
1621873800 11574 9739 11574 9739
1621872000 11574 9739 11574 9739
1621870200 11574 9739 11574 9739
1621868400 11574 9739 11574 9739
1621866600 11574 9739 11574 9739
1621864800 11574 9739 11574 9739
1621863000 11574 9739 11574 9739
1621861200 11574 9739 11574 9739
1621859400 11574 9739 11574 9739
1621857600 11574 9739 11574 9739
1621855800 11574 9739 11574 9739
1621854000 11574 9739 11574 9739
1621852200 11574 9739 11574 9739
1621850400 11574 9739 11574 9739
1621848600 11574 9739 11574 9739
1621846800 11574 9739 11574 9739
1621845000 11574 9739 11574 9739
1621843200 11574 9739 11574 9739
1621841400 11574 9739 11574 9739
1621839600 11574 9739 11574 9739
1621837800 11574 9739 11574 9739
1621836000 11574 9739 11574 9739
1621834200 11574 9739 11574 9739
1621832400 11574 9739 11574 9739
1621830600 11574 9739 11574 9739
1621828800 11574 9739 11574 9739
1621827000 11574 9739 11574 9739
1621825200 11574 9739 11574 9739
1621823400 11574 9739 11574 9739
1621821600 11574 9739 11574 9739
1621819800 11574 9739 11574 9739
1621818000 11574 9739 11574 9739
1621816200 11574 9739 11574 9739
1621814400 11574 9739 11574 9739
1621812600 11574 9739 11574 9739
1621810800 11574 9739 11574 9739
1621809000 11574 9739 11574 9739
1621807200 11574 9739 11574 9739
1621805400 11574 9739 11574 9739
1621803600 11574 9739 11574 9739
1621801800 11574 9739 11574 9739
1621800000 11574 9739 11574 9739
1621798200 11574 9739 11574 9739
1621796400 11574 9739 11574 9739
1621794600 11574 9739 11574 9739
1621792800 11574 9739 11574 9739
1621791000 11574 9739 11574 9739
1621789200 11574 9739 11574 9739
1621787400 11574 9739 11574 9739
1621785600 11574 9739 11574 9739
1621783800 11574 9739 11574 9739
1621782000 11574 9739 11574 9739
1621780200 11574 9739 11574 9739
1621778400 11574 9739 11574 9739
1621776600 11574 9739 11574 9739
1621774800 11574 9739 11574 9739
1621773000 11574 9739 11574 9739
1621771200 11574 9739 11574 9739
1621769400 11574 9739 11574 9739
1621767600 11574 9739 11574 9739
1621765800 11574 9739 11574 9739
1621764000 11574 9739 11574 9739
1621762200 11574 9739 11574 9739
1621760400 11574 9739 11574 9739
1621758600 11574 9739 11574 9739
1621756800 11574 9739 11574 9739
1621755000 11574 9739 11574 9739
1621753200 11574 9739 11574 9739
1621751400 11574 9739 11574 9739
1621749600 11574 9739 11574 9739
1621747800 11574 9739 11574 9739
1621746000 11574 9739 11574 9739
1621744200 11574 9739 11574 9739
1621742400 11574 9739 11574 9739
1621740600 11574 9739 11574 9739
1621738800 11574 9739 11574 9739
1621737000 11574 9739 11574 9739
1621735200 11574 9739 11574 9739
1621733400 11574 9739 11574 9739
1621731600 11574 9739 11574 9739
1621729800 11574 9739 11574 9739
1621728000 11574 9739 11574 9739
1621726200 11574 9739 11574 9739
1621724400 11574 9739 11574 9739
1621722600 11574 9739 11574 9739
1621720800 11574 9739 11574 9739
1621719000 11574 9739 11574 9739
1621717200 11574 9739 11574 9739
1621715400 11574 9739 11574 9739
1621713600 11574 9739 11574 9739
1621711800 11574 9739 11574 9739
1621710000 11574 9739 11574 9739
1621708200 11574 9739 11574 9739
1621706400 11574 9739 11574 9739
1621704600 11574 9739 11574 9739
1621702800 11574 9739 11574 9739
1621701000 11574 9739 11574 9739
1621699200 11574 9739 11574 9739
1621697400 11574 9739 11574 9739
1621695600 11574 9739 11574 9739
1621693800 11574 9739 11574 9739
1621692000 11574 9739 11574 9739
1621690200 11574 9739 11574 9739
1621688400 11574 9739 11574 9739
1621686600 11574 9739 11574 9739
1621684800 11574 9739 11574 9739
1621683000 11574 9739 11574 9739
1621681200 11574 9739 11574 9739
1621679400 11574 9739 11574 9739
1621677600 11574 9739 11574 9739
1621675800 11574 9739 11574 9739
1621674000 11574 9739 11574 9739
1621672200 11574 9739 11574 9739
1621670400 11574 9739 11574 9739
1621668600 11574 9739 11574 9739
1621666800 11574 9739 11574 9739
1621665000 11574 9739 11574 9739
1621663200 11574 9739 11574 9739
1621661400 11574 9739 11574 9739
1621659600 11574 9739 11574 9739
1621657800 11574 9739 11574 9739
1621656000 11574 9739 11574 9739
1621654200 11574 9739 11574 9739
1621652400 11574 9739 11574 9739
1621650600 11574 9739 11574 9739
1621648800 11574 9739 11574 9739
1621647000 11574 9739 11574 9739
1621645200 11574 9739 11574 9739
1621643400 11574 9739 11574 9739
1621641600 11574 9739 11574 9739
1621639800 11574 9739 11574 9739
1621638000 11574 9739 11574 9739
1621636200 11574 9739 11574 9739
1621634400 11574 9739 11574 9739
1621632600 11574 9739 11574 9739
1621630800 11574 9739 11574 9739
1621629000 11574 9739 11574 9739
1621627200 11574 9739 11574 9739
1621625400 11574 9739 11574 9739
1621623600 11574 9739 11574 9739
1621621800 11574 9739 11574 9739
1621620000 11574 9739 11574 9739
1621618200 11574 9739 11574 9739
1621616400 11574 9739 11574 9739
1621614600 11574 9739 11574 9739
1621612800 11574 9739 11574 9739
1621611000 11574 9739 11574 9739
1621609200 11574 9739 11574 9739
1621607400 11574 9739 11574 9739
1621605600 11574 9739 11574 9739
1621603800 11574 9739 11574 9739
1621602000 11574 9739 11574 9739
1621600200 11574 9739 11574 9739
1621598400 11574 9739 11574 9739
1621596600 11574 9739 11574 9739
1621594800 11574 9739 11574 9739
1621593000 11574 9739 11574 9739
1621591200 11574 9739 11574 9739
1621589400 11574 9739 11574 9739
1621587600 11574 9739 11574 9739
1621585800 11574 9739 11574 9739
1621584000 11574 9739 11574 9739
1621582200 11574 9739 11574 9739
1621580400 11574 9739 11574 9739
1621578600 11574 9739 11574 9739
1621576800 11574 9739 11574 9739
1621575000 11574 9739 11574 9739
1621573200 11574 9739 11574 9739
1621571400 11574 9739 11574 9739
1621569600 11574 9739 11574 9739
1621567800 11574 9739 11574 9739
1621566000 11574 9739 11574 9739
1621564200 11574 9739 11574 9739
1621562400 11574 9739 11574 9739
1621560600 11574 9739 11574 9739
1621558800 11574 9739 11574 9739
1621557000 11574 9739 11574 9739
1621555200 11574 9739 11574 9739
1621553400 11574 9739 11574 9739
1621551600 11574 9739 11574 9739
1621549800 11574 9739 11574 9739
1621548000 11574 9739 11574 9739
1621546200 11574 9739 11574 9739
1621544400 11574 9739 11574 9739
1621542600 11574 9739 11574 9739
1621540800 11574 9739 11574 9739
1621539000 11574 9739 11574 9739
1621537200 11574 9739 11574 9739
1621535400 11574 9739 11574 9739
1621533600 11574 9739 11574 9739
1621531800 11574 9739 11574 9739
1621530000 11574 9739 11574 9739
1621528200 11574 9739 11574 9739
1621526400 11574 9739 11574 9739
1621524600 11574 9739 11574 9739
1621522800 11574 9739 11574 9739
1621521000 11574 9739 11574 9739
1621519200 11574 9739 11574 9739
1621517400 11574 9739 11574 9739
1621515600 11574 9739 11574 9739
1621513800 11574 9739 11574 9739
1621512000 11574 9739 11574 9739
1621510200 11574 9739 11574 9739
1621508400 11574 9739 11574 9739
1621506600 11574 9739 11574 9739
1621504800 11574 9739 11574 9739
1621503000 11574 9739 11574 9739
1621501200 11574 9739 11574 9739
1621499400 11574 9739 11574 9739
1621497600 11574 9739 11574 9739
1621495800 11574 9739 11574 9739
1621494000 11574 9739 11574 9739
1621492200 11574 9739 11574 9739
1621490400 11574 9739 11574 9739
1621488600 11574 9739 11574 9739
1621486800 11574 9739 11574 9739
1621485000 11574 9739 11574 9739
1621483200 11574 9739 11574 9739
1621481400 11574 9739 11574 9739
1621479600 11574 9739 11574 9739
1621477800 11574 9739 11574 9739
1621476000 11574 9739 11574 9739
1621474200 11574 9739 11574 9739
1621472400 11574 9739 11574 9739
1621470600 11574 9739 11574 9739
1621468800 11574 9739 11574 9739
1621467000 11574 9739 11574 9739
1621465200 11574 9739 11574 9739
1621463400 11574 9739 11574 9739
1621461600 11574 9739 11574 9739
1621459800 11574 9739 11574 9739
1621458000 11574 9739 11574 9739
1621456200 11574 9739 11574 9739
1621454400 11574 9739 11574 9739
1621452600 11574 9739 11574 9739
1621450800 11574 9739 11574 9739
1621449000 11574 9739 11574 9739
1621447200 11574 9739 11574 9739
1621445400 11574 9739 11574 9739
1621443600 11574 9739 11574 9739
1621441800 11574 9739 11574 9739
1621440000 11574 9739 11574 9739
1621438200 11574 9739 11574 9739
1621436400 11574 9739 11574 9739
1621434600 11574 9739 11574 9739
1621432800 11574 9739 11574 9739
1621431000 11574 9739 11574 9739
1621429200 11574 9739 11574 9739
1621427400 11574 9739 11574 9739
1621425600 11574 9739 11574 9739
1621423800 11574 9739 11574 9739
1621422000 11574 9739 11574 9739
1621420200 11574 9739 11574 9739
1621418400 11574 9739 11574 9739
1621416600 11574 9739 11574 9739
1621414800 11574 9739 11574 9739
1621413000 11574 9739 11574 9739
1621411200 11574 9739 11574 9739
1621409400 11574 9739 11574 9739
1621407600 11574 9739 11574 9739
1621405800 11574 9739 11574 9739
1621404000 11574 9739 11574 9739
1621402200 11574 9739 11574 9739
1621400400 11574 9739 11574 9739
1621398600 11574 9739 11574 9739
1621396800 11574 9739 11574 9739
1621395000 11574 9739 11574 9739
1621393200 11574 9739 11574 9739
1621391400 11574 9739 11574 9739
1621389600 11574 9739 11574 9739
1621387800 11574 9739 11574 9739
1621386000 11574 9739 11574 9739
1621384200 11574 9739 11574 9739
1621382400 11574 9739 11574 9739
1621380600 11574 9739 11574 9739
1621378800 11574 9739 11574 9739
1621377000 11574 9739 11574 9739
1621375200 11574 9739 11574 9739
1621373400 11574 9739 11574 9739
1621371600 11574 9739 11574 9739
1621369800 11574 9739 11574 9739
1621368000 11574 9739 11574 9739
1621366200 11574 9739 11574 9739
1621364400 11574 9739 11574 9739
1621362600 11574 9739 11574 9739
1621360800 11574 9739 11574 9739
1621359000 11574 9739 11574 9739
1621357200 11574 9739 11574 9739
1621355400 11574 9739 11574 9739
1621353600 11574 9739 11574 9739
1621351800 11574 9739 11574 9739
1621350000 11574 9739 11574 9739
1621348200 11574 9739 11574 9739
1621346400 11574 9739 11574 9739
1621344600 11574 9739 11574 9739
1621342800 11574 9739 11574 9739
1621341000 11574 9739 11574 9739
1621339200 11574 9739 11574 9739
1621337400 11574 9739 11574 9739
1621335600 11574 9739 11574 9739
1621333800 11574 9739 11574 9739
1621332000 11574 9739 11574 9739
1621330200 11574 9739 11574 9739
1621328400 11574 9739 11574 9739
1621326600 11574 9739 11574 9739
1621324800 11574 9739 11574 9739
1621323000 11574 9739 11574 9739
1621321200 11574 9739 11574 9739
1621319400 11574 9739 11574 9739
1621317600 11574 9739 11574 9739
1621315800 11574 9739 11574 9739
1621314000 11574 9739 11574 9739
1621312200 11574 9739 11574 9739
1621310400 11574 9739 11574 9739
1621308600 11574 9739 11574 9739
1621306800 11574 9739 11574 9739
1621305000 11574 9739 11574 9739
1621303200 11574 9739 11574 9739
1621301400 11574 9739 11574 9739
1621299600 11574 9739 11574 9739
1621297800 11574 9739 11574 9739
1621296000 11574 9739 11574 9739
1621294200 11574 9739 11574 9739
1621292400 11574 9739 11574 9739
1621290600 11574 9739 11574 9739
1621288800 11574 9739 11574 9739
1621287000 11574 9739 11574 9739
1621285200 11574 9739 11574 9739
1621283400 11574 9739 11574 9739
1621281600 11574 9739 11574 9739
1621279800 11574 9739 11574 9739
1621278000 11574 9739 11574 9739
1621276200 11574 9739 11574 9739
1621274400 11574 9739 11574 9739
1621272600 11574 9739 11574 9739
1621270800 11574 9739 11574 9739
1621269000 11574 9739 11574 9739
1621267200 11574 9739 11574 9739
1621265400 11574 9739 11574 9739
1621263600 11574 9739 11574 9739
1621261800 11574 9739 11574 9739
1621260000 11574 9739 11574 9739
1621258200 11574 9739 11574 9739
1621256400 11574 9739 11574 9739
1621254600 11574 9739 11574 9739
1621252800 11574 9739 11574 9739
1621251000 11574 9739 11574 9739
1621249200 11574 9739 11574 9739
1621247400 11574 9739 11574 9739
1621245600 11574 9739 11574 9739
1621243800 11574 9739 11574 9739
1621242000 11574 9739 11574 9739
1621240200 11574 9739 11574 9739
1621238400 11574 9739 11574 9739
1621236600 11574 9739 11574 9739
1621234800 11574 9739 11574 9739
1621233000 11574 9739 11574 9739
1621231200 11574 9739 11574 9739
1621224000 11574 9739 11574 9739
1621216800 11574 9739 11574 9739
1621209600 11574 9739 11574 9739
1621202400 11574 9739 11574 9739
1621195200 11574 9739 11574 9739
1621188000 11574 9739 11574 9739
1621180800 11574 9739 11574 9739
1621173600 11574 9739 11574 9739
1621166400 11574 9739 11574 9739
1621159200 11574 9739 11574 9739
1621152000 11574 9739 11574 9739
1621144800 11574 9739 11574 9739
1621137600 11574 9739 11574 9739
1621130400 11574 9739 11574 9739
1621123200 11574 9739 11574 9739
1621116000 11574 9739 11574 9739
1621108800 11574 9739 11574 9739
1621101600 11574 9739 11574 9739
1621094400 11574 9739 11574 9739
1621087200 11574 9739 11574 9739
1621080000 11574 9739 11574 9739
1621072800 11574 9739 11574 9739
1621065600 11574 9739 11574 9739
1621058400 11574 9739 11574 9739
1621051200 11574 9739 11574 9739
1621044000 11574 9739 11574 9739
1621036800 11574 9739 11574 9739
1621029600 11574 9739 11574 9739
1621022400 11574 9739 11574 9739
1621015200 11574 9739 11574 9739
1621008000 11574 9739 11574 9739
1621000800 11574 9739 11574 9739
1620993600 11574 9739 11574 9739
1620986400 11574 9739 11574 9739
1620979200 11574 9739 11574 9739
1620972000 11574 9739 11574 9739
1620964800 11574 9739 11574 9739
1620957600 11574 9739 11574 9739
1620950400 11574 9739 11574 9739
1620943200 11574 9739 11574 9739
1620936000 11574 9739 11574 9739
1620928800 11574 9739 11574 9739
1620921600 11574 9739 11574 9739
1620914400 11574 9739 11574 9739
1620907200 11574 9739 11574 9739
1620900000 11574 9739 11574 9739
1620892800 11574 9739 11574 9739
1620885600 11574 9739 11574 9739
1620878400 11574 9739 11574 9739
1620871200 11574 9739 11574 9739
1620864000 11574 9739 11574 9739
1620856800 11574 9739 11574 9739
1620849600 11574 9739 11574 9739
1620842400 11574 9739 11574 9739
1620835200 11574 9739 11574 9739
1620828000 11574 9739 11574 9739
1620820800 11574 9739 11574 9739
1620813600 11574 9739 11574 9739
1620806400 11574 9739 11574 9739
1620799200 11574 9739 11574 9739
1620792000 11574 9739 11574 9739
1620784800 11574 9739 11574 9739
1620777600 11574 9739 11574 9739
1620770400 11574 9739 11574 9739
1620763200 11574 9739 11574 9739
1620756000 11574 9739 11574 9739
1620748800 11574 9739 11574 9739
1620741600 11574 9739 11574 9739
1620734400 11574 9739 11574 9739
1620727200 11574 9739 11574 9739
1620720000 11574 9739 11574 9739
1620712800 11574 9739 11574 9739
1620705600 11574 9739 11574 9739
1620698400 11574 9739 11574 9739
1620691200 11574 9739 11574 9739
1620684000 11574 9739 11574 9739
1620676800 11574 9739 11574 9739
1620669600 11574 9739 11574 9739
1620662400 11574 9739 11574 9739
1620655200 11574 9739 11574 9739
1620648000 11574 9739 11574 9739
1620640800 11574 9739 11574 9739
1620633600 11574 9739 11574 9739
1620626400 11574 9739 11574 9739
1620619200 11574 9739 11574 9739
1620612000 11574 9739 11574 9739
1620604800 11574 9739 11574 9739
1620597600 11574 9739 11574 9739
1620590400 11574 9739 11574 9739
1620583200 11574 9739 11574 9739
1620576000 11574 9739 11574 9739
1620568800 11574 9739 11574 9739
1620561600 11574 9739 11574 9739
1620554400 11574 9739 11574 9739
1620547200 11574 9739 11574 9739
1620540000 11574 9739 11574 9739
1620532800 11574 9739 11574 9739
1620525600 11574 9739 11574 9739
1620518400 11574 9739 11574 9739
1620511200 11574 9739 11574 9739
1620504000 11574 9739 11574 9739
1620496800 11574 9739 11574 9739
1620489600 11574 9739 11574 9739
1620482400 11574 9739 11574 9739
1620475200 11574 9739 11574 9739
1620468000 11574 9739 11574 9739
1620460800 11574 9739 11574 9739
1620453600 11574 9739 11574 9739
1620446400 11574 9739 11574 9739
1620439200 11574 9739 11574 9739
1620432000 11574 9739 11574 9739
1620424800 11574 9739 11574 9739
1620417600 11574 9739 11574 9739
1620410400 11574 9739 11574 9739
1620403200 11574 9739 11574 9739
1620396000 11574 9739 11574 9739
1620388800 11574 9739 11574 9739
1620381600 11574 9739 11574 9739
1620374400 11574 9739 11574 9739
1620367200 11574 9739 11574 9739
1620360000 11574 9739 11574 9739
1620352800 11574 9739 11574 9739
1620345600 11574 9739 11574 9739
1620338400 11574 9739 11574 9739
1620331200 11574 9739 11574 9739
1620324000 11574 9739 11574 9739
1620316800 11574 9739 11574 9739
1620309600 11574 9739 11574 9739
1620302400 11574 9739 11574 9739
1620295200 11574 9739 11574 9739
1620288000 11574 9739 11574 9739
1620280800 11574 9739 11574 9739
1620273600 11574 9739 11574 9739
1620266400 11574 9739 11574 9739
1620259200 11574 9739 11574 9739
1620252000 11574 9739 11574 9739
1620244800 11574 9739 11574 9739
1620237600 11574 9739 11574 9739
1620230400 11574 9739 11574 9739
1620223200 11574 9739 11574 9739
1620216000 11574 9739 11574 9739
1620208800 11574 9739 11574 9739
1620201600 11574 9739 11574 9739
1620194400 11574 9739 11574 9739
1620187200 11574 9739 11574 9739
1620180000 11574 9739 11574 9739
1620172800 11574 9739 11574 9739
1620165600 11574 9739 11574 9739
1620158400 11574 9739 11574 9739
1620151200 11574 9739 11574 9739
1620144000 11574 9739 11574 9739
1620136800 11574 9739 11574 9739
1620129600 11574 9739 11574 9739
1620122400 11574 9739 11574 9739
1620115200 11574 9739 11574 9739
1620108000 11574 9739 11574 9739
1620100800 11574 9739 11574 9739
1620093600 11574 9739 11574 9739
1620086400 11574 9739 11574 9739
1620079200 11574 9739 11574 9739
1620072000 11574 9739 11574 9739
1620064800 11574 9739 11574 9739
1620057600 11574 9739 11574 9739
1620050400 11574 9739 11574 9739
1620043200 11574 9739 11574 9739
1620036000 11574 9739 11574 9739
1620028800 11574 9739 11574 9739
1620021600 11574 9739 11574 9739
1620014400 11574 9739 11574 9739
1620007200 11574 9739 11574 9739
1620000000 11574 9739 11574 9739
1619992800 11574 9739 11574 9739
1619985600 11574 9739 11574 9739
1619978400 11574 9739 11574 9739
1619971200 11574 9739 11574 9739
1619964000 11574 9739 11574 9739
1619956800 11574 9739 11574 9739
1619949600 11574 9739 11574 9739
1619942400 11574 9739 11574 9739
1619935200 11574 9739 11574 9739
1619928000 11574 9739 11574 9739
1619920800 11574 9739 11574 9739
1619913600 11574 9739 11574 9739
1619906400 11574 9739 11574 9739
1619899200 11574 9739 11574 9739
1619892000 11574 9739 11574 9739
1619884800 11574 9739 11574 9739
1619877600 11574 9739 11574 9739
1619870400 11574 9739 11574 9739
1619863200 11574 9739 11574 9739
1619856000 11574 9739 11574 9739
1619848800 11574 9739 11574 9739
1619841600 11574 9739 11574 9739
1619834400 11574 9739 11574 9739
1619827200 11574 9739 11574 9739
1619820000 11574 9739 11574 9739
1619812800 11574 9739 11574 9739
1619805600 11574 9739 11574 9739
1619798400 11574 9739 11574 9739
1619791200 11574 9739 11574 9739
1619784000 11574 9739 11574 9739
1619776800 11574 9739 11574 9739
1619769600 11574 9739 11574 9739
1619762400 11574 9739 11574 9739
1619755200 11574 9739 11574 9739
1619748000 11574 9739 11574 9739
1619740800 11574 9739 11574 9739
1619733600 11574 9739 11574 9739
1619726400 11574 9739 11574 9739
1619719200 11574 9739 11574 9739
1619712000 11574 9739 11574 9739
1619704800 11574 9739 11574 9739
1619697600 11574 9739 11574 9739
1619690400 11574 9739 11574 9739
1619683200 11574 9739 11574 9739
1619676000 11574 9739 11574 9739
1619668800 11574 9739 11574 9739
1619661600 11574 9739 11574 9739
1619654400 11574 9739 11574 9739
1619647200 11574 9739 11574 9739
1619640000 11574 9739 11574 9739
1619632800 11574 9739 11574 9739
1619625600 11574 9739 11574 9739
1619618400 11574 9739 11574 9739
1619611200 11574 9739 11574 9739
1619604000 11574 9739 11574 9739
1619596800 11574 9739 11574 9739
1619589600 11574 9739 11574 9739
1619582400 11574 9739 11574 9739
1619575200 11574 9739 11574 9739
1619568000 11574 9739 11574 9739
1619560800 11574 9739 11574 9739
1619553600 11574 9739 11574 9739
1619546400 11574 9739 11574 9739
1619539200 11574 9739 11574 9739
1619532000 11574 9739 11574 9739
1619524800 11574 9739 11574 9739
1619517600 11574 9739 11574 9739
1619510400 11574 9739 11574 9739
1619503200 11574 9739 11574 9739
1619496000 11574 9739 11574 9739
1619488800 11574 9739 11574 9739
1619481600 11574 9739 11574 9739
1619474400 11574 9739 11574 9739
1619467200 11574 9739 11574 9739
1619460000 11574 9739 11574 9739
1619452800 11574 9739 11574 9739
1619445600 11574 9739 11574 9739
1619438400 11574 9739 11574 9739
1619431200 11574 9739 11574 9739
1619424000 11574 9739 11574 9739
1619416800 11574 9739 11574 9739
1619409600 11574 9739 11574 9739
1619402400 11574 9739 11574 9739
1619395200 11574 9739 11574 9739
1619388000 11574 9739 11574 9739
1619380800 11574 9739 11574 9739
1619373600 11574 9739 11574 9739
1619366400 11574 9739 11574 9739
1619359200 11574 9739 11574 9739
1619352000 11574 9739 11574 9739
1619344800 11574 9739 11574 9739
1619337600 11574 9739 11574 9739
1619330400 11574 9739 11574 9739
1619323200 11574 9739 11574 9739
1619316000 11574 9739 11574 9739
1619308800 11574 9739 11574 9739
1619301600 11574 9739 11574 9739
1619294400 11574 9739 11574 9739
1619287200 11574 9739 11574 9739
1619280000 11574 9739 11574 9739
1619272800 11574 9739 11574 9739
1619265600 11574 9739 11574 9739
1619258400 11574 9739 11574 9739
1619251200 11574 9739 11574 9739
1619244000 11574 9739 11574 9739
1619236800 11574 9739 11574 9739
1619229600 11574 9739 11574 9739
1619222400 11574 9739 11574 9739
1619215200 11574 9739 11574 9739
1619208000 11574 9739 11574 9739
1619200800 11574 9739 11574 9739
1619193600 11574 9739 11574 9739
1619186400 11574 9739 11574 9739
1619179200 11574 9739 11574 9739
1619172000 11574 9739 11574 9739
1619164800 11574 9739 11574 9739
1619157600 11574 9739 11574 9739
1619150400 11574 9739 11574 9739
1619143200 11574 9739 11574 9739
1619136000 11574 9739 11574 9739
1619128800 11574 9739 11574 9739
1619121600 11574 9739 11574 9739
1619114400 11574 9739 11574 9739
1619107200 11574 9739 11574 9739
1619100000 11574 9739 11574 9739
1619092800 11574 9739 11574 9739
1619085600 11574 9739 11574 9739
1619078400 11574 9739 11574 9739
1619071200 11574 9739 11574 9739
1619064000 11574 9739 11574 9739
1619056800 11574 9739 11574 9739
1619049600 11574 9739 11574 9739
1619042400 11574 9739 11574 9739
1619035200 11574 9739 11574 9739
1619028000 11574 9739 11574 9739
1619020800 11574 9739 11574 9739
1619013600 11574 9739 11574 9739
1619006400 11574 9739 11574 9739
1618999200 11574 9739 11574 9739
1618992000 11574 9739 11574 9739
1618984800 11574 9739 11574 9739
1618977600 11574 9739 11574 9739
1618970400 11574 9739 11574 9739
1618963200 11574 9739 11574 9739
1618956000 11574 9739 11574 9739
1618948800 11574 9739 11574 9739
1618941600 11574 9739 11574 9739
1618934400 11574 9739 11574 9739
1618927200 11574 9739 11574 9739
1618920000 11574 9739 11574 9739
1618912800 11574 9739 11574 9739
1618905600 11574 9739 11574 9739
1618898400 11574 9739 11574 9739
1618891200 11574 9739 11574 9739
1618884000 11574 9739 11574 9739
1618876800 11574 9739 11574 9739
1618869600 11574 9739 11574 9739
1618862400 11574 9739 11574 9739
1618855200 11574 9739 11574 9739
1618848000 11574 9739 11574 9739
1618840800 11574 9739 11574 9739
1618833600 11574 9739 11574 9739
1618826400 11574 9739 11574 9739
1618819200 11574 9739 11574 9739
1618812000 11574 9739 11574 9739
1618804800 11574 9739 11574 9739
1618797600 11574 9739 11574 9739
1618790400 11574 9739 11574 9739
1618783200 11574 9739 11574 9739
1618776000 11574 9739 11574 9739
1618768800 11574 9739 11574 9739
1618761600 11574 9739 11574 9739
1618754400 11574 9739 11574 9739
1618747200 11574 9739 11574 9739
1618740000 11574 9739 11574 9739
1618732800 11574 9739 11574 9739
1618725600 11574 9739 11574 9739
1618718400 11574 9739 11574 9739
1618711200 11574 9739 11574 9739
1618704000 11574 9739 11574 9739
1618696800 11574 9739 11574 9739
1618689600 11574 9739 11574 9739
1618682400 11574 9739 11574 9739
1618675200 11574 9739 11574 9739
1618668000 11574 9739 11574 9739
1618660800 11574 9739 11574 9739
1618653600 11574 9739 11574 9739
1618646400 11574 9739 11574 9739
1618639200 11574 9739 11574 9739
1618632000 11574 9739 11574 9739
1618624800 11574 9739 11574 9739
1618617600 11574 9739 11574 9739
1618610400 11574 9739 11574 9739
1618603200 11574 9739 11574 9739
1618596000 11574 9739 11574 9739
1618588800 11574 9739 11574 9739
1618581600 11574 9739 11574 9739
1618574400 11574 9739 11574 9739
1618567200 11574 9739 11574 9739
1618560000 11574 9739 11574 9739
1618552800 11574 9739 11574 9739
1618545600 11574 9739 11574 9739
1618538400 11574 9739 11574 9739
1618531200 11574 9739 11574 9739
1618524000 11574 9739 11574 9739
1618516800 11574 9739 11574 9739
1618509600 11574 9739 11574 9739
1618502400 11574 9739 11574 9739
1618495200 11574 9739 11574 9739
1618488000 11574 9739 11574 9739
1618480800 11574 9739 11574 9739
1618473600 11574 9739 11574 9739
1618466400 11574 9739 11574 9739
1618459200 11574 9739 11574 9739
1618452000 11574 9739 11574 9739
1618444800 11574 9739 11574 9739
1618437600 11574 9739 11574 9739
1618430400 11574 9739 11574 9739
1618423200 11574 9739 11574 9739
1618416000 11574 9739 11574 9739
1618408800 11574 9739 11574 9739
1618401600 11574 9739 11574 9739
1618394400 11574 9739 11574 9739
1618387200 11574 9739 11574 9739
1618380000 11574 9739 11574 9739
1618372800 11574 9739 11574 9739
1618365600 11574 9739 11574 9739
1618358400 11574 9739 11574 9739
1618351200 11574 9739 11574 9739
1618344000 11574 9739 11574 9739
1618336800 11574 9739 11574 9739
1618329600 11574 9739 11574 9739
1618322400 11574 9739 11574 9739
1618315200 11574 9739 11574 9739
1618308000 11574 9739 11574 9739
1618300800 11574 9739 11574 9739
1618293600 11574 9739 11574 9739
1618286400 11574 9739 11574 9739
1618279200 11574 9739 11574 9739
1618272000 11574 9739 11574 9739
1618264800 11574 9739 11574 9739
1618257600 11574 9739 11574 9739
1618250400 11574 9739 11574 9739
1618243200 11574 9739 11574 9739
1618236000 11574 9739 11574 9739
1618228800 11574 9739 11574 9739
1618221600 11574 9739 11574 9739
1618214400 11574 9739 11574 9739
1618207200 11574 9739 11574 9739
1618200000 11574 9739 11574 9739
1618192800 11574 9739 11574 9739
1618185600 11574 9739 11574 9739
1618178400 11574 9739 11574 9739
1618171200 11574 9739 11574 9739
1618164000 11574 9739 11574 9739
1618156800 11574 9739 11574 9739
1618149600 11574 9739 11574 9739
1618142400 11574 9739 11574 9739
1618135200 11574 9739 11574 9739
1618128000 11574 9739 11574 9739
1618120800 11574 9739 11574 9739
1618113600 11574 9739 11574 9739
1618106400 11574 9739 11574 9739
1618099200 11574 9739 11574 9739
1618092000 11574 9739 11574 9739
1618084800 11574 9739 11574 9739
1618077600 11574 9739 11574 9739
1618070400 11574 9739 11574 9739
1618063200 11574 9739 11574 9739
1618056000 11574 9739 11574 9739
1618048800 11574 9739 11574 9739
1618041600 11574 9739 11574 9739
1618034400 11574 9739 11574 9739
1618027200 11574 9739 11574 9739
1618020000 11574 9739 11574 9739
1618012800 11574 9739 11574 9739
1618005600 11574 9739 11574 9739
1617998400 11574 9739 11574 9739
1617991200 11574 9739 11574 9739
1617984000 11574 9739 11574 9739
1617976800 11574 9739 11574 9739
1617969600 11574 9739 11574 9739
1617962400 11574 9739 11574 9739
1617955200 11574 9739 11574 9739
1617948000 11574 9739 11574 9739
1617940800 11574 9739 11574 9739
1617933600 11574 9739 11574 9739
1617926400 11574 9739 11574 9739
1617919200 11574 9739 11574 9739
1617912000 11574 9739 11574 9739
1617904800 11574 9739 11574 9739
1617897600 11574 9739 11574 9739
1617890400 11574 9739 11574 9739
1617883200 11574 9739 11574 9739
1617876000 11574 9739 11574 9739
1617868800 11574 9739 11574 9739
1617861600 11574 9739 11574 9739
1617854400 11574 9739 11574 9739
1617847200 11574 9739 11574 9739
1617840000 11574 9739 11574 9739
1617832800 11574 9739 11574 9739
1617825600 11574 9739 11574 9739
1617818400 11574 9739 11574 9739
1617811200 11574 9739 11574 9739
1617804000 11574 9739 11574 9739
1617796800 11574 9739 11574 9739
1617789600 11574 9739 11574 9739
1617782400 11574 9739 11574 9739
1617775200 11574 9739 11574 9739
1617768000 11574 9739 11574 9739
1617760800 11574 9739 11574 9739
1617753600 11574 9739 11574 9739
1617746400 11574 9739 11574 9739
1617739200 11574 9739 11574 9739
1617732000 11574 9739 11574 9739
1617724800 11574 9739 11574 9739
1617717600 11574 9739 11574 9739
1617710400 11574 9739 11574 9739
1617703200 11574 9739 11574 9739
1617696000 11574 9739 11574 9739
1617688800 11574 9739 11574 9739
1617681600 11574 9739 11574 9739
1617674400 11574 9739 11574 9739
1617667200 11574 9739 11574 9739
1617660000 11574 9739 11574 9739
1617652800 11574 9739 11574 9739
1617645600 11574 9739 11574 9739
1617638400 11574 9739 11574 9739
1617631200 11574 9739 11574 9739
1617624000 11574 9739 11574 9739
1617616800 11574 9739 11574 9739
1617609600 11574 9739 11574 9739
1617602400 11574 9739 11574 9739
1617595200 11574 9739 11574 9739
1617588000 11574 9739 11574 9739
1617580800 11574 9739 11574 9739
1617573600 11574 9739 11574 9739
1617566400 11574 9739 11574 9739
1617559200 11574 9739 11574 9739
1617552000 11574 9739 11574 9739
1617544800 11574 9739 11574 9739
1617537600 11574 9739 11574 9739
1617530400 11574 9739 11574 9739
1617523200 11574 9739 11574 9739
1617516000 11574 9739 11574 9739
1617508800 11574 9739 11574 9739
1617501600 11574 9739 11574 9739
1617494400 11574 9739 11574 9739
1617487200 11574 9739 11574 9739
1617480000 11574 9739 11574 9739
1617472800 11574 9739 11574 9739
1617465600 11574 9739 11574 9739
1617458400 11574 9739 11574 9739
1617451200 11574 9739 11574 9739
1617444000 11574 9739 11574 9739
1617436800 11574 9739 11574 9739
1617429600 11574 9739 11574 9739
1617422400 11574 9739 11574 9739
1617415200 11574 9739 11574 9739
1617408000 11574 9739 11574 9739
1617400800 11574 9739 11574 9739
1617393600 11574 9739 11574 9739
1617386400 11574 9739 11574 9739
1617379200 11574 9739 11574 9739
1617372000 11574 9739 11574 9739
1617364800 11574 9739 11574 9739
1617357600 11574 9739 11574 9739
1617350400 11574 9739 11574 9739
1617343200 11574 9739 11574 9739
1617336000 11574 9739 11574 9739
1617328800 11574 9739 11574 9739
1617321600 11574 9739 11574 9739
1617314400 11574 9739 11574 9739
1617307200 11574 9739 11574 9739
1617300000 11574 9739 11574 9739
1617292800 11574 9739 11574 9739
1617285600 11574 9739 11574 9739
1617278400 11574 9739 11574 9739
1617271200 11574 9739 11574 9739
1617264000 11574 9739 11574 9739
1617256800 11574 9739 11574 9739
1617249600 11574 9739 11574 9739
1617242400 11574 9739 11574 9739
1617235200 11574 9739 11574 9739
1617228000 11574 9739 11574 9739
1617220800 11574 9739 11574 9739
1617213600 11574 9739 11574 9739
1617206400 11574 9739 11574 9739
1617199200 11574 9739 11574 9739
1617192000 11574 9739 11574 9739
1617184800 11574 9739 11574 9739
1617177600 11574 9739 11574 9739
1617170400 11574 9739 11574 9739
1617163200 11574 9739 11574 9739
1617156000 11574 9739 11574 9739
1617148800 11574 9739 11574 9739
1617141600 11574 9739 11574 9739
1617134400 11574 9739 11574 9739
1617127200 11574 9739 11574 9739
1617120000 11574 9739 11574 9739
1617112800 11574 9739 11574 9739
1617105600 11574 9739 11574 9739
1617098400 11574 9739 11574 9739
1617091200 11574 9739 11574 9739
1617084000 11574 9739 11574 9739
1617076800 11574 9739 11574 9739
1617069600 11574 9739 11574 9739
1617062400 11574 9739 11574 9739
1617055200 11574 9739 11574 9739
1617048000 11574 9739 11574 9739
1617040800 11574 9739 11574 9739
1617033600 11574 9739 11574 9739
1617026400 11574 9739 11574 9739
1617019200 11574 9739 11574 9739
1617012000 11574 9739 11574 9739
1617004800 11574 9739 11574 9739
1616997600 11574 9739 11574 9739
1616990400 11574 9739 11574 9739
1616983200 11574 9739 11574 9739
1616976000 11574 9739 11574 9739
1616968800 11574 9739 11574 9739
1616961600 11574 9739 11574 9739
1616954400 11574 9739 11574 9739
1616947200 11574 9739 11574 9739
1616940000 11574 9739 11574 9739
1616932800 11574 9739 11574 9739
1616925600 11574 9739 11574 9739
1616918400 11574 9739 11574 9739
1616911200 11574 9739 11574 9739
1616889600 11574 9739 11574 9739
1616803200 11574 9739 11574 9739
1616716800 11574 9739 11574 9739
1616630400 11574 9739 11574 9739
1616544000 11574 9739 11574 9739
1616457600 11574 9739 11574 9739
1616371200 11574 9739 11574 9739
1616284800 11574 9739 11574 9739
1616198400 11574 9739 11574 9739
1616112000 11574 9739 11574 9739
1616025600 11574 9739 11574 9739
1615939200 11574 9739 11574 9739
1615852800 11574 9739 11574 9739
1615766400 11574 9739 11574 9739
1615680000 11574 9739 11574 9739
1615593600 11574 9739 11574 9739
1615507200 11574 9739 11574 9739
1615420800 11574 9739 11574 9739
1615334400 11574 9739 11574 9739
1615248000 11574 9739 11574 9739
1615161600 11574 9739 11574 9739
1615075200 11574 9739 11574 9739
1614988800 11574 9739 11574 9739
1614902400 11574 9739 11574 9739
1614816000 11574 9739 11574 9739
1614729600 11574 9739 11574 9739
1614643200 11574 9739 11574 9739
1614556800 11574 9739 11574 9739
1614470400 11574 9739 11574 9739
1614384000 11574 9739 11574 9739
1614297600 11574 9739 11574 9739
1614211200 11574 9739 11574 9739
1614124800 11574 9739 11574 9739
1614038400 11574 9739 11574 9739
1613952000 11574 9739 11574 9739
1613865600 11574 9739 11574 9739
1613779200 11574 9739 11574 9739
1613692800 11574 9739 11574 9739
1613606400 11574 9739 11574 9739
1613520000 11574 9739 11574 9739
1613433600 11574 9739 11574 9739
1613347200 11574 9739 11574 9739
1613260800 11574 9739 11574 9739
1613174400 11574 9739 11574 9739
1613088000 11574 9739 11574 9739
1613001600 11574 9739 11574 9739
1612915200 11574 9739 11574 9739
1612828800 11574 9739 11574 9739
1612742400 11574 9739 11574 9739
1612656000 11574 9739 11574 9739
1612569600 11574 9739 11574 9739
1612483200 11574 9739 11574 9739
1612396800 11574 9739 11574 9739
1612310400 11574 9739 11574 9739
1612224000 11574 9739 11574 9739
1612137600 11574 9739 11574 9739
1612051200 11574 9739 11574 9739
1611964800 11574 9739 11574 9739
1611878400 11574 9739 11574 9739
1611792000 11574 9739 11574 9739
1611705600 11574 9739 11574 9739
1611619200 11574 9739 11574 9739
1611532800 11574 9739 11574 9739
1611446400 11574 9739 11574 9739
1611360000 11574 9739 11574 9739
1611273600 11574 9739 11574 9739
1611187200 11574 9739 11574 9739
1611100800 11574 9739 11574 9739
1611014400 11574 9739 11574 9739
1610928000 11574 9739 11574 9739
1610841600 11574 9739 11574 9739
1610755200 11574 9739 11574 9739
1610668800 11574 9739 11574 9739
1610582400 11574 9739 11574 9739
1610496000 11574 9739 11574 9739
1610409600 11574 9739 11574 9739
1610323200 10149 8479 57175 17821
1610236800 0 0 0 0
1610150400 0 0 0 0
1610064000 0 0 0 0
1609977600 0 0 0 0
1609891200 0 0 0 0
1609804800 0 0 0 0
1609718400 0 0 0 0
1609632000 0 0 0 0
1609545600 0 0 0 0
1609459200 0 0 0 0
1609372800 0 0 0 0
1609286400 0 0 0 0
1609200000 0 0 0 0
1609113600 0 0 0 0
1609027200 0 0 0 0
1608940800 0 0 0 0
1608854400 0 0 0 0
1608768000 0 0 0 0
1608681600 0 0 0 0
1608595200 0 0 0 0
1608508800 0 0 0 0
1608422400 0 0 0 0
1608336000 0 0 0 0
1608249600 0 0 0 0
1608163200 0 0 0 0
1608076800 0 0 0 0
1607990400 0 0 0 0
1607904000 0 0 0 0
1607817600 0 0 0 0
1607731200 0 0 0 0
1607644800 0 0 0 0
1607558400 0 0 0 0
1607472000 0 0 0 0
1607385600 0 0 0 0
1607299200 0 0 0 0
1607212800 0 0 0 0
1607126400 0 0 0 0
1607040000 0 0 0 0
1606953600 0 0 0 0
1606867200 0 0 0 0
1606780800 0 0 0 0
1606694400 0 0 0 0
1606608000 0 0 0 0
1606521600 0 0 0 0
1606435200 0 0 0 0
1606348800 0 0 0 0
1606262400 0 0 0 0
1606176000 0 0 0 0
1606089600 0 0 0 0
1606003200 0 0 0 0
1605916800 0 0 0 0
1605830400 0 0 0 0
1605744000 0 0 0 0
1605657600 0 0 0 0
1605571200 0 0 0 0
1605484800 0 0 0 0
1605398400 0 0 0 0
1605312000 0 0 0 0
1605225600 0 0 0 0
1605139200 0 0 0 0
1605052800 0 0 0 0
1604966400 0 0 0 0
1604880000 0 0 0 0
1604793600 0 0 0 0
1604707200 0 0 0 0
1604620800 0 0 0 0
1604534400 0 0 0 0
1604448000 0 0 0 0
1604361600 0 0 0 0
1604275200 0 0 0 0
1604188800 0 0 0 0
1604102400 0 0 0 0
1604016000 0 0 0 0
1603929600 0 0 0 0
1603843200 0 0 0 0
1603756800 0 0 0 0
1603670400 0 0 0 0
1603584000 0 0 0 0
1603497600 0 0 0 0
1603411200 0 0 0 0
1603324800 0 0 0 0
1603238400 0 0 0 0
1603152000 0 0 0 0
1603065600 0 0 0 0
1602979200 0 0 0 0
1602892800 0 0 0 0
1602806400 0 0 0 0
1602720000 0 0 0 0
1602633600 0 0 0 0
1602547200 0 0 0 0
1602460800 0 0 0 0
1602374400 0 0 0 0
1602288000 0 0 0 0
1602201600 0 0 0 0
1602115200 0 0 0 0
1602028800 0 0 0 0
1601942400 0 0 0 0
1601856000 0 0 0 0
1601769600 0 0 0 0
1601683200 0 0 0 0
1601596800 0 0 0 0
1601510400 0 0 0 0
1601424000 0 0 0 0
1601337600 0 0 0 0
1601251200 0 0 0 0
1601164800 0 0 0 0
1601078400 0 0 0 0
1600992000 0 0 0 0
1600905600 0 0 0 0
1600819200 0 0 0 0
1600732800 0 0 0 0
1600646400 0 0 0 0
1600560000 0 0 0 0
1600473600 0 0 0 0
1600387200 0 0 0 0
1600300800 0 0 0 0
1600214400 0 0 0 0
1600128000 0 0 0 0
1600041600 0 0 0 0
1599955200 0 0 0 0
1599868800 0 0 0 0
1599782400 0 0 0 0
1599696000 0 0 0 0
1599609600 0 0 0 0
1599523200 0 0 0 0
1599436800 0 0 0 0
1599350400 0 0 0 0
1599264000 0 0 0 0
1599177600 0 0 0 0
1599091200 0 0 0 0
1599004800 0 0 0 0
1598918400 0 0 0 0
1598832000 0 0 0 0
1598745600 0 0 0 0
1598659200 0 0 0 0
1598572800 0 0 0 0
1598486400 0 0 0 0
1598400000 0 0 0 0
1598313600 0 0 0 0
1598227200 0 0 0 0
1598140800 0 0 0 0
1598054400 0 0 0 0
1597968000 0 0 0 0
1597881600 0 0 0 0
1597795200 0 0 0 0
1597708800 0 0 0 0
1597622400 0 0 0 0
1597536000 0 0 0 0
1597449600 0 0 0 0
1597363200 0 0 0 0
1597276800 0 0 0 0
1597190400 0 0 0 0
1597104000 0 0 0 0
1597017600 0 0 0 0
1596931200 0 0 0 0
1596844800 0 0 0 0
1596758400 0 0 0 0
1596672000 0 0 0 0
1596585600 0 0 0 0
1596499200 0 0 0 0
1596412800 0 0 0 0
1596326400 0 0 0 0
1596240000 0 0 0 0
1596153600 0 0 0 0
1596067200 0 0 0 0
1595980800 0 0 0 0
1595894400 0 0 0 0
1595808000 0 0 0 0
1595721600 0 0 0 0
1595635200 0 0 0 0
1595548800 0 0 0 0
1595462400 0 0 0 0
1595376000 0 0 0 0
1595289600 0 0 0 0
1595203200 0 0 0 0
1595116800 0 0 0 0
1595030400 0 0 0 0
1594944000 0 0 0 0
1594857600 0 0 0 0
1594771200 0 0 0 0
1594684800 0 0 0 0
1594598400 0 0 0 0
1594512000 0 0 0 0
1594425600 0 0 0 0
1594339200 0 0 0 0
1594252800 0 0 0 0
1594166400 0 0 0 0
1594080000 0 0 0 0
1593993600 0 0 0 0
1593907200 0 0 0 0
1593820800 0 0 0 0
1593734400 0 0 0 0
1593648000 0 0 0 0
1593561600 0 0 0 0
1593475200 0 0 0 0
1593388800 0 0 0 0
1593302400 0 0 0 0
1593216000 0 0 0 0
1593129600 0 0 0 0
1593043200 0 0 0 0
1592956800 0 0 0 0
1592870400 0 0 0 0
1592784000 0 0 0 0
1592697600 0 0 0 0
1592611200 0 0 0 0
1592524800 0 0 0 0
1592438400 0 0 0 0
1592352000 0 0 0 0
1592265600 0 0 0 0
1592179200 0 0 0 0
1592092800 0 0 0 0
1592006400 0 0 0 0
1591920000 0 0 0 0
1591833600 0 0 0 0
1591747200 0 0 0 0
1591660800 0 0 0 0
1591574400 0 0 0 0
1591488000 0 0 0 0
1591401600 0 0 0 0
1591315200 0 0 0 0
1591228800 0 0 0 0
1591142400 0 0 0 0
1591056000 0 0 0 0
1590969600 0 0 0 0
1590883200 0 0 0 0
1590796800 0 0 0 0
1590710400 0 0 0 0
1590624000 0 0 0 0
1590537600 0 0 0 0
1590451200 0 0 0 0
1590364800 0 0 0 0
1590278400 0 0 0 0
1590192000 0 0 0 0
1590105600 0 0 0 0
1590019200 0 0 0 0
1589932800 0 0 0 0
1589846400 0 0 0 0
1589760000 0 0 0 0
1589673600 0 0 0 0
1589587200 0 0 0 0
1589500800 0 0 0 0
1589414400 0 0 0 0
1589328000 0 0 0 0
1589241600 0 0 0 0
1589155200 0 0 0 0
1589068800 0 0 0 0
1588982400 0 0 0 0
1588896000 0 0 0 0
1588809600 0 0 0 0
1588723200 0 0 0 0
1588636800 0 0 0 0
1588550400 0 0 0 0
1588464000 0 0 0 0
1588377600 0 0 0 0
1588291200 0 0 0 0
1588204800 0 0 0 0
1588118400 0 0 0 0
1588032000 0 0 0 0
1587945600 0 0 0 0
1587859200 0 0 0 0
1587772800 0 0 0 0
1587686400 0 0 0 0
1587600000 0 0 0 0
1587513600 0 0 0 0
1587427200 0 0 0 0
1587340800 0 0 0 0
1587254400 0 0 0 0
1587168000 0 0 0 0
1587081600 0 0 0 0
1586995200 0 0 0 0
1586908800 0 0 0 0
1586822400 0 0 0 0
1586736000 0 0 0 0
1586649600 0 0 0 0
1586563200 0 0 0 0
1586476800 0 0 0 0
1586390400 0 0 0 0
1586304000 0 0 0 0
1586217600 0 0 0 0
1586131200 0 0 0 0
1586044800 0 0 0 0
1585958400 0 0 0 0
1585872000 0 0 0 0
1585785600 0 0 0 0
1585699200 0 0 0 0
1585612800 0 0 0 0
1585526400 0 0 0 0
1585440000 0 0 0 0
1585353600 0 0 0 0
1585267200 0 0 0 0
1585180800 0 0 0 0
1585094400 0 0 0 0
1585008000 0 0 0 0
1584921600 0 0 0 0
1584835200 0 0 0 0
1584748800 0 0 0 0
1584662400 0 0 0 0
1584576000 0 0 0 0
1584489600 0 0 0 0
1584403200 0 0 0 0
1584316800 0 0 0 0
1584230400 0 0 0 0
1584144000 0 0 0 0
1584057600 0 0 0 0
1583971200 0 0 0 0
1583884800 0 0 0 0
1583798400 0 0 0 0
1583712000 0 0 0 0
1583625600 0 0 0 0
1583539200 0 0 0 0
1583452800 0 0 0 0
1583366400 0 0 0 0
1583280000 0 0 0 0
1583193600 0 0 0 0
1583107200 0 0 0 0
1583020800 0 0 0 0
1582934400 0 0 0 0
1582848000 0 0 0 0
1582761600 0 0 0 0
1582675200 0 0 0 0
1582588800 0 0 0 0
1582502400 0 0 0 0
1582416000 0 0 0 0
1582329600 0 0 0 0
1582243200 0 0 0 0
1582156800 0 0 0 0
1582070400 0 0 0 0
1581984000 0 0 0 0
1581897600 0 0 0 0
1581811200 0 0 0 0
1581724800 0 0 0 0
1581638400 0 0 0 0
1581552000 0 0 0 0
1581465600 0 0 0 0
1581379200 0 0 0 0
1581292800 0 0 0 0
1581206400 0 0 0 0
1581120000 0 0 0 0
1581033600 0 0 0 0
1580947200 0 0 0 0
1580860800 0 0 0 0
1580774400 0 0 0 0
1580688000 0 0 0 0
1580601600 0 0 0 0
1580515200 0 0 0 0
1580428800 0 0 0 0
1580342400 0 0 0 0
1580256000 0 0 0 0
1580169600 0 0 0 0
1580083200 0 0 0 0
1579996800 0 0 0 0
1579910400 0 0 0 0
1579824000 0 0 0 0
1579737600 0 0 0 0
1579651200 0 0 0 0
1579564800 0 0 0 0
1579478400 0 0 0 0
1579392000 0 0 0 0
1579305600 0 0 0 0
1579219200 0 0 0 0
1579132800 0 0 0 0
1579046400 0 0 0 0
1578960000 0 0 0 0
1578873600 0 0 0 0
1578787200 0 0 0 0
1578700800 0 0 0 0
1578614400 0 0 0 0
1578528000 0 0 0 0
1578441600 0 0 0 0
1578355200 0 0 0 0
1578268800 0 0 0 0
1578182400 0 0 0 0
1578096000 0 0 0 0
1578009600 0 0 0 0
1577923200 0 0 0 0
1577836800 0 0 0 0
1577750400 0 0 0 0
1577664000 0 0 0 0
1577577600 0 0 0 0
1577491200 0 0 0 0
1577404800 0 0 0 0
1577318400 0 0 0 0
1577232000 0 0 0 0
1577145600 0 0 0 0
1577059200 0 0 0 0
1576972800 0 0 0 0
1576886400 0 0 0 0
1576800000 0 0 0 0
1576713600 0 0 0 0
1576627200 0 0 0 0
1576540800 0 0 0 0
1576454400 0 0 0 0
1576368000 0 0 0 0
1576281600 0 0 0 0
1576195200 0 0 0 0
1576108800 0 0 0 0
1576022400 0 0 0 0
1575936000 0 0 0 0
1575849600 0 0 0 0
1575763200 0 0 0 0
1575676800 0 0 0 0
1575590400 0 0 0 0
1575504000 0 0 0 0
1575417600 0 0 0 0
1575331200 0 0 0 0
1575244800 0 0 0 0
1575158400 0 0 0 0
1575072000 0 0 0 0
1574985600 0 0 0 0
1574899200 0 0 0 0
1574812800 0 0 0 0
1574726400 0 0 0 0
1574640000 0 0 0 0
1574553600 0 0 0 0
1574467200 0 0 0 0
1574380800 0 0 0 0
1574294400 0 0 0 0
1574208000 0 0 0 0
1574121600 0 0 0 0
1574035200 0 0 0 0
1573948800 0 0 0 0
1573862400 0 0 0 0
1573776000 0 0 0 0
1573689600 0 0 0 0
1573603200 0 0 0 0
1573516800 0 0 0 0
1573430400 0 0 0 0
1573344000 0 0 0 0
1573257600 0 0 0 0
1573171200 0 0 0 0
1573084800 0 0 0 0
1572998400 0 0 0 0
1572912000 0 0 0 0
1572825600 0 0 0 0
1572739200 0 0 0 0
1572652800 0 0 0 0
1572566400 0 0 0 0
1572480000 0 0 0 0
1572393600 0 0 0 0
1572307200 0 0 0 0
1572220800 0 0 0 0
1572134400 0 0 0 0
1572048000 0 0 0 0
1571961600 0 0 0 0
1571875200 0 0 0 0
1571788800 0 0 0 0
1571702400 0 0 0 0
1571616000 0 0 0 0
1571529600 0 0 0 0
1571443200 0 0 0 0
1571356800 0 0 0 0
1571270400 0 0 0 0
1571184000 0 0 0 0
1571097600 0 0 0 0
1571011200 0 0 0 0
1570924800 0 0 0 0
1570838400 0 0 0 0
1570752000 0 0 0 0
1570665600 0 0 0 0
1570579200 0 0 0 0
1570492800 0 0 0 0
1570406400 0 0 0 0
1570320000 0 0 0 0
1570233600 0 0 0 0
1570147200 0 0 0 0
1570060800 0 0 0 0
1569974400 0 0 0 0
1569888000 0 0 0 0
1569801600 0 0 0 0
1569715200 0 0 0 0
1569628800 0 0 0 0
1569542400 0 0 0 0
1569456000 0 0 0 0
1569369600 0 0 0 0
1569283200 0 0 0 0
1569196800 0 0 0 0
1569110400 0 0 0 0
1569024000 0 0 0 0
1568937600 0 0 0 0
1568851200 0 0 0 0
1568764800 0 0 0 0
1568678400 0 0 0 0
1568592000 0 0 0 0
1568505600 0 0 0 0
1568419200 0 0 0 0
1568332800 0 0 0 0
1568246400 0 0 0 0
1568160000 0 0 0 0
1568073600 0 0 0 0
1567987200 0 0 0 0
1567900800 0 0 0 0
1567814400 0 0 0 0
1567728000 0 0 0 0
1567641600 0 0 0 0
1567555200 0 0 0 0
1567468800 0 0 0 0
1567382400 0 0 0 0
1567296000 0 0 0 0
1567209600 0 0 0 0
1567123200 0 0 0 0
1567036800 0 0 0 0
1566950400 0 0 0 0
1566864000 0 0 0 0
1566777600 0 0 0 0
1566691200 0 0 0 0
1566604800 0 0 0 0
1566518400 0 0 0 0
1566432000 0 0 0 0
1566345600 0 0 0 0
1566259200 0 0 0 0
1566172800 0 0 0 0
1566086400 0 0 0 0
1566000000 0 0 0 0
1565913600 0 0 0 0
1565827200 0 0 0 0
1565740800 0 0 0 0
1565654400 0 0 0 0
1565568000 0 0 0 0
1565481600 0 0 0 0
1565395200 0 0 0 0
1565308800 0 0 0 0
1565222400 0 0 0 0
1565136000 0 0 0 0
1565049600 0 0 0 0
1564963200 0 0 0 0
1564876800 0 0 0 0
1564790400 0 0 0 0
1564704000 0 0 0 0
1564617600 0 0 0 0
1564531200 0 0 0 0
1564444800 0 0 0 0
1564358400 0 0 0 0
1564272000 0 0 0 0
1564185600 0 0 0 0
1564099200 0 0 0 0
1564012800 0 0 0 0
1563926400 0 0 0 0
1563840000 0 0 0 0
1563753600 0 0 0 0
1563667200 0 0 0 0
1563580800 0 0 0 0
1563494400 0 0 0 0
1563408000 0 0 0 0
1563321600 0 0 0 0
1563235200 0 0 0 0
1563148800 0 0 0 0
1563062400 0 0 0 0
1562976000 0 0 0 0
1562889600 0 0 0 0
1562803200 0 0 0 0
1562716800 0 0 0 0
1562630400 0 0 0 0
1562544000 0 0 0 0
1562457600 0 0 0 0
1562371200 0 0 0 0
1562284800 0 0 0 0
1562198400 0 0 0 0
1562112000 0 0 0 0
1562025600 0 0 0 0
1561939200 0 0 0 0
1561852800 0 0 0 0
1561766400 0 0 0 0
1561680000 0 0 0 0
1561593600 0 0 0 0
1561507200 0 0 0 0
1561420800 0 0 0 0
1561334400 0 0 0 0
1561248000 0 0 0 0
1561161600 0 0 0 0
1561075200 0 0 0 0
1560988800 0 0 0 0
1560902400 0 0 0 0
1560816000 0 0 0 0
1560729600 0 0 0 0
1560643200 0 0 0 0
1560556800 0 0 0 0
1560470400 0 0 0 0
1560384000 0 0 0 0
1560297600 0 0 0 0
1560211200 0 0 0 0
1560124800 0 0 0 0
1560038400 0 0 0 0
1559952000 0 0 0 0
1559865600 0 0 0 0
1559779200 0 0 0 0
1559692800 0 0 0 0
1559606400 0 0 0 0
1559520000 0 0 0 0
1559433600 0 0 0 0
1559347200 0 0 0 0
1559260800 0 0 0 0
1559174400 0 0 0 0
1559088000 0 0 0 0
1559001600 0 0 0 0
1558915200 0 0 0 0
1558828800 0 0 0 0
1558742400 0 0 0 0
1558656000 0 0 0 0
1558569600 0 0 0 0
1558483200 0 0 0 0
1558396800 0 0 0 0
1558310400 0 0 0 0
1558224000 0 0 0 0
1558137600 0 0 0 0
1558051200 0 0 0 0
1557964800 0 0 0 0
1557878400 0 0 0 0
1557792000 0 0 0 0
1557705600 0 0 0 0
1557619200 0 0 0 0
1557532800 0 0 0 0
1557446400 0 0 0 0
1557360000 0 0 0 0
1557273600 0 0 0 0
1557187200 0 0 0 0
1557100800 0 0 0 0
1557014400 0 0 0 0
1556928000 0 0 0 0
1556841600 0 0 0 0
1556755200 0 0 0 0
1556668800 0 0 0 0
1556582400 0 0 0 0
1556496000 0 0 0 0
1556409600 0 0 0 0
1556323200 0 0 0 0
1556236800 0 0 0 0
1556150400 0 0 0 0
1556064000 0 0 0 0
1555977600 0 0 0 0
1555891200 0 0 0 0
1555804800 0 0 0 0
1555718400 0 0 0 0
1555632000 0 0 0 0
1555545600 0 0 0 0
1555459200 0 0 0 0
1555372800 0 0 0 0
1555286400 0 0 0 0
1555200000 0 0 0 0
1555113600 0 0 0 0
1555027200 0 0 0 0
1554940800 0 0 0 0
1554854400 0 0 0 0
1554768000 0 0 0 0
1554681600 0 0 0 0
1554595200 0 0 0 0
1554508800 0 0 0 0
1554422400 0 0 0 0
1554336000 0 0 0 0
1554249600 0 0 0 0
1554163200 0 0 0 0
1554076800 0 0 0 0
1553990400 0 0 0 0
1553904000 0 0 0 0
1553817600 0 0 0 0
1553731200 0 0 0 0
