1623879901 3797536824 2723102583
1623879901 3712 24578 3712 24578
1623879601 3734 2284 3734 2284
1623879600 3735 2465 4028 29544
1623879300 4028 29465 4061 29544
1623879000 4060 17716 4061 17768
1623878700 4021 2355 4023 2357
1623878400 3595 1781 3596 2195
1623878100 3521 2348 4510 25243
1623877800 4594 25467 29743 92649
1623877500 29697 93565 29743 367593
1623877200 16049 366378 16093 367593
1623876900 2938 3158 2939 3161
1623876600 2861 3370 11934 293211
1623876300 11940 293513 14009 383886
1623876000 14015 384004 15957 419432
1623875700 15874 416828 15957 419432
1623875400 3551 29783 6762 167705
1623875100 6754 167167 6762 167705
1623874800 4614 6564 4616 6576
1623874500 4173 3789 7898 223462
1623874200 7886 222785 7898 223462
1623873900 4333 21354 11559 290152
1623873600 11546 289708 11559 290152
1623873300 7680 156604 7688 156997
1623873000 5575 39275 5581 39385
1623872700 3864 6496 4792 17913
1623872400 4853 19070 23327 365113
1623872100 23206 362717 23327 365113
1623871800 5202 5762 5212 5770
1623871500 3737 4621 4122 6112
1623871200 4121 6114 4122 6761
1623870900 4023 7016 6422 83335
1623870600 6475 85436 22424 713910
1623870300 22474 715260 37479 1119134
1623870000 37487 1119343 39940 1181985
1623869700 39958 1181102 42745 1181985
1623869400 42835 1046810 56386 1049650
1623869100 56917 621158 136153 623702
1623868800 135300 241886 136153 242131
1623868500 8335 205484 9665 228896
1623868200 9657 228688 9665 228896
1623867900 7485 166376 7488 166558
1623867600 6921 112144 17628 161762
1623867300 17577 161883 17628 180043
1623867000 10085 179681 10105 180043
1623866700 7245 126022 11336 160143
1623866400 11316 160164 11336 163399
1623866100 8398 163411 8968 167159
1623865800 8969 167173 9273 171492
1623865500 9275 171494 10036 172128
1623865200 10178 172064 52643 172128
1623864900 52497 153141 52643 207360
1623864600 8980 207053 8989 207360
1623864300 6548 115539 8175 123270
1623864000 8501 125064 57105 392458
1623863700 56781 391602 57105 392458
1623863400 8554 263092 8571 264064
1623863100 6089 119407 14041 418297
1623862800 14061 418630 20153 518246
1623862500 20169 518259 22646 520207
1623862200 22624 520039 22646 520207
1623861900 16088 469798 16089 469953
1623861600 15856 423693 24329 440084
1623861300 24313 440184 24329 470266
1623861000 19576 470799 19894 630222
1623860700 19875 629477 19894 630222
1623860400 14368 406948 14641 407018
1623860100 14643 386269 15325 395519
1623859800 15306 394930 15325 395519
1623859500 9914 218650 9924 218861
1623859200 6996 155808 8175 208723
1623858900 8172 208626 8175 208723
1623858600 7546 179641 7547 179794
1623858300 7501 156791 7504 156871
1623858000 6818 132943 6821 133039
1623857700 6449 118748 7299 122417
1623857400 7297 122386 7299 122417
1623857100 7035 117756 7038 117835
1623856800 6723 105822 6730 106050
1623856500 5695 72001 7506 84712
1623856200 7492 84727 7506 87094
1623855900 5599 87222 12885 106357
1623855600 12848 106330 12885 106357
1623855300 7405 102199 7413 102392
1623855000 6234 73115 6248 73481
1623854700 4312 20877 13899 352120
1623854400 13892 351955 13899 352120
1623854100 11964 302588 12097 302643
1623853800 12063 285146 12097 286314
1623853500 7056 110441 7087 111147
1623853200 2538 5303 3636 5319
1623852900 3638 3250 4051 46267
1623852600 4042 45982 4051 46267
1623852300 2737 3721 3813 24441
1623852000 3886 26599 14802 348238
1623851700 14719 345975 14802 348238
1623851400 2399 8878 2402 8900
1623851100 1692 2534 1856 2822
1623850800 1855 2820 1856 2822
1623850500 1732 2367 1901 3529
1623850200 1904 3535 3012 5449
1623849900 3010 5436 3012 5449
1623849600 2633 1814 2637 1815
1623849300 1703 1742 1704 1746
1623849000 1590 1231 1591 1233
1623848700 1547 1045 1827 1359
1623848400 1824 1357 1827 1359
1623848100 1400 1214 1931 3637
1623847800 1931 3636 2135 3637
1623847500 2132 3366 2135 3374
1623847200 1360 1135 1894 3805
1623846900 1893 3796 1894 3805
1623846600 1826 4528 11132 307315
1623846300 11211 309926 23110 698977
1623846000 23123 699107 25187 718565
1623845700 25170 718130 25187 718565
1623845400 20126 586740 20176 588247
1623845100 5425 136757 9286 229958
1623844800 9277 229769 9286 229958
1623844500 6833 175502 16748 469774
1623844200 16713 468786 16748 469774
1623843900 11620 321254 11640 321583
1623843600 8710 272836 9955 351658
1623843300 9949 351226 9955 351658
1623843000 9036 285232 9074 286886
1623842700 3495 39522 9574 222971
1623842400 9552 222314 9574 222971
1623842100 3096 25783 3105 25946
1623841800 1754 1532 1756 1535
1623841500 1497 1208 1498 1274
1623841200 1385 1277 1545 2274
1623840900 1544 2269 1545 2274
1623840600 1430 1048 1767 2506
1623840300 1766 2501 1767 2506
1623840000 1543 1224 1686 2400
1623839700 1686 2397 1825 2400
1623839400 1826 1635 2221 2747
1623839100 2222 2828 2494 14905
1623838800 2569 16849 13778 306566
1623838500 13759 306111 13778 306566
1623838200 8280 169773 8303 170338
1623837900 1450 1024 1728 1385
1623837600 1732 1393 3041 3994
1623837300 3037 3984 3041 3994
1623837000 2087 1269 2089 2645
1623836700 1784 2635 1786 2645
1623836400 1620 1180 1918 3699
1623836100 1916 3691 1918 3699
1623835800 1356 1395 2312 4928
1623835500 2308 4914 2312 4928
1623835200 1311 1107 3458 53557
1623834900 3460 53544 3804 53557
1623834600 3795 51484 3804 51708
1623834300 2533 18126 2543 18241
1623834000 1133 1116 2010 18895
1623833700 2010 18894 2038 18895
1623833400 2040 18839 2927 36042
1623833100 2927 36049 3205 38302
1623832800 3191 38053 3205 38302
1623832500 1257 1280 3457 34920
1623832200 3461 35029 4666 67721
1623831900 4655 67499 4666 67721
1623831600 1660 1269 1661 1270
1623831300 1453 1236 1912 2706
1623831000 1908 2695 1912 2706
1623830700 1461 1153 1871 2429
1623830400 1870 2429 1871 2698
1623830100 1776 2693 1777 2698
1623829800 1589 1245 1753 2662
1623829500 1751 2651 1753 2662
1623829200 1603 1050 2154 4135
1623828900 2154 4139 2412 5378
1623828600 2411 5378 2412 5447
1623828300 2311 8168 16147 413703
1623828000 16164 414597 18778 547839
1623827700 18779 547847 19008 549153
1623827400 18962 547743 19008 549153
1623827100 5461 126503 10121 218870
1623826800 10107 218696 10121 218870
1623826500 6263 168893 16309 460197
1623826200 16293 459689 16309 460197
1623825900 11544 307685 11551 307909
1623825600 9548 241394 13149 391288
1623825300 13224 393558 24472 731863
1623825000 24390 729148 24472 731863
1623824700 12175 323594 12211 324672
1623824400 1534 1278 1535 2416
1623824100 1512 2416 2000 2537
1623823800 1998 2536 2000 2537
1623823500 1584 2364 1585 2373
1623823200 1489 1050 1669 2787
1623822900 1670 2814 2222 10897
1623822600 2219 10869 2222 10897
1623822300 1523 2508 1524 2514
1623822000 1424 1006 1507 1299
1623821700 1510 1315 2015 3718
1623821400 2015 3721 2148 4261
1623821100 2148 4261 2268 4413
1623820800 2267 4406 2268 4413
1623820500 1968 2502 1970 2503
1623820200 1501 2393 1502 2401
1623819900 1398 1239 1399 1241
1623819600 1303 1327 3603 55573
1623819300 3656 57074 11621 280778
1623819000 11587 279854 11621 280778
1623818700 1635 3671 1636 3680
1623818400 1405 1083 2205 2558
1623818100 2200 2548 2205 2558
1623817800 1598 1134 1642 1734
1623817500 1669 2508 9990 234176
1623817200 9970 233556 9990 234176
1623816900 4064 48133 4071 48289
1623816600 2149 1493 2150 2446
1623816300 1966 2462 2295 7416
1623816000 2294 7405 2295 7416
1623815700 2028 4178 2030 4189
1623815400 1610 1185 2014 1841
1623815100 2014 1844 2073 2891
1623814800 2070 2884 2073 2891
1623814500 1370 1029 1972 4344
1623814200 1972 4345 2061 4837
1623813900 2061 4836 2237 4837
1623813600 2236 4628 2237 4638
1623813300 1971 1652 1972 2501
1623813000 1882 2508 3208 4740
1623812700 3202 4728 3208 4740
1623812400 1453 1213 2225 2907
1623812100 2222 2906 2225 2907
1623811800 1861 2851 1904 5503
1623811500 1900 5473 1904 5503
1623811200 1399 1066 2946 3640
1623810900 2944 3652 2946 5510
1623810600 2834 6977 10610 225596
1623810300 10582 224854 10610 225596
1623810000 2272 3535 7914 155218
1623809700 7966 156782 23678 624426
1623809400 23600 622454 23678 624426
1623809100 12028 328429 12035 328671
1623808800 10177 255810 10187 256111
1623808500 7289 166266 9738 229945
1623808200 9789 231941 17533 529355
1623807900 17507 528910 17533 529355
1623807600 13631 461862 13652 462749
1623807300 7708 200822 26152 809233
1623807000 26127 808169 26152 809233
1623806700 22389 649649 22402 649658
1623806400 18703 645826 18725 647216
1623806100 15422 437424 15464 438779
1623805800 3116 32239 3121 32343
1623805500 1725 1371 2332 1891
1623805200 2335 1919 3296 10353
1623804900 3287 10302 3296 10353
1623804600 1985 2827 1986 2835
1623804300 1881 1652 2188 2032
1623804000 2191 2055 2764 5539
1623803700 2764 5529 2858 5539
1623803400 2863 4188 3611 6088
1623803100 3610 6091 3611 7109
1623802800 3465 7099 3466 7109
1623802500 3328 4346 5466 12468
1623802200 5458 12435 5466 12468
1623801900 3275 6520 21340 578308
1623801600 21255 575512 21340 578308
1623801300 8709 160373 21181 579773
1623801000 21163 579393 21181 579773
1623800700 15926 466750 19356 610218
1623800400 19348 609721 19356 610218
1623800100 18308 538117 29871 896869
1623799800 29855 896560 29871 896869
1623799500 25114 803494 25140 804225
1623799200 17513 585229 20229 629223
1623798900 20152 626745 20229 629223
1623798600 8770 256927 8787 257616
1623798300 3801 51034 3806 51198
1623798000 2378 2039 2786 3688
1623797700 2794 3705 4034 6266
1623797400 4042 6286 5349 9398
1623797100 5339 9388 5349 9398
1623796800 3932 7977 3933 8142
1623796500 3659 8439 7091 97301
1623796200 7114 97579 10579 139081
1623795900 10577 139439 10579 192882
1623795600 10277 191874 10318 192882
1623795300 4287 41925 4766 81303
1623795000 4761 81047 4766 81303
1623794700 3312 5978 9509 195045
1623794400 9492 194514 9509 195045
1623794100 4557 36031 19304 39269
1623793800 19253 40862 19304 278315
1623793500 11722 277550 11748 278315
1623793200 4269 50825 23635 607684
1623792900 23606 606737 23635 607684
1623792600 19266 463005 19367 465709
1623792300 4310 59950 4317 60140
1623792000 2432 3381 2434 3877
1623791700 2223 3928 2560 11673
1623791400 2570 12076 5841 132663
1623791100 5881 133846 18007 487621
1623790800 18073 490323 27920 892994
1623790500 27890 892170 27920 892994
1623790200 23446 769550 23448 776614
1623789900 23041 776027 23056 776614
1623789600 18548 599879 18564 600802
1623789300 16250 462636 17297 500668
1623789000 17269 499698 17297 500668
1623788700 9119 209735 10254 230062
1623788400 10247 230142 10254 242091
1623788100 9352 242034 9512 242091
1623787800 9509 225132 9512 225153
1623787500 8692 219571 10841 283226
1623787200 10794 281395 10841 283226
1623786900 3906 8684 4807 28910
1623786600 4841 30233 9976 227469
1623786300 9947 226369 9976 227469
1623786000 5680 62383 5687 62551
1623785700 3850 12414 4033 12429
1623785400 4033 10244 4150 10257
1623785100 4149 8341 4150 11300
1623784800 4133 11310 4624 14387
1623784500 4662 14426 10334 20348
1623784200 10295 20316 10334 20348
1623783900 4626 15575 4674 15577
1623783600 4668 15243 4674 17936
1623783300 3089 17936 3089 17936
1623783000 3089 17936 3089 17936
1623782700 3092 17898 4181 17936
1623782400 4170 6747 4181 7263
1623782100 2661 7279 3953 12272
1623781800 3951 12263 3953 12272
1623781500 3542 9691 3794 13157
1623781200 3791 13150 3794 13157
1623780900 3399 12147 4197 12150
1623780600 4195 11764 4197 14035
1623780300 3631 14033 4631 14035
1623780000 4630 13642 4631 13651
1623779700 4516 11094 16944 16371
1623779400 16957 16632 18927 55545
1623779100 18895 55407 18927 55545
1623778800 9574 14403 12601 14406
1623778500 12576 13760 12601 15599
1623778200 5310 15866 7305 95929
1623777900 7325 96826 10327 230552
1623777600 10281 229053 10327 230552
1623777300 3543 5761 5362 14508
1623777000 5360 14618 5362 47792
1623776700 4910 49234 11650 264203
1623776400 11638 263919 11650 264203
1623776100 8292 179129 8514 179278
1623775800 8546 135970 13325 313401
1623775500 13317 313363 13325 313401
1623775200 10981 303066 19832 557448
1623774900 19827 557037 19832 557448
1623774600 18709 436418 30806 764335
1623774300 30784 763779 30806 764335
1623774000 24306 596816 24338 597580
1623773700 14763 368324 14781 368643
1623773400 12122 321670 23644 575429
1623773100 23650 575638 24614 606925
1623772800 24596 606371 24614 606925
1623772500 19482 440262 19511 440954
1623772200 10947 233431 10963 233545
1623771900 8690 216429 10758 216549
1623771600 10740 180765 10758 202081
1623771300 8145 202317 9725 237484
1623771000 9719 237329 9725 237484
1623770700 8130 190864 8566 191220
1623770400 8559 137792 8566 137865
1623770100 6758 115935 6764 116022
1623769800 5241 90141 5432 114638
1623769500 5435 114687 6582 129400
1623769200 6576 129456 6582 137807
1623768900 5776 137752 5874 137807
1623768600 5891 121980 8540 215429
1623768300 8528 214898 8540 215429
1623768000 4951 55971 4955 56134
1623767700 3906 7282 3911 7302
1623767400 3218 4395 3835 6831
1623767100 3835 6828 3943 6831
1623766800 3943 6464 4086 7261
1623766500 4109 8172 11219 280613
1623766200 11260 281817 17481 461279
1623765900 17453 460280 17481 461279
1623765600 9155 161197 9178 161727
1623765300 2460 2972 2819 4785
1623765000 2815 4773 2819 4785
1623764700 1677 1355 1678 2024
1623764400 1598 2021 2271 2024
1623764100 2272 1386 2603 2795
1623763800 2601 2803 2603 4014
1623763500 2410 4013 2412 4014
1623763200 2001 3899 2003 3908
1623762900 1605 1415 1619 1416
1623762600 1618 1325 1619 2193
1623762300 1545 2193 1832 2312
1623762000 1832 2308 1834 2312
1623761700 1847 1631 3840 44244
1623761400 3867 45217 8025 190341
1623761100 8006 189834 8025 190341
1623760800 2580 38474 3675 53423
1623760500 3664 53091 3675 53423
1623760200 2153 4072 7501 129760
1623759900 7487 129473 7501 129760
1623759600 3344 44098 5934 128285
1623759300 5944 128514 7556 162650
1623759000 7535 162110 7556 162650
1623758700 1411 962 1870 11689
1623758400 1886 12104 4418 74071
1623758100 4427 74376 7303 165649
1623757800 7265 164552 7303 165649
1623757500 1648 1253 2529 25329
1623757200 2529 25262 2655 25329
1623756900 2651 5370 2655 5396
1623756600 2190 1869 5315 73618
1623756300 5301 73438 5315 73618
1623756000 3357 47318 10794 249457
1623755700 10771 248849 10794 249457
1623755400 3898 66691 3916 67133
1623755100 1328 1022 2406 16716
1623754800 2407 16802 2990 42554
1623754500 2995 42674 4631 78822
1623754200 4643 79378 6486 162351
1623753900 6494 162581 9025 231550
1623753600 9000 230782 9025 231550
1623753300 1840 2116 8977 209627
1623753000 9039 211348 18321 467829
1623752700 18313 467856 18321 471986
1623752400 17120 471204 17146 471986
1623752100 9610 238045 14860 386672
1623751800 14772 384111 14860 386672
1623751500 1720 3609 11798 320251
1623751200 11839 321610 18072 524103
1623750900 18057 523737 18072 524103
1623750600 13755 413053 13797 414432
1623750300 1293 886 1841 2470
1623750000 1839 2465 1841 2470
1623749700 1429 1179 1430 1180
1623749400 1382 973 2171 2748
1623749100 2172 2753 2573 4284
1623748800 2570 4274 2573 4284
1623748500 1725 1463 1726 1465
1623748200 1636 1273 2138 5044
1623747900 2137 5035 2138 5044
1623747600 2111 2909 5002 81555
1623747300 4991 81289 5002 81555
1623747000 1877 1968 1879 1972
1623746700 1482 1002 1510 1003
1623746400 1511 909 2006 3683
1623746100 2008 3682 2412 3683
1623745800 2439 4295 6465 97613
1623745500 6450 97297 6465 97613
1623745200 2232 2918 2370 3075
1623744900 2366 3064 2370 3075
1623744600 1855 1475 1857 1477
1623744300 1517 1178 1589 2087
1623744000 1588 2083 1589 2087
1623743700 1523 1188 1728 1646
1623743400 1726 1643 1728 1646
1623743100 1201 773 1482 1012
1623742800 1490 1031 2821 3880
1623742500 2861 5001 8933 172104
1623742200 8958 173059 16471 458775
1623741900 16482 459036 19985 537313
1623741600 19961 536575 19985 537313
1623741300 13027 316263 13576 362016
1623741000 13536 360817 13576 362016
1623740700 1790 3358 13116 314655
1623740400 13111 314898 13116 351163
1623740100 12410 351719 17462 517963
1623739800 17415 516466 17462 517963
1623739500 3419 70435 9327 269012
1623739200 9300 268119 9327 269012
1623738900 1474 1725 7529 132094
1623738600 7549 132724 10620 226701
1623738300 10570 225469 10620 226701
1623738000 3129 41983 3583 61260
1623737700 3582 61253 3583 61260
1623737400 3561 59888 3577 60282
1623737100 1295 1214 1992 9556
1623736800 1993 9643 2485 35671
1623736500 2490 35820 4274 80528
1623736200 4258 80125 4274 80528
1623735900 1884 20230 2030 21991
1623735600 2027 21922 2030 21991
1623735300 1377 1343 1542 2409
1623735000 1585 3567 8040 176190
1623734700 8035 176218 8040 180494
1623734400 7286 179895 7307 180494
1623734100 1227 1049 2065 1270
1623733800 2059 1268 2065 1270
1623733500 1178 1117 1697 2153
1623733200 1695 2149 1697 2153
1623732900 1288 964 1823 2628
1623732600 1820 2622 1823 2628
1623732300 1074 977 1775 21465
1623732000 1773 21397 1775 21465
1623731700 1310 1218 1670 2373
1623731400 1669 2372 1670 2373
1623731100 1575 2262 1889 4724
1623730800 1886 4708 1889 4724
1623730500 1579 2445 1580 2449
1623730200 1574 1314 1576 1316
1623729900 1229 2128 7593 171180
1623729600 7553 170046 7593 171180
1623729300 1627 1201 1628 1203
1623729000 1486 1041 1488 1043
1623728700 1235 812 1906 2162
1623728400 1907 2170 2490 4724
1623728100 2490 4754 2521 13940
1623727800 2546 14811 10287 275321
1623727500 10361 277656 21506 625648
1623727200 21463 624329 21506 625648
1623726900 15139 427688 15144 427801
1623726600 13685 392792 13724 394094
1623726300 2257 5805 11514 311910
1623726000 11509 311769 11514 311910
1623725700 10204 270518 16886 466009
1623725400 16800 463541 16886 466009
1623725100 4050 97018 8894 263818
1623724800 8868 262942 8894 263818
1623724500 1398 1583 4568 104488
1623724200 4566 104277 4568 104488
1623723900 4263 72429 4280 72899
1623723600 1797 2451 1798 2540
1623723300 1676 2536 1691 2540
1623723000 1697 1439 2625 3683
1623722700 2623 3682 2625 3683
1623722400 2380 3552 2382 3556
1623722100 2054 2564 3117 4274
1623721800 3109 4262 3117 4274
1623721500 1988 2590 2392 2597
1623721200 2390 1657 2392 2586
1623720900 1919 2586 2196 2861
1623720600 2201 2885 3044 6588
1623720300 3054 7025 4622 72269
1623720000 4633 72616 7980 176495
1623719700 7977 176392 7980 176495
1623719400 7310 145040 7336 145885
1623719100 3508 19543 6745 112103
1623718800 6742 112167 6745 121806
1623718500 6435 123261 13064 340069
1623718200 13065 340173 13662 371329
1623717900 13636 370441 13662 371329
1623717600 6041 104534 6058 105180
1623717300 3675 9822 18482 469664
1623717000 18530 471156 33127 917271
1623716700 33143 917423 35628 940212
1623716400 35624 940325 35628 974370
1623716100 34628 973288 34662 974370
1623715800 24510 650166 31420 682672
1623715500 31392 682720 31420 689984
1623715200 27420 690322 67123 791427
1623714900 67002 790290 67123 791427
1623714600 30657 447403 30841 450358
1623714300 3395 8206 13149 316205
1623714000 13118 315181 13149 316205
1623713700 4135 11160 13936 303514
1623713400 13922 303108 13936 303514
1623713100 9855 183287 25646 608360
1623712800 25582 606924 25646 608360
1623712500 16077 392385 16092 393044
1623712200 11585 194883 11594 195511
1623711900 8873 7334 8895 7338
1623711600 5737 6752 5740 8252
1623711300 5033 8215 5042 8252
1623711000 3728 2783 3729 4150
1623710700 3555 4146 3556 4150
1623710400 3398 3178 3400 3961
1623710100 3000 3955 3944 3961
1623709800 3936 2417 3944 3130
1623709500 2865 4720 18545 480309
1623709200 18480 478275 18545 480309
1623708900 8842 174737 8860 175307
1623708600 3638 4562 3639 4663
1623708300 3570 7590 15049 443843
1623708000 15029 443042 15049 443843
1623707700 9155 202521 9186 203735
1623707400 4623 22234 8303 201521
1623707100 8444 201305 50657 201521
1623706800 50398 137770 50657 252170
1623706500 11849 252348 11850 305711
1623706200 11581 304701 11611 305711
1623705900 2896 2892 2897 2901
1623705600 2829 1690 3247 2876
1623705300 3245 2875 3247 2876
1623705000 2853 2741 3179 2742
1623704700 3186 2766 5571 24834
1623704400 5599 26032 9903 204603
1623704100 9880 203946 9903 204603
1623703800 3026 7641 3027 7652
1623703500 2893 4463 2896 4479
1623703200 2538 2189 3427 12516
1623702900 3464 13903 9117 220589
1623702600 9186 221781 19558 399466
1623702300 19555 399782 19558 494458
1623702000 18769 491210 18851 494458
1623701700 6681 7366 13812 24342
1623701400 13796 25074 13812 244220
1623701100 9164 246166 18745 536144
1623700800 18706 534378 18745 536144
1623700500 7244 6643 11668 16385
1623700200 11648 16354 11668 16385
1623699900 5893 6095 35577 52280
1623699000 13591 25305 35577 83264
1623697200 4826 29917 6693 83264
1623695400 18383 498690 30735 911887
1623693600 16003 458367 26954 819032
1623691800 7554 122996 8720 143561
1623690000 9398 164886 11615 233677
1623688200 7267 104694 9269 181856
1623686400 9269 181856 9269 181856
1623684600 9269 181856 9269 181856
1623682800 9269 181856 9269 181856
1623681000 9269 181856 9269 181856
1623679200 9269 181856 9269 181856
1623677400 9269 181856 9269 181856
1623675600 9269 181856 9269 181856
1623673800 9269 181856 9269 181856
1623672000 9269 181856 9269 181856
1623670200 9269 181856 9269 181856
1623668400 9269 181856 9269 181856
1623666600 9269 181856 9269 181856
1623664800 9269 181856 9269 181856
1623663000 9269 181856 9269 181856
1623661200 9269 181856 9269 181856
1623659400 9269 181856 9269 181856
1623657600 9269 181856 9269 181856
1623655800 9269 181856 9269 181856
1623654000 9269 181856 9269 181856
1623652200 9269 181856 9269 181856
1623650400 9269 181856 9269 181856
1623648600 9269 181856 9269 181856
1623646800 9269 181856 9269 181856
1623645000 9269 181856 9269 181856
1623643200 9269 181856 9269 181856
1623641400 9269 181856 9269 181856
1623639600 9269 181856 9269 181856
1623637800 9269 181856 9269 181856
1623636000 9269 181856 9269 181856
1623634200 9269 181856 9269 181856
1623632400 9269 181856 9269 181856
1623630600 9269 181856 9269 181856
1623628800 9269 181856 9269 181856
1623627000 9269 181856 9269 181856
1623625200 9269 181856 9269 181856
1623623400 9269 181856 9269 181856
1623621600 9269 181856 9269 181856
1623619800 9269 181856 9269 181856
1623618000 9269 181856 9269 181856
1623616200 9269 181856 9269 181856
1623614400 9269 181856 9269 181856
1623612600 9269 181856 9269 181856
1623610800 9269 181856 9269 181856
1623609000 9269 181856 9269 181856
1623607200 9269 181856 9269 181856
1623605400 9269 181856 9269 181856
1623603600 9269 181856 9269 181856
1623601800 9269 181856 9269 181856
1623600000 9269 181856 9269 181856
1623598200 9269 181856 9269 181856
1623596400 9269 181856 9269 181856
1623594600 9269 181856 9269 181856
1623592800 9269 181856 9269 181856
1623591000 9269 181856 9269 181856
1623589200 9269 181856 9269 181856
1623587400 9269 181856 9269 181856
1623585600 9269 181856 9269 181856
1623583800 9269 181856 9269 181856
1623582000 9269 181856 9269 181856
1623580200 9269 181856 9269 181856
1623578400 9269 181856 9269 181856
1623576600 9269 181856 9269 181856
1623574800 9269 181856 9269 181856
1623573000 9269 181856 9269 181856
1623571200 9269 181856 9269 181856
1623569400 9269 181856 9269 181856
1623567600 9269 181856 9269 181856
1623565800 9269 181856 9269 181856
1623564000 9269 181856 9269 181856
1623562200 9269 181856 9269 181856
1623560400 9269 181856 9269 181856
1623558600 9269 181856 9269 181856
1623556800 9269 181856 9269 181856
1623555000 9269 181856 9269 181856
1623553200 9269 181856 9269 181856
1623551400 9269 181856 9269 181856
1623549600 9269 181856 9269 181856
1623547800 9269 181856 9269 181856
1623546000 9269 181856 9269 181856
1623544200 9269 181856 9269 181856
1623542400 9269 181856 9269 181856
1623540600 9269 181856 9269 181856
1623538800 9269 181856 9269 181856
1623537000 9269 181856 9269 181856
1623535200 9269 181856 9269 181856
1623533400 9269 181856 9269 181856
1623531600 9269 181856 9269 181856
1623529800 9269 181856 9269 181856
1623528000 9269 181856 9269 181856
1623526200 9269 181856 9269 181856
1623524400 9269 181856 9269 181856
1623522600 9269 181856 9269 181856
1623520800 9269 181856 9269 181856
1623519000 9269 181856 9269 181856
1623517200 9269 181856 9269 181856
1623515400 9269 181856 9269 181856
1623513600 9269 181856 9269 181856
1623511800 9269 181856 9269 181856
1623510000 9269 181856 9269 181856
1623508200 9269 181856 9269 181856
1623506400 9269 181856 9269 181856
1623504600 9269 181856 9269 181856
1623502800 9269 181856 9269 181856
1623501000 9269 181856 9269 181856
1623499200 9269 181856 9269 181856
1623497400 9269 181856 9269 181856
1623495600 9269 181856 9269 181856
1623493800 9269 181856 9269 181856
1623492000 9269 181856 9269 181856
1623490200 9269 181856 9269 181856
1623488400 9269 181856 9269 181856
1623486600 9269 181856 9269 181856
1623484800 9269 181856 9269 181856
1623483000 9269 181856 9269 181856
1623481200 9269 181856 9269 181856
1623479400 9269 181856 9269 181856
1623477600 9269 181856 9269 181856
1623475800 9269 181856 9269 181856
1623474000 9269 181856 9269 181856
1623472200 9269 181856 9269 181856
1623470400 9269 181856 9269 181856
1623468600 9269 181856 9269 181856
1623466800 9269 181856 9269 181856
1623465000 9269 181856 9269 181856
1623463200 9269 181856 9269 181856
1623461400 9269 181856 9269 181856
1623459600 9269 181856 9269 181856
1623457800 9269 181856 9269 181856
1623456000 9269 181856 9269 181856
1623454200 9269 181856 9269 181856
1623452400 9269 181856 9269 181856
1623450600 9269 181856 9269 181856
1623448800 9269 181856 9269 181856
1623447000 9269 181856 9269 181856
1623445200 9269 181856 9269 181856
1623443400 9269 181856 9269 181856
1623441600 9269 181856 9269 181856
1623439800 9269 181856 9269 181856
1623438000 9269 181856 9269 181856
1623436200 9269 181856 9269 181856
1623434400 9269 181856 9269 181856
1623432600 9269 181856 9269 181856
1623430800 9269 181856 9269 181856
1623429000 9269 181856 9269 181856
1623427200 9269 181856 9269 181856
1623425400 9269 181856 9269 181856
1623423600 9269 181856 9269 181856
1623421800 9269 181856 9269 181856
1623420000 9269 181856 9269 181856
1623418200 9269 181856 9269 181856
1623416400 9269 181856 9269 181856
1623414600 9269 181856 9269 181856
1623412800 9269 181856 9269 181856
1623411000 9269 181856 9269 181856
1623409200 9269 181856 9269 181856
1623407400 9269 181856 9269 181856
1623405600 9269 181856 9269 181856
1623403800 9269 181856 9269 181856
1623402000 9269 181856 9269 181856
1623400200 9269 181856 9269 181856
1623398400 9269 181856 9269 181856
1623396600 9269 181856 9269 181856
1623394800 9269 181856 9269 181856
1623393000 9269 181856 9269 181856
1623391200 9269 181856 9269 181856
1623389400 9269 181856 9269 181856
1623387600 9269 181856 9269 181856
1623385800 9269 181856 9269 181856
1623384000 9269 181856 9269 181856
1623382200 9269 181856 9269 181856
1623380400 9269 181856 9269 181856
1623378600 9269 181856 9269 181856
1623376800 9269 181856 9269 181856
1623375000 9269 181856 9269 181856
1623373200 9269 181856 9269 181856
1623371400 9269 181856 9269 181856
1623369600 9269 181856 9269 181856
1623367800 9269 181856 9269 181856
1623366000 9269 181856 9269 181856
1623364200 9269 181856 9269 181856
1623362400 9269 181856 9269 181856
1623360600 9269 181856 9269 181856
1623358800 9269 181856 9269 181856
1623357000 9269 181856 9269 181856
1623355200 9269 181856 9269 181856
1623353400 9269 181856 9269 181856
1623351600 9269 181856 9269 181856
1623349800 9269 181856 9269 181856
1623348000 9269 181856 9269 181856
1623346200 10183 212798 14779 368425
1623344400 7117 82019 10782 200261
1623342600 11418 194167 23682 458873
1623340800 11248 230494 14915 312476
1623339000 6631 102905 12936 317380
1623337200 7932 160235 15738 407387
1623335400 10868 209170 19966 485349
1623333600 9068 171056 14299 301598
1623331800 4403 64005 9391 205347
1623330000 9101 213576 18704 528108
1623328200 11307 314685 18748 585582
1623326400 2230 9020 5933 113467
1623324600 3410 35079 5933 113467
1623322800 9512 232115 15127 406447
1623321000 12213 318122 18951 604524
1623319200 4243 74400 9058 237350
1623317400 2384 4813 2911 7720
1623315600 3012 31833 6093 119142
1623313800 5838 101962 8388 137401
1623312000 4513 72988 10055 221731
1623310200 2362 2633 2720 4220
1623308400 3876 56900 16700 495465
1623306600 17755 506167 27614 792137
1623304800 5642 125748 7927 216483
1623303000 16803 469535 30821 893525
1623301200 8595 222729 20099 635321
1623299400 7174 154733 14214 361707
1623297600 4045 60707 9416 220905
1623295800 19616 376003 45218 810314
1623294000 11258 273607 18995 577908
1623292200 6849 93892 14859 450794
1623290400 2563 3859 3152 9397
1623288600 2597 3612 3145 8564
1623286800 2852 3380 3297 6806
1623285000 14454 357122 26048 728732
1623283200 15097 388399 23782 558543
1623281400 11121 247362 23782 607938
1623279600 5456 49955 18883 418521
1623277800 10520 198323 18883 418521
1623276000 5728 55814 12381 291715
1623274200 18642 438109 37547 1142974
1623272400 13664 371247 18748 529701
1623270600 8301 150702 10350 189887
1623268800 4329 12952 5274 53054
1623267000 7372 98703 15432 346507
1623265200 5139 6122 8198 8764
1623263400 7946 48008 17626 236144
1623261600 9001 93752 26022 279952
1623259800 43011 250032 82313 541322
1623258000 43266 172015 115262 282042
1623256200 23160 504003 39239 904312
1623254400 23430 519535 39726 904312
1623252600 9105 180670 11323 246079
1623250800 5343 67402 6877 138040
1623249000 4358 13935 6762 47232
1623247200 5344 55257 11142 202966
1623245400 2176 2802 2570 4548
1623243600 2559 15849 5510 85690
1623241800 5303 87605 9488 208944
1623240000 3442 37521 6306 130533
1623238200 2760 10078 4027 42434
1623236400 3681 46672 11169 266962
1623234600 5576 100162 8631 196609
1623232800 4825 76966 9955 219759
1623231000 17045 449683 27586 786460
1623229200 11003 282119 15079 414573
1623227400 6966 123535 10949 220141
1623225600 3637 42189 4866 84581
1623223800 2290 3055 3048 5569
1623222000 3631 38750 10429 233937
1623220200 13499 346442 19336 532886
1623218400 10373 262724 16958 440377
1623216600 14523 372154 21822 601401
1623214800 11343 291287 18146 483014
1623213000 10052 242802 20245 558924
1623211200 11225 281810 23836 702781
1623209400 7518 138582 19358 527851
1623207600 2836 2028 4053 4855
1623205800 15758 368797 35167 949489
1623204000 11032 271421 16262 491827
1623202200 11282 270691 19202 542379
1623200400 4744 65862 11379 254576
1623198600 19151 456913 29405 734281
1623196800 11442 166595 20273 423107
1623195000 18944 458235 31194 814510
1623193200 10124 119154 21789 343017
1623191400 9348 172165 15713 359885
1623189600 7107 92658 12630 258353
1623187800 7885 132724 18404 461813
1623186000 5049 38867 10048 154842
1623184200 9590 149942 19675 434859
1623182400 72199 136829 170771 324109
1623180600 26881 272280 83459 487394
1623178800 15036 283472 19309 497599
1623177000 14664 374107 18723 518218
1623175200 20941 599879 25978 737968
1623173400 11300 222422 13206 273985
1623171600 6917 93191 9912 172115
1623169800 11294 241117 19914 421917
1623168000 8991 186779 13505 283253
1623166200 12002 288111 16422 436323
1623164400 10637 286962 13461 363855
1623162600 10620 271963 16213 467229
1623160800 13010 318173 20203 552802
1623159000 11377 293744 18092 545897
1623157200 8441 182552 17816 456787
1623155400 12075 289726 17816 456787
1623153600 7675 185126 12492 323815
1623151800 1845 1759 2730 4048
1623150000 5557 105908 15457 420483
1623148200 12816 326371 20876 589148
1623146400 8211 196344 14953 453587
1623144600 4073 39943 10491 222235
1623142800 3991 39394 9544 209442
1623141000 3966 36518 10057 202379
1623139200 2354 2390 3116 4161
1623137400 2301 2263 3304 4349
1623135600 2089 1865 2584 2884
1623133800 3711 50061 14768 495695
1623132000 10182 311124 15607 495695
1623130200 13336 342945 21785 581102
1623128400 13979 374507 18625 488468
1623126600 3886 29956 8219 161004
1623124800 3267 12450 16582 402170
1623123000 13297 324198 20862 586655
1623121200 12016 303022 17269 446009
1623119400 3241 4732 4246 8095
1623117600 4135 4563 11104 222249
1623115800 5410 47487 11104 222249
1623114000 11403 102093 32256 366187
1623112200 9572 179036 20317 492788
1623110400 6040 82414 11805 224314
1623108600 20079 372513 42192 857862
1623106800 15963 376508 22244 558750
1623105000 9879 147330 15928 378201
1623103200 9697 147369 22588 459679
1623101400 10200 209912 17256 451001
1623099600 75343 140469 250095 307530
1623097800 9036 163238 17319 400407
1623096000 11213 225932 17190 477153
1623094200 9851 192469 20153 605845
1623092400 14059 408600 17942 574249
1623090600 13172 351043 15466 428265
1623088800 13158 352543 16934 459718
1623087000 9410 202994 13801 340342
1623085200 12811 306199 13801 340342
1623083400 7898 161907 10795 310810
1623081600 7698 121849 8992 167187
1623079800 5920 45532 7991 94931
1623078000 3671 6861 6179 13759
1623076200 2523 3469 3237 4905
1623074400 3407 45666 9909 224586
1623072600 11611 306960 29951 878211
1623070800 10205 283773 24314 785763
1623069000 8144 217929 24314 785763
1623067200 1776 4326 1977 5861
1623065400 9295 239461 25103 750658
1623063600 7019 174575 21872 685852
1623061800 6746 174275 21872 685852
1623060000 2683 29051 6775 138269
1623058200 8389 202438 24465 696098
1623056400 7077 169000 19722 590954
1623054600 7208 181205 19722 590954
1623052800 3016 42121 8526 201618
1623051000 4302 80277 8526 201618
1623049200 2197 26455 11162 275531
1623047400 9069 224608 19719 532304
1623045600 8147 208969 13611 354714
1623043800 6815 170076 15852 459218
1623042000 6707 166093 13075 368317
1623040200 9908 266707 20690 543280
1623038400 2745 36672 9071 211307
1623036600 1743 1689 2858 3495
1623034800 5296 110654 12060 330093
1623033000 10388 268816 17741 541219
1623031200 3446 34998 9430 198420
1623029400 2678 27984 5134 106796
1623027600 5560 118161 21356 616811
1623025800 16990 482595 30632 902912
1623024000 5782 138392 18407 529540
1623022200 16410 455328 30207 885022
1623020400 3557 67742 7567 217774
1623018600 1800 2613 3219 42231
1623016800 3263 50293 10286 248662
1623015000 4044 71307 8485 208777
1623013200 5013 109304 20698 627029
1623011400 16789 479537 30517 901830
1623009600 3443 65853 12149 292961
1623007800 5115 99585 12149 292961
1623006000 1366 1477 1998 3880
1623004200 1696 2576 2000 24593
1623002400 4725 95077 14452 392937
1623000600 14303 399875 27651 806638
1622998800 4970 120467 21014 595176
1622997000 15524 425992 29221 815070
1622995200 5490 133515 9344 207841
1622993400 6883 145976 11803 283603
1622991600 4406 87442 14975 391006
1622989800 17333 480318 30723 907754
1622988000 7237 189240 12301 325586
1622986200 2031 20562 5190 117085
1622984400 1323 1198 1790 3715
1622982600 3072 38991 9541 218469
1622980800 1430 1693 2106 3849
1622979000 1455 1910 2540 3982
1622977200 1552 1957 3471 56433
1622975400 11915 316854 28818 877297
1622973600 4852 109465 11376 325138
1622971800 6177 149251 16109 492999
1622970000 3192 44921 7299 143258
1622968200 8741 223558 28095 845742
1622966400 4738 103438 21399 690292
1622964600 7646 207620 21399 690292
1622962800 1496 1928 1868 3686
1622961000 1643 1667 2257 2590
1622959200 1583 1909 2257 3521
1622957400 2807 35673 5753 125818
1622955600 2468 23322 5430 97729
1622953800 2164 16293 5091 89964
1622952000 1881 1921 10310 205277
1622950200 3145 37998 10310 205277
1622948400 1573 1729 2119 3406
1622946600 10857 289216 29242 880948
1622944800 7011 175930 22811 711251
1622943000 8011 218107 22811 711251
1622941200 2832 35149 7919 188899
1622939400 2203 6803 2800 17416
1622937600 2998 37909 9284 207104
1622935800 2902 35423 8916 198970
1622934000 1789 2142 2609 3513
1622932200 8254 197302 26393 745964
1622930400 6036 141444 17138 494029
1622928600 8663 227003 17473 513893
1622926800 1542 1488 2524 2778
1622925000 1544 2063 1842 3687
1622923200 1670 2404 2164 5850
1622921400 1885 3641 6704 192435
1622919600 5761 118923 24387 740292
1622917800 16985 486164 32079 929517
1622916000 1943 18469 4249 101669
1622914200 1613 1909 1855 2830
1622912400 6027 133704 26240 784963
1622910600 18096 540493 27425 857280
1622908800 5271 124664 13387 385187
1622907000 5016 66229 11895 281603
1622905200 2838 40127 5298 119335
1622903400 6509 142449 15129 374857
1622901600 4225 82920 26827 852261
1622899800 18749 557654 31578 972541
1622898000 5652 127415 28248 836860
1622896200 19788 576427 30249 921153
1622894400 3680 79900 8527 258741
1622892600 4762 86049 9874 241606
1622890800 1562 2403 2251 5329
1622889000 1660 2206 2471 3961
1622887200 1623 2095 4025 66399
1622885400 7660 177349 20355 568729
1622883600 5509 112682 24684 694597
1622881800 17916 423671 24684 694597
1622880000 3423 80713 10307 300112
1622878200 4923 96534 10307 300112
1622876400 1744 3264 11029 240861
1622874600 12431 326311 24359 738942
1622872800 6746 187183 15002 528033
1622871000 3483 51197 10162 262614
1622869200 1569 1645 2092 3576
1622867400 1678 1708 1997 3576
1622865600 1494 1489 1884 3678
1622863800 1591 1810 1914 3678
1622862000 2167 4247 3242 8122
1622860200 11434 298716 28089 795718
1622858400 15133 420354 25295 739388
1622856600 10406 255739 25295 739388
1622854800 2320 3091 2703 5631
1622853000 13310 312612 33971 888362
1622851200 15281 422534 26381 825164
1622849400 26840 782913 36092 1037609
1622847600 23343 691283 26797 822440
1622845800 22660 657646 28683 847539
1622844000 15060 386079 29575 901449
1622842200 14033 381785 21573 607534
1622840400 9624 254878 19032 631513
1622838600 12455 360019 19853 584939
1622836800 3168 23729 5338 123760
1622835000 4059 8242 5809 16839
1622833200 5581 43967 11978 226515
1622831400 5314 61124 12404 291465
1622829600 3658 32767 9240 205379
1622827800 7995 161103 14761 330589
1622826000 20105 603368 31249 1030983
1622824200 8442 194992 9695 244142
1622822400 6225 109166 10196 214879
1622820600 4689 49591 7192 192152
1622818800 4131 69491 8596 214240
1622817000 15059 433745 23492 721881
1622815200 10909 319925 17729 523940
1622813400 7699 235748 12856 473833
1622811600 1962 2433 2086 3089
1622809800 3217 42443 10921 246044
1622808000 2923 30710 7475 168885
1622806200 2134 14287 4182 77795
1622804400 7154 184238 17600 511683
1622802600 14053 423215 23190 714106
1622800800 6014 125332 21291 639075
1622799000 12808 412732 21291 639075
1622797200 5902 153848 13366 405229
1622795400 1770 1755 2166 3059
1622793600 3514 42145 8453 190737
1622791800 2049 1846 2552 3228
1622790000 3381 47992 18290 611437
1622788200 16306 488148 24233 683719
1622786400 8815 231218 19582 602434
1622784600 1748 2159 2079 2908
1622782800 1963 2612 3318 6102
1622781000 3548 49169 7029 151994
1622779200 2466 3840 9849 226949
1622777400 15290 495816 21207 709503
1622775600 13596 423918 20892 673601
1622773800 5506 125095 12335 433243
1622772000 3646 43186 10056 247669
1622770200 10686 283330 23645 699291
1622768400 13656 416667 19492 653163
1622766600 8907 251448 17992 653163
1622764800 2279 2944 11643 288684
1622763000 14244 435397 20238 670259
1622761200 14189 417565 18829 500912
1622759400 8975 239395 11997 369286
1622757600 5361 108792 14930 415468
1622755800 2311 2851 2804 4673
1622754000 2623 3810 3159 6063
1622752200 2893 4121 3236 6063
1622750400 3243 39634 10329 241289
1622748600 5278 53567 10329 241289
1622746800 6891 121853 11140 350203
1622745000 14610 433842 22090 699163
1622743200 12664 292312 22300 541382
1622741400 10306 230857 25938 862772
1622739600 16012 495006 25938 862772
1622737800 7506 160299 9077 201330
1622736000 6357 103727 9077 112668
1622734200 4341 13200 5599 44594
1622732400 7917 159202 18816 490164
1622730600 12755 296676 28065 760897
1622728800 8963 189159 21924 664676
1622727000 18605 555049 25567 763625
1622725200 9821 257161 15083 447951
1622723400 3468 50859 11684 275526
1622721600 3337 41037 10403 230503
1622719800 11566 287698 25179 672578
1622718000 6178 142305 18436 655010
1622716200 6686 183616 18436 655010
1622714400 1563 1685 5880 117616
1622712600 3677 49697 5880 117616
1622710800 12558 298076 25887 706341
1622709000 4179 86420 16476 501192
1622707200 4843 121535 13200 439574
1622705400 12798 366924 30282 882189
1622703600 2451 40426 7814 235603
1622701800 1354 1816 1498 2706
1622700000 1461 1303 1857 2443
1622698200 2641 30081 7474 156802
1622696400 1416 1903 2066 4581
1622694600 1544 2211 2066 3729
1622692800 1476 1683 1929 2619
1622691000 1851 1976 2218 2744
1622689200 1800 1824 2114 2651
1622687400 1942 2663 2287 5224
1622685600 1767 2349 2074 4134
1622683800 2916 33275 7319 188301
1622682000 5463 71771 10981 221645
1622680200 3914 18212 5512 77550
1622678400 12081 286257 27090 766187
1622676600 24717 661371 35782 1024007
1622674800 8566 189581 16435 439744
1622673000 10169 207052 22960 589570
1622671200 24694 663247 32616 804703
1622669400 26624 756589 32303 930339
1622667600 30669 109154 82960 504658
1622665800 12460 312243 23577 504658
1622664000 5498 116193 8627 252883
1622662200 3067 8324 3697 21043
1622660400 14095 110512 54371 314217
1622658600 3661 16733 4253 80533
1622656800 3076 7464 3623 28360
1622655000 8837 193199 13963 367016
1622653200 13416 356497 17284 503498
1622651400 19930 163187 76567 263696
1622649600 5232 87733 6143 112797
1622647800 4432 66460 10053 195240
1622646000 7247 143713 10986 298553
1622644200 4889 62171 10986 277754
1622642400 2059 4663 8877 249902
1622640600 2818 43209 8877 249902
1622638800 1383 1831 1526 2392
1622637000 5990 134295 14265 406693
1622635200 2942 38576 17894 534025
1622633400 13719 394950 24372 739912
1622631600 2187 26320 11429 277818
1622629800 5644 117241 14035 365676
1622628000 3306 49754 7480 167408
1622626200 4808 97221 5991 136177
1622624400 3706 66279 8150 194835
1622622600 21654 634440 32182 917228
1622620800 15918 430449 22888 610966
1622619000 7989 178427 27912 771012
1622613600 10688 278733 32852 934094
1622606400 8177 191744 30290 883862
1622599200 6335 121787 24608 652510
1622592000 13745 355898 31673 932843
1622584800 4386 47283 12613 304556
1622577600 11847 292627 40967 1198865
1622570400 8426 150789 26326 747093
1622563200 14185 402169 25334 730602
1622556000 1809 10538 5545 174439
1622548800 1920 11341 9747 229237
1622541600 6915 163601 31948 943366
1622534400 6292 143977 33241 976851
1622527200 3387 59822 23641 693530
1622520000 9371 236775 28499 857831
1622512800 4624 91352 19566 545001
1622505600 15939 367191 44026 1061414
1622498400 10093 174747 30198 794726
1622491200 9091 133778 23817 650439
1622484000 16271 326041 42018 731492
1622476800 6271 96346 14368 407862
1622469600 7928 197251 30258 898110
1622462400 3663 65757 19834 611744
1622455200 5172 112810 27569 773178
1622448000 3855 78928 16110 491592
1622440800 7223 182555 26959 783227
1622433600 1579 2265 3306 9169
1622426400 2227 23393 9474 218227
1622419200 3084 46407 8979 200636
1622412000 2446 31900 12852 360222
1622404800 7138 168012 23537 647972
1622397600 12760 351855 28760 840079
1622390400 2375 23850 13270 302140
1622383200 5287 115762 21551 592153
1622376000 6140 140104 23344 635481
1622368800 6561 151855 25289 700035
1622361600 6140 149788 21235 639221
1622354400 9967 258265 25620 706766
1622347200 2955 49093 19980 558964
1622340000 9468 236782 27516 785704
1622332800 6352 151663 26378 753056
1622325600 8819 230236 27506 839364
1622318400 3658 64297 13481 332933
1622311200 8762 228766 28369 845608
1622304000 10071 274922 23669 729311
1622296800 3374 56519 11870 292094
1622289600 11604 319121 27469 791771
1622282400 2559 29536 9505 217174
1622275200 5769 145108 24364 748380
1622268000 2755 39532 10950 268590
1622260800 7855 201215 27888 864698
1622253600 8471 211372 28513 854434
1622246400 1964 4730 3769 9121
1622239200 4866 70831 20502 329618
1622232000 10293 305325 30805 1012092
1622224800 3538 45916 10355 314683
1622217600 3538 54015 10474 275776
1622210400 7082 170784 29950 849158
1622203200 2026 14390 9697 272630
1622196000 7024 170168 29190 848254
1622188800 6648 156257 28218 849502
1622181600 7423 181111 28614 821930
1622174400 3934 66411 15530 396252
1622167200 7243 114633 30508 722480
1622160000 10691 256411 27382 767746
1622152800 9251 152223 23022 480838
1622145600 11368 268246 40462 1073143
1622138400 8826 194138 19074 561928
1622131200 7433 162366 21550 612570
1622124000 8356 214402 29338 876875
1622116800 1937 13670 3845 57917
1622109600 7416 183148 26574 788903
1622102400 7193 181663 24277 796033
1622095200 6174 140376 23589 666026
1622088000 6964 149923 24935 712421
1622080800 10506 232225 25718 706286
1622073600 9117 187879 30285 801157
1622066400 8067 133470 33142 647481
1622059200 5106 38052 12089 230098
1622052000 13269 335607 35092 1024369
1622044800 7449 185768 19242 608830
1622037600 6137 153137 20020 648610
1622030400 7073 180010 28824 832036
1622023200 8594 222038 29177 911169
1622016000 7010 177343 29486 912778
1622008800 7443 177705 33769 986119
1622001600 2670 27082 7629 162934
1621994400 8555 155216 30498 738550
1621987200 8561 178613 20509 527647
1621980000 4480 47489 12089 346505
1621972800 9630 182701 24569 444212
1621965600 15417 291695 54900 1097717
1621958400 8439 146466 24601 613723
1621951200 8817 230547 34937 1062856
1621944000 10854 295721 32459 956663
1621936800 2505 30304 7429 187031
1621929600 9372 247764 26474 752853
1621922400 9412 238547 18471 530517
1621915200 4709 100305 14059 396988
1621908000 7236 178870 28251 850784
1621900800 5144 101341 18409 491497
1621893600 12039 350005 30899 1032166
1621886400 4344 54370 21389 516118
1621879200 10939 143227 77026 477972
1621872000 7442 182657 22211 624302
1621864800 8109 214105 22662 675123
1621857600 3698 69834 13149 383786
1621850400 6500 152117 21176 632737
1621843200 5537 124496 25911 764674
1621836000 2068 23962 13349 369820
1621828800 5092 111143 25687 717661
1621821600 9114 240387 22499 632554
1621814400 1487 2631 5240 90588
1621807200 3174 50085 22210 655580
1621800000 11479 311233 27767 813829
1621792800 5579 124446 21416 597235
1621785600 1921 11257 9071 224129
1621778400 7784 190079 16194 418151
1621771200 7541 186942 25195 729908
1621764000 7541 185326 23640 689717
1621756800 6193 153415 20803 645624
1621749600 4580 90706 21626 626051
1621742400 5510 123166 23530 715434
1621735200 6076 146747 26420 780130
1621728000 6173 152485 27434 790773
1621720800 6553 160717 26490 780881
1621713600 1916 5955 4195 61767
1621706400 7856 197368 27011 788133
1621699200 6537 149892 26587 760580
1621692000 7259 171999 27718 810064
1621684800 1838 3348 2861 9050
1621677600 1773 4041 12694 342867
1621670400 6650 161636 25320 743680
1621663200 6779 160696 26193 770611
1621656000 11865 311022 23975 695782
1621648800 5334 88439 24800 725466
1621641600 12641 293654 44548 998318
1621634400 4108 60306 15457 362132
1621627200 7568 141724 18214 415152
1621620000 13761 294630 40520 1197740
1621612800 4462 71468 12038 304649
1621605600 5136 109625 20783 572546
1621598400 5746 124451 26568 743709
1621591200 8481 222025 27014 794850
1621584000 2133 15138 9817 247216
1621576800 8068 194919 23860 697299
1621569600 1686 3436 8372 179192
1621562400 5545 70672 34577 216606
1621555200 12120 278731 24671 708339
1621548000 3031 25337 10449 263771
1621540800 12283 292643 34766 948198
1621533600 7215 119505 23270 587722
1621526400 8241 215964 35430 799843
1621519200 9150 215741 28314 786634
1621512000 11018 310855 29298 887319
1621504800 1852 3747 2796 11258
1621497600 7590 185723 24119 689167
1621490400 4516 75002 25685 720804
1621483200 7904 182896 25685 720804
1621476000 17102 423390 30377 936648
1621468800 6133 115529 40899 1141177
1621461600 10434 204031 40899 1141177
1621454400 5708 69631 23095 347760
1621447200 40026 421036 230721 1065454
1621440000 10338 235114 41982 930904
1621432800 8916 206720 30333 866869
1621425600 3324 29445 21476 586831
1621418400 12408 297238 31776 911255
1621411200 7630 191657 23973 741949
1621404000 7662 163019 19464 566908
1621396800 8628 210919 22935 656853
1621389600 17384 298410 117834 946201
1621382400 10453 63210 57754 631114
1621375200 11575 210478 29210 770032
1621368000 13767 192180 46657 632643
1621360800 29467 457934 85773 1165747
1621353600 7826 120231 25557 657641
1621346400 4728 46853 16391 340786
1621339200 7085 116375 17786 413970
1621332000 9530 208083 33611 936310
1621324800 8810 202584 29001 876244
1621317600 9077 178797 40328 880768
1621310400 3090 4502 6022 8810
1621303200 4335 30067 11420 214240
1621296000 17542 400316 36142 1007051
1621288800 8693 118114 19281 422034
1621281600 30670 431326 108179 964875
1621274400 33482 693827 75723 1201030
1621267200 11312 186435 30317 484720
1621260000 5484 84911 20137 467801
1621252800 2405 4690 3880 11498
1621245600 10199 229381 34294 918915
1621238400 9946 223884 33693 978611
1621231200 4505 56535 12137 261934
1621224000 10047 216602 34421 957789
1621216800 11314 274108 34164 988428
1621209600 15939 399823 37701 1004788
1621202400 8860 191504 33752 952905
1621195200 4753 71083 23137 668420
1621188000 7412 158723 35626 1015968
1621180800 9670 221381 33616 949396
1621173600 6185 108706 26898 700032
1621166400 8170 163681 33417 932863
1621159200 10195 286653 24932 914251
1621152000 10990 262575 30269 847469
1621144800 13736 342092 35490 948900
1621137600 10648 225330 35575 1011271
1621130400 9256 180505 35753 951766
1621123200 5162 65784 15232 374490
1621116000 16290 416458 39133 1045302
1621108800 15692 404091 36798 1035896
1621101600 8418 179252 34375 930781
1621094400 8723 189954 32964 934625
1621087200 8506 182417 31871 908849
1621080000 5304 74889 24299 614703
1621072800 9593 181027 36185 976772
1621065600 9028 200643 32535 888231
1621058400 6844 142316 24348 723608
1621051200 2987 5431 6956 13784
1621044000 10801 32652 106471 406571
1621036800 8107 114568 24142 639693
1621029600 20410 407188 56676 1069404
1621022400 24656 441377 74153 1229836
1621015200 20880 422381 74153 1234977
1621008000 11971 293941 37259 1001236
1621000800 9969 211596 29021 817892
1620993600 7281 126575 29767 788750
1620986400 7965 153549 29767 788750
1620979200 8371 167833 27734 763169
1620972000 9682 210942 31079 857404
1620964800 3703 5711 8202 11936
1620957600 18429 278405 123624 1031158
1620950400 20918 336032 64751 1096283
1620943200 13718 236169 52116 984140
1620936000 43167 620389 110743 1196710
1620928800 24862 268187 61614 779305
1620921600 26312 264428 114233 647587
1620914400 13473 351866 29776 894006
1620907200 9729 227838 27158 755041
1620900000 6800 117346 20869 592783
1620892800 13391 334347 25380 669975
1620885600 10344 232294 27860 785350
1620878400 12008 260577 31154 824501
1620871200 6572 29932 18084 297455
1620864000 8120 32880 21702 289075
1620856800 15031 232012 40747 877158
1620849600 10258 82925 29231 650451
1620842400 22344 468532 52758 938876
1620835200 13150 302976 25756 741398
1620828000 8593 163669 25629 722458
1620820800 9921 191377 28424 746834
1620813600 3506 20983 13937 288895
1620806400 8702 189793 22391 580904
1620799200 7498 159884 20648 592514
1620792000 14609 345087 27697 679320
1620784800 11350 242579 30508 887690
1620777600 9864 176368 24976 780659
1620770400 16561 352809 47873 876958
1620763200 22621 257667 171523 912359
1620756000 25805 627923 39830 1069437
1620748800 10510 171618 25329 582123
1620741600 5719 74344 26083 635856
1620734400 5807 108352 25243 731431
1620727200 2286 10830 7331 183865
1620720000 10510 265557 26788 778216
1620712800 3135 27101 8061 165676
1620705600 6702 152926 27457 793981
1620698400 3756 28616 10595 207355
1620691200 6463 141728 28410 663217
1620684000 4125 51996 13441 307256
1620676800 6587 113102 25029 740797
1620669600 15198 340465 45317 830508
1620662400 9998 238398 37482 1027016
1620655200 8728 220180 38965 1027016
1620648000 168 176 298 208
1620640800 168 176 350 257
1620633600 172 178 350 257
1620626400 168 177 307 217
1620619200 168 177 340 250
1620612000 170 178 340 250
1620604800 206 218 547 458
1620597600 176 188 323 351
1620590400 182 188 330 282
1620583200 170 182 320 230
1620576000 175 182 312 222
1620568800 170 178 351 258
1620561600 223 220 906 673
1620554400 175 189 284 209
1620547200 164 178 295 208
1620540000 174 189 338 331
1620532800 170 179 338 247
1620525600 170 181 334 248
1620518400 171 179 334 248
1620511200 170 178 305 215
1620504000 184 188 328 279
1620496800 172 183 324 250
1620489600 178 186 324 232
1620482400 170 179 350 255
1620475200 170 179 311 218
1620468000 171 179 349 256
1620460800 169 178 328 236
1620453600 169 178 344 252
1620446400 229 203 326 376
1620439200 229 198 302 226
1620432000 133 466 376 7923
1620424800 0 61 0 78
1620417600 0 62 0 78
1620410400 340 10559 7829 246324
1620403200 0 50 0 55
1620396000 0 49 0 55
1620388800 0 57 0 75
1620381600 1303 27559 14490 393530
1620374400 2304 57545 15015 444563
1620367200 1296 21957 10045 273384
1620360000 904 12534 4994 118106
1620352800 1747 39752 16697 489622
1620345600 1476 28060 8956 264019
1620338400 2275 57590 15309 513051
1620331200 5061 144034 27819 809218
1620324000 0 50 0 56
1620316800 0 50 0 54
1620309600 1548 26996 6964 160614
1620302400 3168 71806 16241 484621
1620295200 1921 33338 16241 484621
1620288000 1853 31003 10194 292060
1620280800 2674 61226 12836 375618
1620273600 1335 14807 3986 84318
1620266400 1663 24435 8796 219857
1620259200 3495 76333 11394 311503
1620252000 3141 70726 22332 627776
1620244800 1517 25974 3484 100500
1620237600 4916 87299 19013 527640
1620230400 4250 58522 20275 540164
1620223200 10356 213392 37437 983873
1620216000 10345 224307 37007 946489
1620208800 8065 176906 33737 939861
1620201600 3305 29104 10969 211319
1620194400 7405 142389 35167 960787
1620187200 3167 4820 4487 13717
1620180000 2669 4719 4346 10532
1620172800 13215 161001 51382 632568
1620165600 9834 206480 29013 574561
1620158400 36282 602486 88977 1137945
1620151200 5484 15645 8863 148179
1620144000 13793 303615 22632 569900
1620136800 5323 43419 12766 246358
1620129600 13576 298532 39830 1048436
1620122400 4309 8455 6188 31687
1620115200 6715 78253 22323 521917
1620108000 11273 225348 41047 1092702
1620100800 10212 214360 37351 984074
1620093600 14603 230458 40917 863750
1620086400 16288 154108 99463 799144
1620079200 13850 347182 48472 1206317
1620072000 4684 52908 17259 410530
1620064800 8154 144252 31647 534411
1620057600 12049 286328 20648 602521
1620050400 4412 13896 11080 201186
1620043200 3663 14713 10545 238427
1620036000 10526 271937 36508 1127105
1620028800 2302 12047 7803 161554
1620021600 8762 210522 36322 1071795
1620014400 1861 2245 2578 5135
1620007200 3949 64119 20445 522141
1620000000 9591 243501 35074 1068946
1619992800 9380 241420 36230 1088576
1619985600 8854 218449 36812 1100027
1619978400 2846 34844 12287 340565
1619971200 9349 234980 37115 1091722
1619964000 3746 60286 18975 472955
1619956800 5574 114640 30667 861255
1619949600 13646 370900 36507 1093134
1619942400 2110 12622 8943 202548
1619935200 9015 226563 37606 1096616
1619928000 8694 217996 35355 1055425
1619920800 9323 232424 36753 1106154
1619913600 2221 2479 4403 10091
1619906400 10604 255396 36683 1103059
1619899200 4473 29453 11473 262859
1619892000 10109 221071 42164 1077148
1619884800 5381 16161 61960 164676
1619877600 11705 250878 39771 1140499
1619870400 9037 212593 36772 1083022
1619863200 10752 236417 36541 1094689
1619856000 4448 50810 21750 472994
1619848800 5132 44022 18582 385922
1619841600 11531 225631 38946 1084840
1619834400 11256 232170 37425 955922
1619827200 12673 226007 42060 1051142
1619820000 24033 461188 60799 1124175
1619812800 35975 708165 61392 1179795
1619805600 10742 180737 19261 509850
1619798400 7285 121653 25611 636127
1619791200 11617 250156 34427 963106
1619784000 6060 74522 13982 339132
1619776800 9182 190530 31593 914046
1619769600 10319 209194 29676 783058
1619762400 11880 266626 37104 1061223
1619755200 4661 30972 35872 353604
1619748000 12946 195870 64350 857675
1619740800 17757 220139 74831 904832
1619733600 10356 165063 28995 790960
1619726400 53870 694197 151887 1198820
1619719200 25283 308423 141629 1159199
1619712000 10770 149918 20360 411686
1619704800 6526 68013 23777 528709
1619697600 10987 218889 39757 1146207
1619690400 10262 236546 37592 1136631
1619683200 12407 278517 41622 1178848
1619676000 3590 14293 8745 144590
1619668800 8359 190385 41461 1181507
1619661600 15982 380694 39646 1163529
1619654400 13014 193375 35406 911344
1619647200 11434 106209 31408 578200
1619640000 23426 427882 77459 1159636
1619632800 11801 143384 21803 294041
1619625600 11099 99152 24258 534688
1619618400 6770 9425 9591 55025
1619611200 9613 76111 39091 946006
1619604000 18283 351206 37015 868239
1619596800 15959 266810 37077 869363
1619589600 14244 222005 29228 648486
1619582400 15174 215722 37960 913610
1619575200 34128 468178 72033 1174771
1619568000 24679 356364 42363 773308
1619560800 27901 468389 50895 1097647
1619553600 18909 300928 66345 1203807
1619546400 14951 286390 25183 635129
1619539200 13652 331059 21393 615951
1619532000 6082 123348 27301 779809
1619524800 7772 184239 27498 827565
1619517600 3072 5046 5383 14586
1619510400 2719 24305 9812 226503
1619503200 4491 58527 12073 262932
1619496000 11422 249965 37129 934889
1619488800 7595 42176 61409 425396
1619481600 15052 316520 36833 837672
1619474400 9855 159547 25754 630114
1619467200 11717 212198 48467 1179962
1619460000 17468 351847 48467 1179962
1619452800 11227 200048 18325 445065
1619445600 9411 248211 25664 782348
1619438400 4438 84813 11435 304208
1619431200 6417 104651 21816 554336
1619424000 13738 332226 29882 819584
1619416800 10205 214875 29649 804965
1619409600 4116 68486 11396 288703
1619402400 3852 32236 14324 292090
1619395200 8777 206805 29874 792861
1619388000 10076 229620 27471 792345
1619380800 3871 35904 13026 278064
1619373600 9825 246528 25867 678333
1619366400 2609 7075 3843 63681
1619359200 9013 187808 27769 773281
1619352000 6826 143091 22078 619428
1619344800 8220 159791 23234 631698
1619337600 7835 153298 21838 641358
1619330400 9651 241943 24594 691959
1619323200 6477 122655 18117 497477
1619316000 13416 338293 27001 642485
1619308800 8656 195376 23691 656445
1619301600 10434 252392 24956 765188
1619294400 5002 77197 14528 303619
1619287200 11249 252083 29749 838652
1619280000 3639 45761 11616 225926
1619272800 2797 23295 8603 192975
1619265600 11206 254776 28612 791107
1619258400 3508 33677 14936 371509
1619251200 2835 17454 10455 234779
1619244000 10538 206401 28643 775951
1619236800 7414 125087 26061 695938
1619229600 22478 202152 58064 719208
1619222400 10220 132833 24249 632858
1619215200 13815 291193 31694 768554
1619208000 10680 183219 41102 962700
1619200800 15254 363733 41872 804473
1619193600 9137 219295 21202 608684
1619186400 9126 182590 28945 768660
1619179200 5637 62526 16159 338953
1619172000 8919 181713 22089 600664
1619164800 10078 225626 30959 860320
1619157600 7385 141375 27255 740221
1619150400 9421 204963 27087 775716
1619143200 12893 208819 47433 741434
1619136000 15891 359502 28255 756673
1619128800 17545 406186 40837 823331
1619121600 13475 283693 29998 902229
1619114400 12012 289210 19292 571375
1619107200 11608 277255 27634 826765
1619100000 9345 183809 23157 604473
1619092800 3431 35080 13287 383001
1619085600 8301 175970 23760 624077
1619078400 8608 197431 24044 681533
1619071200 3010 5966 3886 50019
1619064000 2677 24638 10784 243249
1619056800 8044 160510 26795 714696
1619049600 5863 46262 13070 286040
1619042400 10103 173587 20937 563813
1619035200 14178 316247 48016 886774
1619028000 11112 246543 18656 444599
1619020800 7812 145737 13453 333129
1619013600 12241 349430 34158 1135689
1619006400 15161 486405 39379 1263519
1618999200 8094 192418 23789 660223
1618992000 15614 404527 33277 946342
1618984800 9641 181152 27764 743638
1618977600 13668 277708 45204 924593
1618970400 14437 283293 33374 922799
1618963200 9034 121501 19417 451220
1618956000 17597 265246 110183 972216
1618948800 16961 339553 45887 1066963
1618941600 15091 289023 34989 967150
1618934400 9699 214043 17481 547817
1618927200 4617 63278 23900 698941
1618920000 3570 31058 9007 157115
1618912800 3222 39269 7634 169954
1618905600 10325 271968 26098 737570
1618898400 6603 147499 25460 761283
1618891200 11129 271627 31454 858464
1618884000 8777 177132 28535 797641
1618876800 4728 29595 16394 445081
1618869600 11064 138456 49902 803554
1618862400 16166 290006 57418 947354
1618855200 29527 579928 68665 1101434
1618848000 9391 159111 16964 401668
1618840800 8213 147251 20494 491547
1618833600 3741 35286 6415 110727
1618826400 4556 36499 13464 364962
1618819200 6270 122604 20105 542879
1618812000 4251 28833 7269 116128
1618804800 3983 58361 18953 523505
1618797600 6364 137009 20246 557410
1618790400 6852 141922 18838 526456
1618783200 2903 18952 4544 88228
1618776000 4204 69224 15914 420332
1618768800 8913 211350 17059 490396
1618761600 6997 111943 19120 501030
1618754400 7276 158945 17506 512235
1618747200 9925 209041 23996 627957
1618740000 10185 161803 23059 572204
1618732800 7987 148576 21303 608333
1618725600 2854 17049 5723 86805
1618718400 2845 20022 6127 88343
1618711200 5106 92764 20412 582628
1618704000 5648 120075 18103 556708
1618696800 3429 16479 7919 53340
1618689600 7131 159475 19908 564932
1618682400 10003 163793 29259 594052
1618675200 3160 31745 18141 509594
1618668000 4021 36279 8618 130006
1618660800 2995 3058 5045 6524
1618653600 7586 157667 21038 594524
1618646400 8066 149078 20644 484529
1618639200 6776 157771 21407 617010
1618632000 5212 66409 20773 579964
1618624800 9179 197723 22570 688179
1618617600 35320 228276 256434 553327
1618610400 7084 78675 13340 253440
1618603200 5592 19852 9721 128531
1618596000 6827 86882 16354 374424
1618588800 6915 104777 19744 498578
1618581600 7970 191894 21749 680322
1618574400 3044 24937 5333 73909
1618567200 3518 33896 9380 240489
1618560000 10240 270459 23346 920144
1618552800 7621 161313 19479 593702
1618545600 2854 15951 8129 150499
1618538400 9247 184697 24981 768913
1618531200 7638 53284 22339 374530
1618524000 7748 79495 21017 387267
1618516800 6429 60218 17154 426391
1618509600 6953 65366 19959 525109
1618502400 13536 364369 32702 979035
1618495200 4635 58249 13331 313445
1618488000 2488 14778 5017 88467
1618480800 4843 36856 9584 168259
1618473600 7821 153818 20713 537026
1618466400 8610 190344 18356 496519
1618459200 6971 116911 20337 534752
1618452000 7124 148000 19954 543647
1618444800 2753 9441 5547 126851
1618437600 7551 187460 15770 522875
1618430400 6283 53008 15600 318508
1618423200 9194 176348 23161 592494
1618416000 11507 258256 30342 844007
1618408800 5645 68379 20006 235822
1618401600 3586 6904 4213 26428
1618394400 8969 176736 27940 857982
1618387200 3937 17849 9539 173530
1618380000 7272 167804 32443 1005879
1618372800 4333 66406 25244 675445
1618365600 9744 199339 27575 744410
1618358400 3695 4283 5668 9511
1618351200 8375 150175 19209 590991
1618344000 7433 90550 15358 379710
1618336800 7064 93469 24944 532746
1618329600 7383 140401 16667 443931
1618322400 7999 199817 27083 862432
1618315200 9985 232691 31814 931664
1618308000 7311 138673 19991 553350
1618300800 9502 233447 31594 938095
1618293600 7601 150501 30758 911574
1618272000 6925 127561 29809 918921
1618185600 5845 106516 26556 763821
1618099200 5900 112431 32102 885588
1618012800 10194 176395 72697 970187
1617926400 8406 154860 36735 1086206
1617840000 7546 134317 62463 821924
1617753600 9565 188007 55960 727839
1617667200 9164 189553 56613 934621
1617580800 6318 120460 29194 701690
1617494400 5748 96294 25634 793940
1617408000 8376 149788 32143 769997
1617321600 12448 203418 80320 925797
1617235200 10465 186976 43658 911813
1617148800 10673 165170 117953 765706
1617062400 9557 196745 39492 969731
1616976000 4588 79852 44012 692690
1616889600 5931 115663 29367 755290
1616803200 7889 151193 29376 929110
1616716800 9512 197752 33712 967005
1616630400 9406 199705 55710 1075963
1616544000 7743 142065 80716 834905
1616457600 10186 169373 197557 944525
1616371200 6025 104689 21834 594661
1616284800 7806 166161 45544 793082
1616198400 11101 192083 84905 917921
1616112000 11766 218106 41796 988013
1616025600 11167 178212 114462 964926
1615939200 10441 187389 254843 1012279
1615852800 7981 172986 23805 697978
1615766400 7660 151814 26344 637657
1615680000 10857 124808 97545 785885
1615593600 18708 194560 145130 1033444
1615507200 9480 157638 93861 1115346
1615420800 13245 190766 252832 956504
1615334400 10288 206460 38476 1083461
1615248000 7971 134031 35218 962263
1615161600 7166 129146 28950 811013
1615075200 5597 82027 30954 809271
1614988800 9482 157243 36265 967730
1614902400 11012 211977 44857 962253
1614816000 12419 176989 136294 1002332
1614729600 30629 176824 292152 913795
1614643200 9361 174991 45057 940066
1614556800 8109 145877 33995 888269
1614470400 7262 133920 29730 850145
1614384000 10429 201010 74091 966287
1614297600 8477 154449 36541 994003
1614211200 7591 131008 36255 913902
1614124800 9741 176784 42782 913955
1614038400 11763 219200 67067 951949
1613952000 6261 94280 31598 840819
1613865600 8896 116955 277558 924585
1613779200 9080 168269 35492 1019565
1613692800 9016 145327 35742 951244
1613606400 10988 210396 77200 1044216
1613520000 11894 177054 81224 1061610
1613433600 1348 46 2033 52
1613347200 3204 21258 20383 588743
1613260800 9130 182716 41435 766327
1613174400 8177 128789 146919 877054
1613088000 16583 215330 300742 947698
1613001600 23703 206793 475272 987033
1612915200 8269 159081 39413 1033836
1612828800 7203 141574 93917 855538
1612742400 5832 121903 28535 791922
1612656000 8148 188000 29010 807277
1612569600 8872 177021 68457 819322
1612483200 8814 184056 37281 1011539
1612396800 11533 244592 86792 1027193
1612310400 2725 4134 44840 86475
1612224000 1894 2057 4686 9149
1612137600 1750 1698 4465 12495
1612051200 1801 1745 3493 45486
1611964800 4682 7381 101286 289305
1611878400 2166 3420 5783 167951
1611792000 2753 3490 103467 91094
1611705600 2542 2743 51693 84390
1611619200 3928 4229 273744 157037
1611532800 1604 1427 2900 11381
1611446400 1790 1756 18000 13518
1611360000 2794 3604 171950 177288
1611273600 3207 4387 11913 78605
1611187200 3064 5030 20210 143155
1611100800 4431 62620 34213 1066522
1611014400 0 0 0 0
1610928000 0 0 0 0
1610841600 0 0 0 0
1610755200 0 0 0 0
1610668800 0 0 0 0
1610582400 0 0 0 0
1610496000 0 0 0 0
1610409600 0 0 0 0
1610323200 0 0 0 0
1610236800 0 0 0 0
1610150400 0 0 0 0
1610064000 0 0 0 0
1609977600 0 0 0 0
1609891200 0 0 0 0
1609804800 0 0 0 0
1609718400 0 0 0 0
1609632000 0 0 0 0
1609545600 0 0 0 0
1609459200 0 0 0 0
1609372800 0 0 0 0
1609286400 0 0 0 0
1609200000 0 0 0 0
1609113600 0 0 0 0
1609027200 0 0 0 0
1608940800 0 0 0 0
1608854400 0 0 0 0
1608768000 0 0 0 0
1608681600 0 0 0 0
1608595200 0 0 0 0
1608508800 0 0 0 0
1608422400 0 0 0 0
1608336000 0 0 0 0
1608249600 0 0 0 0
1608163200 0 0 0 0
1608076800 0 0 0 0
1607990400 0 0 0 0
1607904000 0 0 0 0
1607817600 0 0 0 0
1607731200 0 0 0 0
1607644800 0 0 0 0
1607558400 0 0 0 0
1607472000 0 0 0 0
1607385600 0 0 0 0
1607299200 0 0 0 0
1607212800 0 0 0 0
1607126400 0 0 0 0
1607040000 0 0 0 0
1606953600 0 0 0 0
1606867200 0 0 0 0
1606780800 0 0 0 0
1606694400 0 0 0 0
1606608000 0 0 0 0
1606521600 0 0 0 0
1606435200 0 0 0 0
1606348800 0 0 0 0
1606262400 0 0 0 0
1606176000 0 0 0 0
1606089600 0 0 0 0
1606003200 0 0 0 0
1605916800 0 0 0 0
1605830400 0 0 0 0
1605744000 0 0 0 0
1605657600 0 0 0 0
1605571200 0 0 0 0
1605484800 0 0 0 0
1605398400 0 0 0 0
1605312000 0 0 0 0
1605225600 0 0 0 0
1605139200 0 0 0 0
1605052800 0 0 0 0
1604966400 0 0 0 0
1604880000 0 0 0 0
1604793600 0 0 0 0
1604707200 0 0 0 0
1604620800 0 0 0 0
1604534400 0 0 0 0
1604448000 0 0 0 0
1604361600 0 0 0 0
1604275200 0 0 0 0
1604188800 0 0 0 0
1604102400 0 0 0 0
1604016000 0 0 0 0
1603929600 0 0 0 0
1603843200 0 0 0 0
1603756800 0 0 0 0
1603670400 0 0 0 0
1603584000 0 0 0 0
1603497600 0 0 0 0
1603411200 0 0 0 0
1603324800 0 0 0 0
1603238400 0 0 0 0
1603152000 0 0 0 0
1603065600 0 0 0 0
1602979200 0 0 0 0
1602892800 0 0 0 0
1602806400 0 0 0 0
1602720000 0 0 0 0
1602633600 0 0 0 0
1602547200 0 0 0 0
1602460800 0 0 0 0
1602374400 0 0 0 0
1602288000 0 0 0 0
1602201600 0 0 0 0
1602115200 0 0 0 0
1602028800 0 0 0 0
1601942400 0 0 0 0
1601856000 0 0 0 0
1601769600 0 0 0 0
1601683200 0 0 0 0
1601596800 0 0 0 0
1601510400 0 0 0 0
1601424000 0 0 0 0
1601337600 0 0 0 0
1601251200 0 0 0 0
1601164800 0 0 0 0
1601078400 0 0 0 0
1600992000 0 0 0 0
1600905600 0 0 0 0
1600819200 0 0 0 0
1600732800 0 0 0 0
1600646400 0 0 0 0
1600560000 0 0 0 0
1600473600 0 0 0 0
1600387200 0 0 0 0
1600300800 0 0 0 0
1600214400 0 0 0 0
1600128000 0 0 0 0
1600041600 0 0 0 0
1599955200 0 0 0 0
1599868800 0 0 0 0
1599782400 0 0 0 0
1599696000 0 0 0 0
1599609600 0 0 0 0
1599523200 0 0 0 0
1599436800 0 0 0 0
1599350400 0 0 0 0
1599264000 0 0 0 0
1599177600 0 0 0 0
1599091200 0 0 0 0
1599004800 0 0 0 0
1598918400 0 0 0 0
1598832000 0 0 0 0
1598745600 0 0 0 0
1598659200 0 0 0 0
1598572800 0 0 0 0
1598486400 0 0 0 0
1598400000 0 0 0 0
1598313600 0 0 0 0
1598227200 0 0 0 0
1598140800 0 0 0 0
1598054400 0 0 0 0
1597968000 0 0 0 0
1597881600 0 0 0 0
1597795200 0 0 0 0
1597708800 0 0 0 0
1597622400 0 0 0 0
1597536000 0 0 0 0
1597449600 0 0 0 0
1597363200 0 0 0 0
1597276800 0 0 0 0
1597190400 0 0 0 0
1597104000 0 0 0 0
1597017600 0 0 0 0
1596931200 0 0 0 0
1596844800 0 0 0 0
1596758400 0 0 0 0
1596672000 0 0 0 0
1596585600 0 0 0 0
1596499200 0 0 0 0
1596412800 0 0 0 0
1596326400 0 0 0 0
1596240000 0 0 0 0
1596153600 0 0 0 0
1596067200 0 0 0 0
1595980800 0 0 0 0
1595894400 0 0 0 0
1595808000 0 0 0 0
1595721600 0 0 0 0
1595635200 0 0 0 0
1595548800 0 0 0 0
1595462400 0 0 0 0
1595376000 0 0 0 0
1595289600 0 0 0 0
1595203200 0 0 0 0
1595116800 0 0 0 0
1595030400 0 0 0 0
1594944000 0 0 0 0
1594857600 0 0 0 0
1594771200 0 0 0 0
1594684800 0 0 0 0
1594598400 0 0 0 0
1594512000 0 0 0 0
1594425600 0 0 0 0
1594339200 0 0 0 0
1594252800 0 0 0 0
1594166400 0 0 0 0
1594080000 0 0 0 0
1593993600 0 0 0 0
1593907200 0 0 0 0
1593820800 0 0 0 0
1593734400 0 0 0 0
1593648000 0 0 0 0
1593561600 0 0 0 0
1593475200 0 0 0 0
1593388800 0 0 0 0
1593302400 0 0 0 0
1593216000 0 0 0 0
1593129600 0 0 0 0
1593043200 0 0 0 0
1592956800 0 0 0 0
1592870400 0 0 0 0
1592784000 0 0 0 0
1592697600 0 0 0 0
1592611200 0 0 0 0
1592524800 0 0 0 0
1592438400 0 0 0 0
1592352000 0 0 0 0
1592265600 0 0 0 0
1592179200 0 0 0 0
1592092800 0 0 0 0
1592006400 0 0 0 0
1591920000 0 0 0 0
1591833600 0 0 0 0
1591747200 0 0 0 0
1591660800 0 0 0 0
1591574400 0 0 0 0
1591488000 0 0 0 0
1591401600 0 0 0 0
1591315200 0 0 0 0
1591228800 0 0 0 0
1591142400 0 0 0 0
1591056000 0 0 0 0
1590969600 0 0 0 0
1590883200 0 0 0 0
1590796800 0 0 0 0
1590710400 0 0 0 0
1590624000 0 0 0 0
1590537600 0 0 0 0
1590451200 0 0 0 0
1590364800 0 0 0 0
1590278400 0 0 0 0
1590192000 0 0 0 0
1590105600 0 0 0 0
1590019200 0 0 0 0
1589932800 0 0 0 0
1589846400 0 0 0 0
1589760000 0 0 0 0
1589673600 0 0 0 0
1589587200 0 0 0 0
1589500800 0 0 0 0
1589414400 0 0 0 0
1589328000 0 0 0 0
1589241600 0 0 0 0
1589155200 0 0 0 0
1589068800 0 0 0 0
1588982400 0 0 0 0
1588896000 0 0 0 0
1588809600 0 0 0 0
1588723200 0 0 0 0
1588636800 0 0 0 0
1588550400 0 0 0 0
1588464000 0 0 0 0
1588377600 0 0 0 0
1588291200 0 0 0 0
1588204800 0 0 0 0
1588118400 0 0 0 0
1588032000 0 0 0 0
1587945600 0 0 0 0
1587859200 0 0 0 0
1587772800 0 0 0 0
1587686400 0 0 0 0
1587600000 0 0 0 0
1587513600 0 0 0 0
1587427200 0 0 0 0
1587340800 0 0 0 0
1587254400 0 0 0 0
1587168000 0 0 0 0
1587081600 0 0 0 0
1586995200 0 0 0 0
1586908800 0 0 0 0
1586822400 0 0 0 0
1586736000 0 0 0 0
1586649600 0 0 0 0
1586563200 0 0 0 0
1586476800 0 0 0 0
1586390400 0 0 0 0
1586304000 0 0 0 0
1586217600 0 0 0 0
1586131200 0 0 0 0
1586044800 0 0 0 0
1585958400 0 0 0 0
1585872000 0 0 0 0
1585785600 0 0 0 0
1585699200 0 0 0 0
1585612800 0 0 0 0
1585526400 0 0 0 0
1585440000 0 0 0 0
1585353600 0 0 0 0
1585267200 0 0 0 0
1585180800 0 0 0 0
1585094400 0 0 0 0
1585008000 0 0 0 0
1584921600 0 0 0 0
1584835200 0 0 0 0
1584748800 0 0 0 0
1584662400 0 0 0 0
1584576000 0 0 0 0
1584489600 0 0 0 0
1584403200 0 0 0 0
1584316800 0 0 0 0
1584230400 0 0 0 0
1584144000 0 0 0 0
1584057600 0 0 0 0
1583971200 0 0 0 0
1583884800 0 0 0 0
1583798400 0 0 0 0
1583712000 0 0 0 0
1583625600 0 0 0 0
1583539200 0 0 0 0
1583452800 0 0 0 0
1583366400 0 0 0 0
1583280000 0 0 0 0
1583193600 0 0 0 0
1583107200 0 0 0 0
1583020800 0 0 0 0
1582934400 0 0 0 0
1582848000 0 0 0 0
1582761600 0 0 0 0
1582675200 0 0 0 0
1582588800 0 0 0 0
1582502400 0 0 0 0
1582416000 0 0 0 0
1582329600 0 0 0 0
1582243200 0 0 0 0
1582156800 0 0 0 0
1582070400 0 0 0 0
1581984000 0 0 0 0
1581897600 0 0 0 0
1581811200 0 0 0 0
1581724800 0 0 0 0
1581638400 0 0 0 0
1581552000 0 0 0 0
1581465600 0 0 0 0
1581379200 0 0 0 0
1581292800 0 0 0 0
1581206400 0 0 0 0
1581120000 0 0 0 0
1581033600 0 0 0 0
1580947200 0 0 0 0
1580860800 0 0 0 0
1580774400 0 0 0 0
1580688000 0 0 0 0
1580601600 0 0 0 0
1580515200 0 0 0 0
1580428800 0 0 0 0
1580342400 0 0 0 0
1580256000 0 0 0 0
1580169600 0 0 0 0
1580083200 0 0 0 0
1579996800 0 0 0 0
1579910400 0 0 0 0
1579824000 0 0 0 0
1579737600 0 0 0 0
1579651200 0 0 0 0
1579564800 0 0 0 0
1579478400 0 0 0 0
1579392000 0 0 0 0
1579305600 0 0 0 0
1579219200 0 0 0 0
1579132800 0 0 0 0
1579046400 0 0 0 0
1578960000 0 0 0 0
1578873600 0 0 0 0
1578787200 0 0 0 0
1578700800 0 0 0 0
1578614400 0 0 0 0
1578528000 0 0 0 0
1578441600 0 0 0 0
1578355200 0 0 0 0
1578268800 0 0 0 0
1578182400 0 0 0 0
1578096000 0 0 0 0
1578009600 0 0 0 0
1577923200 0 0 0 0
1577836800 0 0 0 0
1577750400 0 0 0 0
1577664000 0 0 0 0
1577577600 0 0 0 0
1577491200 0 0 0 0
1577404800 0 0 0 0
1577318400 0 0 0 0
1577232000 0 0 0 0
1577145600 0 0 0 0
1577059200 0 0 0 0
1576972800 0 0 0 0
1576886400 0 0 0 0
1576800000 0 0 0 0
1576713600 0 0 0 0
1576627200 0 0 0 0
1576540800 0 0 0 0
1576454400 0 0 0 0
1576368000 0 0 0 0
1576281600 0 0 0 0
1576195200 0 0 0 0
1576108800 0 0 0 0
1576022400 0 0 0 0
1575936000 0 0 0 0
1575849600 0 0 0 0
1575763200 0 0 0 0
1575676800 0 0 0 0
1575590400 0 0 0 0
1575504000 0 0 0 0
1575417600 0 0 0 0
1575331200 0 0 0 0
1575244800 0 0 0 0
1575158400 0 0 0 0
1575072000 0 0 0 0
1574985600 0 0 0 0
1574899200 0 0 0 0
1574812800 0 0 0 0
1574726400 0 0 0 0
1574640000 0 0 0 0
1574553600 0 0 0 0
1574467200 0 0 0 0
1574380800 0 0 0 0
1574294400 0 0 0 0
1574208000 0 0 0 0
1574121600 0 0 0 0
1574035200 0 0 0 0
1573948800 0 0 0 0
1573862400 0 0 0 0
1573776000 0 0 0 0
1573689600 0 0 0 0
1573603200 0 0 0 0
1573516800 0 0 0 0
1573430400 0 0 0 0
1573344000 0 0 0 0
1573257600 0 0 0 0
1573171200 0 0 0 0
1573084800 0 0 0 0
1572998400 0 0 0 0
1572912000 0 0 0 0
1572825600 0 0 0 0
1572739200 0 0 0 0
1572652800 0 0 0 0
1572566400 0 0 0 0
1572480000 0 0 0 0
1572393600 0 0 0 0
1572307200 0 0 0 0
1572220800 0 0 0 0
1572134400 0 0 0 0
1572048000 0 0 0 0
1571961600 0 0 0 0
1571875200 0 0 0 0
1571788800 0 0 0 0
1571702400 0 0 0 0
1571616000 0 0 0 0
1571529600 0 0 0 0
1571443200 0 0 0 0
1571356800 0 0 0 0
1571270400 0 0 0 0
1571184000 0 0 0 0
1571097600 0 0 0 0
1571011200 0 0 0 0
1570924800 0 0 0 0
1570838400 0 0 0 0
1570752000 0 0 0 0
1570665600 0 0 0 0
1570579200 0 0 0 0
1570492800 0 0 0 0
1570406400 0 0 0 0
1570320000 0 0 0 0
1570233600 0 0 0 0
1570147200 0 0 0 0
1570060800 0 0 0 0
1569974400 0 0 0 0
1569888000 0 0 0 0
1569801600 0 0 0 0
1569715200 0 0 0 0
1569628800 0 0 0 0
1569542400 0 0 0 0
1569456000 0 0 0 0
1569369600 0 0 0 0
1569283200 0 0 0 0
1569196800 0 0 0 0
1569110400 0 0 0 0
1569024000 0 0 0 0
1568937600 0 0 0 0
1568851200 0 0 0 0
1568764800 0 0 0 0
1568678400 0 0 0 0
1568592000 0 0 0 0
1568505600 0 0 0 0
1568419200 0 0 0 0
1568332800 0 0 0 0
1568246400 0 0 0 0
1568160000 0 0 0 0
1568073600 0 0 0 0
1567987200 0 0 0 0
1567900800 0 0 0 0
1567814400 0 0 0 0
1567728000 0 0 0 0
1567641600 0 0 0 0
1567555200 0 0 0 0
1567468800 0 0 0 0
1567382400 0 0 0 0
1567296000 0 0 0 0
1567209600 0 0 0 0
1567123200 0 0 0 0
1567036800 0 0 0 0
1566950400 0 0 0 0
1566864000 0 0 0 0
1566777600 0 0 0 0
1566691200 0 0 0 0
1566604800 0 0 0 0
1566518400 0 0 0 0
1566432000 0 0 0 0
1566345600 0 0 0 0
1566259200 0 0 0 0
1566172800 0 0 0 0
1566086400 0 0 0 0
1566000000 0 0 0 0
1565913600 0 0 0 0
1565827200 0 0 0 0
1565740800 0 0 0 0
1565654400 0 0 0 0
1565568000 0 0 0 0
1565481600 0 0 0 0
1565395200 0 0 0 0
1565308800 0 0 0 0
1565222400 0 0 0 0
1565136000 0 0 0 0
1565049600 0 0 0 0
1564963200 0 0 0 0
1564876800 0 0 0 0
1564790400 0 0 0 0
1564704000 0 0 0 0
1564617600 0 0 0 0
1564531200 0 0 0 0
1564444800 0 0 0 0
1564358400 0 0 0 0
1564272000 0 0 0 0
1564185600 0 0 0 0
1564099200 0 0 0 0
1564012800 0 0 0 0
1563926400 0 0 0 0
1563840000 0 0 0 0
1563753600 0 0 0 0
1563667200 0 0 0 0
1563580800 0 0 0 0
1563494400 0 0 0 0
1563408000 0 0 0 0
1563321600 0 0 0 0
1563235200 0 0 0 0
1563148800 0 0 0 0
1563062400 0 0 0 0
1562976000 0 0 0 0
1562889600 0 0 0 0
1562803200 0 0 0 0
1562716800 0 0 0 0
1562630400 0 0 0 0
1562544000 0 0 0 0
1562457600 0 0 0 0
1562371200 0 0 0 0
1562284800 0 0 0 0
1562198400 0 0 0 0
1562112000 0 0 0 0
1562025600 0 0 0 0
1561939200 0 0 0 0
1561852800 0 0 0 0
1561766400 0 0 0 0
1561680000 0 0 0 0
1561593600 0 0 0 0
1561507200 0 0 0 0
1561420800 0 0 0 0
1561334400 0 0 0 0
1561248000 0 0 0 0
1561161600 0 0 0 0
1561075200 0 0 0 0
1560988800 0 0 0 0
1560902400 0 0 0 0
1560816000 0 0 0 0
1560729600 0 0 0 0
1560643200 0 0 0 0
1560556800 0 0 0 0
1560470400 0 0 0 0
1560384000 0 0 0 0
1560297600 0 0 0 0
1560211200 0 0 0 0
1560124800 0 0 0 0
1560038400 0 0 0 0
1559952000 0 0 0 0
1559865600 0 0 0 0
1559779200 0 0 0 0
1559692800 0 0 0 0
1559606400 0 0 0 0
1559520000 0 0 0 0
1559433600 0 0 0 0
1559347200 0 0 0 0
1559260800 0 0 0 0
1559174400 0 0 0 0
1559088000 0 0 0 0
1559001600 0 0 0 0
1558915200 0 0 0 0
1558828800 0 0 0 0
1558742400 0 0 0 0
1558656000 0 0 0 0
1558569600 0 0 0 0
1558483200 0 0 0 0
1558396800 0 0 0 0
1558310400 0 0 0 0
1558224000 0 0 0 0
1558137600 0 0 0 0
1558051200 0 0 0 0
1557964800 0 0 0 0
1557878400 0 0 0 0
1557792000 0 0 0 0
1557705600 0 0 0 0
1557619200 0 0 0 0
1557532800 0 0 0 0
1557446400 0 0 0 0
1557360000 0 0 0 0
1557273600 0 0 0 0
1557187200 0 0 0 0
1557100800 0 0 0 0
1557014400 0 0 0 0
1556928000 0 0 0 0
1556841600 0 0 0 0
1556755200 0 0 0 0
1556668800 0 0 0 0
1556582400 0 0 0 0
1556496000 0 0 0 0
1556409600 0 0 0 0
1556323200 0 0 0 0
1556236800 0 0 0 0
1556150400 0 0 0 0
1556064000 0 0 0 0
1555977600 0 0 0 0
1555891200 0 0 0 0
1555804800 0 0 0 0
1555718400 0 0 0 0
1555632000 0 0 0 0
1555545600 0 0 0 0
1555459200 0 0 0 0
1555372800 0 0 0 0
1555286400 0 0 0 0
1555200000 0 0 0 0
1555113600 0 0 0 0
