1622478302 4124333150 801538282
1622478302 1421 936 1421 936
1622478002 1415 1202 1415 1202
1622478000 1414 1201 1415 1202
1622477700 1248 1052 1372 1106
1622477400 1381 1107 4260 1544
1622477100 4271 1544 5990 1548
1622476800 6012 1551 9293 2064
1622476500 9313 2068 15451 3431
1622476200 15410 3429 15451 3431
1622475900 3311 3046 4299 4150
1622475600 4278 4137 4299 4150
1622475300 1384 2259 14254 6837
1622475000 14211 6819 14254 6837
1622474700 1367 1496 1368 1886
1622474400 1173 1888 1465 2288
1622474100 1465 2300 1598 4116
1622473800 1990 4118 119479 4846
1622473500 119646 4851 169749 6347
1622473200 169294 6324 169749 6347
1622472900 101694 2968 129746 3876
1622472600 130219 3943 200822 14008
1622472300 200633 13993 200822 14008
1622472000 144144 9639 144258 9660
1622471700 119092 12875 1443012 1426208
1622471400 1434086 1416719 1443012 1426208
1622471100 104181 2981 108479 3708
1622470800 108507 3709 117034 4241
1622470500 117097 4246 136028 6028
1622470200 135710 6028 136028 6202
1622469900 40933 6198 43957 6202
1622469600 43669 5671 43957 5704
1622469300 890 878 891 879
1622469000 609 722 647 759
1622468700 647 759 656 778
1622468400 655 777 656 778
1622468100 613 694 755 778
1622467800 753 777 755 778
1622467500 576 733 683 734
1622467200 683 723 887 850
1622466900 886 849 887 850
1622466600 653 793 745 834
1622466300 745 834 783 838
1622466000 782 837 783 838
1622465700 584 733 671 774
1622465400 670 773 671 774
1622465100 656 707 657 708
1622464800 521 697 689 800
1622464500 689 799 692 800
1622464200 691 744 692 749
1622463900 624 749 803 825
1622463600 803 825 855 847
1622463300 856 847 1007 905
1622463000 1006 904 1007 905
1622462700 710 810 711 811
1622462400 650 764 651 765
1622462100 639 740 725 776
1622461800 724 776 725 817
1622461500 681 816 682 817
1622461200 663 764 664 765
1622460900 636 740 899 807
1622460600 897 806 899 807
1622460300 509 668 717 745
1622460000 718 746 911 935
1622459700 910 934 911 935
1622459400 639 776 640 778
1622459100 620 777 705 778
1622458800 704 752 705 753
1622458500 558 708 707 759
1622458200 706 758 707 759
1622457900 568 720 569 738
1622457600 540 738 663 756
1622457300 663 756 736 831
1622457000 734 829 736 831
1622456700 515 678 847 855
1622456400 847 854 946 855
1622456100 945 851 946 852
1622455800 716 795 940 858
1622455500 938 857 940 858
1622455200 666 775 768 828
1622454900 767 827 768 828
1622454600 705 790 834 865
1622454300 833 865 834 931
1622454000 791 930 792 931
1622453700 686 809 1425 1118
1622453400 1419 1115 1425 1118
1622453100 659 804 1174 1928
1622452800 1172 1924 1174 1928
1622452500 850 930 851 931
1622452200 735 818 789 860
1622451900 788 859 789 860
1622451600 713 815 735 816
1622451300 734 778 735 779
1622451000 657 736 693 819
1622450700 692 818 693 819
1622450400 679 814 788 872
1622450100 787 871 788 872
1622449800 720 847 721 848
1622449500 634 790 1019 985
1622449200 1018 984 1019 985
1622448900 973 926 974 927
1622448600 822 888 1031 889
1622448300 1028 851 1031 852
1622448000 710 839 711 840
1622447700 677 797 725 798
1622447400 725 781 751 850
1622447100 2004 915 188748 10713
1622446800 187494 10646 188748 10713
1622446500 684 804 2292 805
1622446200 2286 786 2292 787
1622445900 564 709 714 754
1622445600 713 754 714 839
1622445300 683 838 684 839
1622445000 653 760 654 761
1622444700 653 753 1306 843
1622444400 1302 842 1306 843
1622444100 729 792 730 793
1622443800 592 674 666 733
1622443500 665 733 666 776
1622443200 659 775 660 776
1622442900 619 734 824 855
1622442600 823 854 824 855
1622442300 627 747 869 805
1622442000 870 805 1295 974
1622441700 1293 973 1295 974
1622441400 734 821 735 822
1622441100 712 806 713 807
1622440800 656 781 657 782
1622440500 616 778 712 787
1622440200 713 787 974 922
1622439900 972 921 974 922
1622439600 665 809 810 874
1622439300 809 873 810 874
1622439000 801 868 817 906
1622438700 816 905 817 906
1622438400 776 826 1240 2551
1622438100 1236 2539 1240 2551
1622437800 705 820 875 921
1622437500 874 920 875 921
1622437200 778 822 779 838
1622436900 685 838 833 870
1622436600 832 869 833 870
1622436300 688 807 689 808
1622436000 639 778 785 889
1622435700 793 889 2050 942
1622435400 2040 941 2050 942
1622435100 685 812 1125 1036
1622434800 1124 1035 1125 1036
1622434500 858 942 859 943
1622434200 839 891 840 892
1622433900 755 838 756 839
1622433600 716 783 717 784
1622433300 606 773 671 774
1622433000 671 742 675 793
1622432700 674 792 675 793
1622432400 550 727 620 755
1622432100 620 755 836 787
1622431800 834 786 836 787
1622431500 624 765 693 797
1622431200 693 796 720 797
1622430900 719 785 720 786
1622430600 626 755 1032 795
1622430300 1031 795 1032 854
1622430000 951 853 953 854
1622429700 580 652 634 727
1622429400 634 727 643 782
1622429100 643 781 677 782
1622428800 676 738 677 750
1622428500 631 750 646 766
1622428200 645 765 646 766
1622427900 579 705 700 749
1622427600 701 749 937 792
1622427300 936 792 937 931
1622427000 854 930 855 931
1622426700 633 724 712 796
1622426400 711 795 712 796
1622426100 647 757 1894 1647
1622425800 1886 1641 1894 1647
1622425500 775 840 776 841
1622425200 670 767 671 768
1622424900 612 709 676 787
1622424600 680 790 1341 1295
1622424300 1339 1292 1341 1295
1622424000 1067 992 1069 993
1622423700 722 797 723 798
1622423400 696 769 1111 829
1622423100 1108 828 1111 829
1622422800 688 767 728 768
1622422500 727 730 728 806
1622422200 693 805 694 806
1622421900 648 743 651 777
1622421600 651 776 652 777
1622421300 652 728 677 774
1622421000 676 773 677 774
1622420700 531 668 751 796
1622420400 751 796 878 880
1622420100 877 879 878 880
1622419800 789 805 951 824
1622419500 949 823 951 824
1622419200 649 753 683 785
1622418900 682 785 683 799
1622418600 668 798 669 799
1622418300 621 751 622 752
1622418000 605 729 632 769
1622417700 632 769 915 816
1622417400 935 818 3968 1154
1622417100 3948 1151 3968 1154
1622416800 988 791 989 817
1622416500 822 816 823 817
1622416200 644 731 883 768
1622415900 881 767 883 768
1622415600 622 735 690 803
1622415300 689 802 690 803
1622415000 668 754 750 865
1622414700 749 864 750 865
1622414400 624 749 679 750
1622414100 681 740 1536 893
1622413800 1532 892 1536 893
1622413500 562 690 822 819
1622413200 821 819 822 848
1622412900 804 848 857 883
1622412600 857 882 885 883
1622412300 882 805 885 806
1622412000 582 755 629 759
1622411700 628 758 629 759
1622411400 604 706 644 760
1622411100 644 759 698 760
1622410800 697 755 698 785
1622410500 1214 796 160111 4129
1622410200 159579 4117 160111 4129
1622409900 539 727 1513 6159
1622409600 1522 6186 2963 10219
1622409300 2955 10189 2963 10219
1622409000 858 1330 927 1332
1622408700 926 895 927 896
1622408400 728 814 729 821
1622408100 723 820 724 821
1622407800 689 783 690 857
1622407500 660 856 706 857
1622407200 706 834 721 846
1622406900 721 845 819 846
1622406600 818 837 819 866
1622406300 683 866 806 901
1622406000 806 901 968 1038
1622405700 967 1037 968 1038
1622405400 889 957 1020 969
1622405100 1019 968 1020 969
1622404800 776 919 1115 2866
1622404500 1112 2853 1115 2866
1622404200 782 937 805 989
1622403900 814 1021 3505 10705
1622403600 3486 10638 3505 10705
1622403300 685 785 1233 1877
1622403000 1232 1877 1233 2056
1622402700 1110 2052 1111 2056
1622402400 901 950 902 951
1622402100 794 926 795 927
1622401800 662 805 787 896
1622401500 786 895 787 896
1622401200 771 814 806 815
1622400900 805 798 806 909
1622400600 791 908 792 909
1622400300 761 857 762 858
1622400000 701 799 703 865
1622399700 704 865 889 946
1622399400 887 944 889 946
1622399100 624 734 1110 877
1622398800 1110 877 1139 1084
1622398500 1137 1083 1139 1084
1622398200 945 969 982 970
1622397900 980 915 982 916
1622397600 652 790 683 791
1622397300 684 785 879 897
1622397000 877 896 879 897
1622396700 690 824 691 824
1622396400 649 826 2725 1435
1622396100 2735 1459 4327 5052
1622395800 4314 5037 4327 5052
1622395500 650 808 912 860
1622395200 910 859 912 860
1622394900 755 841 785 867
1622394600 786 867 1120 923
1622394300 1118 922 1120 923
1622394000 758 855 759 855
1622393700 739 855 845 860
1622393400 844 859 845 860
1622393100 610 752 687 810
1622392800 687 809 700 810
1622392500 699 800 700 801
1622392200 664 750 665 751
1622391900 534 714 792 817
1622391600 792 817 804 914
1622391300 803 913 804 914
1622391000 762 851 763 852
1622390700 677 733 866 816
1622390400 865 816 866 824
1622390100 815 823 816 824
1622389800 676 750 677 751
1622389500 637 734 638 755
1622389200 628 755 719 829
1622388900 723 829 2052 914
1622388600 2046 913 2052 914
1622388300 547 660 648 739
1622388000 648 739 782 852
1622387700 781 851 782 852
1622387400 603 713 677 795
1622387100 676 794 677 795
1622386800 632 748 659 794
1622386500 658 793 659 794
1622386200 648 761 672 786
1622385900 671 785 672 786
1622385600 637 720 779 841
1622385300 778 840 779 841
1622385000 714 777 715 778
1622384700 611 739 704 740
1622384400 704 728 897 975
1622384100 897 975 1013 1050
1622383800 1010 1047 1013 1050
1622383500 681 742 683 743
1622383200 526 683 706 770
1622382900 705 769 706 770
1622382600 637 742 638 743
1622382300 599 729 600 749
1622382000 590 749 717 817
1622381700 717 817 744 839
1622381400 743 838 744 839
1622381100 615 757 748 828
1622380800 748 828 866 938
1622380500 865 937 866 938
1622380200 729 836 730 840
1622379900 726 840 775 888
1622379600 774 887 775 888
1622379300 664 790 722 816
1622379000 722 818 869 1230
1622378700 868 1228 869 1230
1622378400 789 843 1302 889
1622378100 1298 888 1302 889
1622377800 770 840 771 841
1622377500 633 759 806 842
1622377200 806 842 1013 1016
1622376900 1011 1014 1013 1016
1622376600 844 857 978 881
1622376300 977 880 978 881
1622376000 793 839 794 840
1622375700 649 746 680 760
1622375400 680 760 725 860
1622375100 724 859 725 860
1622374800 718 844 733 869
1622374500 733 869 917 934
1622374200 914 932 917 934
1622373900 547 710 801 852
1622373600 800 852 801 881
1622373300 766 880 767 881
1622373000 754 798 988 903
1622372700 986 902 988 903
1622372400 593 758 856 876
1622372100 854 875 856 876
1622371800 676 779 712 828
1622371500 711 827 712 828
1622371200 618 768 676 798
1622370900 676 797 722 798
1622370600 721 759 722 760
1622370300 639 752 788 809
1622370000 788 809 881 915
1622369700 880 914 881 915
1622369400 796 817 870 826
1622369100 867 825 870 826
1622368800 566 692 613 738
1622368500 613 737 663 738
1622368200 663 727 734 812
1622367900 733 811 734 812
1622367600 580 741 688 790
1622367300 689 789 969 790
1622367000 968 757 969 764
1622366700 672 763 714 764
1622366400 715 726 886 858
1622366100 885 857 886 858
1622365800 770 806 884 807
1622365500 883 774 884 775
1622365200 615 727 616 737
1622364900 616 737 668 776
1622364600 668 776 786 841
1622364300 784 840 786 841
1622364000 534 720 672 818
1622363700 674 818 1529 827
1622363400 1525 826 1529 827
1622363100 555 722 791 881
1622362800 795 884 1505 1360
1622362500 1504 1359 1505 1360
1622362200 1400 1316 1402 1318
1622361900 943 805 944 806
1622361600 646 739 647 740
1622361300 557 720 735 769
1622361000 734 769 735 783
1622360700 647 782 648 783
1622360400 568 718 1931 1602
1622360100 1927 1599 1931 1602
1622359800 884 857 886 858
1622359500 560 715 612 716
1622359200 612 693 845 925
1622358900 844 924 845 925
1622358600 647 744 924 778
1622358300 921 777 924 778
1622358000 575 690 652 734
1622357700 651 733 652 734
1622357400 610 710 748 820
1622357100 747 819 748 820
1622356800 572 715 589 716
1622356500 589 698 817 856
1622356200 815 855 817 856
1622355900 619 730 706 766
1622355600 706 766 947 901
1622355300 946 900 947 901
1622355000 795 891 1014 892
1622354700 1011 884 1014 886
1622354400 564 690 612 716
1622354100 612 716 627 728
1622353800 627 728 698 735
1622353500 698 735 731 875
1622353200 730 874 731 875
1622352900 716 817 804 837
1622352600 803 837 804 893
1622352300 774 892 775 893
1622352000 755 786 11100 1200
1622351700 11030 1197 11100 1200
1622351400 645 785 1024 924
1622351100 1023 923 1024 924
1622350800 734 834 735 835
1622350500 645 752 712 821
1622350200 712 821 756 865
1622349900 755 864 756 865
1622349600 701 777 747 866
1622349300 754 866 1916 980
1622349000 1911 979 1916 980
1622348700 693 835 826 874
1622348400 827 875 1033 1030
1622348100 1031 1028 1033 1030
1622347800 809 811 932 839
1622347500 930 838 932 839
1622347200 740 804 741 813
1622346900 686 813 780 869
1622346600 779 868 780 869
1622346300 666 810 667 811
1622346000 656 802 683 803
1622345700 687 782 1972 918
1622345400 1963 917 1972 918
1622345100 712 850 768 851
1622344800 770 825 1084 1002
1622344500 1082 1001 1084 1002
1622344200 774 849 775 850
1622343900 722 828 840 880
1622343600 839 879 840 880
1622343300 677 807 678 808
1622343000 673 767 714 892
1622342700 714 891 779 892
1622342400 778 856 779 857
1622342100 776 842 777 847
1622341800 774 846 775 847
1622341500 652 810 909 901
1622341200 908 901 909 955
1622340900 904 954 940 955
1622340600 939 916 940 917
1622340300 797 906 798 907
1622340000 774 899 892 900
1622339700 891 804 892 805
1622339400 661 771 777 890
1622339100 776 889 777 890
1622338800 732 856 733 857
1622338500 706 814 805 836
1622338200 803 835 805 836
1622337900 638 777 884 884
1622337600 884 884 948 920
1622337300 946 918 948 920
1622337000 665 766 1354 1386
1622336700 1352 1384 1354 1386
1622336400 777 851 778 852
1622336100 684 796 766 845
1622335800 765 844 766 845
1622335500 669 799 770 892
1622335200 769 891 770 892
1622334900 714 791 1023 887
1622334600 1020 886 1023 887
1622334300 641 778 940 891
1622334000 940 891 1003 961
1622333700 1001 960 1003 961
1622333400 820 893 964 894
1622333100 963 853 964 857
1622332800 758 856 759 857
1622332500 705 792 706 793
1622332200 647 778 723 832
1622331900 723 832 739 867
1622331600 738 866 739 867
1622331300 653 749 894 958
1622331000 901 958 3017 1177
1622330700 3010 1175 3017 1177
1622330400 1074 863 1075 978
1622330100 1000 976 1003 978
1622329800 685 806 790 864
1622329500 792 864 1454 933
1622329200 1458 932 2060 933
1622328900 2050 865 2060 866
1622328600 689 771 693 795
1622328300 692 794 693 795
1622328000 654 783 844 885
1622327700 843 884 844 885
1622327400 807 858 808 859
1622327100 640 794 840 892
1622326800 841 892 1008 991
1622326500 1006 990 1008 991
1622326200 793 852 873 852
1622325900 872 852 873 863
1622325600 704 863 704 885
1622325300 704 884 757 885
1622325000 756 848 757 849
1622324700 639 797 683 837
1622324400 683 836 697 837
1622324100 698 834 1096 926
1622323800 1094 925 1096 926
1622323500 687 853 835 873
1622323200 835 873 962 976
1622322900 961 975 962 976
1622322600 675 831 729 832
1622322300 729 803 853 902
1622322000 851 901 853 902
1622321700 694 793 806 811
1622321400 805 810 806 811
1622321100 666 807 684 808
1622320800 684 780 693 830
1622320500 693 830 909 897
1622320200 907 896 909 897
1622319900 674 856 853 898
1622319600 853 898 924 965
1622319300 923 964 924 965
1622319000 790 849 794 887
1622318700 794 886 820 887
1622318400 819 864 820 865
1622318100 630 800 751 854
1622317800 750 853 751 854
1622317500 672 814 1444 949
1622317200 1440 948 1444 949
1622316900 919 881 920 913
1622316600 815 912 816 913
1622316300 671 808 749 809
1622316000 749 793 772 903
1622315700 771 902 772 903
1622315400 728 844 766 881
1622315100 766 880 786 881
1622314800 791 878 1549 879
1622314500 1543 848 1549 849
1622314200 714 783 714 805
1622313900 714 805 738 868
1622313600 763 868 8490 1064
1622313300 8452 1086 8490 4420
1622313000 2897 4395 2913 4420
1622312700 628 766 1071 958
1622312400 1070 958 1071 1033
1622312100 1053 1032 1055 1033
1622311800 895 934 896 935
1622311500 790 933 791 934
1622311200 766 856 767 857
1622310900 630 755 733 840
1622310600 733 839 770 840
1622310300 770 801 804 876
1622310000 803 875 804 876
1622309700 723 823 1895 946
1622309400 1887 945 1895 946
1622309100 729 810 821 865
1622308800 820 865 821 912
1622308500 803 911 804 912
1622308200 650 781 965 868
1622307900 964 868 965 903
1622307600 898 902 900 903
1622307300 693 835 694 836
1622307000 661 802 688 836
1622306700 687 835 688 836
1622306400 642 785 767 869
1622306100 767 868 812 869
1622305800 812 864 961 939
1622305500 961 939 966 969
1622305200 966 969 1098 1102
1622304900 1096 1101 1098 1102
1622304600 789 881 943 882
1622304300 943 872 1063 876
1622304000 1062 875 1063 876
1622303700 887 854 889 855
1622303400 670 777 745 826
1622303100 744 825 745 826
1622302800 683 812 749 813
1622302500 749 809 826 878
1622302200 825 877 826 878
1622301900 652 783 818 836
1622301600 818 836 823 897
1622301300 822 896 823 897
1622301000 699 873 943 874
1622300700 942 858 943 866
1622300400 890 865 892 866
1622300100 706 807 750 807
1622299800 750 807 765 847
1622299500 764 846 765 847
1622299200 661 802 767 888
1622298900 770 888 1921 921
1622298600 1917 920 1921 921
1622298300 36268 1788 177931 5386
1622296800 702 836 1002 923
1622295000 805 863 1002 923
1622293200 756 835 1086 1000
1622291400 910 895 1169 1047
1622289600 707 808 1012 953
1622287800 777 826 1012 953
1622286000 649 754 834 843
1622284200 41243 1555 123808 3236
1622282400 642 766 911 865
1622280600 1172 1368 3055 4215
1622278800 622 763 754 824
1622277000 875 867 1158 983
1622275200 687 810 779 841
1622273400 2961 914 13703 1193
1622271600 842 810 2108 997
1622269800 1019 883 2108 997
1622268000 672 793 898 935
1622266200 753 800 898 935
1622264400 668 984 834 2221
1622262600 794 826 920 894
1622260800 634 746 946 867
1622259000 750 791 946 867
1622257200 703 771 1978 881
1622255400 994 816 1978 881
1622253600 666 783 760 852
1622251800 784 811 1172 908
1622250000 657 759 2717 864
1622248200 18282 1319 103931 2349
1622246400 689 785 934 979
1622244600 34542 2026 132656 5229
1622242800 689 739 1026 1018
1622241000 689 706 814 764
1622239200 554 673 681 728
1622237400 614 697 738 812
1622235600 585 683 10855 5970
1622233800 2381 1609 10855 5970
1622232000 1279 841 3786 1128
1622230200 979 795 2206 884
1622228400 1381 790 3586 919
1622226600 1239 844 2380 1018
1622224800 814 769 993 834
1622223000 3388 1027 14313 1782
1622221200 68662 8947 227422 27586
1622219400 360 649 360 649
1622217600 360 649 360 649
1622215800 360 649 360 649
1622214000 360 649 360 649
1622212200 360 649 360 649
1622210400 360 649 360 649
1622208600 360 649 360 649
1622206800 360 649 360 649
1622205000 360 649 360 649
1622203200 360 649 360 649
1622201400 360 649 360 649
1622199600 360 649 360 649
1622197800 360 649 360 649
1622196000 360 649 360 649
1622194200 360 649 360 649
1622192400 360 649 360 649
1622190600 360 649 360 649
1622188800 360 649 360 649
1622187000 360 649 360 649
1622185200 360 649 360 649
1622183400 360 649 360 649
1622181600 360 649 360 649
1622179800 360 649 360 649
1622178000 360 649 360 649
1622176200 360 649 360 649
1622174400 360 649 360 649
1622172600 360 649 360 649
1622170800 360 649 360 649
1622169000 360 649 360 649
1622167200 360 649 360 649
1622165400 360 649 360 649
1622163600 360 649 360 649
1622161800 360 649 360 649
1622160000 360 649 360 649
1622158200 360 649 360 649
1622156400 360 649 360 649
1622154600 360 649 360 649
1622152800 360 649 360 649
1622151000 360 649 360 649
1622149200 360 649 360 649
1622147400 360 649 360 649
1622145600 360 649 360 649
1622143800 360 649 360 649
1622142000 360 649 360 649
1622140200 360 649 360 649
1622138400 360 649 360 649
1622136600 360 649 360 649
1622134800 360 649 360 649
1622133000 360 649 360 649
1622131200 360 649 360 649
1622129400 360 649 360 649
1622127600 360 649 360 649
1622125800 360 649 360 649
1622124000 360 649 360 649
1622122200 360 649 360 649
1622120400 360 649 360 649
1622118600 360 649 360 649
1622116800 360 649 360 649
1622115000 360 649 360 649
1622113200 360 649 360 649
1622111400 360 649 360 649
1622109600 360 649 360 649
1622107800 360 649 360 649
1622106000 360 649 360 649
1622104200 360 649 360 649
1622102400 360 649 360 649
1622100600 360 649 360 649
1622098800 360 649 360 649
1622097000 360 649 360 649
1622095200 360 649 360 649
1622093400 360 649 360 649
1622091600 360 649 360 649
1622089800 360 649 360 649
1622088000 360 649 360 649
1622086200 360 649 360 649
1622084400 360 649 360 649
1622082600 360 649 360 649
1622080800 360 649 360 649
1622079000 360 649 360 649
1622077200 360 649 360 649
1622075400 360 649 360 649
1622073600 360 649 360 649
1622071800 360 649 360 649
1622070000 360 649 360 649
1622068200 360 649 360 649
1622066400 360 649 360 649
1622064600 360 649 360 649
1622062800 360 649 360 649
1622061000 360 649 360 649
1622059200 360 649 360 649
1622057400 360 649 360 649
1622055600 360 649 360 649
1622053800 360 649 360 649
1622052000 360 649 360 649
1622050200 360 649 360 649
1622048400 360 649 360 649
1622046600 360 649 360 649
1622044800 360 649 360 649
1622043000 360 649 360 649
1622041200 360 649 360 649
1622039400 360 649 360 649
1622037600 360 649 360 649
1622035800 360 649 360 649
1622034000 360 649 360 649
1622032200 360 649 360 649
1622030400 360 649 360 649
1622028600 360 649 360 649
1622026800 360 649 360 649
1622025000 360 649 360 649
1622023200 360 649 360 649
1622021400 360 649 360 649
1622019600 360 649 360 649
1622017800 360 649 360 649
1622016000 360 649 360 649
1622014200 360 649 360 649
1622012400 360 649 360 649
1622010600 360 649 360 649
1622008800 360 649 360 649
1622007000 360 649 360 649
1622005200 360 649 360 649
1622003400 360 649 360 649
1622001600 360 649 360 649
1621999800 360 649 360 649
1621998000 360 649 360 649
1621996200 360 649 360 649
1621994400 360 649 360 649
1621992600 360 649 360 649
1621990800 360 649 360 649
1621989000 360 649 360 649
1621987200 360 649 360 649
1621985400 360 649 360 649
1621983600 360 649 360 649
1621981800 360 649 360 649
1621980000 360 649 360 649
1621978200 360 649 360 649
1621976400 360 649 360 649
1621974600 360 649 360 649
1621972800 360 649 360 649
1621971000 360 649 360 649
1621969200 360 649 360 649
1621967400 360 649 360 649
1621965600 360 649 360 649
1621963800 360 649 360 649
1621962000 360 649 360 649
1621960200 360 649 360 649
1621958400 360 649 360 649
1621956600 360 649 360 649
1621954800 360 649 360 649
1621953000 360 649 360 649
1621951200 360 649 360 649
1621949400 360 649 360 649
1621947600 360 649 360 649
1621945800 360 649 360 649
1621944000 360 649 360 649
1621942200 360 649 360 649
1621940400 360 649 360 649
1621938600 360 649 360 649
1621936800 360 649 360 649
1621935000 360 649 360 649
1621933200 360 649 360 649
1621931400 360 649 360 649
1621929600 360 649 360 649
1621927800 360 649 360 649
1621926000 360 649 360 649
1621924200 360 649 360 649
1621922400 360 649 360 649
1621920600 360 649 360 649
1621918800 360 649 360 649
1621917000 360 649 360 649
1621915200 360 649 360 649
1621913400 360 649 360 649
1621911600 360 649 360 649
1621909800 360 649 360 649
1621908000 360 649 360 649
1621906200 360 649 360 649
1621904400 360 649 360 649
1621902600 360 649 360 649
1621900800 360 649 360 649
1621899000 360 649 360 649
1621897200 360 649 360 649
1621895400 360 649 360 649
1621893600 360 649 360 649
1621891800 360 649 360 649
1621890000 360 649 360 649
1621888200 360 649 360 649
1621886400 360 649 360 649
1621884600 360 649 360 649
1621882800 360 649 360 649
1621881000 360 649 360 649
1621879200 360 649 360 649
1621877400 360 649 360 649
1621875600 360 649 360 649
1621873800 360 649 360 649
1621872000 360 649 360 649
1621870200 360 649 360 649
1621868400 360 649 360 649
1621866600 360 649 360 649
1621864800 360 649 360 649
1621863000 360 649 360 649
1621861200 360 649 360 649
1621859400 360 649 360 649
1621857600 360 649 360 649
1621855800 360 649 360 649
1621854000 360 649 360 649
1621852200 360 649 360 649
1621850400 360 649 360 649
1621848600 360 649 360 649
1621846800 360 649 360 649
1621845000 360 649 360 649
1621843200 360 649 360 649
1621841400 360 649 360 649
1621839600 360 649 360 649
1621837800 360 649 360 649
1621836000 360 649 360 649
1621834200 360 649 360 649
1621832400 360 649 360 649
1621830600 360 649 360 649
1621828800 360 649 360 649
1621827000 360 649 360 649
1621825200 360 649 360 649
1621823400 360 649 360 649
1621821600 360 649 360 649
1621819800 360 649 360 649
1621818000 360 649 360 649
1621816200 360 649 360 649
1621814400 360 649 360 649
1621812600 360 649 360 649
1621810800 360 649 360 649
1621809000 360 649 360 649
1621807200 360 649 360 649
1621805400 360 649 360 649
1621803600 360 649 360 649
1621801800 360 649 360 649
1621800000 360 649 360 649
1621798200 360 649 360 649
1621796400 360 649 360 649
1621794600 360 649 360 649
1621792800 360 649 360 649
1621791000 360 649 360 649
1621789200 360 649 360 649
1621787400 360 649 360 649
1621785600 360 649 360 649
1621783800 360 649 360 649
1621782000 360 649 360 649
1621780200 360 649 360 649
1621778400 360 649 360 649
1621776600 360 649 360 649
1621774800 360 649 360 649
1621773000 360 649 360 649
1621771200 360 649 360 649
1621769400 360 649 360 649
1621767600 360 649 360 649
1621765800 360 649 360 649
1621764000 360 649 360 649
1621762200 360 649 360 649
1621760400 360 649 360 649
1621758600 360 649 360 649
1621756800 360 649 360 649
1621755000 360 649 360 649
1621753200 360 649 360 649
1621751400 360 649 360 649
1621749600 360 649 360 649
1621747800 360 649 360 649
1621746000 360 649 360 649
1621744200 360 649 360 649
1621742400 360 649 360 649
1621740600 360 649 360 649
1621738800 360 649 360 649
1621737000 360 649 360 649
1621735200 360 649 360 649
1621733400 360 649 360 649
1621731600 360 649 360 649
1621729800 360 649 360 649
1621728000 360 649 360 649
1621726200 360 649 360 649
1621724400 360 649 360 649
1621722600 360 649 360 649
1621720800 360 649 360 649
1621719000 360 649 360 649
1621717200 360 649 360 649
1621715400 360 649 360 649
1621713600 360 649 360 649
1621711800 360 649 360 649
1621710000 360 649 360 649
1621708200 360 649 360 649
1621706400 360 649 360 649
1621704600 360 649 360 649
1621702800 360 649 360 649
1621701000 360 649 360 649
1621699200 360 649 360 649
1621697400 360 649 360 649
1621695600 360 649 360 649
1621693800 360 649 360 649
1621692000 360 649 360 649
1621690200 360 649 360 649
1621688400 360 649 360 649
1621686600 360 649 360 649
1621684800 360 649 360 649
1621683000 360 649 360 649
1621681200 360 649 360 649
1621679400 360 649 360 649
1621677600 360 649 360 649
1621675800 360 649 360 649
1621674000 360 649 360 649
1621672200 360 649 360 649
1621670400 360 649 360 649
1621668600 360 649 360 649
1621666800 360 649 360 649
1621665000 360 649 360 649
1621663200 360 649 360 649
1621661400 360 649 360 649
1621659600 360 649 360 649
1621657800 360 649 360 649
1621656000 360 649 360 649
1621654200 360 649 360 649
1621652400 360 649 360 649
1621650600 360 649 360 649
1621648800 360 649 360 649
1621647000 360 649 360 649
1621645200 360 649 360 649
1621643400 360 649 360 649
1621641600 360 649 360 649
1621639800 360 649 360 649
1621638000 360 649 360 649
1621636200 360 649 360 649
1621634400 360 649 360 649
1621632600 360 649 360 649
1621630800 360 649 360 649
1621629000 360 649 360 649
1621627200 360 649 360 649
1621625400 360 649 360 649
1621623600 360 649 360 649
1621621800 360 649 360 649
1621620000 360 649 360 649
1621618200 360 649 360 649
1621616400 360 649 360 649
1621614600 360 649 360 649
1621612800 360 649 360 649
1621611000 360 649 360 649
1621609200 360 649 360 649
1621607400 360 649 360 649
1621605600 360 649 360 649
1621603800 360 649 360 649
1621602000 360 649 360 649
1621600200 360 649 360 649
1621598400 360 649 360 649
1621596600 360 649 360 649
1621594800 360 649 360 649
1621593000 360 649 360 649
1621591200 360 649 360 649
1621589400 360 649 360 649
1621587600 360 649 360 649
1621585800 360 649 360 649
1621584000 360 649 360 649
1621582200 360 649 360 649
1621580400 360 649 360 649
1621578600 360 649 360 649
1621576800 360 649 360 649
1621575000 360 649 360 649
1621573200 360 649 360 649
1621571400 360 649 360 649
1621569600 360 649 360 649
1621567800 360 649 360 649
1621566000 360 649 360 649
1621564200 360 649 360 649
1621562400 360 649 360 649
1621560600 360 649 360 649
1621558800 360 649 360 649
1621557000 360 649 360 649
1621555200 360 649 360 649
1621553400 360 649 360 649
1621551600 360 649 360 649
1621549800 360 649 360 649
1621548000 360 649 360 649
1621546200 360 649 360 649
1621544400 360 649 360 649
1621542600 360 649 360 649
1621540800 360 649 360 649
1621539000 360 649 360 649
1621537200 360 649 360 649
1621535400 360 649 360 649
1621533600 360 649 360 649
1621531800 360 649 360 649
1621530000 360 649 360 649
1621528200 360 649 360 649
1621526400 360 649 360 649
1621524600 360 649 360 649
1621522800 360 649 360 649
1621521000 360 649 360 649
1621519200 360 649 360 649
1621517400 360 649 360 649
1621515600 360 649 360 649
1621513800 360 649 360 649
1621512000 360 649 360 649
1621510200 360 649 360 649
1621508400 360 649 360 649
1621506600 360 649 360 649
1621504800 360 649 360 649
1621503000 360 649 360 649
1621501200 360 649 360 649
1621499400 360 649 360 649
1621497600 360 649 360 649
1621495800 360 649 360 649
1621494000 360 649 360 649
1621492200 360 649 360 649
1621490400 360 649 360 649
1621488600 360 649 360 649
1621486800 360 649 360 649
1621485000 360 649 360 649
1621483200 360 649 360 649
1621481400 360 649 360 649
1621479600 360 649 360 649
1621477800 360 649 360 649
1621476000 360 649 360 649
1621474200 360 649 360 649
1621472400 360 649 360 649
1621470600 360 649 360 649
1621468800 360 649 360 649
1621467000 360 649 360 649
1621465200 360 649 360 649
1621463400 360 649 360 649
1621461600 360 649 360 649
1621459800 360 649 360 649
1621458000 360 649 360 649
1621456200 360 649 360 649
1621454400 360 649 360 649
1621452600 360 649 360 649
1621450800 360 649 360 649
1621449000 360 649 360 649
1621447200 360 649 360 649
1621445400 360 649 360 649
1621443600 360 649 360 649
1621441800 360 649 360 649
1621440000 360 649 360 649
1621438200 360 649 360 649
1621436400 360 649 360 649
1621434600 360 649 360 649
1621432800 360 649 360 649
1621431000 360 649 360 649
1621429200 360 649 360 649
1621427400 360 649 360 649
1621425600 360 649 360 649
1621423800 360 649 360 649
1621422000 360 649 360 649
1621420200 360 649 360 649
1621418400 360 649 360 649
1621416600 360 649 360 649
1621414800 360 649 360 649
1621413000 360 649 360 649
1621411200 360 649 360 649
1621409400 360 649 360 649
1621407600 360 649 360 649
1621405800 360 649 360 649
1621404000 360 649 360 649
1621402200 360 649 360 649
1621400400 360 649 360 649
1621398600 360 649 360 649
1621396800 360 649 360 649
1621395000 360 649 360 649
1621393200 360 649 360 649
1621391400 360 649 360 649
1621389600 360 649 360 649
1621387800 360 649 360 649
1621386000 360 649 360 649
1621384200 360 649 360 649
1621382400 360 649 360 649
1621380600 360 649 360 649
1621378800 360 649 360 649
1621377000 360 649 360 649
1621375200 360 649 360 649
1621373400 360 649 360 649
1621371600 360 649 360 649
1621369800 360 649 360 649
1621368000 360 649 360 649
1621366200 360 649 360 649
1621364400 360 649 360 649
1621362600 360 649 360 649
1621360800 360 649 360 649
1621359000 360 649 360 649
1621357200 360 649 360 649
1621355400 360 649 360 649
1621353600 360 649 360 649
1621351800 360 649 360 649
1621350000 360 649 360 649
1621348200 360 649 360 649
1621346400 360 649 360 649
1621344600 360 649 360 649
1621342800 360 649 360 649
1621341000 360 649 360 649
1621339200 360 649 360 649
1621337400 360 649 360 649
1621335600 360 649 360 649
1621333800 360 649 360 649
1621332000 360 649 360 649
1621330200 360 649 360 649
1621328400 360 649 360 649
1621326600 360 649 360 649
1621324800 360 649 360 649
1621323000 360 649 360 649
1621321200 360 649 360 649
1621319400 360 649 360 649
1621317600 360 649 360 649
1621315800 360 649 360 649
1621314000 360 649 360 649
1621312200 360 649 360 649
1621310400 360 649 360 649
1621308600 360 649 360 649
1621306800 360 649 360 649
1621305000 360 649 360 649
1621303200 360 649 360 649
1621301400 360 649 360 649
1621299600 360 649 360 649
1621297800 360 649 360 649
1621296000 360 649 360 649
1621294200 360 649 360 649
1621292400 360 649 360 649
1621290600 360 649 360 649
1621288800 360 649 360 649
1621287000 360 649 360 649
1621285200 360 649 360 649
1621283400 360 649 360 649
1621281600 360 649 360 649
1621279800 360 649 360 649
1621278000 360 649 360 649
1621276200 360 649 360 649
1621274400 360 649 360 649
1621272600 360 649 360 649
1621270800 360 649 360 649
1621269000 360 649 360 649
1621267200 360 649 360 649
1621265400 360 649 360 649
1621263600 360 649 360 649
1621261800 360 649 360 649
1621260000 360 649 360 649
1621258200 360 649 360 649
1621256400 360 649 360 649
1621254600 360 649 360 649
1621252800 360 649 360 649
1621251000 360 649 360 649
1621249200 360 649 360 649
1621247400 360 649 360 649
1621245600 360 649 360 649
1621243800 360 649 360 649
1621242000 360 649 360 649
1621240200 360 649 360 649
1621238400 360 649 360 649
1621236600 360 649 360 649
1621234800 360 649 360 649
1621233000 360 649 360 649
1621231200 360 649 360 649
1621229400 360 649 360 649
1621227600 360 649 360 649
1621225800 360 649 360 649
1621224000 360 649 360 649
1621222200 360 649 360 649
1621220400 360 649 360 649
1621218600 360 649 360 649
1621216800 360 649 360 649
1621209600 360 649 360 649
1621202400 360 649 360 649
1621195200 360 649 360 649
1621188000 360 649 360 649
1621180800 360 649 360 649
1621173600 360 649 360 649
1621166400 360 649 360 649
1621159200 360 649 360 649
1621152000 360 649 360 649
1621144800 360 649 360 649
1621137600 360 649 360 649
1621130400 360 649 360 649
1621123200 360 649 360 649
1621116000 360 649 360 649
1621108800 360 649 360 649
1621101600 360 649 360 649
1621094400 360 649 360 649
1621087200 360 649 360 649
1621080000 360 649 360 649
1621072800 360 649 360 649
1621065600 360 649 360 649
1621058400 360 649 360 649
1621051200 360 649 360 649
1621044000 360 649 360 649
1621036800 360 649 360 649
1621029600 360 649 360 649
1621022400 360 649 360 649
1621015200 360 649 360 649
1621008000 360 649 360 649
1621000800 360 649 360 649
1620993600 360 649 360 649
1620986400 360 649 360 649
1620979200 360 649 360 649
1620972000 360 649 360 649
1620964800 360 649 360 649
1620957600 360 649 360 649
1620950400 360 649 360 649
1620943200 360 649 360 649
1620936000 360 649 360 649
1620928800 360 649 360 649
1620921600 360 649 360 649
1620914400 360 649 360 649
1620907200 360 649 360 649
1620900000 360 649 360 649
1620892800 360 649 360 649
1620885600 360 649 360 649
1620878400 360 649 360 649
1620871200 360 649 360 649
1620864000 360 649 360 649
1620856800 360 649 360 649
1620849600 360 649 360 649
1620842400 360 649 360 649
1620835200 360 649 360 649
1620828000 360 649 360 649
1620820800 360 649 360 649
1620813600 360 649 360 649
1620806400 360 649 360 649
1620799200 360 649 360 649
1620792000 360 649 360 649
1620784800 360 649 360 649
1620777600 360 649 360 649
1620770400 360 649 360 649
1620763200 360 649 360 649
1620756000 360 649 360 649
1620748800 360 649 360 649
1620741600 360 649 360 649
1620734400 360 649 360 649
1620727200 360 649 360 649
1620720000 360 649 360 649
1620712800 360 649 360 649
1620705600 360 649 360 649
1620698400 360 649 360 649
1620691200 360 649 360 649
1620684000 360 649 360 649
1620676800 360 649 360 649
1620669600 360 649 360 649
1620662400 360 649 360 649
1620655200 360 649 360 649
1620648000 360 649 360 649
1620640800 360 649 360 649
1620633600 360 649 360 649
1620626400 360 649 360 649
1620619200 360 649 360 649
1620612000 360 649 360 649
1620604800 360 649 360 649
1620597600 360 649 360 649
1620590400 360 649 360 649
1620583200 360 649 360 649
1620576000 360 649 360 649
1620568800 360 649 360 649
1620561600 360 649 360 649
1620554400 360 649 360 649
1620547200 360 649 360 649
1620540000 360 649 360 649
1620532800 360 649 360 649
1620525600 360 649 360 649
1620518400 360 649 360 649
1620511200 360 649 360 649
1620504000 360 649 360 649
1620496800 360 649 360 649
1620489600 360 649 360 649
1620482400 360 649 360 649
1620475200 360 649 360 649
1620468000 360 649 360 649
1620460800 360 649 360 649
1620453600 360 649 360 649
1620446400 360 649 360 649
1620439200 360 649 360 649
1620432000 360 649 360 649
1620424800 360 649 360 649
1620417600 360 649 360 649
1620410400 360 649 360 649
1620403200 360 649 360 649
1620396000 360 649 360 649
1620388800 360 649 360 649
1620381600 360 649 360 649
1620374400 360 649 360 649
1620367200 360 649 360 649
1620360000 360 649 360 649
1620352800 360 649 360 649
1620345600 360 649 360 649
1620338400 360 649 360 649
1620331200 360 649 360 649
1620324000 360 649 360 649
1620316800 360 649 360 649
1620309600 360 649 360 649
1620302400 360 649 360 649
1620295200 360 649 360 649
1620288000 360 649 360 649
1620280800 360 649 360 649
1620273600 360 649 360 649
1620266400 360 649 360 649
1620259200 360 649 360 649
1620252000 360 649 360 649
1620244800 360 649 360 649
1620237600 360 649 360 649
1620230400 360 649 360 649
1620223200 360 649 360 649
1620216000 360 649 360 649
1620208800 360 649 360 649
1620201600 360 649 360 649
1620194400 360 649 360 649
1620187200 360 649 360 649
1620180000 360 649 360 649
1620172800 360 649 360 649
1620165600 360 649 360 649
1620158400 360 649 360 649
1620151200 360 649 360 649
1620144000 360 649 360 649
1620136800 360 649 360 649
1620129600 360 649 360 649
1620122400 360 649 360 649
1620115200 360 649 360 649
1620108000 360 649 360 649
1620100800 360 649 360 649
1620093600 360 649 360 649
1620086400 360 649 360 649
1620079200 360 649 360 649
1620072000 360 649 360 649
1620064800 360 649 360 649
1620057600 360 649 360 649
1620050400 360 649 360 649
1620043200 360 649 360 649
1620036000 360 649 360 649
1620028800 360 649 360 649
1620021600 360 649 360 649
1620014400 360 649 360 649
1620007200 360 649 360 649
1620000000 360 649 360 649
1619992800 360 649 360 649
1619985600 360 649 360 649
1619978400 360 649 360 649
1619971200 360 649 360 649
1619964000 360 649 360 649
1619956800 360 649 360 649
1619949600 360 649 360 649
1619942400 360 649 360 649
1619935200 360 649 360 649
1619928000 360 649 360 649
1619920800 360 649 360 649
1619913600 360 649 360 649
1619906400 360 649 360 649
1619899200 360 649 360 649
1619892000 360 649 360 649
1619884800 360 649 360 649
1619877600 360 649 360 649
1619870400 360 649 360 649
1619863200 360 649 360 649
1619856000 360 649 360 649
1619848800 360 649 360 649
1619841600 360 649 360 649
1619834400 360 649 360 649
1619827200 360 649 360 649
1619820000 360 649 360 649
1619812800 360 649 360 649
1619805600 360 649 360 649
1619798400 360 649 360 649
1619791200 360 649 360 649
1619784000 360 649 360 649
1619776800 360 649 360 649
1619769600 360 649 360 649
1619762400 360 649 360 649
1619755200 360 649 360 649
1619748000 360 649 360 649
1619740800 360 649 360 649
1619733600 360 649 360 649
1619726400 360 649 360 649
1619719200 360 649 360 649
1619712000 360 649 360 649
1619704800 360 649 360 649
1619697600 360 649 360 649
1619690400 360 649 360 649
1619683200 360 649 360 649
1619676000 360 649 360 649
1619668800 360 649 360 649
1619661600 360 649 360 649
1619654400 360 649 360 649
1619647200 360 649 360 649
1619640000 360 649 360 649
1619632800 360 649 360 649
1619625600 360 649 360 649
1619618400 360 649 360 649
1619611200 360 649 360 649
1619604000 360 649 360 649
1619596800 360 649 360 649
1619589600 360 649 360 649
1619582400 360 649 360 649
1619575200 360 649 360 649
1619568000 360 649 360 649
1619560800 360 649 360 649
1619553600 360 649 360 649
1619546400 360 649 360 649
1619539200 360 649 360 649
1619532000 360 649 360 649
1619524800 360 649 360 649
1619517600 360 649 360 649
1619510400 360 649 360 649
1619503200 360 649 360 649
1619496000 360 649 360 649
1619488800 360 649 360 649
1619481600 360 649 360 649
1619474400 360 649 360 649
1619467200 360 649 360 649
1619460000 360 649 360 649
1619452800 360 649 360 649
1619445600 360 649 360 649
1619438400 360 649 360 649
1619431200 360 649 360 649
1619424000 360 649 360 649
1619416800 360 649 360 649
1619409600 360 649 360 649
1619402400 360 649 360 649
1619395200 360 649 360 649
1619388000 360 649 360 649
1619380800 360 649 360 649
1619373600 360 649 360 649
1619366400 360 649 360 649
1619359200 360 649 360 649
1619352000 360 649 360 649
1619344800 360 649 360 649
1619337600 360 649 360 649
1619330400 360 649 360 649
1619323200 360 649 360 649
1619316000 360 649 360 649
1619308800 360 649 360 649
1619301600 360 649 360 649
1619294400 360 649 360 649
1619287200 360 649 360 649
1619280000 360 649 360 649
1619272800 360 649 360 649
1619265600 360 649 360 649
1619258400 360 649 360 649
1619251200 360 649 360 649
1619244000 360 649 360 649
1619236800 360 649 360 649
1619229600 360 649 360 649
1619222400 360 649 360 649
1619215200 360 649 360 649
1619208000 360 649 360 649
1619200800 360 649 360 649
1619193600 360 649 360 649
1619186400 360 649 360 649
1619179200 360 649 360 649
1619172000 360 649 360 649
1619164800 360 649 360 649
1619157600 360 649 360 649
1619150400 360 649 360 649
1619143200 360 649 360 649
1619136000 360 649 360 649
1619128800 360 649 360 649
1619121600 360 649 360 649
1619114400 360 649 360 649
1619107200 360 649 360 649
1619100000 360 649 360 649
1619092800 360 649 360 649
1619085600 360 649 360 649
1619078400 360 649 360 649
1619071200 360 649 360 649
1619064000 360 649 360 649
1619056800 360 649 360 649
1619049600 360 649 360 649
1619042400 360 649 360 649
1619035200 360 649 360 649
1619028000 360 649 360 649
1619020800 360 649 360 649
1619013600 360 649 360 649
1619006400 360 649 360 649
1618999200 360 649 360 649
1618992000 360 649 360 649
1618984800 360 649 360 649
1618977600 360 649 360 649
1618970400 360 649 360 649
1618963200 360 649 360 649
1618956000 360 649 360 649
1618948800 360 649 360 649
1618941600 360 649 360 649
1618934400 360 649 360 649
1618927200 360 649 360 649
1618920000 360 649 360 649
1618912800 360 649 360 649
1618905600 360 649 360 649
1618898400 360 649 360 649
1618891200 360 649 360 649
1618884000 360 649 360 649
1618876800 360 649 360 649
1618869600 360 649 360 649
1618862400 360 649 360 649
1618855200 360 649 360 649
1618848000 360 649 360 649
1618840800 360 649 360 649
1618833600 360 649 360 649
1618826400 360 649 360 649
1618819200 360 649 360 649
1618812000 360 649 360 649
1618804800 360 649 360 649
1618797600 360 649 360 649
1618790400 360 649 360 649
1618783200 360 649 360 649
1618776000 360 649 360 649
1618768800 360 649 360 649
1618761600 360 649 360 649
1618754400 360 649 360 649
1618747200 360 649 360 649
1618740000 360 649 360 649
1618732800 360 649 360 649
1618725600 360 649 360 649
1618718400 360 649 360 649
1618711200 360 649 360 649
1618704000 360 649 360 649
1618696800 360 649 360 649
1618689600 360 649 360 649
1618682400 360 649 360 649
1618675200 360 649 360 649
1618668000 360 649 360 649
1618660800 360 649 360 649
1618653600 360 649 360 649
1618646400 360 649 360 649
1618639200 360 649 360 649
1618632000 360 649 360 649
1618624800 360 649 360 649
1618617600 360 649 360 649
1618610400 360 649 360 649
1618603200 360 649 360 649
1618596000 360 649 360 649
1618588800 360 649 360 649
1618581600 360 649 360 649
1618574400 360 649 360 649
1618567200 360 649 360 649
1618560000 360 649 360 649
1618552800 360 649 360 649
1618545600 360 649 360 649
1618538400 360 649 360 649
1618531200 360 649 360 649
1618524000 360 649 360 649
1618516800 360 649 360 649
1618509600 360 649 360 649
1618502400 360 649 360 649
1618495200 360 649 360 649
1618488000 360 649 360 649
1618480800 360 649 360 649
1618473600 360 649 360 649
1618466400 360 649 360 649
1618459200 360 649 360 649
1618452000 360 649 360 649
1618444800 360 649 360 649
1618437600 360 649 360 649
1618430400 360 649 360 649
1618423200 360 649 360 649
1618416000 360 649 360 649
1618408800 360 649 360 649
1618401600 360 649 360 649
1618394400 360 649 360 649
1618387200 360 649 360 649
1618380000 360 649 360 649
1618372800 360 649 360 649
1618365600 360 649 360 649
1618358400 360 649 360 649
1618351200 360 649 360 649
1618344000 360 649 360 649
1618336800 360 649 360 649
1618329600 360 649 360 649
1618322400 360 649 360 649
1618315200 360 649 360 649
1618308000 360 649 360 649
1618300800 360 649 360 649
1618293600 360 649 360 649
1618286400 360 649 360 649
1618279200 360 649 360 649
1618272000 360 649 360 649
1618264800 360 649 360 649
1618257600 360 649 360 649
1618250400 360 649 360 649
1618243200 360 649 360 649
1618236000 360 649 360 649
1618228800 360 649 360 649
1618221600 360 649 360 649
1618214400 360 649 360 649
1618207200 360 649 360 649
1618200000 360 649 360 649
1618192800 360 649 360 649
1618185600 360 649 360 649
1618178400 360 649 360 649
1618171200 360 649 360 649
1618164000 360 649 360 649
1618156800 360 649 360 649
1618149600 360 649 360 649
1618142400 360 649 360 649
1618135200 360 649 360 649
1618128000 360 649 360 649
1618120800 360 649 360 649
1618113600 360 649 360 649
1618106400 360 649 360 649
1618099200 360 649 360 649
1618092000 360 649 360 649
1618084800 360 649 360 649
1618077600 360 649 360 649
1618070400 360 649 360 649
1618063200 360 649 360 649
1618056000 360 649 360 649
1618048800 360 649 360 649
1618041600 360 649 360 649
1618034400 360 649 360 649
1618027200 360 649 360 649
1618020000 360 649 360 649
1618012800 360 649 360 649
1618005600 360 649 360 649
1617998400 360 649 360 649
1617991200 360 649 360 649
1617984000 360 649 360 649
1617976800 360 649 360 649
1617969600 360 649 360 649
1617962400 360 649 360 649
1617955200 360 649 360 649
1617948000 360 649 360 649
1617940800 360 649 360 649
1617933600 360 649 360 649
1617926400 360 649 360 649
1617919200 360 649 360 649
1617912000 360 649 360 649
1617904800 360 649 360 649
1617897600 360 649 360 649
1617890400 360 649 360 649
1617883200 360 649 360 649
1617876000 360 649 360 649
1617868800 360 649 360 649
1617861600 360 649 360 649
1617854400 360 649 360 649
1617847200 360 649 360 649
1617840000 360 649 360 649
1617832800 360 649 360 649
1617825600 360 649 360 649
1617818400 360 649 360 649
1617811200 360 649 360 649
1617804000 360 649 360 649
1617796800 360 649 360 649
1617789600 360 649 360 649
1617782400 360 649 360 649
1617775200 360 649 360 649
1617768000 360 649 360 649
1617760800 360 649 360 649
1617753600 360 649 360 649
1617746400 360 649 360 649
1617739200 360 649 360 649
1617732000 360 649 360 649
1617724800 360 649 360 649
1617717600 360 649 360 649
1617710400 360 649 360 649
1617703200 360 649 360 649
1617696000 360 649 360 649
1617688800 360 649 360 649
1617681600 360 649 360 649
1617674400 360 649 360 649
1617667200 360 649 360 649
1617660000 360 649 360 649
1617652800 360 649 360 649
1617645600 360 649 360 649
1617638400 360 649 360 649
1617631200 360 649 360 649
1617624000 360 649 360 649
1617616800 360 649 360 649
1617609600 360 649 360 649
1617602400 360 649 360 649
1617595200 360 649 360 649
1617588000 360 649 360 649
1617580800 360 649 360 649
1617573600 360 649 360 649
1617566400 360 649 360 649
1617559200 360 649 360 649
1617552000 360 649 360 649
1617544800 360 649 360 649
1617537600 360 649 360 649
1617530400 360 649 360 649
1617523200 360 649 360 649
1617516000 360 649 360 649
1617508800 360 649 360 649
1617501600 360 649 360 649
1617494400 360 649 360 649
1617487200 360 649 360 649
1617480000 360 649 360 649
1617472800 360 649 360 649
1617465600 360 649 360 649
1617458400 360 649 360 649
1617451200 360 649 360 649
1617444000 360 649 360 649
1617436800 360 649 360 649
1617429600 360 649 360 649
1617422400 360 649 360 649
1617415200 360 649 360 649
1617408000 360 649 360 649
1617400800 360 649 360 649
1617393600 360 649 360 649
1617386400 360 649 360 649
1617379200 360 649 360 649
1617372000 360 649 360 649
1617364800 360 649 360 649
1617357600 360 649 360 649
1617350400 360 649 360 649
1617343200 360 649 360 649
1617336000 360 649 360 649
1617328800 360 649 360 649
1617321600 360 649 360 649
1617314400 360 649 360 649
1617307200 360 649 360 649
1617300000 360 649 360 649
1617292800 360 649 360 649
1617285600 360 649 360 649
1617278400 360 649 360 649
1617271200 360 649 360 649
1617264000 360 649 360 649
1617256800 360 649 360 649
1617249600 360 649 360 649
1617242400 360 649 360 649
1617235200 360 649 360 649
1617228000 360 649 360 649
1617220800 360 649 360 649
1617213600 360 649 360 649
1617206400 360 649 360 649
1617199200 360 649 360 649
1617192000 360 649 360 649
1617184800 360 649 360 649
1617177600 360 649 360 649
1617170400 360 649 360 649
1617163200 360 649 360 649
1617156000 360 649 360 649
1617148800 360 649 360 649
1617141600 360 649 360 649
1617134400 360 649 360 649
1617127200 360 649 360 649
1617120000 360 649 360 649
1617112800 360 649 360 649
1617105600 360 649 360 649
1617098400 360 649 360 649
1617091200 360 649 360 649
1617084000 360 649 360 649
1617076800 360 649 360 649
1617069600 360 649 360 649
1617062400 360 649 360 649
1617055200 360 649 360 649
1617048000 360 649 360 649
1617040800 360 649 360 649
1617033600 360 649 360 649
1617026400 360 649 360 649
1617019200 360 649 360 649
1617012000 360 649 360 649
1617004800 360 649 360 649
1616997600 360 649 360 649
1616990400 360 649 360 649
1616983200 360 649 360 649
1616976000 360 649 360 649
1616968800 360 649 360 649
1616961600 360 649 360 649
1616954400 360 649 360 649
1616947200 360 649 360 649
1616940000 360 649 360 649
1616932800 360 649 360 649
1616925600 360 649 360 649
1616918400 360 649 360 649
1616911200 360 649 360 649
1616904000 360 649 360 649
1616896800 360 649 360 649
1616889600 360 649 360 649
1616803200 360 649 360 649
1616716800 360 649 360 649
1616630400 360 649 360 649
1616544000 360 649 360 649
1616457600 360 649 360 649
1616371200 360 649 360 649
1616284800 360 649 360 649
1616198400 360 649 360 649
1616112000 360 649 360 649
1616025600 360 649 360 649
1615939200 360 649 360 649
1615852800 360 649 360 649
1615766400 360 649 360 649
1615680000 360 649 360 649
1615593600 360 649 360 649
1615507200 360 649 360 649
1615420800 360 649 360 649
1615334400 360 649 360 649
1615248000 360 649 360 649
1615161600 360 649 360 649
1615075200 360 649 360 649
1614988800 360 649 360 649
1614902400 360 649 360 649
1614816000 360 649 360 649
1614729600 360 649 360 649
1614643200 360 649 360 649
1614556800 360 649 360 649
1614470400 360 649 360 649
1614384000 360 649 360 649
1614297600 360 649 360 649
1614211200 360 649 360 649
1614124800 360 649 360 649
1614038400 360 649 360 649
1613952000 360 649 360 649
1613865600 360 649 360 649
1613779200 360 649 360 649
1613692800 360 649 360 649
1613606400 360 649 360 649
1613520000 360 649 360 649
1613433600 360 649 360 649
1613347200 360 649 360 649
1613260800 360 649 360 649
1613174400 360 649 360 649
1613088000 360 649 360 649
1613001600 360 649 360 649
1612915200 360 649 360 649
1612828800 360 649 360 649
1612742400 360 649 360 649
1612656000 360 649 360 649
1612569600 360 649 360 649
1612483200 360 649 360 649
1612396800 360 649 360 649
1612310400 360 649 360 649
1612224000 360 649 360 649
1612137600 360 649 360 649
1612051200 360 649 360 649
1611964800 360 649 360 649
1611878400 360 649 360 649
1611792000 360 649 360 649
1611705600 360 649 360 649
1611619200 360 649 360 649
1611532800 360 649 360 649
1611446400 360 649 360 649
1611360000 360 649 360 649
1611273600 360 649 360 649
1611187200 360 649 360 649
1611100800 360 649 360 649
1611014400 360 649 360 649
1610928000 360 649 360 649
1610841600 360 649 360 649
1610755200 360 649 360 649
1610668800 360 649 360 649
1610582400 360 649 360 649
1610496000 360 649 360 649
1610409600 360 649 360 649
1610323200 311 558 575 726
1610236800 0 0 0 0
1610150400 0 0 0 0
1610064000 0 0 0 0
1609977600 0 0 0 0
1609891200 0 0 0 0
1609804800 0 0 0 0
1609718400 0 0 0 0
1609632000 0 0 0 0
1609545600 0 0 0 0
1609459200 0 0 0 0
1609372800 0 0 0 0
1609286400 0 0 0 0
1609200000 0 0 0 0
1609113600 0 0 0 0
1609027200 0 0 0 0
1608940800 0 0 0 0
1608854400 0 0 0 0
1608768000 0 0 0 0
1608681600 0 0 0 0
1608595200 0 0 0 0
1608508800 0 0 0 0
1608422400 0 0 0 0
1608336000 0 0 0 0
1608249600 0 0 0 0
1608163200 0 0 0 0
1608076800 0 0 0 0
1607990400 0 0 0 0
1607904000 0 0 0 0
1607817600 0 0 0 0
1607731200 0 0 0 0
1607644800 0 0 0 0
1607558400 0 0 0 0
1607472000 0 0 0 0
1607385600 0 0 0 0
1607299200 0 0 0 0
1607212800 0 0 0 0
1607126400 0 0 0 0
1607040000 0 0 0 0
1606953600 0 0 0 0
1606867200 0 0 0 0
1606780800 0 0 0 0
1606694400 0 0 0 0
1606608000 0 0 0 0
1606521600 0 0 0 0
1606435200 0 0 0 0
1606348800 0 0 0 0
1606262400 0 0 0 0
1606176000 0 0 0 0
1606089600 0 0 0 0
1606003200 0 0 0 0
1605916800 0 0 0 0
1605830400 0 0 0 0
1605744000 0 0 0 0
1605657600 0 0 0 0
1605571200 0 0 0 0
1605484800 0 0 0 0
1605398400 0 0 0 0
1605312000 0 0 0 0
1605225600 0 0 0 0
1605139200 0 0 0 0
1605052800 0 0 0 0
1604966400 0 0 0 0
1604880000 0 0 0 0
1604793600 0 0 0 0
1604707200 0 0 0 0
1604620800 0 0 0 0
1604534400 0 0 0 0
1604448000 0 0 0 0
1604361600 0 0 0 0
1604275200 0 0 0 0
1604188800 0 0 0 0
1604102400 0 0 0 0
1604016000 0 0 0 0
1603929600 0 0 0 0
1603843200 0 0 0 0
1603756800 0 0 0 0
1603670400 0 0 0 0
1603584000 0 0 0 0
1603497600 0 0 0 0
1603411200 0 0 0 0
1603324800 0 0 0 0
1603238400 0 0 0 0
1603152000 0 0 0 0
1603065600 0 0 0 0
1602979200 0 0 0 0
1602892800 0 0 0 0
1602806400 0 0 0 0
1602720000 0 0 0 0
1602633600 0 0 0 0
1602547200 0 0 0 0
1602460800 0 0 0 0
1602374400 0 0 0 0
1602288000 0 0 0 0
1602201600 0 0 0 0
1602115200 0 0 0 0
1602028800 0 0 0 0
1601942400 0 0 0 0
1601856000 0 0 0 0
1601769600 0 0 0 0
1601683200 0 0 0 0
1601596800 0 0 0 0
1601510400 0 0 0 0
1601424000 0 0 0 0
1601337600 0 0 0 0
1601251200 0 0 0 0
1601164800 0 0 0 0
1601078400 0 0 0 0
1600992000 0 0 0 0
1600905600 0 0 0 0
1600819200 0 0 0 0
1600732800 0 0 0 0
1600646400 0 0 0 0
1600560000 0 0 0 0
1600473600 0 0 0 0
1600387200 0 0 0 0
1600300800 0 0 0 0
1600214400 0 0 0 0
1600128000 0 0 0 0
1600041600 0 0 0 0
1599955200 0 0 0 0
1599868800 0 0 0 0
1599782400 0 0 0 0
1599696000 0 0 0 0
1599609600 0 0 0 0
1599523200 0 0 0 0
1599436800 0 0 0 0
1599350400 0 0 0 0
1599264000 0 0 0 0
1599177600 0 0 0 0
1599091200 0 0 0 0
1599004800 0 0 0 0
1598918400 0 0 0 0
1598832000 0 0 0 0
1598745600 0 0 0 0
1598659200 0 0 0 0
1598572800 0 0 0 0
1598486400 0 0 0 0
1598400000 0 0 0 0
1598313600 0 0 0 0
1598227200 0 0 0 0
1598140800 0 0 0 0
1598054400 0 0 0 0
1597968000 0 0 0 0
1597881600 0 0 0 0
1597795200 0 0 0 0
1597708800 0 0 0 0
1597622400 0 0 0 0
1597536000 0 0 0 0
1597449600 0 0 0 0
1597363200 0 0 0 0
1597276800 0 0 0 0
1597190400 0 0 0 0
1597104000 0 0 0 0
1597017600 0 0 0 0
1596931200 0 0 0 0
1596844800 0 0 0 0
1596758400 0 0 0 0
1596672000 0 0 0 0
1596585600 0 0 0 0
1596499200 0 0 0 0
1596412800 0 0 0 0
1596326400 0 0 0 0
1596240000 0 0 0 0
1596153600 0 0 0 0
1596067200 0 0 0 0
1595980800 0 0 0 0
1595894400 0 0 0 0
1595808000 0 0 0 0
1595721600 0 0 0 0
1595635200 0 0 0 0
1595548800 0 0 0 0
1595462400 0 0 0 0
1595376000 0 0 0 0
1595289600 0 0 0 0
1595203200 0 0 0 0
1595116800 0 0 0 0
1595030400 0 0 0 0
1594944000 0 0 0 0
1594857600 0 0 0 0
1594771200 0 0 0 0
1594684800 0 0 0 0
1594598400 0 0 0 0
1594512000 0 0 0 0
1594425600 0 0 0 0
1594339200 0 0 0 0
1594252800 0 0 0 0
1594166400 0 0 0 0
1594080000 0 0 0 0
1593993600 0 0 0 0
1593907200 0 0 0 0
1593820800 0 0 0 0
1593734400 0 0 0 0
1593648000 0 0 0 0
1593561600 0 0 0 0
1593475200 0 0 0 0
1593388800 0 0 0 0
1593302400 0 0 0 0
1593216000 0 0 0 0
1593129600 0 0 0 0
1593043200 0 0 0 0
1592956800 0 0 0 0
1592870400 0 0 0 0
1592784000 0 0 0 0
1592697600 0 0 0 0
1592611200 0 0 0 0
1592524800 0 0 0 0
1592438400 0 0 0 0
1592352000 0 0 0 0
1592265600 0 0 0 0
1592179200 0 0 0 0
1592092800 0 0 0 0
1592006400 0 0 0 0
1591920000 0 0 0 0
1591833600 0 0 0 0
1591747200 0 0 0 0
1591660800 0 0 0 0
1591574400 0 0 0 0
1591488000 0 0 0 0
1591401600 0 0 0 0
1591315200 0 0 0 0
1591228800 0 0 0 0
1591142400 0 0 0 0
1591056000 0 0 0 0
1590969600 0 0 0 0
1590883200 0 0 0 0
1590796800 0 0 0 0
1590710400 0 0 0 0
1590624000 0 0 0 0
1590537600 0 0 0 0
1590451200 0 0 0 0
1590364800 0 0 0 0
1590278400 0 0 0 0
1590192000 0 0 0 0
1590105600 0 0 0 0
1590019200 0 0 0 0
1589932800 0 0 0 0
1589846400 0 0 0 0
1589760000 0 0 0 0
1589673600 0 0 0 0
1589587200 0 0 0 0
1589500800 0 0 0 0
1589414400 0 0 0 0
1589328000 0 0 0 0
1589241600 0 0 0 0
1589155200 0 0 0 0
1589068800 0 0 0 0
1588982400 0 0 0 0
1588896000 0 0 0 0
1588809600 0 0 0 0
1588723200 0 0 0 0
1588636800 0 0 0 0
1588550400 0 0 0 0
1588464000 0 0 0 0
1588377600 0 0 0 0
1588291200 0 0 0 0
1588204800 0 0 0 0
1588118400 0 0 0 0
1588032000 0 0 0 0
1587945600 0 0 0 0
1587859200 0 0 0 0
1587772800 0 0 0 0
1587686400 0 0 0 0
1587600000 0 0 0 0
1587513600 0 0 0 0
1587427200 0 0 0 0
1587340800 0 0 0 0
1587254400 0 0 0 0
1587168000 0 0 0 0
1587081600 0 0 0 0
1586995200 0 0 0 0
1586908800 0 0 0 0
1586822400 0 0 0 0
1586736000 0 0 0 0
1586649600 0 0 0 0
1586563200 0 0 0 0
1586476800 0 0 0 0
1586390400 0 0 0 0
1586304000 0 0 0 0
1586217600 0 0 0 0
1586131200 0 0 0 0
1586044800 0 0 0 0
1585958400 0 0 0 0
1585872000 0 0 0 0
1585785600 0 0 0 0
1585699200 0 0 0 0
1585612800 0 0 0 0
1585526400 0 0 0 0
1585440000 0 0 0 0
1585353600 0 0 0 0
1585267200 0 0 0 0
1585180800 0 0 0 0
1585094400 0 0 0 0
1585008000 0 0 0 0
1584921600 0 0 0 0
1584835200 0 0 0 0
1584748800 0 0 0 0
1584662400 0 0 0 0
1584576000 0 0 0 0
1584489600 0 0 0 0
1584403200 0 0 0 0
1584316800 0 0 0 0
1584230400 0 0 0 0
1584144000 0 0 0 0
1584057600 0 0 0 0
1583971200 0 0 0 0
1583884800 0 0 0 0
1583798400 0 0 0 0
1583712000 0 0 0 0
1583625600 0 0 0 0
1583539200 0 0 0 0
1583452800 0 0 0 0
1583366400 0 0 0 0
1583280000 0 0 0 0
1583193600 0 0 0 0
1583107200 0 0 0 0
1583020800 0 0 0 0
1582934400 0 0 0 0
1582848000 0 0 0 0
1582761600 0 0 0 0
1582675200 0 0 0 0
1582588800 0 0 0 0
1582502400 0 0 0 0
1582416000 0 0 0 0
1582329600 0 0 0 0
1582243200 0 0 0 0
1582156800 0 0 0 0
1582070400 0 0 0 0
1581984000 0 0 0 0
1581897600 0 0 0 0
1581811200 0 0 0 0
1581724800 0 0 0 0
1581638400 0 0 0 0
1581552000 0 0 0 0
1581465600 0 0 0 0
1581379200 0 0 0 0
1581292800 0 0 0 0
1581206400 0 0 0 0
1581120000 0 0 0 0
1581033600 0 0 0 0
1580947200 0 0 0 0
1580860800 0 0 0 0
1580774400 0 0 0 0
1580688000 0 0 0 0
1580601600 0 0 0 0
1580515200 0 0 0 0
1580428800 0 0 0 0
1580342400 0 0 0 0
1580256000 0 0 0 0
1580169600 0 0 0 0
1580083200 0 0 0 0
1579996800 0 0 0 0
1579910400 0 0 0 0
1579824000 0 0 0 0
1579737600 0 0 0 0
1579651200 0 0 0 0
1579564800 0 0 0 0
1579478400 0 0 0 0
1579392000 0 0 0 0
1579305600 0 0 0 0
1579219200 0 0 0 0
1579132800 0 0 0 0
1579046400 0 0 0 0
1578960000 0 0 0 0
1578873600 0 0 0 0
1578787200 0 0 0 0
1578700800 0 0 0 0
1578614400 0 0 0 0
1578528000 0 0 0 0
1578441600 0 0 0 0
1578355200 0 0 0 0
1578268800 0 0 0 0
1578182400 0 0 0 0
1578096000 0 0 0 0
1578009600 0 0 0 0
1577923200 0 0 0 0
1577836800 0 0 0 0
1577750400 0 0 0 0
1577664000 0 0 0 0
1577577600 0 0 0 0
1577491200 0 0 0 0
1577404800 0 0 0 0
1577318400 0 0 0 0
1577232000 0 0 0 0
1577145600 0 0 0 0
1577059200 0 0 0 0
1576972800 0 0 0 0
1576886400 0 0 0 0
1576800000 0 0 0 0
1576713600 0 0 0 0
1576627200 0 0 0 0
1576540800 0 0 0 0
1576454400 0 0 0 0
1576368000 0 0 0 0
1576281600 0 0 0 0
1576195200 0 0 0 0
1576108800 0 0 0 0
1576022400 0 0 0 0
1575936000 0 0 0 0
1575849600 0 0 0 0
1575763200 0 0 0 0
1575676800 0 0 0 0
1575590400 0 0 0 0
1575504000 0 0 0 0
1575417600 0 0 0 0
1575331200 0 0 0 0
1575244800 0 0 0 0
1575158400 0 0 0 0
1575072000 0 0 0 0
1574985600 0 0 0 0
1574899200 0 0 0 0
1574812800 0 0 0 0
1574726400 0 0 0 0
1574640000 0 0 0 0
1574553600 0 0 0 0
1574467200 0 0 0 0
1574380800 0 0 0 0
1574294400 0 0 0 0
1574208000 0 0 0 0
1574121600 0 0 0 0
1574035200 0 0 0 0
1573948800 0 0 0 0
1573862400 0 0 0 0
1573776000 0 0 0 0
1573689600 0 0 0 0
1573603200 0 0 0 0
1573516800 0 0 0 0
1573430400 0 0 0 0
1573344000 0 0 0 0
1573257600 0 0 0 0
1573171200 0 0 0 0
1573084800 0 0 0 0
1572998400 0 0 0 0
1572912000 0 0 0 0
1572825600 0 0 0 0
1572739200 0 0 0 0
1572652800 0 0 0 0
1572566400 0 0 0 0
1572480000 0 0 0 0
1572393600 0 0 0 0
1572307200 0 0 0 0
1572220800 0 0 0 0
1572134400 0 0 0 0
1572048000 0 0 0 0
1571961600 0 0 0 0
1571875200 0 0 0 0
1571788800 0 0 0 0
1571702400 0 0 0 0
1571616000 0 0 0 0
1571529600 0 0 0 0
1571443200 0 0 0 0
1571356800 0 0 0 0
1571270400 0 0 0 0
1571184000 0 0 0 0
1571097600 0 0 0 0
1571011200 0 0 0 0
1570924800 0 0 0 0
1570838400 0 0 0 0
1570752000 0 0 0 0
1570665600 0 0 0 0
1570579200 0 0 0 0
1570492800 0 0 0 0
1570406400 0 0 0 0
1570320000 0 0 0 0
1570233600 0 0 0 0
1570147200 0 0 0 0
1570060800 0 0 0 0
1569974400 0 0 0 0
1569888000 0 0 0 0
1569801600 0 0 0 0
1569715200 0 0 0 0
1569628800 0 0 0 0
1569542400 0 0 0 0
1569456000 0 0 0 0
1569369600 0 0 0 0
1569283200 0 0 0 0
1569196800 0 0 0 0
1569110400 0 0 0 0
1569024000 0 0 0 0
1568937600 0 0 0 0
1568851200 0 0 0 0
1568764800 0 0 0 0
1568678400 0 0 0 0
1568592000 0 0 0 0
1568505600 0 0 0 0
1568419200 0 0 0 0
1568332800 0 0 0 0
1568246400 0 0 0 0
1568160000 0 0 0 0
1568073600 0 0 0 0
1567987200 0 0 0 0
1567900800 0 0 0 0
1567814400 0 0 0 0
1567728000 0 0 0 0
1567641600 0 0 0 0
1567555200 0 0 0 0
1567468800 0 0 0 0
1567382400 0 0 0 0
1567296000 0 0 0 0
1567209600 0 0 0 0
1567123200 0 0 0 0
1567036800 0 0 0 0
1566950400 0 0 0 0
1566864000 0 0 0 0
1566777600 0 0 0 0
1566691200 0 0 0 0
1566604800 0 0 0 0
1566518400 0 0 0 0
1566432000 0 0 0 0
1566345600 0 0 0 0
1566259200 0 0 0 0
1566172800 0 0 0 0
1566086400 0 0 0 0
1566000000 0 0 0 0
1565913600 0 0 0 0
1565827200 0 0 0 0
1565740800 0 0 0 0
1565654400 0 0 0 0
1565568000 0 0 0 0
1565481600 0 0 0 0
1565395200 0 0 0 0
1565308800 0 0 0 0
1565222400 0 0 0 0
1565136000 0 0 0 0
1565049600 0 0 0 0
1564963200 0 0 0 0
1564876800 0 0 0 0
1564790400 0 0 0 0
1564704000 0 0 0 0
1564617600 0 0 0 0
1564531200 0 0 0 0
1564444800 0 0 0 0
1564358400 0 0 0 0
1564272000 0 0 0 0
1564185600 0 0 0 0
1564099200 0 0 0 0
1564012800 0 0 0 0
1563926400 0 0 0 0
1563840000 0 0 0 0
1563753600 0 0 0 0
1563667200 0 0 0 0
1563580800 0 0 0 0
1563494400 0 0 0 0
1563408000 0 0 0 0
1563321600 0 0 0 0
1563235200 0 0 0 0
1563148800 0 0 0 0
1563062400 0 0 0 0
1562976000 0 0 0 0
1562889600 0 0 0 0
1562803200 0 0 0 0
1562716800 0 0 0 0
1562630400 0 0 0 0
1562544000 0 0 0 0
1562457600 0 0 0 0
1562371200 0 0 0 0
1562284800 0 0 0 0
1562198400 0 0 0 0
1562112000 0 0 0 0
1562025600 0 0 0 0
1561939200 0 0 0 0
1561852800 0 0 0 0
1561766400 0 0 0 0
1561680000 0 0 0 0
1561593600 0 0 0 0
1561507200 0 0 0 0
1561420800 0 0 0 0
1561334400 0 0 0 0
1561248000 0 0 0 0
1561161600 0 0 0 0
1561075200 0 0 0 0
1560988800 0 0 0 0
1560902400 0 0 0 0
1560816000 0 0 0 0
1560729600 0 0 0 0
1560643200 0 0 0 0
1560556800 0 0 0 0
1560470400 0 0 0 0
1560384000 0 0 0 0
1560297600 0 0 0 0
1560211200 0 0 0 0
1560124800 0 0 0 0
1560038400 0 0 0 0
1559952000 0 0 0 0
1559865600 0 0 0 0
1559779200 0 0 0 0
1559692800 0 0 0 0
1559606400 0 0 0 0
1559520000 0 0 0 0
1559433600 0 0 0 0
1559347200 0 0 0 0
1559260800 0 0 0 0
1559174400 0 0 0 0
1559088000 0 0 0 0
1559001600 0 0 0 0
1558915200 0 0 0 0
1558828800 0 0 0 0
1558742400 0 0 0 0
1558656000 0 0 0 0
1558569600 0 0 0 0
1558483200 0 0 0 0
1558396800 0 0 0 0
1558310400 0 0 0 0
1558224000 0 0 0 0
1558137600 0 0 0 0
1558051200 0 0 0 0
1557964800 0 0 0 0
1557878400 0 0 0 0
1557792000 0 0 0 0
1557705600 0 0 0 0
1557619200 0 0 0 0
1557532800 0 0 0 0
1557446400 0 0 0 0
1557360000 0 0 0 0
1557273600 0 0 0 0
1557187200 0 0 0 0
1557100800 0 0 0 0
1557014400 0 0 0 0
1556928000 0 0 0 0
1556841600 0 0 0 0
1556755200 0 0 0 0
1556668800 0 0 0 0
1556582400 0 0 0 0
1556496000 0 0 0 0
1556409600 0 0 0 0
1556323200 0 0 0 0
1556236800 0 0 0 0
1556150400 0 0 0 0
1556064000 0 0 0 0
1555977600 0 0 0 0
1555891200 0 0 0 0
1555804800 0 0 0 0
1555718400 0 0 0 0
1555632000 0 0 0 0
1555545600 0 0 0 0
1555459200 0 0 0 0
1555372800 0 0 0 0
1555286400 0 0 0 0
1555200000 0 0 0 0
1555113600 0 0 0 0
1555027200 0 0 0 0
1554940800 0 0 0 0
1554854400 0 0 0 0
1554768000 0 0 0 0
1554681600 0 0 0 0
1554595200 0 0 0 0
1554508800 0 0 0 0
1554422400 0 0 0 0
1554336000 0 0 0 0
1554249600 0 0 0 0
1554163200 0 0 0 0
1554076800 0 0 0 0
1553990400 0 0 0 0
1553904000 0 0 0 0
1553817600 0 0 0 0
1553731200 0 0 0 0
