1658432111 4188194268 2270860317
1658432111 408027 93397 408027 93397
1658431811 571396 156055 571396 156055
1658431800 562990 162301 571396 312224
1658431500 377968 310393 778769 312224
1658431200 760886 265767 778769 266457
1658430900 336727 246416 457253 249208
1658430600 458001 185085 477671 333977
1658430300 469798 329511 477671 333977
1658430000 277421 210283 657247 212199
1658429700 686896 162462 1465867 228213
1658429400 1422676 229707 1465867 268973
1658429100 283633 262610 287932 268973
1658428800 174553 96992 267217 133707
1658428500 273163 134651 415884 157317
1658428200 406058 157379 415884 158870
1658427900 179447 168575 400319 401508
1658427600 396507 396707 400319 401508
1658427300 314272 281120 556947 281493
1658427000 546467 268965 556947 271321
1658426700 279611 206118 502476 207080
1658426400 497137 185462 502476 306791
1658426100 358206 298347 392972 306791
1658425800 385625 81979 392972 225395
1658425500 196937 225872 300711 237328
1658425200 297521 239654 300711 295485
1658424900 220455 290498 220971 295485
1658424600 209316 161210 272366 206147
1658424300 276846 207898 394562 253910
1658424000 395520 253180 420699 253910
1658423700 416888 231590 420699 234025
1658423400 310969 171826 316780 272837
1658423100 180655 267503 420645 272837
1658422800 427867 139333 617626 453617
1658422500 614949 448242 617626 453617
1658422200 553449 303313 764815 307053
1658421900 750625 218278 764815 331366
1658421600 426154 326632 848382 331366
1658421300 843671 202328 848382 203527
1658421000 723068 201658 806190 203527
1658420700 801859 173074 806190 665288
1658420400 687698 641881 697926 665288
1658420100 448540 99594 614266 611257
1658419800 607225 604124 614266 611257
1658419500 426523 406337 538939 416726
1658419200 531611 137720 538939 251096
1658418900 341551 248141 406060 251096
1658418600 397558 172420 406060 218228
1658418300 197083 214569 282355 218228
1658418000 287971 131532 435539 257003
1658417700 429012 255677 435539 257003
1658417400 259806 220224 318987 220843
1658417100 327031 199141 520087 203966
1658416800 520087 83363 520087 83363
1658416500 520087 83363 520087 83363
1658416200 520087 83363 520087 83363
1658415900 520087 83363 520087 83363
1658415600 520087 83363 520087 83363
1658415300 520087 83363 520087 83363
1658415000 520087 83363 520087 83363
1658414700 520087 83363 520087 83363
1658414400 520087 83363 520087 83363
1658414100 520087 83363 520087 83363
1658413800 520087 83363 520087 83363
1658413500 520087 83363 520087 83363
1658413200 520087 83363 520087 83363
1658412900 520087 83363 520087 83363
1658412600 520087 83363 520087 83363
1658412300 520087 83363 520087 83363
1658412000 520087 83363 520087 83363
1658411700 520087 83363 520087 83363
1658411400 520087 83363 520087 83363
1658411100 520087 83363 520087 83363
1658410800 520087 83363 520087 83363
1658410500 520087 83363 520087 83363
1658410200 520087 83363 520087 83363
1658409900 520087 83363 520087 83363
1658409600 520087 83363 520087 83363
1658409300 520087 83363 520087 83363
1658409000 520087 83363 520087 83363
1658408700 520087 83363 520087 83363
1658408400 520087 83363 520087 83363
1658408100 520087 83363 520087 83363
1658407800 520087 83363 520087 83363
1658407500 520087 83363 520087 83363
1658407200 520087 83363 520087 83363
1658406900 520087 83363 520087 83363
1658406600 520087 83363 520087 83363
1658406300 520087 83363 520087 83363
1658406000 520087 83363 520087 83363
1658405700 520087 83363 520087 83363
1658405400 520087 83363 520087 83363
1658405100 520087 83363 520087 83363
1658404800 520087 83363 520087 83363
1658404500 520087 83363 520087 83363
1658404200 520087 83363 520087 83363
1658403900 520087 83363 520087 83363
1658403600 520087 83363 520087 83363
1658403300 520087 83363 520087 83363
1658403000 520087 83363 520087 83363
1658402700 520087 83363 520087 83363
1658402400 520087 83363 520087 83363
1658402100 520087 83363 520087 83363
1658401800 520087 83363 520087 83363
1658401500 520087 83363 520087 83363
1658401200 520087 83363 520087 83363
1658400900 520087 83363 520087 83363
1658400600 520087 83363 520087 83363
1658400300 520087 83363 520087 83363
1658400000 520087 83363 520087 83363
1658399700 520087 83363 520087 83363
1658399400 520087 83363 520087 83363
1658399100 520087 83363 520087 83363
1658398800 520087 83363 520087 83363
1658398500 520087 83363 520087 83363
1658398200 520087 83363 520087 83363
1658397900 520087 83363 520087 83363
1658397600 520087 83363 520087 83363
1658397300 520087 83363 520087 83363
1658397000 520087 83363 520087 83363
1658396700 520087 83363 520087 83363
1658396400 520087 83363 520087 83363
1658396100 520087 83363 520087 83363
1658395800 520087 83363 520087 83363
1658395500 520087 83363 520087 83363
1658395200 520087 83363 520087 83363
1658394900 520087 83363 520087 83363
1658394600 520087 83363 520087 83363
1658394300 520087 83363 520087 83363
1658394000 520087 83363 520087 83363
1658393700 520087 83363 520087 83363
1658393400 520087 83363 520087 83363
1658393100 520087 83363 520087 83363
1658392800 520087 83363 520087 83363
1658392500 520087 83363 520087 83363
1658392200 520087 83363 520087 83363
1658391900 520087 83363 520087 83363
1658391600 520087 83363 520087 83363
1658391300 520087 83363 520087 83363
1658391000 520087 83363 520087 83363
1658390700 520087 83363 520087 83363
1658390400 520087 83363 520087 83363
1658390100 520087 83363 520087 83363
1658389800 520087 83363 520087 83363
1658389500 520087 83363 520087 83363
1658389200 520087 83363 520087 83363
1658388900 520087 83363 520087 83363
1658388600 520087 83363 520087 83363
1658388300 520087 83363 520087 83363
1658388000 520087 83363 520087 83363
1658387700 520087 83363 520087 83363
1658387400 520087 83363 520087 83363
1658387100 520087 83363 520087 83363
1658386800 520087 83363 520087 83363
1658386500 520087 83363 520087 83363
1658386200 520087 83363 520087 83363
1658385900 520087 83363 520087 83363
1658385600 520087 83363 520087 83363
1658385300 520087 83363 520087 83363
1658385000 520087 83363 520087 83363
1658384700 520087 83363 520087 83363
1658384400 520087 83363 520087 83363
1658384100 520087 83363 520087 83363
1658383800 520087 83363 520087 83363
1658383500 520087 83363 520087 83363
1658383200 520087 83363 520087 83363
1658382900 520087 83363 520087 83363
1658382600 520087 83363 520087 83363
1658382300 520087 83363 520087 83363
1658382000 520087 83363 520087 83363
1658381700 520087 83363 520087 83363
1658381400 520087 83363 520087 83363
1658381100 520087 83363 520087 83363
1658380800 520087 83363 520087 83363
1658380500 520087 83363 520087 83363
1658380200 520087 83363 520087 83363
1658379900 520087 83363 520087 83363
1658379600 520087 83363 520087 83363
1658379300 520087 83363 520087 83363
1658379000 520087 83363 520087 83363
1658378700 520087 83363 520087 83363
1658378400 520087 83363 520087 83363
1658378100 520087 83363 520087 83363
1658377800 520087 83363 520087 83363
1658377500 520087 83363 520087 83363
1658377200 520087 83363 520087 83363
1658376900 520087 83363 520087 83363
1658376600 520087 83363 520087 83363
1658376300 520087 83363 520087 83363
1658376000 520087 83363 520087 83363
1658375700 520087 83363 520087 83363
1658375400 520087 83363 520087 83363
1658375100 520087 83363 520087 83363
1658374800 520087 83363 520087 83363
1658374500 520087 83363 520087 83363
1658374200 520087 83363 520087 83363
1658373900 520087 83363 520087 83363
1658373600 520087 83363 520087 83363
1658373300 520087 83363 520087 83363
1658373000 520087 83363 520087 83363
1658372700 520087 83363 520087 83363
1658372400 520087 83363 520087 83363
1658372100 520087 83363 520087 83363
1658371800 520087 83363 520087 83363
1658371500 520087 83363 520087 83363
1658371200 520087 83363 520087 83363
1658370900 520087 83363 520087 83363
1658370600 520087 83363 520087 83363
1658370300 520087 83363 520087 83363
1658370000 520087 83363 520087 83363
1658369700 520087 83363 520087 83363
1658369400 520087 83363 520087 83363
1658369100 520087 83363 520087 83363
1658368800 520087 83363 520087 83363
1658368500 520087 83363 520087 83363
1658368200 520087 83363 520087 83363
1658367900 520087 83363 520087 83363
1658367600 520087 83363 520087 83363
1658367300 520087 83363 520087 83363
1658367000 520087 83363 520087 83363
1658366700 520087 83363 520087 83363
1658366400 520087 83363 520087 83363
1658366100 520087 83363 520087 83363
1658365800 520087 83363 520087 83363
1658365500 520087 83363 520087 83363
1658365200 520087 83363 520087 83363
1658364900 520087 83363 520087 83363
1658364600 520087 83363 520087 83363
1658364300 520087 83363 520087 83363
1658364000 520087 83363 520087 83363
1658363700 520087 83363 520087 83363
1658363400 520087 83363 520087 83363
1658363100 520087 83363 520087 83363
1658362800 520087 83363 520087 83363
1658362500 520087 83363 520087 83363
1658362200 520087 83363 520087 83363
1658361900 520087 83363 520087 83363
1658361600 520087 83363 520087 83363
1658361300 520087 83363 520087 83363
1658361000 520087 83363 520087 83363
1658360700 520087 83363 520087 83363
1658360400 520087 83363 520087 83363
1658360100 520087 83363 520087 83363
1658359800 520087 83363 520087 83363
1658359500 520087 83363 520087 83363
1658359200 520087 83363 520087 83363
1658358900 520087 83363 520087 83363
1658358600 520087 83363 520087 83363
1658358300 520087 83363 520087 83363
1658358000 520087 83363 520087 83363
1658357700 520087 83363 520087 83363
1658357400 520087 83363 520087 83363
1658357100 520087 83363 520087 83363
1658356800 520087 83363 520087 83363
1658356500 520087 83363 520087 83363
1658356200 520087 83363 520087 83363
1658355900 520087 83363 520087 83363
1658355600 520087 83363 520087 83363
1658355300 520087 83363 520087 83363
1658355000 520087 83363 520087 83363
1658354700 520087 83363 520087 83363
1658354400 520087 83363 520087 83363
1658354100 520087 83363 520087 83363
1658353800 520087 83363 520087 83363
1658353500 520087 83363 520087 83363
1658353200 520087 83363 520087 83363
1658352900 520087 83363 520087 83363
1658352600 520087 83363 520087 83363
1658352300 520087 83363 520087 83363
1658352000 520087 83363 520087 83363
1658351700 520087 83363 520087 83363
1658351400 520087 83363 520087 83363
1658351100 520087 83363 520087 83363
1658350800 520087 83363 520087 83363
1658350500 520087 83363 520087 83363
1658350200 520087 83363 520087 83363
1658349900 520087 83363 520087 83363
1658349600 520087 83363 520087 83363
1658349300 520087 83363 520087 83363
1658349000 520087 83363 520087 83363
1658348700 520087 83363 520087 83363
1658348400 520087 83363 520087 83363
1658348100 520087 83363 520087 83363
1658347800 520087 83363 520087 83363
1658347500 520087 83363 520087 83363
1658347200 520087 83363 520087 83363
1658346900 520087 83363 520087 83363
1658346600 520087 83363 520087 83363
1658346300 520087 83363 520087 83363
1658346000 520087 83363 520087 83363
1658345700 520087 83363 520087 83363
1658345400 520087 83363 520087 83363
1658345100 520087 83363 520087 83363
1658344800 520087 83363 520087 83363
1658344500 520087 83363 520087 83363
1658344200 520087 83363 520087 83363
1658343900 520087 83363 520087 83363
1658343600 520087 83363 520087 83363
1658343300 520087 83363 520087 83363
1658343000 520087 83363 520087 83363
1658342700 520087 83363 520087 83363
1658342400 520087 83363 520087 83363
1658342100 520087 83363 520087 83363
1658341800 520087 83363 520087 83363
1658341500 520087 83363 520087 83363
1658341200 520087 83363 520087 83363
1658340900 520087 83363 520087 83363
1658340600 520087 83363 520087 83363
1658340300 520087 83363 520087 83363
1658340000 520087 83363 520087 83363
1658339700 520087 83363 520087 83363
1658339400 520087 83363 520087 83363
1658339100 520087 83363 520087 83363
1658338800 520087 83363 520087 83363
1658338500 520087 83363 520087 83363
1658338200 520087 83363 520087 83363
1658337900 520087 83363 520087 83363
1658337600 520087 83363 520087 83363
1658337300 520087 83363 520087 83363
1658337000 520087 83363 520087 83363
1658336700 520087 83363 520087 83363
1658336400 520087 83363 520087 83363
1658336100 520087 83363 520087 83363
1658335800 520087 83363 520087 83363
1658335500 520087 83363 520087 83363
1658335200 520087 83363 520087 83363
1658334900 520087 83363 520087 83363
1658334600 520087 83363 520087 83363
1658334300 520087 83363 520087 83363
1658334000 520087 83363 520087 83363
1658333700 520087 83363 520087 83363
1658333400 520087 83363 520087 83363
1658333100 520087 83363 520087 83363
1658332800 520087 83363 520087 83363
1658332500 520087 83363 520087 83363
1658332200 520087 83363 520087 83363
1658331900 520087 83363 520087 83363
1658331600 520087 83363 520087 83363
1658331300 520087 83363 520087 83363
1658331000 520087 83363 520087 83363
1658330700 520087 83363 520087 83363
1658330400 520087 83363 520087 83363
1658330100 520087 83363 520087 83363
1658329800 520087 83363 520087 83363
1658329500 520087 83363 520087 83363
1658329200 520087 83363 520087 83363
1658328900 520087 83363 520087 83363
1658328600 520087 83363 520087 83363
1658328300 520087 83363 520087 83363
1658328000 520087 83363 520087 83363
1658327700 520087 83363 520087 83363
1658327400 520087 83363 520087 83363
1658327100 520087 83363 520087 83363
1658326800 520087 83363 520087 83363
1658326500 520087 83363 520087 83363
1658326200 520087 83363 520087 83363
1658325900 520087 83363 520087 83363
1658325600 520087 83363 520087 83363
1658325300 520087 83363 520087 83363
1658325000 520087 83363 520087 83363
1658324700 520087 83363 520087 83363
1658324400 520087 83363 520087 83363
1658324100 520087 83363 520087 83363
1658323800 520087 83363 520087 83363
1658323500 520087 83363 520087 83363
1658323200 520087 83363 520087 83363
1658322900 520087 83363 520087 83363
1658322600 520087 83363 520087 83363
1658322300 520087 83363 520087 83363
1658322000 520087 83363 520087 83363
1658321700 520087 83363 520087 83363
1658321400 520087 83363 520087 83363
1658321100 520087 83363 520087 83363
1658320800 520087 83363 520087 83363
1658320500 520087 83363 520087 83363
1658320200 520087 83363 520087 83363
1658319900 520087 83363 520087 83363
1658319600 520087 83363 520087 83363
1658319300 520087 83363 520087 83363
1658319000 520087 83363 520087 83363
1658318700 520087 83363 520087 83363
1658318400 520087 83363 520087 83363
1658318100 520087 83363 520087 83363
1658317800 520087 83363 520087 83363
1658317500 520087 83363 520087 83363
1658317200 520087 83363 520087 83363
1658316900 520087 83363 520087 83363
1658316600 520087 83363 520087 83363
1658316300 520087 83363 520087 83363
1658316000 520087 83363 520087 83363
1658315700 520087 83363 520087 83363
1658315400 520087 83363 520087 83363
1658315100 520087 83363 520087 83363
1658314800 520087 83363 520087 83363
1658314500 520087 83363 520087 83363
1658314200 520087 83363 520087 83363
1658313900 520087 83363 520087 83363
1658313600 520087 83363 520087 83363
1658313300 520087 83363 520087 83363
1658313000 520087 83363 520087 83363
1658312700 520087 83363 520087 83363
1658312400 520087 83363 520087 83363
1658312100 520087 83363 520087 83363
1658311800 520087 83363 520087 83363
1658311500 520087 83363 520087 83363
1658311200 520087 83363 520087 83363
1658310900 520087 83363 520087 83363
1658310600 520087 83363 520087 83363
1658310300 520087 83363 520087 83363
1658310000 520087 83363 520087 83363
1658309700 520087 83363 520087 83363
1658309400 520087 83363 520087 83363
1658309100 520087 83363 520087 83363
1658308800 520087 83363 520087 83363
1658308500 520087 83363 520087 83363
1658308200 520087 83363 520087 83363
1658307900 520087 83363 520087 83363
1658307600 520087 83363 520087 83363
1658307300 520087 83363 520087 83363
1658307000 520087 83363 520087 83363
1658306700 520087 83363 520087 83363
1658306400 520087 83363 520087 83363
1658306100 520087 83363 520087 83363
1658305800 520087 83363 520087 83363
1658305500 520087 83363 520087 83363
1658305200 520087 83363 520087 83363
1658304900 520087 83363 520087 83363
1658304600 520087 83363 520087 83363
1658304300 520087 83363 520087 83363
1658304000 520087 83363 520087 83363
1658303700 520087 83363 520087 83363
1658303400 520087 83363 520087 83363
1658303100 520087 83363 520087 83363
1658302800 520087 83363 520087 83363
1658302500 520087 83363 520087 83363
1658302200 520087 83363 520087 83363
1658301900 520087 83363 520087 83363
1658301600 520087 83363 520087 83363
1658301300 520087 83363 520087 83363
1658301000 520087 83363 520087 83363
1658300700 520087 83363 520087 83363
1658300400 520087 83363 520087 83363
1658300100 520087 83363 520087 83363
1658299800 520087 83363 520087 83363
1658299500 520087 83363 520087 83363
1658299200 520087 83363 520087 83363
1658298900 520087 83363 520087 83363
1658298600 520087 83363 520087 83363
1658298300 520087 83363 520087 83363
1658298000 520087 83363 520087 83363
1658297700 520087 83363 520087 83363
1658297400 520087 83363 520087 83363
1658297100 520087 83363 520087 83363
1658296800 520087 83363 520087 83363
1658296500 520087 83363 520087 83363
1658296200 520087 83363 520087 83363
1658295900 520087 83363 520087 83363
1658295600 520087 83363 520087 83363
1658295300 520087 83363 520087 83363
1658295000 520087 83363 520087 83363
1658294700 520087 83363 520087 83363
1658294400 520087 83363 520087 83363
1658294100 520087 83363 520087 83363
1658293800 520087 83363 520087 83363
1658293500 520087 83363 520087 83363
1658293200 520087 83363 520087 83363
1658292900 520087 83363 520087 83363
1658292600 520087 83363 520087 83363
1658292300 520087 83363 520087 83363
1658292000 520087 83363 520087 83363
1658291700 520087 83363 520087 83363
1658291400 520087 83363 520087 83363
1658291100 520087 83363 520087 83363
1658290800 520087 83363 520087 83363
1658290500 520087 83363 520087 83363
1658290200 520087 83363 520087 83363
1658289900 520087 83363 520087 83363
1658289600 520087 83363 520087 83363
1658289300 520087 83363 520087 83363
1658289000 520087 83363 520087 83363
1658288700 520087 83363 520087 83363
1658288400 520087 83363 520087 83363
1658288100 520087 83363 520087 83363
1658287800 520087 83363 520087 83363
1658287500 520087 83363 520087 83363
1658287200 520087 83363 520087 83363
1658286900 520087 83363 520087 83363
1658286600 520087 83363 520087 83363
1658286300 520087 83363 520087 83363
1658286000 520087 83363 520087 83363
1658285700 520087 83363 520087 83363
1658285400 520087 83363 520087 83363
1658285100 520087 83363 520087 83363
1658284800 520087 83363 520087 83363
1658284500 520087 83363 520087 83363
1658284200 520087 83363 520087 83363
1658283900 520087 83363 520087 83363
1658283600 520087 83363 520087 83363
1658283300 520087 83363 520087 83363
1658283000 520087 83363 520087 83363
1658282700 520087 83363 520087 83363
1658282400 520087 83363 520087 83363
1658282100 520087 83363 520087 83363
1658281800 520087 83363 520087 83363
1658281500 520087 83363 520087 83363
1658281200 520087 83363 520087 83363
1658280900 520087 83363 520087 83363
1658280600 520087 83363 520087 83363
1658280300 520087 83363 520087 83363
1658280000 520087 83363 520087 83363
1658279700 520087 83363 520087 83363
1658279400 520087 83363 520087 83363
1658279100 520087 83363 520087 83363
1658278800 520087 83363 520087 83363
1658278500 520087 83363 520087 83363
1658278200 520087 83363 520087 83363
1658277900 520087 83363 520087 83363
1658277600 520087 83363 520087 83363
1658277300 520087 83363 520087 83363
1658277000 520087 83363 520087 83363
1658276700 520087 83363 520087 83363
1658276400 520087 83363 520087 83363
1658276100 520087 83363 520087 83363
1658275800 520087 83363 520087 83363
1658275500 520087 83363 520087 83363
1658275200 520087 83363 520087 83363
1658274900 520087 83363 520087 83363
1658274600 520087 83363 520087 83363
1658274300 520087 83363 520087 83363
1658274000 520087 83363 520087 83363
1658273700 520087 83363 520087 83363
1658273400 520087 83363 520087 83363
1658273100 520087 83363 520087 83363
1658272800 520087 83363 520087 83363
1658272500 520087 83363 520087 83363
1658272200 520087 83363 520087 83363
1658271900 520087 83363 520087 83363
1658271600 520087 83363 520087 83363
1658271300 520087 83363 520087 83363
1658271000 520087 83363 520087 83363
1658270700 520087 83363 520087 83363
1658270400 520087 83363 520087 83363
1658270100 520087 83363 520087 83363
1658269800 520087 83363 520087 83363
1658269500 520087 83363 520087 83363
1658269200 520087 83363 520087 83363
1658268900 520087 83363 520087 83363
1658268600 520087 83363 520087 83363
1658268300 520087 83363 520087 83363
1658268000 520087 83363 520087 83363
1658267700 520087 83363 520087 83363
1658267400 520087 83363 520087 83363
1658267100 520087 83363 520087 83363
1658266800 520087 83363 520087 83363
1658266500 520087 83363 520087 83363
1658266200 520087 83363 520087 83363
1658265900 520087 83363 520087 83363
1658265600 520087 83363 520087 83363
1658265300 520087 83363 520087 83363
1658265000 520087 83363 520087 83363
1658264700 520087 83363 520087 83363
1658264400 520087 83363 520087 83363
1658264100 520087 83363 520087 83363
1658263800 520087 83363 520087 83363
1658263500 520087 83363 520087 83363
1658263200 520087 83363 520087 83363
1658262900 520087 83363 520087 83363
1658262600 520087 83363 520087 83363
1658262300 520087 83363 520087 83363
1658262000 520087 83363 520087 83363
1658261700 520087 83363 520087 83363
1658261400 520087 83363 520087 83363
1658261100 520087 83363 520087 83363
1658260800 520087 83363 520087 83363
1658260500 520087 83363 520087 83363
1658260200 520087 83363 520087 83363
1658259900 520087 83363 520087 83363
1658259600 520087 83363 520087 83363
1658259300 520087 83363 520087 83363
1658259000 520087 83363 520087 83363
1658258700 520087 83363 520087 83363
1658258400 520087 83363 520087 83363
1658258100 520087 83363 520087 83363
1658257800 520087 83363 520087 83363
1658257500 520087 83363 520087 83363
1658257200 520087 83363 520087 83363
1658256900 520087 83363 520087 83363
1658256600 520087 83363 520087 83363
1658256300 520087 83363 520087 83363
1658256000 520087 83363 520087 83363
1658255700 520087 83363 520087 83363
1658255400 520087 83363 520087 83363
1658255100 520087 83363 520087 83363
1658254800 520087 83363 520087 83363
1658254500 520087 83363 520087 83363
1658254200 520087 83363 520087 83363
1658253900 520087 83363 520087 83363
1658253600 520087 83363 520087 83363
1658253300 520087 83363 520087 83363
1658253000 520087 83363 520087 83363
1658252700 520087 83363 520087 83363
1658252400 520087 83363 520087 83363
1658252100 520087 83363 520087 83363
1658251800 520087 83363 520087 83363
1658250000 520087 83363 520087 83363
1658248200 520087 83363 520087 83363
1658246400 520087 83363 520087 83363
1658244600 520087 83363 520087 83363
1658242800 520087 83363 520087 83363
1658241000 520087 83363 520087 83363
1658239200 520087 83363 520087 83363
1658237400 520087 83363 520087 83363
1658235600 520087 83363 520087 83363
1658233800 520087 83363 520087 83363
1658232000 520087 83363 520087 83363
1658230200 520087 83363 520087 83363
1658228400 520087 83363 520087 83363
1658226600 520087 83363 520087 83363
1658224800 520087 83363 520087 83363
1658223000 520087 83363 520087 83363
1658221200 520087 83363 520087 83363
1658219400 520087 83363 520087 83363
1658217600 520087 83363 520087 83363
1658215800 520087 83363 520087 83363
1658214000 520087 83363 520087 83363
1658212200 520087 83363 520087 83363
1658210400 520087 83363 520087 83363
1658208600 520087 83363 520087 83363
1658206800 520087 83363 520087 83363
1658205000 520087 83363 520087 83363
1658203200 520087 83363 520087 83363
1658201400 520087 83363 520087 83363
1658199600 520087 83363 520087 83363
1658197800 520087 83363 520087 83363
1658196000 520087 83363 520087 83363
1658194200 520087 83363 520087 83363
1658192400 520087 83363 520087 83363
1658190600 520087 83363 520087 83363
1658188800 520087 83363 520087 83363
1658187000 520087 83363 520087 83363
1658185200 520087 83363 520087 83363
1658183400 520087 83363 520087 83363
1658181600 520087 83363 520087 83363
1658179800 520087 83363 520087 83363
1658178000 520087 83363 520087 83363
1658176200 520087 83363 520087 83363
1658174400 520087 83363 520087 83363
1658172600 520087 83363 520087 83363
1658170800 520087 83363 520087 83363
1658169000 520087 83363 520087 83363
1658167200 520087 83363 520087 83363
1658165400 520087 83363 520087 83363
1658163600 520087 83363 520087 83363
1658161800 520087 83363 520087 83363
1658160000 520087 83363 520087 83363
1658158200 520087 83363 520087 83363
1658156400 520087 83363 520087 83363
1658154600 520087 83363 520087 83363
1658152800 520087 83363 520087 83363
1658151000 520087 83363 520087 83363
1658149200 520087 83363 520087 83363
1658147400 520087 83363 520087 83363
1658145600 520087 83363 520087 83363
1658143800 520087 83363 520087 83363
1658142000 520087 83363 520087 83363
1658140200 520087 83363 520087 83363
1658138400 520087 83363 520087 83363
1658136600 520087 83363 520087 83363
1658134800 520087 83363 520087 83363
1658133000 520087 83363 520087 83363
1658131200 520087 83363 520087 83363
1658129400 520087 83363 520087 83363
1658127600 520087 83363 520087 83363
1658125800 520087 83363 520087 83363
1658124000 520087 83363 520087 83363
1658122200 520087 83363 520087 83363
1658120400 520087 83363 520087 83363
1658118600 520087 83363 520087 83363
1658116800 520087 83363 520087 83363
1658115000 520087 83363 520087 83363
1658113200 520087 83363 520087 83363
1658111400 520087 83363 520087 83363
1658109600 520087 83363 520087 83363
1658107800 520087 83363 520087 83363
1658106000 520087 83363 520087 83363
1658104200 520087 83363 520087 83363
1658102400 520087 83363 520087 83363
1658100600 520087 83363 520087 83363
1658098800 520087 83363 520087 83363
1658097000 520087 83363 520087 83363
1658095200 520087 83363 520087 83363
1658093400 520087 83363 520087 83363
1658091600 520087 83363 520087 83363
1658089800 520087 83363 520087 83363
1658088000 520087 83363 520087 83363
1658086200 520087 83363 520087 83363
1658084400 520087 83363 520087 83363
1658082600 520087 83363 520087 83363
1658080800 520087 83363 520087 83363
1658079000 520087 83363 520087 83363
1658077200 520087 83363 520087 83363
1658075400 520087 83363 520087 83363
1658073600 520087 83363 520087 83363
1658071800 520087 83363 520087 83363
1658070000 520087 83363 520087 83363
1658068200 520087 83363 520087 83363
1658066400 520087 83363 520087 83363
1658064600 520087 83363 520087 83363
1658062800 520087 83363 520087 83363
1658061000 520087 83363 520087 83363
1658059200 520087 83363 520087 83363
1658057400 520087 83363 520087 83363
1658055600 520087 83363 520087 83363
1658053800 520087 83363 520087 83363
1658052000 520087 83363 520087 83363
1658050200 520087 83363 520087 83363
1658048400 520087 83363 520087 83363
1658046600 520087 83363 520087 83363
1658044800 520087 83363 520087 83363
1658043000 520087 83363 520087 83363
1658041200 520087 83363 520087 83363
1658039400 520087 83363 520087 83363
1658037600 520087 83363 520087 83363
1658035800 520087 83363 520087 83363
1658034000 520087 83363 520087 83363
1658032200 520087 83363 520087 83363
1658030400 520087 83363 520087 83363
1658028600 520087 83363 520087 83363
1658026800 520087 83363 520087 83363
1658025000 520087 83363 520087 83363
1658023200 520087 83363 520087 83363
1658021400 520087 83363 520087 83363
1658019600 520087 83363 520087 83363
1658017800 520087 83363 520087 83363
1658016000 520087 83363 520087 83363
1658014200 520087 83363 520087 83363
1658012400 520087 83363 520087 83363
1658010600 520087 83363 520087 83363
1658008800 520087 83363 520087 83363
1658007000 520087 83363 520087 83363
1658005200 520087 83363 520087 83363
1658003400 520087 83363 520087 83363
1658001600 520087 83363 520087 83363
1657999800 520087 83363 520087 83363
1657998000 520087 83363 520087 83363
1657996200 520087 83363 520087 83363
1657994400 520087 83363 520087 83363
1657992600 520087 83363 520087 83363
1657990800 520087 83363 520087 83363
1657989000 520087 83363 520087 83363
1657987200 520087 83363 520087 83363
1657985400 520087 83363 520087 83363
1657983600 520087 83363 520087 83363
1657981800 520087 83363 520087 83363
1657980000 520087 83363 520087 83363
1657978200 520087 83363 520087 83363
1657976400 520087 83363 520087 83363
1657974600 520087 83363 520087 83363
1657972800 520087 83363 520087 83363
1657971000 520087 83363 520087 83363
1657969200 520087 83363 520087 83363
1657967400 520087 83363 520087 83363
1657965600 520087 83363 520087 83363
1657963800 520087 83363 520087 83363
1657962000 520087 83363 520087 83363
1657960200 520087 83363 520087 83363
1657958400 520087 83363 520087 83363
1657956600 520087 83363 520087 83363
1657954800 520087 83363 520087 83363
1657953000 520087 83363 520087 83363
1657951200 520087 83363 520087 83363
1657949400 520087 83363 520087 83363
1657947600 520087 83363 520087 83363
1657945800 520087 83363 520087 83363
1657944000 520087 83363 520087 83363
1657942200 520087 83363 520087 83363
1657940400 520087 83363 520087 83363
1657938600 520087 83363 520087 83363
1657936800 520087 83363 520087 83363
1657935000 520087 83363 520087 83363
1657933200 520087 83363 520087 83363
1657931400 520087 83363 520087 83363
1657929600 520087 83363 520087 83363
1657927800 520087 83363 520087 83363
1657926000 520087 83363 520087 83363
1657924200 520087 83363 520087 83363
1657922400 520087 83363 520087 83363
1657920600 520087 83363 520087 83363
1657918800 520087 83363 520087 83363
1657917000 520087 83363 520087 83363
1657915200 520087 83363 520087 83363
1657913400 520087 83363 520087 83363
1657911600 520087 83363 520087 83363
1657909800 520087 83363 520087 83363
1657908000 520087 83363 520087 83363
1657906200 520087 83363 520087 83363
1657904400 520087 83363 520087 83363
1657902600 520087 83363 520087 83363
1657900800 520087 83363 520087 83363
1657899000 520087 83363 520087 83363
1657897200 520087 83363 520087 83363
1657895400 520087 83363 520087 83363
1657893600 520087 83363 520087 83363
1657891800 520087 83363 520087 83363
1657890000 520087 83363 520087 83363
1657888200 520087 83363 520087 83363
1657886400 520087 83363 520087 83363
1657884600 520087 83363 520087 83363
1657882800 520087 83363 520087 83363
1657881000 520087 83363 520087 83363
1657879200 520087 83363 520087 83363
1657877400 520087 83363 520087 83363
1657875600 520087 83363 520087 83363
1657873800 520087 83363 520087 83363
1657872000 520087 83363 520087 83363
1657870200 520087 83363 520087 83363
1657868400 520087 83363 520087 83363
1657866600 520087 83363 520087 83363
1657864800 520087 83363 520087 83363
1657863000 520087 83363 520087 83363
1657861200 520087 83363 520087 83363
1657859400 520087 83363 520087 83363
1657857600 520087 83363 520087 83363
1657855800 520087 83363 520087 83363
1657854000 520087 83363 520087 83363
1657852200 520087 83363 520087 83363
1657850400 520087 83363 520087 83363
1657848600 520087 83363 520087 83363
1657846800 520087 83363 520087 83363
1657845000 520087 83363 520087 83363
1657843200 520087 83363 520087 83363
1657841400 520087 83363 520087 83363
1657839600 520087 83363 520087 83363
1657837800 520087 83363 520087 83363
1657836000 520087 83363 520087 83363
1657834200 520087 83363 520087 83363
1657832400 520087 83363 520087 83363
1657830600 520087 83363 520087 83363
1657828800 520087 83363 520087 83363
1657827000 520087 83363 520087 83363
1657825200 520087 83363 520087 83363
1657823400 520087 83363 520087 83363
1657821600 520087 83363 520087 83363
1657819800 520087 83363 520087 83363
1657818000 520087 83363 520087 83363
1657816200 520087 83363 520087 83363
1657814400 520087 83363 520087 83363
1657812600 520087 83363 520087 83363
1657810800 520087 83363 520087 83363
1657809000 520087 83363 520087 83363
1657807200 520087 83363 520087 83363
1657805400 520087 83363 520087 83363
1657803600 520087 83363 520087 83363
1657801800 520087 83363 520087 83363
1657800000 520087 83363 520087 83363
1657798200 520087 83363 520087 83363
1657796400 520087 83363 520087 83363
1657794600 520087 83363 520087 83363
1657792800 520087 83363 520087 83363
1657791000 520087 83363 520087 83363
1657789200 520087 83363 520087 83363
1657787400 520087 83363 520087 83363
1657785600 520087 83363 520087 83363
1657783800 520087 83363 520087 83363
1657782000 520087 83363 520087 83363
1657780200 520087 83363 520087 83363
1657778400 520087 83363 520087 83363
1657776600 520087 83363 520087 83363
1657774800 520087 83363 520087 83363
1657773000 520087 83363 520087 83363
1657771200 520087 83363 520087 83363
1657769400 520087 83363 520087 83363
1657767600 520087 83363 520087 83363
1657765800 520087 83363 520087 83363
1657764000 520087 83363 520087 83363
1657762200 520087 83363 520087 83363
1657760400 520087 83363 520087 83363
1657758600 520087 83363 520087 83363
1657756800 520087 83363 520087 83363
1657755000 520087 83363 520087 83363
1657753200 520087 83363 520087 83363
1657751400 520087 83363 520087 83363
1657749600 520087 83363 520087 83363
1657747800 520087 83363 520087 83363
1657746000 520087 83363 520087 83363
1657744200 520087 83363 520087 83363
1657742400 520087 83363 520087 83363
1657740600 520087 83363 520087 83363
1657738800 520087 83363 520087 83363
1657737000 520087 83363 520087 83363
1657735200 520087 83363 520087 83363
1657733400 520087 83363 520087 83363
1657731600 520087 83363 520087 83363
1657729800 520087 83363 520087 83363
1657728000 520087 83363 520087 83363
1657726200 520087 83363 520087 83363
1657724400 520087 83363 520087 83363
1657722600 520087 83363 520087 83363
1657720800 520087 83363 520087 83363
1657719000 520087 83363 520087 83363
1657717200 520087 83363 520087 83363
1657715400 520087 83363 520087 83363
1657713600 520087 83363 520087 83363
1657711800 520087 83363 520087 83363
1657710000 520087 83363 520087 83363
1657708200 520087 83363 520087 83363
1657706400 520087 83363 520087 83363
1657704600 520087 83363 520087 83363
1657702800 520087 83363 520087 83363
1657701000 520087 83363 520087 83363
1657699200 520087 83363 520087 83363
1657697400 520087 83363 520087 83363
1657695600 520087 83363 520087 83363
1657693800 520087 83363 520087 83363
1657692000 520087 83363 520087 83363
1657690200 520087 83363 520087 83363
1657688400 520087 83363 520087 83363
1657686600 520087 83363 520087 83363
1657684800 520087 83363 520087 83363
1657683000 520087 83363 520087 83363
1657681200 520087 83363 520087 83363
1657679400 520087 83363 520087 83363
1657677600 520087 83363 520087 83363
1657675800 520087 83363 520087 83363
1657674000 520087 83363 520087 83363
1657672200 520087 83363 520087 83363
1657670400 520087 83363 520087 83363
1657668600 520087 83363 520087 83363
1657666800 520087 83363 520087 83363
1657665000 520087 83363 520087 83363
1657663200 520087 83363 520087 83363
1657661400 520087 83363 520087 83363
1657659600 520087 83363 520087 83363
1657657800 520087 83363 520087 83363
1657656000 520087 83363 520087 83363
1657654200 520087 83363 520087 83363
1657652400 520087 83363 520087 83363
1657650600 520087 83363 520087 83363
1657648800 520087 83363 520087 83363
1657647000 520087 83363 520087 83363
1657645200 520087 83363 520087 83363
1657643400 520087 83363 520087 83363
1657641600 520087 83363 520087 83363
1657639800 520087 83363 520087 83363
1657638000 520087 83363 520087 83363
1657636200 520087 83363 520087 83363
1657634400 520087 83363 520087 83363
1657632600 520087 83363 520087 83363
1657630800 520087 83363 520087 83363
1657629000 520087 83363 520087 83363
1657627200 520087 83363 520087 83363
1657625400 520087 83363 520087 83363
1657623600 520087 83363 520087 83363
1657621800 520087 83363 520087 83363
1657620000 520087 83363 520087 83363
1657618200 520087 83363 520087 83363
1657616400 520087 83363 520087 83363
1657614600 520087 83363 520087 83363
1657612800 520087 83363 520087 83363
1657611000 520087 83363 520087 83363
1657609200 520087 83363 520087 83363
1657607400 520087 83363 520087 83363
1657605600 520087 83363 520087 83363
1657603800 520087 83363 520087 83363
1657602000 520087 83363 520087 83363
1657600200 520087 83363 520087 83363
1657598400 520087 83363 520087 83363
1657596600 520087 83363 520087 83363
1657594800 520087 83363 520087 83363
1657593000 520087 83363 520087 83363
1657591200 520087 83363 520087 83363
1657589400 520087 83363 520087 83363
1657587600 520087 83363 520087 83363
1657585800 520087 83363 520087 83363
1657584000 520087 83363 520087 83363
1657582200 520087 83363 520087 83363
1657580400 520087 83363 520087 83363
1657578600 520087 83363 520087 83363
1657576800 520087 83363 520087 83363
1657575000 520087 83363 520087 83363
1657573200 520087 83363 520087 83363
1657571400 520087 83363 520087 83363
1657569600 520087 83363 520087 83363
1657567800 520087 83363 520087 83363
1657566000 520087 83363 520087 83363
1657564200 520087 83363 520087 83363
1657562400 520087 83363 520087 83363
1657560600 520087 83363 520087 83363
1657558800 520087 83363 520087 83363
1657557000 520087 83363 520087 83363
1657555200 520087 83363 520087 83363
1657553400 520087 83363 520087 83363
1657551600 520087 83363 520087 83363
1657549800 520087 83363 520087 83363
1657548000 520087 83363 520087 83363
1657546200 520087 83363 520087 83363
1657544400 520087 83363 520087 83363
1657542600 520087 83363 520087 83363
1657540800 520087 83363 520087 83363
1657539000 520087 83363 520087 83363
1657537200 520087 83363 520087 83363
1657535400 520087 83363 520087 83363
1657533600 520087 83363 520087 83363
1657531800 520087 83363 520087 83363
1657530000 520087 83363 520087 83363
1657528200 520087 83363 520087 83363
1657526400 520087 83363 520087 83363
1657524600 520087 83363 520087 83363
1657522800 520087 83363 520087 83363
1657521000 520087 83363 520087 83363
1657519200 520087 83363 520087 83363
1657517400 520087 83363 520087 83363
1657515600 520087 83363 520087 83363
1657513800 520087 83363 520087 83363
1657512000 520087 83363 520087 83363
1657510200 520087 83363 520087 83363
1657508400 520087 83363 520087 83363
1657506600 520087 83363 520087 83363
1657504800 520087 83363 520087 83363
1657503000 520087 83363 520087 83363
1657501200 520087 83363 520087 83363
1657499400 520087 83363 520087 83363
1657497600 520087 83363 520087 83363
1657495800 520087 83363 520087 83363
1657494000 520087 83363 520087 83363
1657492200 520087 83363 520087 83363
1657490400 520087 83363 520087 83363
1657488600 520087 83363 520087 83363
1657486800 520087 83363 520087 83363
1657485000 520087 83363 520087 83363
1657483200 520087 83363 520087 83363
1657481400 520087 83363 520087 83363
1657479600 520087 83363 520087 83363
1657477800 520087 83363 520087 83363
1657476000 520087 83363 520087 83363
1657474200 520087 83363 520087 83363
1657472400 520087 83363 520087 83363
1657470600 520087 83363 520087 83363
1657468800 520087 83363 520087 83363
1657467000 520087 83363 520087 83363
1657465200 520087 83363 520087 83363
1657463400 520087 83363 520087 83363
1657461600 520087 83363 520087 83363
1657459800 520087 83363 520087 83363
1657458000 520087 83363 520087 83363
1657456200 520087 83363 520087 83363
1657454400 520087 83363 520087 83363
1657452600 520087 83363 520087 83363
1657450800 520087 83363 520087 83363
1657449000 520087 83363 520087 83363
1657447200 520087 83363 520087 83363
1657445400 520087 83363 520087 83363
1657443600 520087 83363 520087 83363
1657441800 520087 83363 520087 83363
1657440000 520087 83363 520087 83363
1657438200 520087 83363 520087 83363
1657436400 520087 83363 520087 83363
1657434600 520087 83363 520087 83363
1657432800 520087 83363 520087 83363
1657431000 520087 83363 520087 83363
1657429200 520087 83363 520087 83363
1657427400 520087 83363 520087 83363
1657425600 520087 83363 520087 83363
1657423800 520087 83363 520087 83363
1657422000 520087 83363 520087 83363
1657420200 520087 83363 520087 83363
1657418400 520087 83363 520087 83363
1657416600 520087 83363 520087 83363
1657414800 520087 83363 520087 83363
1657413000 520087 83363 520087 83363
1657411200 520087 83363 520087 83363
1657409400 520087 83363 520087 83363
1657407600 520087 83363 520087 83363
1657405800 520087 83363 520087 83363
1657404000 520087 83363 520087 83363
1657402200 520087 83363 520087 83363
1657400400 520087 83363 520087 83363
1657398600 520087 83363 520087 83363
1657396800 520087 83363 520087 83363
1657395000 520087 83363 520087 83363
1657393200 520087 83363 520087 83363
1657391400 520087 83363 520087 83363
1657389600 520087 83363 520087 83363
1657387800 520087 83363 520087 83363
1657386000 520087 83363 520087 83363
1657384200 520087 83363 520087 83363
1657382400 520087 83363 520087 83363
1657380600 520087 83363 520087 83363
1657378800 520087 83363 520087 83363
1657377000 520087 83363 520087 83363
1657375200 520087 83363 520087 83363
1657373400 520087 83363 520087 83363
1657371600 520087 83363 520087 83363
1657369800 520087 83363 520087 83363
1657368000 520087 83363 520087 83363
1657366200 520087 83363 520087 83363
1657364400 520087 83363 520087 83363
1657362600 520087 83363 520087 83363
1657360800 520087 83363 520087 83363
1657359000 520087 83363 520087 83363
1657357200 520087 83363 520087 83363
1657355400 520087 83363 520087 83363
1657353600 520087 83363 520087 83363
1657351800 520087 83363 520087 83363
1657350000 520087 83363 520087 83363
1657348200 520087 83363 520087 83363
1657346400 520087 83363 520087 83363
1657344600 520087 83363 520087 83363
1657342800 520087 83363 520087 83363
1657341000 520087 83363 520087 83363
1657339200 520087 83363 520087 83363
1657337400 520087 83363 520087 83363
1657335600 520087 83363 520087 83363
1657333800 520087 83363 520087 83363
1657332000 520087 83363 520087 83363
1657330200 520087 83363 520087 83363
1657328400 520087 83363 520087 83363
1657326600 520087 83363 520087 83363
1657324800 520087 83363 520087 83363
1657323000 520087 83363 520087 83363
1657321200 520087 83363 520087 83363
1657319400 520087 83363 520087 83363
1657317600 520087 83363 520087 83363
1657315800 520087 83363 520087 83363
1657314000 520087 83363 520087 83363
1657312200 520087 83363 520087 83363
1657310400 520087 83363 520087 83363
1657308600 520087 83363 520087 83363
1657306800 520087 83363 520087 83363
1657305000 520087 83363 520087 83363
1657303200 520087 83363 520087 83363
1657301400 520087 83363 520087 83363
1657299600 520087 83363 520087 83363
1657297800 520087 83363 520087 83363
1657296000 520087 83363 520087 83363
1657294200 520087 83363 520087 83363
1657292400 520087 83363 520087 83363
1657290600 520087 83363 520087 83363
1657288800 520087 83363 520087 83363
1657287000 520087 83363 520087 83363
1657285200 520087 83363 520087 83363
1657283400 520087 83363 520087 83363
1657281600 520087 83363 520087 83363
1657279800 520087 83363 520087 83363
1657278000 520087 83363 520087 83363
1657276200 520087 83363 520087 83363
1657274400 520087 83363 520087 83363
1657272600 520087 83363 520087 83363
1657270800 520087 83363 520087 83363
1657269000 520087 83363 520087 83363
1657267200 520087 83363 520087 83363
1657265400 520087 83363 520087 83363
1657263600 520087 83363 520087 83363
1657261800 520087 83363 520087 83363
1657260000 520087 83363 520087 83363
1657258200 520087 83363 520087 83363
1657256400 520087 83363 520087 83363
1657254600 520087 83363 520087 83363
1657252800 520087 83363 520087 83363
1657251000 520087 83363 520087 83363
1657249200 520087 83363 520087 83363
1657247400 520087 83363 520087 83363
1657245600 520087 83363 520087 83363
1657243800 520087 83363 520087 83363
1657242000 520087 83363 520087 83363
1657240200 520087 83363 520087 83363
1657238400 520087 83363 520087 83363
1657236600 520087 83363 520087 83363
1657234800 520087 83363 520087 83363
1657233000 520087 83363 520087 83363
1657231200 520087 83363 520087 83363
1657229400 520087 83363 520087 83363
1657227600 520087 83363 520087 83363
1657225800 520087 83363 520087 83363
1657224000 520087 83363 520087 83363
1657222200 520087 83363 520087 83363
1657220400 520087 83363 520087 83363
1657218600 520087 83363 520087 83363
1657216800 520087 83363 520087 83363
1657215000 520087 83363 520087 83363
1657213200 520087 83363 520087 83363
1657211400 520087 83363 520087 83363
1657209600 520087 83363 520087 83363
1657207800 520087 83363 520087 83363
1657206000 520087 83363 520087 83363
1657204200 520087 83363 520087 83363
1657202400 520087 83363 520087 83363
1657200600 520087 83363 520087 83363
1657198800 520087 83363 520087 83363
1657197000 520087 83363 520087 83363
1657195200 520087 83363 520087 83363
1657193400 520087 83363 520087 83363
1657191600 520087 83363 520087 83363
1657189800 520087 83363 520087 83363
1657188000 520087 83363 520087 83363
1657186200 520087 83363 520087 83363
1657184400 520087 83363 520087 83363
1657182600 520087 83363 520087 83363
1657180800 520087 83363 520087 83363
1657179000 520087 83363 520087 83363
1657177200 520087 83363 520087 83363
1657175400 520087 83363 520087 83363
1657173600 520087 83363 520087 83363
1657171800 520087 83363 520087 83363
1657166400 520087 83363 520087 83363
1657159200 520087 83363 520087 83363
1657152000 520087 83363 520087 83363
1657144800 520087 83363 520087 83363
1657137600 520087 83363 520087 83363
1657130400 520087 83363 520087 83363
1657123200 520087 83363 520087 83363
1657116000 520087 83363 520087 83363
1657108800 520087 83363 520087 83363
1657101600 520087 83363 520087 83363
1657094400 520087 83363 520087 83363
1657087200 520087 83363 520087 83363
1657080000 520087 83363 520087 83363
1657072800 520087 83363 520087 83363
1657065600 520087 83363 520087 83363
1657058400 520087 83363 520087 83363
1657051200 520087 83363 520087 83363
1657044000 520087 83363 520087 83363
1657036800 520087 83363 520087 83363
1657029600 520087 83363 520087 83363
1657022400 520087 83363 520087 83363
1657015200 520087 83363 520087 83363
1657008000 520087 83363 520087 83363
1657000800 520087 83363 520087 83363
1656993600 520087 83363 520087 83363
1656986400 520087 83363 520087 83363
1656979200 520087 83363 520087 83363
1656972000 520087 83363 520087 83363
1656964800 520087 83363 520087 83363
1656957600 520087 83363 520087 83363
1656950400 520087 83363 520087 83363
1656943200 520087 83363 520087 83363
1656936000 520087 83363 520087 83363
1656928800 520087 83363 520087 83363
1656921600 520087 83363 520087 83363
1656914400 520087 83363 520087 83363
1656907200 520087 83363 520087 83363
1656900000 520087 83363 520087 83363
1656892800 520087 83363 520087 83363
1656885600 520087 83363 520087 83363
1656878400 520087 83363 520087 83363
1656871200 520087 83363 520087 83363
1656864000 520087 83363 520087 83363
1656856800 520087 83363 520087 83363
1656849600 520087 83363 520087 83363
1656842400 520087 83363 520087 83363
1656835200 520087 83363 520087 83363
1656828000 520087 83363 520087 83363
1656820800 520087 83363 520087 83363
1656813600 520087 83363 520087 83363
1656806400 520087 83363 520087 83363
1656799200 520087 83363 520087 83363
1656792000 520087 83363 520087 83363
1656784800 520087 83363 520087 83363
1656777600 520087 83363 520087 83363
1656770400 520087 83363 520087 83363
1656763200 520087 83363 520087 83363
1656756000 520087 83363 520087 83363
1656748800 520087 83363 520087 83363
1656741600 520087 83363 520087 83363
1656734400 520087 83363 520087 83363
1656727200 520087 83363 520087 83363
1656720000 520087 83363 520087 83363
1656712800 520087 83363 520087 83363
1656705600 520087 83363 520087 83363
1656698400 520087 83363 520087 83363
1656691200 520087 83363 520087 83363
1656684000 520087 83363 520087 83363
1656676800 520087 83363 520087 83363
1656669600 520087 83363 520087 83363
1656662400 520087 83363 520087 83363
1656655200 520087 83363 520087 83363
1656648000 520087 83363 520087 83363
1656640800 520087 83363 520087 83363
1656633600 520087 83363 520087 83363
1656626400 520087 83363 520087 83363
1656619200 520087 83363 520087 83363
1656612000 520087 83363 520087 83363
1656604800 520087 83363 520087 83363
1656597600 520087 83363 520087 83363
1656590400 520087 83363 520087 83363
1656583200 520087 83363 520087 83363
1656576000 520087 83363 520087 83363
1656568800 520087 83363 520087 83363
1656561600 520087 83363 520087 83363
1656554400 520087 83363 520087 83363
1656547200 520087 83363 520087 83363
1656540000 520087 83363 520087 83363
1656532800 520087 83363 520087 83363
1656525600 520087 83363 520087 83363
1656518400 520087 83363 520087 83363
1656511200 520087 83363 520087 83363
1656504000 520087 83363 520087 83363
1656496800 520087 83363 520087 83363
1656489600 520087 83363 520087 83363
1656482400 520087 83363 520087 83363
1656475200 520087 83363 520087 83363
1656468000 520087 83363 520087 83363
1656460800 520087 83363 520087 83363
1656453600 520087 83363 520087 83363
1656446400 520087 83363 520087 83363
1656439200 520087 83363 520087 83363
1656432000 520087 83363 520087 83363
1656424800 520087 83363 520087 83363
1656417600 520087 83363 520087 83363
1656410400 520087 83363 520087 83363
1656403200 520087 83363 520087 83363
1656396000 520087 83363 520087 83363
1656388800 520087 83363 520087 83363
1656381600 520087 83363 520087 83363
1656374400 520087 83363 520087 83363
1656367200 520087 83363 520087 83363
1656360000 520087 83363 520087 83363
1656352800 520087 83363 520087 83363
1656345600 520087 83363 520087 83363
1656338400 520087 83363 520087 83363
1656331200 520087 83363 520087 83363
1656324000 520087 83363 520087 83363
1656316800 520087 83363 520087 83363
1656309600 520087 83363 520087 83363
1656302400 520087 83363 520087 83363
1656295200 520087 83363 520087 83363
1656288000 520087 83363 520087 83363
1656280800 520087 83363 520087 83363
1656273600 520087 83363 520087 83363
1656266400 520087 83363 520087 83363
1656259200 520087 83363 520087 83363
1656252000 520087 83363 520087 83363
1656244800 520087 83363 520087 83363
1656237600 520087 83363 520087 83363
1656230400 520087 83363 520087 83363
1656223200 520087 83363 520087 83363
1656216000 520087 83363 520087 83363
1656208800 520087 83363 520087 83363
1656201600 520087 83363 520087 83363
1656194400 520087 83363 520087 83363
1656187200 520087 83363 520087 83363
1656180000 520087 83363 520087 83363
1656172800 520087 83363 520087 83363
1656165600 520087 83363 520087 83363
1656158400 520087 83363 520087 83363
1656151200 520087 83363 520087 83363
1656144000 520087 83363 520087 83363
1656136800 520087 83363 520087 83363
1656129600 520087 83363 520087 83363
1656122400 520087 83363 520087 83363
1656115200 520087 83363 520087 83363
1656108000 520087 83363 520087 83363
1656100800 520087 83363 520087 83363
1656093600 520087 83363 520087 83363
1656086400 520087 83363 520087 83363
1656079200 520087 83363 520087 83363
1656072000 520087 83363 520087 83363
1656064800 520087 83363 520087 83363
1656057600 520087 83363 520087 83363
1656050400 520087 83363 520087 83363
1656043200 520087 83363 520087 83363
1656036000 520087 83363 520087 83363
1656028800 520087 83363 520087 83363
1656021600 520087 83363 520087 83363
1656014400 520087 83363 520087 83363
1656007200 520087 83363 520087 83363
1656000000 520087 83363 520087 83363
1655992800 520087 83363 520087 83363
1655985600 520087 83363 520087 83363
1655978400 520087 83363 520087 83363
1655971200 520087 83363 520087 83363
1655964000 520087 83363 520087 83363
1655956800 520087 83363 520087 83363
1655949600 520087 83363 520087 83363
1655942400 520087 83363 520087 83363
1655935200 520087 83363 520087 83363
1655928000 520087 83363 520087 83363
1655920800 520087 83363 520087 83363
1655913600 520087 83363 520087 83363
1655906400 520087 83363 520087 83363
1655899200 520087 83363 520087 83363
1655892000 520087 83363 520087 83363
1655884800 520087 83363 520087 83363
1655877600 520087 83363 520087 83363
1655870400 520087 83363 520087 83363
1655863200 520087 83363 520087 83363
1655856000 520087 83363 520087 83363
1655848800 520087 83363 520087 83363
1655841600 520087 83363 520087 83363
1655834400 520087 83363 520087 83363
1655827200 520087 83363 520087 83363
1655820000 520087 83363 520087 83363
1655812800 520087 83363 520087 83363
1655805600 520087 83363 520087 83363
1655798400 520087 83363 520087 83363
1655791200 520087 83363 520087 83363
1655784000 520087 83363 520087 83363
1655776800 520087 83363 520087 83363
1655769600 520087 83363 520087 83363
1655762400 520087 83363 520087 83363
1655755200 520087 83363 520087 83363
1655748000 520087 83363 520087 83363
1655740800 520087 83363 520087 83363
1655733600 520087 83363 520087 83363
1655726400 520087 83363 520087 83363
1655719200 520087 83363 520087 83363
1655712000 520087 83363 520087 83363
1655704800 520087 83363 520087 83363
1655697600 520087 83363 520087 83363
1655690400 520087 83363 520087 83363
1655683200 520087 83363 520087 83363
1655676000 520087 83363 520087 83363
1655668800 520087 83363 520087 83363
1655661600 520087 83363 520087 83363
1655654400 520087 83363 520087 83363
1655647200 520087 83363 520087 83363
1655640000 520087 83363 520087 83363
1655632800 520087 83363 520087 83363
1655625600 520087 83363 520087 83363
1655618400 520087 83363 520087 83363
1655611200 520087 83363 520087 83363
1655604000 520087 83363 520087 83363
1655596800 520087 83363 520087 83363
1655589600 520087 83363 520087 83363
1655582400 520087 83363 520087 83363
1655575200 520087 83363 520087 83363
1655568000 520087 83363 520087 83363
1655560800 520087 83363 520087 83363
1655553600 520087 83363 520087 83363
1655546400 520087 83363 520087 83363
1655539200 520087 83363 520087 83363
1655532000 520087 83363 520087 83363
1655524800 520087 83363 520087 83363
1655517600 520087 83363 520087 83363
1655510400 520087 83363 520087 83363
1655503200 520087 83363 520087 83363
1655496000 520087 83363 520087 83363
1655488800 520087 83363 520087 83363
1655481600 520087 83363 520087 83363
1655474400 520087 83363 520087 83363
1655467200 520087 83363 520087 83363
1655460000 520087 83363 520087 83363
1655452800 520087 83363 520087 83363
1655445600 520087 83363 520087 83363
1655438400 520087 83363 520087 83363
1655431200 520087 83363 520087 83363
1655424000 520087 83363 520087 83363
1655416800 520087 83363 520087 83363
1655409600 520087 83363 520087 83363
1655402400 520087 83363 520087 83363
1655395200 520087 83363 520087 83363
1655388000 520087 83363 520087 83363
1655380800 520087 83363 520087 83363
1655373600 520087 83363 520087 83363
1655366400 520087 83363 520087 83363
1655359200 520087 83363 520087 83363
1655352000 520087 83363 520087 83363
1655344800 520087 83363 520087 83363
1655337600 520087 83363 520087 83363
1655330400 520087 83363 520087 83363
1655323200 520087 83363 520087 83363
1655316000 520087 83363 520087 83363
1655308800 520087 83363 520087 83363
1655301600 520087 83363 520087 83363
1655294400 520087 83363 520087 83363
1655287200 520087 83363 520087 83363
1655280000 520087 83363 520087 83363
1655272800 520087 83363 520087 83363
1655265600 520087 83363 520087 83363
1655258400 520087 83363 520087 83363
1655251200 520087 83363 520087 83363
1655244000 520087 83363 520087 83363
1655236800 520087 83363 520087 83363
1655229600 520087 83363 520087 83363
1655222400 520087 83363 520087 83363
1655215200 520087 83363 520087 83363
1655208000 520087 83363 520087 83363
1655200800 520087 83363 520087 83363
1655193600 520087 83363 520087 83363
1655186400 520087 83363 520087 83363
1655179200 520087 83363 520087 83363
1655172000 520087 83363 520087 83363
1655164800 520087 83363 520087 83363
1655157600 520087 83363 520087 83363
1655150400 520087 83363 520087 83363
1655143200 520087 83363 520087 83363
1655136000 520087 83363 520087 83363
1655128800 520087 83363 520087 83363
1655121600 520087 83363 520087 83363
1655114400 520087 83363 520087 83363
1655107200 520087 83363 520087 83363
1655100000 520087 83363 520087 83363
1655092800 520087 83363 520087 83363
1655085600 520087 83363 520087 83363
1655078400 520087 83363 520087 83363
1655071200 520087 83363 520087 83363
1655064000 520087 83363 520087 83363
1655056800 520087 83363 520087 83363
1655049600 520087 83363 520087 83363
1655042400 520087 83363 520087 83363
1655035200 520087 83363 520087 83363
1655028000 520087 83363 520087 83363
1655020800 520087 83363 520087 83363
1655013600 520087 83363 520087 83363
1655006400 520087 83363 520087 83363
1654999200 520087 83363 520087 83363
1654992000 520087 83363 520087 83363
1654984800 520087 83363 520087 83363
1654977600 520087 83363 520087 83363
1654970400 520087 83363 520087 83363
1654963200 520087 83363 520087 83363
1654956000 520087 83363 520087 83363
1654948800 520087 83363 520087 83363
1654941600 520087 83363 520087 83363
1654934400 520087 83363 520087 83363
1654927200 520087 83363 520087 83363
1654920000 520087 83363 520087 83363
1654912800 520087 83363 520087 83363
1654905600 520087 83363 520087 83363
1654898400 520087 83363 520087 83363
1654891200 520087 83363 520087 83363
1654884000 520087 83363 520087 83363
1654876800 520087 83363 520087 83363
1654869600 520087 83363 520087 83363
1654862400 520087 83363 520087 83363
1654855200 520087 83363 520087 83363
1654848000 520087 83363 520087 83363
1654840800 520087 83363 520087 83363
1654833600 520087 83363 520087 83363
1654826400 520087 83363 520087 83363
1654819200 520087 83363 520087 83363
1654812000 520087 83363 520087 83363
1654804800 520087 83363 520087 83363
1654797600 520087 83363 520087 83363
1654790400 520087 83363 520087 83363
1654783200 520087 83363 520087 83363
1654776000 520087 83363 520087 83363
1654768800 520087 83363 520087 83363
1654761600 520087 83363 520087 83363
1654754400 520087 83363 520087 83363
1654747200 520087 83363 520087 83363
1654740000 520087 83363 520087 83363
1654732800 520087 83363 520087 83363
1654725600 520087 83363 520087 83363
1654718400 520087 83363 520087 83363
1654711200 520087 83363 520087 83363
1654704000 520087 83363 520087 83363
1654696800 520087 83363 520087 83363
1654689600 520087 83363 520087 83363
1654682400 520087 83363 520087 83363
1654675200 520087 83363 520087 83363
1654668000 520087 83363 520087 83363
1654660800 520087 83363 520087 83363
1654653600 520087 83363 520087 83363
1654646400 520087 83363 520087 83363
1654639200 520087 83363 520087 83363
1654632000 520087 83363 520087 83363
1654624800 520087 83363 520087 83363
1654617600 520087 83363 520087 83363
1654610400 520087 83363 520087 83363
1654603200 520087 83363 520087 83363
1654596000 520087 83363 520087 83363
1654588800 520087 83363 520087 83363
1654581600 520087 83363 520087 83363
1654574400 520087 83363 520087 83363
1654567200 520087 83363 520087 83363
1654560000 520087 83363 520087 83363
1654552800 520087 83363 520087 83363
1654545600 520087 83363 520087 83363
1654538400 520087 83363 520087 83363
1654531200 520087 83363 520087 83363
1654524000 520087 83363 520087 83363
1654516800 520087 83363 520087 83363
1654509600 520087 83363 520087 83363
1654502400 520087 83363 520087 83363
1654495200 520087 83363 520087 83363
1654488000 520087 83363 520087 83363
1654480800 520087 83363 520087 83363
1654473600 520087 83363 520087 83363
1654466400 520087 83363 520087 83363
1654459200 520087 83363 520087 83363
1654452000 520087 83363 520087 83363
1654444800 520087 83363 520087 83363
1654437600 520087 83363 520087 83363
1654430400 520087 83363 520087 83363
1654423200 520087 83363 520087 83363
1654416000 520087 83363 520087 83363
1654408800 520087 83363 520087 83363
1654401600 520087 83363 520087 83363
1654394400 520087 83363 520087 83363
1654387200 520087 83363 520087 83363
1654380000 520087 83363 520087 83363
1654372800 520087 83363 520087 83363
1654365600 520087 83363 520087 83363
1654358400 520087 83363 520087 83363
1654351200 520087 83363 520087 83363
1654344000 520087 83363 520087 83363
1654336800 520087 83363 520087 83363
1654329600 520087 83363 520087 83363
1654322400 520087 83363 520087 83363
1654315200 520087 83363 520087 83363
1654308000 520087 83363 520087 83363
1654300800 520087 83363 520087 83363
1654293600 520087 83363 520087 83363
1654286400 520087 83363 520087 83363
1654279200 520087 83363 520087 83363
1654272000 520087 83363 520087 83363
1654264800 520087 83363 520087 83363
1654257600 520087 83363 520087 83363
1654250400 520087 83363 520087 83363
1654243200 520087 83363 520087 83363
1654236000 520087 83363 520087 83363
1654228800 520087 83363 520087 83363
1654221600 520087 83363 520087 83363
1654214400 520087 83363 520087 83363
1654207200 520087 83363 520087 83363
1654200000 520087 83363 520087 83363
1654192800 520087 83363 520087 83363
1654185600 520087 83363 520087 83363
1654178400 520087 83363 520087 83363
1654171200 520087 83363 520087 83363
1654164000 520087 83363 520087 83363
1654156800 520087 83363 520087 83363
1654149600 520087 83363 520087 83363
1654142400 520087 83363 520087 83363
1654135200 520087 83363 520087 83363
1654128000 520087 83363 520087 83363
1654120800 520087 83363 520087 83363
1654113600 520087 83363 520087 83363
1654106400 520087 83363 520087 83363
1654099200 520087 83363 520087 83363
1654092000 520087 83363 520087 83363
1654084800 520087 83363 520087 83363
1654077600 520087 83363 520087 83363
1654070400 520087 83363 520087 83363
1654063200 520087 83363 520087 83363
1654056000 520087 83363 520087 83363
1654048800 520087 83363 520087 83363
1654041600 520087 83363 520087 83363
1654034400 520087 83363 520087 83363
1654027200 520087 83363 520087 83363
1654020000 520087 83363 520087 83363
1654012800 520087 83363 520087 83363
1654005600 520087 83363 520087 83363
1653998400 520087 83363 520087 83363
1653991200 520087 83363 520087 83363
1653984000 520087 83363 520087 83363
1653976800 520087 83363 520087 83363
1653969600 520087 83363 520087 83363
1653962400 520087 83363 520087 83363
1653955200 520087 83363 520087 83363
1653948000 520087 83363 520087 83363
1653940800 520087 83363 520087 83363
1653933600 520087 83363 520087 83363
1653926400 520087 83363 520087 83363
1653919200 520087 83363 520087 83363
1653912000 520087 83363 520087 83363
1653904800 520087 83363 520087 83363
1653897600 520087 83363 520087 83363
1653890400 520087 83363 520087 83363
1653883200 520087 83363 520087 83363
1653876000 520087 83363 520087 83363
1653868800 520087 83363 520087 83363
1653861600 520087 83363 520087 83363
1653854400 520087 83363 520087 83363
1653847200 520087 83363 520087 83363
1653840000 520087 83363 520087 83363
1653832800 520087 83363 520087 83363
1653825600 520087 83363 520087 83363
1653818400 520087 83363 520087 83363
1653811200 520087 83363 520087 83363
1653804000 520087 83363 520087 83363
1653796800 520087 83363 520087 83363
1653789600 520087 83363 520087 83363
1653782400 520087 83363 520087 83363
1653775200 520087 83363 520087 83363
1653768000 520087 83363 520087 83363
1653760800 520087 83363 520087 83363
1653753600 520087 83363 520087 83363
1653746400 520087 83363 520087 83363
1653739200 520087 83363 520087 83363
1653732000 520087 83363 520087 83363
1653724800 520087 83363 520087 83363
1653717600 520087 83363 520087 83363
1653710400 520087 83363 520087 83363
1653703200 520087 83363 520087 83363
1653696000 520087 83363 520087 83363
1653688800 520087 83363 520087 83363
1653681600 520087 83363 520087 83363
1653674400 520087 83363 520087 83363
1653667200 520087 83363 520087 83363
1653660000 520087 83363 520087 83363
1653652800 520087 83363 520087 83363
1653645600 520087 83363 520087 83363
1653638400 520087 83363 520087 83363
1653631200 520087 83363 520087 83363
1653624000 520087 83363 520087 83363
1653616800 520087 83363 520087 83363
1653609600 520087 83363 520087 83363
1653602400 520087 83363 520087 83363
1653595200 520087 83363 520087 83363
1653588000 520087 83363 520087 83363
1653580800 520087 83363 520087 83363
1653573600 520087 83363 520087 83363
1653566400 520087 83363 520087 83363
1653559200 520087 83363 520087 83363
1653552000 520087 83363 520087 83363
1653544800 520087 83363 520087 83363
1653537600 520087 83363 520087 83363
1653530400 520087 83363 520087 83363
1653523200 520087 83363 520087 83363
1653516000 520087 83363 520087 83363
1653508800 520087 83363 520087 83363
1653501600 520087 83363 520087 83363
1653494400 520087 83363 520087 83363
1653487200 520087 83363 520087 83363
1653480000 520087 83363 520087 83363
1653472800 520087 83363 520087 83363
1653465600 520087 83363 520087 83363
1653458400 520087 83363 520087 83363
1653451200 520087 83363 520087 83363
1653444000 520087 83363 520087 83363
1653436800 520087 83363 520087 83363
1653429600 520087 83363 520087 83363
1653422400 520087 83363 520087 83363
1653415200 520087 83363 520087 83363
1653408000 520087 83363 520087 83363
1653400800 520087 83363 520087 83363
1653393600 520087 83363 520087 83363
1653386400 520087 83363 520087 83363
1653379200 520087 83363 520087 83363
1653372000 520087 83363 520087 83363
1653364800 520087 83363 520087 83363
1653357600 520087 83363 520087 83363
1653350400 520087 83363 520087 83363
1653343200 520087 83363 520087 83363
1653336000 520087 83363 520087 83363
1653328800 520087 83363 520087 83363
1653321600 520087 83363 520087 83363
1653314400 520087 83363 520087 83363
1653307200 520087 83363 520087 83363
1653300000 520087 83363 520087 83363
1653292800 520087 83363 520087 83363
1653285600 520087 83363 520087 83363
1653278400 520087 83363 520087 83363
1653271200 520087 83363 520087 83363
1653264000 520087 83363 520087 83363
1653256800 520087 83363 520087 83363
1653249600 520087 83363 520087 83363
1653242400 520087 83363 520087 83363
1653235200 520087 83363 520087 83363
1653228000 520087 83363 520087 83363
1653220800 520087 83363 520087 83363
1653213600 520087 83363 520087 83363
1653206400 520087 83363 520087 83363
1653199200 520087 83363 520087 83363
1653192000 520087 83363 520087 83363
1653184800 520087 83363 520087 83363
1653177600 520087 83363 520087 83363
1653170400 520087 83363 520087 83363
1653163200 520087 83363 520087 83363
1653156000 520087 83363 520087 83363
1653148800 520087 83363 520087 83363
1653141600 520087 83363 520087 83363
1653134400 520087 83363 520087 83363
1653127200 520087 83363 520087 83363
1653120000 520087 83363 520087 83363
1653112800 520087 83363 520087 83363
1653105600 520087 83363 520087 83363
1653098400 520087 83363 520087 83363
1653091200 520087 83363 520087 83363
1653084000 520087 83363 520087 83363
1653076800 520087 83363 520087 83363
1653069600 520087 83363 520087 83363
1653062400 520087 83363 520087 83363
1653055200 520087 83363 520087 83363
1653048000 520087 83363 520087 83363
1653040800 520087 83363 520087 83363
1653033600 520087 83363 520087 83363
1653026400 520087 83363 520087 83363
1653019200 520087 83363 520087 83363
1653012000 520087 83363 520087 83363
1653004800 520087 83363 520087 83363
1652997600 520087 83363 520087 83363
1652990400 520087 83363 520087 83363
1652983200 520087 83363 520087 83363
1652976000 520087 83363 520087 83363
1652968800 520087 83363 520087 83363
1652961600 520087 83363 520087 83363
1652954400 520087 83363 520087 83363
1652947200 520087 83363 520087 83363
1652940000 520087 83363 520087 83363
1652932800 520087 83363 520087 83363
1652925600 520087 83363 520087 83363
1652918400 520087 83363 520087 83363
1652911200 520087 83363 520087 83363
1652904000 520087 83363 520087 83363
1652896800 520087 83363 520087 83363
1652889600 520087 83363 520087 83363
1652882400 520087 83363 520087 83363
1652875200 520087 83363 520087 83363
1652868000 520087 83363 520087 83363
1652860800 520087 83363 520087 83363
1652853600 520087 83363 520087 83363
1652846400 520087 83363 520087 83363
1652832000 520087 83363 520087 83363
1652745600 520087 83363 520087 83363
1652659200 520087 83363 520087 83363
1652572800 520087 83363 520087 83363
1652486400 520087 83363 520087 83363
1652400000 520087 83363 520087 83363
1652313600 520087 83363 520087 83363
1652227200 520087 83363 520087 83363
1652140800 520087 83363 520087 83363
1652054400 520087 83363 520087 83363
1651968000 520087 83363 520087 83363
1651881600 520087 83363 520087 83363
1651795200 520087 83363 520087 83363
1651708800 520087 83363 520087 83363
1651622400 520087 83363 520087 83363
1651536000 520087 83363 520087 83363
1651449600 520087 83363 520087 83363
1651363200 520087 83363 520087 83363
1651276800 520087 83363 520087 83363
1651190400 520087 83363 520087 83363
1651104000 520087 83363 520087 83363
1651017600 520087 83363 520087 83363
1650931200 520087 83363 520087 83363
1650844800 520087 83363 520087 83363
1650758400 520087 83363 520087 83363
1650672000 520087 83363 520087 83363
1650585600 520087 83363 520087 83363
1650499200 520087 83363 520087 83363
1650412800 520087 83363 520087 83363
1650326400 520087 83363 520087 83363
1650240000 520087 83363 520087 83363
1650153600 520087 83363 520087 83363
1650067200 520087 83363 520087 83363
1649980800 520087 83363 520087 83363
1649894400 520087 83363 520087 83363
1649808000 520087 83363 520087 83363
1649721600 520087 83363 520087 83363
1649635200 520087 83363 520087 83363
1649548800 520087 83363 520087 83363
1649462400 520087 83363 520087 83363
1649376000 520087 83363 520087 83363
1649289600 520087 83363 520087 83363
1649203200 520087 83363 520087 83363
1649116800 520087 83363 520087 83363
1649030400 520087 83363 520087 83363
1648944000 520087 83363 520087 83363
1648857600 520087 83363 520087 83363
1648771200 520087 83363 520087 83363
1648684800 520087 83363 520087 83363
1648598400 520087 83363 520087 83363
1648512000 520087 83363 520087 83363
1648425600 520087 83363 520087 83363
1648339200 520087 83363 520087 83363
1648252800 520087 83363 520087 83363
1648166400 520087 83363 520087 83363
1648080000 520087 83363 520087 83363
1647993600 520087 83363 520087 83363
1647907200 520087 83363 520087 83363
1647820800 520087 83363 520087 83363
1647734400 520087 83363 520087 83363
1647648000 520087 83363 520087 83363
1647561600 520087 83363 520087 83363
1647475200 520087 83363 520087 83363
1647388800 520087 83363 520087 83363
1647302400 520087 83363 520087 83363
1647216000 520087 83363 520087 83363
1647129600 520087 83363 520087 83363
1647043200 520087 83363 520087 83363
1646956800 520087 83363 520087 83363
1646870400 520087 83363 520087 83363
1646784000 520087 83363 520087 83363
1646697600 520087 83363 520087 83363
1646611200 520087 83363 520087 83363
1646524800 520087 83363 520087 83363
1646438400 520087 83363 520087 83363
1646352000 520087 83363 520087 83363
1646265600 520087 83363 520087 83363
1646179200 520087 83363 520087 83363
1646092800 520087 83363 520087 83363
1646006400 520087 83363 520087 83363
1645920000 520087 83363 520087 83363
1645833600 520087 83363 520087 83363
1645747200 520087 83363 520087 83363
1645660800 251861 72697 1330342 565368
1645574400 123119 52040 1484804 403130
1645488000 111411 45875 111411 45875
1645401600 111411 45875 111411 45875
1645315200 111411 45875 111411 45875
1645228800 111411 45875 111411 45875
1645142400 179370 87847 1425688 902088
1645056000 172793 73984 1419333 749289
1644969600 193324 73854 1802594 453248
1644883200 173271 64350 3047077 475357
1644796800 26003 14349 310732 122623
1644710400 53811 26016 564393 181904
1644624000 233366 70801 4002621 412434
1644537600 327653 92415 1597892 744017
1644451200 538958 101750 1925603 596413
1644364800 564641 87313 2802821 614067
1644278400 173280 20043 6069512 165538
1644192000 61280 15780 340169 99861
1644105600 187984 35367 2004070 407657
1644019200 526189 89660 2955358 482954
1643932800 472000 89285 2259157 621813
1643846400 406055 83516 1322717 589568
1643760000 341052 92488 2467952 702631
1643673600 231611 78898 1932956 851011
1643587200 35917 14572 425820 116533
1643500800 74958 31514 743274 395320
1643414400 245546 83842 1583331 821495
1643328000 303636 85279 2887270 641559
1643241600 286154 112354 1558261 3289439
1643155200 333070 104861 5461272 2291831
1643068800 283700 85347 4025147 825258
1642982400 32386 13971 259381 94120
1642896000 75588 29365 914363 382298
1642809600 274773 88503 1459975 705125
1642723200 323898 87563 1805670 503293
1642636800 397022 101911 2239585 749915
1642550400 570525 106077 3246613 518280
1642464000 888005 110729 3099554 511165
1642377600 368605 32709 2046888 186449
1642291200 804670 59206 5605038 445421
1642204800 954222 116841 4251060 482194
1642118400 879401 117085 5935572 1070583
1642032000 1061410 130270 5152238 1032158
1641945600 1037719 119962 3297921 711453
1641859200 817952 106331 3587714 484331
1641772800 141618 25165 1332050 121998
1641686400 187824 36411 1841581 371331
1641600000 561112 108626 2117555 678714
1641513600 466675 95631 2102389 592922
1641427200 332977 120345 1671801 253061
1641340800 320765 118766 320765 118766
1641254400 320765 118766 320765 118766
1641168000 320765 118766 320765 118766
1641081600 320765 118766 320765 118766
1640995200 320765 118766 320765 118766
1640908800 320765 118766 320765 118766
1640822400 320765 118766 320765 118766
1640736000 320765 118766 320765 118766
1640649600 320765 118766 320765 118766
1640563200 320765 118766 320765 118766
1640476800 320765 118766 320765 118766
1640390400 320765 118766 320765 118766
1640304000 320765 118766 320765 118766
1640217600 320765 118766 320765 118766
1640131200 320765 118766 320765 118766
1640044800 320765 118766 320765 118766
1639958400 320765 118766 320765 118766
1639872000 320765 118766 320765 118766
1639785600 320765 118766 320765 118766
1639699200 320765 118766 320765 118766
1639612800 320765 118766 320765 118766
1639526400 320765 118766 320765 118766
1639440000 320765 118766 320765 118766
1639353600 320765 118766 320765 118766
1639267200 320765 118766 320765 118766
1639180800 320765 118766 320765 118766
1639094400 320765 118766 320765 118766
1639008000 320765 118766 320765 118766
1638921600 320765 118766 320765 118766
1638835200 320765 118766 320765 118766
1638748800 320765 118766 320765 118766
1638662400 320765 118766 320765 118766
1638576000 320765 118766 320765 118766
1638489600 320765 118766 320765 118766
1638403200 320765 118766 320765 118766
1638316800 214780 75586 1079108 403576
1638230400 266340 92789 2264610 740866
1638144000 37102 17808 465802 183970
1638057600 78459 31731 844647 567412
1637971200 244412 88947 1630475 640407
1637884800 352474 112110 5661087 633047
1637798400 313790 119334 2745644 1271808
1637712000 337132 88027 1647204 559002
1637625600 368986 82582 1662024 551751
1637539200 43989 14201 418713 93166
1637452800 90919 30385 958653 465774
1637366400 358129 101182 1335483 978576
1637280000 483984 118671 1643299 539199
1637193600 981305 156744 4031379 1991157
1637107200 911949 143105 4656497 1006740
1637020800 201519 28846 711734 332753
1636934400 102258 17153 440821 143213
1636848000 203408 39780 1319795 450525
1636761600 729917 169606 3539116 994444
1636675200 756506 184750 2987541 912652
1636588800 790881 167766 2549415 2119948
1636502400 436953 76329 4827050 1152797
1636416000 670772 156808 2796935 5752535
1636329600 60804 16495 302363 122437
1636243200 185194 47073 2572477 499466
1636156800 623454 128803 2715738 837690
1636070400 616184 145669 2623473 1104089
1635984000 480623 149664 2314912 3048959
1635897600 168877 41152 671470 290493
1635811200 286876 70474 2791361 498582
1635724800 37804 15336 378311 205076
1635638400 64543 32807 904431 682181
1635552000 318578 81041 1240653 439217
1635465600 229659 106803 1350132 1439894
1635379200 285668 102324 1686351 940656
1635292800 328665 102857 1580791 649173
1635206400 443455 94598 4866494 936976
1635120000 31939 11232 460113 168136
1635033600 71349 21886 891155 214621
1634947200 287192 90473 1572936 850512
1634860800 331393 87662 1910478 463842
1634774400 371437 98640 3515517 535660
1634688000 458692 125446 2345835 1384151
1634601600 764755 122220 3925110 495334
1634515200 70375 16872 278397 142962
1634428800 130421 26671 1268051 216718
1634342400 682091 123869 4776359 768919
1634256000 636505 132639 2604495 640080
1634169600 628272 118126 2100648 567508
1634083200 718236 138519 4106410 727744
1633996800 687340 125651 2817308 756200
1633910400 86909 23577 1150538 217157
1633824000 132376 33621 810653 322268
1633737600 674498 142642 5356803 740018
1633651200 749742 150218 2476948 877286
1633564800 761794 140671 4449086 692317
1633478400 725811 140269 2699137 814357
1633392000 623289 112746 2648451 892183
1633305600 64898 17366 310173 85992
1633219200 106531 27075 1051915 245381
1633132800 412367 107487 4395814 774299
1633046400 323219 126714 1399906 1250474
1632960000 356406 115511 2702267 600485
1632873600 350901 100121 4060991 581410
1632787200 330219 109132 1857154 1384632
1632700800 37237 13483 278822 150528
1632614400 87682 27969 714357 243490
1632528000 305818 93447 1874924 565892
1632441600 331497 110606 1908789 531083
1632355200 383105 115992 1477997 539419
1632268800 451754 128077 1654958 1542939
1632182400 690883 142655 4077601 1428596
1632096000 145408 24990 661601 94165
1632009600 201743 35193 1921514 764091
1631923200 679032 103951 2920312 788147
1631836800 100292 20872 809021 259746
1631750400 617141 111991 2450377 521117
1631664000 782063 133501 6471634 559445
1631577600 691264 122861 3109985 844903
1631491200 79974 17839 345777 129453
1631404800 174799 34389 1029020 202820
1631318400 775983 127592 2685939 510998
1631232000 826607 140088 2574149 659598
1631145600 679733 145530 3374260 1312208
1631059200 710801 128730 2469734 1901481
1630972800 633860 116463 2821681 677610
1630886400 100501 20465 341390 126998
1630800000 168836 42640 859649 371246
1630713600 568533 111331 2610415 642941
1630627200 484474 111909 1743981 797051
1630540800 493183 106971 3388054 520945
1630454400 319790 97597 1606797 551907
1630368000 340529 86176 2506695 515149
1630281600 36767 17302 534300 207764
1630195200 68668 32131 356858 274568
1630108800 320382 105966 3691300 534818
1630022400 328893 124808 3322066 592815
1629936000 321881 110916 2877666 1205119
1629849600 333616 130084 2269110 1369164
1629763200 306312 106277 1557108 1001506
1629676800 52460 19048 581648 509520
1629590400 78452 50236 520391 574905
1629504000 313403 103504 1436960 573293
1629417600 386351 107557 1568189 531280
1629331200 436017 118612 2096236 700908
1629244800 830333 130533 3113568 649421
1629158400 756237 121793 2869350 687107
1629072000 111632 31207 461747 169952
1628985600 167884 35431 1048366 394286
1628899200 685486 122829 4163650 520459
1628812800 683293 146241 2133778 898635
1628726400 805796 187078 2901180 1319905
1628640000 373599 121788 3094192 839443
1628553600 245730 83467 4521834 548261
1628467200 74365 32420 296758 325279
1628380800 92488 45748 453712 262538
1628294400 644363 122354 2428037 540266
1628208000 804809 160378 3395249 1079451
1628121600 750872 151582 2981778 777902
1628035200 673467 143486 2364748 741998
1627948800 526967 122409 2475701 591882
1627862400 173033 78742 663042 350140
1627776000 222656 61288 932447 623853
1627689600 557678 172317 4137488 1090248
1627603200 574045 151368 3944410 704518
1627516800 489203 151595 3049176 593615
1627430400 498151 148960 3458659 560041
1627344000 473564 151908 2196310 619887
1627257600 77006 44552 646095 721664
1627171200 150278 70314 454205 246961
1627084800 444471 152049 3066546 1029022
1626998400 519951 150396 2501522 897270
1626912000 558028 144598 1984703 583913
1626825600 596844 113347 2049419 697046
1626739200 893794 146381 2892526 1949919
1626652800 113952 29215 676338 877473
1626566400 183654 33144 862913 312121
1626480000 867451 151149 3123259 1011980
1626393600 720854 137210 2452454 564684
1626307200 720224 160171 2101283 716502
1626220800 727868 134196 3463478 678256
1626134400 716833 135248 2606110 852185
1626048000 150609 44586 638319 208277
1625961600 171180 35841 1032108 304499
1625875200 642580 128863 2077948 507877
1625788800 731122 152061 2278014 695731
1625702400 677862 133159 2011501 643516
1625616000 670053 120932 2067096 459883
1625529600 689970 116546 2460064 754223
1625443200 136042 30993 438841 214670
1625356800 192041 42567 1215043 200145
1625270400 552944 104946 3027522 536128
1625184000 485406 121412 2024690 1129846
1625097600 359918 96457 1785886 542423
1625011200 366108 112465 2471588 602507
1624924800 368150 105045 1714471 504305
1624838400 59239 39157 484876 1139169
1624752000 120066 38955 1927726 175060
1624665600 303960 86451 1247730 2656319
1624579200 380131 100304 1444195 505151
1624492800 356906 102770 1994129 564057
1624406400 248232 59041 2067894 431926
1624320000 0 0 0 0
1624233600 0 0 0 0
1624147200 0 0 0 0
1624060800 0 0 0 0
1623974400 0 0 0 0
1623888000 0 0 0 0
1623801600 0 0 0 0
1623715200 0 0 0 0
1623628800 0 0 0 0
1623542400 0 0 0 0
1623456000 0 0 0 0
1623369600 0 0 0 0
1623283200 0 0 0 0
1623196800 0 0 0 0
1623110400 0 0 0 0
1623024000 0 0 0 0
1622937600 0 0 0 0
1622851200 0 0 0 0
1622764800 0 0 0 0
1622678400 0 0 0 0
1622592000 0 0 0 0
1622505600 0 0 0 0
1622419200 0 0 0 0
1622332800 0 0 0 0
1622246400 0 0 0 0
1622160000 0 0 0 0
1622073600 0 0 0 0
1621987200 0 0 0 0
1621900800 0 0 0 0
1621814400 0 0 0 0
1621728000 0 0 0 0
1621641600 0 0 0 0
1621555200 0 0 0 0
1621468800 0 0 0 0
1621382400 0 0 0 0
1621296000 0 0 0 0
1621209600 0 0 0 0
1621123200 0 0 0 0
1621036800 0 0 0 0
1620950400 0 0 0 0
1620864000 0 0 0 0
1620777600 0 0 0 0
1620691200 0 0 0 0
1620604800 0 0 0 0
1620518400 0 0 0 0
1620432000 0 0 0 0
1620345600 0 0 0 0
1620259200 0 0 0 0
1620172800 0 0 0 0
1620086400 0 0 0 0
1620000000 0 0 0 0
1619913600 0 0 0 0
1619827200 0 0 0 0
1619740800 0 0 0 0
1619654400 0 0 0 0
1619568000 0 0 0 0
1619481600 0 0 0 0
1619395200 0 0 0 0
1619308800 0 0 0 0
1619222400 0 0 0 0
1619136000 0 0 0 0
1619049600 0 0 0 0
1618963200 0 0 0 0
1618876800 0 0 0 0
1618790400 0 0 0 0
1618704000 0 0 0 0
1618617600 0 0 0 0
1618531200 0 0 0 0
1618444800 0 0 0 0
1618358400 0 0 0 0
1618272000 0 0 0 0
1618185600 0 0 0 0
1618099200 0 0 0 0
1618012800 0 0 0 0
1617926400 0 0 0 0
1617840000 0 0 0 0
1617753600 0 0 0 0
1617667200 0 0 0 0
1617580800 0 0 0 0
1617494400 0 0 0 0
1617408000 0 0 0 0
1617321600 0 0 0 0
1617235200 0 0 0 0
1617148800 0 0 0 0
1617062400 0 0 0 0
1616976000 0 0 0 0
1616889600 0 0 0 0
1616803200 0 0 0 0
1616716800 0 0 0 0
1616630400 0 0 0 0
1616544000 0 0 0 0
1616457600 0 0 0 0
1616371200 0 0 0 0
1616284800 0 0 0 0
1616198400 0 0 0 0
1616112000 0 0 0 0
1616025600 0 0 0 0
1615939200 0 0 0 0
1615852800 0 0 0 0
1615766400 0 0 0 0
1615680000 0 0 0 0
1615593600 0 0 0 0
1615507200 0 0 0 0
1615420800 0 0 0 0
1615334400 0 0 0 0
1615248000 0 0 0 0
1615161600 0 0 0 0
1615075200 0 0 0 0
1614988800 0 0 0 0
1614902400 0 0 0 0
1614816000 0 0 0 0
1614729600 0 0 0 0
1614643200 0 0 0 0
1614556800 0 0 0 0
1614470400 0 0 0 0
1614384000 0 0 0 0
1614297600 0 0 0 0
1614211200 0 0 0 0
1614124800 0 0 0 0
1614038400 0 0 0 0
1613952000 0 0 0 0
1613865600 0 0 0 0
1613779200 0 0 0 0
1613692800 0 0 0 0
1613606400 0 0 0 0
1613520000 0 0 0 0
1613433600 0 0 0 0
1613347200 0 0 0 0
1613260800 0 0 0 0
1613174400 0 0 0 0
1613088000 0 0 0 0
1613001600 0 0 0 0
1612915200 0 0 0 0
1612828800 0 0 0 0
1612742400 0 0 0 0
1612656000 0 0 0 0
1612569600 0 0 0 0
1612483200 0 0 0 0
1612396800 0 0 0 0
1612310400 0 0 0 0
1612224000 0 0 0 0
1612137600 0 0 0 0
1612051200 0 0 0 0
1611964800 0 0 0 0
1611878400 0 0 0 0
1611792000 0 0 0 0
1611705600 0 0 0 0
1611619200 0 0 0 0
1611532800 0 0 0 0
1611446400 0 0 0 0
1611360000 0 0 0 0
1611273600 0 0 0 0
1611187200 0 0 0 0
1611100800 0 0 0 0
1611014400 0 0 0 0
1610928000 0 0 0 0
1610841600 0 0 0 0
1610755200 0 0 0 0
1610668800 0 0 0 0
1610582400 0 0 0 0
1610496000 0 0 0 0
1610409600 0 0 0 0
1610323200 0 0 0 0
1610236800 0 0 0 0
1610150400 0 0 0 0
1610064000 0 0 0 0
1609977600 0 0 0 0
1609891200 0 0 0 0
1609804800 0 0 0 0
1609718400 0 0 0 0
1609632000 0 0 0 0
1609545600 0 0 0 0
1609459200 0 0 0 0
1609372800 0 0 0 0
1609286400 0 0 0 0
1609200000 0 0 0 0
1609113600 0 0 0 0
1609027200 0 0 0 0
1608940800 0 0 0 0
1608854400 0 0 0 0
1608768000 0 0 0 0
1608681600 0 0 0 0
1608595200 0 0 0 0
1608508800 0 0 0 0
1608422400 0 0 0 0
1608336000 0 0 0 0
1608249600 0 0 0 0
1608163200 0 0 0 0
1608076800 0 0 0 0
1607990400 0 0 0 0
1607904000 0 0 0 0
1607817600 0 0 0 0
1607731200 0 0 0 0
1607644800 0 0 0 0
1607558400 0 0 0 0
1607472000 0 0 0 0
1607385600 0 0 0 0
1607299200 0 0 0 0
1607212800 0 0 0 0
1607126400 0 0 0 0
1607040000 0 0 0 0
1606953600 0 0 0 0
1606867200 0 0 0 0
1606780800 0 0 0 0
1606694400 0 0 0 0
1606608000 0 0 0 0
1606521600 0 0 0 0
1606435200 0 0 0 0
1606348800 0 0 0 0
1606262400 0 0 0 0
1606176000 0 0 0 0
1606089600 0 0 0 0
1606003200 0 0 0 0
1605916800 0 0 0 0
1605830400 0 0 0 0
1605744000 0 0 0 0
1605657600 0 0 0 0
1605571200 0 0 0 0
1605484800 0 0 0 0
1605398400 0 0 0 0
1605312000 0 0 0 0
1605225600 0 0 0 0
1605139200 0 0 0 0
1605052800 0 0 0 0
1604966400 0 0 0 0
1604880000 0 0 0 0
1604793600 0 0 0 0
1604707200 0 0 0 0
1604620800 0 0 0 0
1604534400 0 0 0 0
1604448000 0 0 0 0
1604361600 0 0 0 0
1604275200 0 0 0 0
1604188800 0 0 0 0
1604102400 0 0 0 0
1604016000 0 0 0 0
1603929600 0 0 0 0
1603843200 0 0 0 0
1603756800 0 0 0 0
1603670400 0 0 0 0
1603584000 0 0 0 0
1603497600 0 0 0 0
1603411200 0 0 0 0
1603324800 0 0 0 0
1603238400 0 0 0 0
1603152000 0 0 0 0
1603065600 0 0 0 0
1602979200 0 0 0 0
1602892800 0 0 0 0
1602806400 0 0 0 0
1602720000 0 0 0 0
1602633600 0 0 0 0
1602547200 0 0 0 0
1602460800 0 0 0 0
1602374400 0 0 0 0
1602288000 0 0 0 0
1602201600 0 0 0 0
1602115200 0 0 0 0
1602028800 0 0 0 0
1601942400 0 0 0 0
1601856000 0 0 0 0
1601769600 0 0 0 0
1601683200 0 0 0 0
1601596800 0 0 0 0
1601510400 0 0 0 0
1601424000 0 0 0 0
1601337600 0 0 0 0
1601251200 0 0 0 0
1601164800 0 0 0 0
1601078400 0 0 0 0
1600992000 0 0 0 0
1600905600 0 0 0 0
1600819200 0 0 0 0
1600732800 0 0 0 0
1600646400 0 0 0 0
1600560000 0 0 0 0
1600473600 0 0 0 0
1600387200 0 0 0 0
1600300800 0 0 0 0
1600214400 0 0 0 0
1600128000 0 0 0 0
1600041600 0 0 0 0
1599955200 0 0 0 0
1599868800 0 0 0 0
1599782400 0 0 0 0
1599696000 0 0 0 0
1599609600 0 0 0 0
1599523200 0 0 0 0
1599436800 0 0 0 0
1599350400 0 0 0 0
1599264000 0 0 0 0
1599177600 0 0 0 0
1599091200 0 0 0 0
1599004800 0 0 0 0
1598918400 0 0 0 0
1598832000 0 0 0 0
1598745600 0 0 0 0
1598659200 0 0 0 0
1598572800 0 0 0 0
1598486400 0 0 0 0
1598400000 0 0 0 0
1598313600 0 0 0 0
1598227200 0 0 0 0
1598140800 0 0 0 0
1598054400 0 0 0 0
1597968000 0 0 0 0
1597881600 0 0 0 0
1597795200 0 0 0 0
1597708800 0 0 0 0
1597622400 0 0 0 0
1597536000 0 0 0 0
1597449600 0 0 0 0
1597363200 0 0 0 0
1597276800 0 0 0 0
1597190400 0 0 0 0
1597104000 0 0 0 0
1597017600 0 0 0 0
1596931200 0 0 0 0
1596844800 0 0 0 0
1596758400 0 0 0 0
1596672000 0 0 0 0
1596585600 0 0 0 0
1596499200 0 0 0 0
1596412800 0 0 0 0
1596326400 0 0 0 0
1596240000 0 0 0 0
1596153600 0 0 0 0
1596067200 0 0 0 0
1595980800 0 0 0 0
1595894400 0 0 0 0
1595808000 0 0 0 0
1595721600 0 0 0 0
1595635200 0 0 0 0
1595548800 0 0 0 0
1595462400 0 0 0 0
1595376000 0 0 0 0
1595289600 0 0 0 0
1595203200 0 0 0 0
1595116800 0 0 0 0
1595030400 0 0 0 0
1594944000 0 0 0 0
1594857600 0 0 0 0
1594771200 0 0 0 0
1594684800 0 0 0 0
1594598400 0 0 0 0
1594512000 0 0 0 0
1594425600 0 0 0 0
1594339200 0 0 0 0
1594252800 0 0 0 0
1594166400 0 0 0 0
1594080000 0 0 0 0
1593993600 0 0 0 0
1593907200 0 0 0 0
1593820800 0 0 0 0
1593734400 0 0 0 0
1593648000 0 0 0 0
1593561600 0 0 0 0
1593475200 0 0 0 0
1593388800 0 0 0 0
1593302400 0 0 0 0
1593216000 0 0 0 0
1593129600 0 0 0 0
1593043200 0 0 0 0
1592956800 0 0 0 0
1592870400 0 0 0 0
1592784000 0 0 0 0
1592697600 0 0 0 0
1592611200 0 0 0 0
1592524800 0 0 0 0
1592438400 0 0 0 0
1592352000 0 0 0 0
1592265600 0 0 0 0
1592179200 0 0 0 0
1592092800 0 0 0 0
1592006400 0 0 0 0
1591920000 0 0 0 0
1591833600 0 0 0 0
1591747200 0 0 0 0
1591660800 0 0 0 0
1591574400 0 0 0 0
1591488000 0 0 0 0
1591401600 0 0 0 0
1591315200 0 0 0 0
1591228800 0 0 0 0
1591142400 0 0 0 0
1591056000 0 0 0 0
1590969600 0 0 0 0
1590883200 0 0 0 0
1590796800 0 0 0 0
1590710400 0 0 0 0
1590624000 0 0 0 0
1590537600 0 0 0 0
1590451200 0 0 0 0
1590364800 0 0 0 0
1590278400 0 0 0 0
1590192000 0 0 0 0
1590105600 0 0 0 0
1590019200 0 0 0 0
1589932800 0 0 0 0
1589846400 0 0 0 0
1589760000 0 0 0 0
1589673600 0 0 0 0
