1623793801 3459149115 2978207553
1623793801 0 0 0 0
1623793502 0 0 0 0
1623793500 0 0 0 0
1623793200 0 0 0 0
1623792900 0 0 0 0
1623792600 0 0 0 0
1623792300 0 0 0 0
1623792000 0 0 0 0
1623791700 0 0 0 0
1623791400 0 0 0 0
1623791100 0 0 0 0
1623790800 0 0 0 0
1623790500 0 0 0 0
1623790200 0 0 0 0
1623789900 0 0 0 0
1623789600 0 0 0 0
1623789300 0 0 0 0
1623789000 0 0 0 0
1623788700 0 0 0 0
1623788400 0 0 0 0
1623788100 0 0 0 0
1623787800 0 0 0 0
1623787500 0 0 0 0
1623787200 0 0 0 0
1623786900 0 0 0 0
1623786600 0 0 0 0
1623786300 0 0 0 0
1623786000 0 0 0 0
1623785700 0 0 0 0
1623785400 0 0 0 0
1623785100 0 0 0 0
1623784800 0 0 0 0
1623784500 0 0 0 0
1623784200 0 0 0 0
1623783900 0 0 0 0
1623783600 0 0 0 0
1623783300 0 0 0 0
1623783000 0 0 0 0
1623782700 0 0 0 0
1623782400 0 0 0 0
1623782100 0 0 0 0
1623781800 0 0 0 0
1623781500 0 0 0 0
1623781200 0 0 0 0
1623780900 0 0 0 0
1623780600 0 0 0 0
1623780300 0 0 0 0
1623780000 0 0 0 0
1623779700 0 0 0 0
1623779400 0 0 0 0
1623779100 0 0 0 0
1623778800 0 0 0 0
1623778500 0 0 0 0
1623778200 0 0 0 0
1623777900 0 0 0 0
1623777600 0 0 0 0
1623777300 0 0 0 0
1623777000 0 0 0 0
1623776700 0 0 0 0
1623776400 0 0 0 0
1623776100 0 0 0 0
1623775800 0 0 0 0
1623775500 0 0 0 0
1623775200 0 0 0 0
1623774900 0 0 0 0
1623774600 0 0 0 0
1623774300 0 0 0 0
1623774000 0 0 0 0
1623773700 0 0 0 0
1623773400 0 0 0 0
1623773100 0 0 0 0
1623772800 0 0 0 0
1623772500 0 0 0 0
1623772200 0 0 0 0
1623771900 0 0 0 0
1623771600 0 0 0 0
1623771300 0 0 0 0
1623771000 0 0 0 0
1623770700 0 0 0 0
1623770400 0 0 0 0
1623770100 0 0 0 0
1623769800 0 0 0 0
1623769500 0 0 0 0
1623769200 0 0 0 0
1623768900 0 0 0 0
1623768600 0 0 0 0
1623768300 0 0 0 0
1623768000 0 0 0 0
1623767700 0 0 0 0
1623767400 0 0 0 0
1623767100 0 0 0 0
1623766800 0 0 0 0
1623766500 0 0 0 0
1623766200 0 0 0 0
1623765900 0 0 0 0
1623765600 0 0 0 0
1623765300 0 0 0 0
1623765000 0 0 0 0
1623764700 0 0 0 0
1623764400 0 0 0 0
1623764100 0 0 0 0
1623763800 0 0 0 0
1623763500 0 0 0 0
1623763200 0 0 0 0
1623762900 0 0 0 0
1623762600 0 0 0 0
1623762300 0 0 0 0
1623762000 0 0 0 0
1623761700 0 0 0 0
1623761400 0 0 0 0
1623761100 0 0 0 0
1623760800 0 0 0 0
1623760500 0 0 0 0
1623760200 0 0 0 0
1623759900 0 0 0 0
1623759600 0 0 0 0
1623759300 0 0 0 0
1623759000 0 0 0 0
1623758700 0 0 0 0
1623758400 0 0 0 0
1623758100 0 0 0 0
1623757800 0 0 0 0
1623757500 0 0 0 0
1623757200 0 0 0 0
1623756900 0 0 0 0
1623756600 0 0 0 0
1623756300 0 0 0 0
1623756000 0 0 0 0
1623755700 0 0 0 0
1623755400 0 0 0 0
1623755100 0 0 0 0
1623754800 0 0 0 0
1623754500 0 0 0 0
1623754200 0 0 0 0
1623753900 0 0 0 0
1623753600 0 0 0 0
1623753300 0 0 0 0
1623753000 0 0 0 0
1623752700 0 0 0 0
1623752400 0 0 0 0
1623752100 0 0 0 0
1623751800 0 0 0 0
1623751500 0 0 0 0
1623751200 0 0 0 0
1623750900 0 0 0 0
1623750600 0 0 0 0
1623750300 0 0 0 0
1623750000 0 0 0 0
1623749700 0 0 0 0
1623749400 0 0 0 0
1623749100 0 0 0 0
1623748800 0 0 0 0
1623748500 0 0 0 0
1623748200 0 0 0 0
1623747900 0 0 0 0
1623747600 0 0 0 0
1623747300 0 0 0 0
1623747000 0 0 0 0
1623746700 0 0 0 0
1623746400 0 0 0 0
1623746100 0 0 0 0
1623745800 0 0 0 0
1623745500 0 0 0 0
1623745200 0 0 0 0
1623744900 0 0 0 0
1623744600 0 0 0 0
1623744300 0 0 0 0
1623744000 0 0 0 0
1623743700 0 0 0 0
1623743400 0 0 0 0
1623743100 0 0 0 0
1623742800 0 0 0 0
1623742500 0 0 0 0
1623742200 0 0 0 0
1623741900 0 0 0 0
1623741600 0 0 0 0
1623741300 0 0 0 0
1623741000 0 0 0 0
1623740700 0 0 0 0
1623740400 0 0 0 0
1623740100 0 0 0 0
1623739800 0 0 0 0
1623739500 0 0 0 0
1623739200 0 0 0 0
1623738900 0 0 0 0
1623738600 0 0 0 0
1623738300 0 0 0 0
1623738000 0 0 0 0
1623737700 0 0 0 0
1623737400 0 0 0 0
1623737100 0 0 0 0
1623736800 0 0 0 0
1623736500 0 0 0 0
1623736200 0 0 0 0
1623735900 0 0 0 0
1623735600 0 0 0 0
1623735300 0 0 0 0
1623735000 0 0 0 0
1623734700 0 0 0 0
1623734400 0 0 0 0
1623734100 0 0 0 0
1623733800 0 0 0 0
1623733500 0 0 0 0
1623733200 0 0 0 0
1623732900 0 0 0 0
1623732600 0 0 0 0
1623732300 0 0 0 0
1623732000 0 0 0 0
1623731700 0 0 0 0
1623731400 0 0 0 0
1623731100 0 0 0 0
1623730800 0 0 0 0
1623730500 0 0 0 0
1623730200 0 0 0 0
1623729900 0 0 0 0
1623729600 0 0 0 0
1623729300 0 0 0 0
1623729000 0 0 0 0
1623728700 0 0 0 0
1623728400 0 0 0 0
1623728100 0 0 0 0
1623727800 0 0 0 0
1623727500 0 0 0 0
1623727200 0 0 0 0
1623726900 0 0 0 0
1623726600 0 0 0 0
1623726300 0 0 0 0
1623726000 0 0 0 0
1623725700 0 0 0 0
1623725400 0 0 0 0
1623725100 0 0 0 0
1623724800 0 0 0 0
1623724500 0 0 0 0
1623724200 0 0 0 0
1623723900 0 0 0 0
1623723600 0 0 0 0
1623723300 0 0 0 0
1623723000 0 0 0 0
1623722700 0 0 0 0
1623722400 0 0 0 0
1623722100 0 0 0 0
1623721800 0 0 0 0
1623721500 0 0 0 0
1623721200 0 0 0 0
1623720900 0 0 0 0
1623720600 0 0 0 0
1623720300 0 0 0 0
1623720000 0 0 0 0
1623719700 0 0 0 0
1623719400 0 0 0 0
1623719100 0 0 0 0
1623718800 0 0 0 0
1623718500 0 0 0 0
1623718200 0 0 0 0
1623717900 0 0 0 0
1623717600 0 0 0 0
1623717300 0 0 0 0
1623717000 0 0 0 0
1623716700 0 0 0 0
1623716400 0 0 0 0
1623716100 0 0 0 0
1623715800 0 0 0 0
1623715500 0 0 0 0
1623715200 0 0 0 0
1623714900 0 0 0 0
1623714600 0 0 0 0
1623714300 0 0 0 0
1623714000 0 0 0 0
1623713700 0 0 0 0
1623713400 0 0 0 0
1623713100 0 0 0 0
1623712800 0 0 0 0
1623712500 0 0 0 0
1623712200 0 0 0 0
1623711900 0 0 0 0
1623711600 0 0 0 0
1623711300 0 0 0 0
1623711000 0 0 0 0
1623710700 0 0 0 0
1623710400 0 0 0 0
1623710100 0 0 0 0
1623709800 0 0 0 0
1623709500 0 0 0 0
1623709200 0 0 0 0
1623708900 0 0 0 0
1623708600 0 0 0 0
1623708300 0 0 0 0
1623708000 0 0 0 0
1623707700 0 0 0 0
1623707400 0 0 0 0
1623707100 0 0 0 0
1623706800 0 0 0 0
1623706500 0 0 0 0
1623706200 0 0 0 0
1623705900 0 0 0 0
1623705600 0 0 0 0
1623705300 0 0 0 0
1623705000 0 0 0 0
1623704700 0 0 0 0
1623704400 0 0 0 0
1623704100 0 0 0 0
1623703800 0 0 0 0
1623703500 0 0 0 0
1623703200 0 0 0 0
1623702900 0 0 0 0
1623702600 0 0 0 0
1623702300 0 0 0 0
1623702000 0 0 0 0
1623701700 0 0 0 0
1623701400 0 0 0 0
1623701100 0 0 0 0
1623700800 0 0 0 0
1623700500 0 0 0 0
1623700200 0 0 0 0
1623699900 0 0 0 0
1623699600 0 0 0 0
1623699300 0 0 0 0
1623699000 0 0 0 0
1623698700 0 0 0 0
1623698400 0 0 0 0
1623698100 0 0 0 0
1623697800 0 0 0 0
1623697500 0 0 0 0
1623697200 0 0 0 0
1623696900 0 0 0 0
1623696600 0 0 0 0
1623696300 0 0 0 0
1623696000 0 0 0 0
1623695700 0 0 0 0
1623695400 0 0 0 0
1623695100 0 0 0 0
1623694800 0 0 0 0
1623694500 0 0 0 0
1623694200 0 0 0 0
1623693900 0 0 0 0
1623693600 0 0 0 0
1623693300 0 0 0 0
1623693000 0 0 0 0
1623692700 0 0 0 0
1623692400 0 0 0 0
1623692100 0 0 0 0
1623691800 0 0 0 0
1623691500 0 0 0 0
1623691200 0 0 0 0
1623690900 0 0 0 0
1623690600 0 0 0 0
1623690300 0 0 0 0
1623690000 0 0 0 0
1623689700 0 0 0 0
1623689400 0 0 0 0
1623689100 0 0 0 0
1623688800 0 0 0 0
1623688500 0 0 0 0
1623688200 0 0 0 0
1623687900 0 0 0 0
1623687600 0 0 0 0
1623687300 0 0 0 0
1623687000 0 0 0 0
1623686700 0 0 0 0
1623686400 0 0 0 0
1623686100 0 0 0 0
1623685800 0 0 0 0
1623685500 0 0 0 0
1623685200 0 0 0 0
1623684900 0 0 0 0
1623684600 0 0 0 0
1623684300 0 0 0 0
1623684000 0 0 0 0
1623683700 0 0 0 0
1623683400 0 0 0 0
1623683100 0 0 0 0
1623682800 0 0 0 0
1623682500 0 0 0 0
1623682200 0 0 0 0
1623681900 0 0 0 0
1623681600 0 0 0 0
1623681300 0 0 0 0
1623681000 0 0 0 0
1623680700 0 0 0 0
1623680400 0 0 0 0
1623680100 0 0 0 0
1623679800 0 0 0 0
1623679500 0 0 0 0
1623679200 0 0 0 0
1623678900 0 0 0 0
1623678600 0 0 0 0
1623678300 0 0 0 0
1623678000 0 0 0 0
1623677700 0 0 0 0
1623677400 0 0 0 0
1623677100 0 0 0 0
1623676800 0 0 0 0
1623676500 0 0 0 0
1623676200 0 0 0 0
1623675900 0 0 0 0
1623675600 0 0 0 0
1623675300 0 0 0 0
1623675000 0 0 0 0
1623674700 0 0 0 0
1623674400 0 0 0 0
1623674100 0 0 0 0
1623673800 0 0 0 0
1623673500 0 0 0 0
1623673200 0 0 0 0
1623672900 0 0 0 0
1623672600 0 0 0 0
1623672300 0 0 0 0
1623672000 0 0 0 0
1623671700 0 0 0 0
1623671400 0 0 0 0
1623671100 0 0 0 0
1623670800 0 0 0 0
1623670500 0 0 0 0
1623670200 0 0 0 0
1623669900 0 0 0 0
1623669600 0 0 0 0
1623669300 0 0 0 0
1623669000 0 0 0 0
1623668700 0 0 0 0
1623668400 0 0 0 0
1623668100 0 0 0 0
1623667800 0 0 0 0
1623667500 0 0 0 0
1623667200 0 0 0 0
1623666900 0 0 0 0
1623666600 0 0 0 0
1623666300 0 0 0 0
1623666000 0 0 0 0
1623665700 0 0 0 0
1623665400 0 0 0 0
1623665100 0 0 0 0
1623664800 0 0 0 0
1623664500 0 0 0 0
1623664200 0 0 0 0
1623663900 0 0 0 0
1623663600 0 0 0 0
1623663300 0 0 0 0
1623663000 0 0 0 0
1623662700 0 0 0 0
1623662400 0 0 0 0
1623662100 0 0 0 0
1623661800 0 0 0 0
1623661500 0 0 0 0
1623661200 0 0 0 0
1623660900 0 0 0 0
1623660600 0 0 0 0
1623660300 0 0 0 0
1623660000 0 0 0 0
1623659700 0 0 0 0
1623659400 0 0 0 0
1623659100 0 0 0 0
1623658800 0 0 0 0
1623658500 0 0 0 0
1623658200 0 0 0 0
1623657900 0 0 0 0
1623657600 0 0 0 0
1623657300 0 0 0 0
1623657000 0 0 0 0
1623656700 0 0 0 0
1623656400 0 0 0 0
1623656100 0 0 0 0
1623655800 0 0 0 0
1623655500 0 0 0 0
1623655200 0 0 0 0
1623654900 0 0 0 0
1623654600 0 0 0 0
1623654300 0 0 0 0
1623654000 0 0 0 0
1623653700 0 0 0 0
1623653400 0 0 0 0
1623653100 0 0 0 0
1623652800 0 0 0 0
1623652500 0 0 0 0
1623652200 0 0 0 0
1623651900 0 0 0 0
1623651600 0 0 0 0
1623651300 0 0 0 0
1623651000 0 0 0 0
1623650700 0 0 0 0
1623650400 0 0 0 0
1623650100 0 0 0 0
1623649800 0 0 0 0
1623649500 0 0 0 0
1623649200 0 0 0 0
1623648900 0 0 0 0
1623648600 0 0 0 0
1623648300 0 0 0 0
1623648000 0 0 0 0
1623647700 0 0 0 0
1623647400 0 0 0 0
1623647100 0 0 0 0
1623646800 0 0 0 0
1623646500 0 0 0 0
1623646200 0 0 0 0
1623645900 0 0 0 0
1623645600 0 0 0 0
1623645300 0 0 0 0
1623645000 0 0 0 0
1623644700 0 0 0 0
1623644400 0 0 0 0
1623644100 0 0 0 0
1623643800 0 0 0 0
1623643500 0 0 0 0
1623643200 0 0 0 0
1623642900 0 0 0 0
1623642600 0 0 0 0
1623642300 0 0 0 0
1623642000 0 0 0 0
1623641700 0 0 0 0
1623641400 0 0 0 0
1623641100 0 0 0 0
1623640800 0 0 0 0
1623640500 0 0 0 0
1623640200 0 0 0 0
1623639900 0 0 0 0
1623639600 0 0 0 0
1623639300 0 0 0 0
1623639000 0 0 0 0
1623638700 0 0 0 0
1623638400 0 0 0 0
1623638100 0 0 0 0
1623637800 0 0 0 0
1623637500 0 0 0 0
1623637200 0 0 0 0
1623636900 0 0 0 0
1623636600 0 0 0 0
1623636300 0 0 0 0
1623636000 0 0 0 0
1623635700 0 0 0 0
1623635400 0 0 0 0
1623635100 0 0 0 0
1623634800 0 0 0 0
1623634500 0 0 0 0
1623634200 0 0 0 0
1623633900 0 0 0 0
1623633600 0 0 0 0
1623633300 0 0 0 0
1623633000 0 0 0 0
1623632700 0 0 0 0
1623632400 0 0 0 0
1623632100 0 0 0 0
1623631800 0 0 0 0
1623631500 0 0 0 0
1623631200 0 0 0 0
1623630900 0 0 0 0
1623630600 0 0 0 0
1623630300 0 0 0 0
1623630000 0 0 0 0
1623629700 0 0 0 0
1623629400 0 0 0 0
1623629100 0 0 0 0
1623628800 0 0 0 0
1623628500 0 0 0 0
1623628200 0 0 0 0
1623627900 0 0 0 0
1623627600 0 0 0 0
1623627300 0 0 0 0
1623627000 0 0 0 0
1623626700 0 0 0 0
1623626400 0 0 0 0
1623626100 0 0 0 0
1623625800 0 0 0 0
1623625500 0 0 0 0
1623625200 0 0 0 0
1623624900 0 0 0 0
1623624600 0 0 0 0
1623624300 0 0 0 0
1623624000 0 0 0 0
1623623700 0 0 0 0
1623623400 0 0 0 0
1623623100 0 0 0 0
1623622800 0 0 0 0
1623622500 0 0 0 0
1623622200 0 0 0 0
1623621900 0 0 0 0
1623621600 0 0 0 0
1623621300 0 0 0 0
1623621000 0 0 0 0
1623620700 0 0 0 0
1623620400 0 0 0 0
1623620100 0 0 0 0
1623619800 0 0 0 0
1623619500 0 0 0 0
1623619200 0 0 0 0
1623618900 0 0 0 0
1623618600 0 0 0 0
1623618300 0 0 0 0
1623618000 0 0 0 0
1623617700 0 0 0 0
1623617400 0 0 0 0
1623617100 0 0 0 0
1623616800 0 0 0 0
1623616500 0 0 0 0
1623616200 0 0 0 0
1623615900 0 0 0 0
1623615600 0 0 0 0
1623615300 0 0 0 0
1623615000 0 0 0 0
1623614700 0 0 0 0
1623614400 0 0 0 0
1623614100 0 0 0 0
1623613800 0 0 0 0
1623612600 0 0 0 0
1623610800 0 0 0 0
1623609000 0 0 0 0
1623607200 0 0 0 0
1623605400 0 0 0 0
1623603600 0 0 0 0
1623601800 0 0 0 0
1623600000 0 0 0 0
1623598200 0 0 0 0
1623596400 0 0 0 0
1623594600 0 0 0 0
1623592800 0 0 0 0
1623591000 0 0 0 0
1623589200 0 0 0 0
1623587400 0 0 0 0
1623585600 0 0 0 0
1623583800 0 0 0 0
1623582000 0 0 0 0
1623580200 0 0 0 0
1623578400 0 0 0 0
1623576600 0 0 0 0
1623574800 0 0 0 0
1623573000 0 0 0 0
1623571200 0 0 0 0
1623569400 0 0 0 0
1623567600 0 0 0 0
1623565800 0 0 0 0
1623564000 0 0 0 0
1623562200 0 0 0 0
1623560400 0 0 0 0
1623558600 0 0 0 0
1623556800 0 0 0 0
1623555000 0 0 0 0
1623553200 0 0 0 0
1623551400 0 0 0 0
1623549600 0 0 0 0
1623547800 0 0 0 0
1623546000 0 0 0 0
1623544200 0 0 0 0
1623542400 0 0 0 0
1623540600 0 0 0 0
1623538800 0 0 0 0
1623537000 0 0 0 0
1623535200 0 0 0 0
1623533400 0 0 0 0
1623531600 0 0 0 0
1623529800 0 0 0 0
1623528000 0 0 0 0
1623526200 0 0 0 0
1623524400 0 0 0 0
1623522600 0 0 0 0
1623520800 0 0 0 0
1623519000 0 0 0 0
1623517200 0 0 0 0
1623515400 0 0 0 0
1623513600 0 0 0 0
1623511800 0 0 0 0
1623510000 0 0 0 0
1623508200 0 0 0 0
1623506400 0 0 0 0
1623504600 0 0 0 0
1623502800 0 0 0 0
1623501000 0 0 0 0
1623499200 0 0 0 0
1623497400 0 0 0 0
1623495600 0 0 0 0
1623493800 0 0 0 0
1623492000 0 0 0 0
1623490200 0 0 0 0
1623488400 0 0 0 0
1623486600 0 0 0 0
1623484800 0 0 0 0
1623483000 0 0 0 0
1623481200 0 0 0 0
1623479400 0 0 0 0
1623477600 0 0 0 0
1623475800 0 0 0 0
1623474000 0 0 0 0
1623472200 0 0 0 0
1623470400 0 0 0 0
1623468600 0 0 0 0
1623466800 0 0 0 0
1623465000 0 0 0 0
1623463200 0 0 0 0
1623461400 0 0 0 0
1623459600 0 0 0 0
1623457800 0 0 0 0
1623456000 0 0 0 0
1623454200 0 0 0 0
1623452400 0 0 0 0
1623450600 0 0 0 0
1623448800 0 0 0 0
1623447000 0 0 0 0
1623445200 0 0 0 0
1623443400 0 0 0 0
1623441600 0 0 0 0
1623439800 0 0 0 0
1623438000 0 0 0 0
1623436200 0 0 0 0
1623434400 0 0 0 0
1623432600 0 0 0 0
1623430800 0 0 0 0
1623429000 0 0 0 0
1623427200 0 0 0 0
1623425400 0 0 0 0
1623423600 0 0 0 0
1623421800 0 0 0 0
1623420000 0 0 0 0
1623418200 0 0 0 0
1623416400 0 0 0 0
1623414600 0 0 0 0
1623412800 0 0 0 0
1623411000 0 0 0 0
1623409200 0 0 0 0
1623407400 0 0 0 0
1623405600 0 0 0 0
1623403800 0 0 0 0
1623402000 0 0 0 0
1623400200 0 0 0 0
1623398400 0 0 0 0
1623396600 0 0 0 0
1623394800 0 0 0 0
1623393000 0 0 0 0
1623391200 0 0 0 0
1623389400 0 0 0 0
1623387600 0 0 0 0
1623385800 0 0 0 0
1623384000 0 0 0 0
1623382200 0 0 0 0
1623380400 0 0 0 0
1623378600 0 0 0 0
1623376800 0 0 0 0
1623375000 0 0 0 0
1623373200 0 0 0 0
1623371400 0 0 0 0
1623369600 0 0 0 0
1623367800 0 0 0 0
1623366000 0 0 0 0
1623364200 0 0 0 0
1623362400 0 0 0 0
1623360600 0 0 0 0
1623358800 0 0 0 0
1623357000 0 0 0 0
1623355200 0 0 0 0
1623353400 0 0 0 0
1623351600 0 0 0 0
1623349800 0 0 0 0
1623348000 0 0 0 0
1623346200 0 0 0 0
1623344400 0 0 0 0
1623342600 0 0 0 0
1623340800 0 0 0 0
1623339000 0 0 0 0
1623337200 0 0 0 0
1623335400 0 0 0 0
1623333600 0 0 0 0
1623331800 0 0 0 0
1623330000 0 0 0 0
1623328200 0 0 0 0
1623326400 0 0 0 0
1623324600 0 0 0 0
1623322800 0 0 0 0
1623321000 0 0 0 0
1623319200 0 0 0 0
1623317400 0 0 0 0
1623315600 0 0 0 0
1623313800 0 0 0 0
1623312000 0 0 0 0
1623310200 0 0 0 0
1623308400 0 0 0 0
1623306600 0 0 0 0
1623304800 0 0 0 0
1623303000 0 0 0 0
1623301200 0 0 0 0
1623299400 0 0 0 0
1623297600 0 0 0 0
1623295800 0 0 0 0
1623294000 0 0 0 0
1623292200 0 0 0 0
1623290400 0 0 0 0
1623288600 0 0 0 0
1623286800 0 0 0 0
1623285000 0 0 0 0
1623283200 0 0 0 0
1623281400 0 0 0 0
1623279600 0 0 0 0
1623277800 0 0 0 0
1623276000 0 0 0 0
1623274200 0 0 0 0
1623272400 0 0 0 0
1623270600 0 0 0 0
1623268800 0 0 0 0
1623267000 0 0 0 0
1623265200 0 0 0 0
1623263400 0 0 0 0
1623261600 0 0 0 0
1623259800 0 0 0 0
1623258000 0 0 0 0
1623256200 0 0 0 0
1623254400 0 0 0 0
1623252600 0 0 0 0
1623250800 0 0 0 0
1623249000 0 0 0 0
1623247200 0 0 0 0
1623245400 0 0 0 0
1623243600 0 0 0 0
1623241800 0 0 0 0
1623240000 0 0 0 0
1623238200 0 0 0 0
1623236400 0 0 0 0
1623234600 0 0 0 0
1623232800 0 0 0 0
1623231000 0 0 0 0
1623229200 0 0 0 0
1623227400 0 0 0 0
1623225600 0 0 0 0
1623223800 0 0 0 0
1623222000 0 0 0 0
1623220200 0 0 0 0
1623218400 0 0 0 0
1623216600 0 0 0 0
1623214800 0 0 0 0
1623213000 0 0 0 0
1623211200 0 0 0 0
1623209400 0 0 0 0
1623207600 0 0 0 0
1623205800 0 0 0 0
1623204000 0 0 0 0
1623202200 0 0 0 0
1623200400 0 0 0 0
1623198600 0 0 0 0
1623196800 0 0 0 0
1623195000 0 0 0 0
1623193200 0 0 0 0
1623191400 0 0 0 0
1623189600 0 0 0 0
1623187800 0 0 0 0
1623186000 0 0 0 0
1623184200 0 0 0 0
1623182400 0 0 0 0
1623180600 0 0 0 0
1623178800 0 0 0 0
1623177000 0 0 0 0
1623175200 0 0 0 0
1623173400 0 0 0 0
1623171600 0 0 0 0
1623169800 0 0 0 0
1623168000 0 0 0 0
1623166200 0 0 0 0
1623164400 0 0 0 0
1623162600 0 0 0 0
1623160800 0 0 0 0
1623159000 0 0 0 0
1623157200 0 0 0 0
1623155400 0 0 0 0
1623153600 0 0 0 0
1623151800 0 0 0 0
1623150000 0 0 0 0
1623148200 0 0 0 0
1623146400 0 0 0 0
1623144600 0 0 0 0
1623142800 0 0 0 0
1623141000 0 0 0 0
1623139200 0 0 0 0
1623137400 0 0 0 0
1623135600 0 0 0 0
1623133800 0 0 0 0
1623132000 0 0 0 0
1623130200 0 0 0 0
1623128400 0 0 0 0
1623126600 0 0 0 0
1623124800 0 0 0 0
1623123000 0 0 0 0
1623121200 0 0 0 0
1623119400 0 0 0 0
1623117600 0 0 0 0
1623115800 0 0 0 0
1623114000 0 0 0 0
1623112200 0 0 0 0
1623110400 0 0 0 0
1623108600 0 0 0 0
1623106800 0 0 0 0
1623105000 0 0 0 0
1623103200 0 0 0 0
1623101400 0 0 0 0
1623099600 0 0 0 0
1623097800 0 0 0 0
1623096000 0 0 0 0
1623094200 0 0 0 0
1623092400 0 0 0 0
1623090600 0 0 0 0
1623088800 0 0 0 0
1623087000 0 0 0 0
1623085200 0 0 0 0
1623083400 0 0 0 0
1623081600 0 0 0 0
1623079800 0 0 0 0
1623078000 0 0 0 0
1623076200 0 0 0 0
1623074400 0 0 0 0
1623072600 0 0 0 0
1623070800 0 0 0 0
1623069000 0 0 0 0
1623067200 0 0 0 0
1623065400 0 0 0 0
1623063600 0 0 0 0
1623061800 0 0 0 0
1623060000 0 0 0 0
1623058200 0 0 0 0
1623056400 0 0 0 0
1623054600 0 0 0 0
1623052800 0 0 0 0
1623051000 0 0 0 0
1623049200 0 0 0 0
1623047400 0 0 0 0
1623045600 0 0 0 0
1623043800 0 0 0 0
1623042000 0 0 0 0
1623040200 0 0 0 0
1623038400 0 0 0 0
1623036600 0 0 0 0
1623034800 0 0 0 0
1623033000 0 0 0 0
1623031200 0 0 0 0
1623029400 0 0 0 0
1623027600 0 0 0 0
1623025800 0 0 0 0
1623024000 0 0 0 0
1623022200 0 0 0 0
1623020400 0 0 0 0
1623018600 0 0 0 0
1623016800 0 0 0 0
1623015000 0 0 0 0
1623013200 0 0 0 0
1623011400 0 0 0 0
1623009600 0 0 0 0
1623007800 0 0 0 0
1623006000 0 0 0 0
1623004200 0 0 0 0
1623002400 0 0 0 0
1623000600 0 0 0 0
1622998800 0 0 0 0
1622997000 0 0 0 0
1622995200 0 0 0 0
1622993400 0 0 0 0
1622991600 0 0 0 0
1622989800 0 0 0 0
1622988000 0 0 0 0
1622986200 0 0 0 0
1622984400 0 0 0 0
1622982600 0 0 0 0
1622980800 0 0 0 0
1622979000 0 0 0 0
1622977200 0 0 0 0
1622975400 0 0 0 0
1622973600 0 0 0 0
1622971800 0 0 0 0
1622970000 0 0 0 0
1622968200 0 0 0 0
1622966400 0 0 0 0
1622964600 0 0 0 0
1622962800 0 0 0 0
1622961000 0 0 0 0
1622959200 0 0 0 0
1622957400 0 0 0 0
1622955600 0 0 0 0
1622953800 0 0 0 0
1622952000 0 0 0 0
1622950200 0 0 0 0
1622948400 0 0 0 0
1622946600 0 0 0 0
1622944800 0 0 0 0
1622943000 0 0 0 0
1622941200 0 0 0 0
1622939400 0 0 0 0
1622937600 0 0 0 0
1622935800 0 0 0 0
1622934000 0 0 0 0
1622932200 0 0 0 0
1622930400 0 0 0 0
1622928600 0 0 0 0
1622926800 0 0 0 0
1622925000 0 0 0 0
1622923200 0 0 0 0
1622921400 0 0 0 0
1622919600 0 0 0 0
1622917800 0 0 0 0
1622916000 0 0 0 0
1622914200 0 0 0 0
1622912400 0 0 0 0
1622910600 0 0 0 0
1622908800 0 0 0 0
1622907000 0 0 0 0
1622905200 0 0 0 0
1622903400 0 0 0 0
1622901600 0 0 0 0
1622899800 0 0 0 0
1622898000 0 0 0 0
1622896200 0 0 0 0
1622894400 0 0 0 0
1622892600 0 0 0 0
1622890800 0 0 0 0
1622889000 0 0 0 0
1622887200 0 0 0 0
1622885400 0 0 0 0
1622883600 0 0 0 0
1622881800 0 0 0 0
1622880000 0 0 0 0
1622878200 0 0 0 0
1622876400 0 0 0 0
1622874600 0 0 0 0
1622872800 0 0 0 0
1622871000 0 0 0 0
1622869200 0 0 0 0
1622867400 0 0 0 0
1622865600 0 0 0 0
1622863800 0 0 0 0
1622862000 0 0 0 0
1622860200 0 0 0 0
1622858400 0 0 0 0
1622856600 0 0 0 0
1622854800 0 0 0 0
1622853000 0 0 0 0
1622851200 0 0 0 0
1622849400 0 0 0 0
1622847600 0 0 0 0
1622845800 0 0 0 0
1622844000 0 0 0 0
1622842200 0 0 0 0
1622840400 0 0 0 0
1622838600 0 0 0 0
1622836800 0 0 0 0
1622835000 0 0 0 0
1622833200 0 0 0 0
1622831400 0 0 0 0
1622829600 0 0 0 0
1622827800 0 0 0 0
1622826000 0 0 0 0
1622824200 0 0 0 0
1622822400 0 0 0 0
1622820600 0 0 0 0
1622818800 0 0 0 0
1622817000 0 0 0 0
1622815200 0 0 0 0
1622813400 0 0 0 0
1622811600 0 0 0 0
1622809800 0 0 0 0
1622808000 0 0 0 0
1622806200 0 0 0 0
1622804400 0 0 0 0
1622802600 0 0 0 0
1622800800 0 0 0 0
1622799000 0 0 0 0
1622797200 0 0 0 0
1622795400 0 0 0 0
1622793600 0 0 0 0
1622791800 0 0 0 0
1622790000 0 0 0 0
1622788200 0 0 0 0
1622786400 0 0 0 0
1622784600 0 0 0 0
1622782800 0 0 0 0
1622781000 0 0 0 0
1622779200 0 0 0 0
1622777400 0 0 0 0
1622775600 0 0 0 0
1622773800 0 0 0 0
1622772000 0 0 0 0
1622770200 0 0 0 0
1622768400 0 0 0 0
1622766600 0 0 0 0
1622764800 0 0 0 0
1622763000 0 0 0 0
1622761200 0 0 0 0
1622759400 0 0 0 0
1622757600 0 0 0 0
1622755800 0 0 0 0
1622754000 0 0 0 0
1622752200 0 0 0 0
1622750400 0 0 0 0
1622748600 0 0 0 0
1622746800 0 0 0 0
1622745000 0 0 0 0
1622743200 0 0 0 0
1622741400 0 0 0 0
1622739600 0 0 0 0
1622737800 0 0 0 0
1622736000 0 0 0 0
1622734200 0 0 0 0
1622732400 0 0 0 0
1622730600 0 0 0 0
1622728800 0 0 0 0
1622727000 0 0 0 0
1622725200 0 0 0 0
1622723400 0 0 0 0
1622721600 0 0 0 0
1622719800 0 0 0 0
1622718000 0 0 0 0
1622716200 0 0 0 0
1622714400 0 0 0 0
1622712600 0 0 0 0
1622710800 0 0 0 0
1622709000 0 0 0 0
1622707200 0 0 0 0
1622705400 0 0 0 0
1622703600 0 0 0 0
1622701800 0 0 0 0
1622700000 0 0 0 0
1622698200 0 0 0 0
1622696400 0 0 0 0
1622694600 0 0 0 0
1622692800 0 0 0 0
1622691000 0 0 0 0
1622689200 0 0 0 0
1622687400 0 0 0 0
1622685600 0 0 0 0
1622683800 0 0 0 0
1622682000 0 0 0 0
1622680200 0 0 0 0
1622678400 0 0 0 0
1622676600 0 0 0 0
1622674800 0 0 0 0
1622673000 0 0 0 0
1622671200 0 0 0 0
1622669400 0 0 0 0
1622667600 0 0 0 0
1622665800 0 0 0 0
1622664000 0 0 0 0
1622662200 0 0 0 0
1622660400 0 0 0 0
1622658600 0 0 0 0
1622656800 0 0 0 0
1622655000 0 0 0 0
1622653200 0 0 0 0
1622651400 0 0 0 0
1622649600 0 0 0 0
1622647800 0 0 0 0
1622646000 0 0 0 0
1622644200 0 0 0 0
1622642400 0 0 0 0
1622640600 0 0 0 0
1622638800 0 0 0 0
1622637000 0 0 0 0
1622635200 0 0 0 0
1622633400 0 0 0 0
1622631600 0 0 0 0
1622629800 0 0 0 0
1622628000 0 0 0 0
1622626200 0 0 0 0
1622624400 0 0 0 0
1622622600 0 0 0 0
1622620800 0 0 0 0
1622619000 0 0 0 0
1622617200 0 0 0 0
1622615400 0 0 0 0
1622613600 0 0 0 0
1622611800 0 0 0 0
1622610000 0 0 0 0
1622608200 0 0 0 0
1622606400 0 0 0 0
1622604600 0 0 0 0
1622602800 0 0 0 0
1622601000 0 0 0 0
1622599200 0 0 0 0
1622597400 0 0 0 0
1622595600 0 0 0 0
1622593800 0 0 0 0
1622592000 0 0 0 0
1622590200 0 0 0 0
1622588400 0 0 0 0
1622586600 0 0 0 0
1622584800 0 0 0 0
1622583000 0 0 0 0
1622581200 0 0 0 0
1622579400 0 0 0 0
1622577600 0 0 0 0
1622575800 0 0 0 0
1622574000 0 0 0 0
1622572200 0 0 0 0
1622570400 0 0 0 0
1622568600 0 0 0 0
1622566800 0 0 0 0
1622565000 0 0 0 0
1622563200 0 0 0 0
1622561400 0 0 0 0
1622559600 0 0 0 0
1622557800 0 0 0 0
1622556000 0 0 0 0
1622554200 0 0 0 0
1622552400 0 0 0 0
1622550600 0 0 0 0
1622548800 0 0 0 0
1622547000 0 0 0 0
1622545200 0 0 0 0
1622543400 0 0 0 0
1622541600 0 0 0 0
1622539800 0 0 0 0
1622538000 0 0 0 0
1622536200 0 0 0 0
1622534400 0 0 0 0
1622532600 0 0 0 0
1622527200 0 0 0 0
1622520000 0 0 0 0
1622512800 0 0 0 0
1622505600 0 0 0 0
1622498400 0 0 0 0
1622491200 0 0 0 0
1622484000 0 0 0 0
1622476800 0 0 0 0
1622469600 0 0 0 0
1622462400 0 0 0 0
1622455200 0 0 0 0
1622448000 0 0 0 0
1622440800 0 0 0 0
1622433600 0 0 0 0
1622426400 0 0 0 0
1622419200 0 0 0 0
1622412000 0 0 0 0
1622404800 0 0 0 0
1622397600 0 0 0 0
1622390400 0 0 0 0
1622383200 0 0 0 0
1622376000 0 0 0 0
1622368800 0 0 0 0
1622361600 0 0 0 0
1622354400 0 0 0 0
1622347200 0 0 0 0
1622340000 0 0 0 0
1622332800 0 0 0 0
1622325600 0 0 0 0
1622318400 0 0 0 0
1622311200 0 0 0 0
1622304000 0 0 0 0
1622296800 0 0 0 0
1622289600 0 0 0 0
1622282400 0 0 0 0
1622275200 0 0 0 0
1622268000 0 0 0 0
1622260800 0 0 0 0
1622253600 0 0 0 0
1622246400 0 0 0 0
1622239200 0 0 0 0
1622232000 0 0 0 0
1622224800 0 0 0 0
1622217600 0 0 0 0
1622210400 0 0 0 0
1622203200 0 0 0 0
1622196000 0 0 0 0
1622188800 0 0 0 0
1622181600 0 0 0 0
1622174400 0 0 0 0
1622167200 0 0 0 0
1622160000 0 0 0 0
1622152800 0 0 0 0
1622145600 0 0 0 0
1622138400 0 0 0 0
1622131200 0 0 0 0
1622124000 0 0 0 0
1622116800 0 0 0 0
1622109600 0 0 0 0
1622102400 0 0 0 0
1622095200 0 0 0 0
1622088000 0 0 0 0
1622080800 0 0 0 0
1622073600 0 0 0 0
1622066400 0 0 0 0
1622059200 0 0 0 0
1622052000 0 0 0 0
1622044800 0 0 0 0
1622037600 0 0 0 0
1622030400 0 0 0 0
1622023200 0 0 0 0
1622016000 0 0 0 0
1622008800 0 0 0 0
1622001600 0 0 0 0
1621994400 0 0 0 0
1621987200 0 0 0 0
1621980000 0 0 0 0
1621972800 0 0 0 0
1621965600 0 0 0 0
1621958400 0 0 0 0
1621951200 0 0 0 0
1621944000 0 0 0 0
1621936800 0 0 0 0
1621929600 0 0 0 0
1621922400 0 0 0 0
1621915200 0 0 0 0
1621908000 0 0 0 0
1621900800 0 0 0 0
1621893600 0 0 0 0
1621886400 0 0 0 0
1621879200 0 0 0 0
1621872000 0 0 0 0
1621864800 0 0 0 0
1621857600 0 0 0 0
1621850400 0 0 0 0
1621843200 0 0 0 0
1621836000 0 0 0 0
1621828800 0 0 0 0
1621821600 0 0 0 0
1621814400 0 0 0 0
1621807200 0 0 0 0
1621800000 0 0 0 0
1621792800 0 0 0 0
1621785600 0 0 0 0
1621778400 0 0 0 0
1621771200 0 0 0 0
1621764000 0 0 0 0
1621756800 0 0 0 0
1621749600 0 0 0 0
1621742400 0 0 0 0
1621735200 0 0 0 0
1621728000 0 0 0 0
1621720800 0 0 0 0
1621713600 0 0 0 0
1621706400 0 0 0 0
1621699200 0 0 0 0
1621692000 0 0 0 0
1621684800 0 0 0 0
1621677600 0 0 0 0
1621670400 0 0 0 0
1621663200 0 0 0 0
1621656000 0 0 0 0
1621648800 0 0 0 0
1621641600 0 0 0 0
1621634400 0 0 0 0
1621627200 0 0 0 0
1621620000 0 0 0 0
1621612800 0 0 0 0
1621605600 0 0 0 0
1621598400 0 0 0 0
1621591200 0 0 0 0
1621584000 0 0 0 0
1621576800 0 0 0 0
1621569600 0 0 0 0
1621562400 0 0 0 0
1621555200 0 0 0 0
1621548000 0 0 0 0
1621540800 0 0 0 0
1621533600 0 0 0 0
1621526400 0 0 0 0
1621519200 0 0 0 0
1621512000 0 0 0 0
1621504800 0 0 0 0
1621497600 0 0 0 0
1621490400 0 0 0 0
1621483200 0 0 0 0
1621476000 0 0 0 0
1621468800 0 0 0 0
1621461600 0 0 0 0
1621454400 0 0 0 0
1621447200 0 0 0 0
1621440000 0 0 0 0
1621432800 0 0 0 0
1621425600 0 0 0 0
1621418400 0 0 0 0
1621411200 0 0 0 0
1621404000 0 0 0 0
1621396800 0 0 0 0
1621389600 0 0 0 0
1621382400 0 0 0 0
1621375200 0 0 0 0
1621368000 0 0 0 0
1621360800 0 0 0 0
1621353600 0 0 0 0
1621346400 0 0 0 0
1621339200 0 0 0 0
1621332000 0 0 0 0
1621324800 0 0 0 0
1621317600 0 0 0 0
1621310400 0 0 0 0
1621303200 0 0 0 0
1621296000 0 0 0 0
1621288800 0 0 0 0
1621281600 0 0 0 0
1621274400 0 0 0 0
1621267200 0 0 0 0
1621260000 0 0 0 0
1621252800 0 0 0 0
1621245600 0 0 0 0
1621238400 0 0 0 0
1621231200 0 0 0 0
1621224000 0 0 0 0
1621216800 0 0 0 0
1621209600 0 0 0 0
1621202400 0 0 0 0
1621195200 0 0 0 0
1621188000 0 0 0 0
1621180800 0 0 0 0
1621173600 0 0 0 0
1621166400 0 0 0 0
1621159200 0 0 0 0
1621152000 0 0 0 0
1621144800 0 0 0 0
1621137600 0 0 0 0
1621130400 0 0 0 0
1621123200 0 0 0 0
1621116000 0 0 0 0
1621108800 0 0 0 0
1621101600 0 0 0 0
1621094400 0 0 0 0
1621087200 0 0 0 0
1621080000 0 0 0 0
1621072800 0 0 0 0
1621065600 0 0 0 0
1621058400 0 0 0 0
1621051200 0 0 0 0
1621044000 0 0 0 0
1621036800 0 0 0 0
1621029600 0 0 0 0
1621022400 0 0 0 0
1621015200 0 0 0 0
1621008000 0 0 0 0
1621000800 0 0 0 0
1620993600 0 0 0 0
1620986400 0 0 0 0
1620979200 0 0 0 0
1620972000 0 0 0 0
1620964800 0 0 0 0
1620957600 0 0 0 0
1620950400 0 0 0 0
1620943200 0 0 0 0
1620936000 0 0 0 0
1620928800 0 0 0 0
1620921600 0 0 0 0
1620914400 0 0 0 0
1620907200 0 0 0 0
1620900000 0 0 0 0
1620892800 0 0 0 0
1620885600 0 0 0 0
1620878400 0 0 0 0
1620871200 0 0 0 0
1620864000 0 0 0 0
1620856800 0 0 0 0
1620849600 0 0 0 0
1620842400 0 0 0 0
1620835200 0 0 0 0
1620828000 0 0 0 0
1620820800 0 0 0 0
1620813600 0 0 0 0
1620806400 0 0 0 0
1620799200 0 0 0 0
1620792000 0 0 0 0
1620784800 0 0 0 0
1620777600 0 0 0 0
1620770400 0 0 0 0
1620763200 0 0 0 0
1620756000 0 0 0 0
1620748800 0 0 0 0
1620741600 0 0 0 0
1620734400 0 0 0 0
1620727200 0 0 0 0
1620720000 0 0 0 0
1620712800 0 0 0 0
1620705600 0 0 0 0
1620698400 0 0 0 0
1620691200 0 0 0 0
1620684000 0 0 0 0
1620676800 0 0 0 0
1620669600 0 0 0 0
1620662400 0 0 0 0
1620655200 0 0 0 0
1620648000 0 0 0 0
1620640800 0 0 0 0
1620633600 0 0 0 0
1620626400 0 0 0 0
1620619200 0 0 0 0
1620612000 0 0 0 0
1620604800 0 0 0 0
1620597600 0 0 0 0
1620590400 0 0 0 0
1620583200 0 0 0 0
1620576000 0 0 0 0
1620568800 0 0 0 0
1620561600 0 0 0 0
1620554400 0 0 0 0
1620547200 0 0 0 0
1620540000 0 0 0 0
1620532800 0 0 0 0
1620525600 0 0 0 0
1620518400 0 0 0 0
1620511200 0 0 0 0
1620504000 0 0 0 0
1620496800 0 0 0 0
1620489600 0 0 0 0
1620482400 0 0 0 0
1620475200 0 0 0 0
1620468000 0 0 0 0
1620460800 0 0 0 0
1620453600 0 0 0 0
1620446400 477569 858138 1041655 1871734
1620439200 808555 2300994 6344220 6656289
1620432000 1759949 5728093 6344220 13247361
1620424800 1397193 6832516 3271511 13136883
1620417600 1785393 7626914 2400230 13954616
1620410400 1956452 8571634 5679819 12439884
1620403200 962064 8873671 1827207 12439884
1620396000 422460 2142338 1345175 3822961
1620388800 201463 2623924 368120 6094165
1620381600 178663 1796207 567491 4498194
1620374400 280910 3648934 496539 4749403
1620367200 480810 1920035 1511771 4358955
1620360000 582232 2382856 1476383 4893119
1620352800 1025097 2842708 1745801 5493193
1620345600 1219954 4592057 2731014 8771688
1620338400 1760033 8494651 4313595 13645240
1620331200 2998188 9797433 8710938 14068744
1620324000 2551085 7639499 6703581 12810170
1620316800 1328348 7717896 4297553 14213152
1620309600 583321 2816320 1063585 8174602
1620302400 231045 3872936 415804 7946131
1620295200 173571 1976226 293462 6823722
1620288000 307307 952680 490464 4857714
1620280800 421713 2107894 1087464 5949635
1620273600 608660 831429 1192369 1682451
1620266400 815181 2052534 1656466 6454903
1620259200 1141753 4404492 1566381 7066724
1620252000 1054464 5472908 1875926 12982376
1620244800 2247632 8256685 12130146 14021029
1620237600 1512927 9075547 2159681 13948900
1620230400 1266891 5875839 6489319 10577122
1620223200 607509 2465486 2013757 6414720
1620216000 248144 4731039 511966 9169863
1620208800 199056 2046620 555159 5247331
1620201600 504148 933112 1313650 4480240
1620194400 1119835 1867607 2418010 5071630
1620187200 1003191 712192 2037703 1310405
1620180000 1099382 1292895 1818852 2349340
1620172800 1525999 4028018 2854680 12231443
1620165600 1890648 7651298 3418085 12231443
1620158400 4112213 7154444 11162206 14301268
1620151200 3645808 8460381 8266788 12747423
1620144000 1277500 8748358 3038716 11484162
1620136800 501061 868273 1053611 2064288
1620129600 329501 3952889 2483343 8474274
1620122400 255097 724666 671651 5043442
1620115200 247188 1485255 577811 7726420
1620108000 386895 2502811 1294139 11788557
1620100800 437534 2089030 1001512 5462449
1620093600 914652 3035011 1430464 7488331
1620086400 1488299 4460175 2881542 10053285
1620079200 2702144 8076484 4089717 12833545
1620072000 2494054 6935063 4844962 10648275
1620064800 2065856 7756678 4860648 11769521
1620057600 1900389 7650130 11008550 12049275
1620050400 468232 1101015 1682895 2725628
1620043200 191894 2662141 302923 6444571
1620036000 177238 2440207 283274 7774043
1620028800 148669 303208 233055 710223
1620021600 524217 1823452 1539669 6504328
1620014400 536577 467334 1474419 4211398
1620007200 710994 1233869 1761856 2478113
1620000000 917909 2051458 1736623 6487487
1619992800 504846 2704824 1549020 6058195
1619985600 376781 1520844 1096702 5023485
1619978400 380278 1534887 1018203 7540115
1619971200 446660 2468888 1056115 5359640
1619964000 409283 1070909 983701 8798221
1619956800 161191 2499666 266394 6170978
1619949600 175173 3699249 275831 6651221
1619942400 215148 872286 818886 4353098
1619935200 803791 1678498 1479376 5060512
1619928000 483055 2063751 1431814 5997281
1619920800 418523 2389037 1183677 6536793
1619913600 460513 502199 3075469 3138336
1619906400 383652 2505848 1131355 8624686
1619899200 599310 1026606 3209996 4699123
1619892000 931420 2375094 5864870 9204711
1619884800 345740 1061151 1187383 5131120
1619877600 411138 2471000 1056787 7369373
1619870400 212519 3615349 487284 9095629
1619863200 222799 2530127 327318 5755679
1619856000 362982 2649016 722329 8456515
1619848800 618075 3247917 1166959 7778651
1619841600 437459 2556355 1325113 6410011
1619834400 1697520 4514145 11933297 10845589
1619827200 1770763 5665307 11933297 11185223
1619820000 1446407 6796452 3773900 10156956
1619812800 2129959 6026191 4307826 13730740
1619805600 2241628 9037268 6161732 12832542
1619798400 1149277 7321921 2499080 12566306
1619791200 707956 3750136 1384476 6866780
1619784000 344145 3696570 565874 5526408
1619776800 157906 2455226 216310 6347717
1619769600 671663 4242209 1017053 13446334
1619762400 747408 4626494 1497256 8372051
1619755200 1225110 1889758 8871595 5504597
1619748000 1067943 3470498 1799827 7778372
1619740800 1487627 5368692 3785188 9931721
1619733600 1548229 5875465 2632182 11328385
1619726400 2137685 8707429 3267202 14289623
1619719200 1648671 8692701 2768914 14155195
1619712000 1046510 5924725 1936425 14206416
1619704800 266839 2852646 472575 12953243
1619697600 227439 4644970 454777 12953243
1619690400 148389 2593503 248197 7490071
1619683200 314381 4982488 503854 10658862
1619676000 411079 2730824 824949 7051826
1619668800 531651 982500 1191064 5365695
1619661600 847034 3901023 1801999 8747634
1619654400 2098641 4690099 5803118 11248382
1619647200 1914063 6303463 4206281 9858547
1619640000 2771623 8764632 9786406 14016171
1619632800 2200210 8132246 3722959 13700766
1619625600 2059951 7610201 3478342 13816850
1619618400 338623 2132342 1028204 7508285
1619611200 189607 2541565 310084 7508285
1619604000 168576 2587380 245249 6038398
1619596800 252410 2559470 511355 5872595
1619589600 455463 4414373 1303530 11185034
1619582400 418070 2638446 1154310 5884126
1619575200 630452 4595978 1597428 12251085
1619568000 2127772 6966855 11157895 13554649
1619560800 1216138 7366544 2889405 14116750
1619553600 2629665 9385870 10256341 14081983
1619546400 3501999 6835763 9674849 14131851
1619539200 2048338 8232454 7011270 13121985
1619532000 356597 2139553 1390620 6343037
1619524800 260276 5264667 411265 8915891
1619517600 139132 605765 165840 1524461
1619510400 216831 656522 786669 2438141
1619503200 561146 3177055 4203294 8631680
1619496000 355567 2131958 980205 4866922
1619488800 705746 1850748 1584490 4422142
1619481600 894779 5422815 2314660 8835694
1619474400 2061171 6672801 12823580 13911229
1619467200 7413689 9309302 13066590 13911229
1619460000 3910408 10275657 10777314 14313541
1619452800 1180322 8330869 2587023 12168993
1619445600 311764 2921091 956876 7020039
1619438400 202861 3786254 315279 7316839
1619431200 118018 936173 175685 3756147
1619424000 163667 3198035 234257 5937497
1619416800 487735 3980266 1192431 9751409
1619409600 535485 949616 1196131 2419912
1619402400 697006 482047 1979989 1521421
1619395200 438216 2187157 1110814 6525120
1619388000 881883 2590832 1597765 6212354
1619380800 509500 1071193 1222098 1749569
1619373600 232288 3118027 760173 8094121
1619366400 217341 807809 904138 2393682
1619359200 441494 1794875 1034671 5889642
1619352000 297958 3356677 580282 7428742
1619344800 326695 2079902 425883 5648547
1619337600 487273 1831463 575770 5918327
1619330400 362335 4886731 721869 11386115
1619323200 759722 1192835 2884153 3756251
1619316000 862313 3853519 2257138 13965519
1619308800 482851 2038890 1138285 10827028
1619301600 716427 3115199 2506931 7959541
1619294400 513688 1217617 1171146 5308174
1619287200 294825 2171434 1102225 6262897
1619280000 320789 1250081 1148262 8320692
1619272800 591652 830596 3677384 7274789
1619265600 242061 4714214 935802 8733857
1619258400 166005 1214371 519820 5934934
1619251200 354843 510729 1118889 1520648
1619244000 272913 4116140 876821 10787549
1619236800 401880 1398118 917432 4613633
1619229600 748366 2239626 1162584 5950870
1619222400 997379 4471702 1785544 12596701
1619215200 1268384 5515240 3324138 11133092
1619208000 2096517 6137016 3244522 9319734
1619200800 1894317 8715996 4798646 12305782
1619193600 1168269 6504553 2100439 13331127
1619186400 334565 4081634 1168962 13686100
1619179200 133603 1290076 230063 6290735
1619172000 145234 2209407 221516 5494089
1619164800 279740 5916366 689103 10063385
1619157600 443958 3725046 1253854 7417882
1619150400 593827 2082910 1276653 5062100
1619143200 995255 3095347 1841927 7587040
1619136000 6751221 4948238 11025887 8197713
1619128800 10700153 8006407 12836071 11465511
1619121600 5206750 8147265 9198115 13884178
1619114400 1983428 8466601 2727523 13735481
1619107200 1753569 5726089 9096807 9874113
1619100000 444433 3072389 1465826 10755490
1619092800 268367 4088674 364289 10409750
1619085600 212841 2169697 407722 6253405
1619078400 361398 4166906 2207884 12070141
1619071200 396394 2721111 1042220 6783407
1619064000 349402 679541 1632788 1551001
1619056800 692949 2355845 1831814 4537994
1619049600 1766552 5621700 6347239 9868474
1619042400 1552202 7473190 4589869 12637963
1619035200 6036969 8979066 13974404 13577858
1619028000 2164451 10011247 4638601 13113835
1619020800 1103122 8357060 2065293 12457848
1619013600 364866 4728735 1896976 8945609
1619006400 214386 3453940 344466 8461824
1618999200 174956 3076044 292772 6644316
1618992000 298369 4360759 521485 10830321
1618984800 378561 6304370 532845 13840689
1618977600 612252 3952467 3272211 8314297
1618970400 803604 3257013 2011518 8241771
1618963200 1157587 3224338 3073113 7074660
1618956000 1710194 5965779 3194457 12454393
1618948800 1823911 6278085 2679045 13070894
1618941600 1851283 8719099 5502797 13185612
1618934400 937932 7752607 2334320 14163135
1618927200 188715 1553792 416753 6211242
1618920000 312426 3304764 442152 7495898
1618912800 175287 815597 279831 6610437
1618905600 374344 5041801 611126 11695393
1618898400 404158 4071872 936132 6312819
1618891200 619540 3215774 1646502 6209889
1618884000 1477487 2930191 10458903 11728960
1618876800 1173704 3489567 2996407 8618619
1618869600 1311603 5226766 3762227 11382898
1618862400 2393849 9702236 5555036 14066200
1618855200 1621047 8723753 3497035 14222153
1618848000 1053845 7778615 2919996 13338079
1618840800 404673 2649049 1890370 4003017
1618833600 207952 3175298 408917 6357579
1618826400 320454 710992 373920 3878829
1618819200 306691 1636809 421161 4221957
1618812000 380268 614618 1090160 1918119
1618804800 439809 881965 1790710 4843175
1618797600 457927 3042758 2157346 6690285
1618790400 670948 1917101 809959 4969777
1618783200 1158181 1021215 2389960 1937914
1618776000 567419 1140891 1959411 4586752
1618768800 780063 2989643 1945087 4917278
1618761600 323641 1613460 1103377 4224807
1618754400 629278 2645277 2339428 6722454
1618747200 196291 4044695 359830 10096922
1618740000 199019 2159885 660658 7287984
1618732800 323207 1947080 404527 4808708
1618725600 403638 2410521 654041 6294539
1618718400 327685 444033 2327750 1038417
1618711200 441783 1165189 2180386 4947338
1618704000 1193238 2088377 3908364 6932779
1618696800 851812 1623361 2632374 8442559
1618689600 313933 2910977 1459527 6585440
1618682400 239176 2809550 586294 6090752
1618675200 342605 930700 2575352 4338832
1618668000 216778 774030 2317619 3582153
1618660800 144199 1917363 297058 6735613
1618653600 130848 2132994 224436 6097343
1618646400 158136 2274289 253188 5349965
1618639200 157674 1800953 418271 5333400
1618632000 333846 1076505 2351254 3678071
1618624800 547100 2929021 2364840 6003327
1618617600 655305 3701310 1602045 7450973
1618610400 1124850 7247843 2957209 12666400
1618603200 1896365 8079999 2766814 14268733
1618596000 1387559 7226604 2358965 12478343
1618588800 1248426 7901970 3245900 14092098
1618581600 293097 3739368 1646593 14099661
1618574400 143683 1381174 373197 4964084
1618567200 120505 884063 162267 5449980
1618560000 327668 5610386 765870 12468548
1618552800 442414 4170532 890536 9076837
1618545600 508044 462654 2477800 819518
1618538400 670094 3420146 2528040 13775207
1618531200 1050111 3533333 2830948 13188223
1618524000 2010191 6904632 6819002 13971548
1618516800 1850979 8474596 4091641 12497938
1618509600 2836629 7653044 6455337 10986297
1618502400 1076521 7285861 3826532 14034904
1618495200 281705 956550 2256324 2119489
1618488000 187335 3088915 365391 7256829
1618480800 120161 832488 150044 5118062
1618473600 176660 2285073 260029 5492208
1618466400 300340 4289202 587886 9452340
1618459200 334187 1642879 2377395 4721252
1618452000 635801 3389928 1689790 7248167
1618444800 836204 2627293 1993984 5603029
1618437600 1583669 5983727 7721782 11557335
1618430400 1556028 6951613 3130991 11504865
1618423200 1473938 7822304 2223958 12587181
1618416000 1036996 7029282 3635462 10109021
1618408800 279807 1332369 2140263 4450093
1618401600 173445 2787607 362643 5706506
1618394400 171999 2296308 254121 5875098
1618387200 146373 688800 228790 3705611
1618380000 340802 3748000 1219789 9967951
1618372800 463290 814032 1925996 2674612
1618365600 656095 3489760 2569778 6730888
1618358400 775536 3181360 1271975 13494739
1618351200 1249892 5558949 2616188 10105206
1618344000 1908103 6737253 5739035 10777259
1618336800 1582234 6971443 3735415 10871884
1618329600 1053203 6174912 3267227 11289579
1618322400 298986 2789340 2316902 10186038
1618315200 197566 3720293 470760 8744213
1618308000 204381 2205160 673549 6071626
1618300800 286834 4302996 426597 10923596
1618293600 273479 4202498 503358 10192854
1618286400 411495 1139753 2317617 2541195
1618279200 620893 3177655 2151947 6243062
1618272000 947470 4930557 1451207 11245336
1618264800 1662883 5126529 12508810 8034839
1618257600 1543662 5641553 3502710 12070272
1618250400 2106014 7099266 4229299 9100196
1618243200 1089254 5811972 4100633 10093243
1618236000 305655 2701182 2193968 6761334
1618228800 210152 4022361 374162 10519009
1618221600 146347 2000476 221635 7407714
1618214400 254717 4505478 782036 9872853
1618207200 270708 1324706 2308668 6602620
1618185600 393030 1588059 6457538 8763158
1618099200 311910 2248397 2292708 12532411
1618012800 803108 4171157 5215530 14242668
1617926400 763422 4076531 4568911 14068884
1617840000 749408 4183806 3927520 13825179
1617753600 882737 4823763 4914692 12858248
1617667200 960401 4611519 13339582 14149082
1617580800 360427 3456208 2183436 10544997
1617494400 439035 4582875 2992358 13211679
1617408000 484304 5443419 3257016 12818633
1617321600 834173 5971845 12746190 14097103
1617235200 1848361 5195945 14284342 13934187
1617148800 847328 5622379 3158529 13371230
1617062400 825761 5831861 6337251 14228529
1616976000 355004 3531795 2261159 9733100
1616889600 462323 4270095 2807673 10604327
1616803200 1102145 4943321 9696167 12025975
1616716800 904487 5136174 4314134 13997917
1616630400 920789 5268764 7500529 14183991
1616544000 970899 5707087 8951420 14151455
1616457600 1069210 5737460 10436679 14283733
1616371200 331419 3873914 3778768 10611535
1616284800 478359 4919686 4490154 12959089
1616198400 940529 5493778 4494251 13866161
1616112000 970581 5338854 4161474 14314695
1616025600 1481721 5328450 13727948 14202471
1615939200 845233 6485361 8800300 13683807
1615852800 451814 5531535 3901965 12346416
1615766400 331021 5279717 2363830 13875841
1615680000 438673 5058477 2768493 12366850
1615593600 796306 5598080 11893354 14226637
1615507200 777526 4698811 6327721 14146030
1615420800 867481 6098532 6077688 13795509
1615334400 914680 4732572 7659507 14242744
1615248000 689062 4147267 5973131 14077198
1615161600 426118 3405910 4823258 12880216
1615075200 3085497 6454980 7859965 14199333
1614988800 5066636 8014262 11582988 14190539
1614902400 811230 5773525 5769129 14222427
1614816000 795896 4584130 7349867 14313342
1614729600 1244540 4700422 13855808 13728155
1614643200 2178091 4771444 14257921 13826649
1614556800 354043 2902905 2673459 7403711
1614470400 509739 3002643 5320480 13726216
1614384000 1139043 4336672 6948280 14062886
1614297600 852830 4609155 4343989 14328051
1614211200 755153 4699277 4646186 13717062
1614124800 758823 4381242 3150441 9846915
1614038400 683489 3813350 11571576 13472874
1613952000 332404 1381172 2883240 6394002
1613865600 307485 1925491 2178899 6501515
1613779200 732145 4504790 5587108 13314582
1613692800 1000728 4398017 13443963 14185569
1613606400 1012005 4822441 9971439 13359806
1613520000 765302 3882429 13186821 13633523
1613433600 684030 4051360 3399591 14089201
1613347200 241321 2170351 2285946 6677367
1613260800 395549 3655638 2611290 13747369
1613174400 686658 4552459 3911456 11603961
1613088000 1973245 4772693 13816855 12886557
1613001600 2749051 4841619 14241554 14176613
1612915200 712342 4022165 8693751 13954597
1612828800 788208 4226838 7325626 13869919
1612742400 289486 3301511 2090061 13421259
1612656000 400660 3876651 2441016 14207475
1612569600 782458 4683868 11699663 13724183
1612483200 1094655 4697145 14274559 14318644
1612396800 1101438 4241145 10275747 13817592
1612310400 731023 2387669 9571883 12009030
1612224000 280523 848492 2221365 4450119
1612137600 231887 740307 2240744 3641855
1612051200 288641 854916 2177721 6403382
1611964800 558687 2208996 2334839 12220498
1611878400 641580 2241680 4529256 11223327
1611792000 762408 1709463 4729908 6788238
1611705600 782522 5424042 8400251 13792913
1611619200 674513 2496740 3932934 8521252
1611532800 292850 1264831 2677572 4963419
1611446400 355415 1528887 2714066 3972294
1611360000 670112 2955156 4429401 12327522
1611273600 689503 3552111 2967356 10212994
1611187200 1248842 4251700 8567486 12495604
1611100800 744404 5037154 3348549 14271892
1611014400 1148757 4252320 5818664 13020694
1610928000 406534 2827363 11134670 5801840
1610841600 994634 4009048 13545017 11521206
1610755200 654929 4609699 3331949 14076765
1610668800 1584658 3673955 11694347 12665793
1610582400 652255 4049919 3721603 14013807
1610496000 1729167 3377774 9920489 13634219
1610409600 550716 2172759 4184606 8780336
1610323200 269972 1038618 2691199 5027500
1610236800 0 0 0 0
1610150400 0 0 0 0
1610064000 0 0 0 0
1609977600 0 0 0 0
1609891200 0 0 0 0
1609804800 0 0 0 0
1609718400 0 0 0 0
1609632000 0 0 0 0
1609545600 0 0 0 0
1609459200 0 0 0 0
1609372800 0 0 0 0
1609286400 0 0 0 0
1609200000 0 0 0 0
1609113600 0 0 0 0
1609027200 0 0 0 0
1608940800 0 0 0 0
1608854400 0 0 0 0
1608768000 0 0 0 0
1608681600 0 0 0 0
1608595200 0 0 0 0
1608508800 0 0 0 0
1608422400 0 0 0 0
1608336000 0 0 0 0
1608249600 0 0 0 0
1608163200 0 0 0 0
1608076800 0 0 0 0
1607990400 0 0 0 0
1607904000 0 0 0 0
1607817600 0 0 0 0
1607731200 0 0 0 0
1607644800 0 0 0 0
1607558400 0 0 0 0
1607472000 0 0 0 0
1607385600 0 0 0 0
1607299200 0 0 0 0
1607212800 0 0 0 0
1607126400 0 0 0 0
1607040000 0 0 0 0
1606953600 0 0 0 0
1606867200 0 0 0 0
1606780800 0 0 0 0
1606694400 0 0 0 0
1606608000 0 0 0 0
1606521600 0 0 0 0
1606435200 0 0 0 0
1606348800 0 0 0 0
1606262400 0 0 0 0
1606176000 0 0 0 0
1606089600 0 0 0 0
1606003200 0 0 0 0
1605916800 0 0 0 0
1605830400 0 0 0 0
1605744000 0 0 0 0
1605657600 0 0 0 0
1605571200 0 0 0 0
1605484800 0 0 0 0
1605398400 0 0 0 0
1605312000 0 0 0 0
1605225600 0 0 0 0
1605139200 0 0 0 0
1605052800 0 0 0 0
1604966400 0 0 0 0
1604880000 0 0 0 0
1604793600 0 0 0 0
1604707200 0 0 0 0
1604620800 0 0 0 0
1604534400 0 0 0 0
1604448000 0 0 0 0
1604361600 0 0 0 0
1604275200 0 0 0 0
1604188800 0 0 0 0
1604102400 0 0 0 0
1604016000 0 0 0 0
1603929600 0 0 0 0
1603843200 0 0 0 0
1603756800 0 0 0 0
1603670400 0 0 0 0
1603584000 0 0 0 0
1603497600 0 0 0 0
1603411200 0 0 0 0
1603324800 0 0 0 0
1603238400 0 0 0 0
1603152000 0 0 0 0
1603065600 0 0 0 0
1602979200 0 0 0 0
1602892800 0 0 0 0
1602806400 0 0 0 0
1602720000 0 0 0 0
1602633600 0 0 0 0
1602547200 0 0 0 0
1602460800 0 0 0 0
1602374400 0 0 0 0
1602288000 0 0 0 0
1602201600 0 0 0 0
1602115200 0 0 0 0
1602028800 0 0 0 0
1601942400 0 0 0 0
1601856000 0 0 0 0
1601769600 0 0 0 0
1601683200 0 0 0 0
1601596800 0 0 0 0
1601510400 0 0 0 0
1601424000 0 0 0 0
1601337600 0 0 0 0
1601251200 0 0 0 0
1601164800 0 0 0 0
1601078400 0 0 0 0
1600992000 0 0 0 0
1600905600 0 0 0 0
1600819200 0 0 0 0
1600732800 0 0 0 0
1600646400 0 0 0 0
1600560000 0 0 0 0
1600473600 0 0 0 0
1600387200 0 0 0 0
1600300800 0 0 0 0
1600214400 0 0 0 0
1600128000 0 0 0 0
1600041600 0 0 0 0
1599955200 0 0 0 0
1599868800 0 0 0 0
1599782400 0 0 0 0
1599696000 0 0 0 0
1599609600 0 0 0 0
1599523200 0 0 0 0
1599436800 0 0 0 0
1599350400 0 0 0 0
1599264000 0 0 0 0
1599177600 0 0 0 0
1599091200 0 0 0 0
1599004800 0 0 0 0
1598918400 0 0 0 0
1598832000 0 0 0 0
1598745600 0 0 0 0
1598659200 0 0 0 0
1598572800 0 0 0 0
1598486400 0 0 0 0
1598400000 0 0 0 0
1598313600 0 0 0 0
1598227200 0 0 0 0
1598140800 0 0 0 0
1598054400 0 0 0 0
1597968000 0 0 0 0
1597881600 0 0 0 0
1597795200 0 0 0 0
1597708800 0 0 0 0
1597622400 0 0 0 0
1597536000 0 0 0 0
1597449600 0 0 0 0
1597363200 0 0 0 0
1597276800 0 0 0 0
1597190400 0 0 0 0
1597104000 0 0 0 0
1597017600 0 0 0 0
1596931200 0 0 0 0
1596844800 0 0 0 0
1596758400 0 0 0 0
1596672000 0 0 0 0
1596585600 0 0 0 0
1596499200 0 0 0 0
1596412800 0 0 0 0
1596326400 0 0 0 0
1596240000 0 0 0 0
1596153600 0 0 0 0
1596067200 0 0 0 0
1595980800 0 0 0 0
1595894400 0 0 0 0
1595808000 0 0 0 0
1595721600 0 0 0 0
1595635200 0 0 0 0
1595548800 0 0 0 0
1595462400 0 0 0 0
1595376000 0 0 0 0
1595289600 0 0 0 0
1595203200 0 0 0 0
1595116800 0 0 0 0
1595030400 0 0 0 0
1594944000 0 0 0 0
1594857600 0 0 0 0
1594771200 0 0 0 0
1594684800 0 0 0 0
1594598400 0 0 0 0
1594512000 0 0 0 0
1594425600 0 0 0 0
1594339200 0 0 0 0
1594252800 0 0 0 0
1594166400 0 0 0 0
1594080000 0 0 0 0
1593993600 0 0 0 0
1593907200 0 0 0 0
1593820800 0 0 0 0
1593734400 0 0 0 0
1593648000 0 0 0 0
1593561600 0 0 0 0
1593475200 0 0 0 0
1593388800 0 0 0 0
1593302400 0 0 0 0
1593216000 0 0 0 0
1593129600 0 0 0 0
1593043200 0 0 0 0
1592956800 0 0 0 0
1592870400 0 0 0 0
1592784000 0 0 0 0
1592697600 0 0 0 0
1592611200 0 0 0 0
1592524800 0 0 0 0
1592438400 0 0 0 0
1592352000 0 0 0 0
1592265600 0 0 0 0
1592179200 0 0 0 0
1592092800 0 0 0 0
1592006400 0 0 0 0
1591920000 0 0 0 0
1591833600 0 0 0 0
1591747200 0 0 0 0
1591660800 0 0 0 0
1591574400 0 0 0 0
1591488000 0 0 0 0
1591401600 0 0 0 0
1591315200 0 0 0 0
1591228800 0 0 0 0
1591142400 0 0 0 0
1591056000 0 0 0 0
1590969600 0 0 0 0
1590883200 0 0 0 0
1590796800 0 0 0 0
1590710400 0 0 0 0
1590624000 0 0 0 0
1590537600 0 0 0 0
1590451200 0 0 0 0
1590364800 0 0 0 0
1590278400 0 0 0 0
1590192000 0 0 0 0
1590105600 0 0 0 0
1590019200 0 0 0 0
1589932800 0 0 0 0
1589846400 0 0 0 0
1589760000 0 0 0 0
1589673600 0 0 0 0
1589587200 0 0 0 0
1589500800 0 0 0 0
1589414400 0 0 0 0
1589328000 0 0 0 0
1589241600 0 0 0 0
1589155200 0 0 0 0
1589068800 0 0 0 0
1588982400 0 0 0 0
1588896000 0 0 0 0
1588809600 0 0 0 0
1588723200 0 0 0 0
1588636800 0 0 0 0
1588550400 0 0 0 0
1588464000 0 0 0 0
1588377600 0 0 0 0
1588291200 0 0 0 0
1588204800 0 0 0 0
1588118400 0 0 0 0
1588032000 0 0 0 0
1587945600 0 0 0 0
1587859200 0 0 0 0
1587772800 0 0 0 0
1587686400 0 0 0 0
1587600000 0 0 0 0
1587513600 0 0 0 0
1587427200 0 0 0 0
1587340800 0 0 0 0
1587254400 0 0 0 0
1587168000 0 0 0 0
1587081600 0 0 0 0
1586995200 0 0 0 0
1586908800 0 0 0 0
1586822400 0 0 0 0
1586736000 0 0 0 0
1586649600 0 0 0 0
1586563200 0 0 0 0
1586476800 0 0 0 0
1586390400 0 0 0 0
1586304000 0 0 0 0
1586217600 0 0 0 0
1586131200 0 0 0 0
1586044800 0 0 0 0
1585958400 0 0 0 0
1585872000 0 0 0 0
1585785600 0 0 0 0
1585699200 0 0 0 0
1585612800 0 0 0 0
1585526400 0 0 0 0
1585440000 0 0 0 0
1585353600 0 0 0 0
1585267200 0 0 0 0
1585180800 0 0 0 0
1585094400 0 0 0 0
1585008000 0 0 0 0
1584921600 0 0 0 0
1584835200 0 0 0 0
1584748800 0 0 0 0
1584662400 0 0 0 0
1584576000 0 0 0 0
1584489600 0 0 0 0
1584403200 0 0 0 0
1584316800 0 0 0 0
1584230400 0 0 0 0
1584144000 0 0 0 0
1584057600 0 0 0 0
1583971200 0 0 0 0
1583884800 0 0 0 0
1583798400 0 0 0 0
1583712000 0 0 0 0
1583625600 0 0 0 0
1583539200 0 0 0 0
1583452800 0 0 0 0
1583366400 0 0 0 0
1583280000 0 0 0 0
1583193600 0 0 0 0
1583107200 0 0 0 0
1583020800 0 0 0 0
1582934400 0 0 0 0
1582848000 0 0 0 0
1582761600 0 0 0 0
1582675200 0 0 0 0
1582588800 0 0 0 0
1582502400 0 0 0 0
1582416000 0 0 0 0
1582329600 0 0 0 0
1582243200 0 0 0 0
1582156800 0 0 0 0
1582070400 0 0 0 0
1581984000 0 0 0 0
1581897600 0 0 0 0
1581811200 0 0 0 0
1581724800 0 0 0 0
1581638400 0 0 0 0
1581552000 0 0 0 0
1581465600 0 0 0 0
1581379200 0 0 0 0
1581292800 0 0 0 0
1581206400 0 0 0 0
1581120000 0 0 0 0
1581033600 0 0 0 0
1580947200 0 0 0 0
1580860800 0 0 0 0
1580774400 0 0 0 0
1580688000 0 0 0 0
1580601600 0 0 0 0
1580515200 0 0 0 0
1580428800 0 0 0 0
1580342400 0 0 0 0
1580256000 0 0 0 0
1580169600 0 0 0 0
1580083200 0 0 0 0
1579996800 0 0 0 0
1579910400 0 0 0 0
1579824000 0 0 0 0
1579737600 0 0 0 0
1579651200 0 0 0 0
1579564800 0 0 0 0
1579478400 0 0 0 0
1579392000 0 0 0 0
1579305600 0 0 0 0
1579219200 0 0 0 0
1579132800 0 0 0 0
1579046400 0 0 0 0
1578960000 0 0 0 0
1578873600 0 0 0 0
1578787200 0 0 0 0
1578700800 0 0 0 0
1578614400 0 0 0 0
1578528000 0 0 0 0
1578441600 0 0 0 0
1578355200 0 0 0 0
1578268800 0 0 0 0
1578182400 0 0 0 0
1578096000 0 0 0 0
1578009600 0 0 0 0
1577923200 0 0 0 0
1577836800 0 0 0 0
1577750400 0 0 0 0
1577664000 0 0 0 0
1577577600 0 0 0 0
1577491200 0 0 0 0
1577404800 0 0 0 0
1577318400 0 0 0 0
1577232000 0 0 0 0
1577145600 0 0 0 0
1577059200 0 0 0 0
1576972800 0 0 0 0
1576886400 0 0 0 0
1576800000 0 0 0 0
1576713600 0 0 0 0
1576627200 0 0 0 0
1576540800 0 0 0 0
1576454400 0 0 0 0
1576368000 0 0 0 0
1576281600 0 0 0 0
1576195200 0 0 0 0
1576108800 0 0 0 0
1576022400 0 0 0 0
1575936000 0 0 0 0
1575849600 0 0 0 0
1575763200 0 0 0 0
1575676800 0 0 0 0
1575590400 0 0 0 0
1575504000 0 0 0 0
1575417600 0 0 0 0
1575331200 0 0 0 0
1575244800 0 0 0 0
1575158400 0 0 0 0
1575072000 0 0 0 0
1574985600 0 0 0 0
1574899200 0 0 0 0
1574812800 0 0 0 0
1574726400 0 0 0 0
1574640000 0 0 0 0
1574553600 0 0 0 0
1574467200 0 0 0 0
1574380800 0 0 0 0
1574294400 0 0 0 0
1574208000 0 0 0 0
1574121600 0 0 0 0
1574035200 0 0 0 0
1573948800 0 0 0 0
1573862400 0 0 0 0
1573776000 0 0 0 0
1573689600 0 0 0 0
1573603200 0 0 0 0
1573516800 0 0 0 0
1573430400 0 0 0 0
1573344000 0 0 0 0
1573257600 0 0 0 0
1573171200 0 0 0 0
1573084800 0 0 0 0
1572998400 0 0 0 0
1572912000 0 0 0 0
1572825600 0 0 0 0
1572739200 0 0 0 0
1572652800 0 0 0 0
1572566400 0 0 0 0
1572480000 0 0 0 0
1572393600 0 0 0 0
1572307200 0 0 0 0
1572220800 0 0 0 0
1572134400 0 0 0 0
1572048000 0 0 0 0
1571961600 0 0 0 0
1571875200 0 0 0 0
1571788800 0 0 0 0
1571702400 0 0 0 0
1571616000 0 0 0 0
1571529600 0 0 0 0
1571443200 0 0 0 0
1571356800 0 0 0 0
1571270400 0 0 0 0
1571184000 0 0 0 0
1571097600 0 0 0 0
1571011200 0 0 0 0
1570924800 0 0 0 0
1570838400 0 0 0 0
1570752000 0 0 0 0
1570665600 0 0 0 0
1570579200 0 0 0 0
1570492800 0 0 0 0
1570406400 0 0 0 0
1570320000 0 0 0 0
1570233600 0 0 0 0
1570147200 0 0 0 0
1570060800 0 0 0 0
1569974400 0 0 0 0
1569888000 0 0 0 0
1569801600 0 0 0 0
1569715200 0 0 0 0
1569628800 0 0 0 0
1569542400 0 0 0 0
1569456000 0 0 0 0
1569369600 0 0 0 0
1569283200 0 0 0 0
1569196800 0 0 0 0
1569110400 0 0 0 0
1569024000 0 0 0 0
1568937600 0 0 0 0
1568851200 0 0 0 0
1568764800 0 0 0 0
1568678400 0 0 0 0
1568592000 0 0 0 0
1568505600 0 0 0 0
1568419200 0 0 0 0
1568332800 0 0 0 0
1568246400 0 0 0 0
1568160000 0 0 0 0
1568073600 0 0 0 0
1567987200 0 0 0 0
1567900800 0 0 0 0
1567814400 0 0 0 0
1567728000 0 0 0 0
1567641600 0 0 0 0
1567555200 0 0 0 0
1567468800 0 0 0 0
1567382400 0 0 0 0
1567296000 0 0 0 0
1567209600 0 0 0 0
1567123200 0 0 0 0
1567036800 0 0 0 0
1566950400 0 0 0 0
1566864000 0 0 0 0
1566777600 0 0 0 0
1566691200 0 0 0 0
1566604800 0 0 0 0
1566518400 0 0 0 0
1566432000 0 0 0 0
1566345600 0 0 0 0
1566259200 0 0 0 0
1566172800 0 0 0 0
1566086400 0 0 0 0
1566000000 0 0 0 0
1565913600 0 0 0 0
1565827200 0 0 0 0
1565740800 0 0 0 0
1565654400 0 0 0 0
1565568000 0 0 0 0
1565481600 0 0 0 0
1565395200 0 0 0 0
1565308800 0 0 0 0
1565222400 0 0 0 0
1565136000 0 0 0 0
1565049600 0 0 0 0
1564963200 0 0 0 0
1564876800 0 0 0 0
1564790400 0 0 0 0
1564704000 0 0 0 0
1564617600 0 0 0 0
1564531200 0 0 0 0
1564444800 0 0 0 0
1564358400 0 0 0 0
1564272000 0 0 0 0
1564185600 0 0 0 0
1564099200 0 0 0 0
1564012800 0 0 0 0
1563926400 0 0 0 0
1563840000 0 0 0 0
1563753600 0 0 0 0
1563667200 0 0 0 0
1563580800 0 0 0 0
1563494400 0 0 0 0
1563408000 0 0 0 0
1563321600 0 0 0 0
1563235200 0 0 0 0
1563148800 0 0 0 0
1563062400 0 0 0 0
1562976000 0 0 0 0
1562889600 0 0 0 0
1562803200 0 0 0 0
1562716800 0 0 0 0
1562630400 0 0 0 0
1562544000 0 0 0 0
1562457600 0 0 0 0
1562371200 0 0 0 0
1562284800 0 0 0 0
1562198400 0 0 0 0
1562112000 0 0 0 0
1562025600 0 0 0 0
1561939200 0 0 0 0
1561852800 0 0 0 0
1561766400 0 0 0 0
1561680000 0 0 0 0
1561593600 0 0 0 0
1561507200 0 0 0 0
1561420800 0 0 0 0
1561334400 0 0 0 0
1561248000 0 0 0 0
1561161600 0 0 0 0
1561075200 0 0 0 0
1560988800 0 0 0 0
1560902400 0 0 0 0
1560816000 0 0 0 0
1560729600 0 0 0 0
1560643200 0 0 0 0
1560556800 0 0 0 0
1560470400 0 0 0 0
1560384000 0 0 0 0
1560297600 0 0 0 0
1560211200 0 0 0 0
1560124800 0 0 0 0
1560038400 0 0 0 0
1559952000 0 0 0 0
1559865600 0 0 0 0
1559779200 0 0 0 0
1559692800 0 0 0 0
1559606400 0 0 0 0
1559520000 0 0 0 0
1559433600 0 0 0 0
1559347200 0 0 0 0
1559260800 0 0 0 0
1559174400 0 0 0 0
1559088000 0 0 0 0
1559001600 0 0 0 0
1558915200 0 0 0 0
1558828800 0 0 0 0
1558742400 0 0 0 0
1558656000 0 0 0 0
1558569600 0 0 0 0
1558483200 0 0 0 0
1558396800 0 0 0 0
1558310400 0 0 0 0
1558224000 0 0 0 0
1558137600 0 0 0 0
1558051200 0 0 0 0
1557964800 0 0 0 0
1557878400 0 0 0 0
1557792000 0 0 0 0
1557705600 0 0 0 0
1557619200 0 0 0 0
1557532800 0 0 0 0
1557446400 0 0 0 0
1557360000 0 0 0 0
1557273600 0 0 0 0
1557187200 0 0 0 0
1557100800 0 0 0 0
1557014400 0 0 0 0
1556928000 0 0 0 0
1556841600 0 0 0 0
1556755200 0 0 0 0
1556668800 0 0 0 0
1556582400 0 0 0 0
1556496000 0 0 0 0
1556409600 0 0 0 0
1556323200 0 0 0 0
1556236800 0 0 0 0
1556150400 0 0 0 0
1556064000 0 0 0 0
1555977600 0 0 0 0
1555891200 0 0 0 0
1555804800 0 0 0 0
1555718400 0 0 0 0
1555632000 0 0 0 0
1555545600 0 0 0 0
1555459200 0 0 0 0
1555372800 0 0 0 0
1555286400 0 0 0 0
1555200000 0 0 0 0
1555113600 0 0 0 0
1555027200 0 0 0 0
