1658432111 657068161 1290055591
1658432111 18 9 18 9
1658431812 19 11 19 11
1658431800 18 11 19 11
1658431500 18 10 19 11
1658431200 18 9 19 11
1658430900 18 10 19 11
1658430600 18 9 19 11
1658430300 18 10 19 11
1658430000 19 9 19 11
1658429700 18 11 19 11
1658429400 18 11 19 11
1658429100 18 10 19 11
1658428800 18 9 19 11
1658428500 19 10 19 11
1658428200 18 9 19 11
1658427900 18 10 19 11
1658427600 18 9 19 11
1658427300 18 11 19 11
1658427000 18 10 19 11
1658426700 18 9 19 11
1658426400 19 10 19 11
1658426100 18 9 19 11
1658425800 18 10 19 11
1658425500 18 9 19 11
1658425200 18 10 19 11
1658424900 18 9 19 11
1658424600 18 11 18 11
1658424300 18 10 19 11
1658424000 18 9 19 11
1658423700 18 10 19 11
1658423400 18 9 19 11
1658423100 18 10 19 11
1658422800 18 9 19 11
1658422500 18 10 19 11
1658422200 18 9 19 11
1658421900 18 11 19 11
1658421600 19 10 19 11
1658421300 18 9 19 11
1658421000 18 11 18 11
1658420700 18 10 19 11
1658420400 18 9 19 11
1658420100 18 11 19 11
1658419800 19 10 19 11
1658419500 18 9 19 11
1658419200 18 10 19 11
1658418900 18 9 19 11
1658418600 18 11 19 11
1658418300 19 10 19 11
1658418000 18 9 19 11
1658417700 18 10 18 11
1658417400 18 9 19 11
1658417100 19 11 19 11
1658416800 51945 1556 222562 6633
1658416500 222562 6633 222562 6633
1658416200 222562 6633 222562 6633
1658415900 222562 6633 222562 6633
1658415600 222562 6633 222562 6633
1658415300 222562 6633 222562 6633
1658415000 222562 6633 222562 6633
1658414700 222562 6633 222562 6633
1658414400 222562 6633 222562 6633
1658414100 222562 6633 222562 6633
1658413800 222562 6633 222562 6633
1658413500 222562 6633 222562 6633
1658413200 222562 6633 222562 6633
1658412900 222562 6633 222562 6633
1658412600 222562 6633 222562 6633
1658412300 222562 6633 222562 6633
1658412000 222562 6633 222562 6633
1658411700 222562 6633 222562 6633
1658411400 222562 6633 222562 6633
1658411100 222562 6633 222562 6633
1658410800 222562 6633 222562 6633
1658410500 222562 6633 222562 6633
1658410200 222562 6633 222562 6633
1658409900 222562 6633 222562 6633
1658409600 222562 6633 222562 6633
1658409300 222562 6633 222562 6633
1658409000 222562 6633 222562 6633
1658408700 222562 6633 222562 6633
1658408400 222562 6633 222562 6633
1658408100 222562 6633 222562 6633
1658407800 222562 6633 222562 6633
1658407500 222562 6633 222562 6633
1658407200 222562 6633 222562 6633
1658406900 222562 6633 222562 6633
1658406600 222562 6633 222562 6633
1658406300 222562 6633 222562 6633
1658406000 222562 6633 222562 6633
1658405700 222562 6633 222562 6633
1658405400 222562 6633 222562 6633
1658405100 222562 6633 222562 6633
1658404800 222562 6633 222562 6633
1658404500 222562 6633 222562 6633
1658404200 222562 6633 222562 6633
1658403900 222562 6633 222562 6633
1658403600 222562 6633 222562 6633
1658403300 222562 6633 222562 6633
1658403000 222562 6633 222562 6633
1658402700 222562 6633 222562 6633
1658402400 222562 6633 222562 6633
1658402100 222562 6633 222562 6633
1658401800 222562 6633 222562 6633
1658401500 222562 6633 222562 6633
1658401200 222562 6633 222562 6633
1658400900 222562 6633 222562 6633
1658400600 222562 6633 222562 6633
1658400300 222562 6633 222562 6633
1658400000 222562 6633 222562 6633
1658399700 222562 6633 222562 6633
1658399400 222562 6633 222562 6633
1658399100 222562 6633 222562 6633
1658398800 222562 6633 222562 6633
1658398500 222562 6633 222562 6633
1658398200 222562 6633 222562 6633
1658397900 222562 6633 222562 6633
1658397600 222562 6633 222562 6633
1658397300 222562 6633 222562 6633
1658397000 222562 6633 222562 6633
1658396700 222562 6633 222562 6633
1658396400 222562 6633 222562 6633
1658396100 222562 6633 222562 6633
1658395800 222562 6633 222562 6633
1658395500 222562 6633 222562 6633
1658395200 222562 6633 222562 6633
1658394900 222562 6633 222562 6633
1658394600 222562 6633 222562 6633
1658394300 222562 6633 222562 6633
1658394000 222562 6633 222562 6633
1658393700 222562 6633 222562 6633
1658393400 222562 6633 222562 6633
1658393100 222562 6633 222562 6633
1658392800 222562 6633 222562 6633
1658392500 222562 6633 222562 6633
1658392200 222562 6633 222562 6633
1658391900 222562 6633 222562 6633
1658391600 222562 6633 222562 6633
1658391300 222562 6633 222562 6633
1658391000 222562 6633 222562 6633
1658390700 222562 6633 222562 6633
1658390400 222562 6633 222562 6633
1658390100 222562 6633 222562 6633
1658389800 222562 6633 222562 6633
1658389500 222562 6633 222562 6633
1658389200 222562 6633 222562 6633
1658388900 222562 6633 222562 6633
1658388600 222562 6633 222562 6633
1658388300 222562 6633 222562 6633
1658388000 222562 6633 222562 6633
1658387700 222562 6633 222562 6633
1658387400 222562 6633 222562 6633
1658387100 222562 6633 222562 6633
1658386800 222562 6633 222562 6633
1658386500 222562 6633 222562 6633
1658386200 222562 6633 222562 6633
1658385900 222562 6633 222562 6633
1658385600 222562 6633 222562 6633
1658385300 222562 6633 222562 6633
1658385000 222562 6633 222562 6633
1658384700 222562 6633 222562 6633
1658384400 222562 6633 222562 6633
1658384100 222562 6633 222562 6633
1658383800 222562 6633 222562 6633
1658383500 222562 6633 222562 6633
1658383200 222562 6633 222562 6633
1658382900 222562 6633 222562 6633
1658382600 222562 6633 222562 6633
1658382300 222562 6633 222562 6633
1658382000 222562 6633 222562 6633
1658381700 222562 6633 222562 6633
1658381400 222562 6633 222562 6633
1658381100 222562 6633 222562 6633
1658380800 222562 6633 222562 6633
1658380500 222562 6633 222562 6633
1658380200 222562 6633 222562 6633
1658379900 222562 6633 222562 6633
1658379600 222562 6633 222562 6633
1658379300 222562 6633 222562 6633
1658379000 222562 6633 222562 6633
1658378700 222562 6633 222562 6633
1658378400 222562 6633 222562 6633
1658378100 222562 6633 222562 6633
1658377800 222562 6633 222562 6633
1658377500 222562 6633 222562 6633
1658377200 222562 6633 222562 6633
1658376900 222562 6633 222562 6633
1658376600 222562 6633 222562 6633
1658376300 222562 6633 222562 6633
1658376000 222562 6633 222562 6633
1658375700 222562 6633 222562 6633
1658375400 222562 6633 222562 6633
1658375100 222562 6633 222562 6633
1658374800 222562 6633 222562 6633
1658374500 222562 6633 222562 6633
1658374200 222562 6633 222562 6633
1658373900 222562 6633 222562 6633
1658373600 222562 6633 222562 6633
1658373300 222562 6633 222562 6633
1658373000 222562 6633 222562 6633
1658372700 222562 6633 222562 6633
1658372400 222562 6633 222562 6633
1658372100 222562 6633 222562 6633
1658371800 222562 6633 222562 6633
1658371500 222562 6633 222562 6633
1658371200 222562 6633 222562 6633
1658370900 222562 6633 222562 6633
1658370600 222562 6633 222562 6633
1658370300 222562 6633 222562 6633
1658370000 222562 6633 222562 6633
1658369700 222562 6633 222562 6633
1658369400 222562 6633 222562 6633
1658369100 222562 6633 222562 6633
1658368800 222562 6633 222562 6633
1658368500 222562 6633 222562 6633
1658368200 222562 6633 222562 6633
1658367900 222562 6633 222562 6633
1658367600 222562 6633 222562 6633
1658367300 222562 6633 222562 6633
1658367000 222562 6633 222562 6633
1658366700 222562 6633 222562 6633
1658366400 222562 6633 222562 6633
1658366100 222562 6633 222562 6633
1658365800 222562 6633 222562 6633
1658365500 222562 6633 222562 6633
1658365200 222562 6633 222562 6633
1658364900 222562 6633 222562 6633
1658364600 222562 6633 222562 6633
1658364300 222562 6633 222562 6633
1658364000 222562 6633 222562 6633
1658363700 222562 6633 222562 6633
1658363400 222562 6633 222562 6633
1658363100 222562 6633 222562 6633
1658362800 222562 6633 222562 6633
1658362500 222562 6633 222562 6633
1658362200 222562 6633 222562 6633
1658361900 222562 6633 222562 6633
1658361600 222562 6633 222562 6633
1658361300 222562 6633 222562 6633
1658361000 222562 6633 222562 6633
1658360700 222562 6633 222562 6633
1658360400 222562 6633 222562 6633
1658360100 222562 6633 222562 6633
1658359800 222562 6633 222562 6633
1658359500 222562 6633 222562 6633
1658359200 222562 6633 222562 6633
1658358900 222562 6633 222562 6633
1658358600 222562 6633 222562 6633
1658358300 222562 6633 222562 6633
1658358000 222562 6633 222562 6633
1658357700 222562 6633 222562 6633
1658357400 222562 6633 222562 6633
1658357100 222562 6633 222562 6633
1658356800 222562 6633 222562 6633
1658356500 222562 6633 222562 6633
1658356200 222562 6633 222562 6633
1658355900 222562 6633 222562 6633
1658355600 222562 6633 222562 6633
1658355300 222562 6633 222562 6633
1658355000 222562 6633 222562 6633
1658354700 222562 6633 222562 6633
1658354400 222562 6633 222562 6633
1658354100 222562 6633 222562 6633
1658353800 222562 6633 222562 6633
1658353500 222562 6633 222562 6633
1658353200 222562 6633 222562 6633
1658352900 222562 6633 222562 6633
1658352600 222562 6633 222562 6633
1658352300 222562 6633 222562 6633
1658352000 222562 6633 222562 6633
1658351700 222562 6633 222562 6633
1658351400 222562 6633 222562 6633
1658351100 222562 6633 222562 6633
1658350800 222562 6633 222562 6633
1658350500 222562 6633 222562 6633
1658350200 222562 6633 222562 6633
1658349900 222562 6633 222562 6633
1658349600 222562 6633 222562 6633
1658349300 222562 6633 222562 6633
1658349000 222562 6633 222562 6633
1658348700 222562 6633 222562 6633
1658348400 222562 6633 222562 6633
1658348100 222562 6633 222562 6633
1658347800 222562 6633 222562 6633
1658347500 222562 6633 222562 6633
1658347200 222562 6633 222562 6633
1658346900 222562 6633 222562 6633
1658346600 222562 6633 222562 6633
1658346300 222562 6633 222562 6633
1658346000 222562 6633 222562 6633
1658345700 222562 6633 222562 6633
1658345400 222562 6633 222562 6633
1658345100 222562 6633 222562 6633
1658344800 222562 6633 222562 6633
1658344500 222562 6633 222562 6633
1658344200 222562 6633 222562 6633
1658343900 222562 6633 222562 6633
1658343600 222562 6633 222562 6633
1658343300 222562 6633 222562 6633
1658343000 222562 6633 222562 6633
1658342700 222562 6633 222562 6633
1658342400 222562 6633 222562 6633
1658342100 222562 6633 222562 6633
1658341800 222562 6633 222562 6633
1658341500 222562 6633 222562 6633
1658341200 222562 6633 222562 6633
1658340900 222562 6633 222562 6633
1658340600 222562 6633 222562 6633
1658340300 222562 6633 222562 6633
1658340000 222562 6633 222562 6633
1658339700 222562 6633 222562 6633
1658339400 222562 6633 222562 6633
1658339100 222562 6633 222562 6633
1658338800 222562 6633 222562 6633
1658338500 222562 6633 222562 6633
1658338200 222562 6633 222562 6633
1658337900 222562 6633 222562 6633
1658337600 222562 6633 222562 6633
1658337300 222562 6633 222562 6633
1658337000 222562 6633 222562 6633
1658336700 222562 6633 222562 6633
1658336400 222562 6633 222562 6633
1658336100 222562 6633 222562 6633
1658335800 222562 6633 222562 6633
1658335500 222562 6633 222562 6633
1658335200 222562 6633 222562 6633
1658334900 222562 6633 222562 6633
1658334600 222562 6633 222562 6633
1658334300 222562 6633 222562 6633
1658334000 222562 6633 222562 6633
1658333700 222562 6633 222562 6633
1658333400 222562 6633 222562 6633
1658333100 222562 6633 222562 6633
1658332800 222562 6633 222562 6633
1658332500 222562 6633 222562 6633
1658332200 222562 6633 222562 6633
1658331900 222562 6633 222562 6633
1658331600 222562 6633 222562 6633
1658331300 222562 6633 222562 6633
1658331000 222562 6633 222562 6633
1658330700 222562 6633 222562 6633
1658330400 222562 6633 222562 6633
1658330100 222562 6633 222562 6633
1658329800 222562 6633 222562 6633
1658329500 222562 6633 222562 6633
1658329200 222562 6633 222562 6633
1658328900 222562 6633 222562 6633
1658328600 222562 6633 222562 6633
1658328300 222562 6633 222562 6633
1658328000 222562 6633 222562 6633
1658327700 222562 6633 222562 6633
1658327400 222562 6633 222562 6633
1658327100 222562 6633 222562 6633
1658326800 222562 6633 222562 6633
1658326500 222562 6633 222562 6633
1658326200 222562 6633 222562 6633
1658325900 222562 6633 222562 6633
1658325600 222562 6633 222562 6633
1658325300 222562 6633 222562 6633
1658325000 222562 6633 222562 6633
1658324700 222562 6633 222562 6633
1658324400 222562 6633 222562 6633
1658324100 222562 6633 222562 6633
1658323800 222562 6633 222562 6633
1658323500 222562 6633 222562 6633
1658323200 222562 6633 222562 6633
1658322900 222562 6633 222562 6633
1658322600 222562 6633 222562 6633
1658322300 222562 6633 222562 6633
1658322000 222562 6633 222562 6633
1658321700 222562 6633 222562 6633
1658321400 222562 6633 222562 6633
1658321100 222562 6633 222562 6633
1658320800 222562 6633 222562 6633
1658320500 222562 6633 222562 6633
1658320200 222562 6633 222562 6633
1658319900 222562 6633 222562 6633
1658319600 222562 6633 222562 6633
1658319300 222562 6633 222562 6633
1658319000 222562 6633 222562 6633
1658318700 222562 6633 222562 6633
1658318400 222562 6633 222562 6633
1658318100 222562 6633 222562 6633
1658317800 222562 6633 222562 6633
1658317500 222562 6633 222562 6633
1658317200 222562 6633 222562 6633
1658316900 222562 6633 222562 6633
1658316600 222562 6633 222562 6633
1658316300 222562 6633 222562 6633
1658316000 222562 6633 222562 6633
1658315700 222562 6633 222562 6633
1658315400 222562 6633 222562 6633
1658315100 222562 6633 222562 6633
1658314800 222562 6633 222562 6633
1658314500 222562 6633 222562 6633
1658314200 222562 6633 222562 6633
1658313900 222562 6633 222562 6633
1658313600 222562 6633 222562 6633
1658313300 222562 6633 222562 6633
1658313000 222562 6633 222562 6633
1658312700 222562 6633 222562 6633
1658312400 222562 6633 222562 6633
1658312100 222562 6633 222562 6633
1658311800 222562 6633 222562 6633
1658311500 222562 6633 222562 6633
1658311200 222562 6633 222562 6633
1658310900 222562 6633 222562 6633
1658310600 222562 6633 222562 6633
1658310300 222562 6633 222562 6633
1658310000 222562 6633 222562 6633
1658309700 222562 6633 222562 6633
1658309400 222562 6633 222562 6633
1658309100 222562 6633 222562 6633
1658308800 222562 6633 222562 6633
1658308500 222562 6633 222562 6633
1658308200 222562 6633 222562 6633
1658307900 222562 6633 222562 6633
1658307600 222562 6633 222562 6633
1658307300 222562 6633 222562 6633
1658307000 222562 6633 222562 6633
1658306700 222562 6633 222562 6633
1658306400 222562 6633 222562 6633
1658306100 222562 6633 222562 6633
1658305800 222562 6633 222562 6633
1658305500 222562 6633 222562 6633
1658305200 222562 6633 222562 6633
1658304900 222562 6633 222562 6633
1658304600 222562 6633 222562 6633
1658304300 222562 6633 222562 6633
1658304000 222562 6633 222562 6633
1658303700 222562 6633 222562 6633
1658303400 222562 6633 222562 6633
1658303100 222562 6633 222562 6633
1658302800 222562 6633 222562 6633
1658302500 222562 6633 222562 6633
1658302200 222562 6633 222562 6633
1658301900 222562 6633 222562 6633
1658301600 222562 6633 222562 6633
1658301300 222562 6633 222562 6633
1658301000 222562 6633 222562 6633
1658300700 222562 6633 222562 6633
1658300400 222562 6633 222562 6633
1658300100 222562 6633 222562 6633
1658299800 222562 6633 222562 6633
1658299500 222562 6633 222562 6633
1658299200 222562 6633 222562 6633
1658298900 222562 6633 222562 6633
1658298600 222562 6633 222562 6633
1658298300 222562 6633 222562 6633
1658298000 222562 6633 222562 6633
1658297700 222562 6633 222562 6633
1658297400 222562 6633 222562 6633
1658297100 222562 6633 222562 6633
1658296800 222562 6633 222562 6633
1658296500 222562 6633 222562 6633
1658296200 222562 6633 222562 6633
1658295900 222562 6633 222562 6633
1658295600 222562 6633 222562 6633
1658295300 222562 6633 222562 6633
1658295000 222562 6633 222562 6633
1658294700 222562 6633 222562 6633
1658294400 222562 6633 222562 6633
1658294100 222562 6633 222562 6633
1658293800 222562 6633 222562 6633
1658293500 222562 6633 222562 6633
1658293200 222562 6633 222562 6633
1658292900 222562 6633 222562 6633
1658292600 222562 6633 222562 6633
1658292300 222562 6633 222562 6633
1658292000 222562 6633 222562 6633
1658291700 222562 6633 222562 6633
1658291400 222562 6633 222562 6633
1658291100 222562 6633 222562 6633
1658290800 222562 6633 222562 6633
1658290500 222562 6633 222562 6633
1658290200 222562 6633 222562 6633
1658289900 222562 6633 222562 6633
1658289600 222562 6633 222562 6633
1658289300 222562 6633 222562 6633
1658289000 222562 6633 222562 6633
1658288700 222562 6633 222562 6633
1658288400 222562 6633 222562 6633
1658288100 222562 6633 222562 6633
1658287800 222562 6633 222562 6633
1658287500 222562 6633 222562 6633
1658287200 222562 6633 222562 6633
1658286900 222562 6633 222562 6633
1658286600 222562 6633 222562 6633
1658286300 222562 6633 222562 6633
1658286000 222562 6633 222562 6633
1658285700 222562 6633 222562 6633
1658285400 222562 6633 222562 6633
1658285100 222562 6633 222562 6633
1658284800 222562 6633 222562 6633
1658284500 222562 6633 222562 6633
1658284200 222562 6633 222562 6633
1658283900 222562 6633 222562 6633
1658283600 222562 6633 222562 6633
1658283300 222562 6633 222562 6633
1658283000 222562 6633 222562 6633
1658282700 222562 6633 222562 6633
1658282400 222562 6633 222562 6633
1658282100 222562 6633 222562 6633
1658281800 222562 6633 222562 6633
1658281500 222562 6633 222562 6633
1658281200 222562 6633 222562 6633
1658280900 222562 6633 222562 6633
1658280600 222562 6633 222562 6633
1658280300 222562 6633 222562 6633
1658280000 222562 6633 222562 6633
1658279700 222562 6633 222562 6633
1658279400 222562 6633 222562 6633
1658279100 222562 6633 222562 6633
1658278800 222562 6633 222562 6633
1658278500 222562 6633 222562 6633
1658278200 222562 6633 222562 6633
1658277900 222562 6633 222562 6633
1658277600 222562 6633 222562 6633
1658277300 222562 6633 222562 6633
1658277000 222562 6633 222562 6633
1658276700 222562 6633 222562 6633
1658276400 222562 6633 222562 6633
1658276100 222562 6633 222562 6633
1658275800 222562 6633 222562 6633
1658275500 222562 6633 222562 6633
1658275200 222562 6633 222562 6633
1658274900 222562 6633 222562 6633
1658274600 222562 6633 222562 6633
1658274300 222562 6633 222562 6633
1658274000 222562 6633 222562 6633
1658273700 222562 6633 222562 6633
1658273400 222562 6633 222562 6633
1658273100 222562 6633 222562 6633
1658272800 222562 6633 222562 6633
1658272500 222562 6633 222562 6633
1658272200 222562 6633 222562 6633
1658271900 222562 6633 222562 6633
1658271600 222562 6633 222562 6633
1658271300 222562 6633 222562 6633
1658271000 222562 6633 222562 6633
1658270700 222562 6633 222562 6633
1658270400 222562 6633 222562 6633
1658270100 222562 6633 222562 6633
1658269800 222562 6633 222562 6633
1658269500 222562 6633 222562 6633
1658269200 222562 6633 222562 6633
1658268900 222562 6633 222562 6633
1658268600 222562 6633 222562 6633
1658268300 222562 6633 222562 6633
1658268000 222562 6633 222562 6633
1658267700 222562 6633 222562 6633
1658267400 222562 6633 222562 6633
1658267100 222562 6633 222562 6633
1658266800 222562 6633 222562 6633
1658266500 222562 6633 222562 6633
1658266200 222562 6633 222562 6633
1658265900 222562 6633 222562 6633
1658265600 222562 6633 222562 6633
1658265300 222562 6633 222562 6633
1658265000 222562 6633 222562 6633
1658264700 222562 6633 222562 6633
1658264400 222562 6633 222562 6633
1658264100 222562 6633 222562 6633
1658263800 222562 6633 222562 6633
1658263500 222562 6633 222562 6633
1658263200 222562 6633 222562 6633
1658262900 222562 6633 222562 6633
1658262600 222562 6633 222562 6633
1658262300 222562 6633 222562 6633
1658262000 222562 6633 222562 6633
1658261700 222562 6633 222562 6633
1658261400 222562 6633 222562 6633
1658261100 222562 6633 222562 6633
1658260800 222562 6633 222562 6633
1658260500 222562 6633 222562 6633
1658260200 222562 6633 222562 6633
1658259900 222562 6633 222562 6633
1658259600 222562 6633 222562 6633
1658259300 222562 6633 222562 6633
1658259000 222562 6633 222562 6633
1658258700 222562 6633 222562 6633
1658258400 222562 6633 222562 6633
1658258100 222562 6633 222562 6633
1658257800 222562 6633 222562 6633
1658257500 222562 6633 222562 6633
1658257200 222562 6633 222562 6633
1658256900 222562 6633 222562 6633
1658256600 222562 6633 222562 6633
1658256300 222562 6633 222562 6633
1658256000 222562 6633 222562 6633
1658255700 222562 6633 222562 6633
1658255400 222562 6633 222562 6633
1658255100 222562 6633 222562 6633
1658254800 222562 6633 222562 6633
1658254500 222562 6633 222562 6633
1658254200 222562 6633 222562 6633
1658253900 222562 6633 222562 6633
1658253600 222562 6633 222562 6633
1658253300 222562 6633 222562 6633
1658253000 222562 6633 222562 6633
1658252700 222562 6633 222562 6633
1658252400 222562 6633 222562 6633
1658252100 222562 6633 222562 6633
1658251800 222562 6633 222562 6633
1658250000 222562 6633 222562 6633
1658248200 222562 6633 222562 6633
1658246400 222562 6633 222562 6633
1658244600 222562 6633 222562 6633
1658242800 222562 6633 222562 6633
1658241000 222562 6633 222562 6633
1658239200 222562 6633 222562 6633
1658237400 222562 6633 222562 6633
1658235600 222562 6633 222562 6633
1658233800 222562 6633 222562 6633
1658232000 222562 6633 222562 6633
1658230200 222562 6633 222562 6633
1658228400 222562 6633 222562 6633
1658226600 222562 6633 222562 6633
1658224800 222562 6633 222562 6633
1658223000 222562 6633 222562 6633
1658221200 222562 6633 222562 6633
1658219400 222562 6633 222562 6633
1658217600 222562 6633 222562 6633
1658215800 222562 6633 222562 6633
1658214000 222562 6633 222562 6633
1658212200 222562 6633 222562 6633
1658210400 222562 6633 222562 6633
1658208600 222562 6633 222562 6633
1658206800 222562 6633 222562 6633
1658205000 222562 6633 222562 6633
1658203200 222562 6633 222562 6633
1658201400 222562 6633 222562 6633
1658199600 222562 6633 222562 6633
1658197800 222562 6633 222562 6633
1658196000 222562 6633 222562 6633
1658194200 222562 6633 222562 6633
1658192400 222562 6633 222562 6633
1658190600 222562 6633 222562 6633
1658188800 222562 6633 222562 6633
1658187000 222562 6633 222562 6633
1658185200 222562 6633 222562 6633
1658183400 222562 6633 222562 6633
1658181600 222562 6633 222562 6633
1658179800 222562 6633 222562 6633
1658178000 222562 6633 222562 6633
1658176200 222562 6633 222562 6633
1658174400 222562 6633 222562 6633
1658172600 222562 6633 222562 6633
1658170800 222562 6633 222562 6633
1658169000 222562 6633 222562 6633
1658167200 222562 6633 222562 6633
1658165400 222562 6633 222562 6633
1658163600 222562 6633 222562 6633
1658161800 222562 6633 222562 6633
1658160000 222562 6633 222562 6633
1658158200 222562 6633 222562 6633
1658156400 222562 6633 222562 6633
1658154600 222562 6633 222562 6633
1658152800 222562 6633 222562 6633
1658151000 222562 6633 222562 6633
1658149200 222562 6633 222562 6633
1658147400 222562 6633 222562 6633
1658145600 222562 6633 222562 6633
1658143800 222562 6633 222562 6633
1658142000 222562 6633 222562 6633
1658140200 222562 6633 222562 6633
1658138400 222562 6633 222562 6633
1658136600 222562 6633 222562 6633
1658134800 222562 6633 222562 6633
1658133000 222562 6633 222562 6633
1658131200 222562 6633 222562 6633
1658129400 222562 6633 222562 6633
1658127600 222562 6633 222562 6633
1658125800 222562 6633 222562 6633
1658124000 222562 6633 222562 6633
1658122200 222562 6633 222562 6633
1658120400 222562 6633 222562 6633
1658118600 222562 6633 222562 6633
1658116800 222562 6633 222562 6633
1658115000 222562 6633 222562 6633
1658113200 222562 6633 222562 6633
1658111400 222562 6633 222562 6633
1658109600 222562 6633 222562 6633
1658107800 222562 6633 222562 6633
1658106000 222562 6633 222562 6633
1658104200 222562 6633 222562 6633
1658102400 222562 6633 222562 6633
1658100600 222562 6633 222562 6633
1658098800 222562 6633 222562 6633
1658097000 222562 6633 222562 6633
1658095200 222562 6633 222562 6633
1658093400 222562 6633 222562 6633
1658091600 222562 6633 222562 6633
1658089800 222562 6633 222562 6633
1658088000 222562 6633 222562 6633
1658086200 222562 6633 222562 6633
1658084400 222562 6633 222562 6633
1658082600 222562 6633 222562 6633
1658080800 222562 6633 222562 6633
1658079000 222562 6633 222562 6633
1658077200 222562 6633 222562 6633
1658075400 222562 6633 222562 6633
1658073600 222562 6633 222562 6633
1658071800 222562 6633 222562 6633
1658070000 222562 6633 222562 6633
1658068200 222562 6633 222562 6633
1658066400 222562 6633 222562 6633
1658064600 222562 6633 222562 6633
1658062800 222562 6633 222562 6633
1658061000 222562 6633 222562 6633
1658059200 222562 6633 222562 6633
1658057400 222562 6633 222562 6633
1658055600 222562 6633 222562 6633
1658053800 222562 6633 222562 6633
1658052000 222562 6633 222562 6633
1658050200 222562 6633 222562 6633
1658048400 222562 6633 222562 6633
1658046600 222562 6633 222562 6633
1658044800 222562 6633 222562 6633
1658043000 222562 6633 222562 6633
1658041200 222562 6633 222562 6633
1658039400 222562 6633 222562 6633
1658037600 222562 6633 222562 6633
1658035800 222562 6633 222562 6633
1658034000 222562 6633 222562 6633
1658032200 222562 6633 222562 6633
1658030400 222562 6633 222562 6633
1658028600 222562 6633 222562 6633
1658026800 222562 6633 222562 6633
1658025000 222562 6633 222562 6633
1658023200 222562 6633 222562 6633
1658021400 222562 6633 222562 6633
1658019600 222562 6633 222562 6633
1658017800 222562 6633 222562 6633
1658016000 222562 6633 222562 6633
1658014200 222562 6633 222562 6633
1658012400 222562 6633 222562 6633
1658010600 222562 6633 222562 6633
1658008800 222562 6633 222562 6633
1658007000 222562 6633 222562 6633
1658005200 222562 6633 222562 6633
1658003400 222562 6633 222562 6633
1658001600 222562 6633 222562 6633
1657999800 222562 6633 222562 6633
1657998000 222562 6633 222562 6633
1657996200 222562 6633 222562 6633
1657994400 222562 6633 222562 6633
1657992600 222562 6633 222562 6633
1657990800 222562 6633 222562 6633
1657989000 222562 6633 222562 6633
1657987200 222562 6633 222562 6633
1657985400 222562 6633 222562 6633
1657983600 222562 6633 222562 6633
1657981800 222562 6633 222562 6633
1657980000 222562 6633 222562 6633
1657978200 222562 6633 222562 6633
1657976400 222562 6633 222562 6633
1657974600 222562 6633 222562 6633
1657972800 222562 6633 222562 6633
1657971000 222562 6633 222562 6633
1657969200 222562 6633 222562 6633
1657967400 222562 6633 222562 6633
1657965600 222562 6633 222562 6633
1657963800 222562 6633 222562 6633
1657962000 222562 6633 222562 6633
1657960200 222562 6633 222562 6633
1657958400 222562 6633 222562 6633
1657956600 222562 6633 222562 6633
1657954800 222562 6633 222562 6633
1657953000 222562 6633 222562 6633
1657951200 222562 6633 222562 6633
1657949400 222562 6633 222562 6633
1657947600 222562 6633 222562 6633
1657945800 222562 6633 222562 6633
1657944000 222562 6633 222562 6633
1657942200 222562 6633 222562 6633
1657940400 222562 6633 222562 6633
1657938600 222562 6633 222562 6633
1657936800 222562 6633 222562 6633
1657935000 222562 6633 222562 6633
1657933200 222562 6633 222562 6633
1657931400 222562 6633 222562 6633
1657929600 222562 6633 222562 6633
1657927800 222562 6633 222562 6633
1657926000 222562 6633 222562 6633
1657924200 222562 6633 222562 6633
1657922400 222562 6633 222562 6633
1657920600 222562 6633 222562 6633
1657918800 222562 6633 222562 6633
1657917000 222562 6633 222562 6633
1657915200 222562 6633 222562 6633
1657913400 222562 6633 222562 6633
1657911600 222562 6633 222562 6633
1657909800 222562 6633 222562 6633
1657908000 222562 6633 222562 6633
1657906200 222562 6633 222562 6633
1657904400 222562 6633 222562 6633
1657902600 222562 6633 222562 6633
1657900800 222562 6633 222562 6633
1657899000 222562 6633 222562 6633
1657897200 222562 6633 222562 6633
1657895400 222562 6633 222562 6633
1657893600 222562 6633 222562 6633
1657891800 222562 6633 222562 6633
1657890000 222562 6633 222562 6633
1657888200 222562 6633 222562 6633
1657886400 222562 6633 222562 6633
1657884600 222562 6633 222562 6633
1657882800 222562 6633 222562 6633
1657881000 222562 6633 222562 6633
1657879200 222562 6633 222562 6633
1657877400 222562 6633 222562 6633
1657875600 222562 6633 222562 6633
1657873800 222562 6633 222562 6633
1657872000 222562 6633 222562 6633
1657870200 222562 6633 222562 6633
1657868400 222562 6633 222562 6633
1657866600 222562 6633 222562 6633
1657864800 222562 6633 222562 6633
1657863000 222562 6633 222562 6633
1657861200 222562 6633 222562 6633
1657859400 222562 6633 222562 6633
1657857600 222562 6633 222562 6633
1657855800 222562 6633 222562 6633
1657854000 222562 6633 222562 6633
1657852200 222562 6633 222562 6633
1657850400 222562 6633 222562 6633
1657848600 222562 6633 222562 6633
1657846800 222562 6633 222562 6633
1657845000 222562 6633 222562 6633
1657843200 222562 6633 222562 6633
1657841400 222562 6633 222562 6633
1657839600 222562 6633 222562 6633
1657837800 222562 6633 222562 6633
1657836000 222562 6633 222562 6633
1657834200 222562 6633 222562 6633
1657832400 222562 6633 222562 6633
1657830600 222562 6633 222562 6633
1657828800 222562 6633 222562 6633
1657827000 222562 6633 222562 6633
1657825200 222562 6633 222562 6633
1657823400 222562 6633 222562 6633
1657821600 222562 6633 222562 6633
1657819800 222562 6633 222562 6633
1657818000 222562 6633 222562 6633
1657816200 222562 6633 222562 6633
1657814400 222562 6633 222562 6633
1657812600 222562 6633 222562 6633
1657810800 222562 6633 222562 6633
1657809000 222562 6633 222562 6633
1657807200 222562 6633 222562 6633
1657805400 222562 6633 222562 6633
1657803600 222562 6633 222562 6633
1657801800 222562 6633 222562 6633
1657800000 222562 6633 222562 6633
1657798200 222562 6633 222562 6633
1657796400 222562 6633 222562 6633
1657794600 222562 6633 222562 6633
1657792800 222562 6633 222562 6633
1657791000 222562 6633 222562 6633
1657789200 222562 6633 222562 6633
1657787400 222562 6633 222562 6633
1657785600 222562 6633 222562 6633
1657783800 222562 6633 222562 6633
1657782000 222562 6633 222562 6633
1657780200 222562 6633 222562 6633
1657778400 222562 6633 222562 6633
1657776600 222562 6633 222562 6633
1657774800 222562 6633 222562 6633
1657773000 222562 6633 222562 6633
1657771200 222562 6633 222562 6633
1657769400 222562 6633 222562 6633
1657767600 222562 6633 222562 6633
1657765800 222562 6633 222562 6633
1657764000 222562 6633 222562 6633
1657762200 222562 6633 222562 6633
1657760400 222562 6633 222562 6633
1657758600 222562 6633 222562 6633
1657756800 222562 6633 222562 6633
1657755000 222562 6633 222562 6633
1657753200 222562 6633 222562 6633
1657751400 222562 6633 222562 6633
1657749600 222562 6633 222562 6633
1657747800 222562 6633 222562 6633
1657746000 222562 6633 222562 6633
1657744200 222562 6633 222562 6633
1657742400 222562 6633 222562 6633
1657740600 222562 6633 222562 6633
1657738800 222562 6633 222562 6633
1657737000 222562 6633 222562 6633
1657735200 222562 6633 222562 6633
1657733400 222562 6633 222562 6633
1657731600 222562 6633 222562 6633
1657729800 222562 6633 222562 6633
1657728000 222562 6633 222562 6633
1657726200 222562 6633 222562 6633
1657724400 222562 6633 222562 6633
1657722600 222562 6633 222562 6633
1657720800 222562 6633 222562 6633
1657719000 222562 6633 222562 6633
1657717200 222562 6633 222562 6633
1657715400 222562 6633 222562 6633
1657713600 222562 6633 222562 6633
1657711800 222562 6633 222562 6633
1657710000 222562 6633 222562 6633
1657708200 222562 6633 222562 6633
1657706400 222562 6633 222562 6633
1657704600 222562 6633 222562 6633
1657702800 222562 6633 222562 6633
1657701000 222562 6633 222562 6633
1657699200 222562 6633 222562 6633
1657697400 222562 6633 222562 6633
1657695600 222562 6633 222562 6633
1657693800 222562 6633 222562 6633
1657692000 222562 6633 222562 6633
1657690200 222562 6633 222562 6633
1657688400 222562 6633 222562 6633
1657686600 222562 6633 222562 6633
1657684800 222562 6633 222562 6633
1657683000 222562 6633 222562 6633
1657681200 222562 6633 222562 6633
1657679400 222562 6633 222562 6633
1657677600 222562 6633 222562 6633
1657675800 222562 6633 222562 6633
1657674000 222562 6633 222562 6633
1657672200 222562 6633 222562 6633
1657670400 222562 6633 222562 6633
1657668600 222562 6633 222562 6633
1657666800 222562 6633 222562 6633
1657665000 222562 6633 222562 6633
1657663200 222562 6633 222562 6633
1657661400 222562 6633 222562 6633
1657659600 222562 6633 222562 6633
1657657800 222562 6633 222562 6633
1657656000 222562 6633 222562 6633
1657654200 222562 6633 222562 6633
1657652400 222562 6633 222562 6633
1657650600 222562 6633 222562 6633
1657648800 222562 6633 222562 6633
1657647000 222562 6633 222562 6633
1657645200 222562 6633 222562 6633
1657643400 222562 6633 222562 6633
1657641600 222562 6633 222562 6633
1657639800 222562 6633 222562 6633
1657638000 222562 6633 222562 6633
1657636200 222562 6633 222562 6633
1657634400 222562 6633 222562 6633
1657632600 222562 6633 222562 6633
1657630800 222562 6633 222562 6633
1657629000 222562 6633 222562 6633
1657627200 222562 6633 222562 6633
1657625400 222562 6633 222562 6633
1657623600 222562 6633 222562 6633
1657621800 222562 6633 222562 6633
1657620000 222562 6633 222562 6633
1657618200 222562 6633 222562 6633
1657616400 222562 6633 222562 6633
1657614600 222562 6633 222562 6633
1657612800 222562 6633 222562 6633
1657611000 222562 6633 222562 6633
1657609200 222562 6633 222562 6633
1657607400 222562 6633 222562 6633
1657605600 222562 6633 222562 6633
1657603800 222562 6633 222562 6633
1657602000 222562 6633 222562 6633
1657600200 222562 6633 222562 6633
1657598400 222562 6633 222562 6633
1657596600 222562 6633 222562 6633
1657594800 222562 6633 222562 6633
1657593000 222562 6633 222562 6633
1657591200 222562 6633 222562 6633
1657589400 222562 6633 222562 6633
1657587600 222562 6633 222562 6633
1657585800 222562 6633 222562 6633
1657584000 222562 6633 222562 6633
1657582200 222562 6633 222562 6633
1657580400 222562 6633 222562 6633
1657578600 222562 6633 222562 6633
1657576800 222562 6633 222562 6633
1657575000 222562 6633 222562 6633
1657573200 222562 6633 222562 6633
1657571400 222562 6633 222562 6633
1657569600 222562 6633 222562 6633
1657567800 222562 6633 222562 6633
1657566000 222562 6633 222562 6633
1657564200 222562 6633 222562 6633
1657562400 222562 6633 222562 6633
1657560600 222562 6633 222562 6633
1657558800 222562 6633 222562 6633
1657557000 222562 6633 222562 6633
1657555200 222562 6633 222562 6633
1657553400 222562 6633 222562 6633
1657551600 222562 6633 222562 6633
1657549800 222562 6633 222562 6633
1657548000 222562 6633 222562 6633
1657546200 222562 6633 222562 6633
1657544400 222562 6633 222562 6633
1657542600 222562 6633 222562 6633
1657540800 222562 6633 222562 6633
1657539000 222562 6633 222562 6633
1657537200 222562 6633 222562 6633
1657535400 222562 6633 222562 6633
1657533600 222562 6633 222562 6633
1657531800 222562 6633 222562 6633
1657530000 222562 6633 222562 6633
1657528200 222562 6633 222562 6633
1657526400 222562 6633 222562 6633
1657524600 222562 6633 222562 6633
1657522800 222562 6633 222562 6633
1657521000 222562 6633 222562 6633
1657519200 222562 6633 222562 6633
1657517400 222562 6633 222562 6633
1657515600 222562 6633 222562 6633
1657513800 222562 6633 222562 6633
1657512000 222562 6633 222562 6633
1657510200 222562 6633 222562 6633
1657508400 222562 6633 222562 6633
1657506600 222562 6633 222562 6633
1657504800 222562 6633 222562 6633
1657503000 222562 6633 222562 6633
1657501200 222562 6633 222562 6633
1657499400 222562 6633 222562 6633
1657497600 222562 6633 222562 6633
1657495800 222562 6633 222562 6633
1657494000 222562 6633 222562 6633
1657492200 222562 6633 222562 6633
1657490400 222562 6633 222562 6633
1657488600 222562 6633 222562 6633
1657486800 222562 6633 222562 6633
1657485000 222562 6633 222562 6633
1657483200 222562 6633 222562 6633
1657481400 222562 6633 222562 6633
1657479600 222562 6633 222562 6633
1657477800 222562 6633 222562 6633
1657476000 222562 6633 222562 6633
1657474200 222562 6633 222562 6633
1657472400 222562 6633 222562 6633
1657470600 222562 6633 222562 6633
1657468800 222562 6633 222562 6633
1657467000 222562 6633 222562 6633
1657465200 222562 6633 222562 6633
1657463400 222562 6633 222562 6633
1657461600 222562 6633 222562 6633
1657459800 222562 6633 222562 6633
1657458000 222562 6633 222562 6633
1657456200 222562 6633 222562 6633
1657454400 222562 6633 222562 6633
1657452600 222562 6633 222562 6633
1657450800 222562 6633 222562 6633
1657449000 222562 6633 222562 6633
1657447200 222562 6633 222562 6633
1657445400 222562 6633 222562 6633
1657443600 222562 6633 222562 6633
1657441800 222562 6633 222562 6633
1657440000 222562 6633 222562 6633
1657438200 222562 6633 222562 6633
1657436400 222562 6633 222562 6633
1657434600 222562 6633 222562 6633
1657432800 222562 6633 222562 6633
1657431000 222562 6633 222562 6633
1657429200 222562 6633 222562 6633
1657427400 222562 6633 222562 6633
1657425600 222562 6633 222562 6633
1657423800 222562 6633 222562 6633
1657422000 222562 6633 222562 6633
1657420200 222562 6633 222562 6633
1657418400 222562 6633 222562 6633
1657416600 222562 6633 222562 6633
1657414800 222562 6633 222562 6633
1657413000 222562 6633 222562 6633
1657411200 222562 6633 222562 6633
1657409400 222562 6633 222562 6633
1657407600 222562 6633 222562 6633
1657405800 222562 6633 222562 6633
1657404000 222562 6633 222562 6633
1657402200 222562 6633 222562 6633
1657400400 222562 6633 222562 6633
1657398600 222562 6633 222562 6633
1657396800 222562 6633 222562 6633
1657395000 222562 6633 222562 6633
1657393200 222562 6633 222562 6633
1657391400 222562 6633 222562 6633
1657389600 222562 6633 222562 6633
1657387800 222562 6633 222562 6633
1657386000 222562 6633 222562 6633
1657384200 222562 6633 222562 6633
1657382400 222562 6633 222562 6633
1657380600 222562 6633 222562 6633
1657378800 222562 6633 222562 6633
1657377000 222562 6633 222562 6633
1657375200 222562 6633 222562 6633
1657373400 222562 6633 222562 6633
1657371600 222562 6633 222562 6633
1657369800 222562 6633 222562 6633
1657368000 222562 6633 222562 6633
1657366200 222562 6633 222562 6633
1657364400 222562 6633 222562 6633
1657362600 222562 6633 222562 6633
1657360800 222562 6633 222562 6633
1657359000 222562 6633 222562 6633
1657357200 222562 6633 222562 6633
1657355400 222562 6633 222562 6633
1657353600 222562 6633 222562 6633
1657351800 222562 6633 222562 6633
1657350000 222562 6633 222562 6633
1657348200 222562 6633 222562 6633
1657346400 222562 6633 222562 6633
1657344600 222562 6633 222562 6633
1657342800 222562 6633 222562 6633
1657341000 222562 6633 222562 6633
1657339200 222562 6633 222562 6633
1657337400 222562 6633 222562 6633
1657335600 222562 6633 222562 6633
1657333800 222562 6633 222562 6633
1657332000 222562 6633 222562 6633
1657330200 222562 6633 222562 6633
1657328400 222562 6633 222562 6633
1657326600 222562 6633 222562 6633
1657324800 222562 6633 222562 6633
1657323000 222562 6633 222562 6633
1657321200 222562 6633 222562 6633
1657319400 222562 6633 222562 6633
1657317600 222562 6633 222562 6633
1657315800 222562 6633 222562 6633
1657314000 222562 6633 222562 6633
1657312200 222562 6633 222562 6633
1657310400 222562 6633 222562 6633
1657308600 222562 6633 222562 6633
1657306800 222562 6633 222562 6633
1657305000 222562 6633 222562 6633
1657303200 222562 6633 222562 6633
1657301400 222562 6633 222562 6633
1657299600 222562 6633 222562 6633
1657297800 222562 6633 222562 6633
1657296000 222562 6633 222562 6633
1657294200 222562 6633 222562 6633
1657292400 222562 6633 222562 6633
1657290600 222562 6633 222562 6633
1657288800 222562 6633 222562 6633
1657287000 222562 6633 222562 6633
1657285200 222562 6633 222562 6633
1657283400 222562 6633 222562 6633
1657281600 222562 6633 222562 6633
1657279800 222562 6633 222562 6633
1657278000 222562 6633 222562 6633
1657276200 222562 6633 222562 6633
1657274400 222562 6633 222562 6633
1657272600 222562 6633 222562 6633
1657270800 222562 6633 222562 6633
1657269000 222562 6633 222562 6633
1657267200 222562 6633 222562 6633
1657265400 222562 6633 222562 6633
1657263600 222562 6633 222562 6633
1657261800 222562 6633 222562 6633
1657260000 222562 6633 222562 6633
1657258200 222562 6633 222562 6633
1657256400 222562 6633 222562 6633
1657254600 222562 6633 222562 6633
1657252800 222562 6633 222562 6633
1657251000 222562 6633 222562 6633
1657249200 222562 6633 222562 6633
1657247400 222562 6633 222562 6633
1657245600 222562 6633 222562 6633
1657243800 222562 6633 222562 6633
1657242000 222562 6633 222562 6633
1657240200 222562 6633 222562 6633
1657238400 222562 6633 222562 6633
1657236600 222562 6633 222562 6633
1657234800 222562 6633 222562 6633
1657233000 222562 6633 222562 6633
1657231200 222562 6633 222562 6633
1657229400 222562 6633 222562 6633
1657227600 222562 6633 222562 6633
1657225800 222562 6633 222562 6633
1657224000 222562 6633 222562 6633
1657222200 222562 6633 222562 6633
1657220400 222562 6633 222562 6633
1657218600 222562 6633 222562 6633
1657216800 222562 6633 222562 6633
1657215000 222562 6633 222562 6633
1657213200 222562 6633 222562 6633
1657211400 222562 6633 222562 6633
1657209600 222562 6633 222562 6633
1657207800 222562 6633 222562 6633
1657206000 222562 6633 222562 6633
1657204200 222562 6633 222562 6633
1657202400 222562 6633 222562 6633
1657200600 222562 6633 222562 6633
1657198800 222562 6633 222562 6633
1657197000 222562 6633 222562 6633
1657195200 222562 6633 222562 6633
1657193400 222562 6633 222562 6633
1657191600 222562 6633 222562 6633
1657189800 222562 6633 222562 6633
1657188000 222562 6633 222562 6633
1657186200 222562 6633 222562 6633
1657184400 222562 6633 222562 6633
1657182600 222562 6633 222562 6633
1657180800 222562 6633 222562 6633
1657179000 222562 6633 222562 6633
1657177200 222562 6633 222562 6633
1657175400 222562 6633 222562 6633
1657173600 222562 6633 222562 6633
1657171800 222562 6633 222562 6633
1657166400 222562 6633 222562 6633
1657159200 222562 6633 222562 6633
1657152000 222562 6633 222562 6633
1657144800 222562 6633 222562 6633
1657137600 222562 6633 222562 6633
1657130400 222562 6633 222562 6633
1657123200 222562 6633 222562 6633
1657116000 222562 6633 222562 6633
1657108800 222562 6633 222562 6633
1657101600 222562 6633 222562 6633
1657094400 222562 6633 222562 6633
1657087200 222562 6633 222562 6633
1657080000 222562 6633 222562 6633
1657072800 222562 6633 222562 6633
1657065600 222562 6633 222562 6633
1657058400 222562 6633 222562 6633
1657051200 222562 6633 222562 6633
1657044000 222562 6633 222562 6633
1657036800 222562 6633 222562 6633
1657029600 222562 6633 222562 6633
1657022400 222562 6633 222562 6633
1657015200 222562 6633 222562 6633
1657008000 222562 6633 222562 6633
1657000800 222562 6633 222562 6633
1656993600 222562 6633 222562 6633
1656986400 222562 6633 222562 6633
1656979200 222562 6633 222562 6633
1656972000 222562 6633 222562 6633
1656964800 222562 6633 222562 6633
1656957600 222562 6633 222562 6633
1656950400 222562 6633 222562 6633
1656943200 222562 6633 222562 6633
1656936000 222562 6633 222562 6633
1656928800 222562 6633 222562 6633
1656921600 222562 6633 222562 6633
1656914400 222562 6633 222562 6633
1656907200 222562 6633 222562 6633
1656900000 222562 6633 222562 6633
1656892800 222562 6633 222562 6633
1656885600 222562 6633 222562 6633
1656878400 222562 6633 222562 6633
1656871200 222562 6633 222562 6633
1656864000 222562 6633 222562 6633
1656856800 222562 6633 222562 6633
1656849600 222562 6633 222562 6633
1656842400 222562 6633 222562 6633
1656835200 222562 6633 222562 6633
1656828000 222562 6633 222562 6633
1656820800 222562 6633 222562 6633
1656813600 222562 6633 222562 6633
1656806400 222562 6633 222562 6633
1656799200 222562 6633 222562 6633
1656792000 222562 6633 222562 6633
1656784800 222562 6633 222562 6633
1656777600 222562 6633 222562 6633
1656770400 222562 6633 222562 6633
1656763200 222562 6633 222562 6633
1656756000 222562 6633 222562 6633
1656748800 222562 6633 222562 6633
1656741600 222562 6633 222562 6633
1656734400 222562 6633 222562 6633
1656727200 222562 6633 222562 6633
1656720000 222562 6633 222562 6633
1656712800 222562 6633 222562 6633
1656705600 222562 6633 222562 6633
1656698400 222562 6633 222562 6633
1656691200 222562 6633 222562 6633
1656684000 222562 6633 222562 6633
1656676800 222562 6633 222562 6633
1656669600 222562 6633 222562 6633
1656662400 222562 6633 222562 6633
1656655200 222562 6633 222562 6633
1656648000 222562 6633 222562 6633
1656640800 222562 6633 222562 6633
1656633600 222562 6633 222562 6633
1656626400 222562 6633 222562 6633
1656619200 222562 6633 222562 6633
1656612000 222562 6633 222562 6633
1656604800 222562 6633 222562 6633
1656597600 222562 6633 222562 6633
1656590400 222562 6633 222562 6633
1656583200 222562 6633 222562 6633
1656576000 222562 6633 222562 6633
1656568800 222562 6633 222562 6633
1656561600 222562 6633 222562 6633
1656554400 222562 6633 222562 6633
1656547200 222562 6633 222562 6633
1656540000 222562 6633 222562 6633
1656532800 222562 6633 222562 6633
1656525600 222562 6633 222562 6633
1656518400 222562 6633 222562 6633
1656511200 222562 6633 222562 6633
1656504000 222562 6633 222562 6633
1656496800 222562 6633 222562 6633
1656489600 222562 6633 222562 6633
1656482400 222562 6633 222562 6633
1656475200 222562 6633 222562 6633
1656468000 222562 6633 222562 6633
1656460800 222562 6633 222562 6633
1656453600 222562 6633 222562 6633
1656446400 222562 6633 222562 6633
1656439200 222562 6633 222562 6633
1656432000 222562 6633 222562 6633
1656424800 222562 6633 222562 6633
1656417600 222562 6633 222562 6633
1656410400 222562 6633 222562 6633
1656403200 222562 6633 222562 6633
1656396000 222562 6633 222562 6633
1656388800 222562 6633 222562 6633
1656381600 222562 6633 222562 6633
1656374400 222562 6633 222562 6633
1656367200 222562 6633 222562 6633
1656360000 222562 6633 222562 6633
1656352800 222562 6633 222562 6633
1656345600 222562 6633 222562 6633
1656338400 222562 6633 222562 6633
1656331200 222562 6633 222562 6633
1656324000 222562 6633 222562 6633
1656316800 222562 6633 222562 6633
1656309600 222562 6633 222562 6633
1656302400 222562 6633 222562 6633
1656295200 222562 6633 222562 6633
1656288000 222562 6633 222562 6633
1656280800 222562 6633 222562 6633
1656273600 222562 6633 222562 6633
1656266400 222562 6633 222562 6633
1656259200 222562 6633 222562 6633
1656252000 222562 6633 222562 6633
1656244800 222562 6633 222562 6633
1656237600 222562 6633 222562 6633
1656230400 222562 6633 222562 6633
1656223200 222562 6633 222562 6633
1656216000 222562 6633 222562 6633
1656208800 222562 6633 222562 6633
1656201600 222562 6633 222562 6633
1656194400 222562 6633 222562 6633
1656187200 222562 6633 222562 6633
1656180000 222562 6633 222562 6633
1656172800 222562 6633 222562 6633
1656165600 222562 6633 222562 6633
1656158400 222562 6633 222562 6633
1656151200 222562 6633 222562 6633
1656144000 222562 6633 222562 6633
1656136800 222562 6633 222562 6633
1656129600 222562 6633 222562 6633
1656122400 222562 6633 222562 6633
1656115200 222562 6633 222562 6633
1656108000 222562 6633 222562 6633
1656100800 222562 6633 222562 6633
1656093600 222562 6633 222562 6633
1656086400 222562 6633 222562 6633
1656079200 222562 6633 222562 6633
1656072000 222562 6633 222562 6633
1656064800 222562 6633 222562 6633
1656057600 222562 6633 222562 6633
1656050400 222562 6633 222562 6633
1656043200 222562 6633 222562 6633
1656036000 222562 6633 222562 6633
1656028800 222562 6633 222562 6633
1656021600 222562 6633 222562 6633
1656014400 222562 6633 222562 6633
1656007200 222562 6633 222562 6633
1656000000 222562 6633 222562 6633
1655992800 222562 6633 222562 6633
1655985600 222562 6633 222562 6633
1655978400 222562 6633 222562 6633
1655971200 222562 6633 222562 6633
1655964000 222562 6633 222562 6633
1655956800 222562 6633 222562 6633
1655949600 222562 6633 222562 6633
1655942400 222562 6633 222562 6633
1655935200 222562 6633 222562 6633
1655928000 222562 6633 222562 6633
1655920800 222562 6633 222562 6633
1655913600 222562 6633 222562 6633
1655906400 222562 6633 222562 6633
1655899200 222562 6633 222562 6633
1655892000 222562 6633 222562 6633
1655884800 222562 6633 222562 6633
1655877600 222562 6633 222562 6633
1655870400 222562 6633 222562 6633
1655863200 222562 6633 222562 6633
1655856000 222562 6633 222562 6633
1655848800 222562 6633 222562 6633
1655841600 222562 6633 222562 6633
1655834400 222562 6633 222562 6633
1655827200 222562 6633 222562 6633
1655820000 222562 6633 222562 6633
1655812800 222562 6633 222562 6633
1655805600 222562 6633 222562 6633
1655798400 222562 6633 222562 6633
1655791200 222562 6633 222562 6633
1655784000 222562 6633 222562 6633
1655776800 222562 6633 222562 6633
1655769600 222562 6633 222562 6633
1655762400 222562 6633 222562 6633
1655755200 222562 6633 222562 6633
1655748000 222562 6633 222562 6633
1655740800 222562 6633 222562 6633
1655733600 222562 6633 222562 6633
1655726400 222562 6633 222562 6633
1655719200 222562 6633 222562 6633
1655712000 222562 6633 222562 6633
1655704800 222562 6633 222562 6633
1655697600 222562 6633 222562 6633
1655690400 222562 6633 222562 6633
1655683200 222562 6633 222562 6633
1655676000 222562 6633 222562 6633
1655668800 222562 6633 222562 6633
1655661600 222562 6633 222562 6633
1655654400 222562 6633 222562 6633
1655647200 222562 6633 222562 6633
1655640000 222562 6633 222562 6633
1655632800 222562 6633 222562 6633
1655625600 222562 6633 222562 6633
1655618400 222562 6633 222562 6633
1655611200 222562 6633 222562 6633
1655604000 222562 6633 222562 6633
1655596800 222562 6633 222562 6633
1655589600 222562 6633 222562 6633
1655582400 222562 6633 222562 6633
1655575200 222562 6633 222562 6633
1655568000 222562 6633 222562 6633
1655560800 222562 6633 222562 6633
1655553600 222562 6633 222562 6633
1655546400 222562 6633 222562 6633
1655539200 222562 6633 222562 6633
1655532000 222562 6633 222562 6633
1655524800 222562 6633 222562 6633
1655517600 222562 6633 222562 6633
1655510400 222562 6633 222562 6633
1655503200 222562 6633 222562 6633
1655496000 222562 6633 222562 6633
1655488800 222562 6633 222562 6633
1655481600 222562 6633 222562 6633
1655474400 222562 6633 222562 6633
1655467200 222562 6633 222562 6633
1655460000 222562 6633 222562 6633
1655452800 222562 6633 222562 6633
1655445600 222562 6633 222562 6633
1655438400 222562 6633 222562 6633
1655431200 222562 6633 222562 6633
1655424000 222562 6633 222562 6633
1655416800 222562 6633 222562 6633
1655409600 222562 6633 222562 6633
1655402400 222562 6633 222562 6633
1655395200 222562 6633 222562 6633
1655388000 222562 6633 222562 6633
1655380800 222562 6633 222562 6633
1655373600 222562 6633 222562 6633
1655366400 222562 6633 222562 6633
1655359200 222562 6633 222562 6633
1655352000 222562 6633 222562 6633
1655344800 222562 6633 222562 6633
1655337600 222562 6633 222562 6633
1655330400 222562 6633 222562 6633
1655323200 222562 6633 222562 6633
1655316000 222562 6633 222562 6633
1655308800 222562 6633 222562 6633
1655301600 222562 6633 222562 6633
1655294400 222562 6633 222562 6633
1655287200 222562 6633 222562 6633
1655280000 222562 6633 222562 6633
1655272800 222562 6633 222562 6633
1655265600 222562 6633 222562 6633
1655258400 222562 6633 222562 6633
1655251200 222562 6633 222562 6633
1655244000 222562 6633 222562 6633
1655236800 222562 6633 222562 6633
1655229600 222562 6633 222562 6633
1655222400 222562 6633 222562 6633
1655215200 222562 6633 222562 6633
1655208000 222562 6633 222562 6633
1655200800 222562 6633 222562 6633
1655193600 222562 6633 222562 6633
1655186400 222562 6633 222562 6633
1655179200 222562 6633 222562 6633
1655172000 222562 6633 222562 6633
1655164800 222562 6633 222562 6633
1655157600 222562 6633 222562 6633
1655150400 222562 6633 222562 6633
1655143200 222562 6633 222562 6633
1655136000 222562 6633 222562 6633
1655128800 222562 6633 222562 6633
1655121600 222562 6633 222562 6633
1655114400 222562 6633 222562 6633
1655107200 222562 6633 222562 6633
1655100000 222562 6633 222562 6633
1655092800 222562 6633 222562 6633
1655085600 222562 6633 222562 6633
1655078400 222562 6633 222562 6633
1655071200 222562 6633 222562 6633
1655064000 222562 6633 222562 6633
1655056800 222562 6633 222562 6633
1655049600 222562 6633 222562 6633
1655042400 222562 6633 222562 6633
1655035200 222562 6633 222562 6633
1655028000 222562 6633 222562 6633
1655020800 222562 6633 222562 6633
1655013600 222562 6633 222562 6633
1655006400 222562 6633 222562 6633
1654999200 222562 6633 222562 6633
1654992000 222562 6633 222562 6633
1654984800 222562 6633 222562 6633
1654977600 222562 6633 222562 6633
1654970400 222562 6633 222562 6633
1654963200 222562 6633 222562 6633
1654956000 222562 6633 222562 6633
1654948800 222562 6633 222562 6633
1654941600 222562 6633 222562 6633
1654934400 222562 6633 222562 6633
1654927200 222562 6633 222562 6633
1654920000 222562 6633 222562 6633
1654912800 222562 6633 222562 6633
1654905600 222562 6633 222562 6633
1654898400 222562 6633 222562 6633
1654891200 222562 6633 222562 6633
1654884000 222562 6633 222562 6633
1654876800 222562 6633 222562 6633
1654869600 222562 6633 222562 6633
1654862400 222562 6633 222562 6633
1654855200 222562 6633 222562 6633
1654848000 222562 6633 222562 6633
1654840800 222562 6633 222562 6633
1654833600 222562 6633 222562 6633
1654826400 222562 6633 222562 6633
1654819200 222562 6633 222562 6633
1654812000 222562 6633 222562 6633
1654804800 222562 6633 222562 6633
1654797600 222562 6633 222562 6633
1654790400 222562 6633 222562 6633
1654783200 222562 6633 222562 6633
1654776000 222562 6633 222562 6633
1654768800 222562 6633 222562 6633
1654761600 222562 6633 222562 6633
1654754400 222562 6633 222562 6633
1654747200 222562 6633 222562 6633
1654740000 222562 6633 222562 6633
1654732800 222562 6633 222562 6633
1654725600 222562 6633 222562 6633
1654718400 222562 6633 222562 6633
1654711200 222562 6633 222562 6633
1654704000 222562 6633 222562 6633
1654696800 222562 6633 222562 6633
1654689600 222562 6633 222562 6633
1654682400 222562 6633 222562 6633
1654675200 222562 6633 222562 6633
1654668000 222562 6633 222562 6633
1654660800 222562 6633 222562 6633
1654653600 222562 6633 222562 6633
1654646400 222562 6633 222562 6633
1654639200 222562 6633 222562 6633
1654632000 222562 6633 222562 6633
1654624800 222562 6633 222562 6633
1654617600 222562 6633 222562 6633
1654610400 222562 6633 222562 6633
1654603200 222562 6633 222562 6633
1654596000 222562 6633 222562 6633
1654588800 222562 6633 222562 6633
1654581600 222562 6633 222562 6633
1654574400 222562 6633 222562 6633
1654567200 222562 6633 222562 6633
1654560000 222562 6633 222562 6633
1654552800 222562 6633 222562 6633
1654545600 222562 6633 222562 6633
1654538400 222562 6633 222562 6633
1654531200 222562 6633 222562 6633
1654524000 222562 6633 222562 6633
1654516800 222562 6633 222562 6633
1654509600 222562 6633 222562 6633
1654502400 222562 6633 222562 6633
1654495200 222562 6633 222562 6633
1654488000 222562 6633 222562 6633
1654480800 222562 6633 222562 6633
1654473600 222562 6633 222562 6633
1654466400 222562 6633 222562 6633
1654459200 222562 6633 222562 6633
1654452000 222562 6633 222562 6633
1654444800 222562 6633 222562 6633
1654437600 222562 6633 222562 6633
1654430400 222562 6633 222562 6633
1654423200 222562 6633 222562 6633
1654416000 222562 6633 222562 6633
1654408800 222562 6633 222562 6633
1654401600 222562 6633 222562 6633
1654394400 222562 6633 222562 6633
1654387200 222562 6633 222562 6633
1654380000 222562 6633 222562 6633
1654372800 222562 6633 222562 6633
1654365600 222562 6633 222562 6633
1654358400 222562 6633 222562 6633
1654351200 222562 6633 222562 6633
1654344000 222562 6633 222562 6633
1654336800 222562 6633 222562 6633
1654329600 222562 6633 222562 6633
1654322400 222562 6633 222562 6633
1654315200 222562 6633 222562 6633
1654308000 222562 6633 222562 6633
1654300800 222562 6633 222562 6633
1654293600 222562 6633 222562 6633
1654286400 222562 6633 222562 6633
1654279200 222562 6633 222562 6633
1654272000 222562 6633 222562 6633
1654264800 222562 6633 222562 6633
1654257600 222562 6633 222562 6633
1654250400 222562 6633 222562 6633
1654243200 222562 6633 222562 6633
1654236000 222562 6633 222562 6633
1654228800 222562 6633 222562 6633
1654221600 222562 6633 222562 6633
1654214400 222562 6633 222562 6633
1654207200 222562 6633 222562 6633
1654200000 222562 6633 222562 6633
1654192800 222562 6633 222562 6633
1654185600 222562 6633 222562 6633
1654178400 222562 6633 222562 6633
1654171200 222562 6633 222562 6633
1654164000 222562 6633 222562 6633
1654156800 222562 6633 222562 6633
1654149600 222562 6633 222562 6633
1654142400 222562 6633 222562 6633
1654135200 222562 6633 222562 6633
1654128000 222562 6633 222562 6633
1654120800 222562 6633 222562 6633
1654113600 222562 6633 222562 6633
1654106400 222562 6633 222562 6633
1654099200 222562 6633 222562 6633
1654092000 222562 6633 222562 6633
1654084800 222562 6633 222562 6633
1654077600 222562 6633 222562 6633
1654070400 222562 6633 222562 6633
1654063200 222562 6633 222562 6633
1654056000 222562 6633 222562 6633
1654048800 222562 6633 222562 6633
1654041600 222562 6633 222562 6633
1654034400 222562 6633 222562 6633
1654027200 222562 6633 222562 6633
1654020000 222562 6633 222562 6633
1654012800 222562 6633 222562 6633
1654005600 222562 6633 222562 6633
1653998400 222562 6633 222562 6633
1653991200 222562 6633 222562 6633
1653984000 222562 6633 222562 6633
1653976800 222562 6633 222562 6633
1653969600 222562 6633 222562 6633
1653962400 222562 6633 222562 6633
1653955200 222562 6633 222562 6633
1653948000 222562 6633 222562 6633
1653940800 222562 6633 222562 6633
1653933600 222562 6633 222562 6633
1653926400 222562 6633 222562 6633
1653919200 222562 6633 222562 6633
1653912000 222562 6633 222562 6633
1653904800 222562 6633 222562 6633
1653897600 222562 6633 222562 6633
1653890400 222562 6633 222562 6633
1653883200 222562 6633 222562 6633
1653876000 222562 6633 222562 6633
1653868800 222562 6633 222562 6633
1653861600 222562 6633 222562 6633
1653854400 222562 6633 222562 6633
1653847200 222562 6633 222562 6633
1653840000 222562 6633 222562 6633
1653832800 222562 6633 222562 6633
1653825600 222562 6633 222562 6633
1653818400 222562 6633 222562 6633
1653811200 222562 6633 222562 6633
1653804000 222562 6633 222562 6633
1653796800 222562 6633 222562 6633
1653789600 222562 6633 222562 6633
1653782400 222562 6633 222562 6633
1653775200 222562 6633 222562 6633
1653768000 222562 6633 222562 6633
1653760800 222562 6633 222562 6633
1653753600 222562 6633 222562 6633
1653746400 222562 6633 222562 6633
1653739200 222562 6633 222562 6633
1653732000 222562 6633 222562 6633
1653724800 222562 6633 222562 6633
1653717600 222562 6633 222562 6633
1653710400 222562 6633 222562 6633
1653703200 222562 6633 222562 6633
1653696000 222562 6633 222562 6633
1653688800 222562 6633 222562 6633
1653681600 222562 6633 222562 6633
1653674400 222562 6633 222562 6633
1653667200 222562 6633 222562 6633
1653660000 222562 6633 222562 6633
1653652800 222562 6633 222562 6633
1653645600 222562 6633 222562 6633
1653638400 222562 6633 222562 6633
1653631200 222562 6633 222562 6633
1653624000 222562 6633 222562 6633
1653616800 222562 6633 222562 6633
1653609600 222562 6633 222562 6633
1653602400 222562 6633 222562 6633
1653595200 222562 6633 222562 6633
1653588000 222562 6633 222562 6633
1653580800 222562 6633 222562 6633
1653573600 222562 6633 222562 6633
1653566400 222562 6633 222562 6633
1653559200 222562 6633 222562 6633
1653552000 222562 6633 222562 6633
1653544800 222562 6633 222562 6633
1653537600 222562 6633 222562 6633
1653530400 222562 6633 222562 6633
1653523200 222562 6633 222562 6633
1653516000 222562 6633 222562 6633
1653508800 222562 6633 222562 6633
1653501600 222562 6633 222562 6633
1653494400 222562 6633 222562 6633
1653487200 222562 6633 222562 6633
1653480000 222562 6633 222562 6633
1653472800 222562 6633 222562 6633
1653465600 222562 6633 222562 6633
1653458400 222562 6633 222562 6633
1653451200 222562 6633 222562 6633
1653444000 222562 6633 222562 6633
1653436800 222562 6633 222562 6633
1653429600 222562 6633 222562 6633
1653422400 222562 6633 222562 6633
1653415200 222562 6633 222562 6633
1653408000 222562 6633 222562 6633
1653400800 222562 6633 222562 6633
1653393600 222562 6633 222562 6633
1653386400 222562 6633 222562 6633
1653379200 222562 6633 222562 6633
1653372000 222562 6633 222562 6633
1653364800 222562 6633 222562 6633
1653357600 222562 6633 222562 6633
1653350400 222562 6633 222562 6633
1653343200 222562 6633 222562 6633
1653336000 222562 6633 222562 6633
1653328800 222562 6633 222562 6633
1653321600 222562 6633 222562 6633
1653314400 222562 6633 222562 6633
1653307200 222562 6633 222562 6633
1653300000 222562 6633 222562 6633
1653292800 222562 6633 222562 6633
1653285600 222562 6633 222562 6633
1653278400 222562 6633 222562 6633
1653271200 222562 6633 222562 6633
1653264000 222562 6633 222562 6633
1653256800 222562 6633 222562 6633
1653249600 222562 6633 222562 6633
1653242400 222562 6633 222562 6633
1653235200 222562 6633 222562 6633
1653228000 222562 6633 222562 6633
1653220800 222562 6633 222562 6633
1653213600 222562 6633 222562 6633
1653206400 222562 6633 222562 6633
1653199200 222562 6633 222562 6633
1653192000 222562 6633 222562 6633
1653184800 222562 6633 222562 6633
1653177600 222562 6633 222562 6633
1653170400 222562 6633 222562 6633
1653163200 222562 6633 222562 6633
1653156000 222562 6633 222562 6633
1653148800 222562 6633 222562 6633
1653141600 222562 6633 222562 6633
1653134400 222562 6633 222562 6633
1653127200 222562 6633 222562 6633
1653120000 222562 6633 222562 6633
1653112800 222562 6633 222562 6633
1653105600 222562 6633 222562 6633
1653098400 222562 6633 222562 6633
1653091200 222562 6633 222562 6633
1653084000 222562 6633 222562 6633
1653076800 222562 6633 222562 6633
1653069600 222562 6633 222562 6633
1653062400 222562 6633 222562 6633
1653055200 222562 6633 222562 6633
1653048000 222562 6633 222562 6633
1653040800 222562 6633 222562 6633
1653033600 222562 6633 222562 6633
1653026400 222562 6633 222562 6633
1653019200 222562 6633 222562 6633
1653012000 222562 6633 222562 6633
1653004800 222562 6633 222562 6633
1652997600 222562 6633 222562 6633
1652990400 222562 6633 222562 6633
1652983200 222562 6633 222562 6633
1652976000 222562 6633 222562 6633
1652968800 222562 6633 222562 6633
1652961600 222562 6633 222562 6633
1652954400 222562 6633 222562 6633
1652947200 222562 6633 222562 6633
1652940000 222562 6633 222562 6633
1652932800 222562 6633 222562 6633
1652925600 222562 6633 222562 6633
1652918400 222562 6633 222562 6633
1652911200 222562 6633 222562 6633
1652904000 222562 6633 222562 6633
1652896800 222562 6633 222562 6633
1652889600 222562 6633 222562 6633
1652882400 222562 6633 222562 6633
1652875200 222562 6633 222562 6633
1652868000 222562 6633 222562 6633
1652860800 222562 6633 222562 6633
1652853600 222562 6633 222562 6633
1652846400 222562 6633 222562 6633
1652832000 222562 6633 222562 6633
1652745600 222562 6633 222562 6633
1652659200 222562 6633 222562 6633
1652572800 222562 6633 222562 6633
1652486400 222562 6633 222562 6633
1652400000 222562 6633 222562 6633
1652313600 222562 6633 222562 6633
1652227200 222562 6633 222562 6633
1652140800 222562 6633 222562 6633
1652054400 222562 6633 222562 6633
1651968000 222562 6633 222562 6633
1651881600 222562 6633 222562 6633
1651795200 222562 6633 222562 6633
1651708800 222562 6633 222562 6633
1651622400 222562 6633 222562 6633
1651536000 222562 6633 222562 6633
1651449600 222562 6633 222562 6633
1651363200 222562 6633 222562 6633
1651276800 222562 6633 222562 6633
1651190400 222562 6633 222562 6633
1651104000 222562 6633 222562 6633
1651017600 222562 6633 222562 6633
1650931200 222562 6633 222562 6633
1650844800 222562 6633 222562 6633
1650758400 222562 6633 222562 6633
1650672000 222562 6633 222562 6633
1650585600 222562 6633 222562 6633
1650499200 222562 6633 222562 6633
1650412800 222562 6633 222562 6633
1650326400 222562 6633 222562 6633
1650240000 222562 6633 222562 6633
1650153600 222562 6633 222562 6633
1650067200 222562 6633 222562 6633
1649980800 222562 6633 222562 6633
1649894400 222562 6633 222562 6633
1649808000 222562 6633 222562 6633
1649721600 222562 6633 222562 6633
1649635200 222562 6633 222562 6633
1649548800 222562 6633 222562 6633
1649462400 222562 6633 222562 6633
1649376000 222562 6633 222562 6633
1649289600 222562 6633 222562 6633
1649203200 222562 6633 222562 6633
1649116800 222562 6633 222562 6633
1649030400 222562 6633 222562 6633
1648944000 222562 6633 222562 6633
1648857600 222562 6633 222562 6633
1648771200 222562 6633 222562 6633
1648684800 222562 6633 222562 6633
1648598400 222562 6633 222562 6633
1648512000 222562 6633 222562 6633
1648425600 222562 6633 222562 6633
1648339200 222562 6633 222562 6633
1648252800 222562 6633 222562 6633
1648166400 222562 6633 222562 6633
1648080000 222562 6633 222562 6633
1647993600 222562 6633 222562 6633
1647907200 222562 6633 222562 6633
1647820800 222562 6633 222562 6633
1647734400 222562 6633 222562 6633
1647648000 222562 6633 222562 6633
1647561600 222562 6633 222562 6633
1647475200 222562 6633 222562 6633
1647388800 222562 6633 222562 6633
1647302400 222562 6633 222562 6633
1647216000 222562 6633 222562 6633
1647129600 222562 6633 222562 6633
1647043200 222562 6633 222562 6633
1646956800 222562 6633 222562 6633
1646870400 222562 6633 222562 6633
1646784000 222562 6633 222562 6633
1646697600 222562 6633 222562 6633
1646611200 222562 6633 222562 6633
1646524800 222562 6633 222562 6633
1646438400 222562 6633 222562 6633
1646352000 222562 6633 222562 6633
1646265600 222562 6633 222562 6633
1646179200 222562 6633 222562 6633
1646092800 222562 6633 222562 6633
1646006400 222562 6633 222562 6633
1645920000 222562 6633 222562 6633
1645833600 222562 6633 222562 6633
1645747200 222562 6633 222562 6633
1645660800 59501 2980 234927 39350
1645574400 323 355 8444 2155
1645488000 135 306 135 306
1645401600 135 306 135 306
1645315200 135 306 135 306
1645228800 135 306 135 306
1645142400 809077 93933 6011650 1749581
1645056000 1400997 113367 9388227 1173940
1644969600 349787 66028 3156906 2252194
1644883200 0 0 0 0
1644796800 0 0 0 0
1644710400 0 0 0 0
1644624000 0 0 0 0
1644537600 0 0 0 0
1644451200 8 41 156 561
1644364800 21 85 23 89
1644278400 21 85 23 89
1644192000 21 85 23 89
1644105600 21 85 23 89
1644019200 18 37 23 89
1643932800 18 9 19 11
1643846400 18 9 19 11
1643760000 18 9 19 11
1643673600 17 9 20 11
1643587200 17 9 20 11
1643500800 17 9 20 11
1643414400 17 9 20 11
1643328000 11 9 20 11
1643241600 10 9 12 11
1643155200 10 9 12 11
1643068800 10 9 12 11
1642982400 10 9 12 11
1642896000 11 9 11 11
1642809600 10 9 12 11
1642723200 10 9 11 11
1642636800 11 9 11 13
1642550400 10 9 11 13
1642464000 10 9 11 11
1642377600 11 9 11 11
1642291200 10 9 11 12
1642204800 10 9 12 11
1642118400 10 9 11 11
1642032000 10 9 11 11
1641945600 10 9 11 11
1641859200 11 9 11 11
1641772800 11 9 11 11
1641686400 11 9 11 11
1641600000 11 9 11 11
1641513600 11 9 11 11
1641427200 10 9 11 11
1641340800 10 10 10 10
1641254400 10 10 10 10
1641168000 10 10 10 10
1641081600 10 10 10 10
1640995200 10 10 10 10
1640908800 10 10 10 10
1640822400 10 10 10 10
1640736000 10 10 10 10
1640649600 10 10 10 10
1640563200 10 10 10 10
1640476800 10 10 10 10
1640390400 10 10 10 10
1640304000 10 10 10 10
1640217600 10 10 10 10
1640131200 10 10 10 10
1640044800 10 10 10 10
1639958400 10 10 10 10
1639872000 10 10 10 10
1639785600 10 10 10 10
1639699200 10 10 10 10
1639612800 10 10 10 10
1639526400 10 10 10 10
1639440000 10 10 10 10
1639353600 10 10 10 10
1639267200 10 10 10 10
1639180800 10 10 10 10
1639094400 10 10 10 10
1639008000 10 10 10 10
1638921600 10 10 10 10
1638835200 10 10 10 10
1638748800 10 10 10 10
1638662400 10 10 10 10
1638576000 10 10 10 10
1638489600 10 10 10 10
1638403200 10 10 10 10
1638316800 10 9 12 11
1638230400 10 9 12 11
1638144000 10 9 12 11
1638057600 10 9 12 11
1637971200 11 10 11 10
1637884800 10 9 12 11
1637798400 11 10 11 10
1637712000 11 10 11 10
1637625600 11 9 11 11
1637539200 11 10 11 10
1637452800 11 10 11 10
1637366400 10 10 11 10
1637280000 10 9 11 11
1637193600 11 10 11 10
1637107200 11 10 11 10
1637020800 11 10 11 10
1636934400 11 10 11 10
1636848000 11 9 11 11
1636761600 10 10 11 10
1636675200 10 9 11 10
1636588800 8 7 36 11
1636502400 198415 47125 14558161 3386204
1636416000 3934723 990167 14036446 12326115
1636329600 3355330 267366 12149369 8807345
1636243200 5067562 1364356 14156248 5132055
1636156800 6012110 1567995 14194940 12575950
1636070400 4692248 1728758 14269104 13780784
1635984000 1015320 129081 9354333 2942017
1635897600 109410 13510 1184647 2692721
1635811200 867473 88265 5856552 2692721
1635724800 30568 10532 1182454 45788
1635638400 85328 24788 2194301 1440329
1635552000 816440 127387 5173069 3128490
1635465600 821913 141714 8938208 3005180
1635379200 857285 256598 4685325 3952967
1635292800 1106707 165165 12724309 3086873
1635206400 1208247 157607 9079803 3436474
1635120000 24960 9804 245262 33915
1635033600 110096 45186 1185082 1157275
1634947200 867436 334925 8345768 3417642
1634860800 911717 249227 10578980 5685981
1634774400 740686 168643 4979876 3393053
1634688000 848542 118142 7139674 2077216
1634601600 984408 157996 12015869 5447351
1634515200 17353 9246 362536 24836
1634428800 68652 17149 2470477 951938
1634342400 1080246 123855 8260984 2553786
1634256000 1468774 168197 9773539 1249262
1634169600 1448981 159923 13650211 2314868
1634083200 1329267 145270 8277632 1135100
1633996800 1427333 138857 11544092 2189550
1633910400 70254 177715 1173342 4357291
1633824000 58457 140515 650947 5662452
1633737600 1044925 178744 7719766 1677854
1633651200 1050788 198592 6054479 2442293
1633564800 1145270 202458 13287732 2284987
1633478400 1153585 473324 6302424 5753398
1633392000 1242928 241448 7866476 9467969
1633305600 25802 60032 476097 2102456
1633219200 90150 17350 1147421 84085
1633132800 1030829 116035 11789904 1840398
1633046400 962888 215071 7397827 2202608
1632960000 1126991 210842 5055286 2522936
1632873600 1452416 138527 11293916 1342969
1632787200 1001132 128901 5390364 2282977
1632700800 29963 10366 390805 25939
1632614400 65893 29715 1921775 2617546
1632528000 881910 181690 6070182 2483819
1632441600 1259490 239515 13091652 4937355
1632355200 1091655 110194 6416436 2815111
1632268800 1830501 306525 13498186 2741323
1632182400 1670576 192755 11405199 4115207
1632096000 17741 10503 611078 643520
1632009600 84902 11298 2262762 86863
1631923200 1114481 114334 10439218 1957613
1631836800 48687 93175 1650640 3034242
1631750400 985600 109865 8145701 2743618
1631664000 1410482 117808 8547556 894762
1631577600 1550896 142320 13705985 928931
1631491200 26349 22371 232927 43461
1631404800 73261 26276 1990819 371251
1631318400 833427 161452 6046717 4225816
1631232000 926073 89966 6873592 2791289
1631145600 1013814 93647 10966636 927713
1631059200 1121537 137688 13787847 1848821
1630972800 975489 101963 13142457 1038925
1630886400 147621 18663 1036286 65899
1630800000 327750 39152 1568404 898233
1630713600 881648 92587 8025507 1650294
1630627200 1333954 160890 10644120 1491213
1630540800 959089 265960 11508161 8563431
1630454400 870455 212354 14232288 3599973
1630368000 1034546 872290 13340295 6329010
1630281600 82498 14513 1153358 48118
1630195200 117400 27587 3621453 1797980
1630108800 2147560 390801 13609541 5530389
1630022400 1700103 139842 14258160 1019611
1629936000 1259092 116399 12646621 1339612
1629849600 917776 203288 9527064 2088744
1629763200 724630 87378 13753653 1414704
1629676800 28607 8041 1053216 53082
1629590400 47892 13515 630301 1030016
1629504000 584817 163464 2421583 1888736
1629417600 689107 120319 7357185 3960590
1629331200 735680 152076 8512473 3389038
1629244800 1178157 123607 10601747 1693869
1629158400 784533 99347 9858291 2237407
1629072000 20960 6649 165146 14323
1628985600 59451 14718 505429 683585
1628899200 814808 98334 8540837 796688
1628812800 341399 47608 2337231 1161336
1628726400 338083 111330 8699073 2178365
1628640000 382909 57028 2871708 1326976
1628553600 341740 145292 2559891 1819415
1628467200 9073 4432 156889 11993
1628380800 33177 7031 1458734 301610
1628294400 349739 38794 3781333 612258
1628208000 329689 50042 4327246 3222104
1628121600 417135 104571 9419388 7702006
1628035200 362605 35659 2352999 607755
1627948800 362684 50929 2835960 1286743
1627862400 6819 4027 1476200 35912
1627776000 69171 7279 1476200 223034
1627689600 252659 27888 2844206 223034
1627603200 430768 32671 9284961 186494
1627516800 457376 66235 5669442 3490621
1627430400 317731 38578 1848320 605909
1627344000 333184 80623 8933113 13333885
1627257600 10833 4947 156771 11271
1627171200 24620 5703 468646 55012
1627084800 402708 28684 3249130 197527
1626998400 252749 39874 3967432 3211593
1626912000 409007 39740 4316813 1425260
1626825600 352549 82822 5382305 5912835
1626739200 370044 29987 4861148 352820
1626652800 10708 4117 306619 10645
1626566400 62808 5545 1859599 54893
1626480000 406569 72269 7180084 6534302
1626393600 387946 64490 7409559 8156950
1626307200 368320 106778 4239482 5973092
1626220800 107510 49427 10677415 5373476
1626134400 17 46 20 49
1626048000 17 46 20 49
1625961600 17 440 19 55744
1625875200 18 46 19 50
1625788800 13 25 20 58
1625702400 211763 24770 6199599 3380674
1625616000 200898 75177 5843203 6373346
1625529600 298767 54003 4363278 3445138
1625443200 2799 1277 50556 4089
1625356800 3951 1349 264636 11664
1625270400 187097 36402 8507243 3453902
1625184000 169040 52295 12041452 10189912
1625097600 152151 104052 3677339 3220905
1625011200 645750 317145 12957541 6012769
1624924800 152683 18615 4191764 2499403
1624838400 2172 868 51406 3453
1624752000 1971 931 19573 18754
1624665600 44812 22900 4175207 3143565
1624579200 21016 1658 755224 16406
1624492800 20010 14631 3309777 3116234
1624406400 25295 13880 3451074 3185664
1624320000 91654 3441 6300363 65446
1624233600 3512 1741 48357 6399
1624147200 3999 1799 55050 5881
1624060800 50641 46712 2683827 3326670
1623974400 32843 24731 3467731 3278837
1623888000 10702 1419 253465 24868
1623801600 348 79 15517 2323
1623715200 40 11 40 11
1623628800 40 11 40 11
1623542400 40 11 40 11
1623456000 40 11 40 11
1623369600 40 11 40 11
1623283200 40 11 40 11
1623196800 40 11 40 11
1623110400 40 11 40 11
1623024000 40 11 40 11
1622937600 40 11 40 11
1622851200 40 11 40 11
1622764800 40 11 40 11
1622678400 40 11 40 11
1622592000 40 11 40 11
1622505600 40 11 40 11
1622419200 40 11 40 11
1622332800 40 11 40 11
1622246400 40 11 40 11
1622160000 40 11 40 11
1622073600 40 11 40 11
1621987200 40 11 40 11
1621900800 40 11 40 11
1621814400 40 11 40 11
1621728000 40 11 40 11
1621641600 40 11 40 11
1621555200 40 11 40 11
1621468800 40 11 40 11
1621382400 40 11 40 11
1621296000 40 11 40 11
1621209600 40 11 40 11
1621123200 40 11 40 11
1621036800 40 11 40 11
1620950400 40 11 40 11
1620864000 40 11 40 11
1620777600 40 11 40 11
1620691200 40 11 40 11
1620604800 40 11 40 11
1620518400 40 11 40 11
1620432000 40 11 40 11
1620345600 40 11 40 11
1620259200 40 11 40 11
1620172800 40 11 40 11
1620086400 40 11 40 11
1620000000 40 11 40 11
1619913600 40 11 40 11
1619827200 40 11 40 11
1619740800 40 11 40 11
1619654400 40 11 40 11
1619568000 40 11 40 11
1619481600 40 11 40 11
1619395200 40 11 40 11
1619308800 40 11 40 11
1619222400 40 11 40 11
1619136000 40 11 40 11
1619049600 40 11 40 11
1618963200 40 11 40 11
1618876800 40 11 40 11
1618790400 40 11 40 11
1618704000 40 11 40 11
1618617600 40 11 40 11
1618531200 40 11 40 11
1618444800 40 11 40 11
1618358400 40 11 40 11
1618272000 40 11 40 11
1618185600 40 11 40 11
1618099200 40 11 40 11
1618012800 40 11 40 11
1617926400 40 11 40 11
1617840000 40 11 40 11
1617753600 40 11 40 11
1617667200 40 11 40 11
1617580800 40 11 40 11
1617494400 40 11 40 11
1617408000 40 11 40 11
1617321600 40 11 40 11
1617235200 40 11 40 11
1617148800 40 11 40 11
1617062400 40 11 40 11
1616976000 40 11 40 11
1616889600 40 11 40 11
1616803200 40 11 40 11
1616716800 40 11 40 11
1616630400 40 11 40 11
1616544000 40 11 40 11
1616457600 40 11 40 11
1616371200 40 11 40 11
1616284800 40 11 40 11
1616198400 40 11 40 11
1616112000 40 11 40 11
1616025600 40 11 40 11
1615939200 40 11 40 11
1615852800 40 11 40 11
1615766400 40 11 40 11
1615680000 40 11 40 11
1615593600 40 11 40 11
1615507200 40 11 40 11
1615420800 40 11 40 11
1615334400 40 11 40 11
1615248000 40 11 40 11
1615161600 40 11 40 11
1615075200 40 11 40 11
1614988800 40 11 40 11
1614902400 40 11 40 11
1614816000 40 11 40 11
1614729600 40 11 40 11
1614643200 40 11 40 11
1614556800 40 11 40 11
1614470400 40 11 40 11
1614384000 40 11 40 11
1614297600 40 11 40 11
1614211200 40 11 40 11
1614124800 40 11 40 11
1614038400 40 11 40 11
1613952000 40 11 40 11
1613865600 40 11 40 11
1613779200 40 11 40 11
1613692800 40 11 40 11
1613606400 40 11 40 11
1613520000 40 11 40 11
1613433600 40 11 40 11
1613347200 40 11 40 11
1613260800 40 11 40 11
1613174400 40 11 40 11
1613088000 40 11 40 11
1613001600 40 11 40 11
1612915200 40 11 40 11
1612828800 40 11 40 11
1612742400 40 11 40 11
1612656000 40 11 40 11
1612569600 40 11 40 11
1612483200 40 11 40 11
1612396800 40 11 40 11
1612310400 40 11 40 11
1612224000 40 11 40 11
1612137600 40 11 40 11
1612051200 40 11 40 11
1611964800 40 11 40 11
1611878400 40 11 40 11
1611792000 40 11 40 11
1611705600 40 11 40 11
1611619200 40 11 40 11
1611532800 40 11 40 11
1611446400 40 11 40 11
1611360000 40 11 40 11
1611273600 40 11 40 11
1611187200 40 11 40 11
1611100800 40 11 40 11
1611014400 40 11 40 11
1610928000 40 11 40 11
1610841600 40 11 40 11
1610755200 40 11 40 11
1610668800 40 11 40 11
1610582400 40 11 40 11
1610496000 40 11 40 11
1610409600 40 11 40 11
1610323200 34 9 40 11
1610236800 0 0 0 0
1610150400 0 0 0 0
1610064000 0 0 0 0
1609977600 0 0 0 0
1609891200 0 0 0 0
1609804800 0 0 0 0
1609718400 0 0 0 0
1609632000 0 0 0 0
1609545600 0 0 0 0
1609459200 0 0 0 0
1609372800 0 0 0 0
1609286400 0 0 0 0
1609200000 0 0 0 0
1609113600 0 0 0 0
1609027200 0 0 0 0
1608940800 0 0 0 0
1608854400 0 0 0 0
1608768000 0 0 0 0
1608681600 0 0 0 0
1608595200 0 0 0 0
1608508800 0 0 0 0
1608422400 0 0 0 0
1608336000 0 0 0 0
1608249600 0 0 0 0
1608163200 0 0 0 0
1608076800 0 0 0 0
1607990400 0 0 0 0
1607904000 0 0 0 0
1607817600 0 0 0 0
1607731200 0 0 0 0
1607644800 0 0 0 0
1607558400 0 0 0 0
1607472000 0 0 0 0
1607385600 0 0 0 0
1607299200 0 0 0 0
1607212800 0 0 0 0
1607126400 0 0 0 0
1607040000 0 0 0 0
1606953600 0 0 0 0
1606867200 0 0 0 0
1606780800 0 0 0 0
1606694400 0 0 0 0
1606608000 0 0 0 0
1606521600 0 0 0 0
1606435200 0 0 0 0
1606348800 0 0 0 0
1606262400 0 0 0 0
1606176000 0 0 0 0
1606089600 0 0 0 0
1606003200 0 0 0 0
1605916800 0 0 0 0
1605830400 0 0 0 0
1605744000 0 0 0 0
1605657600 0 0 0 0
1605571200 0 0 0 0
1605484800 0 0 0 0
1605398400 0 0 0 0
1605312000 0 0 0 0
1605225600 0 0 0 0
1605139200 0 0 0 0
1605052800 0 0 0 0
1604966400 0 0 0 0
1604880000 0 0 0 0
1604793600 0 0 0 0
1604707200 0 0 0 0
1604620800 0 0 0 0
1604534400 0 0 0 0
1604448000 0 0 0 0
1604361600 0 0 0 0
1604275200 0 0 0 0
1604188800 0 0 0 0
1604102400 0 0 0 0
1604016000 0 0 0 0
1603929600 0 0 0 0
1603843200 0 0 0 0
1603756800 0 0 0 0
1603670400 0 0 0 0
1603584000 0 0 0 0
1603497600 0 0 0 0
1603411200 0 0 0 0
1603324800 0 0 0 0
1603238400 0 0 0 0
1603152000 0 0 0 0
1603065600 0 0 0 0
1602979200 0 0 0 0
1602892800 0 0 0 0
1602806400 0 0 0 0
1602720000 0 0 0 0
1602633600 0 0 0 0
1602547200 0 0 0 0
1602460800 0 0 0 0
1602374400 0 0 0 0
1602288000 0 0 0 0
1602201600 0 0 0 0
1602115200 0 0 0 0
1602028800 0 0 0 0
1601942400 0 0 0 0
1601856000 0 0 0 0
1601769600 0 0 0 0
1601683200 0 0 0 0
1601596800 0 0 0 0
1601510400 0 0 0 0
1601424000 0 0 0 0
1601337600 0 0 0 0
1601251200 0 0 0 0
1601164800 0 0 0 0
1601078400 0 0 0 0
1600992000 0 0 0 0
1600905600 0 0 0 0
1600819200 0 0 0 0
1600732800 0 0 0 0
1600646400 0 0 0 0
1600560000 0 0 0 0
1600473600 0 0 0 0
1600387200 0 0 0 0
1600300800 0 0 0 0
1600214400 0 0 0 0
1600128000 0 0 0 0
1600041600 0 0 0 0
1599955200 0 0 0 0
1599868800 0 0 0 0
1599782400 0 0 0 0
1599696000 0 0 0 0
1599609600 0 0 0 0
1599523200 0 0 0 0
1599436800 0 0 0 0
1599350400 0 0 0 0
1599264000 0 0 0 0
1599177600 0 0 0 0
1599091200 0 0 0 0
1599004800 0 0 0 0
1598918400 0 0 0 0
1598832000 0 0 0 0
1598745600 0 0 0 0
1598659200 0 0 0 0
1598572800 0 0 0 0
1598486400 0 0 0 0
1598400000 0 0 0 0
1598313600 0 0 0 0
1598227200 0 0 0 0
1598140800 0 0 0 0
1598054400 0 0 0 0
1597968000 0 0 0 0
1597881600 0 0 0 0
1597795200 0 0 0 0
1597708800 0 0 0 0
1597622400 0 0 0 0
1597536000 0 0 0 0
1597449600 0 0 0 0
1597363200 0 0 0 0
1597276800 0 0 0 0
1597190400 0 0 0 0
1597104000 0 0 0 0
1597017600 0 0 0 0
1596931200 0 0 0 0
1596844800 0 0 0 0
1596758400 0 0 0 0
1596672000 0 0 0 0
1596585600 0 0 0 0
1596499200 0 0 0 0
1596412800 0 0 0 0
1596326400 0 0 0 0
1596240000 0 0 0 0
1596153600 0 0 0 0
1596067200 0 0 0 0
1595980800 0 0 0 0
1595894400 0 0 0 0
1595808000 0 0 0 0
1595721600 0 0 0 0
1595635200 0 0 0 0
1595548800 0 0 0 0
1595462400 0 0 0 0
1595376000 0 0 0 0
1595289600 0 0 0 0
1595203200 0 0 0 0
1595116800 0 0 0 0
1595030400 0 0 0 0
1594944000 0 0 0 0
1594857600 0 0 0 0
1594771200 0 0 0 0
1594684800 0 0 0 0
1594598400 0 0 0 0
1594512000 0 0 0 0
1594425600 0 0 0 0
1594339200 0 0 0 0
1594252800 0 0 0 0
1594166400 0 0 0 0
1594080000 0 0 0 0
1593993600 0 0 0 0
1593907200 0 0 0 0
1593820800 0 0 0 0
1593734400 0 0 0 0
1593648000 0 0 0 0
1593561600 0 0 0 0
1593475200 0 0 0 0
1593388800 0 0 0 0
1593302400 0 0 0 0
1593216000 0 0 0 0
1593129600 0 0 0 0
1593043200 0 0 0 0
1592956800 0 0 0 0
1592870400 0 0 0 0
1592784000 0 0 0 0
1592697600 0 0 0 0
1592611200 0 0 0 0
1592524800 0 0 0 0
1592438400 0 0 0 0
1592352000 0 0 0 0
1592265600 0 0 0 0
1592179200 0 0 0 0
1592092800 0 0 0 0
1592006400 0 0 0 0
1591920000 0 0 0 0
1591833600 0 0 0 0
1591747200 0 0 0 0
1591660800 0 0 0 0
1591574400 0 0 0 0
1591488000 0 0 0 0
1591401600 0 0 0 0
1591315200 0 0 0 0
1591228800 0 0 0 0
1591142400 0 0 0 0
1591056000 0 0 0 0
1590969600 0 0 0 0
1590883200 0 0 0 0
1590796800 0 0 0 0
1590710400 0 0 0 0
1590624000 0 0 0 0
1590537600 0 0 0 0
1590451200 0 0 0 0
1590364800 0 0 0 0
1590278400 0 0 0 0
1590192000 0 0 0 0
1590105600 0 0 0 0
1590019200 0 0 0 0
1589932800 0 0 0 0
1589846400 0 0 0 0
1589760000 0 0 0 0
1589673600 0 0 0 0
