1623879901 307692340 1523412010
1623879901 8431 248206 8431 248206
1623879601 17996 402849 17996 402849
1623879600 17901 400171 17996 402849
1623879300 3828 1264 7279 1265
1623879000 7257 1170 7279 1173
1623878700 868 500 936 1347
1623878400 932 1340 936 1347
1623878100 482 413 753 525
1623877800 752 525 753 614
1623877500 685 613 876 614
1623877200 876 437 1122 641
1623876900 1120 640 1122 641
1623876600 526 514 878 526
1623876300 875 525 878 526
1623876000 259 334 1086 630
1623875700 1080 628 1086 630
1623875400 301 476 761 647
1623875100 764 648 1834 1127
1623874800 1829 1126 1834 1127
1623874500 517 951 1052 952
1623874200 1054 838 1936 1905
1623873900 1932 1903 1936 1905
1623873600 905 1414 2385 2025
1623873300 2382 2022 2385 2025
1623873000 1789 1162 8226 1754
1623872700 8205 1762 8226 4270
1623872400 1993 4277 1995 6565
1623872100 1586 6527 1589 6565
1623871800 1137 982 1142 985
1623871500 450 662 603 900
1623871200 608 905 2263 2438
1623870900 2265 2435 2979 2438
1623870600 2975 1750 2979 1753
1623870300 2095 954 12748 2149
1623870000 12730 2147 12748 2149
1623869700 7558 1589 11654 2127
1623869400 11628 2119 11654 2127
1623869100 7852 946 7858 1576
1623868800 7013 1575 8001 1576
1623868500 7980 1568 8001 1569
1623868200 1729 1553 4844 2149
1623867900 4839 2153 4844 3602
1623867600 3508 3600 5840 3602
1623867300 5882 3068 12236 3073
1623867000 12173 2339 12236 2340
1623866700 2900 2219 2912 2224
1623866400 1271 1611 3029 2781
1623866100 3030 2784 3407 3848
1623865800 3402 3849 3407 4249
1623865500 2193 4242 4874 4249
1623865200 4866 2353 4874 2354
1623864900 2512 2181 2518 2185
1623864600 988 1277 1307 1696
1623864300 1313 1730 2221 6800
1623864000 2262 6773 8424 6800
1623863700 8374 2822 8424 2834
1623863400 1035 1173 1036 2828
1623863100 984 2862 2022 8031
1623862800 2024 8011 2710 8031
1623862500 2710 2074 2855 2077
1623862200 2845 1724 2855 1934
1623861900 1375 1938 2088 2615
1623861600 2084 2613 2088 2615
1623861300 1130 2026 1131 2030
1623861000 907 1071 3100 2887
1623860700 3095 2889 3100 3503
1623860400 2997 3591 375941 30159
1623860100 375931 30153 375941 30159
1623859800 373305 28673 451945 35611
1623859500 450565 35515 451945 35611
1623859200 38078 6819 38199 6833
1623858900 2177 2701 2181 2705
1623858600 1213 1596 1216 1792
1623858300 785 1788 786 1792
1623858000 653 732 1838 734
1623857700 1833 517 1838 2799
1623857400 364 2782 366 2799
1623857100 211 327 1342 968
1623856800 1337 968 1342 982
1623856500 684 983 9647 1238
1623856200 11227 1313 246728 12605
1623855900 246935 12607 277889 13012
1623855600 278056 13020 303061 14285
1623855300 303189 14290 322266 15072
1623855000 320341 14984 322266 15072
1623854700 33434 1958 33657 1966
1623854400 265 809 648 811
1623854100 645 385 648 386
1623853800 336 384 816 524
1623853500 819 523 1297 524
1623853200 1289 403 1297 404
1623852900 182 332 1746 382
1623852600 1740 381 1746 382
1623852300 939 361 944 362
1623852000 224 309 225 310
1623851700 144 261 356 322
1623851400 355 321 356 322
1623851100 142 260 144 260
1623850800 144 260 144 262
1623850500 143 261 144 262
1623850200 142 259 148 264
1623849900 147 263 148 264
1623849600 143 260 190 326
1623849300 189 325 190 326
1623849000 143 263 144 264
1623848700 142 259 189 341
1623848400 188 340 189 341
1623848100 167 262 3673 451
1623847800 3661 450 3673 451
1623847500 143 260 144 261
1623847200 143 260 144 262
1623846900 143 261 143 262
1623846600 143 260 146 262
1623846300 146 262 254 289
1623846000 253 288 254 289
1623845700 215 269 216 270
1623845400 152 263 153 264
1623845100 143 261 145 261
1623844800 144 261 145 261
1623844500 143 260 144 261
1623844200 144 260 144 261
1623843900 144 261 145 262
1623843600 144 261 145 262
1623843300 144 260 172 288
1623843000 171 287 172 288
1623842700 144 259 144 262
1623842400 144 261 144 262
1623842100 144 261 144 261
1623841800 144 261 144 261
1623841500 144 261 144 262
1623841200 143 261 144 262
1623840900 143 259 145 260
1623840600 145 260 147 267
1623840300 146 266 147 267
1623840000 143 260 143 261
1623839700 142 260 143 261
1623839400 142 261 147 261
1623839100 146 260 147 261
1623838800 142 259 144 262
1623838500 143 261 144 262
1623838200 142 261 145 263
1623837900 145 262 145 263
1623837600 144 261 145 262
1623837300 143 260 144 261
1623837000 144 259 144 262
1623836700 144 261 144 262
1623836400 143 260 144 261
1623836100 142 260 143 261
1623835800 142 260 146 260
1623835500 145 260 146 262
1623835200 143 262 148 264
1623834900 147 263 148 264
1623834600 143 262 143 263
1623834300 143 261 146 262
1623834000 145 260 146 261
1623833700 144 260 145 262
1623833400 144 261 145 262
1623833100 143 260 145 263
1623832800 145 262 145 263
1623832500 144 260 145 261
1623832200 142 259 146 261
1623831900 146 261 146 266
1623831600 145 265 146 266
1623831300 144 261 145 261
1623831000 142 261 144 261
1623830700 144 261 145 261
1623830400 144 261 145 261
1623830100 143 261 145 262
1623829800 144 261 145 262
1623829500 143 260 146 261
1623829200 145 260 146 261
1623828900 142 260 145 264
1623828600 145 263 146 264
1623828300 145 261 146 262
1623828000 145 262 146 262
1623827700 146 261 146 262
1623827400 145 259 146 262
1623827100 144 261 146 262
1623826800 145 261 146 263
1623826500 145 262 145 263
1623826200 144 260 145 261
1623825900 144 260 146 262
1623825600 145 262 146 263
1623825300 143 262 144 263
1623825000 143 259 147 262
1623824700 146 262 147 262
1623824400 144 262 160 269
1623824100 159 268 160 269
1623823800 143 260 144 261
1623823500 143 260 146 262
1623823200 146 262 160 293
1623822900 188 294 8815 614
1623822600 8786 612 8815 614
1623822300 156 277 157 278
1623822000 154 269 156 270
1623821700 155 267 156 268
1623821400 144 260 196 280
1623821100 206 280 3422 497
1623820800 3438 497 8231 766
1623820500 8204 764 8231 766
1623820200 151 276 152 277
1623819900 144 261 149 265
1623819600 153 265 888 321
1623819300 892 321 1493 465
1623819000 1489 464 1493 465
1623818700 343 279 344 304
1623818400 181 304 437 413
1623818100 435 412 437 413
1623817800 195 332 200 352
1623817500 200 352 230 363
1623817200 229 362 230 363
1623816900 193 349 199 350
1623816600 200 319 634 424
1623816300 632 423 634 424
1623816000 178 313 190 338
1623815700 190 338 205 359
1623815400 204 358 205 359
1623815100 172 307 177 316
1623814800 177 316 202 354
1623814500 201 353 202 354
1623814200 163 294 168 296
1623813900 168 296 193 344
1623813600 193 344 213 378
1623813300 213 378 227 408
1623813000 227 408 232 413
1623812700 231 412 232 413
1623812400 229 411 230 412
1623812100 227 409 228 410
1623811800 174 310 175 311
1623811500 164 295 167 296
1623811200 167 289 181 318
1623810900 180 317 181 318
1623810600 171 303 172 304
1623810300 149 265 165 300
1623810000 165 300 234 373
1623809700 233 372 234 373
1623809400 166 290 167 291
1623809100 151 270 152 271
1623808800 147 261 148 263
1623808500 145 263 177 300
1623808200 176 299 177 300
1623807900 148 261 768 475
1623807600 769 481 1169 2536
1623807300 1170 2543 1454 3703
1623807000 1488 3699 6669 3703
1623806700 6653 3237 6669 4113
1623806400 2024 4097 2034 4113
1623806100 633 1813 635 1816
1623805800 311 998 312 1000
1623805500 304 584 9619 2328
1623805200 9601 2327 9619 2328
1623804900 4335 2154 4357 2157
1623804600 1186 1720 1190 1795
1623804300 593 1792 594 1795
1623804000 323 1057 463 1518
1623803700 463 1517 605 1518
1623803400 605 1396 614 1947
1623803100 615 1944 987 1947
1623802800 986 1171 987 1173
1623802500 970 865 1826 1131
1623802200 1822 1130 1826 1131
1623801900 784 1124 786 1129
1623801600 548 415 551 416
1623801300 182 308 475 2185
1623801000 477 2180 1278 2185
1623800700 1274 781 1278 782
1623800400 762 645 763 647
1623800100 615 485 617 946
1623799800 431 944 1112 946
1623799500 1109 628 1112 629
1623799200 361 494 2661 1706
1623798900 2651 1699 2661 1706
1623798600 1284 723 1287 724
1623798300 651 673 653 674
1623798000 329 420 805 1080
1623797700 812 1078 1946 1080
1623797400 1936 798 1946 3112
1623797100 488 3096 490 3112
1623796800 252 729 746 730
1623796500 756 706 3852 707
1623796200 3833 536 3852 795
1623795900 1091 807 2658 2619
1623795600 2652 2622 2658 3195
1623795300 1780 3194 1782 3195
1623795000 1343 2901 1344 2903
1623794700 1069 2439 1589 3619
1623794400 1596 3618 3864 3619
1623794100 3855 3554 3864 3558
1623793800 1237 2450 1240 2461
1623793500 841 831 955 911
1623793200 954 909 955 911
1623792900 695 580 990 761
1623792600 987 760 990 761
1623792300 682 641 781 829
1623792000 781 831 791 1275
1623791700 795 1276 1396 1478
1623791400 1394 1475 1396 1478
1623791100 997 770 3013 1026
1623790800 2998 1023 3013 1026
1623790500 789 649 4253 997
1623790200 4264 997 7802 1120
1623789900 7780 1119 7802 1120
1623789600 1385 1013 1575 1672
1623789300 1574 1669 1575 1672
1623789000 1540 1292 1541 1294
1623788700 1270 745 1277 748
1623788400 343 450 641 1126
1623788100 644 1125 1691 1126
1623787800 1688 947 1691 948
1623787500 997 899 2026 2252
1623787200 2023 2246 2026 2252
1623786900 1703 1411 1704 2286
1623786600 1581 2279 1585 2286
1623786300 1047 1356 1052 1374
1623786000 408 1374 1222 1599
1623785700 1221 1603 1222 2318
1623785400 1178 2318 1397 2399
1623785100 1394 2399 1397 2409
1623784800 592 2413 2028 3665
1623784500 2023 3658 2028 3665
1623784200 1364 2738 1367 2742
1623783900 1027 2261 2425 2262
1623783600 2418 2106 2425 2109
1623783300 1454 1754 1454 1754
1623783000 1454 1754 1454 1754
1623782700 1451 1750 1454 1754
1623782400 571 836 2620 1652
1623782100 2613 1648 2620 1652
1623781800 674 581 10465 1628
1623781500 10440 1623 10465 1628
1623781200 6807 1004 6845 1005
1623780900 1261 883 1267 1647
1623780600 445 1645 978 1647
1623780300 984 1303 2893 1436
1623780000 2887 1433 2893 1436
1623779700 1359 723 1360 2277
1623779400 1283 2278 1417 2515
1623779100 1418 2513 1721 2515
1623778800 1719 2113 1721 2116
1623778500 1187 1288 1994 1786
1623778200 1988 1787 1994 2307
1623777900 505 2313 7309 3293
1623777600 7351 3295 13672 3634
1623777300 13634 3631 13672 3634
1623777000 2341 2760 2342 3445
1623776700 2101 3442 2817 3445
1623776400 2809 3105 2817 3112
1623776100 724 1246 4972 4795
1623775800 4946 4787 4972 4795
1623775500 1124 3725 1126 3732
1623775200 667 1677 668 3362
1623774900 453 3365 588 4320
1623774600 590 4313 993 4320
1623774300 994 3341 1425 3393
1623774000 1429 3397 2769 4701
1623773700 2770 4687 3016 4701
1623773400 3009 2632 3016 2635
1623773100 975 1773 1032 1775
1623772800 1033 1592 1533 1655
1623772500 1530 1651 1533 1655
1623772200 690 634 3608 635
1623771900 3603 532 3608 533
1623771600 2369 498 2382 499
1623771300 547 378 577 599
1623771000 578 601 921 1376
1623770700 919 1370 921 1376
1623770400 685 608 687 609
1623770100 159 341 407 1388
1623769800 405 1385 407 1388
1623769500 221 1001 222 1004
1623769200 224 322 679 359
1623768900 677 358 679 359
1623768600 155 260 233 314
1623768300 232 313 233 314
1623768000 187 312 508 527
1623767700 516 526 1747 527
1623767400 1741 418 1747 419
1623767100 149 261 150 262
1623766800 148 261 149 261
1623766500 148 261 272 406
1623766200 271 405 272 406
1623765900 145 260 153 262
1623765600 152 262 153 262
1623765300 146 262 151 264
1623765000 150 263 151 264
1623764700 144 260 147 261
1623764400 146 260 147 261
1623764100 145 261 146 261
1623763800 148 261 501 364
1623763500 499 363 501 364
1623763200 148 260 1252 467
1623762900 1248 467 1252 475
1623762600 725 473 729 475
1623762300 167 278 168 279
1623762000 146 260 147 262
1623761700 146 261 176 262
1623761400 175 260 176 261
1623761100 146 260 227 313
1623760800 226 312 227 313
1623760500 145 261 146 262
1623760200 145 260 147 261
1623759900 146 261 147 261
1623759600 146 261 147 262
1623759300 146 261 147 262
1623759000 145 259 145 262
1623758700 145 261 147 262
1623758400 146 260 147 261
1623758100 145 260 147 261
1623757800 146 260 147 261
1623757500 144 260 147 261
1623757200 146 261 147 262
1623756900 145 261 146 262
1623756600 145 259 148 261
1623756300 147 260 148 261
1623756000 145 259 148 262
1623755700 147 262 148 262
1623755400 146 261 147 262
1623755100 145 259 149 266
1623754800 148 265 149 266
1623754500 146 260 146 262
1623754200 145 261 146 262
1623753900 145 259 147 262
1623753600 146 261 147 262
1623753300 145 258 150 269
1623753000 149 268 150 269
1623752700 147 260 148 261
1623752400 143 261 150 263
1623752100 149 263 150 266
1623751800 148 265 149 266
1623751500 145 261 147 261
1623751200 146 260 147 261
1623750900 144 260 146 260
1623750600 146 260 146 262
1623750300 145 261 146 262
1623750000 144 260 147 261
1623749700 146 260 147 263
1623749400 145 262 147 263
1623749100 146 259 147 260
1623748800 145 260 147 262
1623748500 146 261 147 262
1623748200 145 261 166 284
1623747900 165 283 166 284
1623747600 145 258 147 265
1623747300 147 264 147 265
1623747000 146 261 147 261
1623746700 145 261 145 261
1623746400 145 261 150 263
1623746100 149 262 150 263
1623745800 142 257 149 264
1623745500 148 263 149 264
1623745200 145 259 145 260
1623744900 145 256 147 265
1623744600 146 264 147 265
1623744300 146 261 148 263
1623744000 147 262 148 263
1623743700 143 257 149 265
1623743400 148 264 149 265
1623743100 144 256 146 262
1623742800 146 261 147 262
1623742500 147 259 147 265
1623742200 147 264 147 265
1623741900 146 257 147 261
1623741600 145 261 149 265
1623741300 148 264 149 265
1623741000 145 260 146 263
1623740700 145 262 146 263
1623740400 145 260 147 264
1623740100 147 264 150 264
1623739800 149 263 150 264
1623739500 147 262 148 262
1623739200 145 261 146 262
1623738900 145 260 145 262
1623738600 145 262 147 290
1623738300 146 289 147 290
1623738000 153 287 2523 1032
1623737700 2507 1026 2523 1032
1623737400 145 259 146 262
1623737100 145 261 146 262
1623736800 145 261 147 261
1623736500 147 260 147 261
1623736200 148 260 418 391
1623735900 416 390 418 391
1623735600 145 260 147 261
1623735300 146 259 147 260
1623735000 144 259 148 263
1623734700 147 262 148 263
1623734400 144 261 149 264
1623734100 148 263 149 264
1623733800 145 243 151 257
1623733500 150 257 151 260
1623733200 148 260 464 405
1623732900 463 404 464 405
1623732600 184 301 565 476
1623732300 567 476 886 524
1623732000 883 523 886 524
1623731700 147 261 148 261
1623731400 146 261 413 304
1623731100 412 304 413 314
1623730800 285 313 286 314
1623730500 151 264 152 265
1623730200 145 261 147 263
1623729900 147 263 275 402
1623729600 275 401 290 402
1623729300 289 385 290 386
1623729000 163 275 164 276
1623728700 146 262 204 286
1623728400 204 286 460 395
1623728100 458 394 460 395
1623727800 147 261 147 263
1623727500 146 262 147 263
1623727200 144 259 149 263
1623726900 148 262 149 263
1623726600 143 260 144 262
1623726300 142 261 143 262
1623726000 143 261 150 264
1623725700 149 263 150 264
1623725400 146 260 147 261
1623725100 144 259 146 262
1623724800 146 261 147 262
1623724500 146 260 147 261
1623724200 145 261 147 261
1623723900 147 261 257 394
1623723600 256 393 257 394
1623723300 150 263 151 264
1623723000 145 260 168 286
1623722700 167 285 168 286
1623722400 145 261 146 262
1623722100 145 259 182 302
1623721800 181 301 182 302
1623721500 145 262 252 654
1623721200 252 652 411 654
1623720900 413 339 1088 420
1623720600 1082 419 1088 420
1623720300 294 298 295 312
1623720000 192 311 341 312
1623719700 340 307 341 308
1623719400 214 297 215 431
1623719100 207 430 286 431
1623718800 286 307 346 1138
1623718500 347 1142 497 1786
1623718200 496 1783 497 1786
1623717900 374 998 815 1366
1623717600 811 1362 815 1366
1623717300 258 780 10415 1611
1623717000 10384 1611 10415 1718
1623716700 1194 1714 1200 1718
1623716400 327 1194 328 1197
1623716100 327 536 360 730
1623715800 361 730 946 963
1623715500 942 968 946 1822
1623715200 476 1824 1151 2535
1623714900 1148 2531 1151 2535
1623714600 331 1547 409 1905
1623714300 410 1901 916 1905
1623714000 914 775 916 1331
1623713700 370 1328 371 1331
1623713400 275 912 308 1186
1623713100 308 1187 358 1523
1623712800 359 1529 553 2456
1623712500 554 2454 956 2456
1623712200 954 2074 956 2221
1623711900 425 2217 426 2221
1623711600 364 1692 1901 2157
1623711300 1890 2150 1901 2157
1623711000 368 1245 386 1246
1623710700 388 1001 1182 1970
1623710400 1180 1968 1182 1970
1623710100 593 1544 639 1738
1623709800 640 1738 822 1840
1623709500 824 1839 1582 1840
1623709200 1573 1599 1582 1605
1623708900 373 845 656 929
1623708600 654 928 656 929
1623708300 246 724 646 3238
1623708000 649 3230 1733 3238
1623707700 1729 1014 1733 1024
1623707400 1204 1023 1206 1024
1623707100 818 760 3060 873
1623706800 3050 873 3060 1013
1623706500 1660 1011 1665 1013
1623706200 266 554 645 570
1623705900 646 570 873 708
1623705600 871 707 873 708
1623705300 453 475 454 519
1623705000 339 519 748 640
1623704700 753 640 2376 846
1623704400 2435 851 11279 1702
1623704100 11251 1698 11279 1702
1623703800 3013 766 5167 880
1623703500 5166 881 5167 1083
1623703200 5122 1083 10945 1199
1623702900 10873 1192 10945 1199
1623702600 159 228 413 287
1623702300 414 287 807 351
1623702000 809 351 1156 449
1623701700 1155 449 1156 579
1623701400 993 579 1378 664
1623701100 1388 665 2955 899
1623700800 2950 899 2955 1188
1623700500 1593 1184 1602 1188
1623700200 313 648 590 1246
1623699900 1042 990 5818 1363
1623699000 1966 1018 5818 1363
1623697200 514 1319 1284 1712
1623695400 469 1227 1151 3167
1623693600 3969 1406 11557 3796
1623691800 1216 2305 2522 6064
1623690000 1108 2482 4030 5791
1623688200 2059 2688 4068 2933
1623686400 1210 2741 1210 2741
1623684600 1210 2741 1210 2741
1623682800 1210 2741 1210 2741
1623681000 1210 2741 1210 2741
1623679200 1210 2741 1210 2741
1623677400 1210 2741 1210 2741
1623675600 1210 2741 1210 2741
1623673800 1210 2741 1210 2741
1623672000 1210 2741 1210 2741
1623670200 1210 2741 1210 2741
1623668400 1210 2741 1210 2741
1623666600 1210 2741 1210 2741
1623664800 1210 2741 1210 2741
1623663000 1210 2741 1210 2741
1623661200 1210 2741 1210 2741
1623659400 1210 2741 1210 2741
1623657600 1210 2741 1210 2741
1623655800 1210 2741 1210 2741
1623654000 1210 2741 1210 2741
1623652200 1210 2741 1210 2741
1623650400 1210 2741 1210 2741
1623648600 1210 2741 1210 2741
1623646800 1210 2741 1210 2741
1623645000 1210 2741 1210 2741
1623643200 1210 2741 1210 2741
1623641400 1210 2741 1210 2741
1623639600 1210 2741 1210 2741
1623637800 1210 2741 1210 2741
1623636000 1210 2741 1210 2741
1623634200 1210 2741 1210 2741
1623632400 1210 2741 1210 2741
1623630600 1210 2741 1210 2741
1623628800 1210 2741 1210 2741
1623627000 1210 2741 1210 2741
1623625200 1210 2741 1210 2741
1623623400 1210 2741 1210 2741
1623621600 1210 2741 1210 2741
1623619800 1210 2741 1210 2741
1623618000 1210 2741 1210 2741
1623616200 1210 2741 1210 2741
1623614400 1210 2741 1210 2741
1623612600 1210 2741 1210 2741
1623610800 1210 2741 1210 2741
1623609000 1210 2741 1210 2741
1623607200 1210 2741 1210 2741
1623605400 1210 2741 1210 2741
1623603600 1210 2741 1210 2741
1623601800 1210 2741 1210 2741
1623600000 1210 2741 1210 2741
1623598200 1210 2741 1210 2741
1623596400 1210 2741 1210 2741
1623594600 1210 2741 1210 2741
1623592800 1210 2741 1210 2741
1623591000 1210 2741 1210 2741
1623589200 1210 2741 1210 2741
1623587400 1210 2741 1210 2741
1623585600 1210 2741 1210 2741
1623583800 1210 2741 1210 2741
1623582000 1210 2741 1210 2741
1623580200 1210 2741 1210 2741
1623578400 1210 2741 1210 2741
1623576600 1210 2741 1210 2741
1623574800 1210 2741 1210 2741
1623573000 1210 2741 1210 2741
1623571200 1210 2741 1210 2741
1623569400 1210 2741 1210 2741
1623567600 1210 2741 1210 2741
1623565800 1210 2741 1210 2741
1623564000 1210 2741 1210 2741
1623562200 1210 2741 1210 2741
1623560400 1210 2741 1210 2741
1623558600 1210 2741 1210 2741
1623556800 1210 2741 1210 2741
1623555000 1210 2741 1210 2741
1623553200 1210 2741 1210 2741
1623551400 1210 2741 1210 2741
1623549600 1210 2741 1210 2741
1623547800 1210 2741 1210 2741
1623546000 1210 2741 1210 2741
1623544200 1210 2741 1210 2741
1623542400 1210 2741 1210 2741
1623540600 1210 2741 1210 2741
1623538800 1210 2741 1210 2741
1623537000 1210 2741 1210 2741
1623535200 1210 2741 1210 2741
1623533400 1210 2741 1210 2741
1623531600 1210 2741 1210 2741
1623529800 1210 2741 1210 2741
1623528000 1210 2741 1210 2741
1623526200 1210 2741 1210 2741
1623524400 1210 2741 1210 2741
1623522600 1210 2741 1210 2741
1623520800 1210 2741 1210 2741
1623519000 1210 2741 1210 2741
1623517200 1210 2741 1210 2741
1623515400 1210 2741 1210 2741
1623513600 1210 2741 1210 2741
1623511800 1210 2741 1210 2741
1623510000 1210 2741 1210 2741
1623508200 1210 2741 1210 2741
1623506400 1210 2741 1210 2741
1623504600 1210 2741 1210 2741
1623502800 1210 2741 1210 2741
1623501000 1210 2741 1210 2741
1623499200 1210 2741 1210 2741
1623497400 1210 2741 1210 2741
1623495600 1210 2741 1210 2741
1623493800 1210 2741 1210 2741
1623492000 1210 2741 1210 2741
1623490200 1210 2741 1210 2741
1623488400 1210 2741 1210 2741
1623486600 1210 2741 1210 2741
1623484800 1210 2741 1210 2741
1623483000 1210 2741 1210 2741
1623481200 1210 2741 1210 2741
1623479400 1210 2741 1210 2741
1623477600 1210 2741 1210 2741
1623475800 1210 2741 1210 2741
1623474000 1210 2741 1210 2741
1623472200 1210 2741 1210 2741
1623470400 1210 2741 1210 2741
1623468600 1210 2741 1210 2741
1623466800 1210 2741 1210 2741
1623465000 1210 2741 1210 2741
1623463200 1210 2741 1210 2741
1623461400 1210 2741 1210 2741
1623459600 1210 2741 1210 2741
1623457800 1210 2741 1210 2741
1623456000 1210 2741 1210 2741
1623454200 1210 2741 1210 2741
1623452400 1210 2741 1210 2741
1623450600 1210 2741 1210 2741
1623448800 1210 2741 1210 2741
1623447000 1210 2741 1210 2741
1623445200 1210 2741 1210 2741
1623443400 1210 2741 1210 2741
1623441600 1210 2741 1210 2741
1623439800 1210 2741 1210 2741
1623438000 1210 2741 1210 2741
1623436200 1210 2741 1210 2741
1623434400 1210 2741 1210 2741
1623432600 1210 2741 1210 2741
1623430800 1210 2741 1210 2741
1623429000 1210 2741 1210 2741
1623427200 1210 2741 1210 2741
1623425400 1210 2741 1210 2741
1623423600 1210 2741 1210 2741
1623421800 1210 2741 1210 2741
1623420000 1210 2741 1210 2741
1623418200 1210 2741 1210 2741
1623416400 1210 2741 1210 2741
1623414600 1210 2741 1210 2741
1623412800 1210 2741 1210 2741
1623411000 1210 2741 1210 2741
1623409200 1210 2741 1210 2741
1623407400 1210 2741 1210 2741
1623405600 1210 2741 1210 2741
1623403800 1210 2741 1210 2741
1623402000 1210 2741 1210 2741
1623400200 1210 2741 1210 2741
1623398400 1210 2741 1210 2741
1623396600 1210 2741 1210 2741
1623394800 1210 2741 1210 2741
1623393000 1210 2741 1210 2741
1623391200 1210 2741 1210 2741
1623389400 1210 2741 1210 2741
1623387600 1210 2741 1210 2741
1623385800 1210 2741 1210 2741
1623384000 1210 2741 1210 2741
1623382200 1210 2741 1210 2741
1623380400 1210 2741 1210 2741
1623378600 1210 2741 1210 2741
1623376800 1210 2741 1210 2741
1623375000 1210 2741 1210 2741
1623373200 1210 2741 1210 2741
1623371400 1210 2741 1210 2741
1623369600 1210 2741 1210 2741
1623367800 1210 2741 1210 2741
1623366000 1210 2741 1210 2741
1623364200 1210 2741 1210 2741
1623362400 1210 2741 1210 2741
1623360600 1210 2741 1210 2741
1623358800 1210 2741 1210 2741
1623357000 1210 2741 1210 2741
1623355200 1210 2741 1210 2741
1623353400 1210 2741 1210 2741
1623351600 1210 2741 1210 2741
1623349800 1210 2741 1210 2741
1623348000 1210 2741 1210 2741
1623346200 1222 2630 1909 2741
1623344400 829 1897 2367 4278
1623342600 1224 1644 2367 2834
1623340800 1341 2042 2792 3707
1623339000 1116 902 2829 1672
1623337200 1155 597 3103 1181
1623335400 375 309 1303 421
1623333600 1920 351 4955 495
1623331800 144 260 147 264
1623330000 143 259 146 262
1623328200 145 261 150 266
1623326400 143 259 148 264
1623324600 144 260 146 262
1623322800 143 260 146 261
1623321000 144 260 147 264
1623319200 144 260 145 262
1623317400 143 260 148 262
1623315600 144 260 148 261
1623313800 144 260 147 263
1623312000 144 260 148 262
1623310200 144 260 151 262
1623308400 148 266 172 299
1623306600 144 261 148 263
1623304800 147 261 151 265
1623303000 145 260 684 461
1623301200 525 606 2160 954
1623299400 486 323 2160 623
1623297600 175 271 271 307
1623295800 479 340 1860 523
1623294000 254 321 523 410
1623292200 472 318 2059 501
1623290400 189 263 40888 2261
1623288600 28048 1701 124870 6373
1623286800 1861 528 7795 3471
1623285000 941 1820 7209 4363
1623283200 1989 5156 7209 6945
1623281400 886 1302 2094 4942
1623279600 1688 1281 4181 2051
1623277800 1249 1458 4181 2396
1623276000 1357 1148 5756 2396
1623274200 1203 548 4031 1062
1623272400 511 461 1090 686
1623270600 1115 1849 1873 4098
1623268800 4150 1864 6344 3544
1623267000 1198 1399 7087 3738
1623265200 1495 1531 7087 3221
1623263400 1032 1014 2235 1882
1623261600 4085 2126 6374 3767
1623259800 2719 2851 10264 6248
1623258000 871 4928 11999 23931
1623256200 10026 2791 23735 7345
1623254400 1031 1980 1855 4046
1623252600 1663 790 7152 854
1623250800 305 478 510 1659
1623249000 187 1050 333 2724
1623247200 149 276 160 366
1623245400 146 259 152 262
1623243600 146 259 152 261
1623241800 147 260 152 263
1623240000 147 260 154 264
1623238200 146 259 152 261
1623236400 146 260 151 262
1623234600 146 260 152 264
1623232800 146 261 156 266
1623231000 146 261 149 265
1623229200 146 260 152 264
1623227400 145 260 151 262
1623225600 146 260 154 262
1623223800 145 260 150 262
1623222000 147 261 156 266
1623220200 146 260 151 262
1623218400 149 265 184 293
1623216600 153 267 184 293
1623214800 144 260 252 341
1623213000 176 278 252 341
1623211200 172 265 245 281
1623209400 161 272 187 294
1623207600 374 278 641 299
1623205800 643 296 654 304
1623204000 580 308 1159 372
1623202200 314 302 952 372
1623200400 229 350 11072 680
1623198600 2697 488 11072 680
1623196800 711 1029 1446 1861
1623195000 1485 985 5363 1171
1623193200 437 693 1131 1183
1623191400 30666 3028 80879 7500
1623189600 56209 5187 80879 7500
1623187800 5696 870 30541 2727
1623186000 687 463 6106 762
1623184200 1527 726 16997 1834
1623182400 4591 1301 16997 1834
1623180600 959 984 1805 1807
1623178800 2766 1684 12372 3453
1623177000 3218 884 6971 1071
1623175200 1382 1966 3733 3756
1623173400 1565 895 4167 4697
1623171600 1816 2754 3561 4697
1623169800 1950 2146 3826 5592
1623168000 714 2454 1152 3751
1623166200 634 498 1635 732
1623164400 610 456 1635 596
1623162600 486 444 1072 501
1623160800 1214 642 4654 1778
1623159000 211 325 217 327
1623157200 211 325 218 329
1623155400 215 325 233 331
1623153600 210 326 216 329
1623151800 216 328 225 338
1623150000 210 325 215 332
1623148200 212 326 221 332
1623146400 214 328 240 352
1623144600 216 329 230 347
1623142800 406 347 3348 2288
1623141000 19166 1393 53799 2497
1623139200 4218 579 22698 1220
1623137400 629 380 757 410
1623135600 387 360 571 395
1623133800 3461 494 17342 1041
1623132000 462 612 1663 1941
1623130200 24551 1519 70609 3605
1623128400 456 405 601 489
1623126600 926 440 2584 627
1623124800 434 418 801 574
1623123000 47871 2708 110748 5761
1623121200 4601 630 26307 1464
1623119400 2002 557 6453 908
1623117600 1840 463 8818 636
1623115800 26141 2088 108910 5738
1623114000 9660 810 48597 2659
1623112200 3600 718 19172 1455
1623110400 1859 1265 7506 2444
1623108600 18976 3194 107261 7939
1623106800 109063 6361 117654 6838
1623105000 95986 5360 113368 6247
1623103200 3450 1031 11723 2004
1623101400 6964 994 14907 2055
1623099600 938 1689 2932 4871
1623097800 554 1841 1116 7886
1623096000 1841 710 8341 2090
1623094200 899 3065 1709 5652
1623092400 1096 1247 3170 2004
1623090600 908 2089 1198 4595
1623088800 1353 1912 3460 2970
1623087000 1596 3772 3460 7095
1623085200 722 2683 904 5454
1623083400 660 1696 1025 3734
1623081600 845 1447 1106 2988
1623079800 402 408 708 507
1623078000 241 341 344 359
1623076200 2135 550 5361 696
1623074400 854 444 2208 707
1623072600 256 366 481 542
1623070800 205 326 212 329
1623069000 206 326 210 333
1623067200 205 325 208 329
1623065400 207 326 216 332
1623063600 206 326 208 328
1623061800 206 326 211 328
1623060000 206 326 209 330
1623058200 206 325 210 329
1623056400 206 326 209 329
1623054600 205 325 208 328
1623052800 206 326 210 330
1623051000 206 325 211 329
1623049200 205 326 209 328
1623047400 206 325 211 331
1623045600 205 325 208 329
1623043800 205 325 208 327
1623042000 206 325 208 329
1623040200 207 325 210 330
1623038400 209 329 230 347
1623036600 206 326 228 334
1623034800 224 337 287 384
1623033000 246 357 317 420
1623031200 270 365 373 460
1623029400 755 440 1790 812
1623027600 279 352 374 386
1623025800 253 342 406 413
1623024000 296 362 406 413
1623022200 571 371 2260 559
1623020400 215 329 227 336
1623018600 207 326 213 331
1623016800 207 326 212 331
1623015000 206 326 210 328
1623013200 206 326 210 329
1623011400 206 326 209 329
1623009600 206 325 209 329
1623007800 208 326 224 328
1623006000 205 324 208 328
1623004200 256 367 436 512
1623002400 209 325 226 331
1623000600 206 326 211 330
1622998800 206 326 209 327
1622997000 206 326 212 334
1622995200 206 326 212 331
1622993400 206 325 211 331
1622991600 205 325 211 330
1622989800 206 325 208 328
1622988000 217 336 276 387
1622986200 205 324 208 328
1622984400 205 326 213 329
1622982600 206 325 210 327
1622980800 206 326 215 333
1622979000 206 326 215 333
1622977200 205 325 209 332
1622975400 207 325 211 328
1622973600 205 325 210 333
1622971800 206 326 236 356
1622970000 210 329 236 356
1622968200 205 327 209 328
1622966400 205 325 209 329
1622964600 206 325 209 329
1622962800 205 326 211 328
1622961000 207 326 211 331
1622959200 205 325 208 329
1622957400 206 326 210 331
1622955600 204 324 208 328
1622953800 205 326 211 330
1622952000 208 327 215 332
1622950200 1366 381 7135 647
1622948400 279 384 334 431
1622946600 206 325 209 329
1622944800 205 325 208 328
1622943000 205 324 208 328
1622941200 206 326 208 328
1622939400 206 326 209 328
1622937600 205 325 208 328
1622935800 205 325 209 331
1622934000 205 325 211 329
1622932200 205 325 210 331
1622930400 205 325 209 328
1622928600 205 325 209 328
1622926800 206 326 209 329
1622925000 205 325 209 329
1622923200 205 325 209 328
1622921400 251 363 485 554
1622919600 210 329 233 347
1622917800 269 415 538 527
1622916000 673 398 2283 516
1622914200 10488 653 39117 1545
1622912400 336 377 576 441
1622910600 207 326 211 327
1622908800 205 324 208 328
1622907000 206 325 211 333
1622905200 205 326 209 328
1622903400 205 325 241 358
1622901600 210 330 241 358
1622899800 206 325 209 329
1622898000 205 326 209 328
1622896200 206 325 210 329
1622894400 205 325 209 328
1622892600 206 326 208 330
1622890800 205 325 208 329
1622889000 205 325 208 329
1622887200 206 327 211 331
1622885400 206 326 208 328
1622883600 205 325 208 330
1622881800 206 327 211 329
1622880000 209 327 218 332
1622878200 202 326 213 332
1622876400 199 325 203 328
1622874600 199 325 202 330
1622872800 200 326 207 328
1622871000 207 326 211 330
1622869200 220 329 288 343
1622867400 209 330 228 351
1622865600 208 326 753 489
1622863800 298 353 753 489
1622862000 206 325 212 330
1622860200 205 326 210 330
1622858400 212 330 229 342
1622856600 981 819 3654 2940
1622854800 883 2047 1387 3300
1622853000 540 1465 959 2085
1622851200 585 960 1225 1167
1622849400 2412 1136 12308 2591
1622847600 591 1430 817 2343
1622845800 1873 931 5888 7876
1622844000 1043 2244 4138 7876
1622842200 399 934 490 2829
1622840400 264 349 300 393
1622838600 2117 1705 10762 5014
1622836800 1405 1215 3496 1752
1622835000 1122 2595 1738 4136
1622833200 1287 2309 1877 4343
1622831400 933 1622 1821 4343
1622829600 1063 798 3022 1128
1622827800 911 791 2536 1322
1622826000 537 982 698 1257
1622824200 476 2350 1152 3299
1622822400 632 1174 1152 2888
1622820600 560 533 1316 1149
1622818800 273 350 528 454
1622817000 211 328 220 340
1622815200 218 333 231 343
1622813400 221 337 254 361
1622811600 245 347 612 641
1622809800 324 418 612 641
1622808000 207 325 212 331
1622806200 210 326 230 340
1622804400 204 323 209 328
1622802600 210 327 222 335
1622800800 209 327 217 337
1622799000 226 335 281 358
1622797200 218 330 254 342
1622795400 222 333 268 377
1622793600 383 410 2281 499
1622791800 11279 643 62868 2112
1622790000 213 327 223 333
1622788200 226 338 268 379
1622786400 278 358 542 489
1622784600 234 342 291 379
1622782800 288 359 538 433
1622781000 309 381 446 422
1622779200 276 369 337 389
1622777400 480 463 1034 654
1622775600 212 326 229 332
1622773800 209 326 218 332
1622772000 2209 423 7358 626
1622770200 389 887 635 2572
1622768400 334 376 838 470
1622766600 259 357 303 410
1622764800 498 992 1062 2118
1622763000 750 1333 1387 2644
1622761200 616 1128 1041 1956
1622759400 1992 1728 5615 3027
1622757600 603 1253 1099 2082
1622755800 524 882 1077 1841
1622754000 470 483 819 774
1622752200 1120 1965 1934 2685
1622750400 1227 3297 1934 8128
1622748600 959 4172 6769 8128
1622746800 5734 4078 9759 7344
1622745000 1186 3855 2182 6095
1622743200 949 1637 2725 2430
1622741400 819 1229 1527 2264
1622739600 566 2348 1034 9047
1622737800 534 2829 878 5617
1622736000 429 1276 1232 3502
1622734200 488 974 882 1380
1622732400 240 322 434 587
1622730600 202 279 472 372
1622728800 162 267 269 313
1622727000 157 277 252 390
1622725200 131 249 135 253
1622723400 130 249 133 251
1622721600 131 249 135 256
1622719800 131 249 133 252
1622718000 131 249 137 252
1622716200 132 249 147 264
1622714400 134 253 436 497
1622712600 181 289 436 497
1622710800 131 250 136 253
1622709000 131 248 133 251
1622707200 131 249 138 254
1622705400 132 250 138 254
1622703600 130 249 133 251
1622701800 134 252 158 277
1622700000 132 249 181 251
1622698200 179 308 225 398
1622696400 145 266 187 348
1622694600 185 320 248 366
1622692800 281 381 479 528
1622691000 906 1241 1669 1893
1622689200 4229 1788 30924 3714
1622687400 32566 3897 34323 4054
1622685600 28521 3662 33447 3984
1622683800 16281 2766 33052 4008
1622682000 3543 2386 9925 2962
1622680200 17366 3359 74449 6187
1622678400 1444 5731 2542 8238
1622676600 1788 5924 2702 12870
1622674800 1661 4467 2272 10338
1622673000 1677 3986 2001 5360
1622671200 2088 5054 2583 6799
1622669400 6260 2082 17746 2786
1622667600 6478 2102 31532 3814
1622665800 1414 1881 1891 2339
1622664000 1727 2247 2547 2933
1622662200 4870 3184 22327 8545
1622660400 5643 4275 22327 8545
1622658600 3189 2938 6594 3704
1622656800 1449 1108 6594 3138
1622655000 723 2129 1814 6747
1622653200 872 1739 3057 2957
1622651400 1468 1849 3057 2393
1622649600 602 2632 1249 3785
1622647800 353 847 1166 2683
1622646000 240 1199 522 5412
1622644200 145 1376 152 4624
1622642400 142 258 145 261
1622640600 144 259 147 265
1622638800 142 260 145 262
1622637000 143 259 146 262
1622635200 142 259 145 262
1622633400 143 260 144 262
1622631600 142 260 146 263
1622629800 199 268 488 315
1622628000 143 260 149 262
1622626200 143 260 145 262
1622624400 142 260 145 262
1622622600 143 260 148 262
1622620800 143 260 145 263
1622619000 144 259 188 263
1622613600 211 283 1105 523
1622606400 180 272 638 523
1622599200 222 299 764 1382
1622592000 767 2541 1986 15045
1622584800 1960 778 17507 2322
1622577600 4005 4062 19473 6643
1622570400 1653 2659 7696 6966
1622563200 605 672 5859 2332
1622556000 206 274 848 418
1622548800 128 247 134 252
1622541600 128 247 151 267
1622534400 128 246 133 253
1622527200 593 294 7789 681
1622520000 138 253 547 703
1622512800 655 725 2637 1183
1622505600 1442 1178 8787 3017
1622498400 4254 1104 75107 4368
1622491200 5452 5058 10425 8127
1622484000 3645 2210 11913 4902
1622476800 2378 51415 11189 374292
1622469600 319 7773 4602 181636
1622462400 115 247 141 273
1622455200 119 247 153 252
1622448000 142 255 555 379
1622440800 121 246 128 252
1622433600 129 247 291 281
1622426400 128 250 224 295
1622419200 123 249 164 293
1622412000 135 253 440 356
1622404800 121 246 125 253
1622397600 121 246 126 251
1622390400 121 246 131 251
1622383200 133 257 423 496
1622376000 122 247 141 265
1622368800 121 246 125 252
1622361600 134 257 438 501
1622354400 186 302 433 561
1622347200 121 247 125 250
1622340000 121 247 124 250
1622332800 127 248 214 270
1622325600 116 248 142 274
1622318400 114 247 122 254
1622311200 120 247 137 261
1622304000 121 246 126 250
1622296800 133 257 426 497
1622289600 121 247 126 255
1622282400 121 247 125 251
1622275200 437 586 838 966
1622268000 580 713 873 873
1622260800 500 653 578 715
1622253600 50242 3389 595577 32422
1622246400 2051 1027 16255 1953
1622239200 737 765 1257 961
1622232000 1425 1065 7214 2473
1622224800 6348 1487 17211 3720
1622217600 9153 2011 36505 7712
1622210400 8750 939 35330 2891
1622203200 106 248 132 275
1622196000 113 253 323 422
1622188800 117 253 229 332
1622181600 147 257 902 494
1622174400 130 267 408 494
1622167200 26421 2331 38873 3468
1622160000 42627 3948 65580 6008
1622152800 11196 1451 47244 5762
1622145600 9028 2620 43990 5140
1622138400 8989 3181 29472 9521
1622131200 611 614 2124 1009
1622124000 110 260 172 476
1622116800 106 247 137 253
1622109600 105 247 109 253
1622102400 105 247 114 254
1622095200 17995 1065 140769 6640
1622088000 38315 2019 135811 6539
1622080800 1042 1010 4904 4752
1622073600 1214 1604 7211 5074
1622066400 1446 962 4747 2639
1622059200 2152 2225 15160 5128
1622052000 1360 2162 4022 7343
1622044800 510 823 1859 4249
1622037600 202 309 683 541
1622030400 131 268 136 276
1622023200 132 268 144 284
1622016000 136 272 219 324
1622008800 227 360 864 774
1622001600 182 327 663 1322
1621994400 1186 1629 5658 3851
1621987200 1541 1495 11449 3861
1621980000 614 956 6184 2755
1621972800 3866 1629 12332 4499
1621965600 2731 2227 11544 5872
1621958400 1837 1547 6856 4470
1621951200 196 272 1820 498
1621944000 102 247 115 267
1621936800 102 247 110 251
1621929600 347 513 528 706
1621922400 513 678 672 744
1621915200 1517 1537 20473 6632
1621908000 735 1576 1620 5025
1621900800 1573 1330 4038 3582
1621893600 2187 3019 8444 17846
1621886400 3197 12146 11940 169764
1621879200 7244 2845 104208 8415
1621872000 2859 936 36187 5351
1621864800 121 258 251 377
1621857600 115 257 404 493
1621850400 112 251 216 309
1621843200 102 246 109 252
1621836000 469 653 879 890
1621828800 531 725 879 889
1621821600 519 724 579 745
1621814400 546 739 677 812
1621807200 56018 3123 252314 11538
1621800000 6631 1001 146187 7041
1621792800 1394 809 10340 1386
1621785600 538 731 974 854
1621778400 517 722 529 738
1621771200 518 723 542 734
1621764000 518 724 526 730
1621756800 521 725 586 746
1621749600 550 740 910 865
1621742400 551 751 841 979
1621735200 530 1005 555 4045
1621728000 531 734 555 743
1621720800 638 748 2786 990
1621713600 535 736 568 769
1621706400 532 734 545 740
1621699200 605 815 1166 1795
1621692000 731 927 1572 1883
1621684800 531 735 557 760
1621677600 548 745 836 958
1621670400 767 763 2820 958
1621663200 591 778 873 986
1621656000 570 826 921 1100
1621648800 637 1290 1339 3021
1621641600 1451 4217 5011 21512
1621634400 703 459 8799 1586
1621627200 1440 1737 7306 6848
1621620000 2742 804 51385 5679
1621612800 2153 1593 36930 5679
1621605600 122 254 531 397
1621598400 103 246 110 252
1621591200 104 247 128 269
1621584000 104 247 112 253
1621576800 104 247 108 252
1621569600 108 250 154 299
1621562400 403 615 1090 1486
1621555200 1552 2211 7243 7353
1621548000 3362 962 21349 2237
1621540800 8286 2643 120423 7248
1621533600 1955 2116 9902 4393
1621526400 201 1071 676 4281
1621519200 102 247 125 266
1621512000 102 247 132 273
1621504800 101 247 109 253
1621497600 101 246 109 255
1621490400 201 296 705 632
1621483200 232 316 850 587
1621476000 1731 1221 16910 5116
1621468800 1421 1633 12796 8226
1621461600 5879 755 116399 3360
1621454400 2099 1561 8919 3306
1621447200 33054 3780 93004 7909
1621440000 4476 898 78317 5565
1621432800 130 270 137 284
1621425600 130 270 136 275
1621418400 142 279 444 517
1621411200 130 270 136 274
1621404000 206 459 662 1455
1621396800 202 484 662 1574
1621389600 1474 997 19996 3681
1621382400 2099 2751 20801 5752
1621375200 868 998 4579 16516
1621368000 2576 4202 11040 42885
1621360800 3819 2821 27836 8754
1621353600 2063 868 14093 3428
1621346400 105 249 126 274
1621339200 104 248 110 254
1621332000 104 248 113 252
1621324800 104 248 110 253
1621317600 105 249 131 269
1621310400 116 258 408 500
1621303200 461 383 6285 3355
1621296000 2968 2517 16684 10407
1621288800 2420 1915 18262 10180
1621281600 2961 2038 11777 5689
1621274400 3045 2291 10287 6965
1621267200 480 715 2086 2703
1621260000 123 258 502 369
1621252800 106 252 127 270
1621245600 112 255 142 281
1621238400 112 255 137 276
1621231200 534 295 6984 722
1621224000 153 266 529 407
1621216800 165 280 502 498
1621209600 130 266 389 383
1621202400 217 335 890 971
1621195200 142 277 433 520
1621188000 149 279 408 487
1621180800 117 258 142 277
1621173600 122 258 408 394
1621166400 103 248 112 254
1621159200 103 249 117 260
1621152000 103 248 109 252
1621144800 144 271 412 402
1621137600 138 263 809 449
1621130400 102 248 108 252
1621123200 114 254 395 403
1621116000 129 257 657 407
1621108800 103 248 122 253
1621101600 104 249 130 273
1621094400 103 248 108 253
1621087200 103 248 110 252
1621080000 103 249 108 253
1621072800 102 249 109 253
1621065600 104 249 136 292
1621058400 132 303 459 1184
1621051200 106 261 191 472
1621044000 596 535 7581 2448
1621036800 2201 1213 9434 3233
1621029600 4939 1293 19181 3300
1621022400 5651 3106 16501 8651
1621015200 3104 2285 13279 8754
1621008000 9832 1333 205690 10518
1621000800 132 254 661 393
1620993600 107 249 115 253
1620986400 107 248 114 253
1620979200 110 249 145 276
1620972000 161 268 619 446
1620964800 182 492 655 1985
1620957600 476 1259 2299 5080
1620950400 998 28260 13795 552585
1620943200 528 912 1572 3128
1620936000 71767 5355 552676 29923
1620928800 48363 3248 178641 10067
1620921600 3838 718 37715 2945
1620914400 121 258 483 435
1620907200 104 248 110 254
1620900000 104 249 112 255
1620892800 122584 256 6785987 400
1620885600 6625938 305 6967150 428
1620878400 86858 303 1085201 497
1620871200 556023 325 6899261 639
1620864000 1124429 1698 6873017 9036
1620856800 3472 1408 16964 3377
1620849600 5631 1744 26252 4396
1620842400 2260 1747 9410 4540
1620835200 273 1004 727 7422
1620828000 151 274 654 418
1620820800 105 249 122 269
1620813600 105 249 117 268
1620806400 107 249 157 300
1620799200 668 404 8465 1274
1620792000 159 278 543 513
1620784800 830 1442 7283 3591
1620777600 3661 2656 52186 7897
1620770400 3468 2309 36540 6140
1620763200 2948 2339 20993 9643
1620756000 3335 1813 21808 11508
1620748800 1858 833 13590 2295
1620741600 230 351 785 481
1620734400 181 325 192 332
1620727200 181 326 214 354
1620720000 179 323 190 331
1620712800 347 337 1715 522
1620705600 324 369 1922 709
1620698400 474 436 1100 709
1620691200 381 386 38771 1929
1620684000 23828 1892 45689 4300
1620676800 1042 2083 3754 5801
1620669600 1007 2094 4118 6019
1620662400 1047 647 8601 4727
1620655200 160 290 448 463
1620648000 105 248 110 254
1620640800 105 248 110 253
1620633600 106 248 123 266
1620626400 115 258 199 365
1620619200 140 272 257 334
1620612000 153 268 532 416
1620604800 112 249 274 273
1620597600 104 248 111 255
1620590400 105 248 110 255
1620583200 105 248 114 258
1620576000 106 249 126 267
1620568800 105 248 110 253
1620561600 105 248 111 252
1620554400 107 248 109 252
1620547200 105 249 110 254
1620540000 106 249 135 274
1620532800 119 256 348 342
1620525600 256 280 2825 543
1620518400 129 265 372 402
1620511200 181 347 624 1348
1620504000 233 421 561 1252
1620496800 178 302 401 571
1620489600 131 261 506 421
1620482400 106 248 114 258
1620475200 107 248 129 269
1620468000 106 250 136 273
1620460800 105 249 118 270
1620453600 144 268 458 421
1620446400 152 273 575 411
1620439200 331 1008 1444 4735
1620432000 2144 2746 12782 9601
1620424800 2118 822 12521 1637
1620417600 1722 2460 8093 13763
1620410400 2483 1962 8830 6737
1620403200 1294 926 7518 5733
1620396000 256 534 1689 5733
1620388800 105 249 112 254
1620381600 106 249 111 255
1620374400 106 249 113 256
1620367200 107 249 113 257
1620360000 107 250 113 254
1620352800 313 449 1931 2156
1620345600 1442 627 8858 1807
1620338400 1245 1403 8187 5907
1620331200 1494 1133 7840 2670
1620324000 853 1642 3369 8961
1620316800 554 1090 7821 5197
1620309600 534 280 8328 865
1620302400 106 248 110 253
1620295200 106 248 113 253
1620288000 105 248 111 254
1620280800 121 256 412 397
1620273600 148 269 455 405
1620266400 183 278 615 462
1620259200 2125 877 15404 4879
1620252000 2031 677 12601 2337
1620244800 1560 895 8553 2692
1620237600 37007 4008 300469 17819
1620230400 477 1134 1391 3846
1620223200 185 300 572 428
1620216000 145 282 177 309
1620208800 144 280 149 289
1620201600 144 280 150 286
1620194400 160 292 529 547
1620187200 918 425 11680 832
1620180000 681 951 1521 2456
1620172800 1077 2023 2917 5575
1620165600 4056 1292 23899 4619
1620158400 1475 1399 8247 4794
1620151200 1260 2061 5260 7132
1620144000 652 1597 1882 4902
1620136800 215 308 1080 626
1620129600 121 260 135 273
1620122400 121 260 128 266
1620115200 197 301 494 485
1620108000 171 292 433 413
1620100800 516 1173 1585 4081
1620093600 1890 2509 9798 5230
1620086400 3005 3851 11575 13782
1620079200 1010 2201 3394 6867
1620072000 2813 2741 23415 11087
1620064800 2101 2533 15914 8404
1620057600 532 851 1626 4432
1620050400 113 249 288 254
1620043200 105 249 116 255
1620036000 105 249 111 256
1620028800 106 251 119 266
1620021600 114 249 252 253
1620014400 143 270 427 421
1620007200 105 249 111 253
1620000000 350 252 581 285
1619992800 348 274 603 398
1619985600 120 252 314 305
1619978400 105 249 111 254
1619971200 242 259 540 498
1619964000 416 250 538 257
1619956800 105 249 112 254
1619949600 106 249 133 275
1619942400 138 265 348 396
1619935200 152 274 457 445
1619928000 105 250 124 268
1619920800 105 248 131 271
1619913600 455 277 879 484
1619906400 236 260 579 299
1619899200 120 256 457 410
1619892000 104 248 111 256
1619884800 139 265 436 384
1619877600 106 250 119 263
1619870400 128 254 158 263
1619863200 212 253 533 267
1619856000 435 249 529 258
1619848800 106 249 117 254
1619841600 175 285 3677 444
1619834400 2270 561 17550 1154
1619827200 1291 973 8155 2240
1619820000 3325 1318 18246 3712
1619812800 1719 1905 6070 3935
1619805600 1842 2492 6012 7891
1619798400 2768 701 19267 4572
1619791200 147 272 386 368
1619784000 131 260 389 280
1619776800 120 259 127 265
1619769600 120 260 128 266
1619762400 363 283 1204 790
1619755200 622 323 967 497
1619748000 1535 27597 15010 594105
1619740800 1931 2358 10294 17889
1619733600 4010 608 62013 4714
1619726400 1516 515 20498 1677
1619719200 51112 4989 361481 26235
1619712000 11619 1363 261485 13808
1619704800 168141 8971 267147 13984
1619697600 119 257 129 263
1619690400 120 258 132 266
1619683200 119 258 125 262
1619676000 167 275 605 401
1619668800 282 271 670 428
1619661600 778 846 1564 2788
1619654400 819 1725 1615 5501
1619647200 1880 1126 9733 5323
1619640000 1836 2110 9278 6920
1619632800 3146 1722 10547 8646
1619625600 398 368 6535 1324
1619618400 104 247 112 252
1619611200 105 247 124 253
1619604000 103 247 114 255
1619596800 104 247 111 251
1619589600 123 260 542 579
1619582400 282 268 682 561
1619575200 734 335 1517 575
1619568000 1776 729 15189 2201
1619560800 1628 671 7976 2438
1619553600 1508 1388 7310 6112
1619546400 1453 1828 9597 7338
1619539200 1571 1887 12349 13857
1619532000 139 276 188 297
1619524800 120 260 136 280
1619517600 119 259 128 268
1619510400 128 261 211 284
1619503200 182 287 839 584
1619496000 630 411 8551 1321
1619488800 1054 842 5158 1993
1619481600 907 731 3370 2701
1619474400 1190 581 8467 1240
1619467200 3125 1070 12371 3236
1619460000 2369 1759 7851 6799
1619452800 1473 694 7616 2120
1619445600 220 319 640 597
1619438400 130 270 176 336
1619431200 150 284 197 338
1619424000 130 262 227 288
1619416800 145 271 265 315
1619409600 149 258 280 284
1619402400 122 275 281 702
1619395200 133 262 414 500
1619388000 126 256 165 301
1619380800 206 293 690 510
1619373600 209 291 408 494
1619366400 319 325 683 507
1619359200 105 249 113 256
1619352000 104 248 111 256
1619344800 104 249 114 252
1619337600 106 251 142 288
1619330400 104 249 120 265
1619323200 324 322 721 542
1619316000 647 435 1565 854
1619308800 456 398 1035 602
1619301600 802 468 1239 608
1619294400 750 458 1260 646
1619287200 575 403 2697 665
1619280000 196 393 482 932
1619272800 170 300 504 633
1619265600 119 259 158 266
1619258400 136 273 548 592
1619251200 117 261 148 287
1619244000 145 276 528 416
1619236800 311 412 1214 1574
1619229600 374 1128 1064 3573
1619222400 800 1791 1640 5900
1619215200 2287 3112 8842 10104
1619208000 14310 2642 102444 6789
1619200800 11185 2282 102444 5108
1619193600 3968 1089 52182 3744
1619186400 185 269 1632 406
1619179200 129 270 321 430
1619172000 118 260 127 265
1619164800 3350 428 26815 1467
1619157600 4337 464 28234 1557
1619150400 6256 976 27722 2435
1619143200 602 1336 3928 2831
1619136000 2750 2248 32633 3918
1619128800 6646 1594 37022 2931
1619121600 1723 4111 5719 10182
1619114400 1600 2581 9202 4394
1619107200 465 811 2823 1592
1619100000 166 290 422 412
1619092800 119 260 123 268
1619085600 120 261 131 269
1619078400 125 263 175 298
1619071200 137 270 422 417
1619064000 572 345 8538 944
1619056800 473 1017 3179 5445
1619049600 1083 1921 5439 5445
1619042400 3015 1358 17353 3903
1619035200 6636 2423 61125 11282
1619028000 2012 1357 11118 4116
1619020800 1592 533 16921 2005
1619013600 183 279 817 407
1619006400 142 271 162 286
1618999200 143 273 175 297
1618992000 141 272 167 287
1618984800 140 271 165 285
1618977600 161 276 374 308
1618970400 414 971 4312 4718
1618963200 471 841 3946 4718
1618956000 2169 736 20715 2154
1618948800 1118 1117 4080 6221
1618941600 1417 1538 10565 4664
1618934400 341 706 1384 5242
1618927200 108 250 115 267
1618920000 111 251 126 266
1618912800 114 250 127 270
1618905600 115 249 122 266
1618898400 115 249 126 269
1618891200 158 410 287 1135
1618884000 205 494 754 4266
1618876800 1029 984 10067 6795
1618869600 1040 516 5967 1066
1618862400 1154 825 9125 2321
1618855200 1041 992 4637 2186
1618848000 1123 712 6131 1481
1618840800 237 431 1996 3222
1618833600 123 259 131 277
1618826400 123 259 132 275
1618819200 124 259 133 274
1618812000 130 285 180 708
1618804800 150 273 438 423
1618797600 152 275 494 486
1618790400 32028 1971 247564 13490
1618783200 125 260 136 273
1618776000 155 277 767 568
1618768800 126 262 147 284
1618761600 126 262 147 277
1618754400 125 261 147 287
1618747200 124 260 140 289
1618740000 125 261 156 285
1618732800 124 260 139 273
1618725600 125 261 143 280
1618718400 164 377 428 3771
1618711200 386 730 731 4297
1618704000 228 320 2003 995
1618696800 170 303 555 640
1618689600 210 470 529 1640
1618682400 198 477 550 1195
1618675200 122 265 149 345
1618668000 120 262 390 480
1618660800 133 270 390 480
1618653600 121 261 151 274
1618646400 119 260 133 274
1618639200 123 265 544 370
1618632000 142 269 635 457
1618624800 478 909 3095 4480
1618617600 1938 1826 13035 3210
1618610400 4359 1203 23834 2920
1618603200 3125 1030 11806 2249
1618596000 2080 2240 14375 6846
1618588800 792 744 6978 1911
1618581600 200 547 573 1014
1618574400 150 467 188 621
1618567200 148 482 210 728
1618560000 158 488 220 764
1618552800 304 507 2184 632
1618545600 437 597 1502 812
1618538400 2285 1306 13174 4240
1618531200 2018 2524 9956 7747
1618524000 1708 1077 13250 1887
1618516800 2587 1501 15565 5154
1618509600 4337 1472 42038 4497
1618502400 940 1552 7353 162823
1618495200 1065 11416 7353 162823
1618488000 299 454 406 1033
1618480800 367 717 567 4167
1618473600 401 994 812 11157
1618466400 1596 560 24472 1623
1618459200 410 513 685 677
1618452000 40378 9701 308357 103949
1618444800 2582 10806 10337 195007
1618437600 3570 30475 12008 454727
1618430400 131737 156133 479168 428816
1618423200 118768 80381 586266 440826
1618416000 46459 42234 465196 517240
1618408800 1019 1307 6248 5992
1618401600 888 2963 42370 41979
1618394400 2554 1220 42370 2974
1618387200 854 2191 1316 15508
1618380000 6740 189197 40108 1365537
1618372800 8596 128150 75372 1429907
1618365600 30724 205906 506674 582020
1618358400 45456 138472 467246 422474
1618351200 15937 111481 88459 284401
1618344000 6625 7953 48357 83325
1618336800 5225 16974 58998 198198
1618329600 467 443 3462 1677
1618322400 121 253 240 277
1618315200 127 267 152 297
1618308000 131 267 481 514
1618300800 124 257 448 412
1618293600 226 332 1918 1328
1618272000 5142 869 117454 9168
1618185600 162 259 5264 887
1618099200 189 434 4888 45561
1618012800 1231 600 43955 12596
1617926400 1709 957 27829 27392
1617840000 937 790 40304 27392
1617753600 828 879 29160 6379
1617667200 1019 793 48913 8166
1617580800 138 253 5691 729
1617494400 149 269 4808 1633
1617408000 236 428 5384 4763
1617321600 547 571 16856 5801
1617235200 1053 600 23126 12468
1617148800 4719 2985 391444 646663
1617062400 1137 374 61683 4896
1616976000 120 249 996 1174
1616889600 325 267 28625 1538
1616803200 676 523 21942 6529
1616716800 1268 922 23802 12711
1616630400 1401 1265 26170 23725
1616544000 510 755 22443 6283
1616457600 2379 577 109220 8118
1616371200 150 271 1771 1008
1616284800 475 384 47705 5218
1616198400 3210 1018 100429 7748
1616112000 2918 980 118834 10943
1616025600 3282 1257 145373 123532
1615939200 952 673 17209 7683
1615852800 141 268 1423 521
1615766400 127 256 1039 509
1615680000 604 443 14701 7228
1615593600 5641 3343 54788 649062
1615507200 7034 932 469371 25847
1615420800 722 674 9724 8461
1615334400 742 677 30806 11641
1615248000 1154 770 65911 6347
1615161600 147 271 2011 2998
1615075200 983 360 47843 4371
1614988800 1213 1223 68780 12246
1614902400 2989 861 67640 6421
1614816000 1195 954 49359 15841
1614729600 879 734 47645 40009
1614643200 1685 580 56202 4198
1614556800 153 266 969 500
1614470400 219 341 1999 4720
1614384000 1313 995 30386 14677
1614297600 5210 3673 377917 542469
1614211200 1752 890 78388 34549
1614124800 1024 1107 28176 17592
1614038400 716 586 17852 4707
1613952000 193 278 6749 3935
1613865600 906 375 27708 2422
1613779200 764 855 15633 14806
1613692800 563 867 20672 7462
1613606400 1312 1230 24410 17177
1613520000 2618 1066 74379 9075
1613433600 930 564 30470 6431
1613347200 150 270 4726 3842
1613260800 297 2597 16280 632054
1613174400 4816 917 536833 28993
1613088000 1178 780 49782 38568
1613001600 160909 566 5273944 7533
1612915200 10333 603 1530790 7431
1612828800 635 934 21262 12219
1612742400 138 287 1898 3699
1612656000 272 360 2962 853
1612569600 463 713 18868 6046
1612483200 683 610 26460 7248
1612396800 6859 937 43369 7163
1612310400 8394 1122 48622 6465
1612224000 11269 1169 44183 17693
1612137600 5211 642 42544 3468
1612051200 12696 1241 50894 4185
1611964800 2564 746 36263 14591
1611878400 11397 3389 503792 630705
1611792000 3564 782 72921 13904
1611705600 4296 902 108939 8293
1611619200 2042 826 50712 14920
1611532800 71 255 566 523
1611446400 95 322 1712 2141
1611360000 1684 760 39905 4373
1611273600 3159 617 92869 6659
1611187200 2531 743 123392 7923
1611100800 716 646 13843 8003
1611014400 0 0 0 0
1610928000 0 0 0 0
1610841600 0 0 0 0
1610755200 0 0 0 0
1610668800 0 0 0 0
1610582400 0 0 0 0
1610496000 0 0 0 0
1610409600 0 0 0 0
1610323200 0 0 0 0
1610236800 0 0 0 0
1610150400 0 0 0 0
1610064000 0 0 0 0
1609977600 0 0 0 0
1609891200 0 0 0 0
1609804800 0 0 0 0
1609718400 0 0 0 0
1609632000 0 0 0 0
1609545600 0 0 0 0
1609459200 0 0 0 0
1609372800 0 0 0 0
1609286400 0 0 0 0
1609200000 0 0 0 0
1609113600 0 0 0 0
1609027200 0 0 0 0
1608940800 0 0 0 0
1608854400 0 0 0 0
1608768000 0 0 0 0
1608681600 0 0 0 0
1608595200 0 0 0 0
1608508800 0 0 0 0
1608422400 0 0 0 0
1608336000 0 0 0 0
1608249600 0 0 0 0
1608163200 0 0 0 0
1608076800 0 0 0 0
1607990400 0 0 0 0
1607904000 0 0 0 0
1607817600 0 0 0 0
1607731200 0 0 0 0
1607644800 0 0 0 0
1607558400 0 0 0 0
1607472000 0 0 0 0
1607385600 0 0 0 0
1607299200 0 0 0 0
1607212800 0 0 0 0
1607126400 0 0 0 0
1607040000 0 0 0 0
1606953600 0 0 0 0
1606867200 0 0 0 0
1606780800 0 0 0 0
1606694400 0 0 0 0
1606608000 0 0 0 0
1606521600 0 0 0 0
1606435200 0 0 0 0
1606348800 0 0 0 0
1606262400 0 0 0 0
1606176000 0 0 0 0
1606089600 0 0 0 0
1606003200 0 0 0 0
1605916800 0 0 0 0
1605830400 0 0 0 0
1605744000 0 0 0 0
1605657600 0 0 0 0
1605571200 0 0 0 0
1605484800 0 0 0 0
1605398400 0 0 0 0
1605312000 0 0 0 0
1605225600 0 0 0 0
1605139200 0 0 0 0
1605052800 0 0 0 0
1604966400 0 0 0 0
1604880000 0 0 0 0
1604793600 0 0 0 0
1604707200 0 0 0 0
1604620800 0 0 0 0
1604534400 0 0 0 0
1604448000 0 0 0 0
1604361600 0 0 0 0
1604275200 0 0 0 0
1604188800 0 0 0 0
1604102400 0 0 0 0
1604016000 0 0 0 0
1603929600 0 0 0 0
1603843200 0 0 0 0
1603756800 0 0 0 0
1603670400 0 0 0 0
1603584000 0 0 0 0
1603497600 0 0 0 0
1603411200 0 0 0 0
1603324800 0 0 0 0
1603238400 0 0 0 0
1603152000 0 0 0 0
1603065600 0 0 0 0
1602979200 0 0 0 0
1602892800 0 0 0 0
1602806400 0 0 0 0
1602720000 0 0 0 0
1602633600 0 0 0 0
1602547200 0 0 0 0
1602460800 0 0 0 0
1602374400 0 0 0 0
1602288000 0 0 0 0
1602201600 0 0 0 0
1602115200 0 0 0 0
1602028800 0 0 0 0
1601942400 0 0 0 0
1601856000 0 0 0 0
1601769600 0 0 0 0
1601683200 0 0 0 0
1601596800 0 0 0 0
1601510400 0 0 0 0
1601424000 0 0 0 0
1601337600 0 0 0 0
1601251200 0 0 0 0
1601164800 0 0 0 0
1601078400 0 0 0 0
1600992000 0 0 0 0
1600905600 0 0 0 0
1600819200 0 0 0 0
1600732800 0 0 0 0
1600646400 0 0 0 0
1600560000 0 0 0 0
1600473600 0 0 0 0
1600387200 0 0 0 0
1600300800 0 0 0 0
1600214400 0 0 0 0
1600128000 0 0 0 0
1600041600 0 0 0 0
1599955200 0 0 0 0
1599868800 0 0 0 0
1599782400 0 0 0 0
1599696000 0 0 0 0
1599609600 0 0 0 0
1599523200 0 0 0 0
1599436800 0 0 0 0
1599350400 0 0 0 0
1599264000 0 0 0 0
1599177600 0 0 0 0
1599091200 0 0 0 0
1599004800 0 0 0 0
1598918400 0 0 0 0
1598832000 0 0 0 0
1598745600 0 0 0 0
1598659200 0 0 0 0
1598572800 0 0 0 0
1598486400 0 0 0 0
1598400000 0 0 0 0
1598313600 0 0 0 0
1598227200 0 0 0 0
1598140800 0 0 0 0
1598054400 0 0 0 0
1597968000 0 0 0 0
1597881600 0 0 0 0
1597795200 0 0 0 0
1597708800 0 0 0 0
1597622400 0 0 0 0
1597536000 0 0 0 0
1597449600 0 0 0 0
1597363200 0 0 0 0
1597276800 0 0 0 0
1597190400 0 0 0 0
1597104000 0 0 0 0
1597017600 0 0 0 0
1596931200 0 0 0 0
1596844800 0 0 0 0
1596758400 0 0 0 0
1596672000 0 0 0 0
1596585600 0 0 0 0
1596499200 0 0 0 0
1596412800 0 0 0 0
1596326400 0 0 0 0
1596240000 0 0 0 0
1596153600 0 0 0 0
1596067200 0 0 0 0
1595980800 0 0 0 0
1595894400 0 0 0 0
1595808000 0 0 0 0
1595721600 0 0 0 0
1595635200 0 0 0 0
1595548800 0 0 0 0
1595462400 0 0 0 0
1595376000 0 0 0 0
1595289600 0 0 0 0
1595203200 0 0 0 0
1595116800 0 0 0 0
1595030400 0 0 0 0
1594944000 0 0 0 0
1594857600 0 0 0 0
1594771200 0 0 0 0
1594684800 0 0 0 0
1594598400 0 0 0 0
1594512000 0 0 0 0
1594425600 0 0 0 0
1594339200 0 0 0 0
1594252800 0 0 0 0
1594166400 0 0 0 0
1594080000 0 0 0 0
1593993600 0 0 0 0
1593907200 0 0 0 0
1593820800 0 0 0 0
1593734400 0 0 0 0
1593648000 0 0 0 0
1593561600 0 0 0 0
1593475200 0 0 0 0
1593388800 0 0 0 0
1593302400 0 0 0 0
1593216000 0 0 0 0
1593129600 0 0 0 0
1593043200 0 0 0 0
1592956800 0 0 0 0
1592870400 0 0 0 0
1592784000 0 0 0 0
1592697600 0 0 0 0
1592611200 0 0 0 0
1592524800 0 0 0 0
1592438400 0 0 0 0
1592352000 0 0 0 0
1592265600 0 0 0 0
1592179200 0 0 0 0
1592092800 0 0 0 0
1592006400 0 0 0 0
1591920000 0 0 0 0
1591833600 0 0 0 0
1591747200 0 0 0 0
1591660800 0 0 0 0
1591574400 0 0 0 0
1591488000 0 0 0 0
1591401600 0 0 0 0
1591315200 0 0 0 0
1591228800 0 0 0 0
1591142400 0 0 0 0
1591056000 0 0 0 0
1590969600 0 0 0 0
1590883200 0 0 0 0
1590796800 0 0 0 0
1590710400 0 0 0 0
1590624000 0 0 0 0
1590537600 0 0 0 0
1590451200 0 0 0 0
1590364800 0 0 0 0
1590278400 0 0 0 0
1590192000 0 0 0 0
1590105600 0 0 0 0
1590019200 0 0 0 0
1589932800 0 0 0 0
1589846400 0 0 0 0
1589760000 0 0 0 0
1589673600 0 0 0 0
1589587200 0 0 0 0
1589500800 0 0 0 0
1589414400 0 0 0 0
1589328000 0 0 0 0
1589241600 0 0 0 0
1589155200 0 0 0 0
1589068800 0 0 0 0
1588982400 0 0 0 0
1588896000 0 0 0 0
1588809600 0 0 0 0
1588723200 0 0 0 0
1588636800 0 0 0 0
1588550400 0 0 0 0
1588464000 0 0 0 0
1588377600 0 0 0 0
1588291200 0 0 0 0
1588204800 0 0 0 0
1588118400 0 0 0 0
1588032000 0 0 0 0
1587945600 0 0 0 0
1587859200 0 0 0 0
1587772800 0 0 0 0
1587686400 0 0 0 0
1587600000 0 0 0 0
1587513600 0 0 0 0
1587427200 0 0 0 0
1587340800 0 0 0 0
1587254400 0 0 0 0
1587168000 0 0 0 0
1587081600 0 0 0 0
1586995200 0 0 0 0
1586908800 0 0 0 0
1586822400 0 0 0 0
1586736000 0 0 0 0
1586649600 0 0 0 0
1586563200 0 0 0 0
1586476800 0 0 0 0
1586390400 0 0 0 0
1586304000 0 0 0 0
1586217600 0 0 0 0
1586131200 0 0 0 0
1586044800 0 0 0 0
1585958400 0 0 0 0
1585872000 0 0 0 0
1585785600 0 0 0 0
1585699200 0 0 0 0
1585612800 0 0 0 0
1585526400 0 0 0 0
1585440000 0 0 0 0
1585353600 0 0 0 0
1585267200 0 0 0 0
1585180800 0 0 0 0
1585094400 0 0 0 0
1585008000 0 0 0 0
1584921600 0 0 0 0
1584835200 0 0 0 0
1584748800 0 0 0 0
1584662400 0 0 0 0
1584576000 0 0 0 0
1584489600 0 0 0 0
1584403200 0 0 0 0
1584316800 0 0 0 0
1584230400 0 0 0 0
1584144000 0 0 0 0
1584057600 0 0 0 0
1583971200 0 0 0 0
1583884800 0 0 0 0
1583798400 0 0 0 0
1583712000 0 0 0 0
1583625600 0 0 0 0
1583539200 0 0 0 0
1583452800 0 0 0 0
1583366400 0 0 0 0
1583280000 0 0 0 0
1583193600 0 0 0 0
1583107200 0 0 0 0
1583020800 0 0 0 0
1582934400 0 0 0 0
1582848000 0 0 0 0
1582761600 0 0 0 0
1582675200 0 0 0 0
1582588800 0 0 0 0
1582502400 0 0 0 0
1582416000 0 0 0 0
1582329600 0 0 0 0
1582243200 0 0 0 0
1582156800 0 0 0 0
1582070400 0 0 0 0
1581984000 0 0 0 0
1581897600 0 0 0 0
1581811200 0 0 0 0
1581724800 0 0 0 0
1581638400 0 0 0 0
1581552000 0 0 0 0
1581465600 0 0 0 0
1581379200 0 0 0 0
1581292800 0 0 0 0
1581206400 0 0 0 0
1581120000 0 0 0 0
1581033600 0 0 0 0
1580947200 0 0 0 0
1580860800 0 0 0 0
1580774400 0 0 0 0
1580688000 0 0 0 0
1580601600 0 0 0 0
1580515200 0 0 0 0
1580428800 0 0 0 0
1580342400 0 0 0 0
1580256000 0 0 0 0
1580169600 0 0 0 0
1580083200 0 0 0 0
1579996800 0 0 0 0
1579910400 0 0 0 0
1579824000 0 0 0 0
1579737600 0 0 0 0
1579651200 0 0 0 0
1579564800 0 0 0 0
1579478400 0 0 0 0
1579392000 0 0 0 0
1579305600 0 0 0 0
1579219200 0 0 0 0
1579132800 0 0 0 0
1579046400 0 0 0 0
1578960000 0 0 0 0
1578873600 0 0 0 0
1578787200 0 0 0 0
1578700800 0 0 0 0
1578614400 0 0 0 0
1578528000 0 0 0 0
1578441600 0 0 0 0
1578355200 0 0 0 0
1578268800 0 0 0 0
1578182400 0 0 0 0
1578096000 0 0 0 0
1578009600 0 0 0 0
1577923200 0 0 0 0
1577836800 0 0 0 0
1577750400 0 0 0 0
1577664000 0 0 0 0
1577577600 0 0 0 0
1577491200 0 0 0 0
1577404800 0 0 0 0
1577318400 0 0 0 0
1577232000 0 0 0 0
1577145600 0 0 0 0
1577059200 0 0 0 0
1576972800 0 0 0 0
1576886400 0 0 0 0
1576800000 0 0 0 0
1576713600 0 0 0 0
1576627200 0 0 0 0
1576540800 0 0 0 0
1576454400 0 0 0 0
1576368000 0 0 0 0
1576281600 0 0 0 0
1576195200 0 0 0 0
1576108800 0 0 0 0
1576022400 0 0 0 0
1575936000 0 0 0 0
1575849600 0 0 0 0
1575763200 0 0 0 0
1575676800 0 0 0 0
1575590400 0 0 0 0
1575504000 0 0 0 0
1575417600 0 0 0 0
1575331200 0 0 0 0
1575244800 0 0 0 0
1575158400 0 0 0 0
1575072000 0 0 0 0
1574985600 0 0 0 0
1574899200 0 0 0 0
1574812800 0 0 0 0
1574726400 0 0 0 0
1574640000 0 0 0 0
1574553600 0 0 0 0
1574467200 0 0 0 0
1574380800 0 0 0 0
1574294400 0 0 0 0
1574208000 0 0 0 0
1574121600 0 0 0 0
1574035200 0 0 0 0
1573948800 0 0 0 0
1573862400 0 0 0 0
1573776000 0 0 0 0
1573689600 0 0 0 0
1573603200 0 0 0 0
1573516800 0 0 0 0
1573430400 0 0 0 0
1573344000 0 0 0 0
1573257600 0 0 0 0
1573171200 0 0 0 0
1573084800 0 0 0 0
1572998400 0 0 0 0
1572912000 0 0 0 0
1572825600 0 0 0 0
1572739200 0 0 0 0
1572652800 0 0 0 0
1572566400 0 0 0 0
1572480000 0 0 0 0
1572393600 0 0 0 0
1572307200 0 0 0 0
1572220800 0 0 0 0
1572134400 0 0 0 0
1572048000 0 0 0 0
1571961600 0 0 0 0
1571875200 0 0 0 0
1571788800 0 0 0 0
1571702400 0 0 0 0
1571616000 0 0 0 0
1571529600 0 0 0 0
1571443200 0 0 0 0
1571356800 0 0 0 0
1571270400 0 0 0 0
1571184000 0 0 0 0
1571097600 0 0 0 0
1571011200 0 0 0 0
1570924800 0 0 0 0
1570838400 0 0 0 0
1570752000 0 0 0 0
1570665600 0 0 0 0
1570579200 0 0 0 0
1570492800 0 0 0 0
1570406400 0 0 0 0
1570320000 0 0 0 0
1570233600 0 0 0 0
1570147200 0 0 0 0
1570060800 0 0 0 0
1569974400 0 0 0 0
1569888000 0 0 0 0
1569801600 0 0 0 0
1569715200 0 0 0 0
1569628800 0 0 0 0
1569542400 0 0 0 0
1569456000 0 0 0 0
1569369600 0 0 0 0
1569283200 0 0 0 0
1569196800 0 0 0 0
1569110400 0 0 0 0
1569024000 0 0 0 0
1568937600 0 0 0 0
1568851200 0 0 0 0
1568764800 0 0 0 0
1568678400 0 0 0 0
1568592000 0 0 0 0
1568505600 0 0 0 0
1568419200 0 0 0 0
1568332800 0 0 0 0
1568246400 0 0 0 0
1568160000 0 0 0 0
1568073600 0 0 0 0
1567987200 0 0 0 0
1567900800 0 0 0 0
1567814400 0 0 0 0
1567728000 0 0 0 0
1567641600 0 0 0 0
1567555200 0 0 0 0
1567468800 0 0 0 0
1567382400 0 0 0 0
1567296000 0 0 0 0
1567209600 0 0 0 0
1567123200 0 0 0 0
1567036800 0 0 0 0
1566950400 0 0 0 0
1566864000 0 0 0 0
1566777600 0 0 0 0
1566691200 0 0 0 0
1566604800 0 0 0 0
1566518400 0 0 0 0
1566432000 0 0 0 0
1566345600 0 0 0 0
1566259200 0 0 0 0
1566172800 0 0 0 0
1566086400 0 0 0 0
1566000000 0 0 0 0
1565913600 0 0 0 0
1565827200 0 0 0 0
1565740800 0 0 0 0
1565654400 0 0 0 0
1565568000 0 0 0 0
1565481600 0 0 0 0
1565395200 0 0 0 0
1565308800 0 0 0 0
1565222400 0 0 0 0
1565136000 0 0 0 0
1565049600 0 0 0 0
1564963200 0 0 0 0
1564876800 0 0 0 0
1564790400 0 0 0 0
1564704000 0 0 0 0
1564617600 0 0 0 0
1564531200 0 0 0 0
1564444800 0 0 0 0
1564358400 0 0 0 0
1564272000 0 0 0 0
1564185600 0 0 0 0
1564099200 0 0 0 0
1564012800 0 0 0 0
1563926400 0 0 0 0
1563840000 0 0 0 0
1563753600 0 0 0 0
1563667200 0 0 0 0
1563580800 0 0 0 0
1563494400 0 0 0 0
1563408000 0 0 0 0
1563321600 0 0 0 0
1563235200 0 0 0 0
1563148800 0 0 0 0
1563062400 0 0 0 0
1562976000 0 0 0 0
1562889600 0 0 0 0
1562803200 0 0 0 0
1562716800 0 0 0 0
1562630400 0 0 0 0
1562544000 0 0 0 0
1562457600 0 0 0 0
1562371200 0 0 0 0
1562284800 0 0 0 0
1562198400 0 0 0 0
1562112000 0 0 0 0
1562025600 0 0 0 0
1561939200 0 0 0 0
1561852800 0 0 0 0
1561766400 0 0 0 0
1561680000 0 0 0 0
1561593600 0 0 0 0
1561507200 0 0 0 0
1561420800 0 0 0 0
1561334400 0 0 0 0
1561248000 0 0 0 0
1561161600 0 0 0 0
1561075200 0 0 0 0
1560988800 0 0 0 0
1560902400 0 0 0 0
1560816000 0 0 0 0
1560729600 0 0 0 0
1560643200 0 0 0 0
1560556800 0 0 0 0
1560470400 0 0 0 0
1560384000 0 0 0 0
1560297600 0 0 0 0
1560211200 0 0 0 0
1560124800 0 0 0 0
1560038400 0 0 0 0
1559952000 0 0 0 0
1559865600 0 0 0 0
1559779200 0 0 0 0
1559692800 0 0 0 0
1559606400 0 0 0 0
1559520000 0 0 0 0
1559433600 0 0 0 0
1559347200 0 0 0 0
1559260800 0 0 0 0
1559174400 0 0 0 0
1559088000 0 0 0 0
1559001600 0 0 0 0
1558915200 0 0 0 0
1558828800 0 0 0 0
1558742400 0 0 0 0
1558656000 0 0 0 0
1558569600 0 0 0 0
1558483200 0 0 0 0
1558396800 0 0 0 0
1558310400 0 0 0 0
1558224000 0 0 0 0
1558137600 0 0 0 0
1558051200 0 0 0 0
1557964800 0 0 0 0
1557878400 0 0 0 0
1557792000 0 0 0 0
1557705600 0 0 0 0
1557619200 0 0 0 0
1557532800 0 0 0 0
1557446400 0 0 0 0
1557360000 0 0 0 0
1557273600 0 0 0 0
1557187200 0 0 0 0
1557100800 0 0 0 0
1557014400 0 0 0 0
1556928000 0 0 0 0
1556841600 0 0 0 0
1556755200 0 0 0 0
1556668800 0 0 0 0
1556582400 0 0 0 0
1556496000 0 0 0 0
1556409600 0 0 0 0
1556323200 0 0 0 0
1556236800 0 0 0 0
1556150400 0 0 0 0
1556064000 0 0 0 0
1555977600 0 0 0 0
1555891200 0 0 0 0
1555804800 0 0 0 0
1555718400 0 0 0 0
1555632000 0 0 0 0
1555545600 0 0 0 0
1555459200 0 0 0 0
1555372800 0 0 0 0
1555286400 0 0 0 0
1555200000 0 0 0 0
1555113600 0 0 0 0
