1658432111 589657627 2006260024
1658432111 5285335 11046604 5285335 11046604
1658431812 6767595 10051493 6767595 10051493
1658431800 6665967 9958600 6767595 10051493
1658431500 4234084 7729214 4406566 7730027
1658431200 4405856 7738349 4406566 7938097
1658430900 4403861 7934910 4764923 7938097
1658430600 4753462 7837994 4764923 7858446
1658430300 4445709 7304047 4452369 7392789
1658430000 4290424 7472298 4807230 9561231
1658429700 4803798 9571163 4807230 9832115
1658429400 4690573 9768769 4713639 9832115
1658429100 4115977 8070987 4869261 8104512
1658428800 4879819 7277037 5133216 7532522
1658428500 5114339 7560951 5133216 8243260
1658428200 4679915 7918645 5126571 8243260
1658427900 5134379 478285 5321785 8887621
1658427600 5297637 8934517 5321785 10060024
1658427300 4727155 10046330 4965005 10060024
1658427000 4961637 9699722 4965005 10045396
1658426700 4888156 9969963 5281728 10045396
1658426400 5274321 7981495 5281728 7988148
1658426100 5080435 7815209 5098942 8038207
1658425800 5109336 8043846 5382429 8192020
1658425500 5356173 8119878 5382429 8192020
1658425200 4762430 6454806 5635886 8046357
1658424900 5613888 8058971 5635886 8390377
1658424600 5027834 8358192 5035967 8390377
1658424300 4824886 7517953 5106614 7658331
1658424000 5106577 7750556 5106614 10173567
1658423700 5095355 10163758 5105606 10173567
1658423400 4861261 9917399 5147433 9928343
1658423100 5123275 9683550 5147433 10440334
1658422800 4501441 10377050 4839269 10440334
1658422500 4836020 8750560 4839269 9700277
1658422200 4753677 9740906 4825979 10716010
1658421900 4828774 10716990 4895871 10740514
1658421600 4907036 10794790 5200394 12220788
1658421300 5212621 12092572 5533866 12220788
1658421000 5535337 8678489 5570665 8724002
1658420700 5566605 7699837 5570665 10427481
1658420400 5440097 10327020 5469178 10427481
1658420100 4727120 7885396 4742162 7915967
1658419800 4327706 7168561 4331939 9436930
1658419500 4215418 9535463 4216499 12124199
1658419200 4213137 12059488 4898699 12124199
1658418900 4898461 10322992 4898699 10359378
1658418600 4893812 9412627 4919043 9449748
1658418300 4934441 8443923 5304004 8521730
1658418000 5272709 6657705 5304004 8789213
1658417700 4457761 8757741 4648343 8789213
1658417400 4608632 7862534 4648343 7930888
1658417100 3839827 6115386 8261816 6222042
1658416800 8261816 3555666 8261816 3555666
1658416500 8261816 3555666 8261816 3555666
1658416200 8261816 3555666 8261816 3555666
1658415900 8261816 3555666 8261816 3555666
1658415600 8261816 3555666 8261816 3555666
1658415300 8261816 3555666 8261816 3555666
1658415000 8261816 3555666 8261816 3555666
1658414700 8261816 3555666 8261816 3555666
1658414400 8261816 3555666 8261816 3555666
1658414100 8261816 3555666 8261816 3555666
1658413800 8261816 3555666 8261816 3555666
1658413500 8261816 3555666 8261816 3555666
1658413200 8261816 3555666 8261816 3555666
1658412900 8261816 3555666 8261816 3555666
1658412600 8261816 3555666 8261816 3555666
1658412300 8261816 3555666 8261816 3555666
1658412000 8261816 3555666 8261816 3555666
1658411700 8261816 3555666 8261816 3555666
1658411400 8261816 3555666 8261816 3555666
1658411100 8261816 3555666 8261816 3555666
1658410800 8261816 3555666 8261816 3555666
1658410500 8261816 3555666 8261816 3555666
1658410200 8261816 3555666 8261816 3555666
1658409900 8261816 3555666 8261816 3555666
1658409600 8261816 3555666 8261816 3555666
1658409300 8261816 3555666 8261816 3555666
1658409000 8261816 3555666 8261816 3555666
1658408700 8261816 3555666 8261816 3555666
1658408400 8261816 3555666 8261816 3555666
1658408100 8261816 3555666 8261816 3555666
1658407800 8261816 3555666 8261816 3555666
1658407500 8261816 3555666 8261816 3555666
1658407200 8261816 3555666 8261816 3555666
1658406900 8261816 3555666 8261816 3555666
1658406600 8261816 3555666 8261816 3555666
1658406300 8261816 3555666 8261816 3555666
1658406000 8261816 3555666 8261816 3555666
1658405700 8261816 3555666 8261816 3555666
1658405400 8261816 3555666 8261816 3555666
1658405100 8261816 3555666 8261816 3555666
1658404800 8261816 3555666 8261816 3555666
1658404500 8261816 3555666 8261816 3555666
1658404200 8261816 3555666 8261816 3555666
1658403900 8261816 3555666 8261816 3555666
1658403600 8261816 3555666 8261816 3555666
1658403300 8261816 3555666 8261816 3555666
1658403000 8261816 3555666 8261816 3555666
1658402700 8261816 3555666 8261816 3555666
1658402400 8261816 3555666 8261816 3555666
1658402100 8261816 3555666 8261816 3555666
1658401800 8261816 3555666 8261816 3555666
1658401500 8261816 3555666 8261816 3555666
1658401200 8261816 3555666 8261816 3555666
1658400900 8261816 3555666 8261816 3555666
1658400600 8261816 3555666 8261816 3555666
1658400300 8261816 3555666 8261816 3555666
1658400000 8261816 3555666 8261816 3555666
1658399700 8261816 3555666 8261816 3555666
1658399400 8261816 3555666 8261816 3555666
1658399100 8261816 3555666 8261816 3555666
1658398800 8261816 3555666 8261816 3555666
1658398500 8261816 3555666 8261816 3555666
1658398200 8261816 3555666 8261816 3555666
1658397900 8261816 3555666 8261816 3555666
1658397600 8261816 3555666 8261816 3555666
1658397300 8261816 3555666 8261816 3555666
1658397000 8261816 3555666 8261816 3555666
1658396700 8261816 3555666 8261816 3555666
1658396400 8261816 3555666 8261816 3555666
1658396100 8261816 3555666 8261816 3555666
1658395800 8261816 3555666 8261816 3555666
1658395500 8261816 3555666 8261816 3555666
1658395200 8261816 3555666 8261816 3555666
1658394900 8261816 3555666 8261816 3555666
1658394600 8261816 3555666 8261816 3555666
1658394300 8261816 3555666 8261816 3555666
1658394000 8261816 3555666 8261816 3555666
1658393700 8261816 3555666 8261816 3555666
1658393400 8261816 3555666 8261816 3555666
1658393100 8261816 3555666 8261816 3555666
1658392800 8261816 3555666 8261816 3555666
1658392500 8261816 3555666 8261816 3555666
1658392200 8261816 3555666 8261816 3555666
1658391900 8261816 3555666 8261816 3555666
1658391600 8261816 3555666 8261816 3555666
1658391300 8261816 3555666 8261816 3555666
1658391000 8261816 3555666 8261816 3555666
1658390700 8261816 3555666 8261816 3555666
1658390400 8261816 3555666 8261816 3555666
1658390100 8261816 3555666 8261816 3555666
1658389800 8261816 3555666 8261816 3555666
1658389500 8261816 3555666 8261816 3555666
1658389200 8261816 3555666 8261816 3555666
1658388900 8261816 3555666 8261816 3555666
1658388600 8261816 3555666 8261816 3555666
1658388300 8261816 3555666 8261816 3555666
1658388000 8261816 3555666 8261816 3555666
1658387700 8261816 3555666 8261816 3555666
1658387400 8261816 3555666 8261816 3555666
1658387100 8261816 3555666 8261816 3555666
1658386800 8261816 3555666 8261816 3555666
1658386500 8261816 3555666 8261816 3555666
1658386200 8261816 3555666 8261816 3555666
1658385900 8261816 3555666 8261816 3555666
1658385600 8261816 3555666 8261816 3555666
1658385300 8261816 3555666 8261816 3555666
1658385000 8261816 3555666 8261816 3555666
1658384700 8261816 3555666 8261816 3555666
1658384400 8261816 3555666 8261816 3555666
1658384100 8261816 3555666 8261816 3555666
1658383800 8261816 3555666 8261816 3555666
1658383500 8261816 3555666 8261816 3555666
1658383200 8261816 3555666 8261816 3555666
1658382900 8261816 3555666 8261816 3555666
1658382600 8261816 3555666 8261816 3555666
1658382300 8261816 3555666 8261816 3555666
1658382000 8261816 3555666 8261816 3555666
1658381700 8261816 3555666 8261816 3555666
1658381400 8261816 3555666 8261816 3555666
1658381100 8261816 3555666 8261816 3555666
1658380800 8261816 3555666 8261816 3555666
1658380500 8261816 3555666 8261816 3555666
1658380200 8261816 3555666 8261816 3555666
1658379900 8261816 3555666 8261816 3555666
1658379600 8261816 3555666 8261816 3555666
1658379300 8261816 3555666 8261816 3555666
1658379000 8261816 3555666 8261816 3555666
1658378700 8261816 3555666 8261816 3555666
1658378400 8261816 3555666 8261816 3555666
1658378100 8261816 3555666 8261816 3555666
1658377800 8261816 3555666 8261816 3555666
1658377500 8261816 3555666 8261816 3555666
1658377200 8261816 3555666 8261816 3555666
1658376900 8261816 3555666 8261816 3555666
1658376600 8261816 3555666 8261816 3555666
1658376300 8261816 3555666 8261816 3555666
1658376000 8261816 3555666 8261816 3555666
1658375700 8261816 3555666 8261816 3555666
1658375400 8261816 3555666 8261816 3555666
1658375100 8261816 3555666 8261816 3555666
1658374800 8261816 3555666 8261816 3555666
1658374500 8261816 3555666 8261816 3555666
1658374200 8261816 3555666 8261816 3555666
1658373900 8261816 3555666 8261816 3555666
1658373600 8261816 3555666 8261816 3555666
1658373300 8261816 3555666 8261816 3555666
1658373000 8261816 3555666 8261816 3555666
1658372700 8261816 3555666 8261816 3555666
1658372400 8261816 3555666 8261816 3555666
1658372100 8261816 3555666 8261816 3555666
1658371800 8261816 3555666 8261816 3555666
1658371500 8261816 3555666 8261816 3555666
1658371200 8261816 3555666 8261816 3555666
1658370900 8261816 3555666 8261816 3555666
1658370600 8261816 3555666 8261816 3555666
1658370300 8261816 3555666 8261816 3555666
1658370000 8261816 3555666 8261816 3555666
1658369700 8261816 3555666 8261816 3555666
1658369400 8261816 3555666 8261816 3555666
1658369100 8261816 3555666 8261816 3555666
1658368800 8261816 3555666 8261816 3555666
1658368500 8261816 3555666 8261816 3555666
1658368200 8261816 3555666 8261816 3555666
1658367900 8261816 3555666 8261816 3555666
1658367600 8261816 3555666 8261816 3555666
1658367300 8261816 3555666 8261816 3555666
1658367000 8261816 3555666 8261816 3555666
1658366700 8261816 3555666 8261816 3555666
1658366400 8261816 3555666 8261816 3555666
1658366100 8261816 3555666 8261816 3555666
1658365800 8261816 3555666 8261816 3555666
1658365500 8261816 3555666 8261816 3555666
1658365200 8261816 3555666 8261816 3555666
1658364900 8261816 3555666 8261816 3555666
1658364600 8261816 3555666 8261816 3555666
1658364300 8261816 3555666 8261816 3555666
1658364000 8261816 3555666 8261816 3555666
1658363700 8261816 3555666 8261816 3555666
1658363400 8261816 3555666 8261816 3555666
1658363100 8261816 3555666 8261816 3555666
1658362800 8261816 3555666 8261816 3555666
1658362500 8261816 3555666 8261816 3555666
1658362200 8261816 3555666 8261816 3555666
1658361900 8261816 3555666 8261816 3555666
1658361600 8261816 3555666 8261816 3555666
1658361300 8261816 3555666 8261816 3555666
1658361000 8261816 3555666 8261816 3555666
1658360700 8261816 3555666 8261816 3555666
1658360400 8261816 3555666 8261816 3555666
1658360100 8261816 3555666 8261816 3555666
1658359800 8261816 3555666 8261816 3555666
1658359500 8261816 3555666 8261816 3555666
1658359200 8261816 3555666 8261816 3555666
1658358900 8261816 3555666 8261816 3555666
1658358600 8261816 3555666 8261816 3555666
1658358300 8261816 3555666 8261816 3555666
1658358000 8261816 3555666 8261816 3555666
1658357700 8261816 3555666 8261816 3555666
1658357400 8261816 3555666 8261816 3555666
1658357100 8261816 3555666 8261816 3555666
1658356800 8261816 3555666 8261816 3555666
1658356500 8261816 3555666 8261816 3555666
1658356200 8261816 3555666 8261816 3555666
1658355900 8261816 3555666 8261816 3555666
1658355600 8261816 3555666 8261816 3555666
1658355300 8261816 3555666 8261816 3555666
1658355000 8261816 3555666 8261816 3555666
1658354700 8261816 3555666 8261816 3555666
1658354400 8261816 3555666 8261816 3555666
1658354100 8261816 3555666 8261816 3555666
1658353800 8261816 3555666 8261816 3555666
1658353500 8261816 3555666 8261816 3555666
1658353200 8261816 3555666 8261816 3555666
1658352900 8261816 3555666 8261816 3555666
1658352600 8261816 3555666 8261816 3555666
1658352300 8261816 3555666 8261816 3555666
1658352000 8261816 3555666 8261816 3555666
1658351700 8261816 3555666 8261816 3555666
1658351400 8261816 3555666 8261816 3555666
1658351100 8261816 3555666 8261816 3555666
1658350800 8261816 3555666 8261816 3555666
1658350500 8261816 3555666 8261816 3555666
1658350200 8261816 3555666 8261816 3555666
1658349900 8261816 3555666 8261816 3555666
1658349600 8261816 3555666 8261816 3555666
1658349300 8261816 3555666 8261816 3555666
1658349000 8261816 3555666 8261816 3555666
1658348700 8261816 3555666 8261816 3555666
1658348400 8261816 3555666 8261816 3555666
1658348100 8261816 3555666 8261816 3555666
1658347800 8261816 3555666 8261816 3555666
1658347500 8261816 3555666 8261816 3555666
1658347200 8261816 3555666 8261816 3555666
1658346900 8261816 3555666 8261816 3555666
1658346600 8261816 3555666 8261816 3555666
1658346300 8261816 3555666 8261816 3555666
1658346000 8261816 3555666 8261816 3555666
1658345700 8261816 3555666 8261816 3555666
1658345400 8261816 3555666 8261816 3555666
1658345100 8261816 3555666 8261816 3555666
1658344800 8261816 3555666 8261816 3555666
1658344500 8261816 3555666 8261816 3555666
1658344200 8261816 3555666 8261816 3555666
1658343900 8261816 3555666 8261816 3555666
1658343600 8261816 3555666 8261816 3555666
1658343300 8261816 3555666 8261816 3555666
1658343000 8261816 3555666 8261816 3555666
1658342700 8261816 3555666 8261816 3555666
1658342400 8261816 3555666 8261816 3555666
1658342100 8261816 3555666 8261816 3555666
1658341800 8261816 3555666 8261816 3555666
1658341500 8261816 3555666 8261816 3555666
1658341200 8261816 3555666 8261816 3555666
1658340900 8261816 3555666 8261816 3555666
1658340600 8261816 3555666 8261816 3555666
1658340300 8261816 3555666 8261816 3555666
1658340000 8261816 3555666 8261816 3555666
1658339700 8261816 3555666 8261816 3555666
1658339400 8261816 3555666 8261816 3555666
1658339100 8261816 3555666 8261816 3555666
1658338800 8261816 3555666 8261816 3555666
1658338500 8261816 3555666 8261816 3555666
1658338200 8261816 3555666 8261816 3555666
1658337900 8261816 3555666 8261816 3555666
1658337600 8261816 3555666 8261816 3555666
1658337300 8261816 3555666 8261816 3555666
1658337000 8261816 3555666 8261816 3555666
1658336700 8261816 3555666 8261816 3555666
1658336400 8261816 3555666 8261816 3555666
1658336100 8261816 3555666 8261816 3555666
1658335800 8261816 3555666 8261816 3555666
1658335500 8261816 3555666 8261816 3555666
1658335200 8261816 3555666 8261816 3555666
1658334900 8261816 3555666 8261816 3555666
1658334600 8261816 3555666 8261816 3555666
1658334300 8261816 3555666 8261816 3555666
1658334000 8261816 3555666 8261816 3555666
1658333700 8261816 3555666 8261816 3555666
1658333400 8261816 3555666 8261816 3555666
1658333100 8261816 3555666 8261816 3555666
1658332800 8261816 3555666 8261816 3555666
1658332500 8261816 3555666 8261816 3555666
1658332200 8261816 3555666 8261816 3555666
1658331900 8261816 3555666 8261816 3555666
1658331600 8261816 3555666 8261816 3555666
1658331300 8261816 3555666 8261816 3555666
1658331000 8261816 3555666 8261816 3555666
1658330700 8261816 3555666 8261816 3555666
1658330400 8261816 3555666 8261816 3555666
1658330100 8261816 3555666 8261816 3555666
1658329800 8261816 3555666 8261816 3555666
1658329500 8261816 3555666 8261816 3555666
1658329200 8261816 3555666 8261816 3555666
1658328900 8261816 3555666 8261816 3555666
1658328600 8261816 3555666 8261816 3555666
1658328300 8261816 3555666 8261816 3555666
1658328000 8261816 3555666 8261816 3555666
1658327700 8261816 3555666 8261816 3555666
1658327400 8261816 3555666 8261816 3555666
1658327100 8261816 3555666 8261816 3555666
1658326800 8261816 3555666 8261816 3555666
1658326500 8261816 3555666 8261816 3555666
1658326200 8261816 3555666 8261816 3555666
1658325900 8261816 3555666 8261816 3555666
1658325600 8261816 3555666 8261816 3555666
1658325300 8261816 3555666 8261816 3555666
1658325000 8261816 3555666 8261816 3555666
1658324700 8261816 3555666 8261816 3555666
1658324400 8261816 3555666 8261816 3555666
1658324100 8261816 3555666 8261816 3555666
1658323800 8261816 3555666 8261816 3555666
1658323500 8261816 3555666 8261816 3555666
1658323200 8261816 3555666 8261816 3555666
1658322900 8261816 3555666 8261816 3555666
1658322600 8261816 3555666 8261816 3555666
1658322300 8261816 3555666 8261816 3555666
1658322000 8261816 3555666 8261816 3555666
1658321700 8261816 3555666 8261816 3555666
1658321400 8261816 3555666 8261816 3555666
1658321100 8261816 3555666 8261816 3555666
1658320800 8261816 3555666 8261816 3555666
1658320500 8261816 3555666 8261816 3555666
1658320200 8261816 3555666 8261816 3555666
1658319900 8261816 3555666 8261816 3555666
1658319600 8261816 3555666 8261816 3555666
1658319300 8261816 3555666 8261816 3555666
1658319000 8261816 3555666 8261816 3555666
1658318700 8261816 3555666 8261816 3555666
1658318400 8261816 3555666 8261816 3555666
1658318100 8261816 3555666 8261816 3555666
1658317800 8261816 3555666 8261816 3555666
1658317500 8261816 3555666 8261816 3555666
1658317200 8261816 3555666 8261816 3555666
1658316900 8261816 3555666 8261816 3555666
1658316600 8261816 3555666 8261816 3555666
1658316300 8261816 3555666 8261816 3555666
1658316000 8261816 3555666 8261816 3555666
1658315700 8261816 3555666 8261816 3555666
1658315400 8261816 3555666 8261816 3555666
1658315100 8261816 3555666 8261816 3555666
1658314800 8261816 3555666 8261816 3555666
1658314500 8261816 3555666 8261816 3555666
1658314200 8261816 3555666 8261816 3555666
1658313900 8261816 3555666 8261816 3555666
1658313600 8261816 3555666 8261816 3555666
1658313300 8261816 3555666 8261816 3555666
1658313000 8261816 3555666 8261816 3555666
1658312700 8261816 3555666 8261816 3555666
1658312400 8261816 3555666 8261816 3555666
1658312100 8261816 3555666 8261816 3555666
1658311800 8261816 3555666 8261816 3555666
1658311500 8261816 3555666 8261816 3555666
1658311200 8261816 3555666 8261816 3555666
1658310900 8261816 3555666 8261816 3555666
1658310600 8261816 3555666 8261816 3555666
1658310300 8261816 3555666 8261816 3555666
1658310000 8261816 3555666 8261816 3555666
1658309700 8261816 3555666 8261816 3555666
1658309400 8261816 3555666 8261816 3555666
1658309100 8261816 3555666 8261816 3555666
1658308800 8261816 3555666 8261816 3555666
1658308500 8261816 3555666 8261816 3555666
1658308200 8261816 3555666 8261816 3555666
1658307900 8261816 3555666 8261816 3555666
1658307600 8261816 3555666 8261816 3555666
1658307300 8261816 3555666 8261816 3555666
1658307000 8261816 3555666 8261816 3555666
1658306700 8261816 3555666 8261816 3555666
1658306400 8261816 3555666 8261816 3555666
1658306100 8261816 3555666 8261816 3555666
1658305800 8261816 3555666 8261816 3555666
1658305500 8261816 3555666 8261816 3555666
1658305200 8261816 3555666 8261816 3555666
1658304900 8261816 3555666 8261816 3555666
1658304600 8261816 3555666 8261816 3555666
1658304300 8261816 3555666 8261816 3555666
1658304000 8261816 3555666 8261816 3555666
1658303700 8261816 3555666 8261816 3555666
1658303400 8261816 3555666 8261816 3555666
1658303100 8261816 3555666 8261816 3555666
1658302800 8261816 3555666 8261816 3555666
1658302500 8261816 3555666 8261816 3555666
1658302200 8261816 3555666 8261816 3555666
1658301900 8261816 3555666 8261816 3555666
1658301600 8261816 3555666 8261816 3555666
1658301300 8261816 3555666 8261816 3555666
1658301000 8261816 3555666 8261816 3555666
1658300700 8261816 3555666 8261816 3555666
1658300400 8261816 3555666 8261816 3555666
1658300100 8261816 3555666 8261816 3555666
1658299800 8261816 3555666 8261816 3555666
1658299500 8261816 3555666 8261816 3555666
1658299200 8261816 3555666 8261816 3555666
1658298900 8261816 3555666 8261816 3555666
1658298600 8261816 3555666 8261816 3555666
1658298300 8261816 3555666 8261816 3555666
1658298000 8261816 3555666 8261816 3555666
1658297700 8261816 3555666 8261816 3555666
1658297400 8261816 3555666 8261816 3555666
1658297100 8261816 3555666 8261816 3555666
1658296800 8261816 3555666 8261816 3555666
1658296500 8261816 3555666 8261816 3555666
1658296200 8261816 3555666 8261816 3555666
1658295900 8261816 3555666 8261816 3555666
1658295600 8261816 3555666 8261816 3555666
1658295300 8261816 3555666 8261816 3555666
1658295000 8261816 3555666 8261816 3555666
1658294700 8261816 3555666 8261816 3555666
1658294400 8261816 3555666 8261816 3555666
1658294100 8261816 3555666 8261816 3555666
1658293800 8261816 3555666 8261816 3555666
1658293500 8261816 3555666 8261816 3555666
1658293200 8261816 3555666 8261816 3555666
1658292900 8261816 3555666 8261816 3555666
1658292600 8261816 3555666 8261816 3555666
1658292300 8261816 3555666 8261816 3555666
1658292000 8261816 3555666 8261816 3555666
1658291700 8261816 3555666 8261816 3555666
1658291400 8261816 3555666 8261816 3555666
1658291100 8261816 3555666 8261816 3555666
1658290800 8261816 3555666 8261816 3555666
1658290500 8261816 3555666 8261816 3555666
1658290200 8261816 3555666 8261816 3555666
1658289900 8261816 3555666 8261816 3555666
1658289600 8261816 3555666 8261816 3555666
1658289300 8261816 3555666 8261816 3555666
1658289000 8261816 3555666 8261816 3555666
1658288700 8261816 3555666 8261816 3555666
1658288400 8261816 3555666 8261816 3555666
1658288100 8261816 3555666 8261816 3555666
1658287800 8261816 3555666 8261816 3555666
1658287500 8261816 3555666 8261816 3555666
1658287200 8261816 3555666 8261816 3555666
1658286900 8261816 3555666 8261816 3555666
1658286600 8261816 3555666 8261816 3555666
1658286300 8261816 3555666 8261816 3555666
1658286000 8261816 3555666 8261816 3555666
1658285700 8261816 3555666 8261816 3555666
1658285400 8261816 3555666 8261816 3555666
1658285100 8261816 3555666 8261816 3555666
1658284800 8261816 3555666 8261816 3555666
1658284500 8261816 3555666 8261816 3555666
1658284200 8261816 3555666 8261816 3555666
1658283900 8261816 3555666 8261816 3555666
1658283600 8261816 3555666 8261816 3555666
1658283300 8261816 3555666 8261816 3555666
1658283000 8261816 3555666 8261816 3555666
1658282700 8261816 3555666 8261816 3555666
1658282400 8261816 3555666 8261816 3555666
1658282100 8261816 3555666 8261816 3555666
1658281800 8261816 3555666 8261816 3555666
1658281500 8261816 3555666 8261816 3555666
1658281200 8261816 3555666 8261816 3555666
1658280900 8261816 3555666 8261816 3555666
1658280600 8261816 3555666 8261816 3555666
1658280300 8261816 3555666 8261816 3555666
1658280000 8261816 3555666 8261816 3555666
1658279700 8261816 3555666 8261816 3555666
1658279400 8261816 3555666 8261816 3555666
1658279100 8261816 3555666 8261816 3555666
1658278800 8261816 3555666 8261816 3555666
1658278500 8261816 3555666 8261816 3555666
1658278200 8261816 3555666 8261816 3555666
1658277900 8261816 3555666 8261816 3555666
1658277600 8261816 3555666 8261816 3555666
1658277300 8261816 3555666 8261816 3555666
1658277000 8261816 3555666 8261816 3555666
1658276700 8261816 3555666 8261816 3555666
1658276400 8261816 3555666 8261816 3555666
1658276100 8261816 3555666 8261816 3555666
1658275800 8261816 3555666 8261816 3555666
1658275500 8261816 3555666 8261816 3555666
1658275200 8261816 3555666 8261816 3555666
1658274900 8261816 3555666 8261816 3555666
1658274600 8261816 3555666 8261816 3555666
1658274300 8261816 3555666 8261816 3555666
1658274000 8261816 3555666 8261816 3555666
1658273700 8261816 3555666 8261816 3555666
1658273400 8261816 3555666 8261816 3555666
1658273100 8261816 3555666 8261816 3555666
1658272800 8261816 3555666 8261816 3555666
1658272500 8261816 3555666 8261816 3555666
1658272200 8261816 3555666 8261816 3555666
1658271900 8261816 3555666 8261816 3555666
1658271600 8261816 3555666 8261816 3555666
1658271300 8261816 3555666 8261816 3555666
1658271000 8261816 3555666 8261816 3555666
1658270700 8261816 3555666 8261816 3555666
1658270400 8261816 3555666 8261816 3555666
1658270100 8261816 3555666 8261816 3555666
1658269800 8261816 3555666 8261816 3555666
1658269500 8261816 3555666 8261816 3555666
1658269200 8261816 3555666 8261816 3555666
1658268900 8261816 3555666 8261816 3555666
1658268600 8261816 3555666 8261816 3555666
1658268300 8261816 3555666 8261816 3555666
1658268000 8261816 3555666 8261816 3555666
1658267700 8261816 3555666 8261816 3555666
1658267400 8261816 3555666 8261816 3555666
1658267100 8261816 3555666 8261816 3555666
1658266800 8261816 3555666 8261816 3555666
1658266500 8261816 3555666 8261816 3555666
1658266200 8261816 3555666 8261816 3555666
1658265900 8261816 3555666 8261816 3555666
1658265600 8261816 3555666 8261816 3555666
1658265300 8261816 3555666 8261816 3555666
1658265000 8261816 3555666 8261816 3555666
1658264700 8261816 3555666 8261816 3555666
1658264400 8261816 3555666 8261816 3555666
1658264100 8261816 3555666 8261816 3555666
1658263800 8261816 3555666 8261816 3555666
1658263500 8261816 3555666 8261816 3555666
1658263200 8261816 3555666 8261816 3555666
1658262900 8261816 3555666 8261816 3555666
1658262600 8261816 3555666 8261816 3555666
1658262300 8261816 3555666 8261816 3555666
1658262000 8261816 3555666 8261816 3555666
1658261700 8261816 3555666 8261816 3555666
1658261400 8261816 3555666 8261816 3555666
1658261100 8261816 3555666 8261816 3555666
1658260800 8261816 3555666 8261816 3555666
1658260500 8261816 3555666 8261816 3555666
1658260200 8261816 3555666 8261816 3555666
1658259900 8261816 3555666 8261816 3555666
1658259600 8261816 3555666 8261816 3555666
1658259300 8261816 3555666 8261816 3555666
1658259000 8261816 3555666 8261816 3555666
1658258700 8261816 3555666 8261816 3555666
1658258400 8261816 3555666 8261816 3555666
1658258100 8261816 3555666 8261816 3555666
1658257800 8261816 3555666 8261816 3555666
1658257500 8261816 3555666 8261816 3555666
1658257200 8261816 3555666 8261816 3555666
1658256900 8261816 3555666 8261816 3555666
1658256600 8261816 3555666 8261816 3555666
1658256300 8261816 3555666 8261816 3555666
1658256000 8261816 3555666 8261816 3555666
1658255700 8261816 3555666 8261816 3555666
1658255400 8261816 3555666 8261816 3555666
1658255100 8261816 3555666 8261816 3555666
1658254800 8261816 3555666 8261816 3555666
1658254500 8261816 3555666 8261816 3555666
1658254200 8261816 3555666 8261816 3555666
1658253900 8261816 3555666 8261816 3555666
1658253600 8261816 3555666 8261816 3555666
1658253300 8261816 3555666 8261816 3555666
1658253000 8261816 3555666 8261816 3555666
1658252700 8261816 3555666 8261816 3555666
1658252400 8261816 3555666 8261816 3555666
1658252100 8261816 3555666 8261816 3555666
1658251800 8261816 3555666 8261816 3555666
1658250000 8261816 3555666 8261816 3555666
1658248200 8261816 3555666 8261816 3555666
1658246400 8261816 3555666 8261816 3555666
1658244600 8261816 3555666 8261816 3555666
1658242800 8261816 3555666 8261816 3555666
1658241000 8261816 3555666 8261816 3555666
1658239200 8261816 3555666 8261816 3555666
1658237400 8261816 3555666 8261816 3555666
1658235600 8261816 3555666 8261816 3555666
1658233800 8261816 3555666 8261816 3555666
1658232000 8261816 3555666 8261816 3555666
1658230200 8261816 3555666 8261816 3555666
1658228400 8261816 3555666 8261816 3555666
1658226600 8261816 3555666 8261816 3555666
1658224800 8261816 3555666 8261816 3555666
1658223000 8261816 3555666 8261816 3555666
1658221200 8261816 3555666 8261816 3555666
1658219400 8261816 3555666 8261816 3555666
1658217600 8261816 3555666 8261816 3555666
1658215800 8261816 3555666 8261816 3555666
1658214000 8261816 3555666 8261816 3555666
1658212200 8261816 3555666 8261816 3555666
1658210400 8261816 3555666 8261816 3555666
1658208600 8261816 3555666 8261816 3555666
1658206800 8261816 3555666 8261816 3555666
1658205000 8261816 3555666 8261816 3555666
1658203200 8261816 3555666 8261816 3555666
1658201400 8261816 3555666 8261816 3555666
1658199600 8261816 3555666 8261816 3555666
1658197800 8261816 3555666 8261816 3555666
1658196000 8261816 3555666 8261816 3555666
1658194200 8261816 3555666 8261816 3555666
1658192400 8261816 3555666 8261816 3555666
1658190600 8261816 3555666 8261816 3555666
1658188800 8261816 3555666 8261816 3555666
1658187000 8261816 3555666 8261816 3555666
1658185200 8261816 3555666 8261816 3555666
1658183400 8261816 3555666 8261816 3555666
1658181600 8261816 3555666 8261816 3555666
1658179800 8261816 3555666 8261816 3555666
1658178000 8261816 3555666 8261816 3555666
1658176200 8261816 3555666 8261816 3555666
1658174400 8261816 3555666 8261816 3555666
1658172600 8261816 3555666 8261816 3555666
1658170800 8261816 3555666 8261816 3555666
1658169000 8261816 3555666 8261816 3555666
1658167200 8261816 3555666 8261816 3555666
1658165400 8261816 3555666 8261816 3555666
1658163600 8261816 3555666 8261816 3555666
1658161800 8261816 3555666 8261816 3555666
1658160000 8261816 3555666 8261816 3555666
1658158200 8261816 3555666 8261816 3555666
1658156400 8261816 3555666 8261816 3555666
1658154600 8261816 3555666 8261816 3555666
1658152800 8261816 3555666 8261816 3555666
1658151000 8261816 3555666 8261816 3555666
1658149200 8261816 3555666 8261816 3555666
1658147400 8261816 3555666 8261816 3555666
1658145600 8261816 3555666 8261816 3555666
1658143800 8261816 3555666 8261816 3555666
1658142000 8261816 3555666 8261816 3555666
1658140200 8261816 3555666 8261816 3555666
1658138400 8261816 3555666 8261816 3555666
1658136600 8261816 3555666 8261816 3555666
1658134800 8261816 3555666 8261816 3555666
1658133000 8261816 3555666 8261816 3555666
1658131200 8261816 3555666 8261816 3555666
1658129400 8261816 3555666 8261816 3555666
1658127600 8261816 3555666 8261816 3555666
1658125800 8261816 3555666 8261816 3555666
1658124000 8261816 3555666 8261816 3555666
1658122200 8261816 3555666 8261816 3555666
1658120400 8261816 3555666 8261816 3555666
1658118600 8261816 3555666 8261816 3555666
1658116800 8261816 3555666 8261816 3555666
1658115000 8261816 3555666 8261816 3555666
1658113200 8261816 3555666 8261816 3555666
1658111400 8261816 3555666 8261816 3555666
1658109600 8261816 3555666 8261816 3555666
1658107800 8261816 3555666 8261816 3555666
1658106000 8261816 3555666 8261816 3555666
1658104200 8261816 3555666 8261816 3555666
1658102400 8261816 3555666 8261816 3555666
1658100600 8261816 3555666 8261816 3555666
1658098800 8261816 3555666 8261816 3555666
1658097000 8261816 3555666 8261816 3555666
1658095200 8261816 3555666 8261816 3555666
1658093400 8261816 3555666 8261816 3555666
1658091600 8261816 3555666 8261816 3555666
1658089800 8261816 3555666 8261816 3555666
1658088000 8261816 3555666 8261816 3555666
1658086200 8261816 3555666 8261816 3555666
1658084400 8261816 3555666 8261816 3555666
1658082600 8261816 3555666 8261816 3555666
1658080800 8261816 3555666 8261816 3555666
1658079000 8261816 3555666 8261816 3555666
1658077200 8261816 3555666 8261816 3555666
1658075400 8261816 3555666 8261816 3555666
1658073600 8261816 3555666 8261816 3555666
1658071800 8261816 3555666 8261816 3555666
1658070000 8261816 3555666 8261816 3555666
1658068200 8261816 3555666 8261816 3555666
1658066400 8261816 3555666 8261816 3555666
1658064600 8261816 3555666 8261816 3555666
1658062800 8261816 3555666 8261816 3555666
1658061000 8261816 3555666 8261816 3555666
1658059200 8261816 3555666 8261816 3555666
1658057400 8261816 3555666 8261816 3555666
1658055600 8261816 3555666 8261816 3555666
1658053800 8261816 3555666 8261816 3555666
1658052000 8261816 3555666 8261816 3555666
1658050200 8261816 3555666 8261816 3555666
1658048400 8261816 3555666 8261816 3555666
1658046600 8261816 3555666 8261816 3555666
1658044800 8261816 3555666 8261816 3555666
1658043000 8261816 3555666 8261816 3555666
1658041200 8261816 3555666 8261816 3555666
1658039400 8261816 3555666 8261816 3555666
1658037600 8261816 3555666 8261816 3555666
1658035800 8261816 3555666 8261816 3555666
1658034000 8261816 3555666 8261816 3555666
1658032200 8261816 3555666 8261816 3555666
1658030400 8261816 3555666 8261816 3555666
1658028600 8261816 3555666 8261816 3555666
1658026800 8261816 3555666 8261816 3555666
1658025000 8261816 3555666 8261816 3555666
1658023200 8261816 3555666 8261816 3555666
1658021400 8261816 3555666 8261816 3555666
1658019600 8261816 3555666 8261816 3555666
1658017800 8261816 3555666 8261816 3555666
1658016000 8261816 3555666 8261816 3555666
1658014200 8261816 3555666 8261816 3555666
1658012400 8261816 3555666 8261816 3555666
1658010600 8261816 3555666 8261816 3555666
1658008800 8261816 3555666 8261816 3555666
1658007000 8261816 3555666 8261816 3555666
1658005200 8261816 3555666 8261816 3555666
1658003400 8261816 3555666 8261816 3555666
1658001600 8261816 3555666 8261816 3555666
1657999800 8261816 3555666 8261816 3555666
1657998000 8261816 3555666 8261816 3555666
1657996200 8261816 3555666 8261816 3555666
1657994400 8261816 3555666 8261816 3555666
1657992600 8261816 3555666 8261816 3555666
1657990800 8261816 3555666 8261816 3555666
1657989000 8261816 3555666 8261816 3555666
1657987200 8261816 3555666 8261816 3555666
1657985400 8261816 3555666 8261816 3555666
1657983600 8261816 3555666 8261816 3555666
1657981800 8261816 3555666 8261816 3555666
1657980000 8261816 3555666 8261816 3555666
1657978200 8261816 3555666 8261816 3555666
1657976400 8261816 3555666 8261816 3555666
1657974600 8261816 3555666 8261816 3555666
1657972800 8261816 3555666 8261816 3555666
1657971000 8261816 3555666 8261816 3555666
1657969200 8261816 3555666 8261816 3555666
1657967400 8261816 3555666 8261816 3555666
1657965600 8261816 3555666 8261816 3555666
1657963800 8261816 3555666 8261816 3555666
1657962000 8261816 3555666 8261816 3555666
1657960200 8261816 3555666 8261816 3555666
1657958400 8261816 3555666 8261816 3555666
1657956600 8261816 3555666 8261816 3555666
1657954800 8261816 3555666 8261816 3555666
1657953000 8261816 3555666 8261816 3555666
1657951200 8261816 3555666 8261816 3555666
1657949400 8261816 3555666 8261816 3555666
1657947600 8261816 3555666 8261816 3555666
1657945800 8261816 3555666 8261816 3555666
1657944000 8261816 3555666 8261816 3555666
1657942200 8261816 3555666 8261816 3555666
1657940400 8261816 3555666 8261816 3555666
1657938600 8261816 3555666 8261816 3555666
1657936800 8261816 3555666 8261816 3555666
1657935000 8261816 3555666 8261816 3555666
1657933200 8261816 3555666 8261816 3555666
1657931400 8261816 3555666 8261816 3555666
1657929600 8261816 3555666 8261816 3555666
1657927800 8261816 3555666 8261816 3555666
1657926000 8261816 3555666 8261816 3555666
1657924200 8261816 3555666 8261816 3555666
1657922400 8261816 3555666 8261816 3555666
1657920600 8261816 3555666 8261816 3555666
1657918800 8261816 3555666 8261816 3555666
1657917000 8261816 3555666 8261816 3555666
1657915200 8261816 3555666 8261816 3555666
1657913400 8261816 3555666 8261816 3555666
1657911600 8261816 3555666 8261816 3555666
1657909800 8261816 3555666 8261816 3555666
1657908000 8261816 3555666 8261816 3555666
1657906200 8261816 3555666 8261816 3555666
1657904400 8261816 3555666 8261816 3555666
1657902600 8261816 3555666 8261816 3555666
1657900800 8261816 3555666 8261816 3555666
1657899000 8261816 3555666 8261816 3555666
1657897200 8261816 3555666 8261816 3555666
1657895400 8261816 3555666 8261816 3555666
1657893600 8261816 3555666 8261816 3555666
1657891800 8261816 3555666 8261816 3555666
1657890000 8261816 3555666 8261816 3555666
1657888200 8261816 3555666 8261816 3555666
1657886400 8261816 3555666 8261816 3555666
1657884600 8261816 3555666 8261816 3555666
1657882800 8261816 3555666 8261816 3555666
1657881000 8261816 3555666 8261816 3555666
1657879200 8261816 3555666 8261816 3555666
1657877400 8261816 3555666 8261816 3555666
1657875600 8261816 3555666 8261816 3555666
1657873800 8261816 3555666 8261816 3555666
1657872000 8261816 3555666 8261816 3555666
1657870200 8261816 3555666 8261816 3555666
1657868400 8261816 3555666 8261816 3555666
1657866600 8261816 3555666 8261816 3555666
1657864800 8261816 3555666 8261816 3555666
1657863000 8261816 3555666 8261816 3555666
1657861200 8261816 3555666 8261816 3555666
1657859400 8261816 3555666 8261816 3555666
1657857600 8261816 3555666 8261816 3555666
1657855800 8261816 3555666 8261816 3555666
1657854000 8261816 3555666 8261816 3555666
1657852200 8261816 3555666 8261816 3555666
1657850400 8261816 3555666 8261816 3555666
1657848600 8261816 3555666 8261816 3555666
1657846800 8261816 3555666 8261816 3555666
1657845000 8261816 3555666 8261816 3555666
1657843200 8261816 3555666 8261816 3555666
1657841400 8261816 3555666 8261816 3555666
1657839600 8261816 3555666 8261816 3555666
1657837800 8261816 3555666 8261816 3555666
1657836000 8261816 3555666 8261816 3555666
1657834200 8261816 3555666 8261816 3555666
1657832400 8261816 3555666 8261816 3555666
1657830600 8261816 3555666 8261816 3555666
1657828800 8261816 3555666 8261816 3555666
1657827000 8261816 3555666 8261816 3555666
1657825200 8261816 3555666 8261816 3555666
1657823400 8261816 3555666 8261816 3555666
1657821600 8261816 3555666 8261816 3555666
1657819800 8261816 3555666 8261816 3555666
1657818000 8261816 3555666 8261816 3555666
1657816200 8261816 3555666 8261816 3555666
1657814400 8261816 3555666 8261816 3555666
1657812600 8261816 3555666 8261816 3555666
1657810800 8261816 3555666 8261816 3555666
1657809000 8261816 3555666 8261816 3555666
1657807200 8261816 3555666 8261816 3555666
1657805400 8261816 3555666 8261816 3555666
1657803600 8261816 3555666 8261816 3555666
1657801800 8261816 3555666 8261816 3555666
1657800000 8261816 3555666 8261816 3555666
1657798200 8261816 3555666 8261816 3555666
1657796400 8261816 3555666 8261816 3555666
1657794600 8261816 3555666 8261816 3555666
1657792800 8261816 3555666 8261816 3555666
1657791000 8261816 3555666 8261816 3555666
1657789200 8261816 3555666 8261816 3555666
1657787400 8261816 3555666 8261816 3555666
1657785600 8261816 3555666 8261816 3555666
1657783800 8261816 3555666 8261816 3555666
1657782000 8261816 3555666 8261816 3555666
1657780200 8261816 3555666 8261816 3555666
1657778400 8261816 3555666 8261816 3555666
1657776600 8261816 3555666 8261816 3555666
1657774800 8261816 3555666 8261816 3555666
1657773000 8261816 3555666 8261816 3555666
1657771200 8261816 3555666 8261816 3555666
1657769400 8261816 3555666 8261816 3555666
1657767600 8261816 3555666 8261816 3555666
1657765800 8261816 3555666 8261816 3555666
1657764000 8261816 3555666 8261816 3555666
1657762200 8261816 3555666 8261816 3555666
1657760400 8261816 3555666 8261816 3555666
1657758600 8261816 3555666 8261816 3555666
1657756800 8261816 3555666 8261816 3555666
1657755000 8261816 3555666 8261816 3555666
1657753200 8261816 3555666 8261816 3555666
1657751400 8261816 3555666 8261816 3555666
1657749600 8261816 3555666 8261816 3555666
1657747800 8261816 3555666 8261816 3555666
1657746000 8261816 3555666 8261816 3555666
1657744200 8261816 3555666 8261816 3555666
1657742400 8261816 3555666 8261816 3555666
1657740600 8261816 3555666 8261816 3555666
1657738800 8261816 3555666 8261816 3555666
1657737000 8261816 3555666 8261816 3555666
1657735200 8261816 3555666 8261816 3555666
1657733400 8261816 3555666 8261816 3555666
1657731600 8261816 3555666 8261816 3555666
1657729800 8261816 3555666 8261816 3555666
1657728000 8261816 3555666 8261816 3555666
1657726200 8261816 3555666 8261816 3555666
1657724400 8261816 3555666 8261816 3555666
1657722600 8261816 3555666 8261816 3555666
1657720800 8261816 3555666 8261816 3555666
1657719000 8261816 3555666 8261816 3555666
1657717200 8261816 3555666 8261816 3555666
1657715400 8261816 3555666 8261816 3555666
1657713600 8261816 3555666 8261816 3555666
1657711800 8261816 3555666 8261816 3555666
1657710000 8261816 3555666 8261816 3555666
1657708200 8261816 3555666 8261816 3555666
1657706400 8261816 3555666 8261816 3555666
1657704600 8261816 3555666 8261816 3555666
1657702800 8261816 3555666 8261816 3555666
1657701000 8261816 3555666 8261816 3555666
1657699200 8261816 3555666 8261816 3555666
1657697400 8261816 3555666 8261816 3555666
1657695600 8261816 3555666 8261816 3555666
1657693800 8261816 3555666 8261816 3555666
1657692000 8261816 3555666 8261816 3555666
1657690200 8261816 3555666 8261816 3555666
1657688400 8261816 3555666 8261816 3555666
1657686600 8261816 3555666 8261816 3555666
1657684800 8261816 3555666 8261816 3555666
1657683000 8261816 3555666 8261816 3555666
1657681200 8261816 3555666 8261816 3555666
1657679400 8261816 3555666 8261816 3555666
1657677600 8261816 3555666 8261816 3555666
1657675800 8261816 3555666 8261816 3555666
1657674000 8261816 3555666 8261816 3555666
1657672200 8261816 3555666 8261816 3555666
1657670400 8261816 3555666 8261816 3555666
1657668600 8261816 3555666 8261816 3555666
1657666800 8261816 3555666 8261816 3555666
1657665000 8261816 3555666 8261816 3555666
1657663200 8261816 3555666 8261816 3555666
1657661400 8261816 3555666 8261816 3555666
1657659600 8261816 3555666 8261816 3555666
1657657800 8261816 3555666 8261816 3555666
1657656000 8261816 3555666 8261816 3555666
1657654200 8261816 3555666 8261816 3555666
1657652400 8261816 3555666 8261816 3555666
1657650600 8261816 3555666 8261816 3555666
1657648800 8261816 3555666 8261816 3555666
1657647000 8261816 3555666 8261816 3555666
1657645200 8261816 3555666 8261816 3555666
1657643400 8261816 3555666 8261816 3555666
1657641600 8261816 3555666 8261816 3555666
1657639800 8261816 3555666 8261816 3555666
1657638000 8261816 3555666 8261816 3555666
1657636200 8261816 3555666 8261816 3555666
1657634400 8261816 3555666 8261816 3555666
1657632600 8261816 3555666 8261816 3555666
1657630800 8261816 3555666 8261816 3555666
1657629000 8261816 3555666 8261816 3555666
1657627200 8261816 3555666 8261816 3555666
1657625400 8261816 3555666 8261816 3555666
1657623600 8261816 3555666 8261816 3555666
1657621800 8261816 3555666 8261816 3555666
1657620000 8261816 3555666 8261816 3555666
1657618200 8261816 3555666 8261816 3555666
1657616400 8261816 3555666 8261816 3555666
1657614600 8261816 3555666 8261816 3555666
1657612800 8261816 3555666 8261816 3555666
1657611000 8261816 3555666 8261816 3555666
1657609200 8261816 3555666 8261816 3555666
1657607400 8261816 3555666 8261816 3555666
1657605600 8261816 3555666 8261816 3555666
1657603800 8261816 3555666 8261816 3555666
1657602000 8261816 3555666 8261816 3555666
1657600200 8261816 3555666 8261816 3555666
1657598400 8261816 3555666 8261816 3555666
1657596600 8261816 3555666 8261816 3555666
1657594800 8261816 3555666 8261816 3555666
1657593000 8261816 3555666 8261816 3555666
1657591200 8261816 3555666 8261816 3555666
1657589400 8261816 3555666 8261816 3555666
1657587600 8261816 3555666 8261816 3555666
1657585800 8261816 3555666 8261816 3555666
1657584000 8261816 3555666 8261816 3555666
1657582200 8261816 3555666 8261816 3555666
1657580400 8261816 3555666 8261816 3555666
1657578600 8261816 3555666 8261816 3555666
1657576800 8261816 3555666 8261816 3555666
1657575000 8261816 3555666 8261816 3555666
1657573200 8261816 3555666 8261816 3555666
1657571400 8261816 3555666 8261816 3555666
1657569600 8261816 3555666 8261816 3555666
1657567800 8261816 3555666 8261816 3555666
1657566000 8261816 3555666 8261816 3555666
1657564200 8261816 3555666 8261816 3555666
1657562400 8261816 3555666 8261816 3555666
1657560600 8261816 3555666 8261816 3555666
1657558800 8261816 3555666 8261816 3555666
1657557000 8261816 3555666 8261816 3555666
1657555200 8261816 3555666 8261816 3555666
1657553400 8261816 3555666 8261816 3555666
1657551600 8261816 3555666 8261816 3555666
1657549800 8261816 3555666 8261816 3555666
1657548000 8261816 3555666 8261816 3555666
1657546200 8261816 3555666 8261816 3555666
1657544400 8261816 3555666 8261816 3555666
1657542600 8261816 3555666 8261816 3555666
1657540800 8261816 3555666 8261816 3555666
1657539000 8261816 3555666 8261816 3555666
1657537200 8261816 3555666 8261816 3555666
1657535400 8261816 3555666 8261816 3555666
1657533600 8261816 3555666 8261816 3555666
1657531800 8261816 3555666 8261816 3555666
1657530000 8261816 3555666 8261816 3555666
1657528200 8261816 3555666 8261816 3555666
1657526400 8261816 3555666 8261816 3555666
1657524600 8261816 3555666 8261816 3555666
1657522800 8261816 3555666 8261816 3555666
1657521000 8261816 3555666 8261816 3555666
1657519200 8261816 3555666 8261816 3555666
1657517400 8261816 3555666 8261816 3555666
1657515600 8261816 3555666 8261816 3555666
1657513800 8261816 3555666 8261816 3555666
1657512000 8261816 3555666 8261816 3555666
1657510200 8261816 3555666 8261816 3555666
1657508400 8261816 3555666 8261816 3555666
1657506600 8261816 3555666 8261816 3555666
1657504800 8261816 3555666 8261816 3555666
1657503000 8261816 3555666 8261816 3555666
1657501200 8261816 3555666 8261816 3555666
1657499400 8261816 3555666 8261816 3555666
1657497600 8261816 3555666 8261816 3555666
1657495800 8261816 3555666 8261816 3555666
1657494000 8261816 3555666 8261816 3555666
1657492200 8261816 3555666 8261816 3555666
1657490400 8261816 3555666 8261816 3555666
1657488600 8261816 3555666 8261816 3555666
1657486800 8261816 3555666 8261816 3555666
1657485000 8261816 3555666 8261816 3555666
1657483200 8261816 3555666 8261816 3555666
1657481400 8261816 3555666 8261816 3555666
1657479600 8261816 3555666 8261816 3555666
1657477800 8261816 3555666 8261816 3555666
1657476000 8261816 3555666 8261816 3555666
1657474200 8261816 3555666 8261816 3555666
1657472400 8261816 3555666 8261816 3555666
1657470600 8261816 3555666 8261816 3555666
1657468800 8261816 3555666 8261816 3555666
1657467000 8261816 3555666 8261816 3555666
1657465200 8261816 3555666 8261816 3555666
1657463400 8261816 3555666 8261816 3555666
1657461600 8261816 3555666 8261816 3555666
1657459800 8261816 3555666 8261816 3555666
1657458000 8261816 3555666 8261816 3555666
1657456200 8261816 3555666 8261816 3555666
1657454400 8261816 3555666 8261816 3555666
1657452600 8261816 3555666 8261816 3555666
1657450800 8261816 3555666 8261816 3555666
1657449000 8261816 3555666 8261816 3555666
1657447200 8261816 3555666 8261816 3555666
1657445400 8261816 3555666 8261816 3555666
1657443600 8261816 3555666 8261816 3555666
1657441800 8261816 3555666 8261816 3555666
1657440000 8261816 3555666 8261816 3555666
1657438200 8261816 3555666 8261816 3555666
1657436400 8261816 3555666 8261816 3555666
1657434600 8261816 3555666 8261816 3555666
1657432800 8261816 3555666 8261816 3555666
1657431000 8261816 3555666 8261816 3555666
1657429200 8261816 3555666 8261816 3555666
1657427400 8261816 3555666 8261816 3555666
1657425600 8261816 3555666 8261816 3555666
1657423800 8261816 3555666 8261816 3555666
1657422000 8261816 3555666 8261816 3555666
1657420200 8261816 3555666 8261816 3555666
1657418400 8261816 3555666 8261816 3555666
1657416600 8261816 3555666 8261816 3555666
1657414800 8261816 3555666 8261816 3555666
1657413000 8261816 3555666 8261816 3555666
1657411200 8261816 3555666 8261816 3555666
1657409400 8261816 3555666 8261816 3555666
1657407600 8261816 3555666 8261816 3555666
1657405800 8261816 3555666 8261816 3555666
1657404000 8261816 3555666 8261816 3555666
1657402200 8261816 3555666 8261816 3555666
1657400400 8261816 3555666 8261816 3555666
1657398600 8261816 3555666 8261816 3555666
1657396800 8261816 3555666 8261816 3555666
1657395000 8261816 3555666 8261816 3555666
1657393200 8261816 3555666 8261816 3555666
1657391400 8261816 3555666 8261816 3555666
1657389600 8261816 3555666 8261816 3555666
1657387800 8261816 3555666 8261816 3555666
1657386000 8261816 3555666 8261816 3555666
1657384200 8261816 3555666 8261816 3555666
1657382400 8261816 3555666 8261816 3555666
1657380600 8261816 3555666 8261816 3555666
1657378800 8261816 3555666 8261816 3555666
1657377000 8261816 3555666 8261816 3555666
1657375200 8261816 3555666 8261816 3555666
1657373400 8261816 3555666 8261816 3555666
1657371600 8261816 3555666 8261816 3555666
1657369800 8261816 3555666 8261816 3555666
1657368000 8261816 3555666 8261816 3555666
1657366200 8261816 3555666 8261816 3555666
1657364400 8261816 3555666 8261816 3555666
1657362600 8261816 3555666 8261816 3555666
1657360800 8261816 3555666 8261816 3555666
1657359000 8261816 3555666 8261816 3555666
1657357200 8261816 3555666 8261816 3555666
1657355400 8261816 3555666 8261816 3555666
1657353600 8261816 3555666 8261816 3555666
1657351800 8261816 3555666 8261816 3555666
1657350000 8261816 3555666 8261816 3555666
1657348200 8261816 3555666 8261816 3555666
1657346400 8261816 3555666 8261816 3555666
1657344600 8261816 3555666 8261816 3555666
1657342800 8261816 3555666 8261816 3555666
1657341000 8261816 3555666 8261816 3555666
1657339200 8261816 3555666 8261816 3555666
1657337400 8261816 3555666 8261816 3555666
1657335600 8261816 3555666 8261816 3555666
1657333800 8261816 3555666 8261816 3555666
1657332000 8261816 3555666 8261816 3555666
1657330200 8261816 3555666 8261816 3555666
1657328400 8261816 3555666 8261816 3555666
1657326600 8261816 3555666 8261816 3555666
1657324800 8261816 3555666 8261816 3555666
1657323000 8261816 3555666 8261816 3555666
1657321200 8261816 3555666 8261816 3555666
1657319400 8261816 3555666 8261816 3555666
1657317600 8261816 3555666 8261816 3555666
1657315800 8261816 3555666 8261816 3555666
1657314000 8261816 3555666 8261816 3555666
1657312200 8261816 3555666 8261816 3555666
1657310400 8261816 3555666 8261816 3555666
1657308600 8261816 3555666 8261816 3555666
1657306800 8261816 3555666 8261816 3555666
1657305000 8261816 3555666 8261816 3555666
1657303200 8261816 3555666 8261816 3555666
1657301400 8261816 3555666 8261816 3555666
1657299600 8261816 3555666 8261816 3555666
1657297800 8261816 3555666 8261816 3555666
1657296000 8261816 3555666 8261816 3555666
1657294200 8261816 3555666 8261816 3555666
1657292400 8261816 3555666 8261816 3555666
1657290600 8261816 3555666 8261816 3555666
1657288800 8261816 3555666 8261816 3555666
1657287000 8261816 3555666 8261816 3555666
1657285200 8261816 3555666 8261816 3555666
1657283400 8261816 3555666 8261816 3555666
1657281600 8261816 3555666 8261816 3555666
1657279800 8261816 3555666 8261816 3555666
1657278000 8261816 3555666 8261816 3555666
1657276200 8261816 3555666 8261816 3555666
1657274400 8261816 3555666 8261816 3555666
1657272600 8261816 3555666 8261816 3555666
1657270800 8261816 3555666 8261816 3555666
1657269000 8261816 3555666 8261816 3555666
1657267200 8261816 3555666 8261816 3555666
1657265400 8261816 3555666 8261816 3555666
1657263600 8261816 3555666 8261816 3555666
1657261800 8261816 3555666 8261816 3555666
1657260000 8261816 3555666 8261816 3555666
1657258200 8261816 3555666 8261816 3555666
1657256400 8261816 3555666 8261816 3555666
1657254600 8261816 3555666 8261816 3555666
1657252800 8261816 3555666 8261816 3555666
1657251000 8261816 3555666 8261816 3555666
1657249200 8261816 3555666 8261816 3555666
1657247400 8261816 3555666 8261816 3555666
1657245600 8261816 3555666 8261816 3555666
1657243800 8261816 3555666 8261816 3555666
1657242000 8261816 3555666 8261816 3555666
1657240200 8261816 3555666 8261816 3555666
1657238400 8261816 3555666 8261816 3555666
1657236600 8261816 3555666 8261816 3555666
1657234800 8261816 3555666 8261816 3555666
1657233000 8261816 3555666 8261816 3555666
1657231200 8261816 3555666 8261816 3555666
1657229400 8261816 3555666 8261816 3555666
1657227600 8261816 3555666 8261816 3555666
1657225800 8261816 3555666 8261816 3555666
1657224000 8261816 3555666 8261816 3555666
1657222200 8261816 3555666 8261816 3555666
1657220400 8261816 3555666 8261816 3555666
1657218600 8261816 3555666 8261816 3555666
1657216800 8261816 3555666 8261816 3555666
1657215000 8261816 3555666 8261816 3555666
1657213200 8261816 3555666 8261816 3555666
1657211400 8261816 3555666 8261816 3555666
1657209600 8261816 3555666 8261816 3555666
1657207800 8261816 3555666 8261816 3555666
1657206000 8261816 3555666 8261816 3555666
1657204200 8261816 3555666 8261816 3555666
1657202400 8261816 3555666 8261816 3555666
1657200600 8261816 3555666 8261816 3555666
1657198800 8261816 3555666 8261816 3555666
1657197000 8261816 3555666 8261816 3555666
1657195200 8261816 3555666 8261816 3555666
1657193400 8261816 3555666 8261816 3555666
1657191600 8261816 3555666 8261816 3555666
1657189800 8261816 3555666 8261816 3555666
1657188000 8261816 3555666 8261816 3555666
1657186200 8261816 3555666 8261816 3555666
1657184400 8261816 3555666 8261816 3555666
1657182600 8261816 3555666 8261816 3555666
1657180800 8261816 3555666 8261816 3555666
1657179000 8261816 3555666 8261816 3555666
1657177200 8261816 3555666 8261816 3555666
1657175400 8261816 3555666 8261816 3555666
1657173600 8261816 3555666 8261816 3555666
1657171800 8261816 3555666 8261816 3555666
1657166400 8261816 3555666 8261816 3555666
1657159200 8261816 3555666 8261816 3555666
1657152000 8261816 3555666 8261816 3555666
1657144800 8261816 3555666 8261816 3555666
1657137600 8261816 3555666 8261816 3555666
1657130400 8261816 3555666 8261816 3555666
1657123200 8261816 3555666 8261816 3555666
1657116000 8261816 3555666 8261816 3555666
1657108800 8261816 3555666 8261816 3555666
1657101600 8261816 3555666 8261816 3555666
1657094400 8261816 3555666 8261816 3555666
1657087200 8261816 3555666 8261816 3555666
1657080000 8261816 3555666 8261816 3555666
1657072800 8261816 3555666 8261816 3555666
1657065600 8261816 3555666 8261816 3555666
1657058400 8261816 3555666 8261816 3555666
1657051200 8261816 3555666 8261816 3555666
1657044000 8261816 3555666 8261816 3555666
1657036800 8261816 3555666 8261816 3555666
1657029600 8261816 3555666 8261816 3555666
1657022400 8261816 3555666 8261816 3555666
1657015200 8261816 3555666 8261816 3555666
1657008000 8261816 3555666 8261816 3555666
1657000800 8261816 3555666 8261816 3555666
1656993600 8261816 3555666 8261816 3555666
1656986400 8261816 3555666 8261816 3555666
1656979200 8261816 3555666 8261816 3555666
1656972000 8261816 3555666 8261816 3555666
1656964800 8261816 3555666 8261816 3555666
1656957600 8261816 3555666 8261816 3555666
1656950400 8261816 3555666 8261816 3555666
1656943200 8261816 3555666 8261816 3555666
1656936000 8261816 3555666 8261816 3555666
1656928800 8261816 3555666 8261816 3555666
1656921600 8261816 3555666 8261816 3555666
1656914400 8261816 3555666 8261816 3555666
1656907200 8261816 3555666 8261816 3555666
1656900000 8261816 3555666 8261816 3555666
1656892800 8261816 3555666 8261816 3555666
1656885600 8261816 3555666 8261816 3555666
1656878400 8261816 3555666 8261816 3555666
1656871200 8261816 3555666 8261816 3555666
1656864000 8261816 3555666 8261816 3555666
1656856800 8261816 3555666 8261816 3555666
1656849600 8261816 3555666 8261816 3555666
1656842400 8261816 3555666 8261816 3555666
1656835200 8261816 3555666 8261816 3555666
1656828000 8261816 3555666 8261816 3555666
1656820800 8261816 3555666 8261816 3555666
1656813600 8261816 3555666 8261816 3555666
1656806400 8261816 3555666 8261816 3555666
1656799200 8261816 3555666 8261816 3555666
1656792000 8261816 3555666 8261816 3555666
1656784800 8261816 3555666 8261816 3555666
1656777600 8261816 3555666 8261816 3555666
1656770400 8261816 3555666 8261816 3555666
1656763200 8261816 3555666 8261816 3555666
1656756000 8261816 3555666 8261816 3555666
1656748800 8261816 3555666 8261816 3555666
1656741600 8261816 3555666 8261816 3555666
1656734400 8261816 3555666 8261816 3555666
1656727200 8261816 3555666 8261816 3555666
1656720000 8261816 3555666 8261816 3555666
1656712800 8261816 3555666 8261816 3555666
1656705600 8261816 3555666 8261816 3555666
1656698400 8261816 3555666 8261816 3555666
1656691200 8261816 3555666 8261816 3555666
1656684000 8261816 3555666 8261816 3555666
1656676800 8261816 3555666 8261816 3555666
1656669600 8261816 3555666 8261816 3555666
1656662400 8261816 3555666 8261816 3555666
1656655200 8261816 3555666 8261816 3555666
1656648000 8261816 3555666 8261816 3555666
1656640800 8261816 3555666 8261816 3555666
1656633600 8261816 3555666 8261816 3555666
1656626400 8261816 3555666 8261816 3555666
1656619200 8261816 3555666 8261816 3555666
1656612000 8261816 3555666 8261816 3555666
1656604800 8261816 3555666 8261816 3555666
1656597600 8261816 3555666 8261816 3555666
1656590400 8261816 3555666 8261816 3555666
1656583200 8261816 3555666 8261816 3555666
1656576000 8261816 3555666 8261816 3555666
1656568800 8261816 3555666 8261816 3555666
1656561600 8261816 3555666 8261816 3555666
1656554400 8261816 3555666 8261816 3555666
1656547200 8261816 3555666 8261816 3555666
1656540000 8261816 3555666 8261816 3555666
1656532800 8261816 3555666 8261816 3555666
1656525600 8261816 3555666 8261816 3555666
1656518400 8261816 3555666 8261816 3555666
1656511200 8261816 3555666 8261816 3555666
1656504000 8261816 3555666 8261816 3555666
1656496800 8261816 3555666 8261816 3555666
1656489600 8261816 3555666 8261816 3555666
1656482400 8261816 3555666 8261816 3555666
1656475200 8261816 3555666 8261816 3555666
1656468000 8261816 3555666 8261816 3555666
1656460800 8261816 3555666 8261816 3555666
1656453600 8261816 3555666 8261816 3555666
1656446400 8261816 3555666 8261816 3555666
1656439200 8261816 3555666 8261816 3555666
1656432000 8261816 3555666 8261816 3555666
1656424800 8261816 3555666 8261816 3555666
1656417600 8261816 3555666 8261816 3555666
1656410400 8261816 3555666 8261816 3555666
1656403200 8261816 3555666 8261816 3555666
1656396000 8261816 3555666 8261816 3555666
1656388800 8261816 3555666 8261816 3555666
1656381600 8261816 3555666 8261816 3555666
1656374400 8261816 3555666 8261816 3555666
1656367200 8261816 3555666 8261816 3555666
1656360000 8261816 3555666 8261816 3555666
1656352800 8261816 3555666 8261816 3555666
1656345600 8261816 3555666 8261816 3555666
1656338400 8261816 3555666 8261816 3555666
1656331200 8261816 3555666 8261816 3555666
1656324000 8261816 3555666 8261816 3555666
1656316800 8261816 3555666 8261816 3555666
1656309600 8261816 3555666 8261816 3555666
1656302400 8261816 3555666 8261816 3555666
1656295200 8261816 3555666 8261816 3555666
1656288000 8261816 3555666 8261816 3555666
1656280800 8261816 3555666 8261816 3555666
1656273600 8261816 3555666 8261816 3555666
1656266400 8261816 3555666 8261816 3555666
1656259200 8261816 3555666 8261816 3555666
1656252000 8261816 3555666 8261816 3555666
1656244800 8261816 3555666 8261816 3555666
1656237600 8261816 3555666 8261816 3555666
1656230400 8261816 3555666 8261816 3555666
1656223200 8261816 3555666 8261816 3555666
1656216000 8261816 3555666 8261816 3555666
1656208800 8261816 3555666 8261816 3555666
1656201600 8261816 3555666 8261816 3555666
1656194400 8261816 3555666 8261816 3555666
1656187200 8261816 3555666 8261816 3555666
1656180000 8261816 3555666 8261816 3555666
1656172800 8261816 3555666 8261816 3555666
1656165600 8261816 3555666 8261816 3555666
1656158400 8261816 3555666 8261816 3555666
1656151200 8261816 3555666 8261816 3555666
1656144000 8261816 3555666 8261816 3555666
1656136800 8261816 3555666 8261816 3555666
1656129600 8261816 3555666 8261816 3555666
1656122400 8261816 3555666 8261816 3555666
1656115200 8261816 3555666 8261816 3555666
1656108000 8261816 3555666 8261816 3555666
1656100800 8261816 3555666 8261816 3555666
1656093600 8261816 3555666 8261816 3555666
1656086400 8261816 3555666 8261816 3555666
1656079200 8261816 3555666 8261816 3555666
1656072000 8261816 3555666 8261816 3555666
1656064800 8261816 3555666 8261816 3555666
1656057600 8261816 3555666 8261816 3555666
1656050400 8261816 3555666 8261816 3555666
1656043200 8261816 3555666 8261816 3555666
1656036000 8261816 3555666 8261816 3555666
1656028800 8261816 3555666 8261816 3555666
1656021600 8261816 3555666 8261816 3555666
1656014400 8261816 3555666 8261816 3555666
1656007200 8261816 3555666 8261816 3555666
1656000000 8261816 3555666 8261816 3555666
1655992800 8261816 3555666 8261816 3555666
1655985600 8261816 3555666 8261816 3555666
1655978400 8261816 3555666 8261816 3555666
1655971200 8261816 3555666 8261816 3555666
1655964000 8261816 3555666 8261816 3555666
1655956800 8261816 3555666 8261816 3555666
1655949600 8261816 3555666 8261816 3555666
1655942400 8261816 3555666 8261816 3555666
1655935200 8261816 3555666 8261816 3555666
1655928000 8261816 3555666 8261816 3555666
1655920800 8261816 3555666 8261816 3555666
1655913600 8261816 3555666 8261816 3555666
1655906400 8261816 3555666 8261816 3555666
1655899200 8261816 3555666 8261816 3555666
1655892000 8261816 3555666 8261816 3555666
1655884800 8261816 3555666 8261816 3555666
1655877600 8261816 3555666 8261816 3555666
1655870400 8261816 3555666 8261816 3555666
1655863200 8261816 3555666 8261816 3555666
1655856000 8261816 3555666 8261816 3555666
1655848800 8261816 3555666 8261816 3555666
1655841600 8261816 3555666 8261816 3555666
1655834400 8261816 3555666 8261816 3555666
1655827200 8261816 3555666 8261816 3555666
1655820000 8261816 3555666 8261816 3555666
1655812800 8261816 3555666 8261816 3555666
1655805600 8261816 3555666 8261816 3555666
1655798400 8261816 3555666 8261816 3555666
1655791200 8261816 3555666 8261816 3555666
1655784000 8261816 3555666 8261816 3555666
1655776800 8261816 3555666 8261816 3555666
1655769600 8261816 3555666 8261816 3555666
1655762400 8261816 3555666 8261816 3555666
1655755200 8261816 3555666 8261816 3555666
1655748000 8261816 3555666 8261816 3555666
1655740800 8261816 3555666 8261816 3555666
1655733600 8261816 3555666 8261816 3555666
1655726400 8261816 3555666 8261816 3555666
1655719200 8261816 3555666 8261816 3555666
1655712000 8261816 3555666 8261816 3555666
1655704800 8261816 3555666 8261816 3555666
1655697600 8261816 3555666 8261816 3555666
1655690400 8261816 3555666 8261816 3555666
1655683200 8261816 3555666 8261816 3555666
1655676000 8261816 3555666 8261816 3555666
1655668800 8261816 3555666 8261816 3555666
1655661600 8261816 3555666 8261816 3555666
1655654400 8261816 3555666 8261816 3555666
1655647200 8261816 3555666 8261816 3555666
1655640000 8261816 3555666 8261816 3555666
1655632800 8261816 3555666 8261816 3555666
1655625600 8261816 3555666 8261816 3555666
1655618400 8261816 3555666 8261816 3555666
1655611200 8261816 3555666 8261816 3555666
1655604000 8261816 3555666 8261816 3555666
1655596800 8261816 3555666 8261816 3555666
1655589600 8261816 3555666 8261816 3555666
1655582400 8261816 3555666 8261816 3555666
1655575200 8261816 3555666 8261816 3555666
1655568000 8261816 3555666 8261816 3555666
1655560800 8261816 3555666 8261816 3555666
1655553600 8261816 3555666 8261816 3555666
1655546400 8261816 3555666 8261816 3555666
1655539200 8261816 3555666 8261816 3555666
1655532000 8261816 3555666 8261816 3555666
1655524800 8261816 3555666 8261816 3555666
1655517600 8261816 3555666 8261816 3555666
1655510400 8261816 3555666 8261816 3555666
1655503200 8261816 3555666 8261816 3555666
1655496000 8261816 3555666 8261816 3555666
1655488800 8261816 3555666 8261816 3555666
1655481600 8261816 3555666 8261816 3555666
1655474400 8261816 3555666 8261816 3555666
1655467200 8261816 3555666 8261816 3555666
1655460000 8261816 3555666 8261816 3555666
1655452800 8261816 3555666 8261816 3555666
1655445600 8261816 3555666 8261816 3555666
1655438400 8261816 3555666 8261816 3555666
1655431200 8261816 3555666 8261816 3555666
1655424000 8261816 3555666 8261816 3555666
1655416800 8261816 3555666 8261816 3555666
1655409600 8261816 3555666 8261816 3555666
1655402400 8261816 3555666 8261816 3555666
1655395200 8261816 3555666 8261816 3555666
1655388000 8261816 3555666 8261816 3555666
1655380800 8261816 3555666 8261816 3555666
1655373600 8261816 3555666 8261816 3555666
1655366400 8261816 3555666 8261816 3555666
1655359200 8261816 3555666 8261816 3555666
1655352000 8261816 3555666 8261816 3555666
1655344800 8261816 3555666 8261816 3555666
1655337600 8261816 3555666 8261816 3555666
1655330400 8261816 3555666 8261816 3555666
1655323200 8261816 3555666 8261816 3555666
1655316000 8261816 3555666 8261816 3555666
1655308800 8261816 3555666 8261816 3555666
1655301600 8261816 3555666 8261816 3555666
1655294400 8261816 3555666 8261816 3555666
1655287200 8261816 3555666 8261816 3555666
1655280000 8261816 3555666 8261816 3555666
1655272800 8261816 3555666 8261816 3555666
1655265600 8261816 3555666 8261816 3555666
1655258400 8261816 3555666 8261816 3555666
1655251200 8261816 3555666 8261816 3555666
1655244000 8261816 3555666 8261816 3555666
1655236800 8261816 3555666 8261816 3555666
1655229600 8261816 3555666 8261816 3555666
1655222400 8261816 3555666 8261816 3555666
1655215200 8261816 3555666 8261816 3555666
1655208000 8261816 3555666 8261816 3555666
1655200800 8261816 3555666 8261816 3555666
1655193600 8261816 3555666 8261816 3555666
1655186400 8261816 3555666 8261816 3555666
1655179200 8261816 3555666 8261816 3555666
1655172000 8261816 3555666 8261816 3555666
1655164800 8261816 3555666 8261816 3555666
1655157600 8261816 3555666 8261816 3555666
1655150400 8261816 3555666 8261816 3555666
1655143200 8261816 3555666 8261816 3555666
1655136000 8261816 3555666 8261816 3555666
1655128800 8261816 3555666 8261816 3555666
1655121600 8261816 3555666 8261816 3555666
1655114400 8261816 3555666 8261816 3555666
1655107200 8261816 3555666 8261816 3555666
1655100000 8261816 3555666 8261816 3555666
1655092800 8261816 3555666 8261816 3555666
1655085600 8261816 3555666 8261816 3555666
1655078400 8261816 3555666 8261816 3555666
1655071200 8261816 3555666 8261816 3555666
1655064000 8261816 3555666 8261816 3555666
1655056800 8261816 3555666 8261816 3555666
1655049600 8261816 3555666 8261816 3555666
1655042400 8261816 3555666 8261816 3555666
1655035200 8261816 3555666 8261816 3555666
1655028000 8261816 3555666 8261816 3555666
1655020800 8261816 3555666 8261816 3555666
1655013600 8261816 3555666 8261816 3555666
1655006400 8261816 3555666 8261816 3555666
1654999200 8261816 3555666 8261816 3555666
1654992000 8261816 3555666 8261816 3555666
1654984800 8261816 3555666 8261816 3555666
1654977600 8261816 3555666 8261816 3555666
1654970400 8261816 3555666 8261816 3555666
1654963200 8261816 3555666 8261816 3555666
1654956000 8261816 3555666 8261816 3555666
1654948800 8261816 3555666 8261816 3555666
1654941600 8261816 3555666 8261816 3555666
1654934400 8261816 3555666 8261816 3555666
1654927200 8261816 3555666 8261816 3555666
1654920000 8261816 3555666 8261816 3555666
1654912800 8261816 3555666 8261816 3555666
1654905600 8261816 3555666 8261816 3555666
1654898400 8261816 3555666 8261816 3555666
1654891200 8261816 3555666 8261816 3555666
1654884000 8261816 3555666 8261816 3555666
1654876800 8261816 3555666 8261816 3555666
1654869600 8261816 3555666 8261816 3555666
1654862400 8261816 3555666 8261816 3555666
1654855200 8261816 3555666 8261816 3555666
1654848000 8261816 3555666 8261816 3555666
1654840800 8261816 3555666 8261816 3555666
1654833600 8261816 3555666 8261816 3555666
1654826400 8261816 3555666 8261816 3555666
1654819200 8261816 3555666 8261816 3555666
1654812000 8261816 3555666 8261816 3555666
1654804800 8261816 3555666 8261816 3555666
1654797600 8261816 3555666 8261816 3555666
1654790400 8261816 3555666 8261816 3555666
1654783200 8261816 3555666 8261816 3555666
1654776000 8261816 3555666 8261816 3555666
1654768800 8261816 3555666 8261816 3555666
1654761600 8261816 3555666 8261816 3555666
1654754400 8261816 3555666 8261816 3555666
1654747200 8261816 3555666 8261816 3555666
1654740000 8261816 3555666 8261816 3555666
1654732800 8261816 3555666 8261816 3555666
1654725600 8261816 3555666 8261816 3555666
1654718400 8261816 3555666 8261816 3555666
1654711200 8261816 3555666 8261816 3555666
1654704000 8261816 3555666 8261816 3555666
1654696800 8261816 3555666 8261816 3555666
1654689600 8261816 3555666 8261816 3555666
1654682400 8261816 3555666 8261816 3555666
1654675200 8261816 3555666 8261816 3555666
1654668000 8261816 3555666 8261816 3555666
1654660800 8261816 3555666 8261816 3555666
1654653600 8261816 3555666 8261816 3555666
1654646400 8261816 3555666 8261816 3555666
1654639200 8261816 3555666 8261816 3555666
1654632000 8261816 3555666 8261816 3555666
1654624800 8261816 3555666 8261816 3555666
1654617600 8261816 3555666 8261816 3555666
1654610400 8261816 3555666 8261816 3555666
1654603200 8261816 3555666 8261816 3555666
1654596000 8261816 3555666 8261816 3555666
1654588800 8261816 3555666 8261816 3555666
1654581600 8261816 3555666 8261816 3555666
1654574400 8261816 3555666 8261816 3555666
1654567200 8261816 3555666 8261816 3555666
1654560000 8261816 3555666 8261816 3555666
1654552800 8261816 3555666 8261816 3555666
1654545600 8261816 3555666 8261816 3555666
1654538400 8261816 3555666 8261816 3555666
1654531200 8261816 3555666 8261816 3555666
1654524000 8261816 3555666 8261816 3555666
1654516800 8261816 3555666 8261816 3555666
1654509600 8261816 3555666 8261816 3555666
1654502400 8261816 3555666 8261816 3555666
1654495200 8261816 3555666 8261816 3555666
1654488000 8261816 3555666 8261816 3555666
1654480800 8261816 3555666 8261816 3555666
1654473600 8261816 3555666 8261816 3555666
1654466400 8261816 3555666 8261816 3555666
1654459200 8261816 3555666 8261816 3555666
1654452000 8261816 3555666 8261816 3555666
1654444800 8261816 3555666 8261816 3555666
1654437600 8261816 3555666 8261816 3555666
1654430400 8261816 3555666 8261816 3555666
1654423200 8261816 3555666 8261816 3555666
1654416000 8261816 3555666 8261816 3555666
1654408800 8261816 3555666 8261816 3555666
1654401600 8261816 3555666 8261816 3555666
1654394400 8261816 3555666 8261816 3555666
1654387200 8261816 3555666 8261816 3555666
1654380000 8261816 3555666 8261816 3555666
1654372800 8261816 3555666 8261816 3555666
1654365600 8261816 3555666 8261816 3555666
1654358400 8261816 3555666 8261816 3555666
1654351200 8261816 3555666 8261816 3555666
1654344000 8261816 3555666 8261816 3555666
1654336800 8261816 3555666 8261816 3555666
1654329600 8261816 3555666 8261816 3555666
1654322400 8261816 3555666 8261816 3555666
1654315200 8261816 3555666 8261816 3555666
1654308000 8261816 3555666 8261816 3555666
1654300800 8261816 3555666 8261816 3555666
1654293600 8261816 3555666 8261816 3555666
1654286400 8261816 3555666 8261816 3555666
1654279200 8261816 3555666 8261816 3555666
1654272000 8261816 3555666 8261816 3555666
1654264800 8261816 3555666 8261816 3555666
1654257600 8261816 3555666 8261816 3555666
1654250400 8261816 3555666 8261816 3555666
1654243200 8261816 3555666 8261816 3555666
1654236000 8261816 3555666 8261816 3555666
1654228800 8261816 3555666 8261816 3555666
1654221600 8261816 3555666 8261816 3555666
1654214400 8261816 3555666 8261816 3555666
1654207200 8261816 3555666 8261816 3555666
1654200000 8261816 3555666 8261816 3555666
1654192800 8261816 3555666 8261816 3555666
1654185600 8261816 3555666 8261816 3555666
1654178400 8261816 3555666 8261816 3555666
1654171200 8261816 3555666 8261816 3555666
1654164000 8261816 3555666 8261816 3555666
1654156800 8261816 3555666 8261816 3555666
1654149600 8261816 3555666 8261816 3555666
1654142400 8261816 3555666 8261816 3555666
1654135200 8261816 3555666 8261816 3555666
1654128000 8261816 3555666 8261816 3555666
1654120800 8261816 3555666 8261816 3555666
1654113600 8261816 3555666 8261816 3555666
1654106400 8261816 3555666 8261816 3555666
1654099200 8261816 3555666 8261816 3555666
1654092000 8261816 3555666 8261816 3555666
1654084800 8261816 3555666 8261816 3555666
1654077600 8261816 3555666 8261816 3555666
1654070400 8261816 3555666 8261816 3555666
1654063200 8261816 3555666 8261816 3555666
1654056000 8261816 3555666 8261816 3555666
1654048800 8261816 3555666 8261816 3555666
1654041600 8261816 3555666 8261816 3555666
1654034400 8261816 3555666 8261816 3555666
1654027200 8261816 3555666 8261816 3555666
1654020000 8261816 3555666 8261816 3555666
1654012800 8261816 3555666 8261816 3555666
1654005600 8261816 3555666 8261816 3555666
1653998400 8261816 3555666 8261816 3555666
1653991200 8261816 3555666 8261816 3555666
1653984000 8261816 3555666 8261816 3555666
1653976800 8261816 3555666 8261816 3555666
1653969600 8261816 3555666 8261816 3555666
1653962400 8261816 3555666 8261816 3555666
1653955200 8261816 3555666 8261816 3555666
1653948000 8261816 3555666 8261816 3555666
1653940800 8261816 3555666 8261816 3555666
1653933600 8261816 3555666 8261816 3555666
1653926400 8261816 3555666 8261816 3555666
1653919200 8261816 3555666 8261816 3555666
1653912000 8261816 3555666 8261816 3555666
1653904800 8261816 3555666 8261816 3555666
1653897600 8261816 3555666 8261816 3555666
1653890400 8261816 3555666 8261816 3555666
1653883200 8261816 3555666 8261816 3555666
1653876000 8261816 3555666 8261816 3555666
1653868800 8261816 3555666 8261816 3555666
1653861600 8261816 3555666 8261816 3555666
1653854400 8261816 3555666 8261816 3555666
1653847200 8261816 3555666 8261816 3555666
1653840000 8261816 3555666 8261816 3555666
1653832800 8261816 3555666 8261816 3555666
1653825600 8261816 3555666 8261816 3555666
1653818400 8261816 3555666 8261816 3555666
1653811200 8261816 3555666 8261816 3555666
1653804000 8261816 3555666 8261816 3555666
1653796800 8261816 3555666 8261816 3555666
1653789600 8261816 3555666 8261816 3555666
1653782400 8261816 3555666 8261816 3555666
1653775200 8261816 3555666 8261816 3555666
1653768000 8261816 3555666 8261816 3555666
1653760800 8261816 3555666 8261816 3555666
1653753600 8261816 3555666 8261816 3555666
1653746400 8261816 3555666 8261816 3555666
1653739200 8261816 3555666 8261816 3555666
1653732000 8261816 3555666 8261816 3555666
1653724800 8261816 3555666 8261816 3555666
1653717600 8261816 3555666 8261816 3555666
1653710400 8261816 3555666 8261816 3555666
1653703200 8261816 3555666 8261816 3555666
1653696000 8261816 3555666 8261816 3555666
1653688800 8261816 3555666 8261816 3555666
1653681600 8261816 3555666 8261816 3555666
1653674400 8261816 3555666 8261816 3555666
1653667200 8261816 3555666 8261816 3555666
1653660000 8261816 3555666 8261816 3555666
1653652800 8261816 3555666 8261816 3555666
1653645600 8261816 3555666 8261816 3555666
1653638400 8261816 3555666 8261816 3555666
1653631200 8261816 3555666 8261816 3555666
1653624000 8261816 3555666 8261816 3555666
1653616800 8261816 3555666 8261816 3555666
1653609600 8261816 3555666 8261816 3555666
1653602400 8261816 3555666 8261816 3555666
1653595200 8261816 3555666 8261816 3555666
1653588000 8261816 3555666 8261816 3555666
1653580800 8261816 3555666 8261816 3555666
1653573600 8261816 3555666 8261816 3555666
1653566400 8261816 3555666 8261816 3555666
1653559200 8261816 3555666 8261816 3555666
1653552000 8261816 3555666 8261816 3555666
1653544800 8261816 3555666 8261816 3555666
1653537600 8261816 3555666 8261816 3555666
1653530400 8261816 3555666 8261816 3555666
1653523200 8261816 3555666 8261816 3555666
1653516000 8261816 3555666 8261816 3555666
1653508800 8261816 3555666 8261816 3555666
1653501600 8261816 3555666 8261816 3555666
1653494400 8261816 3555666 8261816 3555666
1653487200 8261816 3555666 8261816 3555666
1653480000 8261816 3555666 8261816 3555666
1653472800 8261816 3555666 8261816 3555666
1653465600 8261816 3555666 8261816 3555666
1653458400 8261816 3555666 8261816 3555666
1653451200 8261816 3555666 8261816 3555666
1653444000 8261816 3555666 8261816 3555666
1653436800 8261816 3555666 8261816 3555666
1653429600 8261816 3555666 8261816 3555666
1653422400 8261816 3555666 8261816 3555666
1653415200 8261816 3555666 8261816 3555666
1653408000 8261816 3555666 8261816 3555666
1653400800 8261816 3555666 8261816 3555666
1653393600 8261816 3555666 8261816 3555666
1653386400 8261816 3555666 8261816 3555666
1653379200 8261816 3555666 8261816 3555666
1653372000 8261816 3555666 8261816 3555666
1653364800 8261816 3555666 8261816 3555666
1653357600 8261816 3555666 8261816 3555666
1653350400 8261816 3555666 8261816 3555666
1653343200 8261816 3555666 8261816 3555666
1653336000 8261816 3555666 8261816 3555666
1653328800 8261816 3555666 8261816 3555666
1653321600 8261816 3555666 8261816 3555666
1653314400 8261816 3555666 8261816 3555666
1653307200 8261816 3555666 8261816 3555666
1653300000 8261816 3555666 8261816 3555666
1653292800 8261816 3555666 8261816 3555666
1653285600 8261816 3555666 8261816 3555666
1653278400 8261816 3555666 8261816 3555666
1653271200 8261816 3555666 8261816 3555666
1653264000 8261816 3555666 8261816 3555666
1653256800 8261816 3555666 8261816 3555666
1653249600 8261816 3555666 8261816 3555666
1653242400 8261816 3555666 8261816 3555666
1653235200 8261816 3555666 8261816 3555666
1653228000 8261816 3555666 8261816 3555666
1653220800 8261816 3555666 8261816 3555666
1653213600 8261816 3555666 8261816 3555666
1653206400 8261816 3555666 8261816 3555666
1653199200 8261816 3555666 8261816 3555666
1653192000 8261816 3555666 8261816 3555666
1653184800 8261816 3555666 8261816 3555666
1653177600 8261816 3555666 8261816 3555666
1653170400 8261816 3555666 8261816 3555666
1653163200 8261816 3555666 8261816 3555666
1653156000 8261816 3555666 8261816 3555666
1653148800 8261816 3555666 8261816 3555666
1653141600 8261816 3555666 8261816 3555666
1653134400 8261816 3555666 8261816 3555666
1653127200 8261816 3555666 8261816 3555666
1653120000 8261816 3555666 8261816 3555666
1653112800 8261816 3555666 8261816 3555666
1653105600 8261816 3555666 8261816 3555666
1653098400 8261816 3555666 8261816 3555666
1653091200 8261816 3555666 8261816 3555666
1653084000 8261816 3555666 8261816 3555666
1653076800 8261816 3555666 8261816 3555666
1653069600 8261816 3555666 8261816 3555666
1653062400 8261816 3555666 8261816 3555666
1653055200 8261816 3555666 8261816 3555666
1653048000 8261816 3555666 8261816 3555666
1653040800 8261816 3555666 8261816 3555666
1653033600 8261816 3555666 8261816 3555666
1653026400 8261816 3555666 8261816 3555666
1653019200 8261816 3555666 8261816 3555666
1653012000 8261816 3555666 8261816 3555666
1653004800 8261816 3555666 8261816 3555666
1652997600 8261816 3555666 8261816 3555666
1652990400 8261816 3555666 8261816 3555666
1652983200 8261816 3555666 8261816 3555666
1652976000 8261816 3555666 8261816 3555666
1652968800 8261816 3555666 8261816 3555666
1652961600 8261816 3555666 8261816 3555666
1652954400 8261816 3555666 8261816 3555666
1652947200 8261816 3555666 8261816 3555666
1652940000 8261816 3555666 8261816 3555666
1652932800 8261816 3555666 8261816 3555666
1652925600 8261816 3555666 8261816 3555666
1652918400 8261816 3555666 8261816 3555666
1652911200 8261816 3555666 8261816 3555666
1652904000 8261816 3555666 8261816 3555666
1652896800 8261816 3555666 8261816 3555666
1652889600 8261816 3555666 8261816 3555666
1652882400 8261816 3555666 8261816 3555666
1652875200 8261816 3555666 8261816 3555666
1652868000 8261816 3555666 8261816 3555666
1652860800 8261816 3555666 8261816 3555666
1652853600 8261816 3555666 8261816 3555666
1652846400 8261816 3555666 8261816 3555666
1652832000 8261816 3555666 8261816 3555666
1652745600 8261816 3555666 8261816 3555666
1652659200 8261816 3555666 8261816 3555666
1652572800 8261816 3555666 8261816 3555666
1652486400 8261816 3555666 8261816 3555666
1652400000 8261816 3555666 8261816 3555666
1652313600 8261816 3555666 8261816 3555666
1652227200 8261816 3555666 8261816 3555666
1652140800 8261816 3555666 8261816 3555666
1652054400 8261816 3555666 8261816 3555666
1651968000 8261816 3555666 8261816 3555666
1651881600 8261816 3555666 8261816 3555666
1651795200 8261816 3555666 8261816 3555666
1651708800 8261816 3555666 8261816 3555666
1651622400 8261816 3555666 8261816 3555666
1651536000 8261816 3555666 8261816 3555666
1651449600 8261816 3555666 8261816 3555666
1651363200 8261816 3555666 8261816 3555666
1651276800 8261816 3555666 8261816 3555666
1651190400 8261816 3555666 8261816 3555666
1651104000 8261816 3555666 8261816 3555666
1651017600 8261816 3555666 8261816 3555666
1650931200 8261816 3555666 8261816 3555666
1650844800 8261816 3555666 8261816 3555666
1650758400 8261816 3555666 8261816 3555666
1650672000 8261816 3555666 8261816 3555666
1650585600 8261816 3555666 8261816 3555666
1650499200 8261816 3555666 8261816 3555666
1650412800 8261816 3555666 8261816 3555666
1650326400 8261816 3555666 8261816 3555666
1650240000 8261816 3555666 8261816 3555666
1650153600 8261816 3555666 8261816 3555666
1650067200 8261816 3555666 8261816 3555666
1649980800 8261816 3555666 8261816 3555666
1649894400 8261816 3555666 8261816 3555666
1649808000 8261816 3555666 8261816 3555666
1649721600 8261816 3555666 8261816 3555666
1649635200 8261816 3555666 8261816 3555666
1649548800 8261816 3555666 8261816 3555666
1649462400 8261816 3555666 8261816 3555666
1649376000 8261816 3555666 8261816 3555666
1649289600 8261816 3555666 8261816 3555666
1649203200 8261816 3555666 8261816 3555666
1649116800 8261816 3555666 8261816 3555666
1649030400 8261816 3555666 8261816 3555666
1648944000 8261816 3555666 8261816 3555666
1648857600 8261816 3555666 8261816 3555666
1648771200 8261816 3555666 8261816 3555666
1648684800 8261816 3555666 8261816 3555666
1648598400 8261816 3555666 8261816 3555666
1648512000 8261816 3555666 8261816 3555666
1648425600 8261816 3555666 8261816 3555666
1648339200 8261816 3555666 8261816 3555666
1648252800 8261816 3555666 8261816 3555666
1648166400 8261816 3555666 8261816 3555666
1648080000 8261816 3555666 8261816 3555666
1647993600 8261816 3555666 8261816 3555666
1647907200 8261816 3555666 8261816 3555666
1647820800 8261816 3555666 8261816 3555666
1647734400 8261816 3555666 8261816 3555666
1647648000 8261816 3555666 8261816 3555666
1647561600 8261816 3555666 8261816 3555666
1647475200 8261816 3555666 8261816 3555666
1647388800 8261816 3555666 8261816 3555666
1647302400 8261816 3555666 8261816 3555666
1647216000 8261816 3555666 8261816 3555666
1647129600 8261816 3555666 8261816 3555666
1647043200 8261816 3555666 8261816 3555666
1646956800 8261816 3555666 8261816 3555666
1646870400 8261816 3555666 8261816 3555666
1646784000 8261816 3555666 8261816 3555666
1646697600 8261816 3555666 8261816 3555666
1646611200 8261816 3555666 8261816 3555666
1646524800 8261816 3555666 8261816 3555666
1646438400 8261816 3555666 8261816 3555666
1646352000 8261816 3555666 8261816 3555666
1646265600 8261816 3555666 8261816 3555666
1646179200 8261816 3555666 8261816 3555666
1646092800 8261816 3555666 8261816 3555666
1646006400 8261816 3555666 8261816 3555666
1645920000 8261816 3555666 8261816 3555666
1645833600 8261816 3555666 8261816 3555666
1645747200 8261816 3555666 8261816 3555666
1645660800 4130407 2740314 11266093 14288882
1645574400 2024886 4200650 7753097 14221918
1645488000 1870178 3917345 1870178 3917345
1645401600 1870178 3917345 1870178 3917345
1645315200 1870178 3917345 1870178 3917345
1645228800 1870178 3917345 1870178 3917345
1645142400 3490330 3933724 10431151 14202914
1645056000 3741132 3457900 13897939 14274763
1644969600 3749161 4039211 10148154 14331265
1644883200 3404372 3353366 11971533 14299416
1644796800 1150570 610069 2418195 4455793
1644710400 1664500 1177493 4210368 9992104
1644624000 3394571 3664496 11392048 14263624
1644537600 3830975 3981725 9781241 14342153
1644451200 3987129 3258107 12596140 14141813
1644364800 3854209 3246137 11697595 14270442
1644278400 1760401 543319 4482736 2812519
1644192000 1200162 674423 2874589 8573395
1644105600 1727301 1155580 4514789 7591836
1644019200 3478609 3507576 11280493 14296025
1643932800 3927394 3585330 10302830 14182180
1643846400 4093041 4075426 11840125 14256752
1643760000 4972837 4039829 12169041 13941527
1643673600 4555299 3297389 14095464 14349327
1643587200 2193657 897775 4808686 4745435
1643500800 3002449 1327420 7129415 13235509
1643414400 5555165 4480297 14246418 14287774
1643328000 5353087 4381679 14284500 14121962
1643241600 5551163 4214227 14249093 14274484
1643155200 5520109 4375193 14261237 14311032
1643068800 4552710 3761494 14282728 13852894
1642982400 1797949 600256 4631666 1767260
1642896000 2347456 1215685 6721774 12300621
1642809600 4654519 3905677 12781128 14075350
1642723200 5197987 4836558 14276215 14313217
1642636800 5368819 4389042 14298056 14394723
1642550400 5405236 4368041 14151715 14259683
1642464000 4219867 3778625 14288753 14264150
1642377600 2128504 779093 4424632 10285709
1642291200 2928055 1056115 10732816 9932245
1642204800 5083401 4141388 14009320 14093565
1642118400 5014452 4445327 12083306 14294355
1642032000 5157558 3523331 14295250 14220064
1641945600 5292118 3695527 13719008 14344811
1641859200 4823909 3479135 14247515 14307251
1641772800 1935538 534127 4120056 3348981
1641686400 2446166 1099476 8021809 11029477
1641600000 4209549 4310312 14289546 14272848
1641513600 4639251 4266336 13536317 14275131
1641427200 3617185 6804150 9422718 8611286
1641340800 3510667 6789343 3510667 6789343
1641254400 3510667 6789343 3510667 6789343
1641168000 3510667 6789343 3510667 6789343
1641081600 3510667 6789343 3510667 6789343
1640995200 3510667 6789343 3510667 6789343
1640908800 3510667 6789343 3510667 6789343
1640822400 3510667 6789343 3510667 6789343
1640736000 3510667 6789343 3510667 6789343
1640649600 3510667 6789343 3510667 6789343
1640563200 3510667 6789343 3510667 6789343
1640476800 3510667 6789343 3510667 6789343
1640390400 3510667 6789343 3510667 6789343
1640304000 3510667 6789343 3510667 6789343
1640217600 3510667 6789343 3510667 6789343
1640131200 3510667 6789343 3510667 6789343
1640044800 3510667 6789343 3510667 6789343
1639958400 3510667 6789343 3510667 6789343
1639872000 3510667 6789343 3510667 6789343
1639785600 3510667 6789343 3510667 6789343
1639699200 3510667 6789343 3510667 6789343
1639612800 3510667 6789343 3510667 6789343
1639526400 3510667 6789343 3510667 6789343
1639440000 3510667 6789343 3510667 6789343
1639353600 3510667 6789343 3510667 6789343
1639267200 3510667 6789343 3510667 6789343
1639180800 3510667 6789343 3510667 6789343
1639094400 3510667 6789343 3510667 6789343
1639008000 3510667 6789343 3510667 6789343
1638921600 3510667 6789343 3510667 6789343
1638835200 3510667 6789343 3510667 6789343
1638748800 3510667 6789343 3510667 6789343
1638662400 3510667 6789343 3510667 6789343
1638576000 3510667 6789343 3510667 6789343
1638489600 3510667 6789343 3510667 6789343
1638403200 3510667 6789343 3510667 6789343
1638316800 2411390 3717803 10997214 13319929
1638230400 3309905 3319581 13066544 14240501
1638144000 879154 1772176 2230165 6278096
1638057600 1315352 2617101 6613923 13264080
1637971200 2379024 3422295 9838179 14262796
1637884800 2688695 3856207 13626447 14298676
1637798400 2636851 3462398 6600945 14070844
1637712000 2798109 3221994 7148372 14112747
1637625600 2618185 3326791 9191859 14250970
1637539200 927541 856842 1851126 12637867
1637452800 1160603 892071 3067351 5493347
1637366400 2489973 4021740 13209371 14162397
1637280000 2763282 4152118 9832148 14255205
1637193600 2850210 3928397 9338400 13879593
1637107200 2550993 4303674 8440093 14274620
1637020800 1063508 708170 2934859 9903590
1636934400 802251 705383 2254268 5660316
1636848000 1422959 942730 5194154 6551658
1636761600 3124540 3793013 8704928 14211193
1636675200 3033660 4339312 11061130 14207346
1636588800 2727270 4424622 12004065 14213672
1636502400 1742539 2206621 7113262 13064195
1636416000 2965270 3783885 14209637 13957470
1636329600 813731 745597 1616467 2781945
1636243200 1162032 815266 3358372 6215754
1636156800 2568241 3857047 7757986 13917993
1636070400 2985112 4343510 12483053 13569643
1635984000 2517471 3833180 6931783 14222514
1635897600 1277144 1366973 3008915 8889437
1635811200 2456592 2831262 11591316 13350367
1635724800 756822 772439 1913339 7391872
1635638400 1237013 976796 5339383 8902931
1635552000 2864979 3569041 9102889 13375562
1635465600 2782244 3941470 11869824 13580816
1635379200 3022656 3843679 12763799 13745946
1635292800 3228141 4132549 9454472 13911209
1635206400 2915414 4704821 13082705 14239030
1635120000 765066 2110112 1469331 5899967
1635033600 1090541 2262454 4910207 8936784
1634947200 2772072 3728613 8685401 13109033
1634860800 2552412 4092338 10974894 13921026
1634774400 2460892 4015042 8442177 13944377
1634688000 2548217 4052195 9722960 13707945
1634601600 2376566 3637953 6654291 14248743
1634515200 836385 682456 1620620 4245132
1634428800 1492715 695314 3761377 4411444
1634342400 3447997 3548631 13932770 14008830
1634256000 3579204 4179919 9807471 14259968
1634169600 2787854 3986897 9026134 13439426
1634083200 2486587 4135994 7604232 14359040
1633996800 2408247 4081046 10980761 13631385
1633910400 765995 668912 2416314 4910905
1633824000 1052133 861040 4825673 7965629
1633737600 2114547 3557105 8564681 13355518
1633651200 2921367 4306452 10097968 13015863
1633564800 2477461 4044392 7321546 14043927
1633478400 2637107 4025448 8306347 13720904
1633392000 2588949 3951566 10853467 14306840
1633305600 843964 588079 3418732 3251928
1633219200 1196049 759604 5043879 4167911
1633132800 2529668 3851052 5729746 13670721
1633046400 3598352 4099539 13355591 14096996
1632960000 3105311 4152355 11182124 13960759
1632873600 2590119 4172398 9480911 14001486
1632787200 2427868 3817809 7611020 13900930
1632700800 668325 692282 1300220 4932120
1632614400 972338 808334 2314823 6110384
1632528000 2171546 3447522 8773782 14217536
1632441600 2240126 4140306 6251258 14306948
1632355200 2397698 3929230 7658506 14257480
1632268800 2671533 3768896 10945124 14012714
1632182400 2398756 3326353 9895245 14152995
1632096000 806705 765075 3718754 6401266
1632009600 1064105 846151 2851994 9629186
1631923200 1980148 3155389 6535648 13459719
1631836800 781112 632066 2020922 7431204
1631750400 2342393 3017475 11197423 13759722
1631664000 2762979 3713361 7570114 14117154
1631577600 2559724 3319247 9742632 14128923
1631491200 782382 537792 2479472 13268335
1631404800 912331 633664 3041501 3408398
1631318400 1935368 2963187 4687904 14232280
1631232000 2125459 3120171 5378556 13841207
1631145600 1854032 2992986 4843628 12527844
1631059200 2158505 3418483 6795300 12693787
1630972800 2386446 3394883 8676373 12811440
1630886400 907621 525178 2132559 5086232
1630800000 1133622 827677 2862992 10515430
1630713600 2339383 3155785 8754866 13218451
1630627200 2517193 3273363 7652319 13344420
1630540800 2661920 3398892 9864968 14235941
1630454400 3152773 3535740 13669931 13851077
1630368000 2850791 2986023 10586173 14296587
1630281600 773385 600507 1486530 5939444
1630195200 1129123 657739 3665144 6864700
1630108800 2407186 2884645 11589944 13470111
1630022400 2241216 3051617 7913159 13435889
1629936000 2259749 3435707 6680061 14167896
1629849600 2091544 3332177 7994037 13109158
1629763200 2037856 2943017 5928248 11187275
1629676800 641789 386373 2079749 2316768
1629590400 924722 505066 5781935 5357843
1629504000 2006583 2836953 6396987 11464921
1629417600 2187849 2644987 11377634 9220702
1629331200 2339012 2872463 6876589 12701390
1629244800 2452276 3481201 6092983 13734564
1629158400 2284478 2565332 6710068 11705058
1629072000 841261 409199 3102290 2435643
1628985600 1154338 692231 2758377 5696539
1628899200 3144904 2680641 6953621 11691469
1628812800 2755380 3471531 8137533 14010220
1628726400 2577792 3655270 9162345 12490590
1628640000 2384401 3325539 7639966 11880375
1628553600 2155138 3294282 6515931 13179005
1628467200 949787 438530 2203671 5576106
1628380800 1110402 507390 4720321 4191746
1628294400 2115207 3541010 9040927 13083493
1628208000 2792572 3835424 8225803 13585711
1628121600 4215838 3279790 12606276 13539807
1628035200 3868457 4474044 11554171 14238323
1627948800 3694450 4315306 13615146 14315645
1627862400 933649 1656755 8849147 7815599
1627776000 1508108 1807654 14296778 6784069
1627689600 2531427 3616851 14084172 14290442
1627603200 2802654 4189716 13283650 13448317
1627516800 2203983 3832247 7195236 14261101
1627430400 2313634 4419295 11403820 13943461
1627344000 2302242 3830211 8956470 14158265
1627257600 738369 512020 2702422 3839857
1627171200 951869 711237 12930952 6006060
1627084800 1989150 3409787 5752973 13711114
1626998400 2084840 3656378 12603045 13917472
1626912000 2311907 3606050 8288520 13525787
1626825600 2524783 3597419 10623106 13174858
1626739200 2930859 3890838 10392546 13258479
1626652800 684786 516455 2206388 4359373
1626566400 2179530 802643 14207200 4059343
1626480000 2239645 3246280 7557297 13848613
1626393600 2633645 3529988 9080939 13969129
1626307200 2897443 3931433 12719301 14269490
1626220800 2534811 3594320 14124959 13892195
1626134400 2250181 3254517 10165806 13707797
1626048000 659473 661198 1703217 6842485
1625961600 967732 581058 4500299 3390078
1625875200 2011746 3148840 7993088 13883017
1625788800 2396796 4291417 14297033 13999717
1625702400 2448769 4135105 7624314 14252562
1625616000 2564263 4169569 7879642 13857342
1625529600 2500768 4493889 9062171 14141826
1625443200 793427 1524529 1733192 3536376
1625356800 1899826 1801758 13081397 6116253
1625270400 2306964 3845018 7750940 14056544
1625184000 2691150 4012148 11183381 14197831
1625097600 3194113 4283596 12053399 14297965
1625011200 2942901 3838635 9374526 14197290
1624924800 3186192 3819389 14121245 14341995
1624838400 788793 467902 3998565 6797705
1624752000 874404 467140 2895624 3508819
1624665600 2110191 3302509 13393457 14309004
1624579200 2486463 3874719 13537215 13927094
1624492800 2347589 3653643 11551250 13926473
1624406400 2314733 3879568 6527275 13895200
1624320000 2076250 3345775 8431574 13551807
1624233600 548408 427330 1256632 6425674
1624147200 933503 525972 3122623 2487158
1624060800 2089968 3703899 6289910 14213645
1623974400 602836 1228252 7896920 13410862
1623888000 0 0 0 0
1623801600 0 0 0 0
1623715200 0 0 0 0
1623628800 0 0 0 0
1623542400 0 0 0 0
1623456000 0 0 0 0
1623369600 0 0 0 0
1623283200 0 0 0 0
1623196800 0 0 0 0
1623110400 0 0 0 0
1623024000 0 0 0 0
1622937600 0 0 0 0
1622851200 0 0 0 0
1622764800 0 0 0 0
1622678400 0 0 0 0
1622592000 0 0 0 0
1622505600 0 0 0 0
1622419200 0 0 0 0
1622332800 0 0 0 0
1622246400 0 0 0 0
1622160000 0 0 0 0
1622073600 0 0 0 0
1621987200 0 0 0 0
1621900800 0 0 0 0
1621814400 0 0 0 0
1621728000 0 0 0 0
1621641600 0 0 0 0
1621555200 0 0 0 0
1621468800 0 0 0 0
1621382400 0 0 0 0
1621296000 0 0 0 0
1621209600 0 0 0 0
1621123200 0 0 0 0
1621036800 0 0 0 0
1620950400 0 0 0 0
1620864000 0 0 0 0
1620777600 0 0 0 0
1620691200 0 0 0 0
1620604800 0 0 0 0
1620518400 0 0 0 0
1620432000 0 0 0 0
1620345600 0 0 0 0
1620259200 0 0 0 0
1620172800 0 0 0 0
1620086400 0 0 0 0
1620000000 0 0 0 0
1619913600 0 0 0 0
1619827200 0 0 0 0
1619740800 0 0 0 0
1619654400 0 0 0 0
1619568000 0 0 0 0
1619481600 0 0 0 0
1619395200 0 0 0 0
1619308800 0 0 0 0
1619222400 0 0 0 0
1619136000 0 0 0 0
1619049600 0 0 0 0
1618963200 0 0 0 0
1618876800 0 0 0 0
1618790400 0 0 0 0
1618704000 0 0 0 0
1618617600 0 0 0 0
1618531200 0 0 0 0
1618444800 0 0 0 0
1618358400 0 0 0 0
1618272000 0 0 0 0
1618185600 0 0 0 0
1618099200 0 0 0 0
1618012800 0 0 0 0
1617926400 0 0 0 0
1617840000 0 0 0 0
1617753600 0 0 0 0
1617667200 0 0 0 0
1617580800 0 0 0 0
1617494400 0 0 0 0
1617408000 0 0 0 0
1617321600 0 0 0 0
1617235200 0 0 0 0
1617148800 0 0 0 0
1617062400 0 0 0 0
1616976000 0 0 0 0
1616889600 0 0 0 0
1616803200 0 0 0 0
1616716800 0 0 0 0
1616630400 0 0 0 0
1616544000 0 0 0 0
1616457600 0 0 0 0
1616371200 0 0 0 0
1616284800 0 0 0 0
1616198400 0 0 0 0
1616112000 0 0 0 0
1616025600 0 0 0 0
1615939200 0 0 0 0
1615852800 0 0 0 0
1615766400 0 0 0 0
1615680000 0 0 0 0
1615593600 0 0 0 0
1615507200 0 0 0 0
1615420800 0 0 0 0
1615334400 0 0 0 0
1615248000 0 0 0 0
1615161600 0 0 0 0
1615075200 0 0 0 0
1614988800 0 0 0 0
1614902400 0 0 0 0
1614816000 0 0 0 0
1614729600 0 0 0 0
1614643200 0 0 0 0
1614556800 0 0 0 0
1614470400 0 0 0 0
1614384000 0 0 0 0
1614297600 0 0 0 0
1614211200 0 0 0 0
1614124800 0 0 0 0
1614038400 0 0 0 0
1613952000 0 0 0 0
1613865600 0 0 0 0
1613779200 0 0 0 0
1613692800 0 0 0 0
1613606400 0 0 0 0
1613520000 0 0 0 0
1613433600 0 0 0 0
1613347200 0 0 0 0
1613260800 0 0 0 0
1613174400 0 0 0 0
1613088000 0 0 0 0
1613001600 0 0 0 0
1612915200 0 0 0 0
1612828800 0 0 0 0
1612742400 0 0 0 0
1612656000 0 0 0 0
1612569600 0 0 0 0
1612483200 0 0 0 0
1612396800 0 0 0 0
1612310400 0 0 0 0
1612224000 0 0 0 0
1612137600 0 0 0 0
1612051200 0 0 0 0
1611964800 0 0 0 0
1611878400 0 0 0 0
1611792000 0 0 0 0
1611705600 0 0 0 0
1611619200 0 0 0 0
1611532800 0 0 0 0
1611446400 0 0 0 0
1611360000 0 0 0 0
1611273600 0 0 0 0
1611187200 0 0 0 0
1611100800 0 0 0 0
1611014400 0 0 0 0
1610928000 0 0 0 0
1610841600 0 0 0 0
1610755200 0 0 0 0
1610668800 0 0 0 0
1610582400 0 0 0 0
1610496000 0 0 0 0
1610409600 0 0 0 0
1610323200 0 0 0 0
1610236800 0 0 0 0
1610150400 0 0 0 0
1610064000 0 0 0 0
1609977600 0 0 0 0
1609891200 0 0 0 0
1609804800 0 0 0 0
1609718400 0 0 0 0
1609632000 0 0 0 0
1609545600 0 0 0 0
1609459200 0 0 0 0
1609372800 0 0 0 0
1609286400 0 0 0 0
1609200000 0 0 0 0
1609113600 0 0 0 0
1609027200 0 0 0 0
1608940800 0 0 0 0
1608854400 0 0 0 0
1608768000 0 0 0 0
1608681600 0 0 0 0
1608595200 0 0 0 0
1608508800 0 0 0 0
1608422400 0 0 0 0
1608336000 0 0 0 0
1608249600 0 0 0 0
1608163200 0 0 0 0
1608076800 0 0 0 0
1607990400 0 0 0 0
1607904000 0 0 0 0
1607817600 0 0 0 0
1607731200 0 0 0 0
1607644800 0 0 0 0
1607558400 0 0 0 0
1607472000 0 0 0 0
1607385600 0 0 0 0
1607299200 0 0 0 0
1607212800 0 0 0 0
1607126400 0 0 0 0
1607040000 0 0 0 0
1606953600 0 0 0 0
1606867200 0 0 0 0
1606780800 0 0 0 0
1606694400 0 0 0 0
1606608000 0 0 0 0
1606521600 0 0 0 0
1606435200 0 0 0 0
1606348800 0 0 0 0
1606262400 0 0 0 0
1606176000 0 0 0 0
1606089600 0 0 0 0
1606003200 0 0 0 0
1605916800 0 0 0 0
1605830400 0 0 0 0
1605744000 0 0 0 0
1605657600 0 0 0 0
1605571200 0 0 0 0
1605484800 0 0 0 0
1605398400 0 0 0 0
1605312000 0 0 0 0
1605225600 0 0 0 0
1605139200 0 0 0 0
1605052800 0 0 0 0
1604966400 0 0 0 0
1604880000 0 0 0 0
1604793600 0 0 0 0
1604707200 0 0 0 0
1604620800 0 0 0 0
1604534400 0 0 0 0
1604448000 0 0 0 0
1604361600 0 0 0 0
1604275200 0 0 0 0
1604188800 0 0 0 0
1604102400 0 0 0 0
1604016000 0 0 0 0
1603929600 0 0 0 0
1603843200 0 0 0 0
1603756800 0 0 0 0
1603670400 0 0 0 0
1603584000 0 0 0 0
1603497600 0 0 0 0
1603411200 0 0 0 0
1603324800 0 0 0 0
1603238400 0 0 0 0
1603152000 0 0 0 0
1603065600 0 0 0 0
1602979200 0 0 0 0
1602892800 0 0 0 0
1602806400 0 0 0 0
1602720000 0 0 0 0
1602633600 0 0 0 0
1602547200 0 0 0 0
1602460800 0 0 0 0
1602374400 0 0 0 0
1602288000 0 0 0 0
1602201600 0 0 0 0
1602115200 0 0 0 0
1602028800 0 0 0 0
1601942400 0 0 0 0
1601856000 0 0 0 0
1601769600 0 0 0 0
1601683200 0 0 0 0
1601596800 0 0 0 0
1601510400 0 0 0 0
1601424000 0 0 0 0
1601337600 0 0 0 0
1601251200 0 0 0 0
1601164800 0 0 0 0
1601078400 0 0 0 0
1600992000 0 0 0 0
1600905600 0 0 0 0
1600819200 0 0 0 0
1600732800 0 0 0 0
1600646400 0 0 0 0
1600560000 0 0 0 0
1600473600 0 0 0 0
1600387200 0 0 0 0
1600300800 0 0 0 0
1600214400 0 0 0 0
1600128000 0 0 0 0
1600041600 0 0 0 0
1599955200 0 0 0 0
1599868800 0 0 0 0
1599782400 0 0 0 0
1599696000 0 0 0 0
1599609600 0 0 0 0
1599523200 0 0 0 0
1599436800 0 0 0 0
1599350400 0 0 0 0
1599264000 0 0 0 0
1599177600 0 0 0 0
1599091200 0 0 0 0
1599004800 0 0 0 0
1598918400 0 0 0 0
1598832000 0 0 0 0
1598745600 0 0 0 0
1598659200 0 0 0 0
1598572800 0 0 0 0
1598486400 0 0 0 0
1598400000 0 0 0 0
1598313600 0 0 0 0
1598227200 0 0 0 0
1598140800 0 0 0 0
1598054400 0 0 0 0
1597968000 0 0 0 0
1597881600 0 0 0 0
1597795200 0 0 0 0
1597708800 0 0 0 0
1597622400 0 0 0 0
1597536000 0 0 0 0
1597449600 0 0 0 0
1597363200 0 0 0 0
1597276800 0 0 0 0
1597190400 0 0 0 0
1597104000 0 0 0 0
1597017600 0 0 0 0
1596931200 0 0 0 0
1596844800 0 0 0 0
1596758400 0 0 0 0
1596672000 0 0 0 0
1596585600 0 0 0 0
1596499200 0 0 0 0
1596412800 0 0 0 0
1596326400 0 0 0 0
1596240000 0 0 0 0
1596153600 0 0 0 0
1596067200 0 0 0 0
1595980800 0 0 0 0
1595894400 0 0 0 0
1595808000 0 0 0 0
1595721600 0 0 0 0
1595635200 0 0 0 0
1595548800 0 0 0 0
1595462400 0 0 0 0
1595376000 0 0 0 0
1595289600 0 0 0 0
1595203200 0 0 0 0
1595116800 0 0 0 0
1595030400 0 0 0 0
1594944000 0 0 0 0
1594857600 0 0 0 0
1594771200 0 0 0 0
1594684800 0 0 0 0
1594598400 0 0 0 0
1594512000 0 0 0 0
1594425600 0 0 0 0
1594339200 0 0 0 0
1594252800 0 0 0 0
1594166400 0 0 0 0
1594080000 0 0 0 0
1593993600 0 0 0 0
1593907200 0 0 0 0
1593820800 0 0 0 0
1593734400 0 0 0 0
1593648000 0 0 0 0
1593561600 0 0 0 0
1593475200 0 0 0 0
1593388800 0 0 0 0
1593302400 0 0 0 0
1593216000 0 0 0 0
1593129600 0 0 0 0
1593043200 0 0 0 0
1592956800 0 0 0 0
1592870400 0 0 0 0
1592784000 0 0 0 0
1592697600 0 0 0 0
1592611200 0 0 0 0
1592524800 0 0 0 0
1592438400 0 0 0 0
1592352000 0 0 0 0
1592265600 0 0 0 0
1592179200 0 0 0 0
1592092800 0 0 0 0
1592006400 0 0 0 0
1591920000 0 0 0 0
1591833600 0 0 0 0
1591747200 0 0 0 0
1591660800 0 0 0 0
1591574400 0 0 0 0
1591488000 0 0 0 0
1591401600 0 0 0 0
1591315200 0 0 0 0
1591228800 0 0 0 0
1591142400 0 0 0 0
1591056000 0 0 0 0
1590969600 0 0 0 0
1590883200 0 0 0 0
1590796800 0 0 0 0
1590710400 0 0 0 0
1590624000 0 0 0 0
1590537600 0 0 0 0
1590451200 0 0 0 0
1590364800 0 0 0 0
1590278400 0 0 0 0
1590192000 0 0 0 0
1590105600 0 0 0 0
1590019200 0 0 0 0
1589932800 0 0 0 0
1589846400 0 0 0 0
1589760000 0 0 0 0
1589673600 0 0 0 0
