1658432121 -1 -1
1658432121 338 370 338 370
1658431822 338 370 338 370
1658431800 338 370 338 370
1658431500 338 370 338 370
1658431200 338 370 338 370
1658430900 338 370 338 370
1658430600 338 370 338 370
1658430300 338 370 338 370
1658430000 338 370 338 370
1658429700 338 370 338 370
1658429400 338 370 338 370
1658429100 338 370 338 370
1658428800 338 370 338 370
1658428500 338 370 338 370
1658428200 338 370 338 370
1658427900 338 370 338 370
1658427600 338 370 338 370
1658427300 338 370 338 370
1658427000 338 370 338 370
1658426700 338 370 338 370
1658426400 338 370 338 370
1658426100 338 370 338 370
1658425800 338 370 338 370
1658425500 338 370 338 370
1658425200 338 370 338 370
1658424900 338 370 338 370
1658424600 338 370 338 370
1658424300 338 370 338 370
1658424000 338 370 338 370
1658423700 338 370 338 370
1658423400 338 370 338 370
1658423100 338 370 338 370
1658422800 338 370 338 370
1658422500 338 370 338 370
1658422200 338 370 338 370
1658421900 338 370 338 370
1658421600 338 370 338 370
1658421300 338 370 338 370
1658421000 338 370 338 370
1658420700 338 370 338 370
1658420400 338 370 338 370
1658420100 338 370 338 370
1658419800 338 370 338 370
1658419500 338 370 338 370
1658419200 338 370 338 370
1658418900 338 370 338 370
1658418600 338 370 338 370
1658418300 338 370 338 370
1658418000 338 370 338 370
1658417700 338 370 338 370
1658417400 338 370 338 370
1658417100 338 370 338 370
1658416800 338 370 338 370
1658416500 338 370 338 370
1658416200 338 370 338 370
1658415900 338 370 338 370
1658415600 338 370 338 370
1658415300 338 370 338 370
1658415000 338 370 338 370
1658414700 338 370 338 370
1658414400 338 370 338 370
1658414100 338 370 338 370
1658413800 338 370 338 370
1658413500 338 370 338 370
1658413200 338 370 338 370
1658412900 338 370 338 370
1658412600 338 370 338 370
1658412300 338 370 338 370
1658412000 338 370 338 370
1658411700 338 370 338 370
1658411400 338 370 338 370
1658411100 338 370 338 370
1658410800 338 370 338 370
1658410500 338 370 338 370
1658410200 338 370 338 370
1658409900 338 370 338 370
1658409600 338 370 338 370
1658409300 338 370 338 370
1658409000 338 370 338 370
1658408700 338 370 338 370
1658408400 338 370 338 370
1658408100 338 370 338 370
1658407800 338 370 338 370
1658407500 338 370 338 370
1658407200 338 370 338 370
1658406900 338 370 338 370
1658406600 338 370 338 370
1658406300 338 370 338 370
1658406000 338 370 338 370
1658405700 338 370 338 370
1658405400 338 370 338 370
1658405100 338 370 338 370
1658404800 338 370 338 370
1658404500 338 370 338 370
1658404200 338 370 338 370
1658403900 338 370 338 370
1658403600 338 370 338 370
1658403300 338 370 338 370
1658403000 338 370 338 370
1658402700 338 370 338 370
1658402400 338 370 338 370
1658402100 338 370 338 370
1658401800 338 370 338 370
1658401500 338 370 338 370
1658401200 338 370 338 370
1658400900 338 370 338 370
1658400600 338 370 338 370
1658400300 338 370 338 370
1658400000 338 370 338 370
1658399700 338 370 338 370
1658399400 338 370 338 370
1658399100 338 370 338 370
1658398800 338 370 338 370
1658398500 338 370 338 370
1658398200 338 370 338 370
1658397900 338 370 338 370
1658397600 338 370 338 370
1658397300 338 370 338 370
1658397000 338 370 338 370
1658396700 338 370 338 370
1658396400 338 370 338 370
1658396100 338 370 338 370
1658395800 338 370 338 370
1658395500 338 370 338 370
1658395200 338 370 338 370
1658394900 338 370 338 370
1658394600 338 370 338 370
1658394300 338 370 338 370
1658394000 338 370 338 370
1658393700 338 370 338 370
1658393400 338 370 338 370
1658393100 338 370 338 370
1658392800 338 370 338 370
1658392500 338 370 338 370
1658392200 338 370 338 370
1658391900 338 370 338 370
1658391600 338 370 338 370
1658391300 338 370 338 370
1658391000 338 370 338 370
1658390700 338 370 338 370
1658390400 338 370 338 370
1658390100 338 370 338 370
1658389800 338 370 338 370
1658389500 338 370 338 370
1658389200 338 370 338 370
1658388900 338 370 338 370
1658388600 338 370 338 370
1658388300 338 370 338 370
1658388000 338 370 338 370
1658387700 338 370 338 370
1658387400 338 370 338 370
1658387100 338 370 338 370
1658386800 338 370 338 370
1658386500 338 370 338 370
1658386200 338 370 338 370
1658385900 338 370 338 370
1658385600 338 370 338 370
1658385300 338 370 338 370
1658385000 338 370 338 370
1658384700 338 370 338 370
1658384400 338 370 338 370
1658384100 338 370 338 370
1658383800 338 370 338 370
1658383500 338 370 338 370
1658383200 338 370 338 370
1658382900 338 370 338 370
1658382600 338 370 338 370
1658382300 338 370 338 370
1658382000 338 370 338 370
1658381700 338 370 338 370
1658381400 338 370 338 370
1658381100 338 370 338 370
1658380800 338 370 338 370
1658380500 338 370 338 370
1658380200 338 370 338 370
1658379900 338 370 338 370
1658379600 338 370 338 370
1658379300 338 370 338 370
1658379000 338 370 338 370
1658378700 338 370 338 370
1658378400 338 370 338 370
1658378100 338 370 338 370
1658377800 338 370 338 370
1658377500 338 370 338 370
1658377200 338 370 338 370
1658376900 338 370 338 370
1658376600 338 370 338 370
1658376300 338 370 338 370
1658376000 338 370 338 370
1658375700 338 370 338 370
1658375400 338 370 338 370
1658375100 338 370 338 370
1658374800 338 370 338 370
1658374500 338 370 338 370
1658374200 338 370 338 370
1658373900 338 370 338 370
1658373600 338 370 338 370
1658373300 338 370 338 370
1658373000 338 370 338 370
1658372700 338 370 338 370
1658372400 338 370 338 370
1658372100 338 370 338 370
1658371800 338 370 338 370
1658371500 338 370 338 370
1658371200 338 370 338 370
1658370900 338 370 338 370
1658370600 338 370 338 370
1658370300 338 370 338 370
1658370000 338 370 338 370
1658369700 338 370 338 370
1658369400 338 370 338 370
1658369100 338 370 338 370
1658368800 338 370 338 370
1658368500 338 370 338 370
1658368200 338 370 338 370
1658367900 338 370 338 370
1658367600 338 370 338 370
1658367300 338 370 338 370
1658367000 338 370 338 370
1658366700 338 370 338 370
1658366400 338 370 338 370
1658366100 338 370 338 370
1658365800 338 370 338 370
1658365500 338 370 338 370
1658365200 338 370 338 370
1658364900 338 370 338 370
1658364600 338 370 338 370
1658364300 338 370 338 370
1658364000 338 370 338 370
1658363700 338 370 338 370
1658363400 338 370 338 370
1658363100 338 370 338 370
1658362800 338 370 338 370
1658362500 338 370 338 370
1658362200 338 370 338 370
1658361900 338 370 338 370
1658361600 338 370 338 370
1658361300 338 370 338 370
1658361000 338 370 338 370
1658360700 338 370 338 370
1658360400 338 370 338 370
1658360100 338 370 338 370
1658359800 338 370 338 370
1658359500 338 370 338 370
1658359200 338 370 338 370
1658358900 338 370 338 370
1658358600 338 370 338 370
1658358300 338 370 338 370
1658358000 338 370 338 370
1658357700 338 370 338 370
1658357400 338 370 338 370
1658357100 338 370 338 370
1658356800 338 370 338 370
1658356500 338 370 338 370
1658356200 338 370 338 370
1658355900 338 370 338 370
1658355600 338 370 338 370
1658355300 338 370 338 370
1658355000 338 370 338 370
1658354700 338 370 338 370
1658354400 338 370 338 370
1658354100 338 370 338 370
1658353800 338 370 338 370
1658353500 338 370 338 370
1658353200 338 370 338 370
1658352900 338 370 338 370
1658352600 338 370 338 370
1658352300 338 370 338 370
1658352000 338 370 338 370
1658351700 338 370 338 370
1658351400 338 370 338 370
1658351100 338 370 338 370
1658350800 338 370 338 370
1658350500 338 370 338 370
1658350200 338 370 338 370
1658349900 338 370 338 370
1658349600 338 370 338 370
1658349300 338 370 338 370
1658349000 338 370 338 370
1658348700 338 370 338 370
1658348400 338 370 338 370
1658348100 338 370 338 370
1658347800 338 370 338 370
1658347500 338 370 338 370
1658347200 338 370 338 370
1658346900 338 370 338 370
1658346600 338 370 338 370
1658346300 338 370 338 370
1658346000 338 370 338 370
1658345700 338 370 338 370
1658345400 338 370 338 370
1658345100 338 370 338 370
1658344800 338 370 338 370
1658344500 338 370 338 370
1658344200 338 370 338 370
1658343900 338 370 338 370
1658343600 338 370 338 370
1658343300 338 370 338 370
1658343000 338 370 338 370
1658342700 338 370 338 370
1658342400 338 370 338 370
1658342100 338 370 338 370
1658341800 338 370 338 370
1658341500 338 370 338 370
1658341200 338 370 338 370
1658340900 338 370 338 370
1658340600 338 370 338 370
1658340300 338 370 338 370
1658340000 338 370 338 370
1658339700 338 370 338 370
1658339400 338 370 338 370
1658339100 338 370 338 370
1658338800 338 370 338 370
1658338500 338 370 338 370
1658338200 338 370 338 370
1658337900 338 370 338 370
1658337600 338 370 338 370
1658337300 338 370 338 370
1658337000 338 370 338 370
1658336700 338 370 338 370
1658336400 338 370 338 370
1658336100 338 370 338 370
1658335800 338 370 338 370
1658335500 338 370 338 370
1658335200 338 370 338 370
1658334900 338 370 338 370
1658334600 338 370 338 370
1658334300 338 370 338 370
1658334000 338 370 338 370
1658333700 338 370 338 370
1658333400 338 370 338 370
1658333100 338 370 338 370
1658332800 338 370 338 370
1658332500 338 370 338 370
1658332200 338 370 338 370
1658331900 338 370 338 370
1658331600 338 370 338 370
1658331300 338 370 338 370
1658331000 338 370 338 370
1658330700 338 370 338 370
1658330400 338 370 338 370
1658330100 338 370 338 370
1658329800 338 370 338 370
1658329500 338 370 338 370
1658329200 338 370 338 370
1658328900 338 370 338 370
1658328600 338 370 338 370
1658328300 338 370 338 370
1658328000 338 370 338 370
1658327700 338 370 338 370
1658327400 338 370 338 370
1658327100 338 370 338 370
1658326800 338 370 338 370
1658326500 338 370 338 370
1658326200 338 370 338 370
1658325900 338 370 338 370
1658325600 338 370 338 370
1658325300 338 370 338 370
1658325000 338 370 338 370
1658324700 338 370 338 370
1658324400 338 370 338 370
1658324100 338 370 338 370
1658323800 338 370 338 370
1658323500 338 370 338 370
1658323200 338 370 338 370
1658322900 338 370 338 370
1658322600 338 370 338 370
1658322300 338 370 338 370
1658322000 338 370 338 370
1658321700 338 370 338 370
1658321400 338 370 338 370
1658321100 338 370 338 370
1658320800 338 370 338 370
1658320500 338 370 338 370
1658320200 338 370 338 370
1658319900 338 370 338 370
1658319600 338 370 338 370
1658319300 338 370 338 370
1658319000 338 370 338 370
1658318700 338 370 338 370
1658318400 338 370 338 370
1658318100 338 370 338 370
1658317800 338 370 338 370
1658317500 338 370 338 370
1658317200 338 370 338 370
1658316900 338 370 338 370
1658316600 338 370 338 370
1658316300 338 370 338 370
1658316000 338 370 338 370
1658315700 338 370 338 370
1658315400 338 370 338 370
1658315100 338 370 338 370
1658314800 338 370 338 370
1658314500 338 370 338 370
1658314200 338 370 338 370
1658313900 338 370 338 370
1658313600 338 370 338 370
1658313300 338 370 338 370
1658313000 338 370 338 370
1658312700 338 370 338 370
1658312400 338 370 338 370
1658312100 338 370 338 370
1658311800 338 370 338 370
1658311500 338 370 338 370
1658311200 338 370 338 370
1658310900 338 370 338 370
1658310600 338 370 338 370
1658310300 338 370 338 370
1658310000 338 370 338 370
1658309700 338 370 338 370
1658309400 338 370 338 370
1658309100 338 370 338 370
1658308800 338 370 338 370
1658308500 338 370 338 370
1658308200 338 370 338 370
1658307900 338 370 338 370
1658307600 338 370 338 370
1658307300 338 370 338 370
1658307000 338 370 338 370
1658306700 338 370 338 370
1658306400 338 370 338 370
1658306100 338 370 338 370
1658305800 338 370 338 370
1658305500 338 370 338 370
1658305200 338 370 338 370
1658304900 338 370 338 370
1658304600 338 370 338 370
1658304300 338 370 338 370
1658304000 338 370 338 370
1658303700 338 370 338 370
1658303400 338 370 338 370
1658303100 338 370 338 370
1658302800 338 370 338 370
1658302500 338 370 338 370
1658302200 338 370 338 370
1658301900 338 370 338 370
1658301600 338 370 338 370
1658301300 338 370 338 370
1658301000 338 370 338 370
1658300700 338 370 338 370
1658300400 338 370 338 370
1658300100 338 370 338 370
1658299800 338 370 338 370
1658299500 338 370 338 370
1658299200 338 370 338 370
1658298900 338 370 338 370
1658298600 338 370 338 370
1658298300 338 370 338 370
1658298000 338 370 338 370
1658297700 338 370 338 370
1658297400 338 370 338 370
1658297100 338 370 338 370
1658296800 338 370 338 370
1658296500 338 370 338 370
1658296200 338 370 338 370
1658295900 338 370 338 370
1658295600 338 370 338 370
1658295300 338 370 338 370
1658295000 338 370 338 370
1658294700 338 370 338 370
1658294400 338 370 338 370
1658294100 338 370 338 370
1658293800 338 370 338 370
1658293500 338 370 338 370
1658293200 338 370 338 370
1658292900 338 370 338 370
1658292600 338 370 338 370
1658292300 338 370 338 370
1658292000 338 370 338 370
1658291700 338 370 338 370
1658291400 338 370 338 370
1658291100 338 370 338 370
1658290800 338 370 338 370
1658290500 338 370 338 370
1658290200 338 370 338 370
1658289900 338 370 338 370
1658289600 338 370 338 370
1658289300 338 370 338 370
1658289000 338 370 338 370
1658288700 338 370 338 370
1658288400 338 370 338 370
1658288100 338 370 338 370
1658287800 338 370 338 370
1658287500 338 370 338 370
1658287200 338 370 338 370
1658286900 338 370 338 370
1658286600 338 370 338 370
1658286300 338 370 338 370
1658286000 338 370 338 370
1658285700 338 370 338 370
1658285400 338 370 338 370
1658285100 338 370 338 370
1658284800 338 370 338 370
1658284500 338 370 338 370
1658284200 338 370 338 370
1658283900 338 370 338 370
1658283600 338 370 338 370
1658283300 338 370 338 370
1658283000 338 370 338 370
1658282700 338 370 338 370
1658282400 338 370 338 370
1658282100 338 370 338 370
1658281800 338 370 338 370
1658281500 338 370 338 370
1658281200 338 370 338 370
1658280900 338 370 338 370
1658280600 338 370 338 370
1658280300 338 370 338 370
1658280000 338 370 338 370
1658279700 338 370 338 370
1658279400 338 370 338 370
1658279100 338 370 338 370
1658278800 338 370 338 370
1658278500 338 370 338 370
1658278200 338 370 338 370
1658277900 338 370 338 370
1658277600 338 370 338 370
1658277300 338 370 338 370
1658277000 338 370 338 370
1658276700 338 370 338 370
1658276400 338 370 338 370
1658276100 338 370 338 370
1658275800 338 370 338 370
1658275500 338 370 338 370
1658275200 338 370 338 370
1658274900 338 370 338 370
1658274600 338 370 338 370
1658274300 338 370 338 370
1658274000 338 370 338 370
1658273700 338 370 338 370
1658273400 338 370 338 370
1658273100 338 370 338 370
1658272800 338 370 338 370
1658272500 338 370 338 370
1658272200 338 370 338 370
1658271900 338 370 338 370
1658271600 338 370 338 370
1658271300 338 370 338 370
1658271000 338 370 338 370
1658270700 338 370 338 370
1658270400 338 370 338 370
1658270100 338 370 338 370
1658269800 338 370 338 370
1658269500 338 370 338 370
1658269200 338 370 338 370
1658268900 338 370 338 370
1658268600 338 370 338 370
1658268300 338 370 338 370
1658268000 338 370 338 370
1658267700 338 370 338 370
1658267400 338 370 338 370
1658267100 338 370 338 370
1658266800 338 370 338 370
1658266500 338 370 338 370
1658266200 338 370 338 370
1658265900 338 370 338 370
1658265600 338 370 338 370
1658265300 338 370 338 370
1658265000 338 370 338 370
1658264700 338 370 338 370
1658264400 338 370 338 370
1658264100 338 370 338 370
1658263800 338 370 338 370
1658263500 338 370 338 370
1658263200 338 370 338 370
1658262900 338 370 338 370
1658262600 338 370 338 370
1658262300 338 370 338 370
1658262000 338 370 338 370
1658261700 338 370 338 370
1658261400 338 370 338 370
1658261100 338 370 338 370
1658260800 338 370 338 370
1658260500 338 370 338 370
1658260200 338 370 338 370
1658259900 338 370 338 370
1658259600 338 370 338 370
1658259300 338 370 338 370
1658259000 338 370 338 370
1658258700 338 370 338 370
1658258400 338 370 338 370
1658258100 338 370 338 370
1658257800 338 370 338 370
1658257500 338 370 338 370
1658257200 338 370 338 370
1658256900 338 370 338 370
1658256600 338 370 338 370
1658256300 338 370 338 370
1658256000 338 370 338 370
1658255700 338 370 338 370
1658255400 338 370 338 370
1658255100 338 370 338 370
1658254800 338 370 338 370
1658254500 338 370 338 370
1658254200 338 370 338 370
1658253900 338 370 338 370
1658253600 338 370 338 370
1658253300 338 370 338 370
1658253000 338 370 338 370
1658252700 338 370 338 370
1658252400 338 370 338 370
1658252100 338 370 338 370
1658251800 338 370 338 370
1658250000 338 370 338 370
1658248200 338 370 338 370
1658246400 338 370 338 370
1658244600 338 370 338 370
1658242800 338 370 338 370
1658241000 338 370 338 370
1658239200 338 370 338 370
1658237400 338 370 338 370
1658235600 338 370 338 370
1658233800 338 370 338 370
1658232000 338 370 338 370
1658230200 338 370 338 370
1658228400 338 370 338 370
1658226600 338 370 338 370
1658224800 338 370 338 370
1658223000 338 370 338 370
1658221200 338 370 338 370
1658219400 338 370 338 370
1658217600 338 370 338 370
1658215800 338 370 338 370
1658214000 338 370 338 370
1658212200 338 370 338 370
1658210400 338 370 338 370
1658208600 338 370 338 370
1658206800 338 370 338 370
1658205000 338 370 338 370
1658203200 338 370 338 370
1658201400 338 370 338 370
1658199600 338 370 338 370
1658197800 338 370 338 370
1658196000 338 370 338 370
1658194200 338 370 338 370
1658192400 338 370 338 370
1658190600 338 370 338 370
1658188800 338 370 338 370
1658187000 338 370 338 370
1658185200 338 370 338 370
1658183400 338 370 338 370
1658181600 338 370 338 370
1658179800 338 370 338 370
1658178000 338 370 338 370
1658176200 338 370 338 370
1658174400 338 370 338 370
1658172600 338 370 338 370
1658170800 338 370 338 370
1658169000 338 370 338 370
1658167200 338 370 338 370
1658165400 338 370 338 370
1658163600 338 370 338 370
1658161800 338 370 338 370
1658160000 338 370 338 370
1658158200 338 370 338 370
1658156400 338 370 338 370
1658154600 338 370 338 370
1658152800 338 370 338 370
1658151000 338 370 338 370
1658149200 338 370 338 370
1658147400 338 370 338 370
1658145600 338 370 338 370
1658143800 338 370 338 370
1658142000 338 370 338 370
1658140200 338 370 338 370
1658138400 338 370 338 370
1658136600 338 370 338 370
1658134800 338 370 338 370
1658133000 338 370 338 370
1658131200 338 370 338 370
1658129400 338 370 338 370
1658127600 338 370 338 370
1658125800 338 370 338 370
1658124000 338 370 338 370
1658122200 338 370 338 370
1658120400 338 370 338 370
1658118600 338 370 338 370
1658116800 338 370 338 370
1658115000 338 370 338 370
1658113200 338 370 338 370
1658111400 338 370 338 370
1658109600 338 370 338 370
1658107800 338 370 338 370
1658106000 338 370 338 370
1658104200 338 370 338 370
1658102400 338 370 338 370
1658100600 338 370 338 370
1658098800 338 370 338 370
1658097000 338 370 338 370
1658095200 338 370 338 370
1658093400 338 370 338 370
1658091600 338 370 338 370
1658089800 338 370 338 370
1658088000 338 370 338 370
1658086200 338 370 338 370
1658084400 338 370 338 370
1658082600 338 370 338 370
1658080800 338 370 338 370
1658079000 338 370 338 370
1658077200 338 370 338 370
1658075400 338 370 338 370
1658073600 338 370 338 370
1658071800 338 370 338 370
1658070000 338 370 338 370
1658068200 338 370 338 370
1658066400 338 370 338 370
1658064600 338 370 338 370
1658062800 338 370 338 370
1658061000 338 370 338 370
1658059200 338 370 338 370
1658057400 338 370 338 370
1658055600 338 370 338 370
1658053800 338 370 338 370
1658052000 338 370 338 370
1658050200 338 370 338 370
1658048400 338 370 338 370
1658046600 338 370 338 370
1658044800 338 370 338 370
1658043000 338 370 338 370
1658041200 338 370 338 370
1658039400 338 370 338 370
1658037600 338 370 338 370
1658035800 338 370 338 370
1658034000 338 370 338 370
1658032200 338 370 338 370
1658030400 338 370 338 370
1658028600 338 370 338 370
1658026800 338 370 338 370
1658025000 338 370 338 370
1658023200 338 370 338 370
1658021400 338 370 338 370
1658019600 338 370 338 370
1658017800 338 370 338 370
1658016000 338 370 338 370
1658014200 338 370 338 370
1658012400 338 370 338 370
1658010600 338 370 338 370
1658008800 338 370 338 370
1658007000 338 370 338 370
1658005200 338 370 338 370
1658003400 338 370 338 370
1658001600 338 370 338 370
1657999800 338 370 338 370
1657998000 338 370 338 370
1657996200 338 370 338 370
1657994400 338 370 338 370
1657992600 338 370 338 370
1657990800 338 370 338 370
1657989000 338 370 338 370
1657987200 338 370 338 370
1657985400 338 370 338 370
1657983600 338 370 338 370
1657981800 338 370 338 370
1657980000 338 370 338 370
1657978200 338 370 338 370
1657976400 338 370 338 370
1657974600 338 370 338 370
1657972800 338 370 338 370
1657971000 338 370 338 370
1657969200 338 370 338 370
1657967400 338 370 338 370
1657965600 338 370 338 370
1657963800 338 370 338 370
1657962000 338 370 338 370
1657960200 338 370 338 370
1657958400 338 370 338 370
1657956600 338 370 338 370
1657954800 338 370 338 370
1657953000 338 370 338 370
1657951200 338 370 338 370
1657949400 338 370 338 370
1657947600 338 370 338 370
1657945800 338 370 338 370
1657944000 338 370 338 370
1657942200 338 370 338 370
1657940400 338 370 338 370
1657938600 338 370 338 370
1657936800 338 370 338 370
1657935000 338 370 338 370
1657933200 338 370 338 370
1657931400 338 370 338 370
1657929600 338 370 338 370
1657927800 338 370 338 370
1657926000 338 370 338 370
1657924200 338 370 338 370
1657922400 338 370 338 370
1657920600 338 370 338 370
1657918800 338 370 338 370
1657917000 338 370 338 370
1657915200 338 370 338 370
1657913400 338 370 338 370
1657911600 338 370 338 370
1657909800 338 370 338 370
1657908000 338 370 338 370
1657906200 338 370 338 370
1657904400 338 370 338 370
1657902600 338 370 338 370
1657900800 338 370 338 370
1657899000 338 370 338 370
1657897200 338 370 338 370
1657895400 338 370 338 370
1657893600 338 370 338 370
1657891800 338 370 338 370
1657890000 338 370 338 370
1657888200 338 370 338 370
1657886400 338 370 338 370
1657884600 338 370 338 370
1657882800 338 370 338 370
1657881000 338 370 338 370
1657879200 338 370 338 370
1657877400 338 370 338 370
1657875600 338 370 338 370
1657873800 338 370 338 370
1657872000 338 370 338 370
1657870200 338 370 338 370
1657868400 338 370 338 370
1657866600 338 370 338 370
1657864800 338 370 338 370
1657863000 338 370 338 370
1657861200 338 370 338 370
1657859400 338 370 338 370
1657857600 338 370 338 370
1657855800 338 370 338 370
1657854000 338 370 338 370
1657852200 338 370 338 370
1657850400 338 370 338 370
1657848600 338 370 338 370
1657846800 338 370 338 370
1657845000 338 370 338 370
1657843200 338 370 338 370
1657841400 338 370 338 370
1657839600 338 370 338 370
1657837800 338 370 338 370
1657836000 338 370 338 370
1657834200 338 370 338 370
1657832400 338 370 338 370
1657830600 338 370 338 370
1657828800 338 370 338 370
1657827000 338 370 338 370
1657825200 338 370 338 370
1657823400 338 370 338 370
1657821600 338 370 338 370
1657819800 338 370 338 370
1657818000 338 370 338 370
1657816200 338 370 338 370
1657814400 338 370 338 370
1657812600 338 370 338 370
1657810800 338 370 338 370
1657809000 338 370 338 370
1657807200 338 370 338 370
1657805400 338 370 338 370
1657803600 338 370 338 370
1657801800 338 370 338 370
1657800000 338 370 338 370
1657798200 338 370 338 370
1657796400 338 370 338 370
1657794600 338 370 338 370
1657792800 338 370 338 370
1657791000 338 370 338 370
1657789200 338 370 338 370
1657787400 338 370 338 370
1657785600 338 370 338 370
1657783800 338 370 338 370
1657782000 338 370 338 370
1657780200 338 370 338 370
1657778400 338 370 338 370
1657776600 338 370 338 370
1657774800 338 370 338 370
1657773000 338 370 338 370
1657771200 338 370 338 370
1657769400 338 370 338 370
1657767600 338 370 338 370
1657765800 338 370 338 370
1657764000 338 370 338 370
1657762200 338 370 338 370
1657760400 338 370 338 370
1657758600 338 370 338 370
1657756800 338 370 338 370
1657755000 338 370 338 370
1657753200 338 370 338 370
1657751400 338 370 338 370
1657749600 338 370 338 370
1657747800 338 370 338 370
1657746000 338 370 338 370
1657744200 338 370 338 370
1657742400 338 370 338 370
1657740600 338 370 338 370
1657738800 338 370 338 370
1657737000 338 370 338 370
1657735200 338 370 338 370
1657733400 338 370 338 370
1657731600 338 370 338 370
1657729800 338 370 338 370
1657728000 338 370 338 370
1657726200 338 370 338 370
1657724400 338 370 338 370
1657722600 338 370 338 370
1657720800 338 370 338 370
1657719000 338 370 338 370
1657717200 338 370 338 370
1657715400 338 370 338 370
1657713600 338 370 338 370
1657711800 338 370 338 370
1657710000 338 370 338 370
1657708200 338 370 338 370
1657706400 338 370 338 370
1657704600 338 370 338 370
1657702800 338 370 338 370
1657701000 338 370 338 370
1657699200 338 370 338 370
1657697400 338 370 338 370
1657695600 338 370 338 370
1657693800 338 370 338 370
1657692000 338 370 338 370
1657690200 338 370 338 370
1657688400 338 370 338 370
1657686600 338 370 338 370
1657684800 338 370 338 370
1657683000 338 370 338 370
1657681200 338 370 338 370
1657679400 338 370 338 370
1657677600 338 370 338 370
1657675800 338 370 338 370
1657674000 338 370 338 370
1657672200 338 370 338 370
1657670400 338 370 338 370
1657668600 338 370 338 370
1657666800 338 370 338 370
1657665000 338 370 338 370
1657663200 338 370 338 370
1657661400 338 370 338 370
1657659600 338 370 338 370
1657657800 338 370 338 370
1657656000 338 370 338 370
1657654200 338 370 338 370
1657652400 338 370 338 370
1657650600 338 370 338 370
1657648800 338 370 338 370
1657647000 338 370 338 370
1657645200 338 370 338 370
1657643400 338 370 338 370
1657641600 338 370 338 370
1657639800 338 370 338 370
1657638000 338 370 338 370
1657636200 338 370 338 370
1657634400 338 370 338 370
1657632600 338 370 338 370
1657630800 338 370 338 370
1657629000 338 370 338 370
1657627200 338 370 338 370
1657625400 338 370 338 370
1657623600 338 370 338 370
1657621800 338 370 338 370
1657620000 338 370 338 370
1657618200 338 370 338 370
1657616400 338 370 338 370
1657614600 338 370 338 370
1657612800 338 370 338 370
1657611000 338 370 338 370
1657609200 338 370 338 370
1657607400 338 370 338 370
1657605600 338 370 338 370
1657603800 338 370 338 370
1657602000 338 370 338 370
1657600200 338 370 338 370
1657598400 338 370 338 370
1657596600 338 370 338 370
1657594800 338 370 338 370
1657593000 338 370 338 370
1657591200 338 370 338 370
1657589400 338 370 338 370
1657587600 338 370 338 370
1657585800 338 370 338 370
1657584000 338 370 338 370
1657582200 338 370 338 370
1657580400 338 370 338 370
1657578600 338 370 338 370
1657576800 338 370 338 370
1657575000 338 370 338 370
1657573200 338 370 338 370
1657571400 338 370 338 370
1657569600 338 370 338 370
1657567800 338 370 338 370
1657566000 338 370 338 370
1657564200 338 370 338 370
1657562400 338 370 338 370
1657560600 338 370 338 370
1657558800 338 370 338 370
1657557000 338 370 338 370
1657555200 338 370 338 370
1657553400 338 370 338 370
1657551600 338 370 338 370
1657549800 338 370 338 370
1657548000 338 370 338 370
1657546200 338 370 338 370
1657544400 338 370 338 370
1657542600 338 370 338 370
1657540800 338 370 338 370
1657539000 338 370 338 370
1657537200 338 370 338 370
1657535400 338 370 338 370
1657533600 338 370 338 370
1657531800 338 370 338 370
1657530000 338 370 338 370
1657528200 338 370 338 370
1657526400 338 370 338 370
1657524600 338 370 338 370
1657522800 338 370 338 370
1657521000 338 370 338 370
1657519200 338 370 338 370
1657517400 338 370 338 370
1657515600 338 370 338 370
1657513800 338 370 338 370
1657512000 338 370 338 370
1657510200 338 370 338 370
1657508400 338 370 338 370
1657506600 338 370 338 370
1657504800 338 370 338 370
1657503000 338 370 338 370
1657501200 338 370 338 370
1657499400 338 370 338 370
1657497600 338 370 338 370
1657495800 338 370 338 370
1657494000 338 370 338 370
1657492200 338 370 338 370
1657490400 338 370 338 370
1657488600 338 370 338 370
1657486800 338 370 338 370
1657485000 338 370 338 370
1657483200 338 370 338 370
1657481400 338 370 338 370
1657479600 338 370 338 370
1657477800 338 370 338 370
1657476000 338 370 338 370
1657474200 338 370 338 370
1657472400 338 370 338 370
1657470600 338 370 338 370
1657468800 338 370 338 370
1657467000 338 370 338 370
1657465200 338 370 338 370
1657463400 338 370 338 370
1657461600 338 370 338 370
1657459800 338 370 338 370
1657458000 338 370 338 370
1657456200 338 370 338 370
1657454400 338 370 338 370
1657452600 338 370 338 370
1657450800 338 370 338 370
1657449000 338 370 338 370
1657447200 338 370 338 370
1657445400 338 370 338 370
1657443600 338 370 338 370
1657441800 338 370 338 370
1657440000 338 370 338 370
1657438200 338 370 338 370
1657436400 338 370 338 370
1657434600 338 370 338 370
1657432800 338 370 338 370
1657431000 338 370 338 370
1657429200 338 370 338 370
1657427400 338 370 338 370
1657425600 338 370 338 370
1657423800 338 370 338 370
1657422000 338 370 338 370
1657420200 338 370 338 370
1657418400 338 370 338 370
1657416600 338 370 338 370
1657414800 338 370 338 370
1657413000 338 370 338 370
1657411200 338 370 338 370
1657409400 338 370 338 370
1657407600 338 370 338 370
1657405800 338 370 338 370
1657404000 338 370 338 370
1657402200 338 370 338 370
1657400400 338 370 338 370
1657398600 338 370 338 370
1657396800 338 370 338 370
1657395000 338 370 338 370
1657393200 338 370 338 370
1657391400 338 370 338 370
1657389600 338 370 338 370
1657387800 338 370 338 370
1657386000 338 370 338 370
1657384200 338 370 338 370
1657382400 338 370 338 370
1657380600 338 370 338 370
1657378800 338 370 338 370
1657377000 338 370 338 370
1657375200 338 370 338 370
1657373400 338 370 338 370
1657371600 338 370 338 370
1657369800 338 370 338 370
1657368000 338 370 338 370
1657366200 338 370 338 370
1657364400 338 370 338 370
1657362600 338 370 338 370
1657360800 338 370 338 370
1657359000 338 370 338 370
1657357200 338 370 338 370
1657355400 338 370 338 370
1657353600 338 370 338 370
1657351800 338 370 338 370
1657350000 338 370 338 370
1657348200 338 370 338 370
1657346400 338 370 338 370
1657344600 338 370 338 370
1657342800 338 370 338 370
1657341000 338 370 338 370
1657339200 338 370 338 370
1657337400 338 370 338 370
1657335600 338 370 338 370
1657333800 338 370 338 370
1657332000 338 370 338 370
1657330200 338 370 338 370
1657328400 338 370 338 370
1657326600 338 370 338 370
1657324800 338 370 338 370
1657323000 338 370 338 370
1657321200 338 370 338 370
1657319400 338 370 338 370
1657317600 338 370 338 370
1657315800 338 370 338 370
1657314000 338 370 338 370
1657312200 338 370 338 370
1657310400 338 370 338 370
1657308600 338 370 338 370
1657306800 338 370 338 370
1657305000 338 370 338 370
1657303200 338 370 338 370
1657301400 338 370 338 370
1657299600 338 370 338 370
1657297800 338 370 338 370
1657296000 338 370 338 370
1657294200 338 370 338 370
1657292400 338 370 338 370
1657290600 338 370 338 370
1657288800 338 370 338 370
1657287000 338 370 338 370
1657285200 338 370 338 370
1657283400 338 370 338 370
1657281600 338 370 338 370
1657279800 338 370 338 370
1657278000 338 370 338 370
1657276200 338 370 338 370
1657274400 338 370 338 370
1657272600 338 370 338 370
1657270800 338 370 338 370
1657269000 338 370 338 370
1657267200 338 370 338 370
1657265400 338 370 338 370
1657263600 338 370 338 370
1657261800 338 370 338 370
1657260000 338 370 338 370
1657258200 338 370 338 370
1657256400 338 370 338 370
1657254600 338 370 338 370
1657252800 338 370 338 370
1657251000 338 370 338 370
1657249200 338 370 338 370
1657247400 338 370 338 370
1657245600 338 370 338 370
1657243800 338 370 338 370
1657242000 338 370 338 370
1657240200 338 370 338 370
1657238400 338 370 338 370
1657236600 338 370 338 370
1657234800 338 370 338 370
1657233000 338 370 338 370
1657231200 338 370 338 370
1657229400 338 370 338 370
1657227600 338 370 338 370
1657225800 338 370 338 370
1657224000 338 370 338 370
1657222200 338 370 338 370
1657220400 338 370 338 370
1657218600 338 370 338 370
1657216800 338 370 338 370
1657215000 338 370 338 370
1657213200 338 370 338 370
1657211400 338 370 338 370
1657209600 338 370 338 370
1657207800 338 370 338 370
1657206000 338 370 338 370
1657204200 338 370 338 370
1657202400 338 370 338 370
1657200600 338 370 338 370
1657198800 338 370 338 370
1657197000 338 370 338 370
1657195200 338 370 338 370
1657193400 338 370 338 370
1657191600 338 370 338 370
1657189800 338 370 338 370
1657188000 338 370 338 370
1657186200 338 370 338 370
1657184400 338 370 338 370
1657182600 338 370 338 370
1657180800 338 370 338 370
1657179000 338 370 338 370
1657177200 338 370 338 370
1657175400 338 370 338 370
1657173600 338 370 338 370
1657171800 338 370 338 370
1657166400 338 370 338 370
1657159200 338 370 338 370
1657152000 338 370 338 370
1657144800 338 370 338 370
1657137600 338 370 338 370
1657130400 338 370 338 370
1657123200 338 370 338 370
1657116000 338 370 338 370
1657108800 338 370 338 370
1657101600 338 370 338 370
1657094400 338 370 338 370
1657087200 338 370 338 370
1657080000 338 370 338 370
1657072800 338 370 338 370
1657065600 338 370 338 370
1657058400 338 370 338 370
1657051200 338 370 338 370
1657044000 338 370 338 370
1657036800 338 370 338 370
1657029600 338 370 338 370
1657022400 338 370 338 370
1657015200 338 370 338 370
1657008000 338 370 338 370
1657000800 338 370 338 370
1656993600 338 370 338 370
1656986400 338 370 338 370
1656979200 338 370 338 370
1656972000 338 370 338 370
1656964800 338 370 338 370
1656957600 338 370 338 370
1656950400 338 370 338 370
1656943200 338 370 338 370
1656936000 338 370 338 370
1656928800 338 370 338 370
1656921600 338 370 338 370
1656914400 338 370 338 370
1656907200 338 370 338 370
1656900000 338 370 338 370
1656892800 338 370 338 370
1656885600 338 370 338 370
1656878400 338 370 338 370
1656871200 338 370 338 370
1656864000 338 370 338 370
1656856800 338 370 338 370
1656849600 338 370 338 370
1656842400 338 370 338 370
1656835200 338 370 338 370
1656828000 338 370 338 370
1656820800 338 370 338 370
1656813600 338 370 338 370
1656806400 338 370 338 370
1656799200 338 370 338 370
1656792000 338 370 338 370
1656784800 338 370 338 370
1656777600 338 370 338 370
1656770400 338 370 338 370
1656763200 338 370 338 370
1656756000 338 370 338 370
1656748800 338 370 338 370
1656741600 338 370 338 370
1656734400 338 370 338 370
1656727200 338 370 338 370
1656720000 338 370 338 370
1656712800 338 370 338 370
1656705600 338 370 338 370
1656698400 338 370 338 370
1656691200 338 370 338 370
1656684000 338 370 338 370
1656676800 338 370 338 370
1656669600 338 370 338 370
1656662400 338 370 338 370
1656655200 338 370 338 370
1656648000 338 370 338 370
1656640800 338 370 338 370
1656633600 338 370 338 370
1656626400 338 370 338 370
1656619200 338 370 338 370
1656612000 338 370 338 370
1656604800 338 370 338 370
1656597600 338 370 338 370
1656590400 338 370 338 370
1656583200 338 370 338 370
1656576000 338 370 338 370
1656568800 338 370 338 370
1656561600 338 370 338 370
1656554400 338 370 338 370
1656547200 338 370 338 370
1656540000 338 370 338 370
1656532800 338 370 338 370
1656525600 338 370 338 370
1656518400 338 370 338 370
1656511200 338 370 338 370
1656504000 338 370 338 370
1656496800 338 370 338 370
1656489600 338 370 338 370
1656482400 338 370 338 370
1656475200 338 370 338 370
1656468000 338 370 338 370
1656460800 338 370 338 370
1656453600 338 370 338 370
1656446400 338 370 338 370
1656439200 338 370 338 370
1656432000 338 370 338 370
1656424800 338 370 338 370
1656417600 338 370 338 370
1656410400 338 370 338 370
1656403200 338 370 338 370
1656396000 338 370 338 370
1656388800 338 370 338 370
1656381600 338 370 338 370
1656374400 338 370 338 370
1656367200 338 370 338 370
1656360000 338 370 338 370
1656352800 338 370 338 370
1656345600 338 370 338 370
1656338400 338 370 338 370
1656331200 338 370 338 370
1656324000 338 370 338 370
1656316800 338 370 338 370
1656309600 338 370 338 370
1656302400 338 370 338 370
1656295200 338 370 338 370
1656288000 338 370 338 370
1656280800 338 370 338 370
1656273600 338 370 338 370
1656266400 338 370 338 370
1656259200 338 370 338 370
1656252000 338 370 338 370
1656244800 338 370 338 370
1656237600 338 370 338 370
1656230400 338 370 338 370
1656223200 338 370 338 370
1656216000 338 370 338 370
1656208800 338 370 338 370
1656201600 338 370 338 370
1656194400 338 370 338 370
1656187200 338 370 338 370
1656180000 338 370 338 370
1656172800 338 370 338 370
1656165600 338 370 338 370
1656158400 338 370 338 370
1656151200 338 370 338 370
1656144000 338 370 338 370
1656136800 338 370 338 370
1656129600 338 370 338 370
1656122400 338 370 338 370
1656115200 338 370 338 370
1656108000 338 370 338 370
1656100800 338 370 338 370
1656093600 338 370 338 370
1656086400 338 370 338 370
1656079200 338 370 338 370
1656072000 338 370 338 370
1656064800 338 370 338 370
1656057600 338 370 338 370
1656050400 338 370 338 370
1656043200 338 370 338 370
1656036000 338 370 338 370
1656028800 338 370 338 370
1656021600 338 370 338 370
1656014400 338 370 338 370
1656007200 338 370 338 370
1656000000 338 370 338 370
1655992800 338 370 338 370
1655985600 338 370 338 370
1655978400 338 370 338 370
1655971200 338 370 338 370
1655964000 338 370 338 370
1655956800 338 370 338 370
1655949600 338 370 338 370
1655942400 338 370 338 370
1655935200 338 370 338 370
1655928000 338 370 338 370
1655920800 338 370 338 370
1655913600 338 370 338 370
1655906400 338 370 338 370
1655899200 338 370 338 370
1655892000 338 370 338 370
1655884800 338 370 338 370
1655877600 338 370 338 370
1655870400 338 370 338 370
1655863200 338 370 338 370
1655856000 338 370 338 370
1655848800 338 370 338 370
1655841600 338 370 338 370
1655834400 338 370 338 370
1655827200 338 370 338 370
1655820000 338 370 338 370
1655812800 338 370 338 370
1655805600 338 370 338 370
1655798400 338 370 338 370
1655791200 338 370 338 370
1655784000 338 370 338 370
1655776800 338 370 338 370
1655769600 338 370 338 370
1655762400 338 370 338 370
1655755200 338 370 338 370
1655748000 338 370 338 370
1655740800 338 370 338 370
1655733600 338 370 338 370
1655726400 338 370 338 370
1655719200 338 370 338 370
1655712000 338 370 338 370
1655704800 338 370 338 370
1655697600 338 370 338 370
1655690400 338 370 338 370
1655683200 338 370 338 370
1655676000 338 370 338 370
1655668800 338 370 338 370
1655661600 338 370 338 370
1655654400 338 370 338 370
1655647200 338 370 338 370
1655640000 338 370 338 370
1655632800 338 370 338 370
1655625600 338 370 338 370
1655618400 338 370 338 370
1655611200 338 370 338 370
1655604000 338 370 338 370
1655596800 338 370 338 370
1655589600 338 370 338 370
1655582400 338 370 338 370
1655575200 338 370 338 370
1655568000 338 370 338 370
1655560800 338 370 338 370
1655553600 338 370 338 370
1655546400 338 370 338 370
1655539200 338 370 338 370
1655532000 338 370 338 370
1655524800 338 370 338 370
1655517600 338 370 338 370
1655510400 338 370 338 370
1655503200 338 370 338 370
1655496000 338 370 338 370
1655488800 338 370 338 370
1655481600 338 370 338 370
1655474400 338 370 338 370
1655467200 338 370 338 370
1655460000 338 370 338 370
1655452800 338 370 338 370
1655445600 338 370 338 370
1655438400 338 370 338 370
1655431200 338 370 338 370
1655424000 338 370 338 370
1655416800 338 370 338 370
1655409600 338 370 338 370
1655402400 338 370 338 370
1655395200 338 370 338 370
1655388000 338 370 338 370
1655380800 338 370 338 370
1655373600 338 370 338 370
1655366400 338 370 338 370
1655359200 338 370 338 370
1655352000 338 370 338 370
1655344800 338 370 338 370
1655337600 338 370 338 370
1655330400 338 370 338 370
1655323200 338 370 338 370
1655316000 338 370 338 370
1655308800 338 370 338 370
1655301600 338 370 338 370
1655294400 338 370 338 370
1655287200 338 370 338 370
1655280000 338 370 338 370
1655272800 338 370 338 370
1655265600 338 370 338 370
1655258400 338 370 338 370
1655251200 338 370 338 370
1655244000 338 370 338 370
1655236800 338 370 338 370
1655229600 338 370 338 370
1655222400 338 370 338 370
1655215200 338 370 338 370
1655208000 338 370 338 370
1655200800 338 370 338 370
1655193600 338 370 338 370
1655186400 338 370 338 370
1655179200 338 370 338 370
1655172000 338 370 338 370
1655164800 338 370 338 370
1655157600 338 370 338 370
1655150400 338 370 338 370
1655143200 338 370 338 370
1655136000 338 370 338 370
1655128800 338 370 338 370
1655121600 338 370 338 370
1655114400 338 370 338 370
1655107200 338 370 338 370
1655100000 338 370 338 370
1655092800 338 370 338 370
1655085600 338 370 338 370
1655078400 338 370 338 370
1655071200 338 370 338 370
1655064000 338 370 338 370
1655056800 338 370 338 370
1655049600 338 370 338 370
1655042400 338 370 338 370
1655035200 338 370 338 370
1655028000 338 370 338 370
1655020800 338 370 338 370
1655013600 338 370 338 370
1655006400 338 370 338 370
1654999200 338 370 338 370
1654992000 338 370 338 370
1654984800 338 370 338 370
1654977600 338 370 338 370
1654970400 338 370 338 370
1654963200 338 370 338 370
1654956000 338 370 338 370
1654948800 338 370 338 370
1654941600 338 370 338 370
1654934400 338 370 338 370
1654927200 338 370 338 370
1654920000 338 370 338 370
1654912800 338 370 338 370
1654905600 338 370 338 370
1654898400 338 370 338 370
1654891200 338 370 338 370
1654884000 338 370 338 370
1654876800 338 370 338 370
1654869600 338 370 338 370
1654862400 338 370 338 370
1654855200 338 370 338 370
1654848000 338 370 338 370
1654840800 338 370 338 370
1654833600 338 370 338 370
1654826400 338 370 338 370
1654819200 338 370 338 370
1654812000 338 370 338 370
1654804800 338 370 338 370
1654797600 338 370 338 370
1654790400 338 370 338 370
1654783200 338 370 338 370
1654776000 338 370 338 370
1654768800 338 370 338 370
1654761600 338 370 338 370
1654754400 338 370 338 370
1654747200 338 370 338 370
1654740000 338 370 338 370
1654732800 338 370 338 370
1654725600 338 370 338 370
1654718400 338 370 338 370
1654711200 338 370 338 370
1654704000 338 370 338 370
1654696800 338 370 338 370
1654689600 338 370 338 370
1654682400 338 370 338 370
1654675200 338 370 338 370
1654668000 338 370 338 370
1654660800 338 370 338 370
1654653600 338 370 338 370
1654646400 338 370 338 370
1654639200 338 370 338 370
1654632000 338 370 338 370
1654624800 338 370 338 370
1654617600 338 370 338 370
1654610400 338 370 338 370
1654603200 338 370 338 370
1654596000 338 370 338 370
1654588800 338 370 338 370
1654581600 338 370 338 370
1654574400 338 370 338 370
1654567200 338 370 338 370
1654560000 338 370 338 370
1654552800 338 370 338 370
1654545600 338 370 338 370
1654538400 338 370 338 370
1654531200 338 370 338 370
1654524000 338 370 338 370
1654516800 338 370 338 370
1654509600 338 370 338 370
1654502400 338 370 338 370
1654495200 338 370 338 370
1654488000 338 370 338 370
1654480800 338 370 338 370
1654473600 338 370 338 370
1654466400 338 370 338 370
1654459200 338 370 338 370
1654452000 338 370 338 370
1654444800 338 370 338 370
1654437600 338 370 338 370
1654430400 338 370 338 370
1654423200 338 370 338 370
1654416000 338 370 338 370
1654408800 338 370 338 370
1654401600 338 370 338 370
1654394400 338 370 338 370
1654387200 338 370 338 370
1654380000 338 370 338 370
1654372800 338 370 338 370
1654365600 338 370 338 370
1654358400 338 370 338 370
1654351200 338 370 338 370
1654344000 338 370 338 370
1654336800 338 370 338 370
1654329600 338 370 338 370
1654322400 338 370 338 370
1654315200 338 370 338 370
1654308000 338 370 338 370
1654300800 338 370 338 370
1654293600 338 370 338 370
1654286400 338 370 338 370
1654279200 338 370 338 370
1654272000 338 370 338 370
1654264800 338 370 338 370
1654257600 338 370 338 370
1654250400 338 370 338 370
1654243200 338 370 338 370
1654236000 338 370 338 370
1654228800 338 370 338 370
1654221600 338 370 338 370
1654214400 338 370 338 370
1654207200 338 370 338 370
1654200000 338 370 338 370
1654192800 338 370 338 370
1654185600 338 370 338 370
1654178400 338 370 338 370
1654171200 338 370 338 370
1654164000 338 370 338 370
1654156800 338 370 338 370
1654149600 338 370 338 370
1654142400 338 370 338 370
1654135200 338 370 338 370
1654128000 338 370 338 370
1654120800 338 370 338 370
1654113600 338 370 338 370
1654106400 338 370 338 370
1654099200 338 370 338 370
1654092000 338 370 338 370
1654084800 338 370 338 370
1654077600 338 370 338 370
1654070400 338 370 338 370
1654063200 338 370 338 370
1654056000 338 370 338 370
1654048800 338 370 338 370
1654041600 338 370 338 370
1654034400 338 370 338 370
1654027200 338 370 338 370
1654020000 338 370 338 370
1654012800 338 370 338 370
1654005600 338 370 338 370
1653998400 338 370 338 370
1653991200 338 370 338 370
1653984000 338 370 338 370
1653976800 338 370 338 370
1653969600 338 370 338 370
1653962400 338 370 338 370
1653955200 338 370 338 370
1653948000 338 370 338 370
1653940800 338 370 338 370
1653933600 338 370 338 370
1653926400 338 370 338 370
1653919200 338 370 338 370
1653912000 338 370 338 370
1653904800 338 370 338 370
1653897600 338 370 338 370
1653890400 338 370 338 370
1653883200 338 370 338 370
1653876000 338 370 338 370
1653868800 338 370 338 370
1653861600 338 370 338 370
1653854400 338 370 338 370
1653847200 338 370 338 370
1653840000 338 370 338 370
1653832800 338 370 338 370
1653825600 338 370 338 370
1653818400 338 370 338 370
1653811200 338 370 338 370
1653804000 338 370 338 370
1653796800 338 370 338 370
1653789600 338 370 338 370
1653782400 338 370 338 370
1653775200 338 370 338 370
1653768000 338 370 338 370
1653760800 338 370 338 370
1653753600 338 370 338 370
1653746400 338 370 338 370
1653739200 338 370 338 370
1653732000 338 370 338 370
1653724800 338 370 338 370
1653717600 338 370 338 370
1653710400 338 370 338 370
1653703200 338 370 338 370
1653696000 338 370 338 370
1653688800 338 370 338 370
1653681600 338 370 338 370
1653674400 338 370 338 370
1653667200 338 370 338 370
1653660000 338 370 338 370
1653652800 338 370 338 370
1653645600 338 370 338 370
1653638400 338 370 338 370
1653631200 338 370 338 370
1653624000 338 370 338 370
1653616800 338 370 338 370
1653609600 338 370 338 370
1653602400 338 370 338 370
1653595200 338 370 338 370
1653588000 338 370 338 370
1653580800 338 370 338 370
1653573600 338 370 338 370
1653566400 338 370 338 370
1653559200 338 370 338 370
1653552000 338 370 338 370
1653544800 338 370 338 370
1653537600 338 370 338 370
1653530400 338 370 338 370
1653523200 338 370 338 370
1653516000 338 370 338 370
1653508800 338 370 338 370
1653501600 338 370 338 370
1653494400 338 370 338 370
1653487200 338 370 338 370
1653480000 338 370 338 370
1653472800 338 370 338 370
1653465600 338 370 338 370
1653458400 338 370 338 370
1653451200 338 370 338 370
1653444000 338 370 338 370
1653436800 338 370 338 370
1653429600 338 370 338 370
1653422400 338 370 338 370
1653415200 338 370 338 370
1653408000 338 370 338 370
1653400800 338 370 338 370
1653393600 338 370 338 370
1653386400 338 370 338 370
1653379200 338 370 338 370
1653372000 338 370 338 370
1653364800 338 370 338 370
1653357600 338 370 338 370
1653350400 338 370 338 370
1653343200 338 370 338 370
1653336000 338 370 338 370
1653328800 338 370 338 370
1653321600 338 370 338 370
1653314400 338 370 338 370
1653307200 338 370 338 370
1653300000 338 370 338 370
1653292800 338 370 338 370
1653285600 338 370 338 370
1653278400 338 370 338 370
1653271200 338 370 338 370
1653264000 338 370 338 370
1653256800 338 370 338 370
1653249600 338 370 338 370
1653242400 338 370 338 370
1653235200 338 370 338 370
1653228000 338 370 338 370
1653220800 338 370 338 370
1653213600 338 370 338 370
1653206400 338 370 338 370
1653199200 338 370 338 370
1653192000 338 370 338 370
1653184800 338 370 338 370
1653177600 338 370 338 370
1653170400 338 370 338 370
1653163200 338 370 338 370
1653156000 338 370 338 370
1653148800 338 370 338 370
1653141600 338 370 338 370
1653134400 338 370 338 370
1653127200 338 370 338 370
1653120000 338 370 338 370
1653112800 338 370 338 370
1653105600 338 370 338 370
1653098400 338 370 338 370
1653091200 338 370 338 370
1653084000 338 370 338 370
1653076800 338 370 338 370
1653069600 338 370 338 370
1653062400 338 370 338 370
1653055200 338 370 338 370
1653048000 338 370 338 370
1653040800 338 370 338 370
1653033600 338 370 338 370
1653026400 338 370 338 370
1653019200 338 370 338 370
1653012000 338 370 338 370
1653004800 338 370 338 370
1652997600 338 370 338 370
1652990400 338 370 338 370
1652983200 338 370 338 370
1652976000 338 370 338 370
1652968800 338 370 338 370
1652961600 338 370 338 370
1652954400 338 370 338 370
1652947200 338 370 338 370
1652940000 338 370 338 370
1652932800 338 370 338 370
1652925600 338 370 338 370
1652918400 338 370 338 370
1652911200 338 370 338 370
1652904000 338 370 338 370
1652896800 338 370 338 370
1652889600 338 370 338 370
1652882400 338 370 338 370
1652875200 338 370 338 370
1652868000 338 370 338 370
1652860800 338 370 338 370
1652853600 338 370 338 370
1652846400 338 370 338 370
1652832000 338 370 338 370
1652745600 338 370 338 370
1652659200 338 370 338 370
1652572800 338 370 338 370
1652486400 338 370 338 370
1652400000 338 370 338 370
1652313600 338 370 338 370
1652227200 338 370 338 370
1652140800 338 370 338 370
1652054400 338 370 338 370
1651968000 338 370 338 370
1651881600 338 370 338 370
1651795200 338 370 338 370
1651708800 338 370 338 370
1651622400 338 370 338 370
1651536000 338 370 338 370
1651449600 338 370 338 370
1651363200 338 370 338 370
1651276800 338 370 338 370
1651190400 338 370 338 370
1651104000 338 370 338 370
1651017600 338 370 338 370
1650931200 338 370 338 370
1650844800 338 370 338 370
1650758400 338 370 338 370
1650672000 338 370 338 370
1650585600 338 370 338 370
1650499200 338 370 338 370
1650412800 338 370 338 370
1650326400 338 370 338 370
1650240000 338 370 338 370
1650153600 338 370 338 370
1650067200 338 370 338 370
1649980800 338 370 338 370
1649894400 338 370 338 370
1649808000 338 370 338 370
1649721600 338 370 338 370
1649635200 338 370 338 370
1649548800 338 370 338 370
1649462400 338 370 338 370
1649376000 338 370 338 370
1649289600 338 370 338 370
1649203200 338 370 338 370
1649116800 338 370 338 370
1649030400 338 370 338 370
1648944000 338 370 338 370
1648857600 338 370 338 370
1648771200 338 370 338 370
1648684800 338 370 338 370
1648598400 338 370 338 370
1648512000 338 370 338 370
1648425600 338 370 338 370
1648339200 338 370 338 370
1648252800 338 370 338 370
1648166400 338 370 338 370
1648080000 338 370 338 370
1647993600 338 370 338 370
1647907200 338 370 338 370
1647820800 338 370 338 370
1647734400 338 370 338 370
1647648000 338 370 338 370
1647561600 338 370 338 370
1647475200 338 370 338 370
1647388800 338 370 338 370
1647302400 338 370 338 370
1647216000 338 370 338 370
1647129600 338 370 338 370
1647043200 338 370 338 370
1646956800 338 370 338 370
1646870400 338 370 338 370
1646784000 338 370 338 370
1646697600 338 370 338 370
1646611200 338 370 338 370
1646524800 338 370 338 370
1646438400 338 370 338 370
1646352000 338 370 338 370
1646265600 338 370 338 370
1646179200 338 370 338 370
1646092800 338 370 338 370
1646006400 338 370 338 370
1645920000 338 370 338 370
1645833600 338 370 338 370
1645747200 338 370 338 370
1645660800 425 472 20216 20870
1645574400 255185 1818 264944 83067
1645488000 264944 1536 264944 1536
1645401600 264944 1536 264944 1536
1645315200 264944 1536 264944 1536
1645228800 264944 1536 264944 1536
1645142400 335826 2794 2549648 87575
1645056000 432863 2164 4790865 87575
1644969600 351133 2481 5425742 9304
1644883200 394768 2582 2551360 20531
1644796800 88652 2091 6894914 86994
1644710400 52598 20535 2406802 2451955
1644624000 390237 4531 4003194 262534
1644537600 133420 1362 7259369 24229
1644451200 2755 970 2755 970
1644364800 2755 970 2755 970
1644278400 2755 970 2755 970
1644192000 2755 970 2755 970
1644105600 11873 1110 365602 4269
1644019200 189889 15465 2222152 1520773
1643932800 328815 32335 3544746 1472604
1643846400 303992 427 6513878 1267
1643760000 381051 676 5623385 2784
1643673600 389373 1584 14182464 4684
1643587200 24685 1071 527204 2314
1643500800 33484 986 300929 1933
1643414400 438988 217348 13371137 12194068
1643328000 541412 277012 10557535 10015824
1643241600 495526 206665 3460332 1657518
1643155200 600438 310870 6165919 5059699
1643068800 541895 185100 6434371 1917674
1642982400 10550 7573 272115 30807
1642896000 25743 16521 887654 239556
1642809600 536564 166701 10182367 1169246
1642723200 470675 244070 6991456 7225746
1642636800 298172 142178 1705092 943879
1642550400 409071 185786 9605897 2034431
1642464000 308393 143289 2645569 2444220
1642377600 14529 12984 1216798 1256985
1642291200 77150 18824 2401211 574198
1642204800 296111 77439 6040674 2489643
1642118400 368065 119206 2056550 1511650
1642032000 394929 108544 2703034 1004220
1641945600 422475 99691 4217254 806880
1641859200 279688 98754 1952428 1130686
1641772800 7585 8463 592660 614826
1641686400 42534 21745 1744604 933808
1641600000 258645 68883 1817034 1103566
1641513600 277525 69339 1950824 991947
1641427200 1260218 608014 1279312 617181
1641340800 1279312 617181 1279312 617181
1641254400 1279312 617181 1279312 617181
1641168000 1279312 617181 1279312 617181
1641081600 1279312 617181 1279312 617181
1640995200 1279312 617181 1279312 617181
1640908800 1279312 617181 1279312 617181
1640822400 1279312 617181 1279312 617181
1640736000 1279312 617181 1279312 617181
1640649600 1279312 617181 1279312 617181
1640563200 1279312 617181 1279312 617181
1640476800 1279312 617181 1279312 617181
1640390400 1279312 617181 1279312 617181
1640304000 1279312 617181 1279312 617181
1640217600 1279312 617181 1279312 617181
1640131200 1279312 617181 1279312 617181
1640044800 1279312 617181 1279312 617181
1639958400 1279312 617181 1279312 617181
1639872000 1279312 617181 1279312 617181
1639785600 1279312 617181 1279312 617181
1639699200 1279312 617181 1279312 617181
1639612800 1279312 617181 1279312 617181
1639526400 1279312 617181 1279312 617181
1639440000 1279312 617181 1279312 617181
1639353600 1279312 617181 1279312 617181
1639267200 1279312 617181 1279312 617181
1639180800 1279312 617181 1279312 617181
1639094400 1279312 617181 1279312 617181
1639008000 1279312 617181 1279312 617181
1638921600 1279312 617181 1279312 617181
1638835200 1279312 617181 1279312 617181
1638748800 1279312 617181 1279312 617181
1638662400 1279312 617181 1279312 617181
1638576000 1279312 617181 1279312 617181
1638489600 1279312 617181 1279312 617181
1638403200 1279312 617181 1279312 617181
1638316800 530523 269282 1279312 854330
1638230400 426406 190494 8077915 3637732
1638144000 17647 16932 279760 284070
1638057600 42470 37398 742253 760739
1637971200 413083 136715 5762219 5651883
1637884800 444218 192987 4714181 2244782
1637798400 494031 293067 5762014 4988940
1637712000 580386 402342 9147529 9245653
1637625600 489099 323657 9029703 8883748
1637539200 14689 14109 570244 584794
1637452800 38684 27519 947267 946447
1637366400 483416 319576 4822810 4170113
1637280000 456156 284720 3604087 3395495
1637193600 712969 469195 8821283 8908483
1637107200 448124 306282 2767684 2111928
1637020800 12634 12150 378316 116681
1636934400 11757 13245 278768 286662
1636848000 35146 34996 1658433 1701635
1636761600 628443 381028 9679886 9623325
1636675200 455301 292680 7046092 6858699
1636588800 504040 325610 4735311 3072444
1636502400 178077 159505 2625323 2700694
1636416000 373387 267341 7616667 5186430
1636329600 13222 7158 564920 156482
1636243200 21100 15817 531241 492240
1636156800 454208 301831 6334678 6396695
1636070400 447225 300412 7043484 6887837
1635984000 371328 243781 3112975 1762381
1635897600 31948 12398 412489 181601
1635811200 330968 200187 4418283 3988143
1635724800 15786 14206 246764 252953
1635638400 31450 27562 1457991 1503973
1635552000 222127 162929 1555267 1185742
1635465600 361821 293505 8015289 7901185
1635379200 283462 198116 1416552 1463182
1635292800 429027 333040 11667526 1505952
1635206400 419776 280862 2842969 2908405
1635120000 15695 11684 242983 258031
1635033600 54726 29273 1096929 1135595
1634947200 475825 368498 13180399 9329608
1634860800 1272044 1301290 13401194 14052545
1634774400 504167 550589 14173802 14182235
1634688000 363083 492525 2689244 2173583
1634601600 740168 796039 11275215 11506808
1634515200 14321 15294 365280 377519
1634428800 47570 49081 2467255 2487592
1634342400 777154 786949 7889613 8063798
1634256000 1026502 1032749 9054785 8947970
1634169600 1062346 1025136 12948936 13314491
1634083200 979951 994211 6716164 6909940
1633996800 1057482 1059402 10891086 11101989
1633910400 25069 25752 345176 354549
1633824000 33403 34090 883736 904523
1633737600 790756 823133 7190027 7235056
1633651200 754173 771143 5318410 5428743
1633564800 905545 864209 14236242 12682127
1633478400 777925 785214 6395248 6493912
1633392000 961020 963917 9745724 10491848
1633305600 20376 20939 484226 492324
1633219200 81650 83997 1170220 1189812
1633132800 696117 673792 11499887 11746663
1633046400 668931 682987 7187424 7412721
1632960000 789322 803976 4414534 4501482
1632873600 1061630 1076559 10607387 10789271
1632787200 782535 794371 4613684 4671542
1632700800 19327 20163 367298 376292
1632614400 39255 40443 1318449 1363342
1632528000 618001 627419 5785401 5898687
1632441600 807723 853092 13078150 13305771
1632355200 746299 745174 5395347 5519939
1632268800 1551025 1597312 13112374 12911920
1632182400 1466817 1513312 13501238 13717063
1632096000 22887 18020 881181 903245
1632009600 26168 21266 507135 511701
1631923200 755336 763085 9949868 10087098
1631836800 33195 28897 502356 511373
1631750400 659860 668570 4869751 4967379
1631664000 1018219 1028085 7626593 7798022
1631577600 1252349 1255108 14256035 13519452
1631491200 19052 13546 165144 161478
1631404800 23659 17998 677367 681678
1631318400 539867 544270 5869902 5969023
1631232000 548003 551279 5662622 5748564
1631145600 667120 672631 10240213 10472839
1631059200 728699 742722 13950630 14140815
1630972800 773608 784691 12818846 12992299
1630886400 127692 123367 727769 728399
1630800000 255054 254557 1569191 1603275
1630713600 586254 596822 7514270 7675037
1630627200 1008450 1028999 8920174 9106552
1630540800 855433 879344 12702826 13434114
1630454400 774605 791288 7446260 7607480
1630368000 1453824 1492024 12597887 13292003
1630281600 34126 35079 420119 433939
1630195200 44482 45570 1825691 1874705
1630108800 2245897 2257994 13816025 14257371
1630022400 1531491 1460118 14162763 14230050
1629936000 990219 995807 9372147 9535634
1629849600 697130 704158 9213072 9384258
1629763200 543696 550460 12658172 12937112
1629676800 23914 24682 1070737 1099959
1629590400 32405 33218 1091124 1120782
1629504000 365196 372268 1800148 1845699
1629417600 573572 584064 6497986 6647697
1629331200 483219 493419 7755982 7695975
1629244800 920702 940253 10214406 10430930
1629158400 568168 579502 9307484 9470914
1629072000 16557 17380 58766 60790
1628985600 50816 52286 814572 837476
1628899200 603350 614238 14083531 14067079
1628812800 346595 354976 4772224 4880972
1628726400 595369 607384 9688130 9806609
1628640000 436307 446557 4925027 5031932
1628553600 626870 640551 4561870 4647840
1628467200 33572 34690 155869 158911
1628380800 30561 31506 559178 572833
1628294400 443868 452900 3613418 3543604
1628208000 708729 721547 4749898 4762906
1628121600 523228 534256 11249797 11305520
1628035200 707379 716750 13323715 13517036
1627948800 679873 693560 12963917 13262652
1627862400 47513 49016 1148750 1162723
1627776000 50010 51492 1124257 1151240
1627689600 934377 947766 13841717 14158125
1627603200 1569103 1606683 9434698 9524300
1627516800 899889 902785 5656666 5678407
1627430400 981717 993279 12835122 13063719
1627344000 1179594 1210512 13418610 13915645
1627257600 46158 48229 526228 538233
1627171200 117196 120605 3123308 3182746
1627084800 716513 728422 4391465 4447226
1626998400 744222 757686 10237435 10339157
1626912000 517336 526467 14156737 14152613
1626825600 894827 910747 9788761 9906257
1626739200 769943 784077 4938494 5000506
1626652800 16118 16345 406565 412521
1626566400 42784 43818 3196369 3298009
1626480000 915624 921638 14289303 13333425
1626393600 974738 1001356 12303999 12504759
1626307200 671955 683950 4517499 4487321
1626220800 958712 992313 12995445 13212412
1626134400 510083 521735 7950656 8270352
1626048000 80281 82292 349057 358744
1625961600 45053 46661 1996353 2052207
1625875200 672732 690142 11764650 11843479
1625788800 663382 695948 13395775 13618389
1625702400 569739 580835 3999771 3913090
1625616000 1013074 1059888 12603485 12807417
1625529600 899043 926653 12492853 12666290
1625443200 21125 21479 361361 367058
1625356800 63766 65339 1531991 1565784
1625270400 828120 842791 9988043 9971650
1625184000 938008 958558 13097694 13449431
1625097600 691171 705072 11986453 12397685
1625011200 506704 512949 5170563 5303031
1624924800 1929104 1967047 13933315 14307068
1624838400 17615 17445 96273 97657
1624752000 35991 36315 243641 245440
1624665600 672037 677557 10231111 10431814
1624579200 1475893 1526366 13992330 14295928
1624492800 944646 989504 13800882 13942653
1624406400 936634 954241 13428316 13881341
1624320000 797642 804390 12213527 12179242
1624233600 46488 46616 528598 537181
1624147200 68603 69219 1441781 1487335
1624060800 807045 817246 12476009 12554780
1623974400 667849 676470 12765036 12844984
1623888000 867297 887140 7620040 7876411
1623801600 720734 726920 8289107 8121578
1623715200 1668935 1696265 13019065 12321725
1623628800 1684940 1729830 1684940 1729830
1623542400 1684940 1729830 1684940 1729830
1623456000 1684940 1729830 1684940 1729830
1623369600 740798 757111 11704601 12041460
1623283200 667864 679000 12135568 12380766
1623196800 1182295 1154476 14180010 13911782
1623110400 591823 594654 13140375 12592702
1623024000 64360 65576 991209 993378
1622937600 55007 56086 812819 827244
1622851200 556932 568134 7234552 7495634
1622764800 695076 706665 12532224 12784855
1622678400 426231 432878 3910181 3881077
1622592000 565222 574551 8414463 8511655
1622505600 25626 26021 3341727 3346518
1622419200 0 0 0 0
1622332800 0 0 0 0
1622246400 0 0 0 0
1622160000 0 0 0 0
1622073600 0 0 0 0
1621987200 0 0 0 0
1621900800 0 0 0 0
1621814400 0 0 0 0
1621728000 0 0 0 0
1621641600 0 0 0 0
1621555200 0 0 0 0
1621468800 0 0 0 0
1621382400 0 0 0 0
1621296000 0 0 0 0
1621209600 0 0 0 0
1621123200 0 0 0 0
1621036800 0 0 0 0
1620950400 0 0 0 0
1620864000 0 0 0 0
1620777600 0 0 0 0
1620691200 0 0 0 0
1620604800 0 0 0 0
1620518400 0 0 0 0
1620432000 0 0 0 0
1620345600 0 0 0 0
1620259200 0 0 0 0
1620172800 0 0 0 0
1620086400 0 0 0 0
1620000000 0 0 0 0
1619913600 0 0 0 0
1619827200 0 0 0 0
1619740800 0 0 0 0
1619654400 0 0 0 0
1619568000 0 0 0 0
1619481600 0 0 0 0
1619395200 0 0 0 0
1619308800 0 0 0 0
1619222400 0 0 0 0
1619136000 0 0 0 0
1619049600 0 0 0 0
1618963200 0 0 0 0
1618876800 0 0 0 0
1618790400 0 0 0 0
1618704000 0 0 0 0
1618617600 0 0 0 0
1618531200 0 0 0 0
1618444800 0 0 0 0
1618358400 0 0 0 0
1618272000 0 0 0 0
1618185600 0 0 0 0
1618099200 0 0 0 0
1618012800 0 0 0 0
1617926400 0 0 0 0
1617840000 0 0 0 0
1617753600 0 0 0 0
1617667200 0 0 0 0
1617580800 0 0 0 0
1617494400 0 0 0 0
1617408000 0 0 0 0
1617321600 0 0 0 0
1617235200 0 0 0 0
1617148800 0 0 0 0
1617062400 0 0 0 0
1616976000 0 0 0 0
1616889600 0 0 0 0
1616803200 0 0 0 0
1616716800 0 0 0 0
1616630400 0 0 0 0
1616544000 0 0 0 0
1616457600 0 0 0 0
1616371200 0 0 0 0
1616284800 0 0 0 0
1616198400 0 0 0 0
1616112000 0 0 0 0
1616025600 0 0 0 0
1615939200 0 0 0 0
1615852800 0 0 0 0
1615766400 0 0 0 0
1615680000 0 0 0 0
1615593600 0 0 0 0
1615507200 0 0 0 0
1615420800 0 0 0 0
1615334400 0 0 0 0
1615248000 0 0 0 0
1615161600 0 0 0 0
1615075200 0 0 0 0
1614988800 0 0 0 0
1614902400 0 0 0 0
1614816000 0 0 0 0
1614729600 0 0 0 0
1614643200 0 0 0 0
1614556800 0 0 0 0
1614470400 0 0 0 0
1614384000 0 0 0 0
1614297600 0 0 0 0
1614211200 0 0 0 0
1614124800 0 0 0 0
1614038400 0 0 0 0
1613952000 0 0 0 0
1613865600 0 0 0 0
1613779200 0 0 0 0
1613692800 0 0 0 0
1613606400 0 0 0 0
1613520000 0 0 0 0
1613433600 0 0 0 0
1613347200 0 0 0 0
1613260800 0 0 0 0
1613174400 0 0 0 0
1613088000 0 0 0 0
1613001600 0 0 0 0
1612915200 0 0 0 0
1612828800 0 0 0 0
1612742400 0 0 0 0
1612656000 0 0 0 0
1612569600 0 0 0 0
1612483200 0 0 0 0
1612396800 0 0 0 0
1612310400 0 0 0 0
1612224000 0 0 0 0
1612137600 0 0 0 0
1612051200 0 0 0 0
1611964800 0 0 0 0
1611878400 0 0 0 0
1611792000 0 0 0 0
1611705600 0 0 0 0
1611619200 0 0 0 0
1611532800 0 0 0 0
1611446400 0 0 0 0
1611360000 0 0 0 0
1611273600 0 0 0 0
1611187200 0 0 0 0
1611100800 0 0 0 0
1611014400 0 0 0 0
1610928000 0 0 0 0
1610841600 0 0 0 0
1610755200 0 0 0 0
1610668800 0 0 0 0
1610582400 0 0 0 0
1610496000 0 0 0 0
1610409600 0 0 0 0
1610323200 0 0 0 0
1610236800 0 0 0 0
1610150400 0 0 0 0
1610064000 0 0 0 0
1609977600 0 0 0 0
1609891200 0 0 0 0
1609804800 0 0 0 0
1609718400 0 0 0 0
1609632000 0 0 0 0
1609545600 0 0 0 0
1609459200 0 0 0 0
1609372800 0 0 0 0
1609286400 0 0 0 0
1609200000 0 0 0 0
1609113600 0 0 0 0
1609027200 0 0 0 0
1608940800 0 0 0 0
1608854400 0 0 0 0
1608768000 0 0 0 0
1608681600 0 0 0 0
1608595200 0 0 0 0
1608508800 0 0 0 0
1608422400 0 0 0 0
1608336000 0 0 0 0
1608249600 0 0 0 0
1608163200 0 0 0 0
1608076800 0 0 0 0
1607990400 0 0 0 0
1607904000 0 0 0 0
1607817600 0 0 0 0
1607731200 0 0 0 0
1607644800 0 0 0 0
1607558400 0 0 0 0
1607472000 0 0 0 0
1607385600 0 0 0 0
1607299200 0 0 0 0
1607212800 0 0 0 0
1607126400 0 0 0 0
1607040000 0 0 0 0
1606953600 0 0 0 0
1606867200 0 0 0 0
1606780800 0 0 0 0
1606694400 0 0 0 0
1606608000 0 0 0 0
1606521600 0 0 0 0
1606435200 0 0 0 0
1606348800 0 0 0 0
1606262400 0 0 0 0
1606176000 0 0 0 0
1606089600 0 0 0 0
1606003200 0 0 0 0
1605916800 0 0 0 0
1605830400 0 0 0 0
1605744000 0 0 0 0
1605657600 0 0 0 0
1605571200 0 0 0 0
1605484800 0 0 0 0
1605398400 0 0 0 0
1605312000 0 0 0 0
1605225600 0 0 0 0
1605139200 0 0 0 0
1605052800 0 0 0 0
1604966400 0 0 0 0
1604880000 0 0 0 0
1604793600 0 0 0 0
1604707200 0 0 0 0
1604620800 0 0 0 0
1604534400 0 0 0 0
1604448000 0 0 0 0
1604361600 0 0 0 0
1604275200 0 0 0 0
1604188800 0 0 0 0
1604102400 0 0 0 0
1604016000 0 0 0 0
1603929600 0 0 0 0
1603843200 0 0 0 0
1603756800 0 0 0 0
1603670400 0 0 0 0
1603584000 0 0 0 0
1603497600 0 0 0 0
1603411200 0 0 0 0
1603324800 0 0 0 0
1603238400 0 0 0 0
1603152000 0 0 0 0
1603065600 0 0 0 0
1602979200 0 0 0 0
1602892800 0 0 0 0
1602806400 0 0 0 0
1602720000 0 0 0 0
1602633600 0 0 0 0
1602547200 0 0 0 0
1602460800 0 0 0 0
1602374400 0 0 0 0
1602288000 0 0 0 0
1602201600 0 0 0 0
1602115200 0 0 0 0
1602028800 0 0 0 0
1601942400 0 0 0 0
1601856000 0 0 0 0
1601769600 0 0 0 0
1601683200 0 0 0 0
1601596800 0 0 0 0
1601510400 0 0 0 0
1601424000 0 0 0 0
1601337600 0 0 0 0
1601251200 0 0 0 0
1601164800 0 0 0 0
1601078400 0 0 0 0
1600992000 0 0 0 0
1600905600 0 0 0 0
1600819200 0 0 0 0
1600732800 0 0 0 0
1600646400 0 0 0 0
1600560000 0 0 0 0
1600473600 0 0 0 0
1600387200 0 0 0 0
1600300800 0 0 0 0
1600214400 0 0 0 0
1600128000 0 0 0 0
1600041600 0 0 0 0
1599955200 0 0 0 0
1599868800 0 0 0 0
1599782400 0 0 0 0
1599696000 0 0 0 0
1599609600 0 0 0 0
1599523200 0 0 0 0
1599436800 0 0 0 0
1599350400 0 0 0 0
1599264000 0 0 0 0
1599177600 0 0 0 0
1599091200 0 0 0 0
1599004800 0 0 0 0
1598918400 0 0 0 0
1598832000 0 0 0 0
1598745600 0 0 0 0
1598659200 0 0 0 0
1598572800 0 0 0 0
1598486400 0 0 0 0
1598400000 0 0 0 0
1598313600 0 0 0 0
1598227200 0 0 0 0
1598140800 0 0 0 0
1598054400 0 0 0 0
1597968000 0 0 0 0
1597881600 0 0 0 0
1597795200 0 0 0 0
1597708800 0 0 0 0
1597622400 0 0 0 0
1597536000 0 0 0 0
1597449600 0 0 0 0
1597363200 0 0 0 0
1597276800 0 0 0 0
1597190400 0 0 0 0
1597104000 0 0 0 0
1597017600 0 0 0 0
1596931200 0 0 0 0
1596844800 0 0 0 0
1596758400 0 0 0 0
1596672000 0 0 0 0
1596585600 0 0 0 0
1596499200 0 0 0 0
1596412800 0 0 0 0
1596326400 0 0 0 0
1596240000 0 0 0 0
1596153600 0 0 0 0
1596067200 0 0 0 0
1595980800 0 0 0 0
1595894400 0 0 0 0
1595808000 0 0 0 0
1595721600 0 0 0 0
1595635200 0 0 0 0
1595548800 0 0 0 0
1595462400 0 0 0 0
1595376000 0 0 0 0
1595289600 0 0 0 0
1595203200 0 0 0 0
1595116800 0 0 0 0
1595030400 0 0 0 0
1594944000 0 0 0 0
1594857600 0 0 0 0
1594771200 0 0 0 0
1594684800 0 0 0 0
1594598400 0 0 0 0
1594512000 0 0 0 0
1594425600 0 0 0 0
1594339200 0 0 0 0
1594252800 0 0 0 0
1594166400 0 0 0 0
1594080000 0 0 0 0
1593993600 0 0 0 0
1593907200 0 0 0 0
1593820800 0 0 0 0
1593734400 0 0 0 0
1593648000 0 0 0 0
1593561600 0 0 0 0
1593475200 0 0 0 0
1593388800 0 0 0 0
1593302400 0 0 0 0
1593216000 0 0 0 0
1593129600 0 0 0 0
1593043200 0 0 0 0
1592956800 0 0 0 0
1592870400 0 0 0 0
1592784000 0 0 0 0
1592697600 0 0 0 0
1592611200 0 0 0 0
1592524800 0 0 0 0
1592438400 0 0 0 0
1592352000 0 0 0 0
1592265600 0 0 0 0
1592179200 0 0 0 0
1592092800 0 0 0 0
1592006400 0 0 0 0
1591920000 0 0 0 0
1591833600 0 0 0 0
1591747200 0 0 0 0
1591660800 0 0 0 0
1591574400 0 0 0 0
1591488000 0 0 0 0
1591401600 0 0 0 0
1591315200 0 0 0 0
1591228800 0 0 0 0
1591142400 0 0 0 0
1591056000 0 0 0 0
1590969600 0 0 0 0
1590883200 0 0 0 0
1590796800 0 0 0 0
1590710400 0 0 0 0
1590624000 0 0 0 0
1590537600 0 0 0 0
1590451200 0 0 0 0
1590364800 0 0 0 0
1590278400 0 0 0 0
1590192000 0 0 0 0
1590105600 0 0 0 0
1590019200 0 0 0 0
1589932800 0 0 0 0
1589846400 0 0 0 0
1589760000 0 0 0 0
1589673600 0 0 0 0
