1624548601 1643809827 981782236
1624548601 6663 6071 6663 6071
1624548301 949 519 949 519
1624548300 949 518 950 519
1624548000 950 489 1003 533
1624547700 1003 533 1060 573
1624547400 1059 572 1060 573
1624547100 1031 561 1032 562
1624546800 1019 548 1020 549
1624546500 1001 540 1002 541
1624546200 950 498 956 499
1624545900 956 474 1065 538
1624545600 1064 537 1065 538
1624545300 931 509 932 510
1624545000 925 479 968 501
1624544700 967 500 968 501
1624544400 934 477 943 478
1624544100 943 466 948 511
1624543800 947 510 948 511
1624543500 905 469 973 522
1624543200 972 521 973 522
1624542900 902 477 903 478
1624542600 866 451 871 453
1624542300 871 453 898 481
1624542000 897 480 898 481
1624541700 839 444 853 466
1624541400 853 465 869 466
1624541100 868 462 869 463
1624540800 852 459 853 460
1624540500 844 426 846 446
1624540200 846 446 851 449
1624539900 851 449 889 475
1624539600 888 474 889 475
1624539300 881 469 882 470
1624539000 842 447 852 448
1624538700 852 426 861 431
1624538400 860 431 861 442
1624538100 831 441 832 442
1624537800 793 418 834 432
1624537500 833 431 834 432
1624537200 815 425 816 426
1624536900 809 413 824 429
1624536600 824 429 837 442
1624536300 837 442 868 467
1624536000 867 466 868 467
1624535700 848 449 849 450
1624535400 834 426 840 428
1624535100 840 428 843 433
1624534800 842 433 843 440
1624534500 820 440 843 442
1624534200 843 441 843 442
1624533900 842 439 843 444
1624533600 828 443 829 444
1624533300 826 432 838 438
1624533000 838 441 929 1019
1624532700 928 1015 929 1019
1624532400 865 463 866 464
1624532100 861 440 862 440
1624531800 836 439 837 440
1624531500 823 423 859 437
1624531200 858 436 859 437
1624530900 830 424 831 425
1624530600 804 420 805 421
1624530300 801 421 814 422
1624530000 814 422 836 434
1624529700 835 433 836 434
1624529400 814 429 815 430
1624529100 812 426 883 466
1624528800 882 465 883 466
1624528500 844 434 845 438
1624528200 823 437 831 438
1624527900 831 424 863 441
1624527600 862 440 863 441
1624527300 808 420 819 421
1624527000 818 420 819 420
1624526700 811 420 816 438
1624526400 816 437 818 438
1624526100 817 419 818 420
1624525800 796 414 802 423
1624525500 802 423 898 472
1624525200 897 471 898 472
1624524900 872 450 873 451
1624524600 826 436 840 437
1624524300 840 420 856 432
1624524000 855 431 856 432
1624523700 812 417 831 429
1624523400 831 429 840 440
1624523100 840 440 845 461
1624522800 844 460 845 461
1624522500 810 418 811 419
1624522200 811 417 821 427
1624521900 821 426 830 427
1624521600 829 421 830 432
1624521300 820 432 854 455
1624521000 853 454 854 455
1624520700 831 430 919 482
1624520400 918 481 919 482
1624520100 842 436 843 444
1624519800 834 443 835 444
1624519500 818 420 819 427
1624519200 803 426 822 427
1624518900 821 421 822 423
1624518600 813 423 817 426
1624518300 820 426 1267 500
1624518000 1264 499 1267 500
1624517700 892 461 893 462
1624517400 851 458 852 459
1624517100 838 434 876 442
1624516800 876 445 880 1015
1624516500 879 1011 880 1015
1624516200 833 451 835 452
1624515900 835 433 850 448
1624515600 849 447 850 448
1624515300 844 440 845 441
1624515000 824 431 864 469
1624514700 864 468 888 469
1624514400 887 464 888 465
1624514100 864 443 865 444
1624513800 821 431 839 432
1624513500 839 425 847 425
1624513200 846 425 847 440
1624512900 833 439 834 440
1624512600 825 416 831 427
1624512300 830 426 831 427
1624512000 815 425 816 426
1624511700 813 425 814 426
1624511400 806 413 835 442
1624511100 835 442 874 463
1624510800 873 462 874 463
1624510500 849 435 850 451
1624510200 848 450 849 451
1624509900 819 414 852 446
1624509600 851 445 852 446
1624509300 817 423 823 424
1624509000 822 421 823 423
1624508700 813 423 814 428
1624508400 808 427 827 428
1624508100 827 420 836 439
1624507800 835 438 836 439
1624507500 826 435 861 454
1624507200 861 454 900 482
1624506900 899 481 900 482
1624506600 831 457 852 458
1624506300 852 456 880 457
1624506000 879 443 880 446
1624505700 842 445 843 446
1624505400 809 431 867 437
1624505100 866 437 867 443
1624504800 842 443 843 446
1624504500 833 445 834 446
1624504200 831 444 900 500
1624503900 899 500 900 502
1624503600 896 501 897 502
1624503300 888 467 889 490
1624503000 886 489 887 490
1624502700 861 454 871 461
1624502400 871 461 880 482
1624502100 879 481 880 482
1624501800 861 461 867 462
1624501500 867 460 867 462
1624501200 867 462 870 466
1624500900 869 465 870 466
1624500600 841 454 862 462
1624500300 862 461 874 462
1624500000 874 452 956 533
1624499700 955 532 956 533
1624499400 884 505 887 506
1624499100 887 466 903 484
1624498800 902 483 903 484
1624498500 858 461 859 468
1624498200 850 468 885 471
1624497900 884 470 885 471
1624497600 835 435 906 498
1624497300 905 497 906 498
1624497000 837 442 882 475
1624496700 882 475 997 578
1624496400 996 577 997 578
1624496100 944 491 945 492
1624495800 858 477 908 495
1624495500 908 494 941 495
1624495200 941 493 950 552
1624494900 949 551 950 552
1624494600 916 518 917 519
1624494300 871 463 872 469
1624494000 849 469 925 514
1624493700 924 513 925 514
1624493400 894 501 907 502
1624493100 909 503 1581 1185
1624492800 1580 1184 1581 1185
1624492500 1549 1114 1552 1116
1624492200 948 544 949 545
1624491900 926 512 935 513
1624491600 934 508 935 509
1624491300 891 497 892 498
1624491000 868 474 883 493
1624490700 882 492 883 493
1624490400 865 473 943 542
1624490100 942 542 943 547
1624489800 934 546 935 547
1624489500 848 441 964 501
1624489200 963 500 964 501
1624488900 928 478 929 479
1624488600 857 464 966 501
1624488300 965 500 966 501
1624488000 893 454 894 467
1624487700 859 467 900 488
1624487400 899 487 900 488
1624487100 877 458 898 497
1624486800 898 496 937 497
1624486500 937 495 972 507
1624486200 972 507 975 514
1624485900 974 513 975 514
1624485600 903 479 1038 576
1624485300 1037 575 1038 576
1624485000 913 496 914 497
1624484700 888 490 962 535
1624484400 961 534 962 535
1624484100 905 493 919 534
1624483800 919 533 930 534
1624483500 930 528 959 545
1624483200 958 544 959 545
1624482900 920 490 921 506
1624482600 900 507 1202 799
1624482300 1216 812 3383 2866
1624482000 3374 2858 3383 2866
1624481700 887 484 922 509
1624481400 922 509 985 534
1624481100 985 534 1071 584
1624480800 1070 583 1071 584
1624480500 926 564 927 565
1624480200 921 496 949 497
1624479900 949 494 955 509
1624479600 957 511 1298 849
1624479300 1304 851 2250 1294
1624479000 2242 1289 2250 1294
1624478700 1079 592 1093 616
1624478400 1093 616 1103 643
1624478100 1106 645 2019 1537
1624477800 2015 1533 2019 1537
1624477500 1045 612 1046 613
1624477200 1011 556 2373 1847
1624476900 2369 1843 2373 1847
1624476600 1216 742 1320 859
1624476300 1320 859 1415 949
1624476000 1412 946 1415 949
1624475700 1087 630 1088 631
1624475400 1064 615 1065 616
1624475100 1038 608 1173 708
1624474800 1172 707 1173 708
1624474500 1028 567 3247 2770
1624474200 3239 2762 3247 2770
1624473900 1004 560 1084 604
1624473600 1087 607 2134 1685
1624473300 2137 1688 3260 2802
1624473000 3252 2794 3260 2802
1624472700 1053 631 1075 647
1624472400 1074 646 1075 647
1624472100 1053 607 1054 630
1624471800 1042 631 1253 820
1624471500 1255 822 1601 1137
1624471200 1632 1168 6384 5893
1624470900 6349 5858 6384 5893
1624470600 1136 691 1198 738
1624470300 1198 738 1312 839
1624470000 1311 838 1312 839
1624469700 1126 698 1127 699
1624469400 1027 582 1104 616
1624469100 1110 622 2120 1619
1624468800 2113 1612 2120 1619
1624468500 1089 624 1090 625
1624468200 1070 593 1071 594
1624467900 997 558 1099 649
1624467600 1099 648 1103 649
1624467300 1103 622 1110 641
1624467000 1109 640 1110 641
1624466700 1038 598 1053 599
1624466400 1052 570 1053 571
1624466100 1014 556 1112 623
1624465800 1112 623 1270 796
1624465500 1270 796 1391 908
1624465200 1389 906 1391 908
1624464900 1052 576 1053 582
1624464600 1024 582 1045 601
1624464300 1045 601 1115 628
1624464000 1114 627 1115 628
1624463700 1069 579 1318 892
1624463400 1320 894 1727 1235
1624463100 1725 1233 1727 1235
1624462800 1314 826 1315 827
1624462500 1077 626 2367 1861
1624462200 2363 1857 2367 1861
1624461900 1198 721 1199 722
1624461600 956 525 1036 597
1624461300 1036 597 1082 618
1624461000 1081 617 1082 618
1624460700 992 533 1009 556
1624460400 1009 556 1027 584
1624460100 1027 583 1034 584
1624459800 1034 576 1067 577
1624459500 1066 560 1067 561
1624459200 1035 547 2500 2049
1624458900 2490 2038 2500 2049
1624458600 1001 542 1002 543
1624458300 975 537 976 538
1624458000 922 494 967 495
1624457700 968 496 1157 704
1624457400 1155 702 1157 704
1624457100 910 471 925 492
1624456800 925 491 961 492
1624456500 960 476 961 477
1624456200 914 466 915 467
1624455900 904 457 937 461
1624455600 936 460 937 461
1624455300 870 454 871 455
1624455000 824 437 841 438
1624454700 841 438 849 453
1624454400 849 453 873 461
1624454100 872 460 873 461
1624453800 840 441 841 442
1624453500 830 441 890 479
1624453200 889 478 890 479
1624452900 874 463 875 464
1624452600 854 456 855 457
1624452300 853 447 874 449
1624452000 873 448 874 449
1624451700 828 445 830 446
1624451400 830 439 855 451
1624451100 854 451 855 461
1624450800 845 460 846 461
1624450500 842 435 843 436
1624450200 812 421 827 427
1624449900 826 427 827 430
1624449600 824 430 855 463
1624449300 855 462 861 463
1624449000 861 446 871 447
1624448700 870 438 871 439
1624448400 843 435 851 436
1624448100 850 436 851 449
1624447800 836 448 837 449
1624447500 818 430 835 445
1624447200 835 444 839 445
1624446900 838 435 839 436
1624446600 832 435 933 1031
1624446300 932 1027 933 1031
1624446000 883 467 884 468
1624445700 861 448 862 449
1624445400 835 431 836 433
1624445100 836 432 842 433
1624444800 841 427 842 429
1624444500 831 428 832 429
1624444200 801 418 837 436
1624443900 836 435 837 436
1624443600 815 425 817 426
1624443300 816 420 817 434
1624443000 810 433 810 434
1624442700 810 433 858 457
1624442400 857 456 858 457
1624442100 847 436 855 453
1624441800 854 452 855 453
1624441500 835 434 861 435
1624441200 860 430 861 436
1624440900 825 435 826 436
1624440600 810 417 811 422
1624440300 808 422 842 444
1624440000 841 443 842 444
1624439700 829 420 830 421
1624439400 798 420 852 435
1624439100 851 434 852 435
1624438800 828 424 890 483
1624438500 889 482 890 483
1624438200 851 455 852 456
1624437900 836 420 838 422
1624437600 837 422 838 446
1624437300 824 445 840 446
1624437000 839 430 840 431
1624436700 811 413 817 427
1624436400 817 427 831 439
1624436100 830 438 831 439
1624435800 817 421 834 436
1624435500 834 435 841 436
1624435200 840 432 841 433
1624434900 839 433 858 456
1624434600 858 456 932 484
1624434300 931 483 932 484
1624434000 845 433 846 434
1624433700 821 425 845 444
1624433400 844 443 845 444
1624433100 813 418 814 420
1624432800 801 420 839 431
1624432500 838 430 839 431
1624432200 806 413 820 440
1624431900 821 440 1248 479
1624431600 1246 478 1248 479
1624431300 859 438 860 439
1624431000 847 436 848 437
1624430700 833 424 855 436
1624430400 854 435 855 436
1624430100 844 430 851 443
1624429800 850 442 851 443
1624429500 826 430 834 436
1624429200 834 436 866 462
1624428900 865 461 866 462
1624428600 814 429 899 1023
1624428300 898 1019 899 1023
1624428000 860 439 903 487
1624427700 902 486 903 487
1624427400 828 437 863 443
1624427100 862 442 863 443
1624426800 856 441 857 442
1624426500 813 413 822 431
1624426200 821 430 822 431
1624425900 817 417 819 440
1624425600 819 439 833 440
1624425300 832 425 833 425
1624425000 816 425 830 429
1624424700 829 428 830 429
1624424400 827 425 901 471
1624424100 900 470 901 471
1624423800 864 453 865 454
1624423500 841 426 846 427
1624423200 845 426 846 433
1624422900 833 432 836 433
1624422600 835 427 836 437
1624422300 828 436 829 437
1624422000 802 412 825 427
1624421700 824 426 825 427
1624421400 809 421 810 433
1624421100 810 433 896 470
1624420800 895 469 896 470
1624420500 883 462 884 463
1624420200 814 436 864 440
1624419900 863 439 864 440
1624419600 820 420 821 424
1624419300 810 424 825 441
1624419000 825 441 848 450
1624418700 847 449 848 450
1624418400 832 433 840 438
1624418100 840 438 846 447
1624417800 846 447 858 464
1624417500 858 463 862 464
1624417200 862 445 902 504
1624416900 901 503 902 504
1624416600 866 459 867 460
1624416300 858 447 895 475
1624416000 894 474 895 475
1624415700 839 449 840 450
1624415400 834 438 858 448
1624415100 857 447 858 448
1624414800 823 444 860 445
1624414500 860 441 863 466
1624414200 862 465 863 466
1624413900 860 454 865 455
1624413600 864 448 865 453
1624413300 850 453 935 530
1624413000 934 529 935 530
1624412700 914 511 958 512
1624412400 957 495 958 496
1624412100 872 473 873 474
1624411800 849 465 857 466
1624411500 857 461 858 462
1624411200 857 460 858 461
1624410900 832 430 865 479
1624410600 864 478 865 479
1624410300 848 457 949 526
1624410000 949 525 955 526
1624409700 954 517 955 548
1624409400 935 547 936 548
1624409100 917 489 930 497
1624408800 929 496 930 497
1624408500 903 493 919 494
1624408200 919 492 928 500
1624407900 927 500 928 535
1624407600 925 535 938 538
1624407300 937 537 938 538
1624407000 904 505 905 506
1624406700 902 498 903 499
1624406400 880 477 915 499
1624406100 914 498 915 499
1624405800 875 468 876 470
1624405500 869 470 898 494
1624405200 902 498 2248 1850
1624404900 2243 1845 2248 1850
1624404600 867 458 884 459
1624404300 883 458 884 459
1624404000 855 437 892 465
1624403700 892 465 952 542
1624403400 951 541 952 542
1624403100 906 514 1002 559
1624402800 1006 562 1636 1144
1624402500 1631 1139 1636 1144
1624402200 895 472 904 478
1624401900 904 478 923 478
1624401600 924 479 1276 850
1624401300 1274 848 1276 850
1624401000 868 469 880 470
1624400700 890 463 2492 2075
1624400400 2492 2075 2616 2176
1624400100 2610 2170 2616 2176
1624399800 897 487 898 488
1624399500 896 481 943 510
1624399200 943 510 1016 570
1624398900 1016 570 1167 729
1624398600 1165 727 1167 729
1624398300 950 490 951 505
1624398000 944 504 945 505
1624397700 912 496 913 497
1624397400 890 471 985 559
1624397100 984 558 985 559
1624396800 932 534 970 535
1624396500 969 534 970 535
1624396200 899 477 993 569
1624395900 992 568 993 569
1624395600 959 514 1047 593
1624395300 1053 599 2078 1624
1624395000 2070 1616 2078 1624
1624394700 939 499 967 505
1624394400 967 505 967 527
1624394100 967 527 1013 536
1624393800 1013 536 1038 592
1624393500 1038 592 1045 602
1624393200 1045 602 1102 618
1624392900 1101 618 1102 651
1624392600 1101 650 1467 651
1624392300 1464 605 1467 626
1624392000 1115 625 1116 626
1624391700 1089 601 1395 945
1624391400 1394 944 1395 945
1624391100 1233 785 1234 786
1624390800 1087 589 1088 590
1624390500 1060 572 1071 573
1624390200 1071 570 1102 635
1624389900 1101 635 1102 635
1624389600 1100 635 1178 684
1624389300 1177 683 1178 684
1624389000 1080 617 1081 621
1624388700 1074 621 1125 675
1624388400 1125 675 1193 727
1624388100 1197 731 2640 2150
1624387800 2634 2144 2640 2150
1624387500 1068 611 1069 612
1624387200 1036 585 3411 2994
1624386900 3403 2986 3411 2994
1624386600 1092 651 1139 678
1624386300 1138 677 1139 678
1624386000 1069 620 1114 621
1624385700 1113 612 1114 619
1624385400 1097 619 1189 721
1624385100 1188 720 1189 721
1624384800 1184 645 1185 675
1624384500 1187 685 2754 2217
1624384200 2765 2228 6143 5586
1624383900 6109 5553 6143 5586
1624383600 1182 672 3169 2655
1624383300 3167 2653 3169 2655
1624383000 2703 2229 2709 2235
1624382700 1059 585 1095 627
1624382400 1094 626 1095 627
1624382100 1032 577 1083 627
1624381800 1083 626 1114 627
1624381500 1113 615 1114 616
1624381200 1084 604 1085 605
1624380900 1022 539 1268 755
1624380600 1278 765 4470 3900
1624380300 4447 3877 4470 3900
1624380000 1095 572 1171 654
1624379700 1178 661 3455 2989
1624379400 3446 2980 3455 2989
1624379100 1004 517 1133 674
1624378800 1132 673 1133 674
1624378500 1059 587 1060 588
1624378200 1050 584 1165 676
1624377900 1170 681 1992 1481
1624377600 1986 1475 1992 1481
1624377300 1160 671 1270 776
1624377000 1265 773 1270 776
1624376700 0 0 0 0
1624376400 0 0 0 0
1624376100 0 0 0 0
1624375800 0 0 0 0
1624375500 0 0 0 0
1624375200 0 0 0 0
1624374900 0 0 0 0
1624374600 0 0 0 0
1624374300 0 0 0 0
1624374000 0 0 0 0
1624373700 0 0 0 0
1624373400 0 0 0 0
1624373100 0 0 0 0
1624372800 0 0 0 0
1624372500 0 0 0 0
1624372200 0 0 0 0
1624371900 0 0 0 0
1624371600 0 0 0 0
1624371300 0 0 0 0
1624371000 0 0 0 0
1624370700 0 0 0 0
1624370400 0 0 0 0
1624370100 0 0 0 0
1624369800 0 0 0 0
1624369500 0 0 0 0
1624369200 0 0 0 0
1624368900 0 0 0 0
1624368600 0 0 0 0
1624366800 0 0 0 0
1624365000 0 0 0 0
1624363200 0 0 0 0
1624361400 0 0 0 0
1624359600 0 0 0 0
1624357800 0 0 0 0
1624356000 0 0 0 0
1624354200 0 0 0 0
1624352400 0 0 0 0
1624350600 0 0 0 0
1624348800 0 0 0 0
1624347000 0 0 0 0
1624345200 0 0 0 0
1624343400 0 0 0 0
1624341600 0 0 0 0
1624339800 0 0 0 0
1624338000 0 0 0 0
1624336200 0 0 0 0
1624334400 0 0 0 0
1624332600 0 0 0 0
1624330800 0 0 0 0
1624329000 0 0 0 0
1624327200 0 0 0 0
1624325400 0 0 0 0
1624323600 0 0 0 0
1624321800 0 0 0 0
1624320000 0 0 0 0
1624318200 0 0 0 0
1624316400 0 0 0 0
1624314600 0 0 0 0
1624312800 0 0 0 0
1624311000 0 0 0 0
1624309200 0 0 0 0
1624307400 0 0 0 0
1624305600 0 0 0 0
1624303800 0 0 0 0
1624302000 0 0 0 0
1624300200 0 0 0 0
1624298400 0 0 0 0
1624296600 0 0 0 0
1624294800 0 0 0 0
1624293000 0 0 0 0
1624291200 0 0 0 0
1624289400 0 0 0 0
1624287600 0 0 0 0
1624285800 0 0 0 0
1624284000 0 0 0 0
1624282200 0 0 0 0
1624280400 0 0 0 0
1624278600 0 0 0 0
1624276800 0 0 0 0
1624275000 0 0 0 0
1624273200 0 0 0 0
1624271400 0 0 0 0
1624269600 0 0 0 0
1624267800 0 0 0 0
1624266000 0 0 0 0
1624264200 0 0 0 0
1624262400 0 0 0 0
1624260600 0 0 0 0
1624258800 0 0 0 0
1624257000 0 0 0 0
1624255200 0 0 0 0
1624253400 0 0 0 0
1624251600 0 0 0 0
1624249800 0 0 0 0
1624248000 0 0 0 0
1624246200 0 0 0 0
1624244400 0 0 0 0
1624242600 0 0 0 0
1624240800 0 0 0 0
1624239000 0 0 0 0
1624237200 0 0 0 0
1624235400 0 0 0 0
1624233600 0 0 0 0
1624231800 0 0 0 0
1624230000 0 0 0 0
1624228200 0 0 0 0
1624226400 0 0 0 0
1624224600 0 0 0 0
1624222800 0 0 0 0
1624221000 0 0 0 0
1624219200 0 0 0 0
1624217400 0 0 0 0
1624215600 0 0 0 0
1624213800 0 0 0 0
1624212000 0 0 0 0
1624210200 0 0 0 0
1624208400 0 0 0 0
1624206600 0 0 0 0
1624204800 0 0 0 0
1624203000 0 0 0 0
1624201200 0 0 0 0
1624199400 0 0 0 0
1624197600 0 0 0 0
1624195800 0 0 0 0
1624194000 0 0 0 0
1624192200 0 0 0 0
1624190400 0 0 0 0
1624188600 0 0 0 0
1624186800 0 0 0 0
1624185000 0 0 0 0
1624183200 0 0 0 0
1624181400 0 0 0 0
1624179600 0 0 0 0
1624177800 0 0 0 0
1624176000 0 0 0 0
1624174200 0 0 0 0
1624172400 0 0 0 0
1624170600 0 0 0 0
1624168800 0 0 0 0
1624167000 0 0 0 0
1624165200 0 0 0 0
1624163400 0 0 0 0
1624161600 0 0 0 0
1624159800 0 0 0 0
1624158000 0 0 0 0
1624156200 0 0 0 0
1624154400 0 0 0 0
1624152600 0 0 0 0
1624150800 0 0 0 0
1624149000 0 0 0 0
1624147200 0 0 0 0
1624145400 0 0 0 0
1624143600 0 0 0 0
1624141800 0 0 0 0
1624140000 0 0 0 0
1624138200 0 0 0 0
1624136400 0 0 0 0
1624134600 0 0 0 0
1624132800 0 0 0 0
1624131000 0 0 0 0
1624129200 0 0 0 0
1624127400 0 0 0 0
1624125600 0 0 0 0
1624123800 0 0 0 0
1624122000 0 0 0 0
1624120200 0 0 0 0
1624118400 0 0 0 0
1624116600 0 0 0 0
1624114800 0 0 0 0
1624113000 0 0 0 0
1624111200 0 0 0 0
1624109400 0 0 0 0
1624107600 0 0 0 0
1624105800 0 0 0 0
1624104000 0 0 0 0
1624102200 0 0 0 0
1624100400 0 0 0 0
1624098600 0 0 0 0
1624096800 0 0 0 0
1624095000 0 0 0 0
1624093200 0 0 0 0
1624091400 0 0 0 0
1624089600 0 0 0 0
1624087800 0 0 0 0
1624086000 0 0 0 0
1624084200 0 0 0 0
1624082400 0 0 0 0
1624080600 0 0 0 0
1624078800 0 0 0 0
1624077000 0 0 0 0
1624075200 0 0 0 0
1624073400 0 0 0 0
1624071600 0 0 0 0
1624069800 0 0 0 0
1624068000 0 0 0 0
1624066200 0 0 0 0
1624064400 0 0 0 0
1624062600 0 0 0 0
1624060800 0 0 0 0
1624059000 0 0 0 0
1624057200 0 0 0 0
1624055400 0 0 0 0
1624053600 0 0 0 0
1624051800 0 0 0 0
1624050000 0 0 0 0
1624048200 0 0 0 0
1624046400 0 0 0 0
1624044600 0 0 0 0
1624042800 0 0 0 0
1624041000 0 0 0 0
1624039200 0 0 0 0
1624037400 0 0 0 0
1624035600 0 0 0 0
1624033800 0 0 0 0
1624032000 0 0 0 0
1624030200 0 0 0 0
1624028400 0 0 0 0
1624026600 0 0 0 0
1624024800 0 0 0 0
1624023000 0 0 0 0
1624021200 0 0 0 0
1624019400 0 0 0 0
1624017600 0 0 0 0
1624015800 0 0 0 0
1624014000 0 0 0 0
1624012200 0 0 0 0
1624010400 0 0 0 0
1624008600 0 0 0 0
1624006800 0 0 0 0
1624005000 0 0 0 0
1624003200 0 0 0 0
1624001400 0 0 0 0
1623999600 0 0 0 0
1623997800 0 0 0 0
1623996000 0 0 0 0
1623994200 0 0 0 0
1623992400 0 0 0 0
1623990600 0 0 0 0
1623988800 0 0 0 0
1623987000 0 0 0 0
1623985200 0 0 0 0
1623983400 0 0 0 0
1623981600 0 0 0 0
1623979800 0 0 0 0
1623978000 0 0 0 0
1623976200 0 0 0 0
1623974400 0 0 0 0
1623972600 0 0 0 0
1623970800 0 0 0 0
1623969000 0 0 0 0
1623967200 0 0 0 0
1623965400 0 0 0 0
1623963600 0 0 0 0
1623961800 0 0 0 0
1623960000 0 0 0 0
1623958200 0 0 0 0
1623956400 0 0 0 0
1623954600 0 0 0 0
1623952800 0 0 0 0
1623951000 0 0 0 0
1623949200 0 0 0 0
1623947400 0 0 0 0
1623945600 0 0 0 0
1623943800 0 0 0 0
1623942000 0 0 0 0
1623940200 0 0 0 0
1623938400 0 0 0 0
1623936600 0 0 0 0
1623934800 0 0 0 0
1623933000 0 0 0 0
1623931200 0 0 0 0
1623929400 0 0 0 0
1623927600 0 0 0 0
1623925800 0 0 0 0
1623924000 0 0 0 0
1623922200 0 0 0 0
1623920400 0 0 0 0
1623918600 0 0 0 0
1623916800 0 0 0 0
1623915000 0 0 0 0
1623913200 0 0 0 0
1623911400 0 0 0 0
1623909600 0 0 0 0
1623907800 0 0 0 0
1623906000 0 0 0 0
1623904200 0 0 0 0
1623902400 0 0 0 0
1623900600 0 0 0 0
1623898800 0 0 0 0
1623897000 0 0 0 0
1623895200 0 0 0 0
1623893400 0 0 0 0
1623891600 0 0 0 0
1623889800 0 0 0 0
1623888000 0 0 0 0
1623886200 0 0 0 0
1623884400 0 0 0 0
1623882600 0 0 0 0
1623880800 0 0 0 0
1623879000 0 0 0 0
1623877200 0 0 0 0
1623875400 0 0 0 0
1623873600 0 0 0 0
1623871800 0 0 0 0
1623870000 0 0 0 0
1623868200 0 0 0 0
1623866400 0 0 0 0
1623864600 0 0 0 0
1623862800 0 0 0 0
1623861000 0 0 0 0
1623859200 0 0 0 0
1623857400 0 0 0 0
1623855600 0 0 0 0
1623853800 0 0 0 0
1623852000 0 0 0 0
1623850200 0 0 0 0
1623848400 0 0 0 0
1623846600 0 0 0 0
1623844800 0 0 0 0
1623843000 0 0 0 0
1623841200 0 0 0 0
1623839400 0 0 0 0
1623837600 0 0 0 0
1623835800 0 0 0 0
1623834000 0 0 0 0
1623832200 0 0 0 0
1623830400 0 0 0 0
1623828600 0 0 0 0
1623826800 0 0 0 0
1623825000 0 0 0 0
1623823200 0 0 0 0
1623821400 0 0 0 0
1623819600 0 0 0 0
1623817800 0 0 0 0
1623816000 0 0 0 0
1623814200 0 0 0 0
1623812400 0 0 0 0
1623810600 0 0 0 0
1623808800 0 0 0 0
1623807000 0 0 0 0
1623805200 0 0 0 0
1623803400 0 0 0 0
1623801600 0 0 0 0
1623799800 0 0 0 0
1623798000 0 0 0 0
1623796200 0 0 0 0
1623794400 0 0 0 0
1623792600 0 0 0 0
1623790800 0 0 0 0
1623789000 0 0 0 0
1623787200 0 0 0 0
1623785400 0 0 0 0
1623783600 0 0 0 0
1623781800 0 0 0 0
1623780000 0 0 0 0
1623778200 0 0 0 0
1623776400 0 0 0 0
1623774600 0 0 0 0
1623772800 0 0 0 0
1623771000 0 0 0 0
1623769200 0 0 0 0
1623767400 0 0 0 0
1623765600 0 0 0 0
1623763800 0 0 0 0
1623762000 0 0 0 0
1623760200 0 0 0 0
1623758400 0 0 0 0
1623756600 0 0 0 0
1623754800 0 0 0 0
1623753000 0 0 0 0
1623751200 0 0 0 0
1623749400 0 0 0 0
1623747600 0 0 0 0
1623745800 0 0 0 0
1623744000 0 0 0 0
1623742200 0 0 0 0
1623740400 0 0 0 0
1623738600 0 0 0 0
1623736800 0 0 0 0
1623735000 0 0 0 0
1623733200 0 0 0 0
1623731400 0 0 0 0
1623729600 0 0 0 0
1623727800 0 0 0 0
1623726000 0 0 0 0
1623724200 0 0 0 0
1623722400 0 0 0 0
1623720600 0 0 0 0
1623718800 0 0 0 0
1623717000 0 0 0 0
1623715200 0 0 0 0
1623713400 0 0 0 0
1623711600 0 0 0 0
1623709800 0 0 0 0
1623708000 0 0 0 0
1623706200 0 0 0 0
1623704400 0 0 0 0
1623702600 0 0 0 0
1623700800 0 0 0 0
1623699000 0 0 0 0
1623697200 0 0 0 0
1623695400 0 0 0 0
1623693600 0 0 0 0
1623691800 0 0 0 0
1623690000 0 0 0 0
1623688200 0 0 0 0
1623686400 0 0 0 0
1623684600 0 0 0 0
1623682800 0 0 0 0
1623681000 0 0 0 0
1623679200 0 0 0 0
1623677400 0 0 0 0
1623675600 0 0 0 0
1623673800 0 0 0 0
1623672000 0 0 0 0
1623670200 0 0 0 0
1623668400 0 0 0 0
1623666600 0 0 0 0
1623664800 0 0 0 0
1623663000 0 0 0 0
1623661200 0 0 0 0
1623659400 0 0 0 0
1623657600 0 0 0 0
1623655800 0 0 0 0
1623654000 0 0 0 0
1623652200 0 0 0 0
1623650400 0 0 0 0
1623648600 0 0 0 0
1623646800 0 0 0 0
1623645000 0 0 0 0
1623643200 0 0 0 0
1623641400 0 0 0 0
1623639600 0 0 0 0
1623637800 0 0 0 0
1623636000 0 0 0 0
1623634200 0 0 0 0
1623632400 0 0 0 0
1623630600 0 0 0 0
1623628800 0 0 0 0
1623627000 0 0 0 0
1623625200 0 0 0 0
1623623400 0 0 0 0
1623621600 0 0 0 0
1623619800 0 0 0 0
1623618000 0 0 0 0
1623616200 0 0 0 0
1623614400 0 0 0 0
1623612600 0 0 0 0
1623610800 0 0 0 0
1623609000 0 0 0 0
1623607200 0 0 0 0
1623605400 0 0 0 0
1623603600 0 0 0 0
1623601800 0 0 0 0
1623600000 0 0 0 0
1623598200 0 0 0 0
1623596400 0 0 0 0
1623594600 0 0 0 0
1623592800 0 0 0 0
1623591000 0 0 0 0
1623589200 0 0 0 0
1623587400 0 0 0 0
1623585600 0 0 0 0
1623583800 0 0 0 0
1623582000 0 0 0 0
1623580200 0 0 0 0
1623578400 0 0 0 0
1623576600 0 0 0 0
1623574800 0 0 0 0
1623573000 0 0 0 0
1623571200 0 0 0 0
1623569400 0 0 0 0
1623567600 0 0 0 0
1623565800 0 0 0 0
1623564000 0 0 0 0
1623562200 0 0 0 0
1623560400 0 0 0 0
1623558600 0 0 0 0
1623556800 0 0 0 0
1623555000 0 0 0 0
1623553200 0 0 0 0
1623551400 0 0 0 0
1623549600 0 0 0 0
1623547800 0 0 0 0
1623546000 0 0 0 0
1623544200 0 0 0 0
1623542400 0 0 0 0
1623540600 0 0 0 0
1623538800 0 0 0 0
1623537000 0 0 0 0
1623535200 0 0 0 0
1623533400 0 0 0 0
1623531600 0 0 0 0
1623529800 0 0 0 0
1623528000 0 0 0 0
1623526200 0 0 0 0
1623524400 0 0 0 0
1623522600 0 0 0 0
1623520800 0 0 0 0
1623519000 0 0 0 0
1623517200 0 0 0 0
1623515400 0 0 0 0
1623513600 0 0 0 0
1623511800 0 0 0 0
1623510000 0 0 0 0
1623508200 0 0 0 0
1623506400 0 0 0 0
1623504600 0 0 0 0
1623502800 0 0 0 0
1623501000 0 0 0 0
1623499200 0 0 0 0
1623497400 0 0 0 0
1623495600 0 0 0 0
1623493800 0 0 0 0
1623492000 0 0 0 0
1623490200 0 0 0 0
1623488400 0 0 0 0
1623486600 0 0 0 0
1623484800 0 0 0 0
1623483000 0 0 0 0
1623481200 0 0 0 0
1623479400 0 0 0 0
1623477600 0 0 0 0
1623475800 0 0 0 0
1623474000 0 0 0 0
1623472200 0 0 0 0
1623470400 0 0 0 0
1623468600 0 0 0 0
1623466800 0 0 0 0
1623465000 0 0 0 0
1623463200 0 0 0 0
1623461400 0 0 0 0
1623459600 0 0 0 0
1623457800 0 0 0 0
1623456000 0 0 0 0
1623454200 0 0 0 0
1623452400 0 0 0 0
1623450600 0 0 0 0
1623448800 0 0 0 0
1623447000 0 0 0 0
1623445200 0 0 0 0
1623443400 0 0 0 0
1623441600 0 0 0 0
1623439800 0 0 0 0
1623438000 0 0 0 0
1623436200 0 0 0 0
1623434400 0 0 0 0
1623432600 0 0 0 0
1623430800 0 0 0 0
1623429000 0 0 0 0
1623427200 0 0 0 0
1623425400 0 0 0 0
1623423600 0 0 0 0
1623421800 0 0 0 0
1623420000 0 0 0 0
1623418200 0 0 0 0
1623416400 0 0 0 0
1623414600 0 0 0 0
1623412800 0 0 0 0
1623411000 0 0 0 0
1623409200 0 0 0 0
1623407400 0 0 0 0
1623405600 0 0 0 0
1623403800 0 0 0 0
1623402000 0 0 0 0
1623400200 0 0 0 0
1623398400 0 0 0 0
1623396600 0 0 0 0
1623394800 0 0 0 0
1623393000 0 0 0 0
1623391200 0 0 0 0
1623389400 0 0 0 0
1623387600 0 0 0 0
1623385800 0 0 0 0
1623384000 0 0 0 0
1623382200 0 0 0 0
1623380400 0 0 0 0
1623378600 0 0 0 0
1623376800 0 0 0 0
1623375000 0 0 0 0
1623373200 0 0 0 0
1623371400 0 0 0 0
1623369600 0 0 0 0
1623367800 0 0 0 0
1623366000 0 0 0 0
1623364200 0 0 0 0
1623362400 0 0 0 0
1623360600 0 0 0 0
1623358800 0 0 0 0
1623357000 0 0 0 0
1623355200 0 0 0 0
1623353400 0 0 0 0
1623351600 0 0 0 0
1623349800 0 0 0 0
1623348000 0 0 0 0
1623346200 0 0 0 0
1623344400 0 0 0 0
1623342600 0 0 0 0
1623340800 0 0 0 0
1623339000 0 0 0 0
1623337200 0 0 0 0
1623335400 0 0 0 0
1623333600 0 0 0 0
1623331800 0 0 0 0
1623330000 0 0 0 0
1623328200 0 0 0 0
1623326400 0 0 0 0
1623324600 0 0 0 0
1623322800 0 0 0 0
1623321000 0 0 0 0
1623319200 0 0 0 0
1623317400 0 0 0 0
1623315600 0 0 0 0
1623313800 0 0 0 0
1623312000 0 0 0 0
1623310200 0 0 0 0
1623308400 0 0 0 0
1623306600 0 0 0 0
1623304800 0 0 0 0
1623303000 0 0 0 0
1623301200 0 0 0 0
1623299400 0 0 0 0
1623297600 0 0 0 0
1623295800 0 0 0 0
1623294000 0 0 0 0
1623292200 0 0 0 0
1623290400 0 0 0 0
1623288600 0 0 0 0
1623283200 0 0 0 0
1623276000 0 0 0 0
1623268800 0 0 0 0
1623261600 0 0 0 0
1623254400 0 0 0 0
1623247200 0 0 0 0
1623240000 0 0 0 0
1623232800 0 0 0 0
1623225600 0 0 0 0
1623218400 0 0 0 0
1623211200 0 0 0 0
1623204000 0 0 0 0
1623196800 0 0 0 0
1623189600 0 0 0 0
1623182400 0 0 0 0
1623175200 0 0 0 0
1623168000 0 0 0 0
1623160800 0 0 0 0
1623153600 0 0 0 0
1623146400 0 0 0 0
1623139200 0 0 0 0
1623132000 0 0 0 0
1623124800 0 0 0 0
1623117600 0 0 0 0
1623110400 0 0 0 0
1623103200 0 0 0 0
1623096000 0 0 0 0
1623088800 0 0 0 0
1623081600 0 0 0 0
1623074400 0 0 0 0
1623067200 0 0 0 0
1623060000 0 0 0 0
1623052800 0 0 0 0
1623045600 0 0 0 0
1623038400 0 0 0 0
1623031200 0 0 0 0
1623024000 0 0 0 0
1623016800 0 0 0 0
1623009600 0 0 0 0
1623002400 0 0 0 0
1622995200 0 0 0 0
1622988000 0 0 0 0
1622980800 0 0 0 0
1622973600 0 0 0 0
1622966400 0 0 0 0
1622959200 0 0 0 0
1622952000 0 0 0 0
1622944800 0 0 0 0
1622937600 0 0 0 0
1622930400 0 0 0 0
1622923200 0 0 0 0
1622916000 0 0 0 0
1622908800 0 0 0 0
1622901600 0 0 0 0
1622894400 0 0 0 0
1622887200 0 0 0 0
1622880000 0 0 0 0
1622872800 0 0 0 0
1622865600 0 0 0 0
1622858400 0 0 0 0
1622851200 0 0 0 0
1622844000 0 0 0 0
1622836800 0 0 0 0
1622829600 0 0 0 0
1622822400 0 0 0 0
1622815200 0 0 0 0
1622808000 0 0 0 0
1622800800 0 0 0 0
1622793600 0 0 0 0
1622786400 0 0 0 0
1622779200 0 0 0 0
1622772000 0 0 0 0
1622764800 0 0 0 0
1622757600 0 0 0 0
1622750400 0 0 0 0
1622743200 0 0 0 0
1622736000 0 0 0 0
1622728800 0 0 0 0
1622721600 0 0 0 0
1622714400 0 0 0 0
1622707200 0 0 0 0
1622700000 0 0 0 0
1622692800 0 0 0 0
1622685600 0 0 0 0
1622678400 0 0 0 0
1622671200 0 0 0 0
1622664000 0 0 0 0
1622656800 0 0 0 0
1622649600 0 0 0 0
1622642400 0 0 0 0
1622635200 0 0 0 0
1622628000 0 0 0 0
1622620800 0 0 0 0
1622613600 0 0 0 0
1622606400 0 0 0 0
1622599200 0 0 0 0
1622592000 0 0 0 0
1622584800 0 0 0 0
1622577600 0 0 0 0
1622570400 0 0 0 0
1622563200 0 0 0 0
1622556000 0 0 0 0
1622548800 0 0 0 0
1622541600 0 0 0 0
1622534400 0 0 0 0
1622527200 0 0 0 0
1622520000 0 0 0 0
1622512800 0 0 0 0
1622505600 0 0 0 0
1622498400 0 0 0 0
1622491200 0 0 0 0
1622484000 0 0 0 0
1622476800 0 0 0 0
1622469600 0 0 0 0
1622462400 0 0 0 0
1622455200 0 0 0 0
1622448000 0 0 0 0
1622440800 0 0 0 0
1622433600 0 0 0 0
1622426400 0 0 0 0
1622419200 0 0 0 0
1622412000 0 0 0 0
1622404800 0 0 0 0
1622397600 0 0 0 0
1622390400 0 0 0 0
1622383200 0 0 0 0
1622376000 0 0 0 0
1622368800 0 0 0 0
1622361600 0 0 0 0
1622354400 0 0 0 0
1622347200 0 0 0 0
1622340000 0 0 0 0
1622332800 0 0 0 0
1622325600 0 0 0 0
1622318400 0 0 0 0
1622311200 0 0 0 0
1622304000 0 0 0 0
1622296800 0 0 0 0
1622289600 0 0 0 0
1622282400 0 0 0 0
1622275200 0 0 0 0
1622268000 0 0 0 0
1622260800 0 0 0 0
1622253600 0 0 0 0
1622246400 0 0 0 0
1622239200 0 0 0 0
1622232000 0 0 0 0
1622224800 0 0 0 0
1622217600 0 0 0 0
1622210400 0 0 0 0
1622203200 0 0 0 0
1622196000 0 0 0 0
1622188800 0 0 0 0
1622181600 0 0 0 0
1622174400 0 0 0 0
1622167200 0 0 0 0
1622160000 0 0 0 0
1622152800 0 0 0 0
1622145600 0 0 0 0
1622138400 0 0 0 0
1622131200 0 0 0 0
1622124000 0 0 0 0
1622116800 0 0 0 0
1622109600 0 0 0 0
1622102400 0 0 0 0
1622095200 0 0 0 0
1622088000 0 0 0 0
1622080800 0 0 0 0
1622073600 0 0 0 0
1622066400 0 0 0 0
1622059200 0 0 0 0
1622052000 0 0 0 0
1622044800 0 0 0 0
1622037600 0 0 0 0
1622030400 0 0 0 0
1622023200 0 0 0 0
1622016000 0 0 0 0
1622008800 0 0 0 0
1622001600 0 0 0 0
1621994400 0 0 0 0
1621987200 0 0 0 0
1621980000 0 0 0 0
1621972800 0 0 0 0
1621965600 0 0 0 0
1621958400 0 0 0 0
1621951200 0 0 0 0
1621944000 0 0 0 0
1621936800 0 0 0 0
1621929600 0 0 0 0
1621922400 0 0 0 0
1621915200 0 0 0 0
1621908000 0 0 0 0
1621900800 0 0 0 0
1621893600 0 0 0 0
1621886400 0 0 0 0
1621879200 0 0 0 0
1621872000 0 0 0 0
1621864800 0 0 0 0
1621857600 0 0 0 0
1621850400 0 0 0 0
1621843200 0 0 0 0
1621836000 0 0 0 0
1621828800 0 0 0 0
1621821600 0 0 0 0
1621814400 0 0 0 0
1621807200 0 0 0 0
1621800000 0 0 0 0
1621792800 0 0 0 0
1621785600 0 0 0 0
1621778400 0 0 0 0
1621771200 0 0 0 0
1621764000 0 0 0 0
1621756800 0 0 0 0
1621749600 0 0 0 0
1621742400 0 0 0 0
1621735200 0 0 0 0
1621728000 0 0 0 0
1621720800 0 0 0 0
1621713600 0 0 0 0
1621706400 0 0 0 0
1621699200 0 0 0 0
1621692000 0 0 0 0
1621684800 0 0 0 0
1621677600 0 0 0 0
1621670400 0 0 0 0
1621663200 0 0 0 0
1621656000 0 0 0 0
1621648800 0 0 0 0
1621641600 0 0 0 0
1621634400 0 0 0 0
1621627200 0 0 0 0
1621620000 0 0 0 0
1621612800 0 0 0 0
1621605600 0 0 0 0
1621598400 0 0 0 0
1621591200 0 0 0 0
1621584000 0 0 0 0
1621576800 0 0 0 0
1621569600 0 0 0 0
1621562400 0 0 0 0
1621555200 0 0 0 0
1621548000 0 0 0 0
1621540800 0 0 0 0
1621533600 0 0 0 0
1621526400 0 0 0 0
1621519200 0 0 0 0
1621512000 0 0 0 0
1621504800 0 0 0 0
1621497600 0 0 0 0
1621490400 0 0 0 0
1621483200 0 0 0 0
1621476000 0 0 0 0
1621468800 0 0 0 0
1621461600 0 0 0 0
1621454400 0 0 0 0
1621447200 0 0 0 0
1621440000 0 0 0 0
1621432800 0 0 0 0
1621425600 0 0 0 0
1621418400 0 0 0 0
1621411200 0 0 0 0
1621404000 0 0 0 0
1621396800 0 0 0 0
1621389600 0 0 0 0
1621382400 0 0 0 0
1621375200 0 0 0 0
1621368000 0 0 0 0
1621360800 0 0 0 0
1621353600 0 0 0 0
1621346400 0 0 0 0
1621339200 0 0 0 0
1621332000 0 0 0 0
1621324800 0 0 0 0
1621317600 0 0 0 0
1621310400 0 0 0 0
1621303200 0 0 0 0
1621296000 0 0 0 0
1621288800 0 0 0 0
1621281600 0 0 0 0
1621274400 0 0 0 0
1621267200 0 0 0 0
1621260000 0 0 0 0
1621252800 0 0 0 0
1621245600 0 0 0 0
1621238400 0 0 0 0
1621231200 0 0 0 0
1621224000 0 0 0 0
1621216800 0 0 0 0
1621209600 0 0 0 0
1621202400 0 0 0 0
1621195200 0 0 0 0
1621188000 0 0 0 0
1621180800 0 0 0 0
1621173600 0 0 0 0
1621166400 0 0 0 0
1621159200 0 0 0 0
1621152000 0 0 0 0
1621144800 0 0 0 0
1621137600 0 0 0 0
1621130400 0 0 0 0
1621123200 0 0 0 0
1621116000 0 0 0 0
1621108800 0 0 0 0
1621101600 0 0 0 0
1621094400 0 0 0 0
1621087200 0 0 0 0
1621080000 0 0 0 0
1621072800 0 0 0 0
1621065600 0 0 0 0
1621058400 0 0 0 0
1621051200 0 0 0 0
1621044000 0 0 0 0
1621036800 0 0 0 0
1621029600 0 0 0 0
1621022400 0 0 0 0
1621015200 0 0 0 0
1621008000 0 0 0 0
1621000800 0 0 0 0
1620993600 0 0 0 0
1620986400 0 0 0 0
1620979200 0 0 0 0
1620972000 0 0 0 0
1620964800 0 0 0 0
1620957600 0 0 0 0
1620950400 0 0 0 0
1620943200 0 0 0 0
1620936000 0 0 0 0
1620928800 0 0 0 0
1620921600 0 0 0 0
1620914400 0 0 0 0
1620907200 0 0 0 0
1620900000 0 0 0 0
1620892800 0 0 0 0
1620885600 0 0 0 0
1620878400 0 0 0 0
1620871200 0 0 0 0
1620864000 0 0 0 0
1620856800 0 0 0 0
1620849600 0 0 0 0
1620842400 0 0 0 0
1620835200 0 0 0 0
1620828000 0 0 0 0
1620820800 0 0 0 0
1620813600 0 0 0 0
1620806400 0 0 0 0
1620799200 0 0 0 0
1620792000 0 0 0 0
1620784800 0 0 0 0
1620777600 0 0 0 0
1620770400 0 0 0 0
1620763200 0 0 0 0
1620756000 0 0 0 0
1620748800 0 0 0 0
1620741600 0 0 0 0
1620734400 0 0 0 0
1620727200 0 0 0 0
1620720000 0 0 0 0
1620712800 0 0 0 0
1620705600 0 0 0 0
1620698400 0 0 0 0
1620691200 0 0 0 0
1620684000 0 0 0 0
1620676800 0 0 0 0
1620669600 0 0 0 0
1620662400 0 0 0 0
1620655200 0 0 0 0
1620648000 0 0 0 0
1620640800 0 0 0 0
1620633600 0 0 0 0
1620626400 0 0 0 0
1620619200 0 0 0 0
1620612000 0 0 0 0
1620604800 0 0 0 0
1620597600 0 0 0 0
1620590400 0 0 0 0
1620583200 0 0 0 0
1620576000 0 0 0 0
1620568800 0 0 0 0
1620561600 0 0 0 0
1620554400 0 0 0 0
1620547200 0 0 0 0
1620540000 0 0 0 0
1620532800 0 0 0 0
1620525600 0 0 0 0
1620518400 0 0 0 0
1620511200 0 0 0 0
1620504000 0 0 0 0
1620496800 0 0 0 0
1620489600 0 0 0 0
1620482400 0 0 0 0
1620475200 0 0 0 0
1620468000 0 0 0 0
1620460800 0 0 0 0
1620453600 0 0 0 0
1620446400 0 0 0 0
1620439200 0 0 0 0
1620432000 0 0 0 0
1620424800 0 0 0 0
1620417600 0 0 0 0
1620410400 0 0 0 0
1620403200 0 0 0 0
1620396000 0 0 0 0
1620388800 0 0 0 0
1620381600 0 0 0 0
1620374400 0 0 0 0
1620367200 0 0 0 0
1620360000 0 0 0 0
1620352800 0 0 0 0
1620345600 0 0 0 0
1620338400 0 0 0 0
1620331200 0 0 0 0
1620324000 0 0 0 0
1620316800 0 0 0 0
1620309600 0 0 0 0
1620302400 0 0 0 0
1620295200 0 0 0 0
1620288000 0 0 0 0
1620280800 0 0 0 0
1620273600 0 0 0 0
1620266400 0 0 0 0
1620259200 0 0 0 0
1620252000 0 0 0 0
1620244800 0 0 0 0
1620237600 0 0 0 0
1620230400 0 0 0 0
1620223200 0 0 0 0
1620216000 0 0 0 0
1620208800 0 0 0 0
1620201600 0 0 0 0
1620194400 0 0 0 0
1620187200 0 0 0 0
1620180000 0 0 0 0
1620172800 0 0 0 0
1620165600 0 0 0 0
1620158400 0 0 0 0
1620151200 0 0 0 0
1620144000 0 0 0 0
1620136800 0 0 0 0
1620129600 0 0 0 0
1620122400 0 0 0 0
1620115200 0 0 0 0
1620108000 0 0 0 0
1620100800 0 0 0 0
1620093600 0 0 0 0
1620086400 0 0 0 0
1620079200 0 0 0 0
1620072000 0 0 0 0
1620064800 0 0 0 0
1620057600 0 0 0 0
1620050400 0 0 0 0
1620043200 0 0 0 0
1620036000 0 0 0 0
1620028800 0 0 0 0
1620021600 0 0 0 0
1620014400 0 0 0 0
1620007200 0 0 0 0
1620000000 0 0 0 0
1619992800 0 0 0 0
1619985600 0 0 0 0
1619978400 0 0 0 0
1619971200 0 0 0 0
1619964000 0 0 0 0
1619956800 0 0 0 0
1619949600 0 0 0 0
1619942400 0 0 0 0
1619935200 0 0 0 0
1619928000 0 0 0 0
1619920800 0 0 0 0
1619913600 0 0 0 0
1619906400 0 0 0 0
1619899200 0 0 0 0
1619892000 0 0 0 0
1619884800 0 0 0 0
1619877600 0 0 0 0
1619870400 0 0 0 0
1619863200 0 0 0 0
1619856000 0 0 0 0
1619848800 0 0 0 0
1619841600 0 0 0 0
1619834400 0 0 0 0
1619827200 0 0 0 0
1619820000 0 0 0 0
1619812800 0 0 0 0
1619805600 0 0 0 0
1619798400 0 0 0 0
1619791200 0 0 0 0
1619784000 0 0 0 0
1619776800 0 0 0 0
1619769600 0 0 0 0
1619762400 0 0 0 0
1619755200 0 0 0 0
1619748000 0 0 0 0
1619740800 0 0 0 0
1619733600 0 0 0 0
1619726400 0 0 0 0
1619719200 0 0 0 0
1619712000 0 0 0 0
1619704800 0 0 0 0
1619697600 0 0 0 0
1619690400 0 0 0 0
1619683200 0 0 0 0
1619676000 0 0 0 0
1619668800 0 0 0 0
1619661600 0 0 0 0
1619654400 0 0 0 0
1619647200 0 0 0 0
1619640000 0 0 0 0
1619632800 0 0 0 0
1619625600 0 0 0 0
1619618400 0 0 0 0
1619611200 0 0 0 0
1619604000 0 0 0 0
1619596800 0 0 0 0
1619589600 0 0 0 0
1619582400 0 0 0 0
1619575200 0 0 0 0
1619568000 0 0 0 0
1619560800 0 0 0 0
1619553600 0 0 0 0
1619546400 0 0 0 0
1619539200 0 0 0 0
1619532000 0 0 0 0
1619524800 0 0 0 0
1619517600 0 0 0 0
1619510400 0 0 0 0
1619503200 0 0 0 0
1619496000 0 0 0 0
1619488800 0 0 0 0
1619481600 0 0 0 0
1619474400 0 0 0 0
1619467200 0 0 0 0
1619460000 0 0 0 0
1619452800 0 0 0 0
1619445600 0 0 0 0
1619438400 0 0 0 0
1619431200 0 0 0 0
1619424000 0 0 0 0
1619416800 0 0 0 0
1619409600 0 0 0 0
1619402400 0 0 0 0
1619395200 0 0 0 0
1619388000 0 0 0 0
1619380800 0 0 0 0
1619373600 0 0 0 0
1619366400 0 0 0 0
1619359200 0 0 0 0
1619352000 0 0 0 0
1619344800 0 0 0 0
1619337600 0 0 0 0
1619330400 0 0 0 0
1619323200 0 0 0 0
1619316000 0 0 0 0
1619308800 0 0 0 0
1619301600 0 0 0 0
1619294400 0 0 0 0
1619287200 0 0 0 0
1619280000 0 0 0 0
1619272800 0 0 0 0
1619265600 0 0 0 0
1619258400 0 0 0 0
1619251200 0 0 0 0
1619244000 0 0 0 0
1619236800 0 0 0 0
1619229600 0 0 0 0
1619222400 0 0 0 0
1619215200 0 0 0 0
1619208000 0 0 0 0
1619200800 0 0 0 0
1619193600 0 0 0 0
1619186400 0 0 0 0
1619179200 0 0 0 0
1619172000 0 0 0 0
1619164800 0 0 0 0
1619157600 0 0 0 0
1619150400 0 0 0 0
1619143200 0 0 0 0
1619136000 0 0 0 0
1619128800 0 0 0 0
1619121600 0 0 0 0
1619114400 0 0 0 0
1619107200 0 0 0 0
1619100000 0 0 0 0
1619092800 0 0 0 0
1619085600 0 0 0 0
1619078400 0 0 0 0
1619071200 0 0 0 0
1619064000 0 0 0 0
1619056800 0 0 0 0
1619049600 0 0 0 0
1619042400 0 0 0 0
1619035200 0 0 0 0
1619028000 0 0 0 0
1619020800 0 0 0 0
1619013600 0 0 0 0
1619006400 0 0 0 0
1618999200 0 0 0 0
1618992000 0 0 0 0
1618984800 0 0 0 0
1618977600 0 0 0 0
1618970400 0 0 0 0
1618963200 0 0 0 0
1618876800 0 0 0 0
1618790400 0 0 0 0
1618704000 0 0 0 0
1618617600 0 0 0 0
1618531200 0 0 0 0
1618444800 0 0 0 0
1618358400 0 0 0 0
1618272000 0 0 0 0
1618185600 0 0 0 0
1618099200 0 0 0 0
1618012800 0 0 0 0
1617926400 0 0 0 0
1617840000 0 0 0 0
1617753600 0 0 0 0
1617667200 0 0 0 0
1617580800 0 0 0 0
1617494400 0 0 0 0
1617408000 0 0 0 0
1617321600 0 0 0 0
1617235200 0 0 0 0
1617148800 0 0 0 0
1617062400 0 0 0 0
1616976000 0 0 0 0
1616889600 0 0 0 0
1616803200 0 0 0 0
1616716800 0 0 0 0
1616630400 0 0 0 0
1616544000 0 0 0 0
1616457600 0 0 0 0
1616371200 0 0 0 0
1616284800 0 0 0 0
1616198400 0 0 0 0
1616112000 0 0 0 0
1616025600 0 0 0 0
1615939200 0 0 0 0
1615852800 0 0 0 0
1615766400 0 0 0 0
1615680000 0 0 0 0
1615593600 0 0 0 0
1615507200 0 0 0 0
1615420800 0 0 0 0
1615334400 0 0 0 0
1615248000 0 0 0 0
1615161600 0 0 0 0
1615075200 0 0 0 0
1614988800 0 0 0 0
1614902400 0 0 0 0
1614816000 0 0 0 0
1614729600 0 0 0 0
1614643200 0 0 0 0
1614556800 0 0 0 0
1614470400 0 0 0 0
1614384000 0 0 0 0
1614297600 0 0 0 0
1614211200 0 0 0 0
1614124800 0 0 0 0
1614038400 0 0 0 0
1613952000 0 0 0 0
1613865600 0 0 0 0
1613779200 0 0 0 0
1613692800 0 0 0 0
1613606400 0 0 0 0
1613520000 0 0 0 0
1613433600 0 0 0 0
1613347200 0 0 0 0
1613260800 0 0 0 0
1613174400 0 0 0 0
1613088000 0 0 0 0
1613001600 0 0 0 0
1612915200 0 0 0 0
1612828800 0 0 0 0
1612742400 0 0 0 0
1612656000 0 0 0 0
1612569600 0 0 0 0
1612483200 0 0 0 0
1612396800 0 0 0 0
1612310400 0 0 0 0
1612224000 0 0 0 0
1612137600 0 0 0 0
1612051200 0 0 0 0
1611964800 0 0 0 0
1611878400 0 0 0 0
1611792000 0 0 0 0
1611705600 0 0 0 0
1611619200 0 0 0 0
1611532800 0 0 0 0
1611446400 0 0 0 0
1611360000 0 0 0 0
1611273600 0 0 0 0
1611187200 0 0 0 0
1611100800 0 0 0 0
1611014400 0 0 0 0
1610928000 0 0 0 0
1610841600 0 0 0 0
1610755200 0 0 0 0
1610668800 0 0 0 0
1610582400 0 0 0 0
1610496000 0 0 0 0
1610409600 0 0 0 0
1610323200 0 0 0 0
1610236800 0 0 0 0
1610150400 0 0 0 0
1610064000 0 0 0 0
1609977600 0 0 0 0
1609891200 0 0 0 0
1609804800 0 0 0 0
1609718400 0 0 0 0
1609632000 0 0 0 0
1609545600 0 0 0 0
1609459200 0 0 0 0
1609372800 0 0 0 0
1609286400 0 0 0 0
1609200000 0 0 0 0
1609113600 0 0 0 0
1609027200 0 0 0 0
1608940800 0 0 0 0
1608854400 0 0 0 0
1608768000 0 0 0 0
1608681600 0 0 0 0
1608595200 0 0 0 0
1608508800 0 0 0 0
1608422400 0 0 0 0
1608336000 0 0 0 0
1608249600 0 0 0 0
1608163200 0 0 0 0
1608076800 0 0 0 0
1607990400 0 0 0 0
1607904000 0 0 0 0
1607817600 0 0 0 0
1607731200 0 0 0 0
1607644800 0 0 0 0
1607558400 0 0 0 0
1607472000 0 0 0 0
1607385600 0 0 0 0
1607299200 0 0 0 0
1607212800 0 0 0 0
1607126400 0 0 0 0
1607040000 0 0 0 0
1606953600 0 0 0 0
1606867200 0 0 0 0
1606780800 0 0 0 0
1606694400 0 0 0 0
1606608000 0 0 0 0
1606521600 0 0 0 0
1606435200 0 0 0 0
1606348800 0 0 0 0
1606262400 0 0 0 0
1606176000 0 0 0 0
1606089600 0 0 0 0
1606003200 0 0 0 0
1605916800 0 0 0 0
1605830400 0 0 0 0
1605744000 0 0 0 0
1605657600 0 0 0 0
1605571200 0 0 0 0
1605484800 0 0 0 0
1605398400 0 0 0 0
1605312000 0 0 0 0
1605225600 0 0 0 0
1605139200 0 0 0 0
1605052800 0 0 0 0
1604966400 0 0 0 0
1604880000 0 0 0 0
1604793600 0 0 0 0
1604707200 0 0 0 0
1604620800 0 0 0 0
1604534400 0 0 0 0
1604448000 0 0 0 0
1604361600 0 0 0 0
1604275200 0 0 0 0
1604188800 0 0 0 0
1604102400 0 0 0 0
1604016000 0 0 0 0
1603929600 0 0 0 0
1603843200 0 0 0 0
1603756800 0 0 0 0
1603670400 0 0 0 0
1603584000 0 0 0 0
1603497600 0 0 0 0
1603411200 0 0 0 0
1603324800 0 0 0 0
1603238400 0 0 0 0
1603152000 0 0 0 0
1603065600 0 0 0 0
1602979200 0 0 0 0
1602892800 0 0 0 0
1602806400 0 0 0 0
1602720000 0 0 0 0
1602633600 0 0 0 0
1602547200 0 0 0 0
1602460800 0 0 0 0
1602374400 0 0 0 0
1602288000 0 0 0 0
1602201600 0 0 0 0
1602115200 0 0 0 0
1602028800 0 0 0 0
1601942400 0 0 0 0
1601856000 0 0 0 0
1601769600 0 0 0 0
1601683200 0 0 0 0
1601596800 0 0 0 0
1601510400 0 0 0 0
1601424000 0 0 0 0
1601337600 0 0 0 0
1601251200 0 0 0 0
1601164800 0 0 0 0
1601078400 0 0 0 0
1600992000 0 0 0 0
1600905600 0 0 0 0
1600819200 0 0 0 0
1600732800 0 0 0 0
1600646400 0 0 0 0
1600560000 0 0 0 0
1600473600 0 0 0 0
1600387200 0 0 0 0
1600300800 0 0 0 0
1600214400 0 0 0 0
1600128000 0 0 0 0
1600041600 0 0 0 0
1599955200 0 0 0 0
1599868800 0 0 0 0
1599782400 0 0 0 0
1599696000 0 0 0 0
1599609600 0 0 0 0
1599523200 0 0 0 0
1599436800 0 0 0 0
1599350400 0 0 0 0
1599264000 0 0 0 0
1599177600 0 0 0 0
1599091200 0 0 0 0
1599004800 0 0 0 0
1598918400 0 0 0 0
1598832000 0 0 0 0
1598745600 0 0 0 0
1598659200 0 0 0 0
1598572800 0 0 0 0
1598486400 0 0 0 0
1598400000 0 0 0 0
1598313600 0 0 0 0
1598227200 0 0 0 0
1598140800 0 0 0 0
1598054400 0 0 0 0
1597968000 0 0 0 0
1597881600 0 0 0 0
1597795200 0 0 0 0
1597708800 0 0 0 0
1597622400 0 0 0 0
1597536000 0 0 0 0
1597449600 0 0 0 0
1597363200 0 0 0 0
1597276800 0 0 0 0
1597190400 0 0 0 0
1597104000 0 0 0 0
1597017600 0 0 0 0
1596931200 0 0 0 0
1596844800 0 0 0 0
1596758400 0 0 0 0
1596672000 0 0 0 0
1596585600 0 0 0 0
1596499200 0 0 0 0
1596412800 0 0 0 0
1596326400 0 0 0 0
1596240000 0 0 0 0
1596153600 0 0 0 0
1596067200 0 0 0 0
1595980800 0 0 0 0
1595894400 0 0 0 0
1595808000 0 0 0 0
1595721600 0 0 0 0
1595635200 0 0 0 0
1595548800 0 0 0 0
1595462400 0 0 0 0
1595376000 0 0 0 0
1595289600 0 0 0 0
1595203200 0 0 0 0
1595116800 0 0 0 0
1595030400 0 0 0 0
1594944000 0 0 0 0
1594857600 0 0 0 0
1594771200 0 0 0 0
1594684800 0 0 0 0
1594598400 0 0 0 0
1594512000 0 0 0 0
1594425600 0 0 0 0
1594339200 0 0 0 0
1594252800 0 0 0 0
1594166400 0 0 0 0
1594080000 0 0 0 0
1593993600 0 0 0 0
1593907200 0 0 0 0
1593820800 0 0 0 0
1593734400 0 0 0 0
1593648000 0 0 0 0
1593561600 0 0 0 0
1593475200 0 0 0 0
1593388800 0 0 0 0
1593302400 0 0 0 0
1593216000 0 0 0 0
1593129600 0 0 0 0
1593043200 0 0 0 0
1592956800 0 0 0 0
1592870400 0 0 0 0
1592784000 0 0 0 0
1592697600 0 0 0 0
1592611200 0 0 0 0
1592524800 0 0 0 0
1592438400 0 0 0 0
1592352000 0 0 0 0
1592265600 0 0 0 0
1592179200 0 0 0 0
1592092800 0 0 0 0
1592006400 0 0 0 0
1591920000 0 0 0 0
1591833600 0 0 0 0
1591747200 0 0 0 0
1591660800 0 0 0 0
1591574400 0 0 0 0
1591488000 0 0 0 0
1591401600 0 0 0 0
1591315200 0 0 0 0
1591228800 0 0 0 0
1591142400 0 0 0 0
1591056000 0 0 0 0
1590969600 0 0 0 0
1590883200 0 0 0 0
1590796800 0 0 0 0
1590710400 0 0 0 0
1590624000 0 0 0 0
1590537600 0 0 0 0
1590451200 0 0 0 0
1590364800 0 0 0 0
1590278400 0 0 0 0
1590192000 0 0 0 0
1590105600 0 0 0 0
1590019200 0 0 0 0
1589932800 0 0 0 0
1589846400 0 0 0 0
1589760000 0 0 0 0
1589673600 0 0 0 0
1589587200 0 0 0 0
1589500800 0 0 0 0
1589414400 0 0 0 0
1589328000 0 0 0 0
1589241600 0 0 0 0
1589155200 0 0 0 0
1589068800 0 0 0 0
1588982400 0 0 0 0
1588896000 0 0 0 0
1588809600 0 0 0 0
1588723200 0 0 0 0
1588636800 0 0 0 0
1588550400 0 0 0 0
1588464000 0 0 0 0
1588377600 0 0 0 0
1588291200 0 0 0 0
1588204800 0 0 0 0
1588118400 0 0 0 0
1588032000 0 0 0 0
1587945600 0 0 0 0
1587859200 0 0 0 0
1587772800 0 0 0 0
1587686400 0 0 0 0
1587600000 0 0 0 0
1587513600 0 0 0 0
1587427200 0 0 0 0
1587340800 0 0 0 0
1587254400 0 0 0 0
1587168000 0 0 0 0
1587081600 0 0 0 0
1586995200 0 0 0 0
1586908800 0 0 0 0
1586822400 0 0 0 0
1586736000 0 0 0 0
1586649600 0 0 0 0
1586563200 0 0 0 0
1586476800 0 0 0 0
1586390400 0 0 0 0
1586304000 0 0 0 0
1586217600 0 0 0 0
1586131200 0 0 0 0
1586044800 0 0 0 0
1585958400 0 0 0 0
1585872000 0 0 0 0
1585785600 0 0 0 0
1585699200 0 0 0 0
1585612800 0 0 0 0
1585526400 0 0 0 0
1585440000 0 0 0 0
1585353600 0 0 0 0
1585267200 0 0 0 0
1585180800 0 0 0 0
1585094400 0 0 0 0
1585008000 0 0 0 0
1584921600 0 0 0 0
1584835200 0 0 0 0
1584748800 0 0 0 0
1584662400 0 0 0 0
1584576000 0 0 0 0
1584489600 0 0 0 0
1584403200 0 0 0 0
1584316800 0 0 0 0
1584230400 0 0 0 0
1584144000 0 0 0 0
1584057600 0 0 0 0
1583971200 0 0 0 0
1583884800 0 0 0 0
1583798400 0 0 0 0
1583712000 0 0 0 0
1583625600 0 0 0 0
1583539200 0 0 0 0
1583452800 0 0 0 0
1583366400 0 0 0 0
1583280000 0 0 0 0
1583193600 0 0 0 0
1583107200 0 0 0 0
1583020800 0 0 0 0
1582934400 0 0 0 0
1582848000 0 0 0 0
1582761600 0 0 0 0
1582675200 0 0 0 0
1582588800 0 0 0 0
1582502400 0 0 0 0
1582416000 0 0 0 0
1582329600 0 0 0 0
1582243200 0 0 0 0
1582156800 0 0 0 0
1582070400 0 0 0 0
1581984000 0 0 0 0
1581897600 0 0 0 0
1581811200 0 0 0 0
1581724800 0 0 0 0
1581638400 0 0 0 0
1581552000 0 0 0 0
1581465600 0 0 0 0
1581379200 0 0 0 0
1581292800 0 0 0 0
1581206400 0 0 0 0
1581120000 0 0 0 0
1581033600 0 0 0 0
1580947200 0 0 0 0
1580860800 0 0 0 0
1580774400 0 0 0 0
1580688000 0 0 0 0
1580601600 0 0 0 0
1580515200 0 0 0 0
1580428800 0 0 0 0
1580342400 0 0 0 0
1580256000 0 0 0 0
1580169600 0 0 0 0
1580083200 0 0 0 0
1579996800 0 0 0 0
1579910400 0 0 0 0
1579824000 0 0 0 0
1579737600 0 0 0 0
1579651200 0 0 0 0
1579564800 0 0 0 0
1579478400 0 0 0 0
1579392000 0 0 0 0
1579305600 0 0 0 0
1579219200 0 0 0 0
1579132800 0 0 0 0
1579046400 0 0 0 0
1578960000 0 0 0 0
1578873600 0 0 0 0
1578787200 0 0 0 0
1578700800 0 0 0 0
1578614400 0 0 0 0
1578528000 0 0 0 0
1578441600 0 0 0 0
1578355200 0 0 0 0
1578268800 0 0 0 0
1578182400 0 0 0 0
1578096000 0 0 0 0
1578009600 0 0 0 0
1577923200 0 0 0 0
1577836800 0 0 0 0
1577750400 0 0 0 0
1577664000 0 0 0 0
1577577600 0 0 0 0
1577491200 0 0 0 0
1577404800 0 0 0 0
1577318400 0 0 0 0
1577232000 0 0 0 0
1577145600 0 0 0 0
1577059200 0 0 0 0
1576972800 0 0 0 0
1576886400 0 0 0 0
1576800000 0 0 0 0
1576713600 0 0 0 0
1576627200 0 0 0 0
1576540800 0 0 0 0
1576454400 0 0 0 0
1576368000 0 0 0 0
1576281600 0 0 0 0
1576195200 0 0 0 0
1576108800 0 0 0 0
1576022400 0 0 0 0
1575936000 0 0 0 0
1575849600 0 0 0 0
1575763200 0 0 0 0
1575676800 0 0 0 0
1575590400 0 0 0 0
1575504000 0 0 0 0
1575417600 0 0 0 0
1575331200 0 0 0 0
1575244800 0 0 0 0
1575158400 0 0 0 0
1575072000 0 0 0 0
1574985600 0 0 0 0
1574899200 0 0 0 0
1574812800 0 0 0 0
1574726400 0 0 0 0
1574640000 0 0 0 0
1574553600 0 0 0 0
1574467200 0 0 0 0
1574380800 0 0 0 0
1574294400 0 0 0 0
1574208000 0 0 0 0
1574121600 0 0 0 0
1574035200 0 0 0 0
1573948800 0 0 0 0
1573862400 0 0 0 0
1573776000 0 0 0 0
1573689600 0 0 0 0
1573603200 0 0 0 0
1573516800 0 0 0 0
1573430400 0 0 0 0
1573344000 0 0 0 0
1573257600 0 0 0 0
1573171200 0 0 0 0
1573084800 0 0 0 0
1572998400 0 0 0 0
1572912000 0 0 0 0
1572825600 0 0 0 0
1572739200 0 0 0 0
1572652800 0 0 0 0
1572566400 0 0 0 0
1572480000 0 0 0 0
1572393600 0 0 0 0
1572307200 0 0 0 0
1572220800 0 0 0 0
1572134400 0 0 0 0
1572048000 0 0 0 0
1571961600 0 0 0 0
1571875200 0 0 0 0
1571788800 0 0 0 0
1571702400 0 0 0 0
1571616000 0 0 0 0
1571529600 0 0 0 0
1571443200 0 0 0 0
1571356800 0 0 0 0
1571270400 0 0 0 0
1571184000 0 0 0 0
1571097600 0 0 0 0
1571011200 0 0 0 0
1570924800 0 0 0 0
1570838400 0 0 0 0
1570752000 0 0 0 0
1570665600 0 0 0 0
1570579200 0 0 0 0
1570492800 0 0 0 0
1570406400 0 0 0 0
1570320000 0 0 0 0
1570233600 0 0 0 0
1570147200 0 0 0 0
1570060800 0 0 0 0
1569974400 0 0 0 0
1569888000 0 0 0 0
1569801600 0 0 0 0
1569715200 0 0 0 0
1569628800 0 0 0 0
1569542400 0 0 0 0
1569456000 0 0 0 0
1569369600 0 0 0 0
1569283200 0 0 0 0
1569196800 0 0 0 0
1569110400 0 0 0 0
1569024000 0 0 0 0
1568937600 0 0 0 0
1568851200 0 0 0 0
1568764800 0 0 0 0
1568678400 0 0 0 0
1568592000 0 0 0 0
1568505600 0 0 0 0
1568419200 0 0 0 0
1568332800 0 0 0 0
1568246400 0 0 0 0
1568160000 0 0 0 0
1568073600 0 0 0 0
1567987200 0 0 0 0
1567900800 0 0 0 0
1567814400 0 0 0 0
1567728000 0 0 0 0
1567641600 0 0 0 0
1567555200 0 0 0 0
1567468800 0 0 0 0
1567382400 0 0 0 0
1567296000 0 0 0 0
1567209600 0 0 0 0
1567123200 0 0 0 0
1567036800 0 0 0 0
1566950400 0 0 0 0
1566864000 0 0 0 0
1566777600 0 0 0 0
1566691200 0 0 0 0
1566604800 0 0 0 0
1566518400 0 0 0 0
1566432000 0 0 0 0
1566345600 0 0 0 0
1566259200 0 0 0 0
1566172800 0 0 0 0
1566086400 0 0 0 0
1566000000 0 0 0 0
1565913600 0 0 0 0
1565827200 0 0 0 0
1565740800 0 0 0 0
1565654400 0 0 0 0
1565568000 0 0 0 0
1565481600 0 0 0 0
1565395200 0 0 0 0
1565308800 0 0 0 0
1565222400 0 0 0 0
1565136000 0 0 0 0
1565049600 0 0 0 0
1564963200 0 0 0 0
1564876800 0 0 0 0
1564790400 0 0 0 0
1564704000 0 0 0 0
1564617600 0 0 0 0
1564531200 0 0 0 0
1564444800 0 0 0 0
1564358400 0 0 0 0
1564272000 0 0 0 0
1564185600 0 0 0 0
1564099200 0 0 0 0
1564012800 0 0 0 0
1563926400 0 0 0 0
1563840000 0 0 0 0
1563753600 0 0 0 0
1563667200 0 0 0 0
1563580800 0 0 0 0
1563494400 0 0 0 0
1563408000 0 0 0 0
1563321600 0 0 0 0
1563235200 0 0 0 0
1563148800 0 0 0 0
1563062400 0 0 0 0
1562976000 0 0 0 0
1562889600 0 0 0 0
1562803200 0 0 0 0
1562716800 0 0 0 0
1562630400 0 0 0 0
1562544000 0 0 0 0
1562457600 0 0 0 0
1562371200 0 0 0 0
1562284800 0 0 0 0
1562198400 0 0 0 0
1562112000 0 0 0 0
1562025600 0 0 0 0
1561939200 0 0 0 0
1561852800 0 0 0 0
1561766400 0 0 0 0
1561680000 0 0 0 0
1561593600 0 0 0 0
1561507200 0 0 0 0
1561420800 0 0 0 0
1561334400 0 0 0 0
1561248000 0 0 0 0
1561161600 0 0 0 0
1561075200 0 0 0 0
1560988800 0 0 0 0
1560902400 0 0 0 0
1560816000 0 0 0 0
1560729600 0 0 0 0
1560643200 0 0 0 0
1560556800 0 0 0 0
1560470400 0 0 0 0
1560384000 0 0 0 0
1560297600 0 0 0 0
1560211200 0 0 0 0
1560124800 0 0 0 0
1560038400 0 0 0 0
1559952000 0 0 0 0
1559865600 0 0 0 0
1559779200 0 0 0 0
1559692800 0 0 0 0
1559606400 0 0 0 0
1559520000 0 0 0 0
1559433600 0 0 0 0
1559347200 0 0 0 0
1559260800 0 0 0 0
1559174400 0 0 0 0
1559088000 0 0 0 0
1559001600 0 0 0 0
1558915200 0 0 0 0
1558828800 0 0 0 0
1558742400 0 0 0 0
1558656000 0 0 0 0
1558569600 0 0 0 0
1558483200 0 0 0 0
1558396800 0 0 0 0
1558310400 0 0 0 0
1558224000 0 0 0 0
1558137600 0 0 0 0
1558051200 0 0 0 0
1557964800 0 0 0 0
1557878400 0 0 0 0
1557792000 0 0 0 0
1557705600 0 0 0 0
1557619200 0 0 0 0
1557532800 0 0 0 0
1557446400 0 0 0 0
1557360000 0 0 0 0
1557273600 0 0 0 0
1557187200 0 0 0 0
1557100800 0 0 0 0
1557014400 0 0 0 0
1556928000 0 0 0 0
1556841600 0 0 0 0
1556755200 0 0 0 0
1556668800 0 0 0 0
1556582400 0 0 0 0
1556496000 0 0 0 0
1556409600 0 0 0 0
1556323200 0 0 0 0
1556236800 0 0 0 0
1556150400 0 0 0 0
1556064000 0 0 0 0
1555977600 0 0 0 0
1555891200 0 0 0 0
1555804800 0 0 0 0
