1611188702 2648556051 786677388
1611188702 669968 153734 669968 153734
1611188401 0 0 0 0
1611188400 0 0 0 0
1611188100 0 0 0 0
1611187800 0 0 0 0
1611187500 0 0 0 0
1611187200 0 0 0 0
1611186900 0 0 0 0
1611186600 0 0 0 0
1611186300 0 0 0 0
1611186000 0 0 0 0
1611185700 0 0 0 0
1611185400 0 0 0 0
1611185100 0 0 0 0
1611184800 0 0 0 0
1611184500 0 0 0 0
1611184200 0 0 0 0
1611183900 0 0 0 0
1611183600 0 0 0 0
1611183300 0 0 0 0
1611183000 0 0 0 0
1611182700 0 0 0 0
1611182400 0 0 0 0
1611182100 0 0 0 0
1611181800 0 0 0 0
1611181500 0 0 0 0
1611181200 0 0 0 0
1611180900 0 0 0 0
1611180600 0 0 0 0
1611180300 0 0 0 0
1611180000 0 0 0 0
1611179700 0 0 0 0
1611179400 0 0 0 0
1611179100 0 0 0 0
1611178800 0 0 0 0
1611178500 0 0 0 0
1611178200 0 0 0 0
1611177900 0 0 0 0
1611177600 0 0 0 0
1611177300 0 0 0 0
1611177000 0 0 0 0
1611176700 0 0 0 0
1611176400 0 0 0 0
1611176100 0 0 0 0
1611175800 0 0 0 0
1611175500 0 0 0 0
1611175200 0 0 0 0
1611174900 0 0 0 0
1611174600 0 0 0 0
1611174300 0 0 0 0
1611174000 0 0 0 0
1611173700 0 0 0 0
1611173400 0 0 0 0
1611173100 0 0 0 0
1611172800 0 0 0 0
1611172500 0 0 0 0
1611172200 0 0 0 0
1611171900 0 0 0 0
1611171600 0 0 0 0
1611171300 0 0 0 0
1611171000 0 0 0 0
1611170700 0 0 0 0
1611170400 0 0 0 0
1611170100 0 0 0 0
1611169800 0 0 0 0
1611169500 0 0 0 0
1611169200 0 0 0 0
1611168900 0 0 0 0
1611168600 0 0 0 0
1611168300 0 0 0 0
1611168000 0 0 0 0
1611167700 0 0 0 0
1611167400 0 0 0 0
1611167100 0 0 0 0
1611166800 0 0 0 0
1611166500 0 0 0 0
1611166200 0 0 0 0
1611165900 0 0 0 0
1611165600 0 0 0 0
1611165300 0 0 0 0
1611165000 0 0 0 0
1611164700 0 0 0 0
1611164400 0 0 0 0
1611164100 0 0 0 0
1611163800 0 0 0 0
1611163500 0 0 0 0
1611163200 0 0 0 0
1611162900 0 0 0 0
1611162600 0 0 0 0
1611162300 0 0 0 0
1611162000 0 0 0 0
1611161700 0 0 0 0
1611161400 0 0 0 0
1611161100 0 0 0 0
1611160800 0 0 0 0
1611160500 0 0 0 0
1611160200 0 0 0 0
1611159900 0 0 0 0
1611159600 0 0 0 0
1611159300 0 0 0 0
1611159000 0 0 0 0
1611158700 0 0 0 0
1611158400 0 0 0 0
1611158100 0 0 0 0
1611157800 0 0 0 0
1611157500 0 0 0 0
1611157200 0 0 0 0
1611156900 0 0 0 0
1611156600 0 0 0 0
1611156300 0 0 0 0
1611156000 0 0 0 0
1611155700 0 0 0 0
1611155400 0 0 0 0
1611155100 0 0 0 0
1611154800 0 0 0 0
1611154500 0 0 0 0
1611154200 0 0 0 0
1611153900 0 0 0 0
1611153600 0 0 0 0
1611153300 0 0 0 0
1611153000 0 0 0 0
1611152700 0 0 0 0
1611152400 0 0 0 0
1611152100 0 0 0 0
1611151800 0 0 0 0
1611151500 0 0 0 0
1611151200 0 0 0 0
1611150900 0 0 0 0
1611150600 0 0 0 0
1611150300 0 0 0 0
1611150000 0 0 0 0
1611149700 0 0 0 0
1611149400 0 0 0 0
1611149100 0 0 0 0
1611148800 0 0 0 0
1611148500 0 0 0 0
1611148200 0 0 0 0
1611147900 0 0 0 0
1611147600 0 0 0 0
1611147300 0 0 0 0
1611147000 0 0 0 0
1611146700 0 0 0 0
1611146400 0 0 0 0
1611146100 0 0 0 0
1611145800 0 0 0 0
1611145500 0 0 0 0
1611145200 0 0 0 0
1611144900 0 0 0 0
1611144600 0 0 0 0
1611144300 0 0 0 0
1611144000 0 0 0 0
1611143700 0 0 0 0
1611143400 0 0 0 0
1611143100 0 0 0 0
1611142800 0 0 0 0
1611142500 0 0 0 0
1611142200 0 0 0 0
1611141900 0 0 0 0
1611141600 0 0 0 0
1611141300 0 0 0 0
1611141000 0 0 0 0
1611140700 0 0 0 0
1611140400 0 0 0 0
1611140100 0 0 0 0
1611139800 0 0 0 0
1611139500 0 0 0 0
1611139200 0 0 0 0
1611138900 0 0 0 0
1611138600 0 0 0 0
1611138300 0 0 0 0
1611138000 0 0 0 0
1611137700 0 0 0 0
1611137400 0 0 0 0
1611137100 0 0 0 0
1611136800 0 0 0 0
1611136500 0 0 0 0
1611136200 0 0 0 0
1611135900 0 0 0 0
1611135600 0 0 0 0
1611135300 0 0 0 0
1611135000 0 0 0 0
1611134700 0 0 0 0
1611134400 0 0 0 0
1611134100 0 0 0 0
1611133800 0 0 0 0
1611133500 0 0 0 0
1611133200 0 0 0 0
1611132900 0 0 0 0
1611132600 0 0 0 0
1611132300 0 0 0 0
1611132000 0 0 0 0
1611131700 0 0 0 0
1611131400 0 0 0 0
1611131100 0 0 0 0
1611130800 0 0 0 0
1611130500 0 0 0 0
1611130200 0 0 0 0
1611129900 0 0 0 0
1611129600 0 0 0 0
1611129300 0 0 0 0
1611129000 0 0 0 0
1611128700 0 0 0 0
1611128400 0 0 0 0
1611128100 0 0 0 0
1611127800 0 0 0 0
1611127500 0 0 0 0
1611127200 0 0 0 0
1611126900 0 0 0 0
1611126600 0 0 0 0
1611126300 0 0 0 0
1611126000 0 0 0 0
1611125700 0 0 0 0
1611125400 0 0 0 0
1611125100 0 0 0 0
1611124800 0 0 0 0
1611124500 0 0 0 0
1611124200 0 0 0 0
1611123900 0 0 0 0
1611123600 0 0 0 0
1611123300 0 0 0 0
1611123000 0 0 0 0
1611122700 0 0 0 0
1611122400 0 0 0 0
1611122100 0 0 0 0
1611121800 0 0 0 0
1611121500 0 0 0 0
1611121200 0 0 0 0
1611120900 0 0 0 0
1611120600 0 0 0 0
1611120300 0 0 0 0
1611120000 0 0 0 0
1611119700 0 0 0 0
1611119400 0 0 0 0
1611119100 0 0 0 0
1611118800 0 0 0 0
1611118500 0 0 0 0
1611118200 0 0 0 0
1611117900 0 0 0 0
1611117600 0 0 0 0
1611117300 0 0 0 0
1611117000 0 0 0 0
1611116700 0 0 0 0
1611116400 0 0 0 0
1611116100 0 0 0 0
1611115800 0 0 0 0
1611115500 0 0 0 0
1611115200 0 0 0 0
1611114900 0 0 0 0
1611114600 0 0 0 0
1611114300 0 0 0 0
1611114000 0 0 0 0
1611113700 0 0 0 0
1611113400 0 0 0 0
1611113100 0 0 0 0
1611112800 0 0 0 0
1611112500 0 0 0 0
1611112200 0 0 0 0
1611111900 0 0 0 0
1611111600 0 0 0 0
1611111300 0 0 0 0
1611111000 0 0 0 0
1611110700 0 0 0 0
1611110400 0 0 0 0
1611110100 0 0 0 0
1611109800 0 0 0 0
1611109500 0 0 0 0
1611109200 0 0 0 0
1611108900 0 0 0 0
1611108600 0 0 0 0
1611108300 0 0 0 0
1611108000 0 0 0 0
1611107700 0 0 0 0
1611107400 0 0 0 0
1611107100 0 0 0 0
1611106800 0 0 0 0
1611106500 0 0 0 0
1611106200 0 0 0 0
1611105900 0 0 0 0
1611105600 0 0 0 0
1611105300 0 0 0 0
1611105000 0 0 0 0
1611104700 0 0 0 0
1611104400 0 0 0 0
1611104100 0 0 0 0
1611103800 0 0 0 0
1611103500 0 0 0 0
1611103200 0 0 0 0
1611102900 0 0 0 0
1611102600 0 0 0 0
1611102300 0 0 0 0
1611102000 0 0 0 0
1611101700 0 0 0 0
1611101400 0 0 0 0
1611101100 0 0 0 0
1611100800 0 0 0 0
1611100500 0 0 0 0
1611100200 0 0 0 0
1611099900 0 0 0 0
1611099600 0 0 0 0
1611099300 0 0 0 0
1611099000 0 0 0 0
1611098700 0 0 0 0
1611098400 0 0 0 0
1611098100 0 0 0 0
1611097800 0 0 0 0
1611097500 0 0 0 0
1611097200 0 0 0 0
1611096900 0 0 0 0
1611096600 0 0 0 0
1611096300 0 0 0 0
1611096000 0 0 0 0
1611095700 0 0 0 0
1611095400 0 0 0 0
1611095100 0 0 0 0
1611094800 0 0 0 0
1611094500 0 0 0 0
1611094200 0 0 0 0
1611093900 0 0 0 0
1611093600 0 0 0 0
1611093300 0 0 0 0
1611093000 0 0 0 0
1611092700 0 0 0 0
1611092400 0 0 0 0
1611092100 0 0 0 0
1611091800 0 0 0 0
1611091500 0 0 0 0
1611091200 0 0 0 0
1611090900 0 0 0 0
1611090600 0 0 0 0
1611090300 0 0 0 0
1611090000 0 0 0 0
1611089700 0 0 0 0
1611089400 0 0 0 0
1611089100 0 0 0 0
1611088800 0 0 0 0
1611088500 0 0 0 0
1611088200 0 0 0 0
1611087900 0 0 0 0
1611087600 0 0 0 0
1611087300 0 0 0 0
1611087000 0 0 0 0
1611086700 0 0 0 0
1611086400 0 0 0 0
1611086100 0 0 0 0
1611085800 0 0 0 0
1611085500 0 0 0 0
1611085200 0 0 0 0
1611084900 0 0 0 0
1611084600 0 0 0 0
1611084300 0 0 0 0
1611084000 0 0 0 0
1611083700 0 0 0 0
1611083400 0 0 0 0
1611083100 0 0 0 0
1611082800 0 0 0 0
1611082500 0 0 0 0
1611082200 0 0 0 0
1611081900 0 0 0 0
1611081600 0 0 0 0
1611081300 0 0 0 0
1611081000 0 0 0 0
1611080700 0 0 0 0
1611080400 0 0 0 0
1611080100 0 0 0 0
1611079800 0 0 0 0
1611079500 0 0 0 0
1611079200 0 0 0 0
1611078900 0 0 0 0
1611078600 0 0 0 0
1611078300 0 0 0 0
1611078000 0 0 0 0
1611077700 0 0 0 0
1611077400 0 0 0 0
1611077100 0 0 0 0
1611076800 0 0 0 0
1611076500 0 0 0 0
1611076200 0 0 0 0
1611075900 0 0 0 0
1611075600 0 0 0 0
1611075300 0 0 0 0
1611075000 0 0 0 0
1611074700 0 0 0 0
1611074400 0 0 0 0
1611074100 0 0 0 0
1611073800 0 0 0 0
1611073500 0 0 0 0
1611073200 0 0 0 0
1611072900 0 0 0 0
1611072600 0 0 0 0
1611072300 0 0 0 0
1611072000 0 0 0 0
1611071700 0 0 0 0
1611071400 0 0 0 0
1611071100 0 0 0 0
1611070800 0 0 0 0
1611070500 0 0 0 0
1611070200 0 0 0 0
1611069900 0 0 0 0
1611069600 0 0 0 0
1611069300 0 0 0 0
1611069000 0 0 0 0
1611068700 0 0 0 0
1611068400 0 0 0 0
1611068100 0 0 0 0
1611067800 0 0 0 0
1611067500 0 0 0 0
1611067200 0 0 0 0
1611066900 0 0 0 0
1611066600 0 0 0 0
1611066300 0 0 0 0
1611066000 0 0 0 0
1611065700 0 0 0 0
1611065400 0 0 0 0
1611065100 0 0 0 0
1611064800 0 0 0 0
1611064500 0 0 0 0
1611064200 0 0 0 0
1611063900 0 0 0 0
1611063600 0 0 0 0
1611063300 0 0 0 0
1611063000 0 0 0 0
1611062700 0 0 0 0
1611062400 0 0 0 0
1611062100 0 0 0 0
1611061800 0 0 0 0
1611061500 0 0 0 0
1611061200 0 0 0 0
1611060900 0 0 0 0
1611060600 0 0 0 0
1611060300 0 0 0 0
1611060000 0 0 0 0
1611059700 0 0 0 0
1611059400 0 0 0 0
1611059100 0 0 0 0
1611058800 0 0 0 0
1611058500 0 0 0 0
1611058200 0 0 0 0
1611057900 0 0 0 0
1611057600 0 0 0 0
1611057300 0 0 0 0
1611057000 0 0 0 0
1611056700 0 0 0 0
1611056400 0 0 0 0
1611056100 0 0 0 0
1611055800 0 0 0 0
1611055500 0 0 0 0
1611055200 0 0 0 0
1611054900 0 0 0 0
1611054600 0 0 0 0
1611054300 0 0 0 0
1611054000 0 0 0 0
1611053700 0 0 0 0
1611053400 0 0 0 0
1611053100 0 0 0 0
1611052800 0 0 0 0
1611052500 0 0 0 0
1611052200 0 0 0 0
1611051900 0 0 0 0
1611051600 0 0 0 0
1611051300 0 0 0 0
1611051000 0 0 0 0
1611050700 0 0 0 0
1611050400 0 0 0 0
1611050100 0 0 0 0
1611049800 0 0 0 0
1611049500 0 0 0 0
1611049200 0 0 0 0
1611048900 0 0 0 0
1611048600 0 0 0 0
1611048300 0 0 0 0
1611048000 0 0 0 0
1611047700 0 0 0 0
1611047400 0 0 0 0
1611047100 0 0 0 0
1611046800 0 0 0 0
1611046500 0 0 0 0
1611046200 0 0 0 0
1611045900 0 0 0 0
1611045600 0 0 0 0
1611045300 0 0 0 0
1611045000 0 0 0 0
1611044700 0 0 0 0
1611044400 0 0 0 0
1611044100 0 0 0 0
1611043800 0 0 0 0
1611043500 0 0 0 0
1611043200 0 0 0 0
1611042900 0 0 0 0
1611042600 0 0 0 0
1611042300 0 0 0 0
1611042000 0 0 0 0
1611041700 0 0 0 0
1611041400 0 0 0 0
1611041100 0 0 0 0
1611040800 0 0 0 0
1611040500 0 0 0 0
1611040200 0 0 0 0
1611039900 0 0 0 0
1611039600 0 0 0 0
1611039300 0 0 0 0
1611039000 0 0 0 0
1611038700 0 0 0 0
1611038400 0 0 0 0
1611038100 0 0 0 0
1611037800 0 0 0 0
1611037500 0 0 0 0
1611037200 0 0 0 0
1611036900 0 0 0 0
1611036600 0 0 0 0
1611036300 0 0 0 0
1611036000 0 0 0 0
1611035700 0 0 0 0
1611035400 0 0 0 0
1611035100 0 0 0 0
1611034800 0 0 0 0
1611034500 0 0 0 0
1611034200 0 0 0 0
1611033900 0 0 0 0
1611033600 0 0 0 0
1611033300 0 0 0 0
1611033000 0 0 0 0
1611032700 0 0 0 0
1611032400 0 0 0 0
1611032100 0 0 0 0
1611031800 0 0 0 0
1611031500 0 0 0 0
1611031200 0 0 0 0
1611030900 0 0 0 0
1611030600 0 0 0 0
1611030300 0 0 0 0
1611030000 0 0 0 0
1611029700 0 0 0 0
1611029400 0 0 0 0
1611029100 0 0 0 0
1611028800 0 0 0 0
1611028500 0 0 0 0
1611028200 0 0 0 0
1611027900 0 0 0 0
1611027600 0 0 0 0
1611027300 0 0 0 0
1611027000 0 0 0 0
1611026700 0 0 0 0
1611026400 0 0 0 0
1611026100 0 0 0 0
1611025800 0 0 0 0
1611025500 0 0 0 0
1611025200 0 0 0 0
1611024900 0 0 0 0
1611024600 0 0 0 0
1611024300 0 0 0 0
1611024000 0 0 0 0
1611023700 0 0 0 0
1611023400 0 0 0 0
1611023100 0 0 0 0
1611022800 0 0 0 0
1611022500 0 0 0 0
1611022200 0 0 0 0
1611021900 0 0 0 0
1611021600 0 0 0 0
1611021300 0 0 0 0
1611021000 0 0 0 0
1611020700 0 0 0 0
1611020400 0 0 0 0
1611020100 0 0 0 0
1611019800 0 0 0 0
1611019500 0 0 0 0
1611019200 0 0 0 0
1611018900 0 0 0 0
1611018600 0 0 0 0
1611018300 0 0 0 0
1611018000 0 0 0 0
1611017700 0 0 0 0
1611017400 0 0 0 0
1611017100 0 0 0 0
1611016800 0 0 0 0
1611016500 0 0 0 0
1611016200 0 0 0 0
1611015900 0 0 0 0
1611015600 0 0 0 0
1611015300 0 0 0 0
1611015000 0 0 0 0
1611014700 0 0 0 0
1611014400 0 0 0 0
1611014100 0 0 0 0
1611013800 0 0 0 0
1611013500 0 0 0 0
1611013200 0 0 0 0
1611012900 0 0 0 0
1611012600 0 0 0 0
1611012300 0 0 0 0
1611012000 0 0 0 0
1611011700 0 0 0 0
1611011400 0 0 0 0
1611011100 0 0 0 0
1611010800 0 0 0 0
1611010500 0 0 0 0
1611010200 0 0 0 0
1611009900 0 0 0 0
1611009600 0 0 0 0
1611009300 0 0 0 0
1611009000 0 0 0 0
1611008700 0 0 0 0
1611007200 0 0 0 0
1611005400 0 0 0 0
1611003600 0 0 0 0
1611001800 0 0 0 0
1611000000 0 0 0 0
1610998200 0 0 0 0
1610996400 0 0 0 0
1610994600 0 0 0 0
1610992800 0 0 0 0
1610991000 0 0 0 0
1610989200 0 0 0 0
1610987400 0 0 0 0
1610985600 0 0 0 0
1610983800 0 0 0 0
1610982000 0 0 0 0
1610980200 0 0 0 0
1610978400 0 0 0 0
1610976600 0 0 0 0
1610974800 0 0 0 0
1610973000 0 0 0 0
1610971200 0 0 0 0
1610969400 0 0 0 0
1610967600 0 0 0 0
1610965800 0 0 0 0
1610964000 0 0 0 0
1610962200 0 0 0 0
1610960400 0 0 0 0
1610958600 0 0 0 0
1610956800 0 0 0 0
1610955000 0 0 0 0
1610953200 0 0 0 0
1610951400 0 0 0 0
1610949600 0 0 0 0
1610947800 0 0 0 0
1610946000 0 0 0 0
1610944200 0 0 0 0
1610942400 0 0 0 0
1610940600 0 0 0 0
1610938800 0 0 0 0
1610937000 0 0 0 0
1610935200 0 0 0 0
1610933400 0 0 0 0
1610931600 0 0 0 0
1610929800 0 0 0 0
1610928000 0 0 0 0
1610926200 0 0 0 0
1610924400 0 0 0 0
1610922600 0 0 0 0
1610920800 0 0 0 0
1610919000 0 0 0 0
1610917200 0 0 0 0
1610915400 0 0 0 0
1610913600 0 0 0 0
1610911800 0 0 0 0
1610910000 0 0 0 0
1610908200 0 0 0 0
1610906400 0 0 0 0
1610904600 0 0 0 0
1610902800 0 0 0 0
1610901000 0 0 0 0
1610899200 0 0 0 0
1610897400 0 0 0 0
1610895600 0 0 0 0
1610893800 0 0 0 0
1610892000 0 0 0 0
1610890200 0 0 0 0
1610888400 0 0 0 0
1610886600 0 0 0 0
1610884800 0 0 0 0
1610883000 0 0 0 0
1610881200 0 0 0 0
1610879400 0 0 0 0
1610877600 0 0 0 0
1610875800 0 0 0 0
1610874000 0 0 0 0
1610872200 0 0 0 0
1610870400 0 0 0 0
1610868600 0 0 0 0
1610866800 0 0 0 0
1610865000 0 0 0 0
1610863200 0 0 0 0
1610861400 0 0 0 0
1610859600 0 0 0 0
1610857800 0 0 0 0
1610856000 0 0 0 0
1610854200 0 0 0 0
1610852400 0 0 0 0
1610850600 0 0 0 0
1610848800 0 0 0 0
1610847000 0 0 0 0
1610845200 0 0 0 0
1610843400 0 0 0 0
1610841600 0 0 0 0
1610839800 0 0 0 0
1610838000 0 0 0 0
1610836200 0 0 0 0
1610834400 0 0 0 0
1610832600 0 0 0 0
1610830800 0 0 0 0
1610829000 0 0 0 0
1610827200 0 0 0 0
1610825400 0 0 0 0
1610823600 0 0 0 0
1610821800 0 0 0 0
1610820000 0 0 0 0
1610818200 0 0 0 0
1610816400 0 0 0 0
1610814600 0 0 0 0
1610812800 0 0 0 0
1610811000 0 0 0 0
1610809200 0 0 0 0
1610807400 0 0 0 0
1610805600 0 0 0 0
1610803800 0 0 0 0
1610802000 0 0 0 0
1610800200 0 0 0 0
1610798400 0 0 0 0
1610796600 0 0 0 0
1610794800 0 0 0 0
1610793000 0 0 0 0
1610791200 0 0 0 0
1610789400 0 0 0 0
1610787600 0 0 0 0
1610785800 0 0 0 0
1610784000 0 0 0 0
1610782200 0 0 0 0
1610780400 0 0 0 0
1610778600 0 0 0 0
1610776800 0 0 0 0
1610775000 0 0 0 0
1610773200 0 0 0 0
1610771400 0 0 0 0
1610769600 0 0 0 0
1610767800 0 0 0 0
1610766000 0 0 0 0
1610764200 0 0 0 0
1610762400 0 0 0 0
1610760600 0 0 0 0
1610758800 0 0 0 0
1610757000 0 0 0 0
1610755200 0 0 0 0
1610753400 0 0 0 0
1610751600 0 0 0 0
1610749800 0 0 0 0
1610748000 0 0 0 0
1610746200 0 0 0 0
1610744400 0 0 0 0
1610742600 0 0 0 0
1610740800 0 0 0 0
1610739000 0 0 0 0
1610737200 0 0 0 0
1610735400 0 0 0 0
1610733600 0 0 0 0
1610731800 0 0 0 0
1610730000 0 0 0 0
1610728200 0 0 0 0
1610726400 0 0 0 0
1610724600 0 0 0 0
1610722800 0 0 0 0
1610721000 0 0 0 0
1610719200 0 0 0 0
1610717400 0 0 0 0
1610715600 0 0 0 0
1610713800 0 0 0 0
1610712000 0 0 0 0
1610710200 0 0 0 0
1610708400 0 0 0 0
1610706600 0 0 0 0
1610704800 0 0 0 0
1610703000 0 0 0 0
1610701200 0 0 0 0
1610699400 0 0 0 0
1610697600 0 0 0 0
1610695800 0 0 0 0
1610694000 0 0 0 0
1610692200 0 0 0 0
1610690400 0 0 0 0
1610688600 0 0 0 0
1610686800 0 0 0 0
1610685000 0 0 0 0
1610683200 0 0 0 0
1610681400 0 0 0 0
1610679600 0 0 0 0
1610677800 0 0 0 0
1610676000 0 0 0 0
1610674200 0 0 0 0
1610672400 0 0 0 0
1610670600 0 0 0 0
1610668800 0 0 0 0
1610667000 0 0 0 0
1610665200 0 0 0 0
1610663400 0 0 0 0
1610661600 0 0 0 0
1610659800 0 0 0 0
1610658000 0 0 0 0
1610656200 0 0 0 0
1610654400 0 0 0 0
1610652600 0 0 0 0
1610650800 0 0 0 0
1610649000 0 0 0 0
1610647200 0 0 0 0
1610645400 0 0 0 0
1610643600 0 0 0 0
1610641800 0 0 0 0
1610640000 0 0 0 0
1610638200 0 0 0 0
1610636400 0 0 0 0
1610634600 0 0 0 0
1610632800 0 0 0 0
1610631000 0 0 0 0
1610629200 0 0 0 0
1610627400 0 0 0 0
1610625600 0 0 0 0
1610623800 0 0 0 0
1610622000 0 0 0 0
1610620200 0 0 0 0
1610618400 0 0 0 0
1610616600 0 0 0 0
1610614800 0 0 0 0
1610613000 0 0 0 0
1610611200 0 0 0 0
1610609400 0 0 0 0
1610607600 0 0 0 0
1610605800 0 0 0 0
1610604000 0 0 0 0
1610602200 0 0 0 0
1610600400 0 0 0 0
1610598600 0 0 0 0
1610596800 0 0 0 0
1610595000 0 0 0 0
1610593200 0 0 0 0
1610591400 0 0 0 0
1610589600 0 0 0 0
1610587800 0 0 0 0
1610586000 0 0 0 0
1610584200 0 0 0 0
1610582400 0 0 0 0
1610580600 0 0 0 0
1610578800 0 0 0 0
1610577000 0 0 0 0
1610575200 0 0 0 0
1610573400 0 0 0 0
1610571600 0 0 0 0
1610569800 0 0 0 0
1610568000 0 0 0 0
1610566200 0 0 0 0
1610564400 0 0 0 0
1610562600 0 0 0 0
1610560800 0 0 0 0
1610559000 0 0 0 0
1610557200 0 0 0 0
1610555400 0 0 0 0
1610553600 0 0 0 0
1610551800 0 0 0 0
1610550000 0 0 0 0
1610548200 0 0 0 0
1610546400 0 0 0 0
1610544600 0 0 0 0
1610542800 0 0 0 0
1610541000 0 0 0 0
1610539200 0 0 0 0
1610537400 0 0 0 0
1610535600 0 0 0 0
1610533800 0 0 0 0
1610532000 0 0 0 0
1610530200 0 0 0 0
1610528400 0 0 0 0
1610526600 0 0 0 0
1610524800 0 0 0 0
1610523000 0 0 0 0
1610521200 0 0 0 0
1610519400 0 0 0 0
1610517600 0 0 0 0
1610515800 0 0 0 0
1610514000 0 0 0 0
1610512200 0 0 0 0
1610510400 0 0 0 0
1610508600 0 0 0 0
1610506800 0 0 0 0
1610505000 0 0 0 0
1610503200 0 0 0 0
1610501400 0 0 0 0
1610499600 0 0 0 0
1610497800 0 0 0 0
1610496000 0 0 0 0
1610494200 0 0 0 0
1610492400 0 0 0 0
1610490600 0 0 0 0
1610488800 0 0 0 0
1610487000 0 0 0 0
1610485200 0 0 0 0
1610483400 0 0 0 0
1610481600 0 0 0 0
1610479800 0 0 0 0
1610478000 0 0 0 0
1610476200 0 0 0 0
1610474400 0 0 0 0
1610472600 0 0 0 0
1610470800 0 0 0 0
1610469000 0 0 0 0
1610467200 0 0 0 0
1610465400 0 0 0 0
1610463600 0 0 0 0
1610461800 0 0 0 0
1610460000 0 0 0 0
1610458200 0 0 0 0
1610456400 0 0 0 0
1610454600 0 0 0 0
1610452800 0 0 0 0
1610451000 0 0 0 0
1610449200 0 0 0 0
1610447400 0 0 0 0
1610445600 0 0 0 0
1610443800 0 0 0 0
1610442000 0 0 0 0
1610440200 0 0 0 0
1610438400 0 0 0 0
1610436600 0 0 0 0
1610434800 0 0 0 0
1610433000 0 0 0 0
1610431200 0 0 0 0
1610429400 0 0 0 0
1610427600 0 0 0 0
1610425800 0 0 0 0
1610424000 0 0 0 0
1610422200 0 0 0 0
1610420400 0 0 0 0
1610418600 0 0 0 0
1610416800 0 0 0 0
1610415000 0 0 0 0
1610413200 0 0 0 0
1610411400 0 0 0 0
1610409600 0 0 0 0
1610407800 0 0 0 0
1610406000 0 0 0 0
1610404200 0 0 0 0
1610402400 0 0 0 0
1610400600 0 0 0 0
1610398800 0 0 0 0
1610397000 0 0 0 0
1610395200 0 0 0 0
1610393400 0 0 0 0
1610391600 0 0 0 0
1610389800 0 0 0 0
1610388000 0 0 0 0
1610386200 0 0 0 0
1610384400 0 0 0 0
1610382600 0 0 0 0
1610380800 0 0 0 0
1610379000 0 0 0 0
1610377200 0 0 0 0
1610375400 0 0 0 0
1610373600 0 0 0 0
1610371800 0 0 0 0
1610370000 0 0 0 0
1610368200 0 0 0 0
1610366400 0 0 0 0
1610364600 0 0 0 0
1610362800 0 0 0 0
1610361000 0 0 0 0
1610359200 0 0 0 0
1610357400 0 0 0 0
1610355600 0 0 0 0
1610353800 0 0 0 0
1610352000 0 0 0 0
1610350200 0 0 0 0
1610348400 0 0 0 0
1610346600 0 0 0 0
1610344800 0 0 0 0
1610343000 0 0 0 0
1610341200 0 0 0 0
1610339400 0 0 0 0
1610337600 0 0 0 0
1610335800 0 0 0 0
1610334000 0 0 0 0
1610332200 0 0 0 0
1610330400 0 0 0 0
1610328600 0 0 0 0
1610326800 0 0 0 0
1610325000 0 0 0 0
1610323200 0 0 0 0
1610321400 0 0 0 0
1610319600 0 0 0 0
1610317800 0 0 0 0
1610316000 0 0 0 0
1610314200 0 0 0 0
1610312400 0 0 0 0
1610310600 0 0 0 0
1610308800 0 0 0 0
1610307000 0 0 0 0
1610305200 0 0 0 0
1610303400 0 0 0 0
1610301600 0 0 0 0
1610299800 0 0 0 0
1610298000 0 0 0 0
1610296200 0 0 0 0
1610294400 0 0 0 0
1610292600 0 0 0 0
1610290800 0 0 0 0
1610289000 0 0 0 0
1610287200 0 0 0 0
1610285400 0 0 0 0
1610283600 0 0 0 0
1610281800 0 0 0 0
1610280000 0 0 0 0
1610278200 0 0 0 0
1610276400 0 0 0 0
1610274600 0 0 0 0
1610272800 0 0 0 0
1610271000 0 0 0 0
1610269200 0 0 0 0
1610267400 0 0 0 0
1610265600 0 0 0 0
1610263800 0 0 0 0
1610262000 0 0 0 0
1610260200 0 0 0 0
1610258400 0 0 0 0
1610256600 0 0 0 0
1610254800 0 0 0 0
1610253000 0 0 0 0
1610251200 0 0 0 0
1610249400 0 0 0 0
1610247600 0 0 0 0
1610245800 0 0 0 0
1610244000 0 0 0 0
1610242200 0 0 0 0
1610240400 0 0 0 0
1610238600 0 0 0 0
1610236800 0 0 0 0
1610235000 0 0 0 0
1610233200 0 0 0 0
1610231400 0 0 0 0
1610229600 0 0 0 0
1610227800 0 0 0 0
1610226000 0 0 0 0
1610224200 0 0 0 0
1610222400 0 0 0 0
1610220600 0 0 0 0
1610218800 0 0 0 0
1610217000 0 0 0 0
1610215200 0 0 0 0
1610213400 0 0 0 0
1610211600 0 0 0 0
1610209800 0 0 0 0
1610208000 0 0 0 0
1610206200 0 0 0 0
1610204400 0 0 0 0
1610202600 0 0 0 0
1610200800 0 0 0 0
1610199000 0 0 0 0
1610197200 0 0 0 0
1610195400 0 0 0 0
1610193600 0 0 0 0
1610191800 0 0 0 0
1610190000 0 0 0 0
1610188200 0 0 0 0
1610186400 0 0 0 0
1610184600 0 0 0 0
1610182800 0 0 0 0
1610181000 0 0 0 0
1610179200 0 0 0 0
1610177400 0 0 0 0
1610175600 0 0 0 0
1610173800 0 0 0 0
1610172000 0 0 0 0
1610170200 0 0 0 0
1610168400 0 0 0 0
1610166600 0 0 0 0
1610164800 0 0 0 0
1610163000 0 0 0 0
1610161200 0 0 0 0
1610159400 0 0 0 0
1610157600 0 0 0 0
1610155800 0 0 0 0
1610154000 0 0 0 0
1610152200 0 0 0 0
1610150400 0 0 0 0
1610148600 0 0 0 0
1610146800 0 0 0 0
1610145000 0 0 0 0
1610143200 0 0 0 0
1610141400 0 0 0 0
1610139600 0 0 0 0
1610137800 0 0 0 0
1610136000 0 0 0 0
1610134200 0 0 0 0
1610132400 0 0 0 0
1610130600 0 0 0 0
1610128800 0 0 0 0
1610127000 0 0 0 0
1610125200 0 0 0 0
1610123400 0 0 0 0
1610121600 0 0 0 0
1610119800 0 0 0 0
1610118000 0 0 0 0
1610116200 0 0 0 0
1610114400 0 0 0 0
1610112600 0 0 0 0
1610110800 0 0 0 0
1610109000 0 0 0 0
1610107200 0 0 0 0
1610105400 0 0 0 0
1610103600 0 0 0 0
1610101800 0 0 0 0
1610100000 0 0 0 0
1610098200 0 0 0 0
1610096400 0 0 0 0
1610094600 0 0 0 0
1610092800 0 0 0 0
1610091000 0 0 0 0
1610089200 0 0 0 0
1610087400 0 0 0 0
1610085600 0 0 0 0
1610083800 0 0 0 0
1610082000 0 0 0 0
1610080200 0 0 0 0
1610078400 0 0 0 0
1610076600 0 0 0 0
1610074800 0 0 0 0
1610073000 0 0 0 0
1610071200 0 0 0 0
1610069400 0 0 0 0
1610067600 0 0 0 0
1610065800 0 0 0 0
1610064000 0 0 0 0
1610062200 0 0 0 0
1610060400 0 0 0 0
1610058600 0 0 0 0
1610056800 0 0 0 0
1610055000 0 0 0 0
1610053200 0 0 0 0
1610051400 0 0 0 0
1610049600 0 0 0 0
1610047800 0 0 0 0
1610046000 0 0 0 0
1610044200 0 0 0 0
1610042400 0 0 0 0
1610040600 0 0 0 0
1610038800 0 0 0 0
1610037000 0 0 0 0
1610035200 0 0 0 0
1610033400 0 0 0 0
1610031600 0 0 0 0
1610029800 0 0 0 0
1610028000 0 0 0 0
1610026200 0 0 0 0
1610024400 0 0 0 0
1610022600 0 0 0 0
1610020800 0 0 0 0
1610019000 0 0 0 0
1610017200 0 0 0 0
1610015400 0 0 0 0
1610013600 0 0 0 0
1610011800 0 0 0 0
1610010000 0 0 0 0
1610008200 0 0 0 0
1610006400 0 0 0 0
1610004600 0 0 0 0
1610002800 0 0 0 0
1610001000 0 0 0 0
1609999200 0 0 0 0
1609997400 0 0 0 0
1609995600 0 0 0 0
1609993800 0 0 0 0
1609992000 0 0 0 0
1609990200 0 0 0 0
1609988400 0 0 0 0
1609986600 0 0 0 0
1609984800 0 0 0 0
1609983000 0 0 0 0
1609981200 0 0 0 0
1609979400 0 0 0 0
1609977600 0 0 0 0
1609975800 0 0 0 0
1609974000 0 0 0 0
1609972200 0 0 0 0
1609970400 0 0 0 0
1609968600 0 0 0 0
1609966800 0 0 0 0
1609965000 0 0 0 0
1609963200 0 0 0 0
1609961400 0 0 0 0
1609959600 0 0 0 0
1609957800 0 0 0 0
1609956000 0 0 0 0
1609954200 0 0 0 0
1609952400 0 0 0 0
1609950600 0 0 0 0
1609948800 0 0 0 0
1609947000 0 0 0 0
1609945200 0 0 0 0
1609943400 0 0 0 0
1609941600 0 0 0 0
1609939800 0 0 0 0
1609938000 0 0 0 0
1609936200 0 0 0 0
1609934400 0 0 0 0
1609932600 0 0 0 0
1609930800 0 0 0 0
1609929000 0 0 0 0
1609927200 0 0 0 0
1609920000 0 0 0 0
1609912800 0 0 0 0
1609905600 0 0 0 0
1609898400 0 0 0 0
1609891200 0 0 0 0
1609884000 0 0 0 0
1609876800 0 0 0 0
1609869600 0 0 0 0
1609862400 0 0 0 0
1609855200 0 0 0 0
1609848000 0 0 0 0
1609840800 0 0 0 0
1609833600 0 0 0 0
1609826400 0 0 0 0
1609819200 0 0 0 0
1609812000 0 0 0 0
1609804800 0 0 0 0
1609797600 0 0 0 0
1609790400 0 0 0 0
1609783200 0 0 0 0
1609776000 0 0 0 0
1609768800 0 0 0 0
1609761600 0 0 0 0
1609754400 0 0 0 0
1609747200 0 0 0 0
1609740000 0 0 0 0
1609732800 0 0 0 0
1609725600 0 0 0 0
1609718400 0 0 0 0
1609711200 0 0 0 0
1609704000 0 0 0 0
1609696800 0 0 0 0
1609689600 0 0 0 0
1609682400 0 0 0 0
1609675200 0 0 0 0
1609668000 0 0 0 0
1609660800 0 0 0 0
1609653600 0 0 0 0
1609646400 0 0 0 0
1609639200 0 0 0 0
1609632000 0 0 0 0
1609624800 0 0 0 0
1609617600 0 0 0 0
1609610400 0 0 0 0
1609603200 0 0 0 0
1609596000 0 0 0 0
1609588800 0 0 0 0
1609581600 0 0 0 0
1609574400 0 0 0 0
1609567200 0 0 0 0
1609560000 0 0 0 0
1609552800 0 0 0 0
1609545600 0 0 0 0
1609538400 0 0 0 0
1609531200 0 0 0 0
1609524000 0 0 0 0
1609516800 0 0 0 0
1609509600 0 0 0 0
1609502400 0 0 0 0
1609495200 0 0 0 0
1609488000 0 0 0 0
1609480800 0 0 0 0
1609473600 0 0 0 0
1609466400 0 0 0 0
1609459200 0 0 0 0
1609452000 0 0 0 0
1609444800 0 0 0 0
1609437600 0 0 0 0
1609430400 0 0 0 0
1609423200 0 0 0 0
1609416000 0 0 0 0
1609408800 0 0 0 0
1609401600 0 0 0 0
1609394400 0 0 0 0
1609387200 0 0 0 0
1609380000 0 0 0 0
1609372800 0 0 0 0
1609365600 0 0 0 0
1609358400 0 0 0 0
1609351200 0 0 0 0
1609344000 0 0 0 0
1609336800 0 0 0 0
1609329600 0 0 0 0
1609322400 0 0 0 0
1609315200 0 0 0 0
1609308000 0 0 0 0
1609300800 0 0 0 0
1609293600 0 0 0 0
1609286400 0 0 0 0
1609279200 0 0 0 0
1609272000 0 0 0 0
1609264800 0 0 0 0
1609257600 0 0 0 0
1609250400 0 0 0 0
1609243200 0 0 0 0
1609236000 0 0 0 0
1609228800 0 0 0 0
1609221600 0 0 0 0
1609214400 0 0 0 0
1609207200 0 0 0 0
1609200000 0 0 0 0
1609192800 0 0 0 0
1609185600 0 0 0 0
1609178400 0 0 0 0
1609171200 0 0 0 0
1609164000 0 0 0 0
1609156800 0 0 0 0
1609149600 0 0 0 0
1609142400 0 0 0 0
1609135200 0 0 0 0
1609128000 0 0 0 0
1609120800 0 0 0 0
1609113600 0 0 0 0
1609106400 0 0 0 0
1609099200 0 0 0 0
1609092000 0 0 0 0
1609084800 0 0 0 0
1609077600 0 0 0 0
1609070400 0 0 0 0
1609063200 0 0 0 0
1609056000 0 0 0 0
1609048800 0 0 0 0
1609041600 0 0 0 0
1609034400 0 0 0 0
1609027200 0 0 0 0
1609020000 0 0 0 0
1609012800 0 0 0 0
1609005600 0 0 0 0
1608998400 0 0 0 0
1608991200 0 0 0 0
1608984000 0 0 0 0
1608976800 0 0 0 0
1608969600 0 0 0 0
1608962400 0 0 0 0
1608955200 0 0 0 0
1608948000 0 0 0 0
1608940800 0 0 0 0
1608933600 0 0 0 0
1608926400 0 0 0 0
1608919200 0 0 0 0
1608912000 0 0 0 0
1608904800 0 0 0 0
1608897600 0 0 0 0
1608890400 0 0 0 0
1608883200 0 0 0 0
1608876000 0 0 0 0
1608868800 0 0 0 0
1608861600 0 0 0 0
1608854400 0 0 0 0
1608847200 0 0 0 0
1608840000 0 0 0 0
1608832800 0 0 0 0
1608825600 0 0 0 0
1608818400 0 0 0 0
1608811200 0 0 0 0
1608804000 0 0 0 0
1608796800 0 0 0 0
1608789600 0 0 0 0
1608782400 0 0 0 0
1608775200 0 0 0 0
1608768000 0 0 0 0
1608760800 0 0 0 0
1608753600 0 0 0 0
1608746400 0 0 0 0
1608739200 0 0 0 0
1608732000 0 0 0 0
1608724800 0 0 0 0
1608717600 0 0 0 0
1608710400 0 0 0 0
1608703200 0 0 0 0
1608696000 0 0 0 0
1608688800 0 0 0 0
1608681600 0 0 0 0
1608674400 0 0 0 0
1608667200 0 0 0 0
1608660000 0 0 0 0
1608652800 0 0 0 0
1608645600 0 0 0 0
1608638400 0 0 0 0
1608631200 0 0 0 0
1608624000 0 0 0 0
1608616800 0 0 0 0
1608609600 0 0 0 0
1608602400 0 0 0 0
1608595200 0 0 0 0
1608588000 0 0 0 0
1608580800 0 0 0 0
1608573600 0 0 0 0
1608566400 0 0 0 0
1608559200 0 0 0 0
1608552000 0 0 0 0
1608544800 0 0 0 0
1608537600 0 0 0 0
1608530400 0 0 0 0
1608523200 0 0 0 0
1608516000 0 0 0 0
1608508800 0 0 0 0
1608501600 0 0 0 0
1608494400 0 0 0 0
1608487200 0 0 0 0
1608480000 0 0 0 0
1608472800 0 0 0 0
1608465600 0 0 0 0
1608458400 0 0 0 0
1608451200 0 0 0 0
1608444000 0 0 0 0
1608436800 0 0 0 0
1608429600 0 0 0 0
1608422400 0 0 0 0
1608415200 0 0 0 0
1608408000 0 0 0 0
1608400800 0 0 0 0
1608393600 0 0 0 0
1608386400 0 0 0 0
1608379200 0 0 0 0
1608372000 0 0 0 0
1608364800 0 0 0 0
1608357600 0 0 0 0
1608350400 0 0 0 0
1608343200 0 0 0 0
1608336000 0 0 0 0
1608328800 0 0 0 0
1608321600 0 0 0 0
1608314400 0 0 0 0
1608307200 0 0 0 0
1608300000 0 0 0 0
1608292800 0 0 0 0
1608285600 0 0 0 0
1608278400 0 0 0 0
1608271200 0 0 0 0
1608264000 0 0 0 0
1608256800 0 0 0 0
1608249600 0 0 0 0
1608242400 0 0 0 0
1608235200 0 0 0 0
1608228000 0 0 0 0
1608220800 0 0 0 0
1608213600 0 0 0 0
1608206400 0 0 0 0
1608199200 0 0 0 0
1608192000 0 0 0 0
1608184800 0 0 0 0
1608177600 0 0 0 0
1608170400 0 0 0 0
1608163200 0 0 0 0
1608156000 0 0 0 0
1608148800 0 0 0 0
1608141600 0 0 0 0
1608134400 0 0 0 0
1608127200 0 0 0 0
1608120000 0 0 0 0
1608112800 0 0 0 0
1608105600 0 0 0 0
1608098400 0 0 0 0
1608091200 0 0 0 0
1608084000 0 0 0 0
1608076800 0 0 0 0
1608069600 0 0 0 0
1608062400 0 0 0 0
1608055200 0 0 0 0
1608048000 0 0 0 0
1608040800 0 0 0 0
1608033600 0 0 0 0
1608026400 0 0 0 0
1608019200 0 0 0 0
1608012000 0 0 0 0
1608004800 0 0 0 0
1607997600 0 0 0 0
1607990400 0 0 0 0
1607983200 0 0 0 0
1607976000 0 0 0 0
1607968800 0 0 0 0
1607961600 0 0 0 0
1607954400 0 0 0 0
1607947200 0 0 0 0
1607940000 0 0 0 0
1607932800 0 0 0 0
1607925600 0 0 0 0
1607918400 0 0 0 0
1607911200 0 0 0 0
1607904000 0 0 0 0
1607896800 0 0 0 0
1607889600 0 0 0 0
1607882400 0 0 0 0
1607875200 0 0 0 0
1607868000 0 0 0 0
1607860800 0 0 0 0
1607853600 0 0 0 0
1607846400 0 0 0 0
1607839200 0 0 0 0
1607832000 0 0 0 0
1607824800 0 0 0 0
1607817600 0 0 0 0
1607810400 0 0 0 0
1607803200 0 0 0 0
1607796000 0 0 0 0
1607788800 0 0 0 0
1607781600 0 0 0 0
1607774400 0 0 0 0
1607767200 0 0 0 0
1607760000 0 0 0 0
1607752800 0 0 0 0
1607745600 0 0 0 0
1607738400 0 0 0 0
1607731200 0 0 0 0
1607724000 0 0 0 0
1607716800 0 0 0 0
1607709600 0 0 0 0
1607702400 0 0 0 0
1607695200 0 0 0 0
1607688000 0 0 0 0
1607680800 0 0 0 0
1607673600 0 0 0 0
1607666400 0 0 0 0
1607659200 0 0 0 0
1607652000 0 0 0 0
1607644800 0 0 0 0
1607637600 0 0 0 0
1607630400 0 0 0 0
1607623200 0 0 0 0
1607616000 0 0 0 0
1607608800 0 0 0 0
1607601600 0 0 0 0
1607594400 0 0 0 0
1607587200 0 0 0 0
1607580000 0 0 0 0
1607572800 0 0 0 0
1607565600 0 0 0 0
1607558400 0 0 0 0
1607551200 0 0 0 0
1607544000 0 0 0 0
1607536800 0 0 0 0
1607529600 0 0 0 0
1607522400 0 0 0 0
1607515200 0 0 0 0
1607508000 0 0 0 0
1607500800 0 0 0 0
1607493600 0 0 0 0
1607486400 0 0 0 0
1607479200 0 0 0 0
1607472000 0 0 0 0
1607464800 0 0 0 0
1607457600 0 0 0 0
1607450400 0 0 0 0
1607443200 0 0 0 0
1607436000 0 0 0 0
1607428800 0 0 0 0
1607421600 0 0 0 0
1607414400 0 0 0 0
1607407200 0 0 0 0
1607400000 0 0 0 0
1607392800 0 0 0 0
1607385600 0 0 0 0
1607378400 0 0 0 0
1607371200 0 0 0 0
1607364000 0 0 0 0
1607356800 0 0 0 0
1607349600 0 0 0 0
1607342400 0 0 0 0
1607335200 0 0 0 0
1607328000 0 0 0 0
1607320800 0 0 0 0
1607313600 0 0 0 0
1607306400 0 0 0 0
1607299200 0 0 0 0
1607292000 0 0 0 0
1607284800 0 0 0 0
1607277600 0 0 0 0
1607270400 0 0 0 0
1607263200 0 0 0 0
1607256000 0 0 0 0
1607248800 0 0 0 0
1607241600 0 0 0 0
1607234400 0 0 0 0
1607227200 0 0 0 0
1607220000 0 0 0 0
1607212800 0 0 0 0
1607205600 0 0 0 0
1607198400 0 0 0 0
1607191200 0 0 0 0
1607184000 0 0 0 0
1607176800 0 0 0 0
1607169600 0 0 0 0
1607162400 0 0 0 0
1607155200 0 0 0 0
1607148000 0 0 0 0
1607140800 0 0 0 0
1607133600 0 0 0 0
1607126400 0 0 0 0
1607119200 0 0 0 0
1607112000 0 0 0 0
1607104800 0 0 0 0
1607097600 0 0 0 0
1607090400 0 0 0 0
1607083200 0 0 0 0
1607076000 0 0 0 0
1607068800 0 0 0 0
1607061600 0 0 0 0
1607054400 0 0 0 0
1607047200 0 0 0 0
1607040000 0 0 0 0
1607032800 0 0 0 0
1607025600 0 0 0 0
1607018400 0 0 0 0
1607011200 0 0 0 0
1607004000 0 0 0 0
1606996800 0 0 0 0
1606989600 0 0 0 0
1606982400 0 0 0 0
1606975200 0 0 0 0
1606968000 0 0 0 0
1606960800 0 0 0 0
1606953600 0 0 0 0
1606946400 0 0 0 0
1606939200 0 0 0 0
1606932000 0 0 0 0
1606924800 0 0 0 0
1606917600 0 0 0 0
1606910400 0 0 0 0
1606903200 0 0 0 0
1606896000 0 0 0 0
1606888800 0 0 0 0
1606881600 0 0 0 0
1606874400 0 0 0 0
1606867200 0 0 0 0
1606860000 0 0 0 0
1606852800 0 0 0 0
1606845600 0 0 0 0
1606838400 0 0 0 0
1606831200 0 0 0 0
1606824000 0 0 0 0
1606816800 0 0 0 0
1606809600 0 0 0 0
1606802400 0 0 0 0
1606795200 0 0 0 0
1606788000 0 0 0 0
1606780800 0 0 0 0
1606773600 0 0 0 0
1606766400 0 0 0 0
1606759200 0 0 0 0
1606752000 0 0 0 0
1606744800 0 0 0 0
1606737600 0 0 0 0
1606730400 0 0 0 0
1606723200 0 0 0 0
1606716000 0 0 0 0
1606708800 0 0 0 0
1606701600 0 0 0 0
1606694400 0 0 0 0
1606687200 0 0 0 0
1606680000 0 0 0 0
1606672800 0 0 0 0
1606665600 0 0 0 0
1606658400 0 0 0 0
1606651200 0 0 0 0
1606644000 0 0 0 0
1606636800 0 0 0 0
1606629600 0 0 0 0
1606622400 0 0 0 0
1606615200 0 0 0 0
1606608000 0 0 0 0
1606600800 0 0 0 0
1606593600 0 0 0 0
1606586400 0 0 0 0
1606579200 0 0 0 0
1606572000 0 0 0 0
1606564800 0 0 0 0
1606557600 0 0 0 0
1606550400 0 0 0 0
1606543200 0 0 0 0
1606536000 0 0 0 0
1606528800 0 0 0 0
1606521600 0 0 0 0
1606514400 0 0 0 0
1606507200 0 0 0 0
1606500000 0 0 0 0
1606492800 0 0 0 0
1606485600 0 0 0 0
1606478400 0 0 0 0
1606471200 0 0 0 0
1606464000 0 0 0 0
1606456800 0 0 0 0
1606449600 0 0 0 0
1606442400 0 0 0 0
1606435200 0 0 0 0
1606428000 0 0 0 0
1606420800 0 0 0 0
1606413600 0 0 0 0
1606406400 0 0 0 0
1606399200 0 0 0 0
1606392000 0 0 0 0
1606384800 0 0 0 0
1606377600 0 0 0 0
1606370400 0 0 0 0
1606363200 0 0 0 0
1606356000 0 0 0 0
1606348800 0 0 0 0
1606341600 0 0 0 0
1606334400 0 0 0 0
1606327200 0 0 0 0
1606320000 0 0 0 0
1606312800 0 0 0 0
1606305600 0 0 0 0
1606298400 0 0 0 0
1606291200 0 0 0 0
1606284000 0 0 0 0
1606276800 0 0 0 0
1606269600 0 0 0 0
1606262400 0 0 0 0
1606255200 0 0 0 0
1606248000 0 0 0 0
1606240800 0 0 0 0
1606233600 0 0 0 0
1606226400 0 0 0 0
1606219200 0 0 0 0
1606212000 0 0 0 0
1606204800 0 0 0 0
1606197600 0 0 0 0
1606190400 0 0 0 0
1606183200 0 0 0 0
1606176000 0 0 0 0
1606168800 0 0 0 0
1606161600 0 0 0 0
1606154400 0 0 0 0
1606147200 0 0 0 0
1606140000 0 0 0 0
1606132800 0 0 0 0
1606125600 0 0 0 0
1606118400 0 0 0 0
1606111200 0 0 0 0
1606104000 0 0 0 0
1606096800 0 0 0 0
1606089600 0 0 0 0
1606082400 0 0 0 0
1606075200 0 0 0 0
1606068000 0 0 0 0
1606060800 0 0 0 0
1606053600 0 0 0 0
1606046400 0 0 0 0
1606039200 0 0 0 0
1606032000 0 0 0 0
1606024800 0 0 0 0
1606017600 0 0 0 0
1606010400 0 0 0 0
1606003200 0 0 0 0
1605996000 0 0 0 0
1605988800 0 0 0 0
1605981600 0 0 0 0
1605974400 0 0 0 0
1605967200 0 0 0 0
1605960000 0 0 0 0
1605952800 0 0 0 0
1605945600 0 0 0 0
1605938400 0 0 0 0
1605931200 0 0 0 0
1605924000 0 0 0 0
1605916800 0 0 0 0
1605909600 0 0 0 0
1605902400 0 0 0 0
1605895200 0 0 0 0
1605888000 0 0 0 0
1605880800 0 0 0 0
1605873600 0 0 0 0
1605866400 0 0 0 0
1605859200 0 0 0 0
1605852000 0 0 0 0
1605844800 0 0 0 0
1605837600 0 0 0 0
1605830400 0 0 0 0
1605823200 0 0 0 0
1605816000 0 0 0 0
1605808800 0 0 0 0
1605801600 0 0 0 0
1605794400 0 0 0 0
1605787200 0 0 0 0
1605780000 0 0 0 0
1605772800 0 0 0 0
1605765600 0 0 0 0
1605758400 0 0 0 0
1605751200 0 0 0 0
1605744000 0 0 0 0
1605736800 0 0 0 0
1605729600 0 0 0 0
1605722400 0 0 0 0
1605715200 0 0 0 0
1605708000 0 0 0 0
1605700800 0 0 0 0
1605693600 0 0 0 0
1605686400 0 0 0 0
1605679200 0 0 0 0
1605672000 0 0 0 0
1605664800 0 0 0 0
1605657600 0 0 0 0
1605650400 0 0 0 0
1605643200 0 0 0 0
1605636000 0 0 0 0
1605628800 0 0 0 0
1605621600 0 0 0 0
1605614400 0 0 0 0
1605607200 0 0 0 0
1605571200 0 0 0 0
1605484800 0 0 0 0
1605398400 0 0 0 0
1605312000 0 0 0 0
1605225600 0 0 0 0
1605139200 0 0 0 0
1605052800 0 0 0 0
1604966400 0 0 0 0
1604880000 0 0 0 0
1604793600 0 0 0 0
1604707200 0 0 0 0
1604620800 0 0 0 0
1604534400 0 0 0 0
1604448000 0 0 0 0
1604361600 0 0 0 0
1604275200 0 0 0 0
1604188800 0 0 0 0
1604102400 0 0 0 0
1604016000 0 0 0 0
1603929600 0 0 0 0
1603843200 0 0 0 0
1603756800 0 0 0 0
1603670400 0 0 0 0
1603584000 0 0 0 0
1603497600 0 0 0 0
1603411200 0 0 0 0
1603324800 0 0 0 0
1603238400 0 0 0 0
1603152000 0 0 0 0
1603065600 0 0 0 0
1602979200 0 0 0 0
1602892800 0 0 0 0
1602806400 0 0 0 0
1602720000 0 0 0 0
1602633600 0 0 0 0
1602547200 0 0 0 0
1602460800 0 0 0 0
1602374400 0 0 0 0
1602288000 0 0 0 0
1602201600 0 0 0 0
1602115200 0 0 0 0
1602028800 0 0 0 0
1601942400 0 0 0 0
1601856000 0 0 0 0
1601769600 0 0 0 0
1601683200 0 0 0 0
1601596800 0 0 0 0
1601510400 0 0 0 0
1601424000 0 0 0 0
1601337600 0 0 0 0
1601251200 0 0 0 0
1601164800 0 0 0 0
1601078400 0 0 0 0
1600992000 0 0 0 0
1600905600 0 0 0 0
1600819200 0 0 0 0
1600732800 0 0 0 0
1600646400 0 0 0 0
1600560000 0 0 0 0
1600473600 0 0 0 0
1600387200 0 0 0 0
1600300800 0 0 0 0
1600214400 0 0 0 0
1600128000 0 0 0 0
1600041600 0 0 0 0
1599955200 0 0 0 0
1599868800 0 0 0 0
1599782400 0 0 0 0
1599696000 0 0 0 0
1599609600 0 0 0 0
1599523200 0 0 0 0
1599436800 0 0 0 0
1599350400 0 0 0 0
1599264000 0 0 0 0
1599177600 0 0 0 0
1599091200 0 0 0 0
1599004800 0 0 0 0
1598918400 0 0 0 0
1598832000 0 0 0 0
1598745600 0 0 0 0
1598659200 0 0 0 0
1598572800 0 0 0 0
1598486400 0 0 0 0
1598400000 0 0 0 0
1598313600 0 0 0 0
1598227200 0 0 0 0
1598140800 0 0 0 0
1598054400 0 0 0 0
1597968000 0 0 0 0
1597881600 0 0 0 0
1597795200 0 0 0 0
1597708800 0 0 0 0
1597622400 0 0 0 0
1597536000 0 0 0 0
1597449600 0 0 0 0
1597363200 0 0 0 0
1597276800 0 0 0 0
1597190400 0 0 0 0
1597104000 0 0 0 0
1597017600 0 0 0 0
1596931200 0 0 0 0
1596844800 0 0 0 0
1596758400 0 0 0 0
1596672000 0 0 0 0
1596585600 0 0 0 0
1596499200 0 0 0 0
1596412800 0 0 0 0
1596326400 0 0 0 0
1596240000 0 0 0 0
1596153600 0 0 0 0
1596067200 0 0 0 0
1595980800 0 0 0 0
1595894400 0 0 0 0
1595808000 0 0 0 0
1595721600 0 0 0 0
1595635200 0 0 0 0
1595548800 0 0 0 0
1595462400 0 0 0 0
1595376000 0 0 0 0
1595289600 0 0 0 0
1595203200 0 0 0 0
1595116800 0 0 0 0
1595030400 0 0 0 0
1594944000 0 0 0 0
1594857600 0 0 0 0
1594771200 0 0 0 0
1594684800 0 0 0 0
1594598400 0 0 0 0
1594512000 0 0 0 0
1594425600 0 0 0 0
1594339200 0 0 0 0
1594252800 0 0 0 0
1594166400 0 0 0 0
1594080000 0 0 0 0
1593993600 0 0 0 0
1593907200 0 0 0 0
1593820800 0 0 0 0
1593734400 0 0 0 0
1593648000 0 0 0 0
1593561600 0 0 0 0
1593475200 0 0 0 0
1593388800 0 0 0 0
1593302400 0 0 0 0
1593216000 0 0 0 0
1593129600 0 0 0 0
1593043200 0 0 0 0
1592956800 0 0 0 0
1592870400 0 0 0 0
1592784000 0 0 0 0
1592697600 0 0 0 0
1592611200 0 0 0 0
1592524800 0 0 0 0
1592438400 0 0 0 0
1592352000 0 0 0 0
1592265600 0 0 0 0
1592179200 0 0 0 0
1592092800 0 0 0 0
1592006400 0 0 0 0
1591920000 0 0 0 0
1591833600 0 0 0 0
1591747200 0 0 0 0
1591660800 0 0 0 0
1591574400 0 0 0 0
1591488000 0 0 0 0
1591401600 0 0 0 0
1591315200 0 0 0 0
1591228800 0 0 0 0
1591142400 0 0 0 0
1591056000 0 0 0 0
1590969600 0 0 0 0
1590883200 0 0 0 0
1590796800 0 0 0 0
1590710400 0 0 0 0
1590624000 0 0 0 0
1590537600 0 0 0 0
1590451200 0 0 0 0
1590364800 0 0 0 0
1590278400 0 0 0 0
1590192000 0 0 0 0
1590105600 0 0 0 0
1590019200 0 0 0 0
1589932800 0 0 0 0
1589846400 0 0 0 0
1589760000 0 0 0 0
1589673600 0 0 0 0
1589587200 0 0 0 0
1589500800 0 0 0 0
1589414400 0 0 0 0
1589328000 0 0 0 0
1589241600 0 0 0 0
1589155200 0 0 0 0
1589068800 0 0 0 0
1588982400 0 0 0 0
1588896000 0 0 0 0
1588809600 0 0 0 0
1588723200 0 0 0 0
1588636800 0 0 0 0
1588550400 0 0 0 0
1588464000 0 0 0 0
1588377600 0 0 0 0
1588291200 0 0 0 0
1588204800 0 0 0 0
1588118400 0 0 0 0
1588032000 0 0 0 0
1587945600 0 0 0 0
1587859200 0 0 0 0
1587772800 0 0 0 0
1587686400 0 0 0 0
1587600000 0 0 0 0
1587513600 0 0 0 0
1587427200 0 0 0 0
1587340800 0 0 0 0
1587254400 0 0 0 0
1587168000 0 0 0 0
1587081600 0 0 0 0
1586995200 0 0 0 0
1586908800 0 0 0 0
1586822400 0 0 0 0
1586736000 0 0 0 0
1586649600 0 0 0 0
1586563200 0 0 0 0
1586476800 0 0 0 0
1586390400 0 0 0 0
1586304000 0 0 0 0
1586217600 0 0 0 0
1586131200 0 0 0 0
1586044800 0 0 0 0
1585958400 0 0 0 0
1585872000 0 0 0 0
1585785600 0 0 0 0
1585699200 0 0 0 0
1585612800 0 0 0 0
1585526400 0 0 0 0
1585440000 0 0 0 0
1585353600 0 0 0 0
1585267200 0 0 0 0
1585180800 0 0 0 0
1585094400 0 0 0 0
1585008000 0 0 0 0
1584921600 0 0 0 0
1584835200 0 0 0 0
1584748800 0 0 0 0
1584662400 0 0 0 0
1584576000 0 0 0 0
1584489600 0 0 0 0
1584403200 0 0 0 0
1584316800 0 0 0 0
1584230400 0 0 0 0
1584144000 0 0 0 0
1584057600 0 0 0 0
1583971200 0 0 0 0
1583884800 0 0 0 0
1583798400 0 0 0 0
1583712000 0 0 0 0
1583625600 0 0 0 0
1583539200 0 0 0 0
1583452800 0 0 0 0
1583366400 0 0 0 0
1583280000 0 0 0 0
1583193600 0 0 0 0
1583107200 0 0 0 0
1583020800 0 0 0 0
1582934400 0 0 0 0
1582848000 0 0 0 0
1582761600 0 0 0 0
1582675200 0 0 0 0
1582588800 0 0 0 0
1582502400 0 0 0 0
1582416000 0 0 0 0
1582329600 0 0 0 0
1582243200 0 0 0 0
1582156800 0 0 0 0
1582070400 0 0 0 0
1581984000 0 0 0 0
1581897600 0 0 0 0
1581811200 0 0 0 0
1581724800 0 0 0 0
1581638400 0 0 0 0
1581552000 0 0 0 0
1581465600 0 0 0 0
1581379200 0 0 0 0
1581292800 0 0 0 0
1581206400 0 0 0 0
1581120000 0 0 0 0
1581033600 0 0 0 0
1580947200 0 0 0 0
1580860800 0 0 0 0
1580774400 0 0 0 0
1580688000 0 0 0 0
1580601600 0 0 0 0
1580515200 0 0 0 0
1580428800 0 0 0 0
1580342400 0 0 0 0
1580256000 0 0 0 0
1580169600 0 0 0 0
1580083200 0 0 0 0
1579996800 0 0 0 0
1579910400 0 0 0 0
1579824000 0 0 0 0
1579737600 0 0 0 0
1579651200 0 0 0 0
1579564800 0 0 0 0
1579478400 0 0 0 0
1579392000 0 0 0 0
1579305600 0 0 0 0
1579219200 0 0 0 0
1579132800 0 0 0 0
1579046400 0 0 0 0
1578960000 0 0 0 0
1578873600 0 0 0 0
1578787200 0 0 0 0
1578700800 0 0 0 0
1578614400 0 0 0 0
1578528000 0 0 0 0
1578441600 0 0 0 0
1578355200 0 0 0 0
1578268800 0 0 0 0
1578182400 0 0 0 0
1578096000 0 0 0 0
1578009600 0 0 0 0
1577923200 0 0 0 0
1577836800 0 0 0 0
1577750400 0 0 0 0
1577664000 0 0 0 0
1577577600 0 0 0 0
1577491200 0 0 0 0
1577404800 0 0 0 0
1577318400 0 0 0 0
1577232000 0 0 0 0
1577145600 0 0 0 0
1577059200 0 0 0 0
1576972800 0 0 0 0
1576886400 0 0 0 0
1576800000 0 0 0 0
1576713600 0 0 0 0
1576627200 0 0 0 0
1576540800 0 0 0 0
1576454400 0 0 0 0
1576368000 0 0 0 0
1576281600 0 0 0 0
1576195200 0 0 0 0
1576108800 0 0 0 0
1576022400 0 0 0 0
1575936000 0 0 0 0
1575849600 0 0 0 0
1575763200 0 0 0 0
1575676800 0 0 0 0
1575590400 0 0 0 0
1575504000 0 0 0 0
1575417600 0 0 0 0
1575331200 0 0 0 0
1575244800 0 0 0 0
1575158400 0 0 0 0
1575072000 0 0 0 0
1574985600 0 0 0 0
1574899200 0 0 0 0
1574812800 0 0 0 0
1574726400 0 0 0 0
1574640000 0 0 0 0
1574553600 0 0 0 0
1574467200 0 0 0 0
1574380800 0 0 0 0
1574294400 0 0 0 0
1574208000 0 0 0 0
1574121600 0 0 0 0
1574035200 0 0 0 0
1573948800 0 0 0 0
1573862400 0 0 0 0
1573776000 0 0 0 0
1573689600 0 0 0 0
1573603200 0 0 0 0
1573516800 0 0 0 0
1573430400 0 0 0 0
1573344000 0 0 0 0
1573257600 0 0 0 0
1573171200 0 0 0 0
1573084800 0 0 0 0
1572998400 0 0 0 0
1572912000 0 0 0 0
1572825600 0 0 0 0
1572739200 0 0 0 0
1572652800 0 0 0 0
1572566400 0 0 0 0
1572480000 0 0 0 0
1572393600 0 0 0 0
1572307200 0 0 0 0
1572220800 0 0 0 0
1572134400 0 0 0 0
1572048000 0 0 0 0
1571961600 0 0 0 0
1571875200 0 0 0 0
1571788800 0 0 0 0
1571702400 0 0 0 0
1571616000 0 0 0 0
1571529600 0 0 0 0
1571443200 0 0 0 0
1571356800 0 0 0 0
1571270400 0 0 0 0
1571184000 0 0 0 0
1571097600 0 0 0 0
1571011200 0 0 0 0
1570924800 0 0 0 0
1570838400 0 0 0 0
1570752000 0 0 0 0
1570665600 0 0 0 0
1570579200 0 0 0 0
1570492800 0 0 0 0
1570406400 0 0 0 0
1570320000 0 0 0 0
1570233600 0 0 0 0
1570147200 0 0 0 0
1570060800 0 0 0 0
1569974400 0 0 0 0
1569888000 0 0 0 0
1569801600 0 0 0 0
1569715200 0 0 0 0
1569628800 0 0 0 0
1569542400 0 0 0 0
1569456000 0 0 0 0
1569369600 0 0 0 0
1569283200 0 0 0 0
1569196800 0 0 0 0
1569110400 0 0 0 0
1569024000 0 0 0 0
1568937600 0 0 0 0
1568851200 0 0 0 0
1568764800 0 0 0 0
1568678400 0 0 0 0
1568592000 0 0 0 0
1568505600 0 0 0 0
1568419200 0 0 0 0
1568332800 0 0 0 0
1568246400 0 0 0 0
1568160000 0 0 0 0
1568073600 0 0 0 0
1567987200 0 0 0 0
1567900800 0 0 0 0
1567814400 0 0 0 0
1567728000 0 0 0 0
1567641600 0 0 0 0
1567555200 0 0 0 0
1567468800 0 0 0 0
1567382400 0 0 0 0
1567296000 0 0 0 0
1567209600 0 0 0 0
1567123200 0 0 0 0
1567036800 0 0 0 0
1566950400 0 0 0 0
1566864000 0 0 0 0
1566777600 0 0 0 0
1566691200 0 0 0 0
1566604800 0 0 0 0
1566518400 0 0 0 0
1566432000 0 0 0 0
1566345600 0 0 0 0
1566259200 0 0 0 0
1566172800 0 0 0 0
1566086400 0 0 0 0
1566000000 0 0 0 0
1565913600 0 0 0 0
1565827200 0 0 0 0
1565740800 0 0 0 0
1565654400 0 0 0 0
1565568000 0 0 0 0
1565481600 0 0 0 0
1565395200 0 0 0 0
1565308800 0 0 0 0
1565222400 0 0 0 0
1565136000 0 0 0 0
1565049600 0 0 0 0
1564963200 0 0 0 0
1564876800 0 0 0 0
1564790400 0 0 0 0
1564704000 0 0 0 0
1564617600 0 0 0 0
1564531200 0 0 0 0
1564444800 0 0 0 0
1564358400 0 0 0 0
1564272000 0 0 0 0
1564185600 0 0 0 0
1564099200 0 0 0 0
1564012800 0 0 0 0
1563926400 0 0 0 0
1563840000 0 0 0 0
1563753600 0 0 0 0
1563667200 0 0 0 0
1563580800 0 0 0 0
1563494400 0 0 0 0
1563408000 0 0 0 0
1563321600 0 0 0 0
1563235200 0 0 0 0
1563148800 0 0 0 0
1563062400 0 0 0 0
1562976000 0 0 0 0
1562889600 0 0 0 0
1562803200 0 0 0 0
1562716800 0 0 0 0
1562630400 0 0 0 0
1562544000 0 0 0 0
1562457600 0 0 0 0
1562371200 0 0 0 0
1562284800 0 0 0 0
1562198400 0 0 0 0
1562112000 0 0 0 0
1562025600 0 0 0 0
1561939200 0 0 0 0
1561852800 0 0 0 0
1561766400 0 0 0 0
1561680000 0 0 0 0
1561593600 0 0 0 0
1561507200 0 0 0 0
1561420800 0 0 0 0
1561334400 0 0 0 0
1561248000 0 0 0 0
1561161600 0 0 0 0
1561075200 0 0 0 0
1560988800 0 0 0 0
1560902400 0 0 0 0
1560816000 0 0 0 0
1560729600 0 0 0 0
1560643200 0 0 0 0
1560556800 0 0 0 0
1560470400 0 0 0 0
1560384000 0 0 0 0
1560297600 0 0 0 0
1560211200 0 0 0 0
1560124800 0 0 0 0
1560038400 0 0 0 0
1559952000 0 0 0 0
1559865600 0 0 0 0
1559779200 0 0 0 0
1559692800 0 0 0 0
1559606400 0 0 0 0
1559520000 0 0 0 0
1559433600 0 0 0 0
1559347200 0 0 0 0
1559260800 0 0 0 0
1559174400 0 0 0 0
1559088000 0 0 0 0
1559001600 0 0 0 0
1558915200 0 0 0 0
1558828800 0 0 0 0
1558742400 0 0 0 0
1558656000 0 0 0 0
1558569600 0 0 0 0
1558483200 0 0 0 0
1558396800 0 0 0 0
1558310400 0 0 0 0
1558224000 0 0 0 0
1558137600 0 0 0 0
1558051200 0 0 0 0
1557964800 0 0 0 0
1557878400 0 0 0 0
1557792000 0 0 0 0
1557705600 0 0 0 0
1557619200 0 0 0 0
1557532800 0 0 0 0
1557446400 0 0 0 0
1557360000 0 0 0 0
1557273600 0 0 0 0
1557187200 0 0 0 0
1557100800 0 0 0 0
1557014400 0 0 0 0
1556928000 0 0 0 0
1556841600 0 0 0 0
1556755200 0 0 0 0
1556668800 0 0 0 0
1556582400 0 0 0 0
1556496000 0 0 0 0
1556409600 0 0 0 0
1556323200 0 0 0 0
1556236800 0 0 0 0
1556150400 0 0 0 0
1556064000 0 0 0 0
1555977600 0 0 0 0
1555891200 0 0 0 0
1555804800 0 0 0 0
1555718400 0 0 0 0
1555632000 0 0 0 0
1555545600 0 0 0 0
1555459200 0 0 0 0
1555372800 0 0 0 0
1555286400 0 0 0 0
1555200000 0 0 0 0
1555113600 0 0 0 0
1555027200 0 0 0 0
1554940800 0 0 0 0
1554854400 0 0 0 0
1554768000 0 0 0 0
1554681600 0 0 0 0
1554595200 0 0 0 0
1554508800 0 0 0 0
1554422400 0 0 0 0
1554336000 0 0 0 0
1554249600 0 0 0 0
1554163200 0 0 0 0
1554076800 0 0 0 0
1553990400 0 0 0 0
1553904000 0 0 0 0
1553817600 0 0 0 0
1553731200 0 0 0 0
1553644800 0 0 0 0
1553558400 0 0 0 0
1553472000 0 0 0 0
1553385600 0 0 0 0
1553299200 0 0 0 0
1553212800 0 0 0 0
1553126400 0 0 0 0
1553040000 0 0 0 0
1552953600 0 0 0 0
1552867200 0 0 0 0
1552780800 0 0 0 0
1552694400 0 0 0 0
1552608000 0 0 0 0
1552521600 0 0 0 0
1552435200 0 0 0 0
1552348800 0 0 0 0
1552262400 0 0 0 0
1552176000 0 0 0 0
1552089600 0 0 0 0
1552003200 0 0 0 0
1551916800 0 0 0 0
1551830400 0 0 0 0
1551744000 0 0 0 0
1551657600 0 0 0 0
1551571200 0 0 0 0
1551484800 0 0 0 0
1551398400 0 0 0 0
1551312000 0 0 0 0
1551225600 0 0 0 0
1551139200 0 0 0 0
1551052800 0 0 0 0
1550966400 0 0 0 0
1550880000 0 0 0 0
1550793600 0 0 0 0
1550707200 0 0 0 0
1550620800 0 0 0 0
1550534400 0 0 0 0
1550448000 0 0 0 0
1550361600 0 0 0 0
1550275200 0 0 0 0
1550188800 0 0 0 0
1550102400 0 0 0 0
1550016000 0 0 0 0
1549929600 0 0 0 0
1549843200 0 0 0 0
1549756800 0 0 0 0
1549670400 0 0 0 0
1549584000 0 0 0 0
1549497600 0 0 0 0
1549411200 0 0 0 0
1549324800 0 0 0 0
1549238400 0 0 0 0
1549152000 0 0 0 0
1549065600 0 0 0 0
1548979200 0 0 0 0
1548892800 0 0 0 0
1548806400 0 0 0 0
1548720000 0 0 0 0
1548633600 0 0 0 0
1548547200 0 0 0 0
1548460800 0 0 0 0
1548374400 0 0 0 0
1548288000 0 0 0 0
1548201600 0 0 0 0
1548115200 0 0 0 0
1548028800 0 0 0 0
1547942400 0 0 0 0
1547856000 0 0 0 0
1547769600 0 0 0 0
1547683200 0 0 0 0
1547596800 0 0 0 0
1547510400 0 0 0 0
1547424000 0 0 0 0
1547337600 0 0 0 0
1547251200 0 0 0 0
1547164800 0 0 0 0
1547078400 0 0 0 0
1546992000 0 0 0 0
1546905600 0 0 0 0
1546819200 0 0 0 0
1546732800 0 0 0 0
1546646400 0 0 0 0
1546560000 0 0 0 0
1546473600 0 0 0 0
1546387200 0 0 0 0
1546300800 0 0 0 0
1546214400 0 0 0 0
1546128000 0 0 0 0
1546041600 0 0 0 0
1545955200 0 0 0 0
1545868800 0 0 0 0
1545782400 0 0 0 0
1545696000 0 0 0 0
1545609600 0 0 0 0
1545523200 0 0 0 0
1545436800 0 0 0 0
1545350400 0 0 0 0
1545264000 0 0 0 0
1545177600 0 0 0 0
1545091200 0 0 0 0
1545004800 0 0 0 0
1544918400 0 0 0 0
1544832000 0 0 0 0
1544745600 0 0 0 0
1544659200 0 0 0 0
1544572800 0 0 0 0
1544486400 0 0 0 0
1544400000 0 0 0 0
1544313600 0 0 0 0
1544227200 0 0 0 0
1544140800 0 0 0 0
1544054400 0 0 0 0
1543968000 0 0 0 0
1543881600 0 0 0 0
1543795200 0 0 0 0
1543708800 0 0 0 0
1543622400 0 0 0 0
1543536000 0 0 0 0
1543449600 0 0 0 0
1543363200 0 0 0 0
1543276800 0 0 0 0
1543190400 0 0 0 0
1543104000 0 0 0 0
1543017600 0 0 0 0
1542931200 0 0 0 0
1542844800 0 0 0 0
1542758400 0 0 0 0
1542672000 0 0 0 0
1542585600 0 0 0 0
1542499200 0 0 0 0
1542412800 0 0 0 0
